[2025-01-17T10:31:59.030+0000] {processor.py:186} INFO - Started process (PID=77) to work on /home/airflow/.local/lib/python3.12/site-packages/airflow/example_dags/example_branch_operator_decorator.py
[2025-01-17T10:31:59.032+0000] {processor.py:914} INFO - Processing file /home/airflow/.local/lib/python3.12/site-packages/airflow/example_dags/example_branch_operator_decorator.py for tasks to queue
[2025-01-17T10:31:59.037+0000] {logging_mixin.py:190} INFO - [2025-01-17T10:31:59.036+0000] {dagbag.py:588} INFO - Filling up the DagBag from /home/airflow/.local/lib/python3.12/site-packages/airflow/example_dags/example_branch_operator_decorator.py
[2025-01-17T10:31:59.076+0000] {processor.py:925} INFO - DAG(s) 'example_branch_python_operator_decorator' retrieved from /home/airflow/.local/lib/python3.12/site-packages/airflow/example_dags/example_branch_operator_decorator.py
[2025-01-17T10:31:59.301+0000] {logging_mixin.py:190} INFO - [2025-01-17T10:31:59.300+0000] {dag.py:3239} INFO - Sync 1 DAGs
[2025-01-17T10:31:59.342+0000] {logging_mixin.py:190} INFO - [2025-01-17T10:31:59.342+0000] {dag.py:4180} INFO - Setting next_dagrun for example_branch_python_operator_decorator to 2025-01-16 00:00:00+00:00, run_after=2025-01-17 00:00:00+00:00
[2025-01-17T10:31:59.388+0000] {processor.py:208} INFO - Processing /home/airflow/.local/lib/python3.12/site-packages/airflow/example_dags/example_branch_operator_decorator.py took 0.365 seconds
[2025-01-17T10:32:30.119+0000] {processor.py:186} INFO - Started process (PID=140) to work on /home/airflow/.local/lib/python3.12/site-packages/airflow/example_dags/example_branch_operator_decorator.py
[2025-01-17T10:32:30.121+0000] {processor.py:914} INFO - Processing file /home/airflow/.local/lib/python3.12/site-packages/airflow/example_dags/example_branch_operator_decorator.py for tasks to queue
[2025-01-17T10:32:30.126+0000] {logging_mixin.py:190} INFO - [2025-01-17T10:32:30.125+0000] {dagbag.py:588} INFO - Filling up the DagBag from /home/airflow/.local/lib/python3.12/site-packages/airflow/example_dags/example_branch_operator_decorator.py
[2025-01-17T10:32:30.163+0000] {processor.py:925} INFO - DAG(s) 'example_branch_python_operator_decorator' retrieved from /home/airflow/.local/lib/python3.12/site-packages/airflow/example_dags/example_branch_operator_decorator.py
[2025-01-17T10:32:30.211+0000] {logging_mixin.py:190} INFO - [2025-01-17T10:32:30.210+0000] {dag.py:3239} INFO - Sync 1 DAGs
[2025-01-17T10:32:30.251+0000] {logging_mixin.py:190} INFO - [2025-01-17T10:32:30.251+0000] {dag.py:4180} INFO - Setting next_dagrun for example_branch_python_operator_decorator to 2025-01-16 00:00:00+00:00, run_after=2025-01-17 00:00:00+00:00
[2025-01-17T10:32:30.299+0000] {processor.py:208} INFO - Processing /home/airflow/.local/lib/python3.12/site-packages/airflow/example_dags/example_branch_operator_decorator.py took 0.191 seconds
[2025-01-17T10:33:00.966+0000] {processor.py:186} INFO - Started process (PID=210) to work on /home/airflow/.local/lib/python3.12/site-packages/airflow/example_dags/example_branch_operator_decorator.py
[2025-01-17T10:33:00.968+0000] {processor.py:914} INFO - Processing file /home/airflow/.local/lib/python3.12/site-packages/airflow/example_dags/example_branch_operator_decorator.py for tasks to queue
[2025-01-17T10:33:00.971+0000] {logging_mixin.py:190} INFO - [2025-01-17T10:33:00.971+0000] {dagbag.py:588} INFO - Filling up the DagBag from /home/airflow/.local/lib/python3.12/site-packages/airflow/example_dags/example_branch_operator_decorator.py
[2025-01-17T10:33:01.064+0000] {processor.py:925} INFO - DAG(s) 'example_branch_python_operator_decorator' retrieved from /home/airflow/.local/lib/python3.12/site-packages/airflow/example_dags/example_branch_operator_decorator.py
[2025-01-17T10:33:01.140+0000] {logging_mixin.py:190} INFO - [2025-01-17T10:33:01.139+0000] {dag.py:3239} INFO - Sync 1 DAGs
[2025-01-17T10:33:01.180+0000] {logging_mixin.py:190} INFO - [2025-01-17T10:33:01.180+0000] {dag.py:4180} INFO - Setting next_dagrun for example_branch_python_operator_decorator to 2025-01-16 00:00:00+00:00, run_after=2025-01-17 00:00:00+00:00
[2025-01-17T10:33:01.216+0000] {processor.py:208} INFO - Processing /home/airflow/.local/lib/python3.12/site-packages/airflow/example_dags/example_branch_operator_decorator.py took 0.259 seconds
[2025-01-17T10:33:31.500+0000] {processor.py:186} INFO - Started process (PID=274) to work on /home/airflow/.local/lib/python3.12/site-packages/airflow/example_dags/example_branch_operator_decorator.py
[2025-01-17T10:33:31.502+0000] {processor.py:914} INFO - Processing file /home/airflow/.local/lib/python3.12/site-packages/airflow/example_dags/example_branch_operator_decorator.py for tasks to queue
[2025-01-17T10:33:31.507+0000] {logging_mixin.py:190} INFO - [2025-01-17T10:33:31.506+0000] {dagbag.py:588} INFO - Filling up the DagBag from /home/airflow/.local/lib/python3.12/site-packages/airflow/example_dags/example_branch_operator_decorator.py
[2025-01-17T10:33:31.539+0000] {processor.py:925} INFO - DAG(s) 'example_branch_python_operator_decorator' retrieved from /home/airflow/.local/lib/python3.12/site-packages/airflow/example_dags/example_branch_operator_decorator.py
[2025-01-17T10:33:31.583+0000] {logging_mixin.py:190} INFO - [2025-01-17T10:33:31.583+0000] {dag.py:3239} INFO - Sync 1 DAGs
[2025-01-17T10:33:31.618+0000] {logging_mixin.py:190} INFO - [2025-01-17T10:33:31.618+0000] {dag.py:4180} INFO - Setting next_dagrun for example_branch_python_operator_decorator to 2025-01-16 00:00:00+00:00, run_after=2025-01-17 00:00:00+00:00
[2025-01-17T10:33:31.649+0000] {processor.py:208} INFO - Processing /home/airflow/.local/lib/python3.12/site-packages/airflow/example_dags/example_branch_operator_decorator.py took 0.159 seconds
[2025-01-17T10:34:01.736+0000] {processor.py:186} INFO - Started process (PID=338) to work on /home/airflow/.local/lib/python3.12/site-packages/airflow/example_dags/example_branch_operator_decorator.py
[2025-01-17T10:34:01.738+0000] {processor.py:914} INFO - Processing file /home/airflow/.local/lib/python3.12/site-packages/airflow/example_dags/example_branch_operator_decorator.py for tasks to queue
[2025-01-17T10:34:01.743+0000] {logging_mixin.py:190} INFO - [2025-01-17T10:34:01.742+0000] {dagbag.py:588} INFO - Filling up the DagBag from /home/airflow/.local/lib/python3.12/site-packages/airflow/example_dags/example_branch_operator_decorator.py
[2025-01-17T10:34:01.774+0000] {processor.py:925} INFO - DAG(s) 'example_branch_python_operator_decorator' retrieved from /home/airflow/.local/lib/python3.12/site-packages/airflow/example_dags/example_branch_operator_decorator.py
[2025-01-17T10:34:01.817+0000] {logging_mixin.py:190} INFO - [2025-01-17T10:34:01.817+0000] {dag.py:3239} INFO - Sync 1 DAGs
[2025-01-17T10:34:01.856+0000] {logging_mixin.py:190} INFO - [2025-01-17T10:34:01.856+0000] {dag.py:4180} INFO - Setting next_dagrun for example_branch_python_operator_decorator to 2025-01-16 00:00:00+00:00, run_after=2025-01-17 00:00:00+00:00
[2025-01-17T10:34:01.893+0000] {processor.py:208} INFO - Processing /home/airflow/.local/lib/python3.12/site-packages/airflow/example_dags/example_branch_operator_decorator.py took 0.165 seconds
[2025-01-17T10:34:32.507+0000] {processor.py:186} INFO - Started process (PID=401) to work on /home/airflow/.local/lib/python3.12/site-packages/airflow/example_dags/example_branch_operator_decorator.py
[2025-01-17T10:34:32.509+0000] {processor.py:914} INFO - Processing file /home/airflow/.local/lib/python3.12/site-packages/airflow/example_dags/example_branch_operator_decorator.py for tasks to queue
[2025-01-17T10:34:32.511+0000] {logging_mixin.py:190} INFO - [2025-01-17T10:34:32.511+0000] {dagbag.py:588} INFO - Filling up the DagBag from /home/airflow/.local/lib/python3.12/site-packages/airflow/example_dags/example_branch_operator_decorator.py
[2025-01-17T10:34:32.551+0000] {processor.py:925} INFO - DAG(s) 'example_branch_python_operator_decorator' retrieved from /home/airflow/.local/lib/python3.12/site-packages/airflow/example_dags/example_branch_operator_decorator.py
[2025-01-17T10:34:32.600+0000] {logging_mixin.py:190} INFO - [2025-01-17T10:34:32.600+0000] {dag.py:3239} INFO - Sync 1 DAGs
[2025-01-17T10:34:32.647+0000] {logging_mixin.py:190} INFO - [2025-01-17T10:34:32.647+0000] {dag.py:4180} INFO - Setting next_dagrun for example_branch_python_operator_decorator to 2025-01-16 00:00:00+00:00, run_after=2025-01-17 00:00:00+00:00
[2025-01-17T10:34:32.699+0000] {processor.py:208} INFO - Processing /home/airflow/.local/lib/python3.12/site-packages/airflow/example_dags/example_branch_operator_decorator.py took 0.200 seconds
[2025-01-17T10:35:03.274+0000] {processor.py:186} INFO - Started process (PID=464) to work on /home/airflow/.local/lib/python3.12/site-packages/airflow/example_dags/example_branch_operator_decorator.py
[2025-01-17T10:35:03.276+0000] {processor.py:914} INFO - Processing file /home/airflow/.local/lib/python3.12/site-packages/airflow/example_dags/example_branch_operator_decorator.py for tasks to queue
[2025-01-17T10:35:03.279+0000] {logging_mixin.py:190} INFO - [2025-01-17T10:35:03.278+0000] {dagbag.py:588} INFO - Filling up the DagBag from /home/airflow/.local/lib/python3.12/site-packages/airflow/example_dags/example_branch_operator_decorator.py
[2025-01-17T10:35:03.311+0000] {processor.py:925} INFO - DAG(s) 'example_branch_python_operator_decorator' retrieved from /home/airflow/.local/lib/python3.12/site-packages/airflow/example_dags/example_branch_operator_decorator.py
[2025-01-17T10:35:03.358+0000] {logging_mixin.py:190} INFO - [2025-01-17T10:35:03.358+0000] {dag.py:3239} INFO - Sync 1 DAGs
[2025-01-17T10:35:03.404+0000] {logging_mixin.py:190} INFO - [2025-01-17T10:35:03.403+0000] {dag.py:4180} INFO - Setting next_dagrun for example_branch_python_operator_decorator to 2025-01-16 00:00:00+00:00, run_after=2025-01-17 00:00:00+00:00
[2025-01-17T10:35:03.445+0000] {processor.py:208} INFO - Processing /home/airflow/.local/lib/python3.12/site-packages/airflow/example_dags/example_branch_operator_decorator.py took 0.181 seconds
[2025-01-17T10:35:34.312+0000] {processor.py:186} INFO - Started process (PID=527) to work on /home/airflow/.local/lib/python3.12/site-packages/airflow/example_dags/example_branch_operator_decorator.py
[2025-01-17T10:35:34.314+0000] {processor.py:914} INFO - Processing file /home/airflow/.local/lib/python3.12/site-packages/airflow/example_dags/example_branch_operator_decorator.py for tasks to queue
[2025-01-17T10:35:34.316+0000] {logging_mixin.py:190} INFO - [2025-01-17T10:35:34.315+0000] {dagbag.py:588} INFO - Filling up the DagBag from /home/airflow/.local/lib/python3.12/site-packages/airflow/example_dags/example_branch_operator_decorator.py
[2025-01-17T10:35:34.347+0000] {processor.py:925} INFO - DAG(s) 'example_branch_python_operator_decorator' retrieved from /home/airflow/.local/lib/python3.12/site-packages/airflow/example_dags/example_branch_operator_decorator.py
[2025-01-17T10:35:34.391+0000] {logging_mixin.py:190} INFO - [2025-01-17T10:35:34.391+0000] {dag.py:3239} INFO - Sync 1 DAGs
[2025-01-17T10:35:34.434+0000] {logging_mixin.py:190} INFO - [2025-01-17T10:35:34.434+0000] {dag.py:4180} INFO - Setting next_dagrun for example_branch_python_operator_decorator to 2025-01-16 00:00:00+00:00, run_after=2025-01-17 00:00:00+00:00
[2025-01-17T10:35:34.465+0000] {processor.py:208} INFO - Processing /home/airflow/.local/lib/python3.12/site-packages/airflow/example_dags/example_branch_operator_decorator.py took 0.160 seconds
[2025-01-17T10:36:05.084+0000] {processor.py:186} INFO - Started process (PID=590) to work on /home/airflow/.local/lib/python3.12/site-packages/airflow/example_dags/example_branch_operator_decorator.py
[2025-01-17T10:36:05.086+0000] {processor.py:914} INFO - Processing file /home/airflow/.local/lib/python3.12/site-packages/airflow/example_dags/example_branch_operator_decorator.py for tasks to queue
[2025-01-17T10:36:05.088+0000] {logging_mixin.py:190} INFO - [2025-01-17T10:36:05.088+0000] {dagbag.py:588} INFO - Filling up the DagBag from /home/airflow/.local/lib/python3.12/site-packages/airflow/example_dags/example_branch_operator_decorator.py
[2025-01-17T10:36:05.119+0000] {processor.py:925} INFO - DAG(s) 'example_branch_python_operator_decorator' retrieved from /home/airflow/.local/lib/python3.12/site-packages/airflow/example_dags/example_branch_operator_decorator.py
[2025-01-17T10:36:05.166+0000] {logging_mixin.py:190} INFO - [2025-01-17T10:36:05.166+0000] {dag.py:3239} INFO - Sync 1 DAGs
[2025-01-17T10:36:05.217+0000] {logging_mixin.py:190} INFO - [2025-01-17T10:36:05.217+0000] {dag.py:4180} INFO - Setting next_dagrun for example_branch_python_operator_decorator to 2025-01-16 00:00:00+00:00, run_after=2025-01-17 00:00:00+00:00
[2025-01-17T10:36:05.248+0000] {processor.py:208} INFO - Processing /home/airflow/.local/lib/python3.12/site-packages/airflow/example_dags/example_branch_operator_decorator.py took 0.172 seconds
[2025-01-17T10:37:28.640+0000] {processor.py:186} INFO - Started process (PID=76) to work on /home/airflow/.local/lib/python3.12/site-packages/airflow/example_dags/example_branch_operator_decorator.py
[2025-01-17T10:37:28.642+0000] {processor.py:914} INFO - Processing file /home/airflow/.local/lib/python3.12/site-packages/airflow/example_dags/example_branch_operator_decorator.py for tasks to queue
[2025-01-17T10:37:28.647+0000] {logging_mixin.py:190} INFO - [2025-01-17T10:37:28.646+0000] {dagbag.py:588} INFO - Filling up the DagBag from /home/airflow/.local/lib/python3.12/site-packages/airflow/example_dags/example_branch_operator_decorator.py
[2025-01-17T10:37:28.689+0000] {processor.py:925} INFO - DAG(s) 'example_branch_python_operator_decorator' retrieved from /home/airflow/.local/lib/python3.12/site-packages/airflow/example_dags/example_branch_operator_decorator.py
[2025-01-17T10:37:28.896+0000] {logging_mixin.py:190} INFO - [2025-01-17T10:37:28.895+0000] {dag.py:3239} INFO - Sync 1 DAGs
[2025-01-17T10:37:28.936+0000] {logging_mixin.py:190} INFO - [2025-01-17T10:37:28.936+0000] {dag.py:4180} INFO - Setting next_dagrun for example_branch_python_operator_decorator to 2025-01-16 00:00:00+00:00, run_after=2025-01-17 00:00:00+00:00
[2025-01-17T10:37:28.974+0000] {processor.py:208} INFO - Processing /home/airflow/.local/lib/python3.12/site-packages/airflow/example_dags/example_branch_operator_decorator.py took 0.344 seconds
[2025-01-17T10:37:59.184+0000] {processor.py:186} INFO - Started process (PID=139) to work on /home/airflow/.local/lib/python3.12/site-packages/airflow/example_dags/example_branch_operator_decorator.py
[2025-01-17T10:37:59.186+0000] {processor.py:914} INFO - Processing file /home/airflow/.local/lib/python3.12/site-packages/airflow/example_dags/example_branch_operator_decorator.py for tasks to queue
[2025-01-17T10:37:59.190+0000] {logging_mixin.py:190} INFO - [2025-01-17T10:37:59.190+0000] {dagbag.py:588} INFO - Filling up the DagBag from /home/airflow/.local/lib/python3.12/site-packages/airflow/example_dags/example_branch_operator_decorator.py
[2025-01-17T10:37:59.230+0000] {processor.py:925} INFO - DAG(s) 'example_branch_python_operator_decorator' retrieved from /home/airflow/.local/lib/python3.12/site-packages/airflow/example_dags/example_branch_operator_decorator.py
[2025-01-17T10:37:59.284+0000] {logging_mixin.py:190} INFO - [2025-01-17T10:37:59.284+0000] {dag.py:3239} INFO - Sync 1 DAGs
[2025-01-17T10:37:59.332+0000] {logging_mixin.py:190} INFO - [2025-01-17T10:37:59.331+0000] {dag.py:4180} INFO - Setting next_dagrun for example_branch_python_operator_decorator to 2025-01-16 00:00:00+00:00, run_after=2025-01-17 00:00:00+00:00
[2025-01-17T10:37:59.379+0000] {processor.py:208} INFO - Processing /home/airflow/.local/lib/python3.12/site-packages/airflow/example_dags/example_branch_operator_decorator.py took 0.205 seconds
[2025-01-17T10:38:30.346+0000] {processor.py:186} INFO - Started process (PID=203) to work on /home/airflow/.local/lib/python3.12/site-packages/airflow/example_dags/example_branch_operator_decorator.py
[2025-01-17T10:38:30.349+0000] {processor.py:914} INFO - Processing file /home/airflow/.local/lib/python3.12/site-packages/airflow/example_dags/example_branch_operator_decorator.py for tasks to queue
[2025-01-17T10:38:30.354+0000] {logging_mixin.py:190} INFO - [2025-01-17T10:38:30.353+0000] {dagbag.py:588} INFO - Filling up the DagBag from /home/airflow/.local/lib/python3.12/site-packages/airflow/example_dags/example_branch_operator_decorator.py
[2025-01-17T10:38:30.394+0000] {processor.py:925} INFO - DAG(s) 'example_branch_python_operator_decorator' retrieved from /home/airflow/.local/lib/python3.12/site-packages/airflow/example_dags/example_branch_operator_decorator.py
[2025-01-17T10:38:30.461+0000] {logging_mixin.py:190} INFO - [2025-01-17T10:38:30.461+0000] {dag.py:3239} INFO - Sync 1 DAGs
[2025-01-17T10:38:30.534+0000] {logging_mixin.py:190} INFO - [2025-01-17T10:38:30.533+0000] {dag.py:4180} INFO - Setting next_dagrun for example_branch_python_operator_decorator to 2025-01-16 00:00:00+00:00, run_after=2025-01-17 00:00:00+00:00
[2025-01-17T10:38:30.604+0000] {processor.py:208} INFO - Processing /home/airflow/.local/lib/python3.12/site-packages/airflow/example_dags/example_branch_operator_decorator.py took 0.268 seconds
[2025-01-17T10:52:12.248+0000] {processor.py:186} INFO - Started process (PID=77) to work on /home/airflow/.local/lib/python3.12/site-packages/airflow/example_dags/example_branch_operator_decorator.py
[2025-01-17T10:52:12.249+0000] {processor.py:914} INFO - Processing file /home/airflow/.local/lib/python3.12/site-packages/airflow/example_dags/example_branch_operator_decorator.py for tasks to queue
[2025-01-17T10:52:12.252+0000] {logging_mixin.py:190} INFO - [2025-01-17T10:52:12.251+0000] {dagbag.py:588} INFO - Filling up the DagBag from /home/airflow/.local/lib/python3.12/site-packages/airflow/example_dags/example_branch_operator_decorator.py
[2025-01-17T10:52:12.279+0000] {processor.py:925} INFO - DAG(s) 'example_branch_python_operator_decorator' retrieved from /home/airflow/.local/lib/python3.12/site-packages/airflow/example_dags/example_branch_operator_decorator.py
[2025-01-17T10:52:12.426+0000] {logging_mixin.py:190} INFO - [2025-01-17T10:52:12.426+0000] {dag.py:3239} INFO - Sync 1 DAGs
[2025-01-17T10:52:12.454+0000] {logging_mixin.py:190} INFO - [2025-01-17T10:52:12.453+0000] {dag.py:4180} INFO - Setting next_dagrun for example_branch_python_operator_decorator to 2025-01-16 00:00:00+00:00, run_after=2025-01-17 00:00:00+00:00
[2025-01-17T10:52:12.485+0000] {processor.py:208} INFO - Processing /home/airflow/.local/lib/python3.12/site-packages/airflow/example_dags/example_branch_operator_decorator.py took 0.244 seconds
[2025-01-17T10:52:43.117+0000] {processor.py:186} INFO - Started process (PID=140) to work on /home/airflow/.local/lib/python3.12/site-packages/airflow/example_dags/example_branch_operator_decorator.py
[2025-01-17T10:52:43.118+0000] {processor.py:914} INFO - Processing file /home/airflow/.local/lib/python3.12/site-packages/airflow/example_dags/example_branch_operator_decorator.py for tasks to queue
[2025-01-17T10:52:43.121+0000] {logging_mixin.py:190} INFO - [2025-01-17T10:52:43.121+0000] {dagbag.py:588} INFO - Filling up the DagBag from /home/airflow/.local/lib/python3.12/site-packages/airflow/example_dags/example_branch_operator_decorator.py
[2025-01-17T10:52:43.144+0000] {processor.py:925} INFO - DAG(s) 'example_branch_python_operator_decorator' retrieved from /home/airflow/.local/lib/python3.12/site-packages/airflow/example_dags/example_branch_operator_decorator.py
[2025-01-17T10:52:43.176+0000] {logging_mixin.py:190} INFO - [2025-01-17T10:52:43.176+0000] {dag.py:3239} INFO - Sync 1 DAGs
[2025-01-17T10:52:43.202+0000] {logging_mixin.py:190} INFO - [2025-01-17T10:52:43.202+0000] {dag.py:4180} INFO - Setting next_dagrun for example_branch_python_operator_decorator to 2025-01-16 00:00:00+00:00, run_after=2025-01-17 00:00:00+00:00
[2025-01-17T10:52:43.229+0000] {processor.py:208} INFO - Processing /home/airflow/.local/lib/python3.12/site-packages/airflow/example_dags/example_branch_operator_decorator.py took 0.118 seconds
[2025-01-17T10:53:13.589+0000] {processor.py:186} INFO - Started process (PID=204) to work on /home/airflow/.local/lib/python3.12/site-packages/airflow/example_dags/example_branch_operator_decorator.py
[2025-01-17T10:53:13.590+0000] {processor.py:914} INFO - Processing file /home/airflow/.local/lib/python3.12/site-packages/airflow/example_dags/example_branch_operator_decorator.py for tasks to queue
[2025-01-17T10:53:13.593+0000] {logging_mixin.py:190} INFO - [2025-01-17T10:53:13.593+0000] {dagbag.py:588} INFO - Filling up the DagBag from /home/airflow/.local/lib/python3.12/site-packages/airflow/example_dags/example_branch_operator_decorator.py
[2025-01-17T10:53:13.619+0000] {processor.py:925} INFO - DAG(s) 'example_branch_python_operator_decorator' retrieved from /home/airflow/.local/lib/python3.12/site-packages/airflow/example_dags/example_branch_operator_decorator.py
[2025-01-17T10:53:13.659+0000] {logging_mixin.py:190} INFO - [2025-01-17T10:53:13.658+0000] {dag.py:3239} INFO - Sync 1 DAGs
[2025-01-17T10:53:13.687+0000] {logging_mixin.py:190} INFO - [2025-01-17T10:53:13.686+0000] {dag.py:4180} INFO - Setting next_dagrun for example_branch_python_operator_decorator to 2025-01-16 00:00:00+00:00, run_after=2025-01-17 00:00:00+00:00
[2025-01-17T10:53:13.719+0000] {processor.py:208} INFO - Processing /home/airflow/.local/lib/python3.12/site-packages/airflow/example_dags/example_branch_operator_decorator.py took 0.136 seconds
[2025-01-17T10:53:44.175+0000] {processor.py:186} INFO - Started process (PID=268) to work on /home/airflow/.local/lib/python3.12/site-packages/airflow/example_dags/example_branch_operator_decorator.py
[2025-01-17T10:53:44.176+0000] {processor.py:914} INFO - Processing file /home/airflow/.local/lib/python3.12/site-packages/airflow/example_dags/example_branch_operator_decorator.py for tasks to queue
[2025-01-17T10:53:44.178+0000] {logging_mixin.py:190} INFO - [2025-01-17T10:53:44.178+0000] {dagbag.py:588} INFO - Filling up the DagBag from /home/airflow/.local/lib/python3.12/site-packages/airflow/example_dags/example_branch_operator_decorator.py
[2025-01-17T10:53:44.198+0000] {processor.py:925} INFO - DAG(s) 'example_branch_python_operator_decorator' retrieved from /home/airflow/.local/lib/python3.12/site-packages/airflow/example_dags/example_branch_operator_decorator.py
[2025-01-17T10:53:44.230+0000] {logging_mixin.py:190} INFO - [2025-01-17T10:53:44.230+0000] {dag.py:3239} INFO - Sync 1 DAGs
[2025-01-17T10:53:44.259+0000] {logging_mixin.py:190} INFO - [2025-01-17T10:53:44.258+0000] {dag.py:4180} INFO - Setting next_dagrun for example_branch_python_operator_decorator to 2025-01-16 00:00:00+00:00, run_after=2025-01-17 00:00:00+00:00
[2025-01-17T10:53:44.290+0000] {processor.py:208} INFO - Processing /home/airflow/.local/lib/python3.12/site-packages/airflow/example_dags/example_branch_operator_decorator.py took 0.120 seconds
[2025-01-17T10:54:14.419+0000] {processor.py:186} INFO - Started process (PID=333) to work on /home/airflow/.local/lib/python3.12/site-packages/airflow/example_dags/example_branch_operator_decorator.py
[2025-01-17T10:54:14.421+0000] {processor.py:914} INFO - Processing file /home/airflow/.local/lib/python3.12/site-packages/airflow/example_dags/example_branch_operator_decorator.py for tasks to queue
[2025-01-17T10:54:14.425+0000] {logging_mixin.py:190} INFO - [2025-01-17T10:54:14.424+0000] {dagbag.py:588} INFO - Filling up the DagBag from /home/airflow/.local/lib/python3.12/site-packages/airflow/example_dags/example_branch_operator_decorator.py
[2025-01-17T10:54:14.447+0000] {processor.py:925} INFO - DAG(s) 'example_branch_python_operator_decorator' retrieved from /home/airflow/.local/lib/python3.12/site-packages/airflow/example_dags/example_branch_operator_decorator.py
[2025-01-17T10:54:14.479+0000] {logging_mixin.py:190} INFO - [2025-01-17T10:54:14.478+0000] {dag.py:3239} INFO - Sync 1 DAGs
[2025-01-17T10:54:14.507+0000] {logging_mixin.py:190} INFO - [2025-01-17T10:54:14.506+0000] {dag.py:4180} INFO - Setting next_dagrun for example_branch_python_operator_decorator to 2025-01-16 00:00:00+00:00, run_after=2025-01-17 00:00:00+00:00
[2025-01-17T10:54:14.533+0000] {processor.py:208} INFO - Processing /home/airflow/.local/lib/python3.12/site-packages/airflow/example_dags/example_branch_operator_decorator.py took 0.120 seconds
[2025-01-17T10:54:44.738+0000] {processor.py:186} INFO - Started process (PID=397) to work on /home/airflow/.local/lib/python3.12/site-packages/airflow/example_dags/example_branch_operator_decorator.py
[2025-01-17T10:54:44.740+0000] {processor.py:914} INFO - Processing file /home/airflow/.local/lib/python3.12/site-packages/airflow/example_dags/example_branch_operator_decorator.py for tasks to queue
[2025-01-17T10:54:44.743+0000] {logging_mixin.py:190} INFO - [2025-01-17T10:54:44.743+0000] {dagbag.py:588} INFO - Filling up the DagBag from /home/airflow/.local/lib/python3.12/site-packages/airflow/example_dags/example_branch_operator_decorator.py
[2025-01-17T10:54:44.762+0000] {processor.py:925} INFO - DAG(s) 'example_branch_python_operator_decorator' retrieved from /home/airflow/.local/lib/python3.12/site-packages/airflow/example_dags/example_branch_operator_decorator.py
[2025-01-17T10:54:44.796+0000] {logging_mixin.py:190} INFO - [2025-01-17T10:54:44.795+0000] {dag.py:3239} INFO - Sync 1 DAGs
[2025-01-17T10:54:44.821+0000] {logging_mixin.py:190} INFO - [2025-01-17T10:54:44.821+0000] {dag.py:4180} INFO - Setting next_dagrun for example_branch_python_operator_decorator to 2025-01-16 00:00:00+00:00, run_after=2025-01-17 00:00:00+00:00
[2025-01-17T10:54:44.844+0000] {processor.py:208} INFO - Processing /home/airflow/.local/lib/python3.12/site-packages/airflow/example_dags/example_branch_operator_decorator.py took 0.110 seconds
[2025-01-17T10:55:15.095+0000] {processor.py:186} INFO - Started process (PID=467) to work on /home/airflow/.local/lib/python3.12/site-packages/airflow/example_dags/example_branch_operator_decorator.py
[2025-01-17T10:55:15.098+0000] {processor.py:914} INFO - Processing file /home/airflow/.local/lib/python3.12/site-packages/airflow/example_dags/example_branch_operator_decorator.py for tasks to queue
[2025-01-17T10:55:15.104+0000] {logging_mixin.py:190} INFO - [2025-01-17T10:55:15.103+0000] {dagbag.py:588} INFO - Filling up the DagBag from /home/airflow/.local/lib/python3.12/site-packages/airflow/example_dags/example_branch_operator_decorator.py
[2025-01-17T10:55:15.127+0000] {processor.py:925} INFO - DAG(s) 'example_branch_python_operator_decorator' retrieved from /home/airflow/.local/lib/python3.12/site-packages/airflow/example_dags/example_branch_operator_decorator.py
[2025-01-17T10:55:15.157+0000] {logging_mixin.py:190} INFO - [2025-01-17T10:55:15.156+0000] {dag.py:3239} INFO - Sync 1 DAGs
[2025-01-17T10:55:15.183+0000] {logging_mixin.py:190} INFO - [2025-01-17T10:55:15.183+0000] {dag.py:4180} INFO - Setting next_dagrun for example_branch_python_operator_decorator to 2025-01-16 00:00:00+00:00, run_after=2025-01-17 00:00:00+00:00
[2025-01-17T10:55:15.215+0000] {processor.py:208} INFO - Processing /home/airflow/.local/lib/python3.12/site-packages/airflow/example_dags/example_branch_operator_decorator.py took 0.126 seconds
[2025-01-17T10:55:45.452+0000] {processor.py:186} INFO - Started process (PID=532) to work on /home/airflow/.local/lib/python3.12/site-packages/airflow/example_dags/example_branch_operator_decorator.py
[2025-01-17T10:55:45.453+0000] {processor.py:914} INFO - Processing file /home/airflow/.local/lib/python3.12/site-packages/airflow/example_dags/example_branch_operator_decorator.py for tasks to queue
[2025-01-17T10:55:45.456+0000] {logging_mixin.py:190} INFO - [2025-01-17T10:55:45.456+0000] {dagbag.py:588} INFO - Filling up the DagBag from /home/airflow/.local/lib/python3.12/site-packages/airflow/example_dags/example_branch_operator_decorator.py
[2025-01-17T10:55:45.477+0000] {processor.py:925} INFO - DAG(s) 'example_branch_python_operator_decorator' retrieved from /home/airflow/.local/lib/python3.12/site-packages/airflow/example_dags/example_branch_operator_decorator.py
[2025-01-17T10:55:45.507+0000] {logging_mixin.py:190} INFO - [2025-01-17T10:55:45.507+0000] {dag.py:3239} INFO - Sync 1 DAGs
[2025-01-17T10:55:45.532+0000] {logging_mixin.py:190} INFO - [2025-01-17T10:55:45.532+0000] {dag.py:4180} INFO - Setting next_dagrun for example_branch_python_operator_decorator to 2025-01-16 00:00:00+00:00, run_after=2025-01-17 00:00:00+00:00
[2025-01-17T10:55:45.564+0000] {processor.py:208} INFO - Processing /home/airflow/.local/lib/python3.12/site-packages/airflow/example_dags/example_branch_operator_decorator.py took 0.118 seconds
[2025-01-17T10:56:15.836+0000] {processor.py:186} INFO - Started process (PID=596) to work on /home/airflow/.local/lib/python3.12/site-packages/airflow/example_dags/example_branch_operator_decorator.py
[2025-01-17T10:56:15.838+0000] {processor.py:914} INFO - Processing file /home/airflow/.local/lib/python3.12/site-packages/airflow/example_dags/example_branch_operator_decorator.py for tasks to queue
[2025-01-17T10:56:15.841+0000] {logging_mixin.py:190} INFO - [2025-01-17T10:56:15.840+0000] {dagbag.py:588} INFO - Filling up the DagBag from /home/airflow/.local/lib/python3.12/site-packages/airflow/example_dags/example_branch_operator_decorator.py
[2025-01-17T10:56:15.870+0000] {processor.py:925} INFO - DAG(s) 'example_branch_python_operator_decorator' retrieved from /home/airflow/.local/lib/python3.12/site-packages/airflow/example_dags/example_branch_operator_decorator.py
[2025-01-17T10:56:15.900+0000] {logging_mixin.py:190} INFO - [2025-01-17T10:56:15.899+0000] {dag.py:3239} INFO - Sync 1 DAGs
[2025-01-17T10:56:15.925+0000] {logging_mixin.py:190} INFO - [2025-01-17T10:56:15.924+0000] {dag.py:4180} INFO - Setting next_dagrun for example_branch_python_operator_decorator to 2025-01-16 00:00:00+00:00, run_after=2025-01-17 00:00:00+00:00
[2025-01-17T10:56:15.949+0000] {processor.py:208} INFO - Processing /home/airflow/.local/lib/python3.12/site-packages/airflow/example_dags/example_branch_operator_decorator.py took 0.118 seconds
[2025-01-17T10:56:46.426+0000] {processor.py:186} INFO - Started process (PID=661) to work on /home/airflow/.local/lib/python3.12/site-packages/airflow/example_dags/example_branch_operator_decorator.py
[2025-01-17T10:56:46.428+0000] {processor.py:914} INFO - Processing file /home/airflow/.local/lib/python3.12/site-packages/airflow/example_dags/example_branch_operator_decorator.py for tasks to queue
[2025-01-17T10:56:46.430+0000] {logging_mixin.py:190} INFO - [2025-01-17T10:56:46.430+0000] {dagbag.py:588} INFO - Filling up the DagBag from /home/airflow/.local/lib/python3.12/site-packages/airflow/example_dags/example_branch_operator_decorator.py
[2025-01-17T10:56:46.452+0000] {processor.py:925} INFO - DAG(s) 'example_branch_python_operator_decorator' retrieved from /home/airflow/.local/lib/python3.12/site-packages/airflow/example_dags/example_branch_operator_decorator.py
[2025-01-17T10:56:46.482+0000] {logging_mixin.py:190} INFO - [2025-01-17T10:56:46.482+0000] {dag.py:3239} INFO - Sync 1 DAGs
[2025-01-17T10:56:46.506+0000] {logging_mixin.py:190} INFO - [2025-01-17T10:56:46.506+0000] {dag.py:4180} INFO - Setting next_dagrun for example_branch_python_operator_decorator to 2025-01-16 00:00:00+00:00, run_after=2025-01-17 00:00:00+00:00
[2025-01-17T10:56:46.541+0000] {processor.py:208} INFO - Processing /home/airflow/.local/lib/python3.12/site-packages/airflow/example_dags/example_branch_operator_decorator.py took 0.119 seconds
[2025-01-17T10:57:17.227+0000] {processor.py:186} INFO - Started process (PID=725) to work on /home/airflow/.local/lib/python3.12/site-packages/airflow/example_dags/example_branch_operator_decorator.py
[2025-01-17T10:57:17.228+0000] {processor.py:914} INFO - Processing file /home/airflow/.local/lib/python3.12/site-packages/airflow/example_dags/example_branch_operator_decorator.py for tasks to queue
[2025-01-17T10:57:17.232+0000] {logging_mixin.py:190} INFO - [2025-01-17T10:57:17.231+0000] {dagbag.py:588} INFO - Filling up the DagBag from /home/airflow/.local/lib/python3.12/site-packages/airflow/example_dags/example_branch_operator_decorator.py
[2025-01-17T10:57:17.251+0000] {processor.py:925} INFO - DAG(s) 'example_branch_python_operator_decorator' retrieved from /home/airflow/.local/lib/python3.12/site-packages/airflow/example_dags/example_branch_operator_decorator.py
[2025-01-17T10:57:17.281+0000] {logging_mixin.py:190} INFO - [2025-01-17T10:57:17.281+0000] {dag.py:3239} INFO - Sync 1 DAGs
[2025-01-17T10:57:17.306+0000] {logging_mixin.py:190} INFO - [2025-01-17T10:57:17.306+0000] {dag.py:4180} INFO - Setting next_dagrun for example_branch_python_operator_decorator to 2025-01-16 00:00:00+00:00, run_after=2025-01-17 00:00:00+00:00
[2025-01-17T10:57:17.332+0000] {processor.py:208} INFO - Processing /home/airflow/.local/lib/python3.12/site-packages/airflow/example_dags/example_branch_operator_decorator.py took 0.110 seconds
[2025-01-17T10:57:47.808+0000] {processor.py:186} INFO - Started process (PID=789) to work on /home/airflow/.local/lib/python3.12/site-packages/airflow/example_dags/example_branch_operator_decorator.py
[2025-01-17T10:57:47.809+0000] {processor.py:914} INFO - Processing file /home/airflow/.local/lib/python3.12/site-packages/airflow/example_dags/example_branch_operator_decorator.py for tasks to queue
[2025-01-17T10:57:47.813+0000] {logging_mixin.py:190} INFO - [2025-01-17T10:57:47.812+0000] {dagbag.py:588} INFO - Filling up the DagBag from /home/airflow/.local/lib/python3.12/site-packages/airflow/example_dags/example_branch_operator_decorator.py
[2025-01-17T10:57:47.837+0000] {processor.py:925} INFO - DAG(s) 'example_branch_python_operator_decorator' retrieved from /home/airflow/.local/lib/python3.12/site-packages/airflow/example_dags/example_branch_operator_decorator.py
[2025-01-17T10:57:47.870+0000] {logging_mixin.py:190} INFO - [2025-01-17T10:57:47.870+0000] {dag.py:3239} INFO - Sync 1 DAGs
[2025-01-17T10:57:47.898+0000] {logging_mixin.py:190} INFO - [2025-01-17T10:57:47.898+0000] {dag.py:4180} INFO - Setting next_dagrun for example_branch_python_operator_decorator to 2025-01-16 00:00:00+00:00, run_after=2025-01-17 00:00:00+00:00
[2025-01-17T10:57:47.934+0000] {processor.py:208} INFO - Processing /home/airflow/.local/lib/python3.12/site-packages/airflow/example_dags/example_branch_operator_decorator.py took 0.133 seconds
[2025-01-17T10:58:18.488+0000] {processor.py:186} INFO - Started process (PID=853) to work on /home/airflow/.local/lib/python3.12/site-packages/airflow/example_dags/example_branch_operator_decorator.py
[2025-01-17T10:58:18.489+0000] {processor.py:914} INFO - Processing file /home/airflow/.local/lib/python3.12/site-packages/airflow/example_dags/example_branch_operator_decorator.py for tasks to queue
[2025-01-17T10:58:18.493+0000] {logging_mixin.py:190} INFO - [2025-01-17T10:58:18.492+0000] {dagbag.py:588} INFO - Filling up the DagBag from /home/airflow/.local/lib/python3.12/site-packages/airflow/example_dags/example_branch_operator_decorator.py
[2025-01-17T10:58:18.512+0000] {processor.py:925} INFO - DAG(s) 'example_branch_python_operator_decorator' retrieved from /home/airflow/.local/lib/python3.12/site-packages/airflow/example_dags/example_branch_operator_decorator.py
[2025-01-17T10:58:18.541+0000] {logging_mixin.py:190} INFO - [2025-01-17T10:58:18.540+0000] {dag.py:3239} INFO - Sync 1 DAGs
[2025-01-17T10:58:18.563+0000] {logging_mixin.py:190} INFO - [2025-01-17T10:58:18.563+0000] {dag.py:4180} INFO - Setting next_dagrun for example_branch_python_operator_decorator to 2025-01-16 00:00:00+00:00, run_after=2025-01-17 00:00:00+00:00
[2025-01-17T10:58:18.594+0000] {processor.py:208} INFO - Processing /home/airflow/.local/lib/python3.12/site-packages/airflow/example_dags/example_branch_operator_decorator.py took 0.111 seconds
[2025-01-17T10:58:49.397+0000] {processor.py:186} INFO - Started process (PID=917) to work on /home/airflow/.local/lib/python3.12/site-packages/airflow/example_dags/example_branch_operator_decorator.py
[2025-01-17T10:58:49.400+0000] {processor.py:914} INFO - Processing file /home/airflow/.local/lib/python3.12/site-packages/airflow/example_dags/example_branch_operator_decorator.py for tasks to queue
[2025-01-17T10:58:49.404+0000] {logging_mixin.py:190} INFO - [2025-01-17T10:58:49.404+0000] {dagbag.py:588} INFO - Filling up the DagBag from /home/airflow/.local/lib/python3.12/site-packages/airflow/example_dags/example_branch_operator_decorator.py
[2025-01-17T10:58:49.434+0000] {processor.py:925} INFO - DAG(s) 'example_branch_python_operator_decorator' retrieved from /home/airflow/.local/lib/python3.12/site-packages/airflow/example_dags/example_branch_operator_decorator.py
[2025-01-17T10:58:49.463+0000] {logging_mixin.py:190} INFO - [2025-01-17T10:58:49.463+0000] {dag.py:3239} INFO - Sync 1 DAGs
[2025-01-17T10:58:49.488+0000] {logging_mixin.py:190} INFO - [2025-01-17T10:58:49.487+0000] {dag.py:4180} INFO - Setting next_dagrun for example_branch_python_operator_decorator to 2025-01-16 00:00:00+00:00, run_after=2025-01-17 00:00:00+00:00
[2025-01-17T10:58:49.510+0000] {processor.py:208} INFO - Processing /home/airflow/.local/lib/python3.12/site-packages/airflow/example_dags/example_branch_operator_decorator.py took 0.125 seconds
[2025-01-17T10:59:19.735+0000] {processor.py:186} INFO - Started process (PID=981) to work on /home/airflow/.local/lib/python3.12/site-packages/airflow/example_dags/example_branch_operator_decorator.py
[2025-01-17T10:59:19.736+0000] {processor.py:914} INFO - Processing file /home/airflow/.local/lib/python3.12/site-packages/airflow/example_dags/example_branch_operator_decorator.py for tasks to queue
[2025-01-17T10:59:19.739+0000] {logging_mixin.py:190} INFO - [2025-01-17T10:59:19.739+0000] {dagbag.py:588} INFO - Filling up the DagBag from /home/airflow/.local/lib/python3.12/site-packages/airflow/example_dags/example_branch_operator_decorator.py
[2025-01-17T10:59:19.759+0000] {processor.py:925} INFO - DAG(s) 'example_branch_python_operator_decorator' retrieved from /home/airflow/.local/lib/python3.12/site-packages/airflow/example_dags/example_branch_operator_decorator.py
[2025-01-17T10:59:19.791+0000] {logging_mixin.py:190} INFO - [2025-01-17T10:59:19.790+0000] {dag.py:3239} INFO - Sync 1 DAGs
[2025-01-17T10:59:19.814+0000] {logging_mixin.py:190} INFO - [2025-01-17T10:59:19.813+0000] {dag.py:4180} INFO - Setting next_dagrun for example_branch_python_operator_decorator to 2025-01-16 00:00:00+00:00, run_after=2025-01-17 00:00:00+00:00
[2025-01-17T10:59:19.836+0000] {processor.py:208} INFO - Processing /home/airflow/.local/lib/python3.12/site-packages/airflow/example_dags/example_branch_operator_decorator.py took 0.106 seconds
[2025-01-17T10:59:50.650+0000] {processor.py:186} INFO - Started process (PID=1045) to work on /home/airflow/.local/lib/python3.12/site-packages/airflow/example_dags/example_branch_operator_decorator.py
[2025-01-17T10:59:50.651+0000] {processor.py:914} INFO - Processing file /home/airflow/.local/lib/python3.12/site-packages/airflow/example_dags/example_branch_operator_decorator.py for tasks to queue
[2025-01-17T10:59:50.654+0000] {logging_mixin.py:190} INFO - [2025-01-17T10:59:50.654+0000] {dagbag.py:588} INFO - Filling up the DagBag from /home/airflow/.local/lib/python3.12/site-packages/airflow/example_dags/example_branch_operator_decorator.py
[2025-01-17T10:59:50.675+0000] {processor.py:925} INFO - DAG(s) 'example_branch_python_operator_decorator' retrieved from /home/airflow/.local/lib/python3.12/site-packages/airflow/example_dags/example_branch_operator_decorator.py
[2025-01-17T10:59:50.705+0000] {logging_mixin.py:190} INFO - [2025-01-17T10:59:50.705+0000] {dag.py:3239} INFO - Sync 1 DAGs
[2025-01-17T10:59:50.728+0000] {logging_mixin.py:190} INFO - [2025-01-17T10:59:50.728+0000] {dag.py:4180} INFO - Setting next_dagrun for example_branch_python_operator_decorator to 2025-01-16 00:00:00+00:00, run_after=2025-01-17 00:00:00+00:00
[2025-01-17T10:59:50.752+0000] {processor.py:208} INFO - Processing /home/airflow/.local/lib/python3.12/site-packages/airflow/example_dags/example_branch_operator_decorator.py took 0.107 seconds
[2025-01-17T11:21:59.994+0000] {processor.py:186} INFO - Started process (PID=70) to work on /home/airflow/.local/lib/python3.12/site-packages/airflow/example_dags/example_branch_operator_decorator.py
[2025-01-17T11:21:59.996+0000] {processor.py:914} INFO - Processing file /home/airflow/.local/lib/python3.12/site-packages/airflow/example_dags/example_branch_operator_decorator.py for tasks to queue
[2025-01-17T11:22:00.002+0000] {logging_mixin.py:190} INFO - [2025-01-17T11:22:00.001+0000] {dagbag.py:588} INFO - Filling up the DagBag from /home/airflow/.local/lib/python3.12/site-packages/airflow/example_dags/example_branch_operator_decorator.py
[2025-01-17T11:22:00.043+0000] {processor.py:925} INFO - DAG(s) 'example_branch_python_operator_decorator' retrieved from /home/airflow/.local/lib/python3.12/site-packages/airflow/example_dags/example_branch_operator_decorator.py
[2025-01-17T11:22:00.251+0000] {logging_mixin.py:190} INFO - [2025-01-17T11:22:00.251+0000] {dag.py:3239} INFO - Sync 1 DAGs
[2025-01-17T11:22:00.286+0000] {logging_mixin.py:190} INFO - [2025-01-17T11:22:00.286+0000] {dag.py:4180} INFO - Setting next_dagrun for example_branch_python_operator_decorator to 2025-01-16 00:00:00+00:00, run_after=2025-01-17 00:00:00+00:00
[2025-01-17T11:22:00.316+0000] {processor.py:208} INFO - Processing /home/airflow/.local/lib/python3.12/site-packages/airflow/example_dags/example_branch_operator_decorator.py took 0.335 seconds
[2025-01-17T11:22:30.477+0000] {processor.py:186} INFO - Started process (PID=133) to work on /home/airflow/.local/lib/python3.12/site-packages/airflow/example_dags/example_branch_operator_decorator.py
[2025-01-17T11:22:30.478+0000] {processor.py:914} INFO - Processing file /home/airflow/.local/lib/python3.12/site-packages/airflow/example_dags/example_branch_operator_decorator.py for tasks to queue
[2025-01-17T11:22:30.481+0000] {logging_mixin.py:190} INFO - [2025-01-17T11:22:30.481+0000] {dagbag.py:588} INFO - Filling up the DagBag from /home/airflow/.local/lib/python3.12/site-packages/airflow/example_dags/example_branch_operator_decorator.py
[2025-01-17T11:22:30.501+0000] {processor.py:925} INFO - DAG(s) 'example_branch_python_operator_decorator' retrieved from /home/airflow/.local/lib/python3.12/site-packages/airflow/example_dags/example_branch_operator_decorator.py
[2025-01-17T11:22:30.533+0000] {logging_mixin.py:190} INFO - [2025-01-17T11:22:30.533+0000] {dag.py:3239} INFO - Sync 1 DAGs
[2025-01-17T11:22:30.559+0000] {logging_mixin.py:190} INFO - [2025-01-17T11:22:30.559+0000] {dag.py:4180} INFO - Setting next_dagrun for example_branch_python_operator_decorator to 2025-01-16 00:00:00+00:00, run_after=2025-01-17 00:00:00+00:00
[2025-01-17T11:22:30.583+0000] {processor.py:208} INFO - Processing /home/airflow/.local/lib/python3.12/site-packages/airflow/example_dags/example_branch_operator_decorator.py took 0.111 seconds
[2025-01-17T11:23:00.636+0000] {processor.py:186} INFO - Started process (PID=197) to work on /home/airflow/.local/lib/python3.12/site-packages/airflow/example_dags/example_branch_operator_decorator.py
[2025-01-17T11:23:00.638+0000] {processor.py:914} INFO - Processing file /home/airflow/.local/lib/python3.12/site-packages/airflow/example_dags/example_branch_operator_decorator.py for tasks to queue
[2025-01-17T11:23:00.640+0000] {logging_mixin.py:190} INFO - [2025-01-17T11:23:00.640+0000] {dagbag.py:588} INFO - Filling up the DagBag from /home/airflow/.local/lib/python3.12/site-packages/airflow/example_dags/example_branch_operator_decorator.py
[2025-01-17T11:23:00.662+0000] {processor.py:925} INFO - DAG(s) 'example_branch_python_operator_decorator' retrieved from /home/airflow/.local/lib/python3.12/site-packages/airflow/example_dags/example_branch_operator_decorator.py
[2025-01-17T11:23:00.694+0000] {logging_mixin.py:190} INFO - [2025-01-17T11:23:00.694+0000] {dag.py:3239} INFO - Sync 1 DAGs
[2025-01-17T11:23:00.722+0000] {logging_mixin.py:190} INFO - [2025-01-17T11:23:00.722+0000] {dag.py:4180} INFO - Setting next_dagrun for example_branch_python_operator_decorator to 2025-01-16 00:00:00+00:00, run_after=2025-01-17 00:00:00+00:00
[2025-01-17T11:23:00.749+0000] {processor.py:208} INFO - Processing /home/airflow/.local/lib/python3.12/site-packages/airflow/example_dags/example_branch_operator_decorator.py took 0.117 seconds
[2025-01-17T11:23:31.240+0000] {processor.py:186} INFO - Started process (PID=261) to work on /home/airflow/.local/lib/python3.12/site-packages/airflow/example_dags/example_branch_operator_decorator.py
[2025-01-17T11:23:31.241+0000] {processor.py:914} INFO - Processing file /home/airflow/.local/lib/python3.12/site-packages/airflow/example_dags/example_branch_operator_decorator.py for tasks to queue
[2025-01-17T11:23:31.246+0000] {logging_mixin.py:190} INFO - [2025-01-17T11:23:31.245+0000] {dagbag.py:588} INFO - Filling up the DagBag from /home/airflow/.local/lib/python3.12/site-packages/airflow/example_dags/example_branch_operator_decorator.py
[2025-01-17T11:23:31.274+0000] {processor.py:925} INFO - DAG(s) 'example_branch_python_operator_decorator' retrieved from /home/airflow/.local/lib/python3.12/site-packages/airflow/example_dags/example_branch_operator_decorator.py
[2025-01-17T11:23:31.320+0000] {logging_mixin.py:190} INFO - [2025-01-17T11:23:31.320+0000] {dag.py:3239} INFO - Sync 1 DAGs
[2025-01-17T11:23:31.347+0000] {logging_mixin.py:190} INFO - [2025-01-17T11:23:31.347+0000] {dag.py:4180} INFO - Setting next_dagrun for example_branch_python_operator_decorator to 2025-01-16 00:00:00+00:00, run_after=2025-01-17 00:00:00+00:00
[2025-01-17T11:23:31.371+0000] {processor.py:208} INFO - Processing /home/airflow/.local/lib/python3.12/site-packages/airflow/example_dags/example_branch_operator_decorator.py took 0.140 seconds
[2025-01-17T11:24:01.453+0000] {processor.py:186} INFO - Started process (PID=325) to work on /home/airflow/.local/lib/python3.12/site-packages/airflow/example_dags/example_branch_operator_decorator.py
[2025-01-17T11:24:01.454+0000] {processor.py:914} INFO - Processing file /home/airflow/.local/lib/python3.12/site-packages/airflow/example_dags/example_branch_operator_decorator.py for tasks to queue
[2025-01-17T11:24:01.457+0000] {logging_mixin.py:190} INFO - [2025-01-17T11:24:01.457+0000] {dagbag.py:588} INFO - Filling up the DagBag from /home/airflow/.local/lib/python3.12/site-packages/airflow/example_dags/example_branch_operator_decorator.py
[2025-01-17T11:24:01.476+0000] {processor.py:925} INFO - DAG(s) 'example_branch_python_operator_decorator' retrieved from /home/airflow/.local/lib/python3.12/site-packages/airflow/example_dags/example_branch_operator_decorator.py
[2025-01-17T11:24:01.508+0000] {logging_mixin.py:190} INFO - [2025-01-17T11:24:01.508+0000] {dag.py:3239} INFO - Sync 1 DAGs
[2025-01-17T11:24:01.536+0000] {logging_mixin.py:190} INFO - [2025-01-17T11:24:01.536+0000] {dag.py:4180} INFO - Setting next_dagrun for example_branch_python_operator_decorator to 2025-01-16 00:00:00+00:00, run_after=2025-01-17 00:00:00+00:00
[2025-01-17T11:24:01.560+0000] {processor.py:208} INFO - Processing /home/airflow/.local/lib/python3.12/site-packages/airflow/example_dags/example_branch_operator_decorator.py took 0.112 seconds
[2025-01-17T11:24:31.891+0000] {processor.py:186} INFO - Started process (PID=389) to work on /home/airflow/.local/lib/python3.12/site-packages/airflow/example_dags/example_branch_operator_decorator.py
[2025-01-17T11:24:31.892+0000] {processor.py:914} INFO - Processing file /home/airflow/.local/lib/python3.12/site-packages/airflow/example_dags/example_branch_operator_decorator.py for tasks to queue
[2025-01-17T11:24:31.895+0000] {logging_mixin.py:190} INFO - [2025-01-17T11:24:31.894+0000] {dagbag.py:588} INFO - Filling up the DagBag from /home/airflow/.local/lib/python3.12/site-packages/airflow/example_dags/example_branch_operator_decorator.py
[2025-01-17T11:24:31.914+0000] {processor.py:925} INFO - DAG(s) 'example_branch_python_operator_decorator' retrieved from /home/airflow/.local/lib/python3.12/site-packages/airflow/example_dags/example_branch_operator_decorator.py
[2025-01-17T11:24:31.944+0000] {logging_mixin.py:190} INFO - [2025-01-17T11:24:31.944+0000] {dag.py:3239} INFO - Sync 1 DAGs
[2025-01-17T11:24:31.971+0000] {logging_mixin.py:190} INFO - [2025-01-17T11:24:31.971+0000] {dag.py:4180} INFO - Setting next_dagrun for example_branch_python_operator_decorator to 2025-01-16 00:00:00+00:00, run_after=2025-01-17 00:00:00+00:00
[2025-01-17T11:24:31.996+0000] {processor.py:208} INFO - Processing /home/airflow/.local/lib/python3.12/site-packages/airflow/example_dags/example_branch_operator_decorator.py took 0.111 seconds
[2025-01-17T11:25:02.151+0000] {processor.py:186} INFO - Started process (PID=453) to work on /home/airflow/.local/lib/python3.12/site-packages/airflow/example_dags/example_branch_operator_decorator.py
[2025-01-17T11:25:02.152+0000] {processor.py:914} INFO - Processing file /home/airflow/.local/lib/python3.12/site-packages/airflow/example_dags/example_branch_operator_decorator.py for tasks to queue
[2025-01-17T11:25:02.155+0000] {logging_mixin.py:190} INFO - [2025-01-17T11:25:02.155+0000] {dagbag.py:588} INFO - Filling up the DagBag from /home/airflow/.local/lib/python3.12/site-packages/airflow/example_dags/example_branch_operator_decorator.py
[2025-01-17T11:25:02.174+0000] {processor.py:925} INFO - DAG(s) 'example_branch_python_operator_decorator' retrieved from /home/airflow/.local/lib/python3.12/site-packages/airflow/example_dags/example_branch_operator_decorator.py
[2025-01-17T11:25:02.204+0000] {logging_mixin.py:190} INFO - [2025-01-17T11:25:02.204+0000] {dag.py:3239} INFO - Sync 1 DAGs
[2025-01-17T11:25:02.227+0000] {logging_mixin.py:190} INFO - [2025-01-17T11:25:02.227+0000] {dag.py:4180} INFO - Setting next_dagrun for example_branch_python_operator_decorator to 2025-01-16 00:00:00+00:00, run_after=2025-01-17 00:00:00+00:00
[2025-01-17T11:25:02.250+0000] {processor.py:208} INFO - Processing /home/airflow/.local/lib/python3.12/site-packages/airflow/example_dags/example_branch_operator_decorator.py took 0.104 seconds
[2025-01-17T11:25:32.635+0000] {processor.py:186} INFO - Started process (PID=517) to work on /home/airflow/.local/lib/python3.12/site-packages/airflow/example_dags/example_branch_operator_decorator.py
[2025-01-17T11:25:32.636+0000] {processor.py:914} INFO - Processing file /home/airflow/.local/lib/python3.12/site-packages/airflow/example_dags/example_branch_operator_decorator.py for tasks to queue
[2025-01-17T11:25:32.639+0000] {logging_mixin.py:190} INFO - [2025-01-17T11:25:32.639+0000] {dagbag.py:588} INFO - Filling up the DagBag from /home/airflow/.local/lib/python3.12/site-packages/airflow/example_dags/example_branch_operator_decorator.py
[2025-01-17T11:25:32.657+0000] {processor.py:925} INFO - DAG(s) 'example_branch_python_operator_decorator' retrieved from /home/airflow/.local/lib/python3.12/site-packages/airflow/example_dags/example_branch_operator_decorator.py
[2025-01-17T11:25:32.701+0000] {logging_mixin.py:190} INFO - [2025-01-17T11:25:32.700+0000] {dag.py:3239} INFO - Sync 1 DAGs
[2025-01-17T11:25:32.736+0000] {logging_mixin.py:190} INFO - [2025-01-17T11:25:32.736+0000] {dag.py:4180} INFO - Setting next_dagrun for example_branch_python_operator_decorator to 2025-01-16 00:00:00+00:00, run_after=2025-01-17 00:00:00+00:00
[2025-01-17T11:25:32.760+0000] {processor.py:208} INFO - Processing /home/airflow/.local/lib/python3.12/site-packages/airflow/example_dags/example_branch_operator_decorator.py took 0.131 seconds
[2025-01-17T11:26:03.493+0000] {processor.py:186} INFO - Started process (PID=588) to work on /home/airflow/.local/lib/python3.12/site-packages/airflow/example_dags/example_branch_operator_decorator.py
[2025-01-17T11:26:03.494+0000] {processor.py:914} INFO - Processing file /home/airflow/.local/lib/python3.12/site-packages/airflow/example_dags/example_branch_operator_decorator.py for tasks to queue
[2025-01-17T11:26:03.497+0000] {logging_mixin.py:190} INFO - [2025-01-17T11:26:03.496+0000] {dagbag.py:588} INFO - Filling up the DagBag from /home/airflow/.local/lib/python3.12/site-packages/airflow/example_dags/example_branch_operator_decorator.py
[2025-01-17T11:26:03.516+0000] {processor.py:925} INFO - DAG(s) 'example_branch_python_operator_decorator' retrieved from /home/airflow/.local/lib/python3.12/site-packages/airflow/example_dags/example_branch_operator_decorator.py
[2025-01-17T11:26:03.546+0000] {logging_mixin.py:190} INFO - [2025-01-17T11:26:03.546+0000] {dag.py:3239} INFO - Sync 1 DAGs
[2025-01-17T11:26:03.572+0000] {logging_mixin.py:190} INFO - [2025-01-17T11:26:03.571+0000] {dag.py:4180} INFO - Setting next_dagrun for example_branch_python_operator_decorator to 2025-01-16 00:00:00+00:00, run_after=2025-01-17 00:00:00+00:00
[2025-01-17T11:26:03.597+0000] {processor.py:208} INFO - Processing /home/airflow/.local/lib/python3.12/site-packages/airflow/example_dags/example_branch_operator_decorator.py took 0.110 seconds
[2025-01-17T11:26:33.945+0000] {processor.py:186} INFO - Started process (PID=652) to work on /home/airflow/.local/lib/python3.12/site-packages/airflow/example_dags/example_branch_operator_decorator.py
[2025-01-17T11:26:33.946+0000] {processor.py:914} INFO - Processing file /home/airflow/.local/lib/python3.12/site-packages/airflow/example_dags/example_branch_operator_decorator.py for tasks to queue
[2025-01-17T11:26:33.949+0000] {logging_mixin.py:190} INFO - [2025-01-17T11:26:33.948+0000] {dagbag.py:588} INFO - Filling up the DagBag from /home/airflow/.local/lib/python3.12/site-packages/airflow/example_dags/example_branch_operator_decorator.py
[2025-01-17T11:26:33.969+0000] {processor.py:925} INFO - DAG(s) 'example_branch_python_operator_decorator' retrieved from /home/airflow/.local/lib/python3.12/site-packages/airflow/example_dags/example_branch_operator_decorator.py
[2025-01-17T11:26:33.999+0000] {logging_mixin.py:190} INFO - [2025-01-17T11:26:33.999+0000] {dag.py:3239} INFO - Sync 1 DAGs
[2025-01-17T11:26:34.023+0000] {logging_mixin.py:190} INFO - [2025-01-17T11:26:34.023+0000] {dag.py:4180} INFO - Setting next_dagrun for example_branch_python_operator_decorator to 2025-01-16 00:00:00+00:00, run_after=2025-01-17 00:00:00+00:00
[2025-01-17T11:26:34.047+0000] {processor.py:208} INFO - Processing /home/airflow/.local/lib/python3.12/site-packages/airflow/example_dags/example_branch_operator_decorator.py took 0.107 seconds
[2025-01-17T11:27:04.249+0000] {processor.py:186} INFO - Started process (PID=716) to work on /home/airflow/.local/lib/python3.12/site-packages/airflow/example_dags/example_branch_operator_decorator.py
[2025-01-17T11:27:04.250+0000] {processor.py:914} INFO - Processing file /home/airflow/.local/lib/python3.12/site-packages/airflow/example_dags/example_branch_operator_decorator.py for tasks to queue
[2025-01-17T11:27:04.254+0000] {logging_mixin.py:190} INFO - [2025-01-17T11:27:04.253+0000] {dagbag.py:588} INFO - Filling up the DagBag from /home/airflow/.local/lib/python3.12/site-packages/airflow/example_dags/example_branch_operator_decorator.py
[2025-01-17T11:27:04.274+0000] {processor.py:925} INFO - DAG(s) 'example_branch_python_operator_decorator' retrieved from /home/airflow/.local/lib/python3.12/site-packages/airflow/example_dags/example_branch_operator_decorator.py
[2025-01-17T11:27:04.304+0000] {logging_mixin.py:190} INFO - [2025-01-17T11:27:04.304+0000] {dag.py:3239} INFO - Sync 1 DAGs
[2025-01-17T11:27:04.328+0000] {logging_mixin.py:190} INFO - [2025-01-17T11:27:04.327+0000] {dag.py:4180} INFO - Setting next_dagrun for example_branch_python_operator_decorator to 2025-01-16 00:00:00+00:00, run_after=2025-01-17 00:00:00+00:00
[2025-01-17T11:27:04.352+0000] {processor.py:208} INFO - Processing /home/airflow/.local/lib/python3.12/site-packages/airflow/example_dags/example_branch_operator_decorator.py took 0.110 seconds
[2025-01-17T11:27:34.640+0000] {processor.py:186} INFO - Started process (PID=780) to work on /home/airflow/.local/lib/python3.12/site-packages/airflow/example_dags/example_branch_operator_decorator.py
[2025-01-17T11:27:34.642+0000] {processor.py:914} INFO - Processing file /home/airflow/.local/lib/python3.12/site-packages/airflow/example_dags/example_branch_operator_decorator.py for tasks to queue
[2025-01-17T11:27:34.645+0000] {logging_mixin.py:190} INFO - [2025-01-17T11:27:34.644+0000] {dagbag.py:588} INFO - Filling up the DagBag from /home/airflow/.local/lib/python3.12/site-packages/airflow/example_dags/example_branch_operator_decorator.py
[2025-01-17T11:27:34.666+0000] {processor.py:925} INFO - DAG(s) 'example_branch_python_operator_decorator' retrieved from /home/airflow/.local/lib/python3.12/site-packages/airflow/example_dags/example_branch_operator_decorator.py
[2025-01-17T11:27:34.695+0000] {logging_mixin.py:190} INFO - [2025-01-17T11:27:34.695+0000] {dag.py:3239} INFO - Sync 1 DAGs
[2025-01-17T11:27:34.719+0000] {logging_mixin.py:190} INFO - [2025-01-17T11:27:34.718+0000] {dag.py:4180} INFO - Setting next_dagrun for example_branch_python_operator_decorator to 2025-01-16 00:00:00+00:00, run_after=2025-01-17 00:00:00+00:00
[2025-01-17T11:27:34.741+0000] {processor.py:208} INFO - Processing /home/airflow/.local/lib/python3.12/site-packages/airflow/example_dags/example_branch_operator_decorator.py took 0.106 seconds
[2025-01-17T11:28:05.374+0000] {processor.py:186} INFO - Started process (PID=844) to work on /home/airflow/.local/lib/python3.12/site-packages/airflow/example_dags/example_branch_operator_decorator.py
[2025-01-17T11:28:05.375+0000] {processor.py:914} INFO - Processing file /home/airflow/.local/lib/python3.12/site-packages/airflow/example_dags/example_branch_operator_decorator.py for tasks to queue
[2025-01-17T11:28:05.378+0000] {logging_mixin.py:190} INFO - [2025-01-17T11:28:05.377+0000] {dagbag.py:588} INFO - Filling up the DagBag from /home/airflow/.local/lib/python3.12/site-packages/airflow/example_dags/example_branch_operator_decorator.py
[2025-01-17T11:28:05.398+0000] {processor.py:925} INFO - DAG(s) 'example_branch_python_operator_decorator' retrieved from /home/airflow/.local/lib/python3.12/site-packages/airflow/example_dags/example_branch_operator_decorator.py
[2025-01-17T11:28:05.430+0000] {logging_mixin.py:190} INFO - [2025-01-17T11:28:05.430+0000] {dag.py:3239} INFO - Sync 1 DAGs
[2025-01-17T11:28:05.456+0000] {logging_mixin.py:190} INFO - [2025-01-17T11:28:05.456+0000] {dag.py:4180} INFO - Setting next_dagrun for example_branch_python_operator_decorator to 2025-01-16 00:00:00+00:00, run_after=2025-01-17 00:00:00+00:00
[2025-01-17T11:28:05.481+0000] {processor.py:208} INFO - Processing /home/airflow/.local/lib/python3.12/site-packages/airflow/example_dags/example_branch_operator_decorator.py took 0.113 seconds
[2025-01-17T11:28:36.406+0000] {processor.py:186} INFO - Started process (PID=909) to work on /home/airflow/.local/lib/python3.12/site-packages/airflow/example_dags/example_branch_operator_decorator.py
[2025-01-17T11:28:36.407+0000] {processor.py:914} INFO - Processing file /home/airflow/.local/lib/python3.12/site-packages/airflow/example_dags/example_branch_operator_decorator.py for tasks to queue
[2025-01-17T11:28:36.413+0000] {logging_mixin.py:190} INFO - [2025-01-17T11:28:36.411+0000] {dagbag.py:588} INFO - Filling up the DagBag from /home/airflow/.local/lib/python3.12/site-packages/airflow/example_dags/example_branch_operator_decorator.py
[2025-01-17T11:28:36.441+0000] {processor.py:925} INFO - DAG(s) 'example_branch_python_operator_decorator' retrieved from /home/airflow/.local/lib/python3.12/site-packages/airflow/example_dags/example_branch_operator_decorator.py
[2025-01-17T11:28:36.476+0000] {logging_mixin.py:190} INFO - [2025-01-17T11:28:36.476+0000] {dag.py:3239} INFO - Sync 1 DAGs
[2025-01-17T11:28:36.503+0000] {logging_mixin.py:190} INFO - [2025-01-17T11:28:36.503+0000] {dag.py:4180} INFO - Setting next_dagrun for example_branch_python_operator_decorator to 2025-01-16 00:00:00+00:00, run_after=2025-01-17 00:00:00+00:00
[2025-01-17T11:28:36.529+0000] {processor.py:208} INFO - Processing /home/airflow/.local/lib/python3.12/site-packages/airflow/example_dags/example_branch_operator_decorator.py took 0.131 seconds
[2025-01-17T11:29:07.236+0000] {processor.py:186} INFO - Started process (PID=973) to work on /home/airflow/.local/lib/python3.12/site-packages/airflow/example_dags/example_branch_operator_decorator.py
[2025-01-17T11:29:07.238+0000] {processor.py:914} INFO - Processing file /home/airflow/.local/lib/python3.12/site-packages/airflow/example_dags/example_branch_operator_decorator.py for tasks to queue
[2025-01-17T11:29:07.241+0000] {logging_mixin.py:190} INFO - [2025-01-17T11:29:07.240+0000] {dagbag.py:588} INFO - Filling up the DagBag from /home/airflow/.local/lib/python3.12/site-packages/airflow/example_dags/example_branch_operator_decorator.py
[2025-01-17T11:29:07.262+0000] {processor.py:925} INFO - DAG(s) 'example_branch_python_operator_decorator' retrieved from /home/airflow/.local/lib/python3.12/site-packages/airflow/example_dags/example_branch_operator_decorator.py
[2025-01-17T11:29:07.294+0000] {logging_mixin.py:190} INFO - [2025-01-17T11:29:07.293+0000] {dag.py:3239} INFO - Sync 1 DAGs
[2025-01-17T11:29:07.321+0000] {logging_mixin.py:190} INFO - [2025-01-17T11:29:07.321+0000] {dag.py:4180} INFO - Setting next_dagrun for example_branch_python_operator_decorator to 2025-01-16 00:00:00+00:00, run_after=2025-01-17 00:00:00+00:00
[2025-01-17T11:29:07.346+0000] {processor.py:208} INFO - Processing /home/airflow/.local/lib/python3.12/site-packages/airflow/example_dags/example_branch_operator_decorator.py took 0.115 seconds
[2025-01-17T11:29:37.724+0000] {processor.py:186} INFO - Started process (PID=1037) to work on /home/airflow/.local/lib/python3.12/site-packages/airflow/example_dags/example_branch_operator_decorator.py
[2025-01-17T11:29:37.725+0000] {processor.py:914} INFO - Processing file /home/airflow/.local/lib/python3.12/site-packages/airflow/example_dags/example_branch_operator_decorator.py for tasks to queue
[2025-01-17T11:29:37.729+0000] {logging_mixin.py:190} INFO - [2025-01-17T11:29:37.728+0000] {dagbag.py:588} INFO - Filling up the DagBag from /home/airflow/.local/lib/python3.12/site-packages/airflow/example_dags/example_branch_operator_decorator.py
[2025-01-17T11:29:37.755+0000] {processor.py:925} INFO - DAG(s) 'example_branch_python_operator_decorator' retrieved from /home/airflow/.local/lib/python3.12/site-packages/airflow/example_dags/example_branch_operator_decorator.py
[2025-01-17T11:29:37.797+0000] {logging_mixin.py:190} INFO - [2025-01-17T11:29:37.797+0000] {dag.py:3239} INFO - Sync 1 DAGs
[2025-01-17T11:29:37.830+0000] {logging_mixin.py:190} INFO - [2025-01-17T11:29:37.829+0000] {dag.py:4180} INFO - Setting next_dagrun for example_branch_python_operator_decorator to 2025-01-16 00:00:00+00:00, run_after=2025-01-17 00:00:00+00:00
[2025-01-17T11:29:37.859+0000] {processor.py:208} INFO - Processing /home/airflow/.local/lib/python3.12/site-packages/airflow/example_dags/example_branch_operator_decorator.py took 0.140 seconds
