[2025-01-17T10:32:01.076+0000] {processor.py:186} INFO - Started process (PID=92) to work on /home/airflow/.local/lib/python3.12/site-packages/airflow/example_dags/example_xcom.py
[2025-01-17T10:32:01.078+0000] {processor.py:914} INFO - Processing file /home/airflow/.local/lib/python3.12/site-packages/airflow/example_dags/example_xcom.py for tasks to queue
[2025-01-17T10:32:01.082+0000] {logging_mixin.py:190} INFO - [2025-01-17T10:32:01.080+0000] {dagbag.py:588} INFO - Filling up the DagBag from /home/airflow/.local/lib/python3.12/site-packages/airflow/example_dags/example_xcom.py
[2025-01-17T10:32:01.095+0000] {processor.py:925} INFO - DAG(s) 'example_xcom' retrieved from /home/airflow/.local/lib/python3.12/site-packages/airflow/example_dags/example_xcom.py
[2025-01-17T10:32:01.132+0000] {logging_mixin.py:190} INFO - [2025-01-17T10:32:01.132+0000] {dag.py:3239} INFO - Sync 1 DAGs
[2025-01-17T10:32:01.165+0000] {logging_mixin.py:190} INFO - [2025-01-17T10:32:01.165+0000] {dag.py:4180} INFO - Setting next_dagrun for example_xcom to 2021-01-01 00:00:00+00:00, run_after=2021-01-01 00:00:00+00:00
[2025-01-17T10:32:01.199+0000] {processor.py:208} INFO - Processing /home/airflow/.local/lib/python3.12/site-packages/airflow/example_dags/example_xcom.py took 0.129 seconds
[2025-01-17T10:32:32.930+0000] {processor.py:186} INFO - Started process (PID=156) to work on /home/airflow/.local/lib/python3.12/site-packages/airflow/example_dags/example_xcom.py
[2025-01-17T10:32:32.933+0000] {processor.py:914} INFO - Processing file /home/airflow/.local/lib/python3.12/site-packages/airflow/example_dags/example_xcom.py for tasks to queue
[2025-01-17T10:32:32.937+0000] {logging_mixin.py:190} INFO - [2025-01-17T10:32:32.937+0000] {dagbag.py:588} INFO - Filling up the DagBag from /home/airflow/.local/lib/python3.12/site-packages/airflow/example_dags/example_xcom.py
[2025-01-17T10:32:32.960+0000] {processor.py:925} INFO - DAG(s) 'example_xcom' retrieved from /home/airflow/.local/lib/python3.12/site-packages/airflow/example_dags/example_xcom.py
[2025-01-17T10:32:33.006+0000] {logging_mixin.py:190} INFO - [2025-01-17T10:32:33.006+0000] {dag.py:3239} INFO - Sync 1 DAGs
[2025-01-17T10:32:33.051+0000] {logging_mixin.py:190} INFO - [2025-01-17T10:32:33.050+0000] {dag.py:4180} INFO - Setting next_dagrun for example_xcom to 2021-01-01 00:00:00+00:00, run_after=2021-01-01 00:00:00+00:00
[2025-01-17T10:32:33.088+0000] {processor.py:208} INFO - Processing /home/airflow/.local/lib/python3.12/site-packages/airflow/example_dags/example_xcom.py took 0.170 seconds
[2025-01-17T10:33:04.048+0000] {processor.py:186} INFO - Started process (PID=220) to work on /home/airflow/.local/lib/python3.12/site-packages/airflow/example_dags/example_xcom.py
[2025-01-17T10:33:04.050+0000] {processor.py:914} INFO - Processing file /home/airflow/.local/lib/python3.12/site-packages/airflow/example_dags/example_xcom.py for tasks to queue
[2025-01-17T10:33:04.053+0000] {logging_mixin.py:190} INFO - [2025-01-17T10:33:04.053+0000] {dagbag.py:588} INFO - Filling up the DagBag from /home/airflow/.local/lib/python3.12/site-packages/airflow/example_dags/example_xcom.py
[2025-01-17T10:33:04.068+0000] {processor.py:925} INFO - DAG(s) 'example_xcom' retrieved from /home/airflow/.local/lib/python3.12/site-packages/airflow/example_dags/example_xcom.py
[2025-01-17T10:33:04.100+0000] {logging_mixin.py:190} INFO - [2025-01-17T10:33:04.100+0000] {dag.py:3239} INFO - Sync 1 DAGs
[2025-01-17T10:33:04.142+0000] {logging_mixin.py:190} INFO - [2025-01-17T10:33:04.142+0000] {dag.py:4180} INFO - Setting next_dagrun for example_xcom to 2021-01-01 00:00:00+00:00, run_after=2021-01-01 00:00:00+00:00
[2025-01-17T10:33:04.174+0000] {processor.py:208} INFO - Processing /home/airflow/.local/lib/python3.12/site-packages/airflow/example_dags/example_xcom.py took 0.134 seconds
[2025-01-17T10:33:35.726+0000] {processor.py:186} INFO - Started process (PID=284) to work on /home/airflow/.local/lib/python3.12/site-packages/airflow/example_dags/example_xcom.py
[2025-01-17T10:33:35.727+0000] {processor.py:914} INFO - Processing file /home/airflow/.local/lib/python3.12/site-packages/airflow/example_dags/example_xcom.py for tasks to queue
[2025-01-17T10:33:35.732+0000] {logging_mixin.py:190} INFO - [2025-01-17T10:33:35.731+0000] {dagbag.py:588} INFO - Filling up the DagBag from /home/airflow/.local/lib/python3.12/site-packages/airflow/example_dags/example_xcom.py
[2025-01-17T10:33:35.748+0000] {processor.py:925} INFO - DAG(s) 'example_xcom' retrieved from /home/airflow/.local/lib/python3.12/site-packages/airflow/example_dags/example_xcom.py
[2025-01-17T10:33:35.790+0000] {logging_mixin.py:190} INFO - [2025-01-17T10:33:35.789+0000] {dag.py:3239} INFO - Sync 1 DAGs
[2025-01-17T10:33:35.833+0000] {logging_mixin.py:190} INFO - [2025-01-17T10:33:35.833+0000] {dag.py:4180} INFO - Setting next_dagrun for example_xcom to 2021-01-01 00:00:00+00:00, run_after=2021-01-01 00:00:00+00:00
[2025-01-17T10:33:35.869+0000] {processor.py:208} INFO - Processing /home/airflow/.local/lib/python3.12/site-packages/airflow/example_dags/example_xcom.py took 0.154 seconds
[2025-01-17T10:34:07.186+0000] {processor.py:186} INFO - Started process (PID=348) to work on /home/airflow/.local/lib/python3.12/site-packages/airflow/example_dags/example_xcom.py
[2025-01-17T10:34:07.189+0000] {processor.py:914} INFO - Processing file /home/airflow/.local/lib/python3.12/site-packages/airflow/example_dags/example_xcom.py for tasks to queue
[2025-01-17T10:34:07.195+0000] {logging_mixin.py:190} INFO - [2025-01-17T10:34:07.194+0000] {dagbag.py:588} INFO - Filling up the DagBag from /home/airflow/.local/lib/python3.12/site-packages/airflow/example_dags/example_xcom.py
[2025-01-17T10:34:07.210+0000] {processor.py:925} INFO - DAG(s) 'example_xcom' retrieved from /home/airflow/.local/lib/python3.12/site-packages/airflow/example_dags/example_xcom.py
[2025-01-17T10:34:07.250+0000] {logging_mixin.py:190} INFO - [2025-01-17T10:34:07.249+0000] {dag.py:3239} INFO - Sync 1 DAGs
[2025-01-17T10:34:07.327+0000] {logging_mixin.py:190} INFO - [2025-01-17T10:34:07.327+0000] {dag.py:4180} INFO - Setting next_dagrun for example_xcom to 2021-01-01 00:00:00+00:00, run_after=2021-01-01 00:00:00+00:00
[2025-01-17T10:34:07.385+0000] {processor.py:208} INFO - Processing /home/airflow/.local/lib/python3.12/site-packages/airflow/example_dags/example_xcom.py took 0.210 seconds
[2025-01-17T10:34:38.724+0000] {processor.py:186} INFO - Started process (PID=411) to work on /home/airflow/.local/lib/python3.12/site-packages/airflow/example_dags/example_xcom.py
[2025-01-17T10:34:38.726+0000] {processor.py:914} INFO - Processing file /home/airflow/.local/lib/python3.12/site-packages/airflow/example_dags/example_xcom.py for tasks to queue
[2025-01-17T10:34:38.728+0000] {logging_mixin.py:190} INFO - [2025-01-17T10:34:38.727+0000] {dagbag.py:588} INFO - Filling up the DagBag from /home/airflow/.local/lib/python3.12/site-packages/airflow/example_dags/example_xcom.py
[2025-01-17T10:34:38.743+0000] {processor.py:925} INFO - DAG(s) 'example_xcom' retrieved from /home/airflow/.local/lib/python3.12/site-packages/airflow/example_dags/example_xcom.py
[2025-01-17T10:34:38.779+0000] {logging_mixin.py:190} INFO - [2025-01-17T10:34:38.778+0000] {dag.py:3239} INFO - Sync 1 DAGs
[2025-01-17T10:34:38.819+0000] {logging_mixin.py:190} INFO - [2025-01-17T10:34:38.819+0000] {dag.py:4180} INFO - Setting next_dagrun for example_xcom to 2021-01-01 00:00:00+00:00, run_after=2021-01-01 00:00:00+00:00
[2025-01-17T10:34:38.851+0000] {processor.py:208} INFO - Processing /home/airflow/.local/lib/python3.12/site-packages/airflow/example_dags/example_xcom.py took 0.135 seconds
[2025-01-17T10:35:10.847+0000] {processor.py:186} INFO - Started process (PID=474) to work on /home/airflow/.local/lib/python3.12/site-packages/airflow/example_dags/example_xcom.py
[2025-01-17T10:35:10.849+0000] {processor.py:914} INFO - Processing file /home/airflow/.local/lib/python3.12/site-packages/airflow/example_dags/example_xcom.py for tasks to queue
[2025-01-17T10:35:10.851+0000] {logging_mixin.py:190} INFO - [2025-01-17T10:35:10.850+0000] {dagbag.py:588} INFO - Filling up the DagBag from /home/airflow/.local/lib/python3.12/site-packages/airflow/example_dags/example_xcom.py
[2025-01-17T10:35:10.865+0000] {processor.py:925} INFO - DAG(s) 'example_xcom' retrieved from /home/airflow/.local/lib/python3.12/site-packages/airflow/example_dags/example_xcom.py
[2025-01-17T10:35:10.899+0000] {logging_mixin.py:190} INFO - [2025-01-17T10:35:10.898+0000] {dag.py:3239} INFO - Sync 1 DAGs
[2025-01-17T10:35:10.936+0000] {logging_mixin.py:190} INFO - [2025-01-17T10:35:10.935+0000] {dag.py:4180} INFO - Setting next_dagrun for example_xcom to 2021-01-01 00:00:00+00:00, run_after=2021-01-01 00:00:00+00:00
[2025-01-17T10:35:10.970+0000] {processor.py:208} INFO - Processing /home/airflow/.local/lib/python3.12/site-packages/airflow/example_dags/example_xcom.py took 0.131 seconds
[2025-01-17T10:35:42.443+0000] {processor.py:186} INFO - Started process (PID=537) to work on /home/airflow/.local/lib/python3.12/site-packages/airflow/example_dags/example_xcom.py
[2025-01-17T10:35:42.444+0000] {processor.py:914} INFO - Processing file /home/airflow/.local/lib/python3.12/site-packages/airflow/example_dags/example_xcom.py for tasks to queue
[2025-01-17T10:35:42.447+0000] {logging_mixin.py:190} INFO - [2025-01-17T10:35:42.446+0000] {dagbag.py:588} INFO - Filling up the DagBag from /home/airflow/.local/lib/python3.12/site-packages/airflow/example_dags/example_xcom.py
[2025-01-17T10:35:42.460+0000] {processor.py:925} INFO - DAG(s) 'example_xcom' retrieved from /home/airflow/.local/lib/python3.12/site-packages/airflow/example_dags/example_xcom.py
[2025-01-17T10:35:42.498+0000] {logging_mixin.py:190} INFO - [2025-01-17T10:35:42.497+0000] {dag.py:3239} INFO - Sync 1 DAGs
[2025-01-17T10:35:42.539+0000] {logging_mixin.py:190} INFO - [2025-01-17T10:35:42.539+0000] {dag.py:4180} INFO - Setting next_dagrun for example_xcom to 2021-01-01 00:00:00+00:00, run_after=2021-01-01 00:00:00+00:00
[2025-01-17T10:35:42.578+0000] {processor.py:208} INFO - Processing /home/airflow/.local/lib/python3.12/site-packages/airflow/example_dags/example_xcom.py took 0.143 seconds
[2025-01-17T10:36:14.339+0000] {processor.py:186} INFO - Started process (PID=600) to work on /home/airflow/.local/lib/python3.12/site-packages/airflow/example_dags/example_xcom.py
[2025-01-17T10:36:14.340+0000] {processor.py:914} INFO - Processing file /home/airflow/.local/lib/python3.12/site-packages/airflow/example_dags/example_xcom.py for tasks to queue
[2025-01-17T10:36:14.343+0000] {logging_mixin.py:190} INFO - [2025-01-17T10:36:14.342+0000] {dagbag.py:588} INFO - Filling up the DagBag from /home/airflow/.local/lib/python3.12/site-packages/airflow/example_dags/example_xcom.py
[2025-01-17T10:36:14.355+0000] {processor.py:925} INFO - DAG(s) 'example_xcom' retrieved from /home/airflow/.local/lib/python3.12/site-packages/airflow/example_dags/example_xcom.py
[2025-01-17T10:36:14.388+0000] {logging_mixin.py:190} INFO - [2025-01-17T10:36:14.388+0000] {dag.py:3239} INFO - Sync 1 DAGs
[2025-01-17T10:36:14.419+0000] {logging_mixin.py:190} INFO - [2025-01-17T10:36:14.419+0000] {dag.py:4180} INFO - Setting next_dagrun for example_xcom to 2021-01-01 00:00:00+00:00, run_after=2021-01-01 00:00:00+00:00
[2025-01-17T10:36:14.450+0000] {processor.py:208} INFO - Processing /home/airflow/.local/lib/python3.12/site-packages/airflow/example_dags/example_xcom.py took 0.119 seconds
[2025-01-17T10:37:30.709+0000] {processor.py:186} INFO - Started process (PID=85) to work on /home/airflow/.local/lib/python3.12/site-packages/airflow/example_dags/example_xcom.py
[2025-01-17T10:37:30.711+0000] {processor.py:914} INFO - Processing file /home/airflow/.local/lib/python3.12/site-packages/airflow/example_dags/example_xcom.py for tasks to queue
[2025-01-17T10:37:30.715+0000] {logging_mixin.py:190} INFO - [2025-01-17T10:37:30.713+0000] {dagbag.py:588} INFO - Filling up the DagBag from /home/airflow/.local/lib/python3.12/site-packages/airflow/example_dags/example_xcom.py
[2025-01-17T10:37:30.726+0000] {processor.py:925} INFO - DAG(s) 'example_xcom' retrieved from /home/airflow/.local/lib/python3.12/site-packages/airflow/example_dags/example_xcom.py
[2025-01-17T10:37:30.763+0000] {logging_mixin.py:190} INFO - [2025-01-17T10:37:30.762+0000] {dag.py:3239} INFO - Sync 1 DAGs
[2025-01-17T10:37:30.809+0000] {logging_mixin.py:190} INFO - [2025-01-17T10:37:30.808+0000] {dag.py:4180} INFO - Setting next_dagrun for example_xcom to 2021-01-01 00:00:00+00:00, run_after=2021-01-01 00:00:00+00:00
[2025-01-17T10:37:30.856+0000] {processor.py:208} INFO - Processing /home/airflow/.local/lib/python3.12/site-packages/airflow/example_dags/example_xcom.py took 0.156 seconds
[2025-01-17T10:38:02.313+0000] {processor.py:186} INFO - Started process (PID=149) to work on /home/airflow/.local/lib/python3.12/site-packages/airflow/example_dags/example_xcom.py
[2025-01-17T10:38:02.315+0000] {processor.py:914} INFO - Processing file /home/airflow/.local/lib/python3.12/site-packages/airflow/example_dags/example_xcom.py for tasks to queue
[2025-01-17T10:38:02.320+0000] {logging_mixin.py:190} INFO - [2025-01-17T10:38:02.319+0000] {dagbag.py:588} INFO - Filling up the DagBag from /home/airflow/.local/lib/python3.12/site-packages/airflow/example_dags/example_xcom.py
[2025-01-17T10:38:02.335+0000] {processor.py:925} INFO - DAG(s) 'example_xcom' retrieved from /home/airflow/.local/lib/python3.12/site-packages/airflow/example_dags/example_xcom.py
[2025-01-17T10:38:02.372+0000] {logging_mixin.py:190} INFO - [2025-01-17T10:38:02.372+0000] {dag.py:3239} INFO - Sync 1 DAGs
[2025-01-17T10:38:02.409+0000] {logging_mixin.py:190} INFO - [2025-01-17T10:38:02.409+0000] {dag.py:4180} INFO - Setting next_dagrun for example_xcom to 2021-01-01 00:00:00+00:00, run_after=2021-01-01 00:00:00+00:00
[2025-01-17T10:38:02.440+0000] {processor.py:208} INFO - Processing /home/airflow/.local/lib/python3.12/site-packages/airflow/example_dags/example_xcom.py took 0.135 seconds
[2025-01-17T10:52:14.436+0000] {processor.py:186} INFO - Started process (PID=86) to work on /home/airflow/.local/lib/python3.12/site-packages/airflow/example_dags/example_xcom.py
[2025-01-17T10:52:14.437+0000] {processor.py:914} INFO - Processing file /home/airflow/.local/lib/python3.12/site-packages/airflow/example_dags/example_xcom.py for tasks to queue
[2025-01-17T10:52:14.439+0000] {logging_mixin.py:190} INFO - [2025-01-17T10:52:14.439+0000] {dagbag.py:588} INFO - Filling up the DagBag from /home/airflow/.local/lib/python3.12/site-packages/airflow/example_dags/example_xcom.py
[2025-01-17T10:52:14.450+0000] {processor.py:925} INFO - DAG(s) 'example_xcom' retrieved from /home/airflow/.local/lib/python3.12/site-packages/airflow/example_dags/example_xcom.py
[2025-01-17T10:52:14.481+0000] {logging_mixin.py:190} INFO - [2025-01-17T10:52:14.480+0000] {dag.py:3239} INFO - Sync 1 DAGs
[2025-01-17T10:52:14.505+0000] {logging_mixin.py:190} INFO - [2025-01-17T10:52:14.504+0000] {dag.py:4180} INFO - Setting next_dagrun for example_xcom to 2021-01-01 00:00:00+00:00, run_after=2021-01-01 00:00:00+00:00
[2025-01-17T10:52:14.527+0000] {processor.py:208} INFO - Processing /home/airflow/.local/lib/python3.12/site-packages/airflow/example_dags/example_xcom.py took 0.098 seconds
[2025-01-17T10:52:45.882+0000] {processor.py:186} INFO - Started process (PID=156) to work on /home/airflow/.local/lib/python3.12/site-packages/airflow/example_dags/example_xcom.py
[2025-01-17T10:52:45.883+0000] {processor.py:914} INFO - Processing file /home/airflow/.local/lib/python3.12/site-packages/airflow/example_dags/example_xcom.py for tasks to queue
[2025-01-17T10:52:45.886+0000] {logging_mixin.py:190} INFO - [2025-01-17T10:52:45.886+0000] {dagbag.py:588} INFO - Filling up the DagBag from /home/airflow/.local/lib/python3.12/site-packages/airflow/example_dags/example_xcom.py
[2025-01-17T10:52:45.895+0000] {processor.py:925} INFO - DAG(s) 'example_xcom' retrieved from /home/airflow/.local/lib/python3.12/site-packages/airflow/example_dags/example_xcom.py
[2025-01-17T10:52:45.919+0000] {logging_mixin.py:190} INFO - [2025-01-17T10:52:45.918+0000] {dag.py:3239} INFO - Sync 1 DAGs
[2025-01-17T10:52:45.941+0000] {logging_mixin.py:190} INFO - [2025-01-17T10:52:45.941+0000] {dag.py:4180} INFO - Setting next_dagrun for example_xcom to 2021-01-01 00:00:00+00:00, run_after=2021-01-01 00:00:00+00:00
[2025-01-17T10:52:45.965+0000] {processor.py:208} INFO - Processing /home/airflow/.local/lib/python3.12/site-packages/airflow/example_dags/example_xcom.py took 0.089 seconds
[2025-01-17T10:53:17.048+0000] {processor.py:186} INFO - Started process (PID=220) to work on /home/airflow/.local/lib/python3.12/site-packages/airflow/example_dags/example_xcom.py
[2025-01-17T10:53:17.049+0000] {processor.py:914} INFO - Processing file /home/airflow/.local/lib/python3.12/site-packages/airflow/example_dags/example_xcom.py for tasks to queue
[2025-01-17T10:53:17.053+0000] {logging_mixin.py:190} INFO - [2025-01-17T10:53:17.053+0000] {dagbag.py:588} INFO - Filling up the DagBag from /home/airflow/.local/lib/python3.12/site-packages/airflow/example_dags/example_xcom.py
[2025-01-17T10:53:17.062+0000] {processor.py:925} INFO - DAG(s) 'example_xcom' retrieved from /home/airflow/.local/lib/python3.12/site-packages/airflow/example_dags/example_xcom.py
[2025-01-17T10:53:17.085+0000] {logging_mixin.py:190} INFO - [2025-01-17T10:53:17.084+0000] {dag.py:3239} INFO - Sync 1 DAGs
[2025-01-17T10:53:17.108+0000] {logging_mixin.py:190} INFO - [2025-01-17T10:53:17.107+0000] {dag.py:4180} INFO - Setting next_dagrun for example_xcom to 2021-01-01 00:00:00+00:00, run_after=2021-01-01 00:00:00+00:00
[2025-01-17T10:53:17.132+0000] {processor.py:208} INFO - Processing /home/airflow/.local/lib/python3.12/site-packages/airflow/example_dags/example_xcom.py took 0.089 seconds
[2025-01-17T10:53:48.517+0000] {processor.py:186} INFO - Started process (PID=285) to work on /home/airflow/.local/lib/python3.12/site-packages/airflow/example_dags/example_xcom.py
[2025-01-17T10:53:48.518+0000] {processor.py:914} INFO - Processing file /home/airflow/.local/lib/python3.12/site-packages/airflow/example_dags/example_xcom.py for tasks to queue
[2025-01-17T10:53:48.522+0000] {logging_mixin.py:190} INFO - [2025-01-17T10:53:48.522+0000] {dagbag.py:588} INFO - Filling up the DagBag from /home/airflow/.local/lib/python3.12/site-packages/airflow/example_dags/example_xcom.py
[2025-01-17T10:53:48.531+0000] {processor.py:925} INFO - DAG(s) 'example_xcom' retrieved from /home/airflow/.local/lib/python3.12/site-packages/airflow/example_dags/example_xcom.py
[2025-01-17T10:53:48.553+0000] {logging_mixin.py:190} INFO - [2025-01-17T10:53:48.553+0000] {dag.py:3239} INFO - Sync 1 DAGs
[2025-01-17T10:53:48.577+0000] {logging_mixin.py:190} INFO - [2025-01-17T10:53:48.576+0000] {dag.py:4180} INFO - Setting next_dagrun for example_xcom to 2021-01-01 00:00:00+00:00, run_after=2021-01-01 00:00:00+00:00
[2025-01-17T10:53:48.600+0000] {processor.py:208} INFO - Processing /home/airflow/.local/lib/python3.12/site-packages/airflow/example_dags/example_xcom.py took 0.088 seconds
[2025-01-17T10:54:19.795+0000] {processor.py:186} INFO - Started process (PID=349) to work on /home/airflow/.local/lib/python3.12/site-packages/airflow/example_dags/example_xcom.py
[2025-01-17T10:54:19.796+0000] {processor.py:914} INFO - Processing file /home/airflow/.local/lib/python3.12/site-packages/airflow/example_dags/example_xcom.py for tasks to queue
[2025-01-17T10:54:19.799+0000] {logging_mixin.py:190} INFO - [2025-01-17T10:54:19.798+0000] {dagbag.py:588} INFO - Filling up the DagBag from /home/airflow/.local/lib/python3.12/site-packages/airflow/example_dags/example_xcom.py
[2025-01-17T10:54:19.808+0000] {processor.py:925} INFO - DAG(s) 'example_xcom' retrieved from /home/airflow/.local/lib/python3.12/site-packages/airflow/example_dags/example_xcom.py
[2025-01-17T10:54:19.830+0000] {logging_mixin.py:190} INFO - [2025-01-17T10:54:19.830+0000] {dag.py:3239} INFO - Sync 1 DAGs
[2025-01-17T10:54:19.853+0000] {logging_mixin.py:190} INFO - [2025-01-17T10:54:19.853+0000] {dag.py:4180} INFO - Setting next_dagrun for example_xcom to 2021-01-01 00:00:00+00:00, run_after=2021-01-01 00:00:00+00:00
[2025-01-17T10:54:19.876+0000] {processor.py:208} INFO - Processing /home/airflow/.local/lib/python3.12/site-packages/airflow/example_dags/example_xcom.py took 0.086 seconds
[2025-01-17T10:54:51.083+0000] {processor.py:186} INFO - Started process (PID=413) to work on /home/airflow/.local/lib/python3.12/site-packages/airflow/example_dags/example_xcom.py
[2025-01-17T10:54:51.084+0000] {processor.py:914} INFO - Processing file /home/airflow/.local/lib/python3.12/site-packages/airflow/example_dags/example_xcom.py for tasks to queue
[2025-01-17T10:54:51.087+0000] {logging_mixin.py:190} INFO - [2025-01-17T10:54:51.086+0000] {dagbag.py:588} INFO - Filling up the DagBag from /home/airflow/.local/lib/python3.12/site-packages/airflow/example_dags/example_xcom.py
[2025-01-17T10:54:51.096+0000] {processor.py:925} INFO - DAG(s) 'example_xcom' retrieved from /home/airflow/.local/lib/python3.12/site-packages/airflow/example_dags/example_xcom.py
[2025-01-17T10:54:51.122+0000] {logging_mixin.py:190} INFO - [2025-01-17T10:54:51.122+0000] {dag.py:3239} INFO - Sync 1 DAGs
[2025-01-17T10:54:51.144+0000] {logging_mixin.py:190} INFO - [2025-01-17T10:54:51.144+0000] {dag.py:4180} INFO - Setting next_dagrun for example_xcom to 2021-01-01 00:00:00+00:00, run_after=2021-01-01 00:00:00+00:00
[2025-01-17T10:54:51.170+0000] {processor.py:208} INFO - Processing /home/airflow/.local/lib/python3.12/site-packages/airflow/example_dags/example_xcom.py took 0.093 seconds
[2025-01-17T10:55:22.580+0000] {processor.py:186} INFO - Started process (PID=477) to work on /home/airflow/.local/lib/python3.12/site-packages/airflow/example_dags/example_xcom.py
[2025-01-17T10:55:22.581+0000] {processor.py:914} INFO - Processing file /home/airflow/.local/lib/python3.12/site-packages/airflow/example_dags/example_xcom.py for tasks to queue
[2025-01-17T10:55:22.584+0000] {logging_mixin.py:190} INFO - [2025-01-17T10:55:22.584+0000] {dagbag.py:588} INFO - Filling up the DagBag from /home/airflow/.local/lib/python3.12/site-packages/airflow/example_dags/example_xcom.py
[2025-01-17T10:55:22.594+0000] {processor.py:925} INFO - DAG(s) 'example_xcom' retrieved from /home/airflow/.local/lib/python3.12/site-packages/airflow/example_dags/example_xcom.py
[2025-01-17T10:55:22.618+0000] {logging_mixin.py:190} INFO - [2025-01-17T10:55:22.617+0000] {dag.py:3239} INFO - Sync 1 DAGs
[2025-01-17T10:55:22.643+0000] {logging_mixin.py:190} INFO - [2025-01-17T10:55:22.643+0000] {dag.py:4180} INFO - Setting next_dagrun for example_xcom to 2021-01-01 00:00:00+00:00, run_after=2021-01-01 00:00:00+00:00
[2025-01-17T10:55:22.667+0000] {processor.py:208} INFO - Processing /home/airflow/.local/lib/python3.12/site-packages/airflow/example_dags/example_xcom.py took 0.092 seconds
[2025-01-17T10:55:54.004+0000] {processor.py:186} INFO - Started process (PID=542) to work on /home/airflow/.local/lib/python3.12/site-packages/airflow/example_dags/example_xcom.py
[2025-01-17T10:55:54.006+0000] {processor.py:914} INFO - Processing file /home/airflow/.local/lib/python3.12/site-packages/airflow/example_dags/example_xcom.py for tasks to queue
[2025-01-17T10:55:54.008+0000] {logging_mixin.py:190} INFO - [2025-01-17T10:55:54.008+0000] {dagbag.py:588} INFO - Filling up the DagBag from /home/airflow/.local/lib/python3.12/site-packages/airflow/example_dags/example_xcom.py
[2025-01-17T10:55:54.018+0000] {processor.py:925} INFO - DAG(s) 'example_xcom' retrieved from /home/airflow/.local/lib/python3.12/site-packages/airflow/example_dags/example_xcom.py
[2025-01-17T10:55:54.043+0000] {logging_mixin.py:190} INFO - [2025-01-17T10:55:54.042+0000] {dag.py:3239} INFO - Sync 1 DAGs
[2025-01-17T10:55:54.066+0000] {logging_mixin.py:190} INFO - [2025-01-17T10:55:54.066+0000] {dag.py:4180} INFO - Setting next_dagrun for example_xcom to 2021-01-01 00:00:00+00:00, run_after=2021-01-01 00:00:00+00:00
[2025-01-17T10:55:54.089+0000] {processor.py:208} INFO - Processing /home/airflow/.local/lib/python3.12/site-packages/airflow/example_dags/example_xcom.py took 0.090 seconds
[2025-01-17T10:56:25.200+0000] {processor.py:186} INFO - Started process (PID=606) to work on /home/airflow/.local/lib/python3.12/site-packages/airflow/example_dags/example_xcom.py
[2025-01-17T10:56:25.201+0000] {processor.py:914} INFO - Processing file /home/airflow/.local/lib/python3.12/site-packages/airflow/example_dags/example_xcom.py for tasks to queue
[2025-01-17T10:56:25.204+0000] {logging_mixin.py:190} INFO - [2025-01-17T10:56:25.204+0000] {dagbag.py:588} INFO - Filling up the DagBag from /home/airflow/.local/lib/python3.12/site-packages/airflow/example_dags/example_xcom.py
[2025-01-17T10:56:25.213+0000] {processor.py:925} INFO - DAG(s) 'example_xcom' retrieved from /home/airflow/.local/lib/python3.12/site-packages/airflow/example_dags/example_xcom.py
[2025-01-17T10:56:25.257+0000] {logging_mixin.py:190} INFO - [2025-01-17T10:56:25.257+0000] {dag.py:3239} INFO - Sync 1 DAGs
[2025-01-17T10:56:25.285+0000] {logging_mixin.py:190} INFO - [2025-01-17T10:56:25.285+0000] {dag.py:4180} INFO - Setting next_dagrun for example_xcom to 2021-01-01 00:00:00+00:00, run_after=2021-01-01 00:00:00+00:00
[2025-01-17T10:56:25.308+0000] {processor.py:208} INFO - Processing /home/airflow/.local/lib/python3.12/site-packages/airflow/example_dags/example_xcom.py took 0.113 seconds
[2025-01-17T10:56:56.823+0000] {processor.py:186} INFO - Started process (PID=671) to work on /home/airflow/.local/lib/python3.12/site-packages/airflow/example_dags/example_xcom.py
[2025-01-17T10:56:56.824+0000] {processor.py:914} INFO - Processing file /home/airflow/.local/lib/python3.12/site-packages/airflow/example_dags/example_xcom.py for tasks to queue
[2025-01-17T10:56:56.827+0000] {logging_mixin.py:190} INFO - [2025-01-17T10:56:56.827+0000] {dagbag.py:588} INFO - Filling up the DagBag from /home/airflow/.local/lib/python3.12/site-packages/airflow/example_dags/example_xcom.py
[2025-01-17T10:56:56.836+0000] {processor.py:925} INFO - DAG(s) 'example_xcom' retrieved from /home/airflow/.local/lib/python3.12/site-packages/airflow/example_dags/example_xcom.py
[2025-01-17T10:56:56.860+0000] {logging_mixin.py:190} INFO - [2025-01-17T10:56:56.860+0000] {dag.py:3239} INFO - Sync 1 DAGs
[2025-01-17T10:56:56.886+0000] {logging_mixin.py:190} INFO - [2025-01-17T10:56:56.886+0000] {dag.py:4180} INFO - Setting next_dagrun for example_xcom to 2021-01-01 00:00:00+00:00, run_after=2021-01-01 00:00:00+00:00
[2025-01-17T10:56:56.912+0000] {processor.py:208} INFO - Processing /home/airflow/.local/lib/python3.12/site-packages/airflow/example_dags/example_xcom.py took 0.094 seconds
[2025-01-17T10:57:27.571+0000] {processor.py:186} INFO - Started process (PID=735) to work on /home/airflow/.local/lib/python3.12/site-packages/airflow/example_dags/example_xcom.py
[2025-01-17T10:57:27.572+0000] {processor.py:914} INFO - Processing file /home/airflow/.local/lib/python3.12/site-packages/airflow/example_dags/example_xcom.py for tasks to queue
[2025-01-17T10:57:27.576+0000] {logging_mixin.py:190} INFO - [2025-01-17T10:57:27.576+0000] {dagbag.py:588} INFO - Filling up the DagBag from /home/airflow/.local/lib/python3.12/site-packages/airflow/example_dags/example_xcom.py
[2025-01-17T10:57:27.585+0000] {processor.py:925} INFO - DAG(s) 'example_xcom' retrieved from /home/airflow/.local/lib/python3.12/site-packages/airflow/example_dags/example_xcom.py
[2025-01-17T10:57:27.607+0000] {logging_mixin.py:190} INFO - [2025-01-17T10:57:27.607+0000] {dag.py:3239} INFO - Sync 1 DAGs
[2025-01-17T10:57:27.632+0000] {logging_mixin.py:190} INFO - [2025-01-17T10:57:27.632+0000] {dag.py:4180} INFO - Setting next_dagrun for example_xcom to 2021-01-01 00:00:00+00:00, run_after=2021-01-01 00:00:00+00:00
[2025-01-17T10:57:27.654+0000] {processor.py:208} INFO - Processing /home/airflow/.local/lib/python3.12/site-packages/airflow/example_dags/example_xcom.py took 0.088 seconds
[2025-01-17T10:57:59.188+0000] {processor.py:186} INFO - Started process (PID=799) to work on /home/airflow/.local/lib/python3.12/site-packages/airflow/example_dags/example_xcom.py
[2025-01-17T10:57:59.189+0000] {processor.py:914} INFO - Processing file /home/airflow/.local/lib/python3.12/site-packages/airflow/example_dags/example_xcom.py for tasks to queue
[2025-01-17T10:57:59.192+0000] {logging_mixin.py:190} INFO - [2025-01-17T10:57:59.192+0000] {dagbag.py:588} INFO - Filling up the DagBag from /home/airflow/.local/lib/python3.12/site-packages/airflow/example_dags/example_xcom.py
[2025-01-17T10:57:59.201+0000] {processor.py:925} INFO - DAG(s) 'example_xcom' retrieved from /home/airflow/.local/lib/python3.12/site-packages/airflow/example_dags/example_xcom.py
[2025-01-17T10:57:59.238+0000] {logging_mixin.py:190} INFO - [2025-01-17T10:57:59.238+0000] {dag.py:3239} INFO - Sync 1 DAGs
[2025-01-17T10:57:59.269+0000] {logging_mixin.py:190} INFO - [2025-01-17T10:57:59.269+0000] {dag.py:4180} INFO - Setting next_dagrun for example_xcom to 2021-01-01 00:00:00+00:00, run_after=2021-01-01 00:00:00+00:00
[2025-01-17T10:57:59.294+0000] {processor.py:208} INFO - Processing /home/airflow/.local/lib/python3.12/site-packages/airflow/example_dags/example_xcom.py took 0.112 seconds
[2025-01-17T10:58:31.169+0000] {processor.py:186} INFO - Started process (PID=863) to work on /home/airflow/.local/lib/python3.12/site-packages/airflow/example_dags/example_xcom.py
[2025-01-17T10:58:31.171+0000] {processor.py:914} INFO - Processing file /home/airflow/.local/lib/python3.12/site-packages/airflow/example_dags/example_xcom.py for tasks to queue
[2025-01-17T10:58:31.174+0000] {logging_mixin.py:190} INFO - [2025-01-17T10:58:31.173+0000] {dagbag.py:588} INFO - Filling up the DagBag from /home/airflow/.local/lib/python3.12/site-packages/airflow/example_dags/example_xcom.py
[2025-01-17T10:58:31.183+0000] {processor.py:925} INFO - DAG(s) 'example_xcom' retrieved from /home/airflow/.local/lib/python3.12/site-packages/airflow/example_dags/example_xcom.py
[2025-01-17T10:58:31.205+0000] {logging_mixin.py:190} INFO - [2025-01-17T10:58:31.205+0000] {dag.py:3239} INFO - Sync 1 DAGs
[2025-01-17T10:58:31.228+0000] {logging_mixin.py:190} INFO - [2025-01-17T10:58:31.228+0000] {dag.py:4180} INFO - Setting next_dagrun for example_xcom to 2021-01-01 00:00:00+00:00, run_after=2021-01-01 00:00:00+00:00
[2025-01-17T10:58:31.251+0000] {processor.py:208} INFO - Processing /home/airflow/.local/lib/python3.12/site-packages/airflow/example_dags/example_xcom.py took 0.086 seconds
[2025-01-17T10:59:01.817+0000] {processor.py:186} INFO - Started process (PID=927) to work on /home/airflow/.local/lib/python3.12/site-packages/airflow/example_dags/example_xcom.py
[2025-01-17T10:59:01.818+0000] {processor.py:914} INFO - Processing file /home/airflow/.local/lib/python3.12/site-packages/airflow/example_dags/example_xcom.py for tasks to queue
[2025-01-17T10:59:01.820+0000] {logging_mixin.py:190} INFO - [2025-01-17T10:59:01.820+0000] {dagbag.py:588} INFO - Filling up the DagBag from /home/airflow/.local/lib/python3.12/site-packages/airflow/example_dags/example_xcom.py
[2025-01-17T10:59:01.829+0000] {processor.py:925} INFO - DAG(s) 'example_xcom' retrieved from /home/airflow/.local/lib/python3.12/site-packages/airflow/example_dags/example_xcom.py
[2025-01-17T10:59:01.854+0000] {logging_mixin.py:190} INFO - [2025-01-17T10:59:01.854+0000] {dag.py:3239} INFO - Sync 1 DAGs
[2025-01-17T10:59:01.879+0000] {logging_mixin.py:190} INFO - [2025-01-17T10:59:01.878+0000] {dag.py:4180} INFO - Setting next_dagrun for example_xcom to 2021-01-01 00:00:00+00:00, run_after=2021-01-01 00:00:00+00:00
[2025-01-17T10:59:01.902+0000] {processor.py:208} INFO - Processing /home/airflow/.local/lib/python3.12/site-packages/airflow/example_dags/example_xcom.py took 0.091 seconds
[2025-01-17T10:59:33.090+0000] {processor.py:186} INFO - Started process (PID=991) to work on /home/airflow/.local/lib/python3.12/site-packages/airflow/example_dags/example_xcom.py
[2025-01-17T10:59:33.091+0000] {processor.py:914} INFO - Processing file /home/airflow/.local/lib/python3.12/site-packages/airflow/example_dags/example_xcom.py for tasks to queue
[2025-01-17T10:59:33.095+0000] {logging_mixin.py:190} INFO - [2025-01-17T10:59:33.094+0000] {dagbag.py:588} INFO - Filling up the DagBag from /home/airflow/.local/lib/python3.12/site-packages/airflow/example_dags/example_xcom.py
[2025-01-17T10:59:33.105+0000] {processor.py:925} INFO - DAG(s) 'example_xcom' retrieved from /home/airflow/.local/lib/python3.12/site-packages/airflow/example_dags/example_xcom.py
[2025-01-17T10:59:33.127+0000] {logging_mixin.py:190} INFO - [2025-01-17T10:59:33.127+0000] {dag.py:3239} INFO - Sync 1 DAGs
[2025-01-17T10:59:33.150+0000] {logging_mixin.py:190} INFO - [2025-01-17T10:59:33.150+0000] {dag.py:4180} INFO - Setting next_dagrun for example_xcom to 2021-01-01 00:00:00+00:00, run_after=2021-01-01 00:00:00+00:00
[2025-01-17T10:59:33.173+0000] {processor.py:208} INFO - Processing /home/airflow/.local/lib/python3.12/site-packages/airflow/example_dags/example_xcom.py took 0.089 seconds
[2025-01-17T11:00:04.169+0000] {processor.py:186} INFO - Started process (PID=1055) to work on /home/airflow/.local/lib/python3.12/site-packages/airflow/example_dags/example_xcom.py
[2025-01-17T11:00:04.170+0000] {processor.py:914} INFO - Processing file /home/airflow/.local/lib/python3.12/site-packages/airflow/example_dags/example_xcom.py for tasks to queue
[2025-01-17T11:00:04.173+0000] {logging_mixin.py:190} INFO - [2025-01-17T11:00:04.172+0000] {dagbag.py:588} INFO - Filling up the DagBag from /home/airflow/.local/lib/python3.12/site-packages/airflow/example_dags/example_xcom.py
[2025-01-17T11:00:04.182+0000] {processor.py:925} INFO - DAG(s) 'example_xcom' retrieved from /home/airflow/.local/lib/python3.12/site-packages/airflow/example_dags/example_xcom.py
[2025-01-17T11:00:04.206+0000] {logging_mixin.py:190} INFO - [2025-01-17T11:00:04.206+0000] {dag.py:3239} INFO - Sync 1 DAGs
[2025-01-17T11:00:04.231+0000] {logging_mixin.py:190} INFO - [2025-01-17T11:00:04.231+0000] {dag.py:4180} INFO - Setting next_dagrun for example_xcom to 2021-01-01 00:00:00+00:00, run_after=2021-01-01 00:00:00+00:00
[2025-01-17T11:00:04.257+0000] {processor.py:208} INFO - Processing /home/airflow/.local/lib/python3.12/site-packages/airflow/example_dags/example_xcom.py took 0.094 seconds
[2025-01-17T11:22:01.674+0000] {processor.py:186} INFO - Started process (PID=79) to work on /home/airflow/.local/lib/python3.12/site-packages/airflow/example_dags/example_xcom.py
[2025-01-17T11:22:01.675+0000] {processor.py:914} INFO - Processing file /home/airflow/.local/lib/python3.12/site-packages/airflow/example_dags/example_xcom.py for tasks to queue
[2025-01-17T11:22:01.680+0000] {logging_mixin.py:190} INFO - [2025-01-17T11:22:01.678+0000] {dagbag.py:588} INFO - Filling up the DagBag from /home/airflow/.local/lib/python3.12/site-packages/airflow/example_dags/example_xcom.py
[2025-01-17T11:22:01.689+0000] {processor.py:925} INFO - DAG(s) 'example_xcom' retrieved from /home/airflow/.local/lib/python3.12/site-packages/airflow/example_dags/example_xcom.py
[2025-01-17T11:22:01.719+0000] {logging_mixin.py:190} INFO - [2025-01-17T11:22:01.718+0000] {dag.py:3239} INFO - Sync 1 DAGs
[2025-01-17T11:22:01.741+0000] {logging_mixin.py:190} INFO - [2025-01-17T11:22:01.740+0000] {dag.py:4180} INFO - Setting next_dagrun for example_xcom to 2021-01-01 00:00:00+00:00, run_after=2021-01-01 00:00:00+00:00
[2025-01-17T11:22:01.764+0000] {processor.py:208} INFO - Processing /home/airflow/.local/lib/python3.12/site-packages/airflow/example_dags/example_xcom.py took 0.095 seconds
[2025-01-17T11:22:32.632+0000] {processor.py:186} INFO - Started process (PID=143) to work on /home/airflow/.local/lib/python3.12/site-packages/airflow/example_dags/example_xcom.py
[2025-01-17T11:22:32.634+0000] {processor.py:914} INFO - Processing file /home/airflow/.local/lib/python3.12/site-packages/airflow/example_dags/example_xcom.py for tasks to queue
[2025-01-17T11:22:32.637+0000] {logging_mixin.py:190} INFO - [2025-01-17T11:22:32.637+0000] {dagbag.py:588} INFO - Filling up the DagBag from /home/airflow/.local/lib/python3.12/site-packages/airflow/example_dags/example_xcom.py
[2025-01-17T11:22:32.646+0000] {processor.py:925} INFO - DAG(s) 'example_xcom' retrieved from /home/airflow/.local/lib/python3.12/site-packages/airflow/example_dags/example_xcom.py
[2025-01-17T11:22:32.670+0000] {logging_mixin.py:190} INFO - [2025-01-17T11:22:32.670+0000] {dag.py:3239} INFO - Sync 1 DAGs
[2025-01-17T11:22:32.692+0000] {logging_mixin.py:190} INFO - [2025-01-17T11:22:32.691+0000] {dag.py:4180} INFO - Setting next_dagrun for example_xcom to 2021-01-01 00:00:00+00:00, run_after=2021-01-01 00:00:00+00:00
[2025-01-17T11:22:32.715+0000] {processor.py:208} INFO - Processing /home/airflow/.local/lib/python3.12/site-packages/airflow/example_dags/example_xcom.py took 0.088 seconds
[2025-01-17T11:23:04.003+0000] {processor.py:186} INFO - Started process (PID=213) to work on /home/airflow/.local/lib/python3.12/site-packages/airflow/example_dags/example_xcom.py
[2025-01-17T11:23:04.004+0000] {processor.py:914} INFO - Processing file /home/airflow/.local/lib/python3.12/site-packages/airflow/example_dags/example_xcom.py for tasks to queue
[2025-01-17T11:23:04.007+0000] {logging_mixin.py:190} INFO - [2025-01-17T11:23:04.007+0000] {dagbag.py:588} INFO - Filling up the DagBag from /home/airflow/.local/lib/python3.12/site-packages/airflow/example_dags/example_xcom.py
[2025-01-17T11:23:04.016+0000] {processor.py:925} INFO - DAG(s) 'example_xcom' retrieved from /home/airflow/.local/lib/python3.12/site-packages/airflow/example_dags/example_xcom.py
[2025-01-17T11:23:04.039+0000] {logging_mixin.py:190} INFO - [2025-01-17T11:23:04.038+0000] {dag.py:3239} INFO - Sync 1 DAGs
[2025-01-17T11:23:04.061+0000] {logging_mixin.py:190} INFO - [2025-01-17T11:23:04.061+0000] {dag.py:4180} INFO - Setting next_dagrun for example_xcom to 2021-01-01 00:00:00+00:00, run_after=2021-01-01 00:00:00+00:00
[2025-01-17T11:23:04.084+0000] {processor.py:208} INFO - Processing /home/airflow/.local/lib/python3.12/site-packages/airflow/example_dags/example_xcom.py took 0.087 seconds
[2025-01-17T11:23:35.701+0000] {processor.py:186} INFO - Started process (PID=277) to work on /home/airflow/.local/lib/python3.12/site-packages/airflow/example_dags/example_xcom.py
[2025-01-17T11:23:35.702+0000] {processor.py:914} INFO - Processing file /home/airflow/.local/lib/python3.12/site-packages/airflow/example_dags/example_xcom.py for tasks to queue
[2025-01-17T11:23:35.705+0000] {logging_mixin.py:190} INFO - [2025-01-17T11:23:35.705+0000] {dagbag.py:588} INFO - Filling up the DagBag from /home/airflow/.local/lib/python3.12/site-packages/airflow/example_dags/example_xcom.py
[2025-01-17T11:23:35.714+0000] {processor.py:925} INFO - DAG(s) 'example_xcom' retrieved from /home/airflow/.local/lib/python3.12/site-packages/airflow/example_dags/example_xcom.py
[2025-01-17T11:23:35.737+0000] {logging_mixin.py:190} INFO - [2025-01-17T11:23:35.737+0000] {dag.py:3239} INFO - Sync 1 DAGs
[2025-01-17T11:23:35.763+0000] {logging_mixin.py:190} INFO - [2025-01-17T11:23:35.763+0000] {dag.py:4180} INFO - Setting next_dagrun for example_xcom to 2021-01-01 00:00:00+00:00, run_after=2021-01-01 00:00:00+00:00
[2025-01-17T11:23:35.785+0000] {processor.py:208} INFO - Processing /home/airflow/.local/lib/python3.12/site-packages/airflow/example_dags/example_xcom.py took 0.091 seconds
[2025-01-17T11:24:06.938+0000] {processor.py:186} INFO - Started process (PID=341) to work on /home/airflow/.local/lib/python3.12/site-packages/airflow/example_dags/example_xcom.py
[2025-01-17T11:24:06.939+0000] {processor.py:914} INFO - Processing file /home/airflow/.local/lib/python3.12/site-packages/airflow/example_dags/example_xcom.py for tasks to queue
[2025-01-17T11:24:06.942+0000] {logging_mixin.py:190} INFO - [2025-01-17T11:24:06.942+0000] {dagbag.py:588} INFO - Filling up the DagBag from /home/airflow/.local/lib/python3.12/site-packages/airflow/example_dags/example_xcom.py
[2025-01-17T11:24:06.951+0000] {processor.py:925} INFO - DAG(s) 'example_xcom' retrieved from /home/airflow/.local/lib/python3.12/site-packages/airflow/example_dags/example_xcom.py
[2025-01-17T11:24:06.974+0000] {logging_mixin.py:190} INFO - [2025-01-17T11:24:06.974+0000] {dag.py:3239} INFO - Sync 1 DAGs
[2025-01-17T11:24:06.998+0000] {logging_mixin.py:190} INFO - [2025-01-17T11:24:06.997+0000] {dag.py:4180} INFO - Setting next_dagrun for example_xcom to 2021-01-01 00:00:00+00:00, run_after=2021-01-01 00:00:00+00:00
[2025-01-17T11:24:07.020+0000] {processor.py:208} INFO - Processing /home/airflow/.local/lib/python3.12/site-packages/airflow/example_dags/example_xcom.py took 0.088 seconds
[2025-01-17T11:24:38.134+0000] {processor.py:186} INFO - Started process (PID=405) to work on /home/airflow/.local/lib/python3.12/site-packages/airflow/example_dags/example_xcom.py
[2025-01-17T11:24:38.136+0000] {processor.py:914} INFO - Processing file /home/airflow/.local/lib/python3.12/site-packages/airflow/example_dags/example_xcom.py for tasks to queue
[2025-01-17T11:24:38.140+0000] {logging_mixin.py:190} INFO - [2025-01-17T11:24:38.139+0000] {dagbag.py:588} INFO - Filling up the DagBag from /home/airflow/.local/lib/python3.12/site-packages/airflow/example_dags/example_xcom.py
[2025-01-17T11:24:38.158+0000] {processor.py:925} INFO - DAG(s) 'example_xcom' retrieved from /home/airflow/.local/lib/python3.12/site-packages/airflow/example_dags/example_xcom.py
[2025-01-17T11:24:38.186+0000] {logging_mixin.py:190} INFO - [2025-01-17T11:24:38.185+0000] {dag.py:3239} INFO - Sync 1 DAGs
[2025-01-17T11:24:38.212+0000] {logging_mixin.py:190} INFO - [2025-01-17T11:24:38.211+0000] {dag.py:4180} INFO - Setting next_dagrun for example_xcom to 2021-01-01 00:00:00+00:00, run_after=2021-01-01 00:00:00+00:00
[2025-01-17T11:24:38.235+0000] {processor.py:208} INFO - Processing /home/airflow/.local/lib/python3.12/site-packages/airflow/example_dags/example_xcom.py took 0.105 seconds
[2025-01-17T11:25:09.622+0000] {processor.py:186} INFO - Started process (PID=469) to work on /home/airflow/.local/lib/python3.12/site-packages/airflow/example_dags/example_xcom.py
[2025-01-17T11:25:09.624+0000] {processor.py:914} INFO - Processing file /home/airflow/.local/lib/python3.12/site-packages/airflow/example_dags/example_xcom.py for tasks to queue
[2025-01-17T11:25:09.627+0000] {logging_mixin.py:190} INFO - [2025-01-17T11:25:09.627+0000] {dagbag.py:588} INFO - Filling up the DagBag from /home/airflow/.local/lib/python3.12/site-packages/airflow/example_dags/example_xcom.py
[2025-01-17T11:25:09.636+0000] {processor.py:925} INFO - DAG(s) 'example_xcom' retrieved from /home/airflow/.local/lib/python3.12/site-packages/airflow/example_dags/example_xcom.py
[2025-01-17T11:25:09.660+0000] {logging_mixin.py:190} INFO - [2025-01-17T11:25:09.660+0000] {dag.py:3239} INFO - Sync 1 DAGs
[2025-01-17T11:25:09.685+0000] {logging_mixin.py:190} INFO - [2025-01-17T11:25:09.685+0000] {dag.py:4180} INFO - Setting next_dagrun for example_xcom to 2021-01-01 00:00:00+00:00, run_after=2021-01-01 00:00:00+00:00
[2025-01-17T11:25:09.708+0000] {processor.py:208} INFO - Processing /home/airflow/.local/lib/python3.12/site-packages/airflow/example_dags/example_xcom.py took 0.091 seconds
[2025-01-17T11:25:41.129+0000] {processor.py:186} INFO - Started process (PID=534) to work on /home/airflow/.local/lib/python3.12/site-packages/airflow/example_dags/example_xcom.py
[2025-01-17T11:25:41.131+0000] {processor.py:914} INFO - Processing file /home/airflow/.local/lib/python3.12/site-packages/airflow/example_dags/example_xcom.py for tasks to queue
[2025-01-17T11:25:41.133+0000] {logging_mixin.py:190} INFO - [2025-01-17T11:25:41.133+0000] {dagbag.py:588} INFO - Filling up the DagBag from /home/airflow/.local/lib/python3.12/site-packages/airflow/example_dags/example_xcom.py
[2025-01-17T11:25:41.143+0000] {processor.py:925} INFO - DAG(s) 'example_xcom' retrieved from /home/airflow/.local/lib/python3.12/site-packages/airflow/example_dags/example_xcom.py
[2025-01-17T11:25:41.169+0000] {logging_mixin.py:190} INFO - [2025-01-17T11:25:41.169+0000] {dag.py:3239} INFO - Sync 1 DAGs
[2025-01-17T11:25:41.195+0000] {logging_mixin.py:190} INFO - [2025-01-17T11:25:41.195+0000] {dag.py:4180} INFO - Setting next_dagrun for example_xcom to 2021-01-01 00:00:00+00:00, run_after=2021-01-01 00:00:00+00:00
[2025-01-17T11:25:41.221+0000] {processor.py:208} INFO - Processing /home/airflow/.local/lib/python3.12/site-packages/airflow/example_dags/example_xcom.py took 0.097 seconds
[2025-01-17T11:26:11.887+0000] {processor.py:186} INFO - Started process (PID=598) to work on /home/airflow/.local/lib/python3.12/site-packages/airflow/example_dags/example_xcom.py
[2025-01-17T11:26:11.889+0000] {processor.py:914} INFO - Processing file /home/airflow/.local/lib/python3.12/site-packages/airflow/example_dags/example_xcom.py for tasks to queue
[2025-01-17T11:26:11.892+0000] {logging_mixin.py:190} INFO - [2025-01-17T11:26:11.891+0000] {dagbag.py:588} INFO - Filling up the DagBag from /home/airflow/.local/lib/python3.12/site-packages/airflow/example_dags/example_xcom.py
[2025-01-17T11:26:11.901+0000] {processor.py:925} INFO - DAG(s) 'example_xcom' retrieved from /home/airflow/.local/lib/python3.12/site-packages/airflow/example_dags/example_xcom.py
[2025-01-17T11:26:11.924+0000] {logging_mixin.py:190} INFO - [2025-01-17T11:26:11.923+0000] {dag.py:3239} INFO - Sync 1 DAGs
[2025-01-17T11:26:11.951+0000] {logging_mixin.py:190} INFO - [2025-01-17T11:26:11.950+0000] {dag.py:4180} INFO - Setting next_dagrun for example_xcom to 2021-01-01 00:00:00+00:00, run_after=2021-01-01 00:00:00+00:00
[2025-01-17T11:26:11.979+0000] {processor.py:208} INFO - Processing /home/airflow/.local/lib/python3.12/site-packages/airflow/example_dags/example_xcom.py took 0.097 seconds
[2025-01-17T11:26:43.242+0000] {processor.py:186} INFO - Started process (PID=662) to work on /home/airflow/.local/lib/python3.12/site-packages/airflow/example_dags/example_xcom.py
[2025-01-17T11:26:43.243+0000] {processor.py:914} INFO - Processing file /home/airflow/.local/lib/python3.12/site-packages/airflow/example_dags/example_xcom.py for tasks to queue
[2025-01-17T11:26:43.246+0000] {logging_mixin.py:190} INFO - [2025-01-17T11:26:43.246+0000] {dagbag.py:588} INFO - Filling up the DagBag from /home/airflow/.local/lib/python3.12/site-packages/airflow/example_dags/example_xcom.py
[2025-01-17T11:26:43.255+0000] {processor.py:925} INFO - DAG(s) 'example_xcom' retrieved from /home/airflow/.local/lib/python3.12/site-packages/airflow/example_dags/example_xcom.py
[2025-01-17T11:26:43.279+0000] {logging_mixin.py:190} INFO - [2025-01-17T11:26:43.279+0000] {dag.py:3239} INFO - Sync 1 DAGs
[2025-01-17T11:26:43.302+0000] {logging_mixin.py:190} INFO - [2025-01-17T11:26:43.302+0000] {dag.py:4180} INFO - Setting next_dagrun for example_xcom to 2021-01-01 00:00:00+00:00, run_after=2021-01-01 00:00:00+00:00
[2025-01-17T11:26:43.327+0000] {processor.py:208} INFO - Processing /home/airflow/.local/lib/python3.12/site-packages/airflow/example_dags/example_xcom.py took 0.090 seconds
[2025-01-17T11:27:14.774+0000] {processor.py:186} INFO - Started process (PID=726) to work on /home/airflow/.local/lib/python3.12/site-packages/airflow/example_dags/example_xcom.py
[2025-01-17T11:27:14.775+0000] {processor.py:914} INFO - Processing file /home/airflow/.local/lib/python3.12/site-packages/airflow/example_dags/example_xcom.py for tasks to queue
[2025-01-17T11:27:14.778+0000] {logging_mixin.py:190} INFO - [2025-01-17T11:27:14.778+0000] {dagbag.py:588} INFO - Filling up the DagBag from /home/airflow/.local/lib/python3.12/site-packages/airflow/example_dags/example_xcom.py
[2025-01-17T11:27:14.789+0000] {processor.py:925} INFO - DAG(s) 'example_xcom' retrieved from /home/airflow/.local/lib/python3.12/site-packages/airflow/example_dags/example_xcom.py
[2025-01-17T11:27:14.814+0000] {logging_mixin.py:190} INFO - [2025-01-17T11:27:14.814+0000] {dag.py:3239} INFO - Sync 1 DAGs
[2025-01-17T11:27:14.838+0000] {logging_mixin.py:190} INFO - [2025-01-17T11:27:14.838+0000] {dag.py:4180} INFO - Setting next_dagrun for example_xcom to 2021-01-01 00:00:00+00:00, run_after=2021-01-01 00:00:00+00:00
[2025-01-17T11:27:14.864+0000] {processor.py:208} INFO - Processing /home/airflow/.local/lib/python3.12/site-packages/airflow/example_dags/example_xcom.py took 0.096 seconds
[2025-01-17T11:27:46.110+0000] {processor.py:186} INFO - Started process (PID=790) to work on /home/airflow/.local/lib/python3.12/site-packages/airflow/example_dags/example_xcom.py
[2025-01-17T11:27:46.111+0000] {processor.py:914} INFO - Processing file /home/airflow/.local/lib/python3.12/site-packages/airflow/example_dags/example_xcom.py for tasks to queue
[2025-01-17T11:27:46.114+0000] {logging_mixin.py:190} INFO - [2025-01-17T11:27:46.114+0000] {dagbag.py:588} INFO - Filling up the DagBag from /home/airflow/.local/lib/python3.12/site-packages/airflow/example_dags/example_xcom.py
[2025-01-17T11:27:46.128+0000] {processor.py:925} INFO - DAG(s) 'example_xcom' retrieved from /home/airflow/.local/lib/python3.12/site-packages/airflow/example_dags/example_xcom.py
[2025-01-17T11:27:46.155+0000] {logging_mixin.py:190} INFO - [2025-01-17T11:27:46.154+0000] {dag.py:3239} INFO - Sync 1 DAGs
[2025-01-17T11:27:46.186+0000] {logging_mixin.py:190} INFO - [2025-01-17T11:27:46.186+0000] {dag.py:4180} INFO - Setting next_dagrun for example_xcom to 2021-01-01 00:00:00+00:00, run_after=2021-01-01 00:00:00+00:00
[2025-01-17T11:27:46.223+0000] {processor.py:208} INFO - Processing /home/airflow/.local/lib/python3.12/site-packages/airflow/example_dags/example_xcom.py took 0.119 seconds
[2025-01-17T11:28:16.966+0000] {processor.py:186} INFO - Started process (PID=854) to work on /home/airflow/.local/lib/python3.12/site-packages/airflow/example_dags/example_xcom.py
[2025-01-17T11:28:16.968+0000] {processor.py:914} INFO - Processing file /home/airflow/.local/lib/python3.12/site-packages/airflow/example_dags/example_xcom.py for tasks to queue
[2025-01-17T11:28:16.971+0000] {logging_mixin.py:190} INFO - [2025-01-17T11:28:16.971+0000] {dagbag.py:588} INFO - Filling up the DagBag from /home/airflow/.local/lib/python3.12/site-packages/airflow/example_dags/example_xcom.py
[2025-01-17T11:28:16.980+0000] {processor.py:925} INFO - DAG(s) 'example_xcom' retrieved from /home/airflow/.local/lib/python3.12/site-packages/airflow/example_dags/example_xcom.py
[2025-01-17T11:28:17.004+0000] {logging_mixin.py:190} INFO - [2025-01-17T11:28:17.003+0000] {dag.py:3239} INFO - Sync 1 DAGs
[2025-01-17T11:28:17.030+0000] {logging_mixin.py:190} INFO - [2025-01-17T11:28:17.030+0000] {dag.py:4180} INFO - Setting next_dagrun for example_xcom to 2021-01-01 00:00:00+00:00, run_after=2021-01-01 00:00:00+00:00
[2025-01-17T11:28:17.054+0000] {processor.py:208} INFO - Processing /home/airflow/.local/lib/python3.12/site-packages/airflow/example_dags/example_xcom.py took 0.093 seconds
[2025-01-17T11:28:47.901+0000] {processor.py:186} INFO - Started process (PID=919) to work on /home/airflow/.local/lib/python3.12/site-packages/airflow/example_dags/example_xcom.py
[2025-01-17T11:28:47.903+0000] {processor.py:914} INFO - Processing file /home/airflow/.local/lib/python3.12/site-packages/airflow/example_dags/example_xcom.py for tasks to queue
[2025-01-17T11:28:47.906+0000] {logging_mixin.py:190} INFO - [2025-01-17T11:28:47.905+0000] {dagbag.py:588} INFO - Filling up the DagBag from /home/airflow/.local/lib/python3.12/site-packages/airflow/example_dags/example_xcom.py
[2025-01-17T11:28:47.915+0000] {processor.py:925} INFO - DAG(s) 'example_xcom' retrieved from /home/airflow/.local/lib/python3.12/site-packages/airflow/example_dags/example_xcom.py
[2025-01-17T11:28:47.940+0000] {logging_mixin.py:190} INFO - [2025-01-17T11:28:47.940+0000] {dag.py:3239} INFO - Sync 1 DAGs
[2025-01-17T11:28:47.971+0000] {logging_mixin.py:190} INFO - [2025-01-17T11:28:47.970+0000] {dag.py:4180} INFO - Setting next_dagrun for example_xcom to 2021-01-01 00:00:00+00:00, run_after=2021-01-01 00:00:00+00:00
[2025-01-17T11:28:48.006+0000] {processor.py:208} INFO - Processing /home/airflow/.local/lib/python3.12/site-packages/airflow/example_dags/example_xcom.py took 0.110 seconds
[2025-01-17T11:29:19.155+0000] {processor.py:186} INFO - Started process (PID=983) to work on /home/airflow/.local/lib/python3.12/site-packages/airflow/example_dags/example_xcom.py
[2025-01-17T11:29:19.156+0000] {processor.py:914} INFO - Processing file /home/airflow/.local/lib/python3.12/site-packages/airflow/example_dags/example_xcom.py for tasks to queue
[2025-01-17T11:29:19.159+0000] {logging_mixin.py:190} INFO - [2025-01-17T11:29:19.158+0000] {dagbag.py:588} INFO - Filling up the DagBag from /home/airflow/.local/lib/python3.12/site-packages/airflow/example_dags/example_xcom.py
[2025-01-17T11:29:19.169+0000] {processor.py:925} INFO - DAG(s) 'example_xcom' retrieved from /home/airflow/.local/lib/python3.12/site-packages/airflow/example_dags/example_xcom.py
[2025-01-17T11:29:19.194+0000] {logging_mixin.py:190} INFO - [2025-01-17T11:29:19.193+0000] {dag.py:3239} INFO - Sync 1 DAGs
[2025-01-17T11:29:19.215+0000] {logging_mixin.py:190} INFO - [2025-01-17T11:29:19.215+0000] {dag.py:4180} INFO - Setting next_dagrun for example_xcom to 2021-01-01 00:00:00+00:00, run_after=2021-01-01 00:00:00+00:00
[2025-01-17T11:29:19.238+0000] {processor.py:208} INFO - Processing /home/airflow/.local/lib/python3.12/site-packages/airflow/example_dags/example_xcom.py took 0.089 seconds
