[2025-01-17T10:31:58.147+0000] {processor.py:186} INFO - Started process (PID=71) to work on /home/airflow/.local/lib/python3.12/site-packages/airflow/example_dags/example_xcomargs.py
[2025-01-17T10:31:58.150+0000] {processor.py:914} INFO - Processing file /home/airflow/.local/lib/python3.12/site-packages/airflow/example_dags/example_xcomargs.py for tasks to queue
[2025-01-17T10:31:58.155+0000] {logging_mixin.py:190} INFO - [2025-01-17T10:31:58.153+0000] {dagbag.py:588} INFO - Filling up the DagBag from /home/airflow/.local/lib/python3.12/site-packages/airflow/example_dags/example_xcomargs.py
[2025-01-17T10:31:58.188+0000] {processor.py:925} INFO - DAG(s) 'example_xcom_args', 'example_xcom_args_with_operators' retrieved from /home/airflow/.local/lib/python3.12/site-packages/airflow/example_dags/example_xcomargs.py
[2025-01-17T10:31:58.255+0000] {logging_mixin.py:190} INFO - [2025-01-17T10:31:58.254+0000] {dag.py:3239} INFO - Sync 2 DAGs
[2025-01-17T10:31:58.290+0000] {logging_mixin.py:190} INFO - [2025-01-17T10:31:58.289+0000] {dag.py:4180} INFO - Setting next_dagrun for example_xcom_args to None, run_after=None
[2025-01-17T10:31:58.297+0000] {logging_mixin.py:190} INFO - [2025-01-17T10:31:58.296+0000] {dag.py:4180} INFO - Setting next_dagrun for example_xcom_args_with_operators to None, run_after=None
[2025-01-17T10:31:58.329+0000] {processor.py:208} INFO - Processing /home/airflow/.local/lib/python3.12/site-packages/airflow/example_dags/example_xcomargs.py took 0.197 seconds
[2025-01-17T10:32:28.611+0000] {processor.py:186} INFO - Started process (PID=135) to work on /home/airflow/.local/lib/python3.12/site-packages/airflow/example_dags/example_xcomargs.py
[2025-01-17T10:32:28.612+0000] {processor.py:914} INFO - Processing file /home/airflow/.local/lib/python3.12/site-packages/airflow/example_dags/example_xcomargs.py for tasks to queue
[2025-01-17T10:32:28.616+0000] {logging_mixin.py:190} INFO - [2025-01-17T10:32:28.615+0000] {dagbag.py:588} INFO - Filling up the DagBag from /home/airflow/.local/lib/python3.12/site-packages/airflow/example_dags/example_xcomargs.py
[2025-01-17T10:32:28.632+0000] {processor.py:925} INFO - DAG(s) 'example_xcom_args', 'example_xcom_args_with_operators' retrieved from /home/airflow/.local/lib/python3.12/site-packages/airflow/example_dags/example_xcomargs.py
[2025-01-17T10:32:28.669+0000] {logging_mixin.py:190} INFO - [2025-01-17T10:32:28.669+0000] {dag.py:3239} INFO - Sync 2 DAGs
[2025-01-17T10:32:28.695+0000] {logging_mixin.py:190} INFO - [2025-01-17T10:32:28.695+0000] {dag.py:4180} INFO - Setting next_dagrun for example_xcom_args to None, run_after=None
[2025-01-17T10:32:28.701+0000] {logging_mixin.py:190} INFO - [2025-01-17T10:32:28.701+0000] {dag.py:4180} INFO - Setting next_dagrun for example_xcom_args_with_operators to None, run_after=None
[2025-01-17T10:32:28.731+0000] {processor.py:208} INFO - Processing /home/airflow/.local/lib/python3.12/site-packages/airflow/example_dags/example_xcomargs.py took 0.128 seconds
[2025-01-17T10:32:59.319+0000] {processor.py:186} INFO - Started process (PID=199) to work on /home/airflow/.local/lib/python3.12/site-packages/airflow/example_dags/example_xcomargs.py
[2025-01-17T10:32:59.321+0000] {processor.py:914} INFO - Processing file /home/airflow/.local/lib/python3.12/site-packages/airflow/example_dags/example_xcomargs.py for tasks to queue
[2025-01-17T10:32:59.327+0000] {logging_mixin.py:190} INFO - [2025-01-17T10:32:59.326+0000] {dagbag.py:588} INFO - Filling up the DagBag from /home/airflow/.local/lib/python3.12/site-packages/airflow/example_dags/example_xcomargs.py
[2025-01-17T10:32:59.355+0000] {processor.py:925} INFO - DAG(s) 'example_xcom_args_with_operators', 'example_xcom_args' retrieved from /home/airflow/.local/lib/python3.12/site-packages/airflow/example_dags/example_xcomargs.py
[2025-01-17T10:32:59.417+0000] {logging_mixin.py:190} INFO - [2025-01-17T10:32:59.416+0000] {dag.py:3239} INFO - Sync 2 DAGs
[2025-01-17T10:32:59.450+0000] {logging_mixin.py:190} INFO - [2025-01-17T10:32:59.450+0000] {dag.py:4180} INFO - Setting next_dagrun for example_xcom_args to None, run_after=None
[2025-01-17T10:32:59.457+0000] {logging_mixin.py:190} INFO - [2025-01-17T10:32:59.457+0000] {dag.py:4180} INFO - Setting next_dagrun for example_xcom_args_with_operators to None, run_after=None
[2025-01-17T10:32:59.489+0000] {processor.py:208} INFO - Processing /home/airflow/.local/lib/python3.12/site-packages/airflow/example_dags/example_xcomargs.py took 0.189 seconds
[2025-01-17T10:33:29.806+0000] {processor.py:186} INFO - Started process (PID=263) to work on /home/airflow/.local/lib/python3.12/site-packages/airflow/example_dags/example_xcomargs.py
[2025-01-17T10:33:29.808+0000] {processor.py:914} INFO - Processing file /home/airflow/.local/lib/python3.12/site-packages/airflow/example_dags/example_xcomargs.py for tasks to queue
[2025-01-17T10:33:29.813+0000] {logging_mixin.py:190} INFO - [2025-01-17T10:33:29.813+0000] {dagbag.py:588} INFO - Filling up the DagBag from /home/airflow/.local/lib/python3.12/site-packages/airflow/example_dags/example_xcomargs.py
[2025-01-17T10:33:29.837+0000] {processor.py:925} INFO - DAG(s) 'example_xcom_args_with_operators', 'example_xcom_args' retrieved from /home/airflow/.local/lib/python3.12/site-packages/airflow/example_dags/example_xcomargs.py
[2025-01-17T10:33:29.892+0000] {logging_mixin.py:190} INFO - [2025-01-17T10:33:29.892+0000] {dag.py:3239} INFO - Sync 2 DAGs
[2025-01-17T10:33:29.921+0000] {logging_mixin.py:190} INFO - [2025-01-17T10:33:29.920+0000] {dag.py:4180} INFO - Setting next_dagrun for example_xcom_args to None, run_after=None
[2025-01-17T10:33:29.928+0000] {logging_mixin.py:190} INFO - [2025-01-17T10:33:29.928+0000] {dag.py:4180} INFO - Setting next_dagrun for example_xcom_args_with_operators to None, run_after=None
[2025-01-17T10:33:29.969+0000] {processor.py:208} INFO - Processing /home/airflow/.local/lib/python3.12/site-packages/airflow/example_dags/example_xcomargs.py took 0.175 seconds
[2025-01-17T10:34:00.708+0000] {processor.py:186} INFO - Started process (PID=327) to work on /home/airflow/.local/lib/python3.12/site-packages/airflow/example_dags/example_xcomargs.py
[2025-01-17T10:34:00.713+0000] {processor.py:914} INFO - Processing file /home/airflow/.local/lib/python3.12/site-packages/airflow/example_dags/example_xcomargs.py for tasks to queue
[2025-01-17T10:34:00.734+0000] {logging_mixin.py:190} INFO - [2025-01-17T10:34:00.733+0000] {dagbag.py:588} INFO - Filling up the DagBag from /home/airflow/.local/lib/python3.12/site-packages/airflow/example_dags/example_xcomargs.py
[2025-01-17T10:34:00.778+0000] {processor.py:925} INFO - DAG(s) 'example_xcom_args', 'example_xcom_args_with_operators' retrieved from /home/airflow/.local/lib/python3.12/site-packages/airflow/example_dags/example_xcomargs.py
[2025-01-17T10:34:00.832+0000] {logging_mixin.py:190} INFO - [2025-01-17T10:34:00.832+0000] {dag.py:3239} INFO - Sync 2 DAGs
[2025-01-17T10:34:00.862+0000] {logging_mixin.py:190} INFO - [2025-01-17T10:34:00.861+0000] {dag.py:4180} INFO - Setting next_dagrun for example_xcom_args to None, run_after=None
[2025-01-17T10:34:00.870+0000] {logging_mixin.py:190} INFO - [2025-01-17T10:34:00.870+0000] {dag.py:4180} INFO - Setting next_dagrun for example_xcom_args_with_operators to None, run_after=None
[2025-01-17T10:34:00.898+0000] {processor.py:208} INFO - Processing /home/airflow/.local/lib/python3.12/site-packages/airflow/example_dags/example_xcomargs.py took 0.210 seconds
[2025-01-17T10:34:31.030+0000] {processor.py:186} INFO - Started process (PID=396) to work on /home/airflow/.local/lib/python3.12/site-packages/airflow/example_dags/example_xcomargs.py
[2025-01-17T10:34:31.032+0000] {processor.py:914} INFO - Processing file /home/airflow/.local/lib/python3.12/site-packages/airflow/example_dags/example_xcomargs.py for tasks to queue
[2025-01-17T10:34:31.036+0000] {logging_mixin.py:190} INFO - [2025-01-17T10:34:31.035+0000] {dagbag.py:588} INFO - Filling up the DagBag from /home/airflow/.local/lib/python3.12/site-packages/airflow/example_dags/example_xcomargs.py
[2025-01-17T10:34:31.062+0000] {processor.py:925} INFO - DAG(s) 'example_xcom_args', 'example_xcom_args_with_operators' retrieved from /home/airflow/.local/lib/python3.12/site-packages/airflow/example_dags/example_xcomargs.py
[2025-01-17T10:34:31.113+0000] {logging_mixin.py:190} INFO - [2025-01-17T10:34:31.112+0000] {dag.py:3239} INFO - Sync 2 DAGs
[2025-01-17T10:34:31.149+0000] {logging_mixin.py:190} INFO - [2025-01-17T10:34:31.149+0000] {dag.py:4180} INFO - Setting next_dagrun for example_xcom_args to None, run_after=None
[2025-01-17T10:34:31.156+0000] {logging_mixin.py:190} INFO - [2025-01-17T10:34:31.156+0000] {dag.py:4180} INFO - Setting next_dagrun for example_xcom_args_with_operators to None, run_after=None
[2025-01-17T10:34:31.188+0000] {processor.py:208} INFO - Processing /home/airflow/.local/lib/python3.12/site-packages/airflow/example_dags/example_xcomargs.py took 0.169 seconds
[2025-01-17T10:35:01.803+0000] {processor.py:186} INFO - Started process (PID=459) to work on /home/airflow/.local/lib/python3.12/site-packages/airflow/example_dags/example_xcomargs.py
[2025-01-17T10:35:01.805+0000] {processor.py:914} INFO - Processing file /home/airflow/.local/lib/python3.12/site-packages/airflow/example_dags/example_xcomargs.py for tasks to queue
[2025-01-17T10:35:01.808+0000] {logging_mixin.py:190} INFO - [2025-01-17T10:35:01.808+0000] {dagbag.py:588} INFO - Filling up the DagBag from /home/airflow/.local/lib/python3.12/site-packages/airflow/example_dags/example_xcomargs.py
[2025-01-17T10:35:01.826+0000] {processor.py:925} INFO - DAG(s) 'example_xcom_args', 'example_xcom_args_with_operators' retrieved from /home/airflow/.local/lib/python3.12/site-packages/airflow/example_dags/example_xcomargs.py
[2025-01-17T10:35:01.872+0000] {logging_mixin.py:190} INFO - [2025-01-17T10:35:01.871+0000] {dag.py:3239} INFO - Sync 2 DAGs
[2025-01-17T10:35:01.895+0000] {logging_mixin.py:190} INFO - [2025-01-17T10:35:01.894+0000] {dag.py:4180} INFO - Setting next_dagrun for example_xcom_args to None, run_after=None
[2025-01-17T10:35:01.902+0000] {logging_mixin.py:190} INFO - [2025-01-17T10:35:01.902+0000] {dag.py:4180} INFO - Setting next_dagrun for example_xcom_args_with_operators to None, run_after=None
[2025-01-17T10:35:01.935+0000] {processor.py:208} INFO - Processing /home/airflow/.local/lib/python3.12/site-packages/airflow/example_dags/example_xcomargs.py took 0.141 seconds
[2025-01-17T10:35:32.853+0000] {processor.py:186} INFO - Started process (PID=522) to work on /home/airflow/.local/lib/python3.12/site-packages/airflow/example_dags/example_xcomargs.py
[2025-01-17T10:35:32.855+0000] {processor.py:914} INFO - Processing file /home/airflow/.local/lib/python3.12/site-packages/airflow/example_dags/example_xcomargs.py for tasks to queue
[2025-01-17T10:35:32.857+0000] {logging_mixin.py:190} INFO - [2025-01-17T10:35:32.857+0000] {dagbag.py:588} INFO - Filling up the DagBag from /home/airflow/.local/lib/python3.12/site-packages/airflow/example_dags/example_xcomargs.py
[2025-01-17T10:35:32.884+0000] {processor.py:925} INFO - DAG(s) 'example_xcom_args', 'example_xcom_args_with_operators' retrieved from /home/airflow/.local/lib/python3.12/site-packages/airflow/example_dags/example_xcomargs.py
[2025-01-17T10:35:32.938+0000] {logging_mixin.py:190} INFO - [2025-01-17T10:35:32.938+0000] {dag.py:3239} INFO - Sync 2 DAGs
[2025-01-17T10:35:32.972+0000] {logging_mixin.py:190} INFO - [2025-01-17T10:35:32.972+0000] {dag.py:4180} INFO - Setting next_dagrun for example_xcom_args to None, run_after=None
[2025-01-17T10:35:32.981+0000] {logging_mixin.py:190} INFO - [2025-01-17T10:35:32.980+0000] {dag.py:4180} INFO - Setting next_dagrun for example_xcom_args_with_operators to None, run_after=None
[2025-01-17T10:35:33.016+0000] {processor.py:208} INFO - Processing /home/airflow/.local/lib/python3.12/site-packages/airflow/example_dags/example_xcomargs.py took 0.174 seconds
[2025-01-17T10:36:03.691+0000] {processor.py:186} INFO - Started process (PID=585) to work on /home/airflow/.local/lib/python3.12/site-packages/airflow/example_dags/example_xcomargs.py
[2025-01-17T10:36:03.693+0000] {processor.py:914} INFO - Processing file /home/airflow/.local/lib/python3.12/site-packages/airflow/example_dags/example_xcomargs.py for tasks to queue
[2025-01-17T10:36:03.695+0000] {logging_mixin.py:190} INFO - [2025-01-17T10:36:03.695+0000] {dagbag.py:588} INFO - Filling up the DagBag from /home/airflow/.local/lib/python3.12/site-packages/airflow/example_dags/example_xcomargs.py
[2025-01-17T10:36:03.713+0000] {processor.py:925} INFO - DAG(s) 'example_xcom_args', 'example_xcom_args_with_operators' retrieved from /home/airflow/.local/lib/python3.12/site-packages/airflow/example_dags/example_xcomargs.py
[2025-01-17T10:36:03.753+0000] {logging_mixin.py:190} INFO - [2025-01-17T10:36:03.752+0000] {dag.py:3239} INFO - Sync 2 DAGs
[2025-01-17T10:36:03.777+0000] {logging_mixin.py:190} INFO - [2025-01-17T10:36:03.776+0000] {dag.py:4180} INFO - Setting next_dagrun for example_xcom_args to None, run_after=None
[2025-01-17T10:36:03.783+0000] {logging_mixin.py:190} INFO - [2025-01-17T10:36:03.783+0000] {dag.py:4180} INFO - Setting next_dagrun for example_xcom_args_with_operators to None, run_after=None
[2025-01-17T10:36:03.813+0000] {processor.py:208} INFO - Processing /home/airflow/.local/lib/python3.12/site-packages/airflow/example_dags/example_xcomargs.py took 0.132 seconds
[2025-01-17T10:37:27.818+0000] {processor.py:186} INFO - Started process (PID=64) to work on /home/airflow/.local/lib/python3.12/site-packages/airflow/example_dags/example_xcomargs.py
[2025-01-17T10:37:27.820+0000] {processor.py:914} INFO - Processing file /home/airflow/.local/lib/python3.12/site-packages/airflow/example_dags/example_xcomargs.py for tasks to queue
[2025-01-17T10:37:27.824+0000] {logging_mixin.py:190} INFO - [2025-01-17T10:37:27.824+0000] {dagbag.py:588} INFO - Filling up the DagBag from /home/airflow/.local/lib/python3.12/site-packages/airflow/example_dags/example_xcomargs.py
[2025-01-17T10:37:27.844+0000] {processor.py:925} INFO - DAG(s) 'example_xcom_args_with_operators', 'example_xcom_args' retrieved from /home/airflow/.local/lib/python3.12/site-packages/airflow/example_dags/example_xcomargs.py
[2025-01-17T10:37:27.921+0000] {logging_mixin.py:190} INFO - [2025-01-17T10:37:27.921+0000] {dag.py:3239} INFO - Sync 2 DAGs
[2025-01-17T10:37:27.967+0000] {logging_mixin.py:190} INFO - [2025-01-17T10:37:27.965+0000] {dag.py:4180} INFO - Setting next_dagrun for example_xcom_args to None, run_after=None
[2025-01-17T10:37:27.978+0000] {logging_mixin.py:190} INFO - [2025-01-17T10:37:27.977+0000] {dag.py:4180} INFO - Setting next_dagrun for example_xcom_args_with_operators to None, run_after=None
[2025-01-17T10:37:28.027+0000] {processor.py:208} INFO - Processing /home/airflow/.local/lib/python3.12/site-packages/airflow/example_dags/example_xcomargs.py took 0.216 seconds
[2025-01-17T10:37:58.341+0000] {processor.py:186} INFO - Started process (PID=134) to work on /home/airflow/.local/lib/python3.12/site-packages/airflow/example_dags/example_xcomargs.py
[2025-01-17T10:37:58.343+0000] {processor.py:914} INFO - Processing file /home/airflow/.local/lib/python3.12/site-packages/airflow/example_dags/example_xcomargs.py for tasks to queue
[2025-01-17T10:37:58.348+0000] {logging_mixin.py:190} INFO - [2025-01-17T10:37:58.348+0000] {dagbag.py:588} INFO - Filling up the DagBag from /home/airflow/.local/lib/python3.12/site-packages/airflow/example_dags/example_xcomargs.py
[2025-01-17T10:37:58.374+0000] {processor.py:925} INFO - DAG(s) 'example_xcom_args', 'example_xcom_args_with_operators' retrieved from /home/airflow/.local/lib/python3.12/site-packages/airflow/example_dags/example_xcomargs.py
[2025-01-17T10:37:58.419+0000] {logging_mixin.py:190} INFO - [2025-01-17T10:37:58.419+0000] {dag.py:3239} INFO - Sync 2 DAGs
[2025-01-17T10:37:58.448+0000] {logging_mixin.py:190} INFO - [2025-01-17T10:37:58.447+0000] {dag.py:4180} INFO - Setting next_dagrun for example_xcom_args to None, run_after=None
[2025-01-17T10:37:58.456+0000] {logging_mixin.py:190} INFO - [2025-01-17T10:37:58.456+0000] {dag.py:4180} INFO - Setting next_dagrun for example_xcom_args_with_operators to None, run_after=None
[2025-01-17T10:37:58.489+0000] {processor.py:208} INFO - Processing /home/airflow/.local/lib/python3.12/site-packages/airflow/example_dags/example_xcomargs.py took 0.161 seconds
[2025-01-17T10:38:29.161+0000] {processor.py:186} INFO - Started process (PID=198) to work on /home/airflow/.local/lib/python3.12/site-packages/airflow/example_dags/example_xcomargs.py
[2025-01-17T10:38:29.171+0000] {processor.py:914} INFO - Processing file /home/airflow/.local/lib/python3.12/site-packages/airflow/example_dags/example_xcomargs.py for tasks to queue
[2025-01-17T10:38:29.178+0000] {logging_mixin.py:190} INFO - [2025-01-17T10:38:29.177+0000] {dagbag.py:588} INFO - Filling up the DagBag from /home/airflow/.local/lib/python3.12/site-packages/airflow/example_dags/example_xcomargs.py
[2025-01-17T10:38:29.203+0000] {processor.py:925} INFO - DAG(s) 'example_xcom_args', 'example_xcom_args_with_operators' retrieved from /home/airflow/.local/lib/python3.12/site-packages/airflow/example_dags/example_xcomargs.py
[2025-01-17T10:38:29.285+0000] {logging_mixin.py:190} INFO - [2025-01-17T10:38:29.284+0000] {dag.py:3239} INFO - Sync 2 DAGs
[2025-01-17T10:38:29.364+0000] {logging_mixin.py:190} INFO - [2025-01-17T10:38:29.363+0000] {dag.py:4180} INFO - Setting next_dagrun for example_xcom_args to None, run_after=None
[2025-01-17T10:38:29.380+0000] {logging_mixin.py:190} INFO - [2025-01-17T10:38:29.380+0000] {dag.py:4180} INFO - Setting next_dagrun for example_xcom_args_with_operators to None, run_after=None
[2025-01-17T10:38:29.425+0000] {processor.py:208} INFO - Processing /home/airflow/.local/lib/python3.12/site-packages/airflow/example_dags/example_xcomargs.py took 0.285 seconds
[2025-01-17T10:52:11.502+0000] {processor.py:186} INFO - Started process (PID=71) to work on /home/airflow/.local/lib/python3.12/site-packages/airflow/example_dags/example_xcomargs.py
[2025-01-17T10:52:11.503+0000] {processor.py:914} INFO - Processing file /home/airflow/.local/lib/python3.12/site-packages/airflow/example_dags/example_xcomargs.py for tasks to queue
[2025-01-17T10:52:11.508+0000] {logging_mixin.py:190} INFO - [2025-01-17T10:52:11.507+0000] {dagbag.py:588} INFO - Filling up the DagBag from /home/airflow/.local/lib/python3.12/site-packages/airflow/example_dags/example_xcomargs.py
[2025-01-17T10:52:11.534+0000] {processor.py:925} INFO - DAG(s) 'example_xcom_args_with_operators', 'example_xcom_args' retrieved from /home/airflow/.local/lib/python3.12/site-packages/airflow/example_dags/example_xcomargs.py
[2025-01-17T10:52:11.593+0000] {logging_mixin.py:190} INFO - [2025-01-17T10:52:11.593+0000] {dag.py:3239} INFO - Sync 2 DAGs
[2025-01-17T10:52:11.621+0000] {logging_mixin.py:190} INFO - [2025-01-17T10:52:11.620+0000] {dag.py:4180} INFO - Setting next_dagrun for example_xcom_args to None, run_after=None
[2025-01-17T10:52:11.626+0000] {logging_mixin.py:190} INFO - [2025-01-17T10:52:11.626+0000] {dag.py:4180} INFO - Setting next_dagrun for example_xcom_args_with_operators to None, run_after=None
[2025-01-17T10:52:11.650+0000] {processor.py:208} INFO - Processing /home/airflow/.local/lib/python3.12/site-packages/airflow/example_dags/example_xcomargs.py took 0.157 seconds
[2025-01-17T10:52:41.797+0000] {processor.py:186} INFO - Started process (PID=135) to work on /home/airflow/.local/lib/python3.12/site-packages/airflow/example_dags/example_xcomargs.py
[2025-01-17T10:52:41.798+0000] {processor.py:914} INFO - Processing file /home/airflow/.local/lib/python3.12/site-packages/airflow/example_dags/example_xcomargs.py for tasks to queue
[2025-01-17T10:52:41.801+0000] {logging_mixin.py:190} INFO - [2025-01-17T10:52:41.800+0000] {dagbag.py:588} INFO - Filling up the DagBag from /home/airflow/.local/lib/python3.12/site-packages/airflow/example_dags/example_xcomargs.py
[2025-01-17T10:52:41.811+0000] {processor.py:925} INFO - DAG(s) 'example_xcom_args_with_operators', 'example_xcom_args' retrieved from /home/airflow/.local/lib/python3.12/site-packages/airflow/example_dags/example_xcomargs.py
[2025-01-17T10:52:41.839+0000] {logging_mixin.py:190} INFO - [2025-01-17T10:52:41.838+0000] {dag.py:3239} INFO - Sync 2 DAGs
[2025-01-17T10:52:41.854+0000] {logging_mixin.py:190} INFO - [2025-01-17T10:52:41.853+0000] {dag.py:4180} INFO - Setting next_dagrun for example_xcom_args to None, run_after=None
[2025-01-17T10:52:41.859+0000] {logging_mixin.py:190} INFO - [2025-01-17T10:52:41.858+0000] {dag.py:4180} INFO - Setting next_dagrun for example_xcom_args_with_operators to None, run_after=None
[2025-01-17T10:52:41.881+0000] {processor.py:208} INFO - Processing /home/airflow/.local/lib/python3.12/site-packages/airflow/example_dags/example_xcomargs.py took 0.089 seconds
[2025-01-17T10:53:12.323+0000] {processor.py:186} INFO - Started process (PID=199) to work on /home/airflow/.local/lib/python3.12/site-packages/airflow/example_dags/example_xcomargs.py
[2025-01-17T10:53:12.324+0000] {processor.py:914} INFO - Processing file /home/airflow/.local/lib/python3.12/site-packages/airflow/example_dags/example_xcomargs.py for tasks to queue
[2025-01-17T10:53:12.327+0000] {logging_mixin.py:190} INFO - [2025-01-17T10:53:12.327+0000] {dagbag.py:588} INFO - Filling up the DagBag from /home/airflow/.local/lib/python3.12/site-packages/airflow/example_dags/example_xcomargs.py
[2025-01-17T10:53:12.338+0000] {processor.py:925} INFO - DAG(s) 'example_xcom_args', 'example_xcom_args_with_operators' retrieved from /home/airflow/.local/lib/python3.12/site-packages/airflow/example_dags/example_xcomargs.py
[2025-01-17T10:53:12.364+0000] {logging_mixin.py:190} INFO - [2025-01-17T10:53:12.364+0000] {dag.py:3239} INFO - Sync 2 DAGs
[2025-01-17T10:53:12.379+0000] {logging_mixin.py:190} INFO - [2025-01-17T10:53:12.378+0000] {dag.py:4180} INFO - Setting next_dagrun for example_xcom_args to None, run_after=None
[2025-01-17T10:53:12.384+0000] {logging_mixin.py:190} INFO - [2025-01-17T10:53:12.384+0000] {dag.py:4180} INFO - Setting next_dagrun for example_xcom_args_with_operators to None, run_after=None
[2025-01-17T10:53:12.406+0000] {processor.py:208} INFO - Processing /home/airflow/.local/lib/python3.12/site-packages/airflow/example_dags/example_xcomargs.py took 0.088 seconds
[2025-01-17T10:53:42.887+0000] {processor.py:186} INFO - Started process (PID=263) to work on /home/airflow/.local/lib/python3.12/site-packages/airflow/example_dags/example_xcomargs.py
[2025-01-17T10:53:42.889+0000] {processor.py:914} INFO - Processing file /home/airflow/.local/lib/python3.12/site-packages/airflow/example_dags/example_xcomargs.py for tasks to queue
[2025-01-17T10:53:42.893+0000] {logging_mixin.py:190} INFO - [2025-01-17T10:53:42.892+0000] {dagbag.py:588} INFO - Filling up the DagBag from /home/airflow/.local/lib/python3.12/site-packages/airflow/example_dags/example_xcomargs.py
[2025-01-17T10:53:42.908+0000] {processor.py:925} INFO - DAG(s) 'example_xcom_args', 'example_xcom_args_with_operators' retrieved from /home/airflow/.local/lib/python3.12/site-packages/airflow/example_dags/example_xcomargs.py
[2025-01-17T10:53:42.940+0000] {logging_mixin.py:190} INFO - [2025-01-17T10:53:42.940+0000] {dag.py:3239} INFO - Sync 2 DAGs
[2025-01-17T10:53:42.960+0000] {logging_mixin.py:190} INFO - [2025-01-17T10:53:42.960+0000] {dag.py:4180} INFO - Setting next_dagrun for example_xcom_args to None, run_after=None
[2025-01-17T10:53:42.965+0000] {logging_mixin.py:190} INFO - [2025-01-17T10:53:42.965+0000] {dag.py:4180} INFO - Setting next_dagrun for example_xcom_args_with_operators to None, run_after=None
[2025-01-17T10:53:42.989+0000] {processor.py:208} INFO - Processing /home/airflow/.local/lib/python3.12/site-packages/airflow/example_dags/example_xcomargs.py took 0.110 seconds
[2025-01-17T10:54:13.137+0000] {processor.py:186} INFO - Started process (PID=328) to work on /home/airflow/.local/lib/python3.12/site-packages/airflow/example_dags/example_xcomargs.py
[2025-01-17T10:54:13.138+0000] {processor.py:914} INFO - Processing file /home/airflow/.local/lib/python3.12/site-packages/airflow/example_dags/example_xcomargs.py for tasks to queue
[2025-01-17T10:54:13.141+0000] {logging_mixin.py:190} INFO - [2025-01-17T10:54:13.141+0000] {dagbag.py:588} INFO - Filling up the DagBag from /home/airflow/.local/lib/python3.12/site-packages/airflow/example_dags/example_xcomargs.py
[2025-01-17T10:54:13.153+0000] {processor.py:925} INFO - DAG(s) 'example_xcom_args_with_operators', 'example_xcom_args' retrieved from /home/airflow/.local/lib/python3.12/site-packages/airflow/example_dags/example_xcomargs.py
[2025-01-17T10:54:13.182+0000] {logging_mixin.py:190} INFO - [2025-01-17T10:54:13.181+0000] {dag.py:3239} INFO - Sync 2 DAGs
[2025-01-17T10:54:13.198+0000] {logging_mixin.py:190} INFO - [2025-01-17T10:54:13.198+0000] {dag.py:4180} INFO - Setting next_dagrun for example_xcom_args to None, run_after=None
[2025-01-17T10:54:13.203+0000] {logging_mixin.py:190} INFO - [2025-01-17T10:54:13.203+0000] {dag.py:4180} INFO - Setting next_dagrun for example_xcom_args_with_operators to None, run_after=None
[2025-01-17T10:54:13.226+0000] {processor.py:208} INFO - Processing /home/airflow/.local/lib/python3.12/site-packages/airflow/example_dags/example_xcomargs.py took 0.096 seconds
[2025-01-17T10:54:43.457+0000] {processor.py:186} INFO - Started process (PID=392) to work on /home/airflow/.local/lib/python3.12/site-packages/airflow/example_dags/example_xcomargs.py
[2025-01-17T10:54:43.458+0000] {processor.py:914} INFO - Processing file /home/airflow/.local/lib/python3.12/site-packages/airflow/example_dags/example_xcomargs.py for tasks to queue
[2025-01-17T10:54:43.461+0000] {logging_mixin.py:190} INFO - [2025-01-17T10:54:43.461+0000] {dagbag.py:588} INFO - Filling up the DagBag from /home/airflow/.local/lib/python3.12/site-packages/airflow/example_dags/example_xcomargs.py
[2025-01-17T10:54:43.472+0000] {processor.py:925} INFO - DAG(s) 'example_xcom_args_with_operators', 'example_xcom_args' retrieved from /home/airflow/.local/lib/python3.12/site-packages/airflow/example_dags/example_xcomargs.py
[2025-01-17T10:54:43.500+0000] {logging_mixin.py:190} INFO - [2025-01-17T10:54:43.499+0000] {dag.py:3239} INFO - Sync 2 DAGs
[2025-01-17T10:54:43.514+0000] {logging_mixin.py:190} INFO - [2025-01-17T10:54:43.514+0000] {dag.py:4180} INFO - Setting next_dagrun for example_xcom_args to None, run_after=None
[2025-01-17T10:54:43.519+0000] {logging_mixin.py:190} INFO - [2025-01-17T10:54:43.519+0000] {dag.py:4180} INFO - Setting next_dagrun for example_xcom_args_with_operators to None, run_after=None
[2025-01-17T10:54:43.542+0000] {processor.py:208} INFO - Processing /home/airflow/.local/lib/python3.12/site-packages/airflow/example_dags/example_xcomargs.py took 0.092 seconds
[2025-01-17T10:55:13.810+0000] {processor.py:186} INFO - Started process (PID=456) to work on /home/airflow/.local/lib/python3.12/site-packages/airflow/example_dags/example_xcomargs.py
[2025-01-17T10:55:13.812+0000] {processor.py:914} INFO - Processing file /home/airflow/.local/lib/python3.12/site-packages/airflow/example_dags/example_xcomargs.py for tasks to queue
[2025-01-17T10:55:13.815+0000] {logging_mixin.py:190} INFO - [2025-01-17T10:55:13.815+0000] {dagbag.py:588} INFO - Filling up the DagBag from /home/airflow/.local/lib/python3.12/site-packages/airflow/example_dags/example_xcomargs.py
[2025-01-17T10:55:13.825+0000] {processor.py:925} INFO - DAG(s) 'example_xcom_args', 'example_xcom_args_with_operators' retrieved from /home/airflow/.local/lib/python3.12/site-packages/airflow/example_dags/example_xcomargs.py
[2025-01-17T10:55:13.852+0000] {logging_mixin.py:190} INFO - [2025-01-17T10:55:13.851+0000] {dag.py:3239} INFO - Sync 2 DAGs
[2025-01-17T10:55:13.868+0000] {logging_mixin.py:190} INFO - [2025-01-17T10:55:13.868+0000] {dag.py:4180} INFO - Setting next_dagrun for example_xcom_args to None, run_after=None
[2025-01-17T10:55:13.872+0000] {logging_mixin.py:190} INFO - [2025-01-17T10:55:13.872+0000] {dag.py:4180} INFO - Setting next_dagrun for example_xcom_args_with_operators to None, run_after=None
[2025-01-17T10:55:13.895+0000] {processor.py:208} INFO - Processing /home/airflow/.local/lib/python3.12/site-packages/airflow/example_dags/example_xcomargs.py took 0.090 seconds
[2025-01-17T10:55:44.184+0000] {processor.py:186} INFO - Started process (PID=520) to work on /home/airflow/.local/lib/python3.12/site-packages/airflow/example_dags/example_xcomargs.py
[2025-01-17T10:55:44.185+0000] {processor.py:914} INFO - Processing file /home/airflow/.local/lib/python3.12/site-packages/airflow/example_dags/example_xcomargs.py for tasks to queue
[2025-01-17T10:55:44.188+0000] {logging_mixin.py:190} INFO - [2025-01-17T10:55:44.188+0000] {dagbag.py:588} INFO - Filling up the DagBag from /home/airflow/.local/lib/python3.12/site-packages/airflow/example_dags/example_xcomargs.py
[2025-01-17T10:55:44.198+0000] {processor.py:925} INFO - DAG(s) 'example_xcom_args', 'example_xcom_args_with_operators' retrieved from /home/airflow/.local/lib/python3.12/site-packages/airflow/example_dags/example_xcomargs.py
[2025-01-17T10:55:44.224+0000] {logging_mixin.py:190} INFO - [2025-01-17T10:55:44.224+0000] {dag.py:3239} INFO - Sync 2 DAGs
[2025-01-17T10:55:44.240+0000] {logging_mixin.py:190} INFO - [2025-01-17T10:55:44.240+0000] {dag.py:4180} INFO - Setting next_dagrun for example_xcom_args to None, run_after=None
[2025-01-17T10:55:44.245+0000] {logging_mixin.py:190} INFO - [2025-01-17T10:55:44.245+0000] {dag.py:4180} INFO - Setting next_dagrun for example_xcom_args_with_operators to None, run_after=None
[2025-01-17T10:55:44.271+0000] {processor.py:208} INFO - Processing /home/airflow/.local/lib/python3.12/site-packages/airflow/example_dags/example_xcomargs.py took 0.092 seconds
[2025-01-17T10:56:14.567+0000] {processor.py:186} INFO - Started process (PID=585) to work on /home/airflow/.local/lib/python3.12/site-packages/airflow/example_dags/example_xcomargs.py
[2025-01-17T10:56:14.568+0000] {processor.py:914} INFO - Processing file /home/airflow/.local/lib/python3.12/site-packages/airflow/example_dags/example_xcomargs.py for tasks to queue
[2025-01-17T10:56:14.571+0000] {logging_mixin.py:190} INFO - [2025-01-17T10:56:14.570+0000] {dagbag.py:588} INFO - Filling up the DagBag from /home/airflow/.local/lib/python3.12/site-packages/airflow/example_dags/example_xcomargs.py
[2025-01-17T10:56:14.580+0000] {processor.py:925} INFO - DAG(s) 'example_xcom_args_with_operators', 'example_xcom_args' retrieved from /home/airflow/.local/lib/python3.12/site-packages/airflow/example_dags/example_xcomargs.py
[2025-01-17T10:56:14.609+0000] {logging_mixin.py:190} INFO - [2025-01-17T10:56:14.608+0000] {dag.py:3239} INFO - Sync 2 DAGs
[2025-01-17T10:56:14.623+0000] {logging_mixin.py:190} INFO - [2025-01-17T10:56:14.623+0000] {dag.py:4180} INFO - Setting next_dagrun for example_xcom_args to None, run_after=None
[2025-01-17T10:56:14.628+0000] {logging_mixin.py:190} INFO - [2025-01-17T10:56:14.628+0000] {dag.py:4180} INFO - Setting next_dagrun for example_xcom_args_with_operators to None, run_after=None
[2025-01-17T10:56:14.648+0000] {processor.py:208} INFO - Processing /home/airflow/.local/lib/python3.12/site-packages/airflow/example_dags/example_xcomargs.py took 0.086 seconds
[2025-01-17T10:56:45.089+0000] {processor.py:186} INFO - Started process (PID=653) to work on /home/airflow/.local/lib/python3.12/site-packages/airflow/example_dags/example_xcomargs.py
[2025-01-17T10:56:45.091+0000] {processor.py:914} INFO - Processing file /home/airflow/.local/lib/python3.12/site-packages/airflow/example_dags/example_xcomargs.py for tasks to queue
[2025-01-17T10:56:45.095+0000] {logging_mixin.py:190} INFO - [2025-01-17T10:56:45.094+0000] {dagbag.py:588} INFO - Filling up the DagBag from /home/airflow/.local/lib/python3.12/site-packages/airflow/example_dags/example_xcomargs.py
[2025-01-17T10:56:45.107+0000] {processor.py:925} INFO - DAG(s) 'example_xcom_args_with_operators', 'example_xcom_args' retrieved from /home/airflow/.local/lib/python3.12/site-packages/airflow/example_dags/example_xcomargs.py
[2025-01-17T10:56:45.142+0000] {logging_mixin.py:190} INFO - [2025-01-17T10:56:45.142+0000] {dag.py:3239} INFO - Sync 2 DAGs
[2025-01-17T10:56:45.159+0000] {logging_mixin.py:190} INFO - [2025-01-17T10:56:45.158+0000] {dag.py:4180} INFO - Setting next_dagrun for example_xcom_args to None, run_after=None
[2025-01-17T10:56:45.165+0000] {logging_mixin.py:190} INFO - [2025-01-17T10:56:45.164+0000] {dag.py:4180} INFO - Setting next_dagrun for example_xcom_args_with_operators to None, run_after=None
[2025-01-17T10:56:45.194+0000] {processor.py:208} INFO - Processing /home/airflow/.local/lib/python3.12/site-packages/airflow/example_dags/example_xcomargs.py took 0.115 seconds
[2025-01-17T10:57:15.958+0000] {processor.py:186} INFO - Started process (PID=720) to work on /home/airflow/.local/lib/python3.12/site-packages/airflow/example_dags/example_xcomargs.py
[2025-01-17T10:57:15.959+0000] {processor.py:914} INFO - Processing file /home/airflow/.local/lib/python3.12/site-packages/airflow/example_dags/example_xcomargs.py for tasks to queue
[2025-01-17T10:57:15.962+0000] {logging_mixin.py:190} INFO - [2025-01-17T10:57:15.961+0000] {dagbag.py:588} INFO - Filling up the DagBag from /home/airflow/.local/lib/python3.12/site-packages/airflow/example_dags/example_xcomargs.py
[2025-01-17T10:57:15.973+0000] {processor.py:925} INFO - DAG(s) 'example_xcom_args', 'example_xcom_args_with_operators' retrieved from /home/airflow/.local/lib/python3.12/site-packages/airflow/example_dags/example_xcomargs.py
[2025-01-17T10:57:16.000+0000] {logging_mixin.py:190} INFO - [2025-01-17T10:57:15.999+0000] {dag.py:3239} INFO - Sync 2 DAGs
[2025-01-17T10:57:16.016+0000] {logging_mixin.py:190} INFO - [2025-01-17T10:57:16.015+0000] {dag.py:4180} INFO - Setting next_dagrun for example_xcom_args to None, run_after=None
[2025-01-17T10:57:16.021+0000] {logging_mixin.py:190} INFO - [2025-01-17T10:57:16.021+0000] {dag.py:4180} INFO - Setting next_dagrun for example_xcom_args_with_operators to None, run_after=None
[2025-01-17T10:57:16.043+0000] {processor.py:208} INFO - Processing /home/airflow/.local/lib/python3.12/site-packages/airflow/example_dags/example_xcomargs.py took 0.091 seconds
[2025-01-17T10:57:46.482+0000] {processor.py:186} INFO - Started process (PID=784) to work on /home/airflow/.local/lib/python3.12/site-packages/airflow/example_dags/example_xcomargs.py
[2025-01-17T10:57:46.483+0000] {processor.py:914} INFO - Processing file /home/airflow/.local/lib/python3.12/site-packages/airflow/example_dags/example_xcomargs.py for tasks to queue
[2025-01-17T10:57:46.485+0000] {logging_mixin.py:190} INFO - [2025-01-17T10:57:46.485+0000] {dagbag.py:588} INFO - Filling up the DagBag from /home/airflow/.local/lib/python3.12/site-packages/airflow/example_dags/example_xcomargs.py
[2025-01-17T10:57:46.496+0000] {processor.py:925} INFO - DAG(s) 'example_xcom_args_with_operators', 'example_xcom_args' retrieved from /home/airflow/.local/lib/python3.12/site-packages/airflow/example_dags/example_xcomargs.py
[2025-01-17T10:57:46.524+0000] {logging_mixin.py:190} INFO - [2025-01-17T10:57:46.523+0000] {dag.py:3239} INFO - Sync 2 DAGs
[2025-01-17T10:57:46.539+0000] {logging_mixin.py:190} INFO - [2025-01-17T10:57:46.539+0000] {dag.py:4180} INFO - Setting next_dagrun for example_xcom_args to None, run_after=None
[2025-01-17T10:57:46.543+0000] {logging_mixin.py:190} INFO - [2025-01-17T10:57:46.543+0000] {dag.py:4180} INFO - Setting next_dagrun for example_xcom_args_with_operators to None, run_after=None
[2025-01-17T10:57:46.565+0000] {processor.py:208} INFO - Processing /home/airflow/.local/lib/python3.12/site-packages/airflow/example_dags/example_xcomargs.py took 0.089 seconds
[2025-01-17T10:58:17.216+0000] {processor.py:186} INFO - Started process (PID=848) to work on /home/airflow/.local/lib/python3.12/site-packages/airflow/example_dags/example_xcomargs.py
[2025-01-17T10:58:17.218+0000] {processor.py:914} INFO - Processing file /home/airflow/.local/lib/python3.12/site-packages/airflow/example_dags/example_xcomargs.py for tasks to queue
[2025-01-17T10:58:17.221+0000] {logging_mixin.py:190} INFO - [2025-01-17T10:58:17.220+0000] {dagbag.py:588} INFO - Filling up the DagBag from /home/airflow/.local/lib/python3.12/site-packages/airflow/example_dags/example_xcomargs.py
[2025-01-17T10:58:17.233+0000] {processor.py:925} INFO - DAG(s) 'example_xcom_args', 'example_xcom_args_with_operators' retrieved from /home/airflow/.local/lib/python3.12/site-packages/airflow/example_dags/example_xcomargs.py
[2025-01-17T10:58:17.261+0000] {logging_mixin.py:190} INFO - [2025-01-17T10:58:17.261+0000] {dag.py:3239} INFO - Sync 2 DAGs
[2025-01-17T10:58:17.278+0000] {logging_mixin.py:190} INFO - [2025-01-17T10:58:17.278+0000] {dag.py:4180} INFO - Setting next_dagrun for example_xcom_args to None, run_after=None
[2025-01-17T10:58:17.284+0000] {logging_mixin.py:190} INFO - [2025-01-17T10:58:17.284+0000] {dag.py:4180} INFO - Setting next_dagrun for example_xcom_args_with_operators to None, run_after=None
[2025-01-17T10:58:17.306+0000] {processor.py:208} INFO - Processing /home/airflow/.local/lib/python3.12/site-packages/airflow/example_dags/example_xcomargs.py took 0.096 seconds
[2025-01-17T10:58:48.126+0000] {processor.py:186} INFO - Started process (PID=912) to work on /home/airflow/.local/lib/python3.12/site-packages/airflow/example_dags/example_xcomargs.py
[2025-01-17T10:58:48.127+0000] {processor.py:914} INFO - Processing file /home/airflow/.local/lib/python3.12/site-packages/airflow/example_dags/example_xcomargs.py for tasks to queue
[2025-01-17T10:58:48.130+0000] {logging_mixin.py:190} INFO - [2025-01-17T10:58:48.130+0000] {dagbag.py:588} INFO - Filling up the DagBag from /home/airflow/.local/lib/python3.12/site-packages/airflow/example_dags/example_xcomargs.py
[2025-01-17T10:58:48.142+0000] {processor.py:925} INFO - DAG(s) 'example_xcom_args', 'example_xcom_args_with_operators' retrieved from /home/airflow/.local/lib/python3.12/site-packages/airflow/example_dags/example_xcomargs.py
[2025-01-17T10:58:48.167+0000] {logging_mixin.py:190} INFO - [2025-01-17T10:58:48.167+0000] {dag.py:3239} INFO - Sync 2 DAGs
[2025-01-17T10:58:48.183+0000] {logging_mixin.py:190} INFO - [2025-01-17T10:58:48.183+0000] {dag.py:4180} INFO - Setting next_dagrun for example_xcom_args to None, run_after=None
[2025-01-17T10:58:48.188+0000] {logging_mixin.py:190} INFO - [2025-01-17T10:58:48.188+0000] {dag.py:4180} INFO - Setting next_dagrun for example_xcom_args_with_operators to None, run_after=None
[2025-01-17T10:58:48.209+0000] {processor.py:208} INFO - Processing /home/airflow/.local/lib/python3.12/site-packages/airflow/example_dags/example_xcomargs.py took 0.089 seconds
[2025-01-17T10:59:18.415+0000] {processor.py:186} INFO - Started process (PID=976) to work on /home/airflow/.local/lib/python3.12/site-packages/airflow/example_dags/example_xcomargs.py
[2025-01-17T10:59:18.416+0000] {processor.py:914} INFO - Processing file /home/airflow/.local/lib/python3.12/site-packages/airflow/example_dags/example_xcomargs.py for tasks to queue
[2025-01-17T10:59:18.418+0000] {logging_mixin.py:190} INFO - [2025-01-17T10:59:18.418+0000] {dagbag.py:588} INFO - Filling up the DagBag from /home/airflow/.local/lib/python3.12/site-packages/airflow/example_dags/example_xcomargs.py
[2025-01-17T10:59:18.429+0000] {processor.py:925} INFO - DAG(s) 'example_xcom_args', 'example_xcom_args_with_operators' retrieved from /home/airflow/.local/lib/python3.12/site-packages/airflow/example_dags/example_xcomargs.py
[2025-01-17T10:59:18.457+0000] {logging_mixin.py:190} INFO - [2025-01-17T10:59:18.456+0000] {dag.py:3239} INFO - Sync 2 DAGs
[2025-01-17T10:59:18.473+0000] {logging_mixin.py:190} INFO - [2025-01-17T10:59:18.473+0000] {dag.py:4180} INFO - Setting next_dagrun for example_xcom_args to None, run_after=None
[2025-01-17T10:59:18.478+0000] {logging_mixin.py:190} INFO - [2025-01-17T10:59:18.478+0000] {dag.py:4180} INFO - Setting next_dagrun for example_xcom_args_with_operators to None, run_after=None
[2025-01-17T10:59:18.506+0000] {processor.py:208} INFO - Processing /home/airflow/.local/lib/python3.12/site-packages/airflow/example_dags/example_xcomargs.py took 0.097 seconds
[2025-01-17T10:59:49.371+0000] {processor.py:186} INFO - Started process (PID=1040) to work on /home/airflow/.local/lib/python3.12/site-packages/airflow/example_dags/example_xcomargs.py
[2025-01-17T10:59:49.372+0000] {processor.py:914} INFO - Processing file /home/airflow/.local/lib/python3.12/site-packages/airflow/example_dags/example_xcomargs.py for tasks to queue
[2025-01-17T10:59:49.375+0000] {logging_mixin.py:190} INFO - [2025-01-17T10:59:49.375+0000] {dagbag.py:588} INFO - Filling up the DagBag from /home/airflow/.local/lib/python3.12/site-packages/airflow/example_dags/example_xcomargs.py
[2025-01-17T10:59:49.385+0000] {processor.py:925} INFO - DAG(s) 'example_xcom_args', 'example_xcom_args_with_operators' retrieved from /home/airflow/.local/lib/python3.12/site-packages/airflow/example_dags/example_xcomargs.py
[2025-01-17T10:59:49.411+0000] {logging_mixin.py:190} INFO - [2025-01-17T10:59:49.411+0000] {dag.py:3239} INFO - Sync 2 DAGs
[2025-01-17T10:59:49.427+0000] {logging_mixin.py:190} INFO - [2025-01-17T10:59:49.427+0000] {dag.py:4180} INFO - Setting next_dagrun for example_xcom_args to None, run_after=None
[2025-01-17T10:59:49.432+0000] {logging_mixin.py:190} INFO - [2025-01-17T10:59:49.432+0000] {dag.py:4180} INFO - Setting next_dagrun for example_xcom_args_with_operators to None, run_after=None
[2025-01-17T10:59:49.455+0000] {processor.py:208} INFO - Processing /home/airflow/.local/lib/python3.12/site-packages/airflow/example_dags/example_xcomargs.py took 0.089 seconds
[2025-01-17T11:21:59.261+0000] {processor.py:186} INFO - Started process (PID=64) to work on /home/airflow/.local/lib/python3.12/site-packages/airflow/example_dags/example_xcomargs.py
[2025-01-17T11:21:59.263+0000] {processor.py:914} INFO - Processing file /home/airflow/.local/lib/python3.12/site-packages/airflow/example_dags/example_xcomargs.py for tasks to queue
[2025-01-17T11:21:59.266+0000] {logging_mixin.py:190} INFO - [2025-01-17T11:21:59.265+0000] {dagbag.py:588} INFO - Filling up the DagBag from /home/airflow/.local/lib/python3.12/site-packages/airflow/example_dags/example_xcomargs.py
[2025-01-17T11:21:59.288+0000] {processor.py:925} INFO - DAG(s) 'example_xcom_args_with_operators', 'example_xcom_args' retrieved from /home/airflow/.local/lib/python3.12/site-packages/airflow/example_dags/example_xcomargs.py
[2025-01-17T11:21:59.334+0000] {logging_mixin.py:190} INFO - [2025-01-17T11:21:59.333+0000] {dag.py:3239} INFO - Sync 2 DAGs
[2025-01-17T11:21:59.358+0000] {logging_mixin.py:190} INFO - [2025-01-17T11:21:59.358+0000] {dag.py:4180} INFO - Setting next_dagrun for example_xcom_args to None, run_after=None
[2025-01-17T11:21:59.365+0000] {logging_mixin.py:190} INFO - [2025-01-17T11:21:59.364+0000] {dag.py:4180} INFO - Setting next_dagrun for example_xcom_args_with_operators to None, run_after=None
[2025-01-17T11:21:59.391+0000] {processor.py:208} INFO - Processing /home/airflow/.local/lib/python3.12/site-packages/airflow/example_dags/example_xcomargs.py took 0.139 seconds
[2025-01-17T11:22:30.000+0000] {processor.py:186} INFO - Started process (PID=128) to work on /home/airflow/.local/lib/python3.12/site-packages/airflow/example_dags/example_xcomargs.py
[2025-01-17T11:22:30.001+0000] {processor.py:914} INFO - Processing file /home/airflow/.local/lib/python3.12/site-packages/airflow/example_dags/example_xcomargs.py for tasks to queue
[2025-01-17T11:22:30.004+0000] {logging_mixin.py:190} INFO - [2025-01-17T11:22:30.004+0000] {dagbag.py:588} INFO - Filling up the DagBag from /home/airflow/.local/lib/python3.12/site-packages/airflow/example_dags/example_xcomargs.py
[2025-01-17T11:22:30.014+0000] {processor.py:925} INFO - DAG(s) 'example_xcom_args_with_operators', 'example_xcom_args' retrieved from /home/airflow/.local/lib/python3.12/site-packages/airflow/example_dags/example_xcomargs.py
[2025-01-17T11:22:30.042+0000] {logging_mixin.py:190} INFO - [2025-01-17T11:22:30.042+0000] {dag.py:3239} INFO - Sync 2 DAGs
[2025-01-17T11:22:30.057+0000] {logging_mixin.py:190} INFO - [2025-01-17T11:22:30.057+0000] {dag.py:4180} INFO - Setting next_dagrun for example_xcom_args to None, run_after=None
[2025-01-17T11:22:30.062+0000] {logging_mixin.py:190} INFO - [2025-01-17T11:22:30.062+0000] {dag.py:4180} INFO - Setting next_dagrun for example_xcom_args_with_operators to None, run_after=None
[2025-01-17T11:22:30.083+0000] {processor.py:208} INFO - Processing /home/airflow/.local/lib/python3.12/site-packages/airflow/example_dags/example_xcomargs.py took 0.087 seconds
[2025-01-17T11:23:00.297+0000] {processor.py:186} INFO - Started process (PID=192) to work on /home/airflow/.local/lib/python3.12/site-packages/airflow/example_dags/example_xcomargs.py
[2025-01-17T11:23:00.298+0000] {processor.py:914} INFO - Processing file /home/airflow/.local/lib/python3.12/site-packages/airflow/example_dags/example_xcomargs.py for tasks to queue
[2025-01-17T11:23:00.301+0000] {logging_mixin.py:190} INFO - [2025-01-17T11:23:00.300+0000] {dagbag.py:588} INFO - Filling up the DagBag from /home/airflow/.local/lib/python3.12/site-packages/airflow/example_dags/example_xcomargs.py
[2025-01-17T11:23:00.310+0000] {processor.py:925} INFO - DAG(s) 'example_xcom_args', 'example_xcom_args_with_operators' retrieved from /home/airflow/.local/lib/python3.12/site-packages/airflow/example_dags/example_xcomargs.py
[2025-01-17T11:23:00.336+0000] {logging_mixin.py:190} INFO - [2025-01-17T11:23:00.335+0000] {dag.py:3239} INFO - Sync 2 DAGs
[2025-01-17T11:23:00.352+0000] {logging_mixin.py:190} INFO - [2025-01-17T11:23:00.352+0000] {dag.py:4180} INFO - Setting next_dagrun for example_xcom_args to None, run_after=None
[2025-01-17T11:23:00.357+0000] {logging_mixin.py:190} INFO - [2025-01-17T11:23:00.357+0000] {dag.py:4180} INFO - Setting next_dagrun for example_xcom_args_with_operators to None, run_after=None
[2025-01-17T11:23:00.380+0000] {processor.py:208} INFO - Processing /home/airflow/.local/lib/python3.12/site-packages/airflow/example_dags/example_xcomargs.py took 0.089 seconds
[2025-01-17T11:23:30.733+0000] {processor.py:186} INFO - Started process (PID=256) to work on /home/airflow/.local/lib/python3.12/site-packages/airflow/example_dags/example_xcomargs.py
[2025-01-17T11:23:30.735+0000] {processor.py:914} INFO - Processing file /home/airflow/.local/lib/python3.12/site-packages/airflow/example_dags/example_xcomargs.py for tasks to queue
[2025-01-17T11:23:30.738+0000] {logging_mixin.py:190} INFO - [2025-01-17T11:23:30.737+0000] {dagbag.py:588} INFO - Filling up the DagBag from /home/airflow/.local/lib/python3.12/site-packages/airflow/example_dags/example_xcomargs.py
[2025-01-17T11:23:30.749+0000] {processor.py:925} INFO - DAG(s) 'example_xcom_args_with_operators', 'example_xcom_args' retrieved from /home/airflow/.local/lib/python3.12/site-packages/airflow/example_dags/example_xcomargs.py
[2025-01-17T11:23:30.788+0000] {logging_mixin.py:190} INFO - [2025-01-17T11:23:30.787+0000] {dag.py:3239} INFO - Sync 2 DAGs
[2025-01-17T11:23:30.805+0000] {logging_mixin.py:190} INFO - [2025-01-17T11:23:30.804+0000] {dag.py:4180} INFO - Setting next_dagrun for example_xcom_args to None, run_after=None
[2025-01-17T11:23:30.810+0000] {logging_mixin.py:190} INFO - [2025-01-17T11:23:30.810+0000] {dag.py:4180} INFO - Setting next_dagrun for example_xcom_args_with_operators to None, run_after=None
[2025-01-17T11:23:30.841+0000] {processor.py:208} INFO - Processing /home/airflow/.local/lib/python3.12/site-packages/airflow/example_dags/example_xcomargs.py took 0.117 seconds
[2025-01-17T11:24:01.116+0000] {processor.py:186} INFO - Started process (PID=320) to work on /home/airflow/.local/lib/python3.12/site-packages/airflow/example_dags/example_xcomargs.py
[2025-01-17T11:24:01.117+0000] {processor.py:914} INFO - Processing file /home/airflow/.local/lib/python3.12/site-packages/airflow/example_dags/example_xcomargs.py for tasks to queue
[2025-01-17T11:24:01.125+0000] {logging_mixin.py:190} INFO - [2025-01-17T11:24:01.121+0000] {dagbag.py:588} INFO - Filling up the DagBag from /home/airflow/.local/lib/python3.12/site-packages/airflow/example_dags/example_xcomargs.py
[2025-01-17T11:24:01.143+0000] {processor.py:925} INFO - DAG(s) 'example_xcom_args_with_operators', 'example_xcom_args' retrieved from /home/airflow/.local/lib/python3.12/site-packages/airflow/example_dags/example_xcomargs.py
[2025-01-17T11:24:01.177+0000] {logging_mixin.py:190} INFO - [2025-01-17T11:24:01.177+0000] {dag.py:3239} INFO - Sync 2 DAGs
[2025-01-17T11:24:01.191+0000] {logging_mixin.py:190} INFO - [2025-01-17T11:24:01.190+0000] {dag.py:4180} INFO - Setting next_dagrun for example_xcom_args to None, run_after=None
[2025-01-17T11:24:01.195+0000] {logging_mixin.py:190} INFO - [2025-01-17T11:24:01.195+0000] {dag.py:4180} INFO - Setting next_dagrun for example_xcom_args_with_operators to None, run_after=None
[2025-01-17T11:24:01.217+0000] {processor.py:208} INFO - Processing /home/airflow/.local/lib/python3.12/site-packages/airflow/example_dags/example_xcomargs.py took 0.107 seconds
[2025-01-17T11:24:31.552+0000] {processor.py:186} INFO - Started process (PID=384) to work on /home/airflow/.local/lib/python3.12/site-packages/airflow/example_dags/example_xcomargs.py
[2025-01-17T11:24:31.552+0000] {processor.py:914} INFO - Processing file /home/airflow/.local/lib/python3.12/site-packages/airflow/example_dags/example_xcomargs.py for tasks to queue
[2025-01-17T11:24:31.555+0000] {logging_mixin.py:190} INFO - [2025-01-17T11:24:31.555+0000] {dagbag.py:588} INFO - Filling up the DagBag from /home/airflow/.local/lib/python3.12/site-packages/airflow/example_dags/example_xcomargs.py
[2025-01-17T11:24:31.569+0000] {processor.py:925} INFO - DAG(s) 'example_xcom_args_with_operators', 'example_xcom_args' retrieved from /home/airflow/.local/lib/python3.12/site-packages/airflow/example_dags/example_xcomargs.py
[2025-01-17T11:24:31.599+0000] {logging_mixin.py:190} INFO - [2025-01-17T11:24:31.599+0000] {dag.py:3239} INFO - Sync 2 DAGs
[2025-01-17T11:24:31.617+0000] {logging_mixin.py:190} INFO - [2025-01-17T11:24:31.616+0000] {dag.py:4180} INFO - Setting next_dagrun for example_xcom_args to None, run_after=None
[2025-01-17T11:24:31.622+0000] {logging_mixin.py:190} INFO - [2025-01-17T11:24:31.622+0000] {dag.py:4180} INFO - Setting next_dagrun for example_xcom_args_with_operators to None, run_after=None
[2025-01-17T11:24:31.645+0000] {processor.py:208} INFO - Processing /home/airflow/.local/lib/python3.12/site-packages/airflow/example_dags/example_xcomargs.py took 0.100 seconds
[2025-01-17T11:25:01.762+0000] {processor.py:186} INFO - Started process (PID=448) to work on /home/airflow/.local/lib/python3.12/site-packages/airflow/example_dags/example_xcomargs.py
[2025-01-17T11:25:01.764+0000] {processor.py:914} INFO - Processing file /home/airflow/.local/lib/python3.12/site-packages/airflow/example_dags/example_xcomargs.py for tasks to queue
[2025-01-17T11:25:01.767+0000] {logging_mixin.py:190} INFO - [2025-01-17T11:25:01.766+0000] {dagbag.py:588} INFO - Filling up the DagBag from /home/airflow/.local/lib/python3.12/site-packages/airflow/example_dags/example_xcomargs.py
[2025-01-17T11:25:01.776+0000] {processor.py:925} INFO - DAG(s) 'example_xcom_args', 'example_xcom_args_with_operators' retrieved from /home/airflow/.local/lib/python3.12/site-packages/airflow/example_dags/example_xcomargs.py
[2025-01-17T11:25:01.803+0000] {logging_mixin.py:190} INFO - [2025-01-17T11:25:01.803+0000] {dag.py:3239} INFO - Sync 2 DAGs
[2025-01-17T11:25:01.818+0000] {logging_mixin.py:190} INFO - [2025-01-17T11:25:01.817+0000] {dag.py:4180} INFO - Setting next_dagrun for example_xcom_args to None, run_after=None
[2025-01-17T11:25:01.822+0000] {logging_mixin.py:190} INFO - [2025-01-17T11:25:01.822+0000] {dag.py:4180} INFO - Setting next_dagrun for example_xcom_args_with_operators to None, run_after=None
[2025-01-17T11:25:01.845+0000] {processor.py:208} INFO - Processing /home/airflow/.local/lib/python3.12/site-packages/airflow/example_dags/example_xcomargs.py took 0.088 seconds
[2025-01-17T11:25:32.316+0000] {processor.py:186} INFO - Started process (PID=512) to work on /home/airflow/.local/lib/python3.12/site-packages/airflow/example_dags/example_xcomargs.py
[2025-01-17T11:25:32.317+0000] {processor.py:914} INFO - Processing file /home/airflow/.local/lib/python3.12/site-packages/airflow/example_dags/example_xcomargs.py for tasks to queue
[2025-01-17T11:25:32.319+0000] {logging_mixin.py:190} INFO - [2025-01-17T11:25:32.319+0000] {dagbag.py:588} INFO - Filling up the DagBag from /home/airflow/.local/lib/python3.12/site-packages/airflow/example_dags/example_xcomargs.py
[2025-01-17T11:25:32.330+0000] {processor.py:925} INFO - DAG(s) 'example_xcom_args', 'example_xcom_args_with_operators' retrieved from /home/airflow/.local/lib/python3.12/site-packages/airflow/example_dags/example_xcomargs.py
[2025-01-17T11:25:32.356+0000] {logging_mixin.py:190} INFO - [2025-01-17T11:25:32.356+0000] {dag.py:3239} INFO - Sync 2 DAGs
[2025-01-17T11:25:32.372+0000] {logging_mixin.py:190} INFO - [2025-01-17T11:25:32.371+0000] {dag.py:4180} INFO - Setting next_dagrun for example_xcom_args to None, run_after=None
[2025-01-17T11:25:32.376+0000] {logging_mixin.py:190} INFO - [2025-01-17T11:25:32.376+0000] {dag.py:4180} INFO - Setting next_dagrun for example_xcom_args_with_operators to None, run_after=None
[2025-01-17T11:25:32.397+0000] {processor.py:208} INFO - Processing /home/airflow/.local/lib/python3.12/site-packages/airflow/example_dags/example_xcomargs.py took 0.086 seconds
[2025-01-17T11:26:03.159+0000] {processor.py:186} INFO - Started process (PID=583) to work on /home/airflow/.local/lib/python3.12/site-packages/airflow/example_dags/example_xcomargs.py
[2025-01-17T11:26:03.160+0000] {processor.py:914} INFO - Processing file /home/airflow/.local/lib/python3.12/site-packages/airflow/example_dags/example_xcomargs.py for tasks to queue
[2025-01-17T11:26:03.163+0000] {logging_mixin.py:190} INFO - [2025-01-17T11:26:03.163+0000] {dagbag.py:588} INFO - Filling up the DagBag from /home/airflow/.local/lib/python3.12/site-packages/airflow/example_dags/example_xcomargs.py
[2025-01-17T11:26:03.173+0000] {processor.py:925} INFO - DAG(s) 'example_xcom_args_with_operators', 'example_xcom_args' retrieved from /home/airflow/.local/lib/python3.12/site-packages/airflow/example_dags/example_xcomargs.py
[2025-01-17T11:26:03.199+0000] {logging_mixin.py:190} INFO - [2025-01-17T11:26:03.198+0000] {dag.py:3239} INFO - Sync 2 DAGs
[2025-01-17T11:26:03.213+0000] {logging_mixin.py:190} INFO - [2025-01-17T11:26:03.212+0000] {dag.py:4180} INFO - Setting next_dagrun for example_xcom_args to None, run_after=None
[2025-01-17T11:26:03.217+0000] {logging_mixin.py:190} INFO - [2025-01-17T11:26:03.217+0000] {dag.py:4180} INFO - Setting next_dagrun for example_xcom_args_with_operators to None, run_after=None
[2025-01-17T11:26:03.242+0000] {processor.py:208} INFO - Processing /home/airflow/.local/lib/python3.12/site-packages/airflow/example_dags/example_xcomargs.py took 0.088 seconds
[2025-01-17T11:26:33.629+0000] {processor.py:186} INFO - Started process (PID=647) to work on /home/airflow/.local/lib/python3.12/site-packages/airflow/example_dags/example_xcomargs.py
[2025-01-17T11:26:33.630+0000] {processor.py:914} INFO - Processing file /home/airflow/.local/lib/python3.12/site-packages/airflow/example_dags/example_xcomargs.py for tasks to queue
[2025-01-17T11:26:33.633+0000] {logging_mixin.py:190} INFO - [2025-01-17T11:26:33.633+0000] {dagbag.py:588} INFO - Filling up the DagBag from /home/airflow/.local/lib/python3.12/site-packages/airflow/example_dags/example_xcomargs.py
[2025-01-17T11:26:33.645+0000] {processor.py:925} INFO - DAG(s) 'example_xcom_args_with_operators', 'example_xcom_args' retrieved from /home/airflow/.local/lib/python3.12/site-packages/airflow/example_dags/example_xcomargs.py
[2025-01-17T11:26:33.674+0000] {logging_mixin.py:190} INFO - [2025-01-17T11:26:33.674+0000] {dag.py:3239} INFO - Sync 2 DAGs
[2025-01-17T11:26:33.692+0000] {logging_mixin.py:190} INFO - [2025-01-17T11:26:33.692+0000] {dag.py:4180} INFO - Setting next_dagrun for example_xcom_args to None, run_after=None
[2025-01-17T11:26:33.696+0000] {logging_mixin.py:190} INFO - [2025-01-17T11:26:33.696+0000] {dag.py:4180} INFO - Setting next_dagrun for example_xcom_args_with_operators to None, run_after=None
[2025-01-17T11:26:33.719+0000] {processor.py:208} INFO - Processing /home/airflow/.local/lib/python3.12/site-packages/airflow/example_dags/example_xcomargs.py took 0.096 seconds
[2025-01-17T11:27:03.859+0000] {processor.py:186} INFO - Started process (PID=711) to work on /home/airflow/.local/lib/python3.12/site-packages/airflow/example_dags/example_xcomargs.py
[2025-01-17T11:27:03.860+0000] {processor.py:914} INFO - Processing file /home/airflow/.local/lib/python3.12/site-packages/airflow/example_dags/example_xcomargs.py for tasks to queue
[2025-01-17T11:27:03.864+0000] {logging_mixin.py:190} INFO - [2025-01-17T11:27:03.863+0000] {dagbag.py:588} INFO - Filling up the DagBag from /home/airflow/.local/lib/python3.12/site-packages/airflow/example_dags/example_xcomargs.py
[2025-01-17T11:27:03.877+0000] {processor.py:925} INFO - DAG(s) 'example_xcom_args_with_operators', 'example_xcom_args' retrieved from /home/airflow/.local/lib/python3.12/site-packages/airflow/example_dags/example_xcomargs.py
[2025-01-17T11:27:03.905+0000] {logging_mixin.py:190} INFO - [2025-01-17T11:27:03.904+0000] {dag.py:3239} INFO - Sync 2 DAGs
[2025-01-17T11:27:03.920+0000] {logging_mixin.py:190} INFO - [2025-01-17T11:27:03.920+0000] {dag.py:4180} INFO - Setting next_dagrun for example_xcom_args to None, run_after=None
[2025-01-17T11:27:03.925+0000] {logging_mixin.py:190} INFO - [2025-01-17T11:27:03.925+0000] {dag.py:4180} INFO - Setting next_dagrun for example_xcom_args_with_operators to None, run_after=None
[2025-01-17T11:27:03.948+0000] {processor.py:208} INFO - Processing /home/airflow/.local/lib/python3.12/site-packages/airflow/example_dags/example_xcomargs.py took 0.094 seconds
[2025-01-17T11:27:34.318+0000] {processor.py:186} INFO - Started process (PID=775) to work on /home/airflow/.local/lib/python3.12/site-packages/airflow/example_dags/example_xcomargs.py
[2025-01-17T11:27:34.319+0000] {processor.py:914} INFO - Processing file /home/airflow/.local/lib/python3.12/site-packages/airflow/example_dags/example_xcomargs.py for tasks to queue
[2025-01-17T11:27:34.322+0000] {logging_mixin.py:190} INFO - [2025-01-17T11:27:34.322+0000] {dagbag.py:588} INFO - Filling up the DagBag from /home/airflow/.local/lib/python3.12/site-packages/airflow/example_dags/example_xcomargs.py
[2025-01-17T11:27:34.333+0000] {processor.py:925} INFO - DAG(s) 'example_xcom_args_with_operators', 'example_xcom_args' retrieved from /home/airflow/.local/lib/python3.12/site-packages/airflow/example_dags/example_xcomargs.py
[2025-01-17T11:27:34.361+0000] {logging_mixin.py:190} INFO - [2025-01-17T11:27:34.360+0000] {dag.py:3239} INFO - Sync 2 DAGs
[2025-01-17T11:27:34.377+0000] {logging_mixin.py:190} INFO - [2025-01-17T11:27:34.377+0000] {dag.py:4180} INFO - Setting next_dagrun for example_xcom_args to None, run_after=None
[2025-01-17T11:27:34.382+0000] {logging_mixin.py:190} INFO - [2025-01-17T11:27:34.382+0000] {dag.py:4180} INFO - Setting next_dagrun for example_xcom_args_with_operators to None, run_after=None
[2025-01-17T11:27:34.405+0000] {processor.py:208} INFO - Processing /home/airflow/.local/lib/python3.12/site-packages/airflow/example_dags/example_xcomargs.py took 0.093 seconds
[2025-01-17T11:28:05.029+0000] {processor.py:186} INFO - Started process (PID=839) to work on /home/airflow/.local/lib/python3.12/site-packages/airflow/example_dags/example_xcomargs.py
[2025-01-17T11:28:05.030+0000] {processor.py:914} INFO - Processing file /home/airflow/.local/lib/python3.12/site-packages/airflow/example_dags/example_xcomargs.py for tasks to queue
[2025-01-17T11:28:05.033+0000] {logging_mixin.py:190} INFO - [2025-01-17T11:28:05.032+0000] {dagbag.py:588} INFO - Filling up the DagBag from /home/airflow/.local/lib/python3.12/site-packages/airflow/example_dags/example_xcomargs.py
[2025-01-17T11:28:05.045+0000] {processor.py:925} INFO - DAG(s) 'example_xcom_args', 'example_xcom_args_with_operators' retrieved from /home/airflow/.local/lib/python3.12/site-packages/airflow/example_dags/example_xcomargs.py
[2025-01-17T11:28:05.072+0000] {logging_mixin.py:190} INFO - [2025-01-17T11:28:05.072+0000] {dag.py:3239} INFO - Sync 2 DAGs
[2025-01-17T11:28:05.091+0000] {logging_mixin.py:190} INFO - [2025-01-17T11:28:05.090+0000] {dag.py:4180} INFO - Setting next_dagrun for example_xcom_args to None, run_after=None
[2025-01-17T11:28:05.096+0000] {logging_mixin.py:190} INFO - [2025-01-17T11:28:05.096+0000] {dag.py:4180} INFO - Setting next_dagrun for example_xcom_args_with_operators to None, run_after=None
[2025-01-17T11:28:05.120+0000] {processor.py:208} INFO - Processing /home/airflow/.local/lib/python3.12/site-packages/airflow/example_dags/example_xcomargs.py took 0.096 seconds
[2025-01-17T11:28:36.019+0000] {processor.py:186} INFO - Started process (PID=904) to work on /home/airflow/.local/lib/python3.12/site-packages/airflow/example_dags/example_xcomargs.py
[2025-01-17T11:28:36.020+0000] {processor.py:914} INFO - Processing file /home/airflow/.local/lib/python3.12/site-packages/airflow/example_dags/example_xcomargs.py for tasks to queue
[2025-01-17T11:28:36.023+0000] {logging_mixin.py:190} INFO - [2025-01-17T11:28:36.022+0000] {dagbag.py:588} INFO - Filling up the DagBag from /home/airflow/.local/lib/python3.12/site-packages/airflow/example_dags/example_xcomargs.py
[2025-01-17T11:28:36.035+0000] {processor.py:925} INFO - DAG(s) 'example_xcom_args', 'example_xcom_args_with_operators' retrieved from /home/airflow/.local/lib/python3.12/site-packages/airflow/example_dags/example_xcomargs.py
[2025-01-17T11:28:36.068+0000] {logging_mixin.py:190} INFO - [2025-01-17T11:28:36.067+0000] {dag.py:3239} INFO - Sync 2 DAGs
[2025-01-17T11:28:36.085+0000] {logging_mixin.py:190} INFO - [2025-01-17T11:28:36.084+0000] {dag.py:4180} INFO - Setting next_dagrun for example_xcom_args to None, run_after=None
[2025-01-17T11:28:36.090+0000] {logging_mixin.py:190} INFO - [2025-01-17T11:28:36.090+0000] {dag.py:4180} INFO - Setting next_dagrun for example_xcom_args_with_operators to None, run_after=None
[2025-01-17T11:28:36.115+0000] {processor.py:208} INFO - Processing /home/airflow/.local/lib/python3.12/site-packages/airflow/example_dags/example_xcomargs.py took 0.103 seconds
[2025-01-17T11:29:06.890+0000] {processor.py:186} INFO - Started process (PID=968) to work on /home/airflow/.local/lib/python3.12/site-packages/airflow/example_dags/example_xcomargs.py
[2025-01-17T11:29:06.892+0000] {processor.py:914} INFO - Processing file /home/airflow/.local/lib/python3.12/site-packages/airflow/example_dags/example_xcomargs.py for tasks to queue
[2025-01-17T11:29:06.895+0000] {logging_mixin.py:190} INFO - [2025-01-17T11:29:06.895+0000] {dagbag.py:588} INFO - Filling up the DagBag from /home/airflow/.local/lib/python3.12/site-packages/airflow/example_dags/example_xcomargs.py
[2025-01-17T11:29:06.913+0000] {processor.py:925} INFO - DAG(s) 'example_xcom_args_with_operators', 'example_xcom_args' retrieved from /home/airflow/.local/lib/python3.12/site-packages/airflow/example_dags/example_xcomargs.py
[2025-01-17T11:29:06.945+0000] {logging_mixin.py:190} INFO - [2025-01-17T11:29:06.945+0000] {dag.py:3239} INFO - Sync 2 DAGs
[2025-01-17T11:29:06.963+0000] {logging_mixin.py:190} INFO - [2025-01-17T11:29:06.962+0000] {dag.py:4180} INFO - Setting next_dagrun for example_xcom_args to None, run_after=None
[2025-01-17T11:29:06.969+0000] {logging_mixin.py:190} INFO - [2025-01-17T11:29:06.969+0000] {dag.py:4180} INFO - Setting next_dagrun for example_xcom_args_with_operators to None, run_after=None
[2025-01-17T11:29:06.991+0000] {processor.py:208} INFO - Processing /home/airflow/.local/lib/python3.12/site-packages/airflow/example_dags/example_xcomargs.py took 0.109 seconds
