[2025-01-17T10:31:58.692+0000] {processor.py:186} INFO - Started process (PID=76) to work on /home/airflow/.local/lib/python3.12/site-packages/airflow/example_dags/example_inlet_event_extra.py
[2025-01-17T10:31:58.693+0000] {processor.py:914} INFO - Processing file /home/airflow/.local/lib/python3.12/site-packages/airflow/example_dags/example_inlet_event_extra.py for tasks to queue
[2025-01-17T10:31:58.697+0000] {logging_mixin.py:190} INFO - [2025-01-17T10:31:58.696+0000] {dagbag.py:588} INFO - Filling up the DagBag from /home/airflow/.local/lib/python3.12/site-packages/airflow/example_dags/example_inlet_event_extra.py
[2025-01-17T10:32:00.028+0000] {processor.py:925} INFO - DAG(s) 'read_dataset_event_from_classic', 'read_dataset_event' retrieved from /home/airflow/.local/lib/python3.12/site-packages/airflow/example_dags/example_inlet_event_extra.py
[2025-01-17T10:32:00.071+0000] {logging_mixin.py:190} INFO - [2025-01-17T10:32:00.070+0000] {dag.py:3239} INFO - Sync 2 DAGs
[2025-01-17T10:32:00.126+0000] {logging_mixin.py:190} INFO - [2025-01-17T10:32:00.126+0000] {dag.py:4180} INFO - Setting next_dagrun for read_dataset_event to 2025-01-16 00:00:00+00:00, run_after=2025-01-17 00:00:00+00:00
[2025-01-17T10:32:00.139+0000] {logging_mixin.py:190} INFO - [2025-01-17T10:32:00.139+0000] {dag.py:4180} INFO - Setting next_dagrun for read_dataset_event_from_classic to 2025-01-16 00:00:00+00:00, run_after=2025-01-17 00:00:00+00:00
[2025-01-17T10:32:00.174+0000] {processor.py:208} INFO - Processing /home/airflow/.local/lib/python3.12/site-packages/airflow/example_dags/example_inlet_event_extra.py took 1.487 seconds
[2025-01-17T10:32:30.367+0000] {processor.py:186} INFO - Started process (PID=141) to work on /home/airflow/.local/lib/python3.12/site-packages/airflow/example_dags/example_inlet_event_extra.py
[2025-01-17T10:32:30.369+0000] {processor.py:914} INFO - Processing file /home/airflow/.local/lib/python3.12/site-packages/airflow/example_dags/example_inlet_event_extra.py for tasks to queue
[2025-01-17T10:32:30.375+0000] {logging_mixin.py:190} INFO - [2025-01-17T10:32:30.374+0000] {dagbag.py:588} INFO - Filling up the DagBag from /home/airflow/.local/lib/python3.12/site-packages/airflow/example_dags/example_inlet_event_extra.py
[2025-01-17T10:32:31.735+0000] {processor.py:925} INFO - DAG(s) 'read_dataset_event', 'read_dataset_event_from_classic' retrieved from /home/airflow/.local/lib/python3.12/site-packages/airflow/example_dags/example_inlet_event_extra.py
[2025-01-17T10:32:31.782+0000] {logging_mixin.py:190} INFO - [2025-01-17T10:32:31.782+0000] {dag.py:3239} INFO - Sync 2 DAGs
[2025-01-17T10:32:31.834+0000] {logging_mixin.py:190} INFO - [2025-01-17T10:32:31.834+0000] {dag.py:4180} INFO - Setting next_dagrun for read_dataset_event to 2025-01-16 00:00:00+00:00, run_after=2025-01-17 00:00:00+00:00
[2025-01-17T10:32:31.845+0000] {logging_mixin.py:190} INFO - [2025-01-17T10:32:31.845+0000] {dag.py:4180} INFO - Setting next_dagrun for read_dataset_event_from_classic to 2025-01-16 00:00:00+00:00, run_after=2025-01-17 00:00:00+00:00
[2025-01-17T10:32:31.881+0000] {processor.py:208} INFO - Processing /home/airflow/.local/lib/python3.12/site-packages/airflow/example_dags/example_inlet_event_extra.py took 1.523 seconds
[2025-01-17T10:33:01.995+0000] {processor.py:186} INFO - Started process (PID=211) to work on /home/airflow/.local/lib/python3.12/site-packages/airflow/example_dags/example_inlet_event_extra.py
[2025-01-17T10:33:01.996+0000] {processor.py:914} INFO - Processing file /home/airflow/.local/lib/python3.12/site-packages/airflow/example_dags/example_inlet_event_extra.py for tasks to queue
[2025-01-17T10:33:02.001+0000] {logging_mixin.py:190} INFO - [2025-01-17T10:33:02.001+0000] {dagbag.py:588} INFO - Filling up the DagBag from /home/airflow/.local/lib/python3.12/site-packages/airflow/example_dags/example_inlet_event_extra.py
[2025-01-17T10:33:03.063+0000] {processor.py:925} INFO - DAG(s) 'read_dataset_event_from_classic', 'read_dataset_event' retrieved from /home/airflow/.local/lib/python3.12/site-packages/airflow/example_dags/example_inlet_event_extra.py
[2025-01-17T10:33:03.098+0000] {logging_mixin.py:190} INFO - [2025-01-17T10:33:03.098+0000] {dag.py:3239} INFO - Sync 2 DAGs
[2025-01-17T10:33:03.139+0000] {logging_mixin.py:190} INFO - [2025-01-17T10:33:03.138+0000] {dag.py:4180} INFO - Setting next_dagrun for read_dataset_event to 2025-01-16 00:00:00+00:00, run_after=2025-01-17 00:00:00+00:00
[2025-01-17T10:33:03.149+0000] {logging_mixin.py:190} INFO - [2025-01-17T10:33:03.148+0000] {dag.py:4180} INFO - Setting next_dagrun for read_dataset_event_from_classic to 2025-01-16 00:00:00+00:00, run_after=2025-01-17 00:00:00+00:00
[2025-01-17T10:33:03.179+0000] {processor.py:208} INFO - Processing /home/airflow/.local/lib/python3.12/site-packages/airflow/example_dags/example_inlet_event_extra.py took 1.195 seconds
[2025-01-17T10:33:33.556+0000] {processor.py:186} INFO - Started process (PID=276) to work on /home/airflow/.local/lib/python3.12/site-packages/airflow/example_dags/example_inlet_event_extra.py
[2025-01-17T10:33:33.558+0000] {processor.py:914} INFO - Processing file /home/airflow/.local/lib/python3.12/site-packages/airflow/example_dags/example_inlet_event_extra.py for tasks to queue
[2025-01-17T10:33:33.563+0000] {logging_mixin.py:190} INFO - [2025-01-17T10:33:33.563+0000] {dagbag.py:588} INFO - Filling up the DagBag from /home/airflow/.local/lib/python3.12/site-packages/airflow/example_dags/example_inlet_event_extra.py
[2025-01-17T10:33:34.908+0000] {processor.py:925} INFO - DAG(s) 'read_dataset_event_from_classic', 'read_dataset_event' retrieved from /home/airflow/.local/lib/python3.12/site-packages/airflow/example_dags/example_inlet_event_extra.py
[2025-01-17T10:33:34.949+0000] {logging_mixin.py:190} INFO - [2025-01-17T10:33:34.948+0000] {dag.py:3239} INFO - Sync 2 DAGs
[2025-01-17T10:33:35.003+0000] {logging_mixin.py:190} INFO - [2025-01-17T10:33:35.002+0000] {dag.py:4180} INFO - Setting next_dagrun for read_dataset_event to 2025-01-16 00:00:00+00:00, run_after=2025-01-17 00:00:00+00:00
[2025-01-17T10:33:35.014+0000] {logging_mixin.py:190} INFO - [2025-01-17T10:33:35.013+0000] {dag.py:4180} INFO - Setting next_dagrun for read_dataset_event_from_classic to 2025-01-16 00:00:00+00:00, run_after=2025-01-17 00:00:00+00:00
[2025-01-17T10:33:35.048+0000] {processor.py:208} INFO - Processing /home/airflow/.local/lib/python3.12/site-packages/airflow/example_dags/example_inlet_event_extra.py took 1.504 seconds
[2025-01-17T10:34:05.258+0000] {processor.py:186} INFO - Started process (PID=342) to work on /home/airflow/.local/lib/python3.12/site-packages/airflow/example_dags/example_inlet_event_extra.py
[2025-01-17T10:34:05.260+0000] {processor.py:914} INFO - Processing file /home/airflow/.local/lib/python3.12/site-packages/airflow/example_dags/example_inlet_event_extra.py for tasks to queue
[2025-01-17T10:34:05.267+0000] {logging_mixin.py:190} INFO - [2025-01-17T10:34:05.266+0000] {dagbag.py:588} INFO - Filling up the DagBag from /home/airflow/.local/lib/python3.12/site-packages/airflow/example_dags/example_inlet_event_extra.py
[2025-01-17T10:34:06.518+0000] {processor.py:925} INFO - DAG(s) 'read_dataset_event_from_classic', 'read_dataset_event' retrieved from /home/airflow/.local/lib/python3.12/site-packages/airflow/example_dags/example_inlet_event_extra.py
[2025-01-17T10:34:06.562+0000] {logging_mixin.py:190} INFO - [2025-01-17T10:34:06.562+0000] {dag.py:3239} INFO - Sync 2 DAGs
[2025-01-17T10:34:06.620+0000] {logging_mixin.py:190} INFO - [2025-01-17T10:34:06.619+0000] {dag.py:4180} INFO - Setting next_dagrun for read_dataset_event to 2025-01-16 00:00:00+00:00, run_after=2025-01-17 00:00:00+00:00
[2025-01-17T10:34:06.642+0000] {logging_mixin.py:190} INFO - [2025-01-17T10:34:06.641+0000] {dag.py:4180} INFO - Setting next_dagrun for read_dataset_event_from_classic to 2025-01-16 00:00:00+00:00, run_after=2025-01-17 00:00:00+00:00
[2025-01-17T10:34:06.713+0000] {processor.py:208} INFO - Processing /home/airflow/.local/lib/python3.12/site-packages/airflow/example_dags/example_inlet_event_extra.py took 1.465 seconds
[2025-01-17T10:34:37.192+0000] {processor.py:186} INFO - Started process (PID=406) to work on /home/airflow/.local/lib/python3.12/site-packages/airflow/example_dags/example_inlet_event_extra.py
[2025-01-17T10:34:37.194+0000] {processor.py:914} INFO - Processing file /home/airflow/.local/lib/python3.12/site-packages/airflow/example_dags/example_inlet_event_extra.py for tasks to queue
[2025-01-17T10:34:37.196+0000] {logging_mixin.py:190} INFO - [2025-01-17T10:34:37.195+0000] {dagbag.py:588} INFO - Filling up the DagBag from /home/airflow/.local/lib/python3.12/site-packages/airflow/example_dags/example_inlet_event_extra.py
[2025-01-17T10:34:38.280+0000] {processor.py:925} INFO - DAG(s) 'read_dataset_event_from_classic', 'read_dataset_event' retrieved from /home/airflow/.local/lib/python3.12/site-packages/airflow/example_dags/example_inlet_event_extra.py
[2025-01-17T10:34:38.325+0000] {logging_mixin.py:190} INFO - [2025-01-17T10:34:38.325+0000] {dag.py:3239} INFO - Sync 2 DAGs
[2025-01-17T10:34:38.370+0000] {logging_mixin.py:190} INFO - [2025-01-17T10:34:38.369+0000] {dag.py:4180} INFO - Setting next_dagrun for read_dataset_event to 2025-01-16 00:00:00+00:00, run_after=2025-01-17 00:00:00+00:00
[2025-01-17T10:34:38.379+0000] {logging_mixin.py:190} INFO - [2025-01-17T10:34:38.379+0000] {dag.py:4180} INFO - Setting next_dagrun for read_dataset_event_from_classic to 2025-01-16 00:00:00+00:00, run_after=2025-01-17 00:00:00+00:00
[2025-01-17T10:34:38.413+0000] {processor.py:208} INFO - Processing /home/airflow/.local/lib/python3.12/site-packages/airflow/example_dags/example_inlet_event_extra.py took 1.228 seconds
[2025-01-17T10:35:09.057+0000] {processor.py:186} INFO - Started process (PID=469) to work on /home/airflow/.local/lib/python3.12/site-packages/airflow/example_dags/example_inlet_event_extra.py
[2025-01-17T10:35:09.060+0000] {processor.py:914} INFO - Processing file /home/airflow/.local/lib/python3.12/site-packages/airflow/example_dags/example_inlet_event_extra.py for tasks to queue
[2025-01-17T10:35:09.064+0000] {logging_mixin.py:190} INFO - [2025-01-17T10:35:09.063+0000] {dagbag.py:588} INFO - Filling up the DagBag from /home/airflow/.local/lib/python3.12/site-packages/airflow/example_dags/example_inlet_event_extra.py
[2025-01-17T10:35:10.263+0000] {processor.py:925} INFO - DAG(s) 'read_dataset_event_from_classic', 'read_dataset_event' retrieved from /home/airflow/.local/lib/python3.12/site-packages/airflow/example_dags/example_inlet_event_extra.py
[2025-01-17T10:35:10.297+0000] {logging_mixin.py:190} INFO - [2025-01-17T10:35:10.297+0000] {dag.py:3239} INFO - Sync 2 DAGs
[2025-01-17T10:35:10.337+0000] {logging_mixin.py:190} INFO - [2025-01-17T10:35:10.337+0000] {dag.py:4180} INFO - Setting next_dagrun for read_dataset_event to 2025-01-16 00:00:00+00:00, run_after=2025-01-17 00:00:00+00:00
[2025-01-17T10:35:10.346+0000] {logging_mixin.py:190} INFO - [2025-01-17T10:35:10.345+0000] {dag.py:4180} INFO - Setting next_dagrun for read_dataset_event_from_classic to 2025-01-16 00:00:00+00:00, run_after=2025-01-17 00:00:00+00:00
[2025-01-17T10:35:10.372+0000] {processor.py:208} INFO - Processing /home/airflow/.local/lib/python3.12/site-packages/airflow/example_dags/example_inlet_event_extra.py took 1.330 seconds
[2025-01-17T10:35:40.955+0000] {processor.py:186} INFO - Started process (PID=532) to work on /home/airflow/.local/lib/python3.12/site-packages/airflow/example_dags/example_inlet_event_extra.py
[2025-01-17T10:35:40.957+0000] {processor.py:914} INFO - Processing file /home/airflow/.local/lib/python3.12/site-packages/airflow/example_dags/example_inlet_event_extra.py for tasks to queue
[2025-01-17T10:35:40.959+0000] {logging_mixin.py:190} INFO - [2025-01-17T10:35:40.958+0000] {dagbag.py:588} INFO - Filling up the DagBag from /home/airflow/.local/lib/python3.12/site-packages/airflow/example_dags/example_inlet_event_extra.py
[2025-01-17T10:35:42.014+0000] {processor.py:925} INFO - DAG(s) 'read_dataset_event_from_classic', 'read_dataset_event' retrieved from /home/airflow/.local/lib/python3.12/site-packages/airflow/example_dags/example_inlet_event_extra.py
[2025-01-17T10:35:42.064+0000] {logging_mixin.py:190} INFO - [2025-01-17T10:35:42.064+0000] {dag.py:3239} INFO - Sync 2 DAGs
[2025-01-17T10:35:42.110+0000] {logging_mixin.py:190} INFO - [2025-01-17T10:35:42.110+0000] {dag.py:4180} INFO - Setting next_dagrun for read_dataset_event to 2025-01-16 00:00:00+00:00, run_after=2025-01-17 00:00:00+00:00
[2025-01-17T10:35:42.122+0000] {logging_mixin.py:190} INFO - [2025-01-17T10:35:42.121+0000] {dag.py:4180} INFO - Setting next_dagrun for read_dataset_event_from_classic to 2025-01-16 00:00:00+00:00, run_after=2025-01-17 00:00:00+00:00
[2025-01-17T10:35:42.162+0000] {processor.py:208} INFO - Processing /home/airflow/.local/lib/python3.12/site-packages/airflow/example_dags/example_inlet_event_extra.py took 1.218 seconds
[2025-01-17T10:36:12.789+0000] {processor.py:186} INFO - Started process (PID=595) to work on /home/airflow/.local/lib/python3.12/site-packages/airflow/example_dags/example_inlet_event_extra.py
[2025-01-17T10:36:12.791+0000] {processor.py:914} INFO - Processing file /home/airflow/.local/lib/python3.12/site-packages/airflow/example_dags/example_inlet_event_extra.py for tasks to queue
[2025-01-17T10:36:12.793+0000] {logging_mixin.py:190} INFO - [2025-01-17T10:36:12.792+0000] {dagbag.py:588} INFO - Filling up the DagBag from /home/airflow/.local/lib/python3.12/site-packages/airflow/example_dags/example_inlet_event_extra.py
[2025-01-17T10:36:13.898+0000] {processor.py:925} INFO - DAG(s) 'read_dataset_event', 'read_dataset_event_from_classic' retrieved from /home/airflow/.local/lib/python3.12/site-packages/airflow/example_dags/example_inlet_event_extra.py
[2025-01-17T10:36:13.942+0000] {logging_mixin.py:190} INFO - [2025-01-17T10:36:13.941+0000] {dag.py:3239} INFO - Sync 2 DAGs
[2025-01-17T10:36:13.988+0000] {logging_mixin.py:190} INFO - [2025-01-17T10:36:13.988+0000] {dag.py:4180} INFO - Setting next_dagrun for read_dataset_event to 2025-01-16 00:00:00+00:00, run_after=2025-01-17 00:00:00+00:00
[2025-01-17T10:36:13.997+0000] {logging_mixin.py:190} INFO - [2025-01-17T10:36:13.997+0000] {dag.py:4180} INFO - Setting next_dagrun for read_dataset_event_from_classic to 2025-01-16 00:00:00+00:00, run_after=2025-01-17 00:00:00+00:00
[2025-01-17T10:36:14.039+0000] {processor.py:208} INFO - Processing /home/airflow/.local/lib/python3.12/site-packages/airflow/example_dags/example_inlet_event_extra.py took 1.259 seconds
[2025-01-17T10:37:28.456+0000] {processor.py:186} INFO - Started process (PID=75) to work on /home/airflow/.local/lib/python3.12/site-packages/airflow/example_dags/example_inlet_event_extra.py
[2025-01-17T10:37:28.458+0000] {processor.py:914} INFO - Processing file /home/airflow/.local/lib/python3.12/site-packages/airflow/example_dags/example_inlet_event_extra.py for tasks to queue
[2025-01-17T10:37:28.464+0000] {logging_mixin.py:190} INFO - [2025-01-17T10:37:28.463+0000] {dagbag.py:588} INFO - Filling up the DagBag from /home/airflow/.local/lib/python3.12/site-packages/airflow/example_dags/example_inlet_event_extra.py
[2025-01-17T10:37:29.538+0000] {processor.py:925} INFO - DAG(s) 'read_dataset_event', 'read_dataset_event_from_classic' retrieved from /home/airflow/.local/lib/python3.12/site-packages/airflow/example_dags/example_inlet_event_extra.py
[2025-01-17T10:37:29.578+0000] {logging_mixin.py:190} INFO - [2025-01-17T10:37:29.578+0000] {dag.py:3239} INFO - Sync 2 DAGs
[2025-01-17T10:37:29.614+0000] {logging_mixin.py:190} INFO - [2025-01-17T10:37:29.614+0000] {dag.py:4180} INFO - Setting next_dagrun for read_dataset_event to 2025-01-16 00:00:00+00:00, run_after=2025-01-17 00:00:00+00:00
[2025-01-17T10:37:29.623+0000] {logging_mixin.py:190} INFO - [2025-01-17T10:37:29.622+0000] {dag.py:4180} INFO - Setting next_dagrun for read_dataset_event_from_classic to 2025-01-16 00:00:00+00:00, run_after=2025-01-17 00:00:00+00:00
[2025-01-17T10:37:29.664+0000] {processor.py:208} INFO - Processing /home/airflow/.local/lib/python3.12/site-packages/airflow/example_dags/example_inlet_event_extra.py took 1.218 seconds
[2025-01-17T10:38:00.211+0000] {processor.py:186} INFO - Started process (PID=140) to work on /home/airflow/.local/lib/python3.12/site-packages/airflow/example_dags/example_inlet_event_extra.py
[2025-01-17T10:38:00.213+0000] {processor.py:914} INFO - Processing file /home/airflow/.local/lib/python3.12/site-packages/airflow/example_dags/example_inlet_event_extra.py for tasks to queue
[2025-01-17T10:38:00.216+0000] {logging_mixin.py:190} INFO - [2025-01-17T10:38:00.216+0000] {dagbag.py:588} INFO - Filling up the DagBag from /home/airflow/.local/lib/python3.12/site-packages/airflow/example_dags/example_inlet_event_extra.py
[2025-01-17T10:38:01.201+0000] {processor.py:925} INFO - DAG(s) 'read_dataset_event', 'read_dataset_event_from_classic' retrieved from /home/airflow/.local/lib/python3.12/site-packages/airflow/example_dags/example_inlet_event_extra.py
[2025-01-17T10:38:01.240+0000] {logging_mixin.py:190} INFO - [2025-01-17T10:38:01.240+0000] {dag.py:3239} INFO - Sync 2 DAGs
[2025-01-17T10:38:01.287+0000] {logging_mixin.py:190} INFO - [2025-01-17T10:38:01.286+0000] {dag.py:4180} INFO - Setting next_dagrun for read_dataset_event to 2025-01-16 00:00:00+00:00, run_after=2025-01-17 00:00:00+00:00
[2025-01-17T10:38:01.295+0000] {logging_mixin.py:190} INFO - [2025-01-17T10:38:01.295+0000] {dag.py:4180} INFO - Setting next_dagrun for read_dataset_event_from_classic to 2025-01-16 00:00:00+00:00, run_after=2025-01-17 00:00:00+00:00
[2025-01-17T10:38:01.323+0000] {processor.py:208} INFO - Processing /home/airflow/.local/lib/python3.12/site-packages/airflow/example_dags/example_inlet_event_extra.py took 1.121 seconds
[2025-01-17T10:38:31.745+0000] {processor.py:186} INFO - Started process (PID=205) to work on /home/airflow/.local/lib/python3.12/site-packages/airflow/example_dags/example_inlet_event_extra.py
[2025-01-17T10:38:31.748+0000] {processor.py:914} INFO - Processing file /home/airflow/.local/lib/python3.12/site-packages/airflow/example_dags/example_inlet_event_extra.py for tasks to queue
[2025-01-17T10:38:31.760+0000] {logging_mixin.py:190} INFO - [2025-01-17T10:38:31.759+0000] {dagbag.py:588} INFO - Filling up the DagBag from /home/airflow/.local/lib/python3.12/site-packages/airflow/example_dags/example_inlet_event_extra.py
[2025-01-17T10:52:12.002+0000] {processor.py:186} INFO - Started process (PID=76) to work on /home/airflow/.local/lib/python3.12/site-packages/airflow/example_dags/example_inlet_event_extra.py
[2025-01-17T10:52:12.003+0000] {processor.py:914} INFO - Processing file /home/airflow/.local/lib/python3.12/site-packages/airflow/example_dags/example_inlet_event_extra.py for tasks to queue
[2025-01-17T10:52:12.006+0000] {logging_mixin.py:190} INFO - [2025-01-17T10:52:12.006+0000] {dagbag.py:588} INFO - Filling up the DagBag from /home/airflow/.local/lib/python3.12/site-packages/airflow/example_dags/example_inlet_event_extra.py
[2025-01-17T10:52:13.825+0000] {processor.py:925} INFO - DAG(s) 'read_dataset_event_from_classic', 'read_dataset_event' retrieved from /home/airflow/.local/lib/python3.12/site-packages/airflow/example_dags/example_inlet_event_extra.py
[2025-01-17T10:52:13.854+0000] {logging_mixin.py:190} INFO - [2025-01-17T10:52:13.853+0000] {dag.py:3239} INFO - Sync 2 DAGs
[2025-01-17T10:52:13.879+0000] {logging_mixin.py:190} INFO - [2025-01-17T10:52:13.879+0000] {dag.py:4180} INFO - Setting next_dagrun for read_dataset_event to 2025-01-16 00:00:00+00:00, run_after=2025-01-17 00:00:00+00:00
[2025-01-17T10:52:13.886+0000] {logging_mixin.py:190} INFO - [2025-01-17T10:52:13.885+0000] {dag.py:4180} INFO - Setting next_dagrun for read_dataset_event_from_classic to 2025-01-16 00:00:00+00:00, run_after=2025-01-17 00:00:00+00:00
[2025-01-17T10:52:13.911+0000] {processor.py:208} INFO - Processing /home/airflow/.local/lib/python3.12/site-packages/airflow/example_dags/example_inlet_event_extra.py took 1.915 seconds
[2025-01-17T10:52:44.293+0000] {processor.py:186} INFO - Started process (PID=141) to work on /home/airflow/.local/lib/python3.12/site-packages/airflow/example_dags/example_inlet_event_extra.py
[2025-01-17T10:52:44.294+0000] {processor.py:914} INFO - Processing file /home/airflow/.local/lib/python3.12/site-packages/airflow/example_dags/example_inlet_event_extra.py for tasks to queue
[2025-01-17T10:52:44.297+0000] {logging_mixin.py:190} INFO - [2025-01-17T10:52:44.297+0000] {dagbag.py:588} INFO - Filling up the DagBag from /home/airflow/.local/lib/python3.12/site-packages/airflow/example_dags/example_inlet_event_extra.py
[2025-01-17T10:52:44.993+0000] {processor.py:925} INFO - DAG(s) 'read_dataset_event', 'read_dataset_event_from_classic' retrieved from /home/airflow/.local/lib/python3.12/site-packages/airflow/example_dags/example_inlet_event_extra.py
[2025-01-17T10:52:45.044+0000] {logging_mixin.py:190} INFO - [2025-01-17T10:52:45.044+0000] {dag.py:3239} INFO - Sync 2 DAGs
[2025-01-17T10:52:45.074+0000] {logging_mixin.py:190} INFO - [2025-01-17T10:52:45.074+0000] {dag.py:4180} INFO - Setting next_dagrun for read_dataset_event to 2025-01-16 00:00:00+00:00, run_after=2025-01-17 00:00:00+00:00
[2025-01-17T10:52:45.080+0000] {logging_mixin.py:190} INFO - [2025-01-17T10:52:45.080+0000] {dag.py:4180} INFO - Setting next_dagrun for read_dataset_event_from_classic to 2025-01-16 00:00:00+00:00, run_after=2025-01-17 00:00:00+00:00
[2025-01-17T10:52:45.110+0000] {processor.py:208} INFO - Processing /home/airflow/.local/lib/python3.12/site-packages/airflow/example_dags/example_inlet_event_extra.py took 0.823 seconds
[2025-01-17T10:53:15.792+0000] {processor.py:186} INFO - Started process (PID=211) to work on /home/airflow/.local/lib/python3.12/site-packages/airflow/example_dags/example_inlet_event_extra.py
[2025-01-17T10:53:15.794+0000] {processor.py:914} INFO - Processing file /home/airflow/.local/lib/python3.12/site-packages/airflow/example_dags/example_inlet_event_extra.py for tasks to queue
[2025-01-17T10:53:15.797+0000] {logging_mixin.py:190} INFO - [2025-01-17T10:53:15.797+0000] {dagbag.py:588} INFO - Filling up the DagBag from /home/airflow/.local/lib/python3.12/site-packages/airflow/example_dags/example_inlet_event_extra.py
[2025-01-17T10:53:16.504+0000] {processor.py:925} INFO - DAG(s) 'read_dataset_event_from_classic', 'read_dataset_event' retrieved from /home/airflow/.local/lib/python3.12/site-packages/airflow/example_dags/example_inlet_event_extra.py
[2025-01-17T10:53:16.532+0000] {logging_mixin.py:190} INFO - [2025-01-17T10:53:16.532+0000] {dag.py:3239} INFO - Sync 2 DAGs
[2025-01-17T10:53:16.562+0000] {logging_mixin.py:190} INFO - [2025-01-17T10:53:16.561+0000] {dag.py:4180} INFO - Setting next_dagrun for read_dataset_event to 2025-01-16 00:00:00+00:00, run_after=2025-01-17 00:00:00+00:00
[2025-01-17T10:53:16.568+0000] {logging_mixin.py:190} INFO - [2025-01-17T10:53:16.567+0000] {dag.py:4180} INFO - Setting next_dagrun for read_dataset_event_from_classic to 2025-01-16 00:00:00+00:00, run_after=2025-01-17 00:00:00+00:00
[2025-01-17T10:53:16.590+0000] {processor.py:208} INFO - Processing /home/airflow/.local/lib/python3.12/site-packages/airflow/example_dags/example_inlet_event_extra.py took 0.803 seconds
[2025-01-17T10:53:47.368+0000] {processor.py:186} INFO - Started process (PID=276) to work on /home/airflow/.local/lib/python3.12/site-packages/airflow/example_dags/example_inlet_event_extra.py
[2025-01-17T10:53:47.370+0000] {processor.py:914} INFO - Processing file /home/airflow/.local/lib/python3.12/site-packages/airflow/example_dags/example_inlet_event_extra.py for tasks to queue
[2025-01-17T10:53:47.373+0000] {logging_mixin.py:190} INFO - [2025-01-17T10:53:47.372+0000] {dagbag.py:588} INFO - Filling up the DagBag from /home/airflow/.local/lib/python3.12/site-packages/airflow/example_dags/example_inlet_event_extra.py
[2025-01-17T10:53:47.980+0000] {processor.py:925} INFO - DAG(s) 'read_dataset_event_from_classic', 'read_dataset_event' retrieved from /home/airflow/.local/lib/python3.12/site-packages/airflow/example_dags/example_inlet_event_extra.py
[2025-01-17T10:53:48.005+0000] {logging_mixin.py:190} INFO - [2025-01-17T10:53:48.005+0000] {dag.py:3239} INFO - Sync 2 DAGs
[2025-01-17T10:53:48.035+0000] {logging_mixin.py:190} INFO - [2025-01-17T10:53:48.035+0000] {dag.py:4180} INFO - Setting next_dagrun for read_dataset_event to 2025-01-16 00:00:00+00:00, run_after=2025-01-17 00:00:00+00:00
[2025-01-17T10:53:48.042+0000] {logging_mixin.py:190} INFO - [2025-01-17T10:53:48.041+0000] {dag.py:4180} INFO - Setting next_dagrun for read_dataset_event_from_classic to 2025-01-16 00:00:00+00:00, run_after=2025-01-17 00:00:00+00:00
[2025-01-17T10:53:48.063+0000] {processor.py:208} INFO - Processing /home/airflow/.local/lib/python3.12/site-packages/airflow/example_dags/example_inlet_event_extra.py took 0.700 seconds
[2025-01-17T10:54:18.628+0000] {processor.py:186} INFO - Started process (PID=340) to work on /home/airflow/.local/lib/python3.12/site-packages/airflow/example_dags/example_inlet_event_extra.py
[2025-01-17T10:54:18.629+0000] {processor.py:914} INFO - Processing file /home/airflow/.local/lib/python3.12/site-packages/airflow/example_dags/example_inlet_event_extra.py for tasks to queue
[2025-01-17T10:54:18.632+0000] {logging_mixin.py:190} INFO - [2025-01-17T10:54:18.631+0000] {dagbag.py:588} INFO - Filling up the DagBag from /home/airflow/.local/lib/python3.12/site-packages/airflow/example_dags/example_inlet_event_extra.py
[2025-01-17T10:54:19.222+0000] {processor.py:925} INFO - DAG(s) 'read_dataset_event', 'read_dataset_event_from_classic' retrieved from /home/airflow/.local/lib/python3.12/site-packages/airflow/example_dags/example_inlet_event_extra.py
[2025-01-17T10:54:19.246+0000] {logging_mixin.py:190} INFO - [2025-01-17T10:54:19.246+0000] {dag.py:3239} INFO - Sync 2 DAGs
[2025-01-17T10:54:19.274+0000] {logging_mixin.py:190} INFO - [2025-01-17T10:54:19.274+0000] {dag.py:4180} INFO - Setting next_dagrun for read_dataset_event to 2025-01-16 00:00:00+00:00, run_after=2025-01-17 00:00:00+00:00
[2025-01-17T10:54:19.281+0000] {logging_mixin.py:190} INFO - [2025-01-17T10:54:19.281+0000] {dag.py:4180} INFO - Setting next_dagrun for read_dataset_event_from_classic to 2025-01-16 00:00:00+00:00, run_after=2025-01-17 00:00:00+00:00
[2025-01-17T10:54:19.316+0000] {processor.py:208} INFO - Processing /home/airflow/.local/lib/python3.12/site-packages/airflow/example_dags/example_inlet_event_extra.py took 0.693 seconds
[2025-01-17T10:54:49.946+0000] {processor.py:186} INFO - Started process (PID=404) to work on /home/airflow/.local/lib/python3.12/site-packages/airflow/example_dags/example_inlet_event_extra.py
[2025-01-17T10:54:49.948+0000] {processor.py:914} INFO - Processing file /home/airflow/.local/lib/python3.12/site-packages/airflow/example_dags/example_inlet_event_extra.py for tasks to queue
[2025-01-17T10:54:49.952+0000] {logging_mixin.py:190} INFO - [2025-01-17T10:54:49.951+0000] {dagbag.py:588} INFO - Filling up the DagBag from /home/airflow/.local/lib/python3.12/site-packages/airflow/example_dags/example_inlet_event_extra.py
[2025-01-17T10:54:50.528+0000] {processor.py:925} INFO - DAG(s) 'read_dataset_event_from_classic', 'read_dataset_event' retrieved from /home/airflow/.local/lib/python3.12/site-packages/airflow/example_dags/example_inlet_event_extra.py
[2025-01-17T10:54:50.552+0000] {logging_mixin.py:190} INFO - [2025-01-17T10:54:50.552+0000] {dag.py:3239} INFO - Sync 2 DAGs
[2025-01-17T10:54:50.578+0000] {logging_mixin.py:190} INFO - [2025-01-17T10:54:50.578+0000] {dag.py:4180} INFO - Setting next_dagrun for read_dataset_event to 2025-01-16 00:00:00+00:00, run_after=2025-01-17 00:00:00+00:00
[2025-01-17T10:54:50.584+0000] {logging_mixin.py:190} INFO - [2025-01-17T10:54:50.584+0000] {dag.py:4180} INFO - Setting next_dagrun for read_dataset_event_from_classic to 2025-01-16 00:00:00+00:00, run_after=2025-01-17 00:00:00+00:00
[2025-01-17T10:54:50.614+0000] {processor.py:208} INFO - Processing /home/airflow/.local/lib/python3.12/site-packages/airflow/example_dags/example_inlet_event_extra.py took 0.673 seconds
[2025-01-17T10:55:21.322+0000] {processor.py:186} INFO - Started process (PID=468) to work on /home/airflow/.local/lib/python3.12/site-packages/airflow/example_dags/example_inlet_event_extra.py
[2025-01-17T10:55:21.324+0000] {processor.py:914} INFO - Processing file /home/airflow/.local/lib/python3.12/site-packages/airflow/example_dags/example_inlet_event_extra.py for tasks to queue
[2025-01-17T10:55:21.329+0000] {logging_mixin.py:190} INFO - [2025-01-17T10:55:21.328+0000] {dagbag.py:588} INFO - Filling up the DagBag from /home/airflow/.local/lib/python3.12/site-packages/airflow/example_dags/example_inlet_event_extra.py
[2025-01-17T10:55:22.011+0000] {processor.py:925} INFO - DAG(s) 'read_dataset_event_from_classic', 'read_dataset_event' retrieved from /home/airflow/.local/lib/python3.12/site-packages/airflow/example_dags/example_inlet_event_extra.py
[2025-01-17T10:55:22.043+0000] {logging_mixin.py:190} INFO - [2025-01-17T10:55:22.042+0000] {dag.py:3239} INFO - Sync 2 DAGs
[2025-01-17T10:55:22.073+0000] {logging_mixin.py:190} INFO - [2025-01-17T10:55:22.073+0000] {dag.py:4180} INFO - Setting next_dagrun for read_dataset_event to 2025-01-16 00:00:00+00:00, run_after=2025-01-17 00:00:00+00:00
[2025-01-17T10:55:22.079+0000] {logging_mixin.py:190} INFO - [2025-01-17T10:55:22.079+0000] {dag.py:4180} INFO - Setting next_dagrun for read_dataset_event_from_classic to 2025-01-16 00:00:00+00:00, run_after=2025-01-17 00:00:00+00:00
[2025-01-17T10:55:22.111+0000] {processor.py:208} INFO - Processing /home/airflow/.local/lib/python3.12/site-packages/airflow/example_dags/example_inlet_event_extra.py took 0.796 seconds
[2025-01-17T10:55:52.688+0000] {processor.py:186} INFO - Started process (PID=533) to work on /home/airflow/.local/lib/python3.12/site-packages/airflow/example_dags/example_inlet_event_extra.py
[2025-01-17T10:55:52.689+0000] {processor.py:914} INFO - Processing file /home/airflow/.local/lib/python3.12/site-packages/airflow/example_dags/example_inlet_event_extra.py for tasks to queue
[2025-01-17T10:55:52.693+0000] {logging_mixin.py:190} INFO - [2025-01-17T10:55:52.693+0000] {dagbag.py:588} INFO - Filling up the DagBag from /home/airflow/.local/lib/python3.12/site-packages/airflow/example_dags/example_inlet_event_extra.py
[2025-01-17T10:55:53.366+0000] {processor.py:925} INFO - DAG(s) 'read_dataset_event', 'read_dataset_event_from_classic' retrieved from /home/airflow/.local/lib/python3.12/site-packages/airflow/example_dags/example_inlet_event_extra.py
[2025-01-17T10:55:53.393+0000] {logging_mixin.py:190} INFO - [2025-01-17T10:55:53.393+0000] {dag.py:3239} INFO - Sync 2 DAGs
[2025-01-17T10:55:53.420+0000] {logging_mixin.py:190} INFO - [2025-01-17T10:55:53.420+0000] {dag.py:4180} INFO - Setting next_dagrun for read_dataset_event to 2025-01-16 00:00:00+00:00, run_after=2025-01-17 00:00:00+00:00
[2025-01-17T10:55:53.427+0000] {logging_mixin.py:190} INFO - [2025-01-17T10:55:53.427+0000] {dag.py:4180} INFO - Setting next_dagrun for read_dataset_event_from_classic to 2025-01-16 00:00:00+00:00, run_after=2025-01-17 00:00:00+00:00
[2025-01-17T10:55:53.459+0000] {processor.py:208} INFO - Processing /home/airflow/.local/lib/python3.12/site-packages/airflow/example_dags/example_inlet_event_extra.py took 0.777 seconds
[2025-01-17T10:56:24.078+0000] {processor.py:186} INFO - Started process (PID=597) to work on /home/airflow/.local/lib/python3.12/site-packages/airflow/example_dags/example_inlet_event_extra.py
[2025-01-17T10:56:24.080+0000] {processor.py:914} INFO - Processing file /home/airflow/.local/lib/python3.12/site-packages/airflow/example_dags/example_inlet_event_extra.py for tasks to queue
[2025-01-17T10:56:24.083+0000] {logging_mixin.py:190} INFO - [2025-01-17T10:56:24.083+0000] {dagbag.py:588} INFO - Filling up the DagBag from /home/airflow/.local/lib/python3.12/site-packages/airflow/example_dags/example_inlet_event_extra.py
[2025-01-17T10:56:24.627+0000] {processor.py:925} INFO - DAG(s) 'read_dataset_event_from_classic', 'read_dataset_event' retrieved from /home/airflow/.local/lib/python3.12/site-packages/airflow/example_dags/example_inlet_event_extra.py
[2025-01-17T10:56:24.654+0000] {logging_mixin.py:190} INFO - [2025-01-17T10:56:24.654+0000] {dag.py:3239} INFO - Sync 2 DAGs
[2025-01-17T10:56:24.680+0000] {logging_mixin.py:190} INFO - [2025-01-17T10:56:24.680+0000] {dag.py:4180} INFO - Setting next_dagrun for read_dataset_event to 2025-01-16 00:00:00+00:00, run_after=2025-01-17 00:00:00+00:00
[2025-01-17T10:56:24.686+0000] {logging_mixin.py:190} INFO - [2025-01-17T10:56:24.686+0000] {dag.py:4180} INFO - Setting next_dagrun for read_dataset_event_from_classic to 2025-01-16 00:00:00+00:00, run_after=2025-01-17 00:00:00+00:00
[2025-01-17T10:56:24.716+0000] {processor.py:208} INFO - Processing /home/airflow/.local/lib/python3.12/site-packages/airflow/example_dags/example_inlet_event_extra.py took 0.704 seconds
[2025-01-17T10:56:55.595+0000] {processor.py:186} INFO - Started process (PID=662) to work on /home/airflow/.local/lib/python3.12/site-packages/airflow/example_dags/example_inlet_event_extra.py
[2025-01-17T10:56:55.596+0000] {processor.py:914} INFO - Processing file /home/airflow/.local/lib/python3.12/site-packages/airflow/example_dags/example_inlet_event_extra.py for tasks to queue
[2025-01-17T10:56:55.599+0000] {logging_mixin.py:190} INFO - [2025-01-17T10:56:55.599+0000] {dagbag.py:588} INFO - Filling up the DagBag from /home/airflow/.local/lib/python3.12/site-packages/airflow/example_dags/example_inlet_event_extra.py
[2025-01-17T10:56:56.223+0000] {processor.py:925} INFO - DAG(s) 'read_dataset_event_from_classic', 'read_dataset_event' retrieved from /home/airflow/.local/lib/python3.12/site-packages/airflow/example_dags/example_inlet_event_extra.py
[2025-01-17T10:56:56.256+0000] {logging_mixin.py:190} INFO - [2025-01-17T10:56:56.255+0000] {dag.py:3239} INFO - Sync 2 DAGs
[2025-01-17T10:56:56.288+0000] {logging_mixin.py:190} INFO - [2025-01-17T10:56:56.288+0000] {dag.py:4180} INFO - Setting next_dagrun for read_dataset_event to 2025-01-16 00:00:00+00:00, run_after=2025-01-17 00:00:00+00:00
[2025-01-17T10:56:56.296+0000] {logging_mixin.py:190} INFO - [2025-01-17T10:56:56.296+0000] {dag.py:4180} INFO - Setting next_dagrun for read_dataset_event_from_classic to 2025-01-16 00:00:00+00:00, run_after=2025-01-17 00:00:00+00:00
[2025-01-17T10:56:56.321+0000] {processor.py:208} INFO - Processing /home/airflow/.local/lib/python3.12/site-packages/airflow/example_dags/example_inlet_event_extra.py took 0.731 seconds
[2025-01-17T10:57:26.415+0000] {processor.py:186} INFO - Started process (PID=726) to work on /home/airflow/.local/lib/python3.12/site-packages/airflow/example_dags/example_inlet_event_extra.py
[2025-01-17T10:57:26.416+0000] {processor.py:914} INFO - Processing file /home/airflow/.local/lib/python3.12/site-packages/airflow/example_dags/example_inlet_event_extra.py for tasks to queue
[2025-01-17T10:57:26.420+0000] {logging_mixin.py:190} INFO - [2025-01-17T10:57:26.419+0000] {dagbag.py:588} INFO - Filling up the DagBag from /home/airflow/.local/lib/python3.12/site-packages/airflow/example_dags/example_inlet_event_extra.py
[2025-01-17T10:57:27.008+0000] {processor.py:925} INFO - DAG(s) 'read_dataset_event', 'read_dataset_event_from_classic' retrieved from /home/airflow/.local/lib/python3.12/site-packages/airflow/example_dags/example_inlet_event_extra.py
[2025-01-17T10:57:27.040+0000] {logging_mixin.py:190} INFO - [2025-01-17T10:57:27.040+0000] {dag.py:3239} INFO - Sync 2 DAGs
[2025-01-17T10:57:27.067+0000] {logging_mixin.py:190} INFO - [2025-01-17T10:57:27.067+0000] {dag.py:4180} INFO - Setting next_dagrun for read_dataset_event to 2025-01-16 00:00:00+00:00, run_after=2025-01-17 00:00:00+00:00
[2025-01-17T10:57:27.073+0000] {logging_mixin.py:190} INFO - [2025-01-17T10:57:27.073+0000] {dag.py:4180} INFO - Setting next_dagrun for read_dataset_event_from_classic to 2025-01-16 00:00:00+00:00, run_after=2025-01-17 00:00:00+00:00
[2025-01-17T10:57:27.094+0000] {processor.py:208} INFO - Processing /home/airflow/.local/lib/python3.12/site-packages/airflow/example_dags/example_inlet_event_extra.py took 0.684 seconds
[2025-01-17T10:57:58.016+0000] {processor.py:186} INFO - Started process (PID=790) to work on /home/airflow/.local/lib/python3.12/site-packages/airflow/example_dags/example_inlet_event_extra.py
[2025-01-17T10:57:58.018+0000] {processor.py:914} INFO - Processing file /home/airflow/.local/lib/python3.12/site-packages/airflow/example_dags/example_inlet_event_extra.py for tasks to queue
[2025-01-17T10:57:58.022+0000] {logging_mixin.py:190} INFO - [2025-01-17T10:57:58.021+0000] {dagbag.py:588} INFO - Filling up the DagBag from /home/airflow/.local/lib/python3.12/site-packages/airflow/example_dags/example_inlet_event_extra.py
[2025-01-17T10:57:58.637+0000] {processor.py:925} INFO - DAG(s) 'read_dataset_event', 'read_dataset_event_from_classic' retrieved from /home/airflow/.local/lib/python3.12/site-packages/airflow/example_dags/example_inlet_event_extra.py
[2025-01-17T10:57:58.667+0000] {logging_mixin.py:190} INFO - [2025-01-17T10:57:58.666+0000] {dag.py:3239} INFO - Sync 2 DAGs
[2025-01-17T10:57:58.693+0000] {logging_mixin.py:190} INFO - [2025-01-17T10:57:58.693+0000] {dag.py:4180} INFO - Setting next_dagrun for read_dataset_event to 2025-01-16 00:00:00+00:00, run_after=2025-01-17 00:00:00+00:00
[2025-01-17T10:57:58.700+0000] {logging_mixin.py:190} INFO - [2025-01-17T10:57:58.699+0000] {dag.py:4180} INFO - Setting next_dagrun for read_dataset_event_from_classic to 2025-01-16 00:00:00+00:00, run_after=2025-01-17 00:00:00+00:00
[2025-01-17T10:57:58.729+0000] {processor.py:208} INFO - Processing /home/airflow/.local/lib/python3.12/site-packages/airflow/example_dags/example_inlet_event_extra.py took 0.721 seconds
[2025-01-17T10:58:29.691+0000] {processor.py:186} INFO - Started process (PID=854) to work on /home/airflow/.local/lib/python3.12/site-packages/airflow/example_dags/example_inlet_event_extra.py
[2025-01-17T10:58:29.692+0000] {processor.py:914} INFO - Processing file /home/airflow/.local/lib/python3.12/site-packages/airflow/example_dags/example_inlet_event_extra.py for tasks to queue
[2025-01-17T10:58:29.695+0000] {logging_mixin.py:190} INFO - [2025-01-17T10:58:29.695+0000] {dagbag.py:588} INFO - Filling up the DagBag from /home/airflow/.local/lib/python3.12/site-packages/airflow/example_dags/example_inlet_event_extra.py
[2025-01-17T10:58:30.316+0000] {processor.py:925} INFO - DAG(s) 'read_dataset_event', 'read_dataset_event_from_classic' retrieved from /home/airflow/.local/lib/python3.12/site-packages/airflow/example_dags/example_inlet_event_extra.py
[2025-01-17T10:58:30.343+0000] {logging_mixin.py:190} INFO - [2025-01-17T10:58:30.343+0000] {dag.py:3239} INFO - Sync 2 DAGs
[2025-01-17T10:58:30.371+0000] {logging_mixin.py:190} INFO - [2025-01-17T10:58:30.371+0000] {dag.py:4180} INFO - Setting next_dagrun for read_dataset_event to 2025-01-16 00:00:00+00:00, run_after=2025-01-17 00:00:00+00:00
[2025-01-17T10:58:30.377+0000] {logging_mixin.py:190} INFO - [2025-01-17T10:58:30.377+0000] {dag.py:4180} INFO - Setting next_dagrun for read_dataset_event_from_classic to 2025-01-16 00:00:00+00:00, run_after=2025-01-17 00:00:00+00:00
[2025-01-17T10:58:30.406+0000] {processor.py:208} INFO - Processing /home/airflow/.local/lib/python3.12/site-packages/airflow/example_dags/example_inlet_event_extra.py took 0.721 seconds
[2025-01-17T10:59:00.656+0000] {processor.py:186} INFO - Started process (PID=918) to work on /home/airflow/.local/lib/python3.12/site-packages/airflow/example_dags/example_inlet_event_extra.py
[2025-01-17T10:59:00.658+0000] {processor.py:914} INFO - Processing file /home/airflow/.local/lib/python3.12/site-packages/airflow/example_dags/example_inlet_event_extra.py for tasks to queue
[2025-01-17T10:59:00.661+0000] {logging_mixin.py:190} INFO - [2025-01-17T10:59:00.661+0000] {dagbag.py:588} INFO - Filling up the DagBag from /home/airflow/.local/lib/python3.12/site-packages/airflow/example_dags/example_inlet_event_extra.py
[2025-01-17T10:59:01.267+0000] {processor.py:925} INFO - DAG(s) 'read_dataset_event_from_classic', 'read_dataset_event' retrieved from /home/airflow/.local/lib/python3.12/site-packages/airflow/example_dags/example_inlet_event_extra.py
[2025-01-17T10:59:01.291+0000] {logging_mixin.py:190} INFO - [2025-01-17T10:59:01.291+0000] {dag.py:3239} INFO - Sync 2 DAGs
[2025-01-17T10:59:01.318+0000] {logging_mixin.py:190} INFO - [2025-01-17T10:59:01.318+0000] {dag.py:4180} INFO - Setting next_dagrun for read_dataset_event to 2025-01-16 00:00:00+00:00, run_after=2025-01-17 00:00:00+00:00
[2025-01-17T10:59:01.325+0000] {logging_mixin.py:190} INFO - [2025-01-17T10:59:01.325+0000] {dag.py:4180} INFO - Setting next_dagrun for read_dataset_event_from_classic to 2025-01-16 00:00:00+00:00, run_after=2025-01-17 00:00:00+00:00
[2025-01-17T10:59:01.346+0000] {processor.py:208} INFO - Processing /home/airflow/.local/lib/python3.12/site-packages/airflow/example_dags/example_inlet_event_extra.py took 0.696 seconds
[2025-01-17T10:59:31.936+0000] {processor.py:186} INFO - Started process (PID=982) to work on /home/airflow/.local/lib/python3.12/site-packages/airflow/example_dags/example_inlet_event_extra.py
[2025-01-17T10:59:31.938+0000] {processor.py:914} INFO - Processing file /home/airflow/.local/lib/python3.12/site-packages/airflow/example_dags/example_inlet_event_extra.py for tasks to queue
[2025-01-17T10:59:31.941+0000] {logging_mixin.py:190} INFO - [2025-01-17T10:59:31.940+0000] {dagbag.py:588} INFO - Filling up the DagBag from /home/airflow/.local/lib/python3.12/site-packages/airflow/example_dags/example_inlet_event_extra.py
[2025-01-17T10:59:32.525+0000] {processor.py:925} INFO - DAG(s) 'read_dataset_event', 'read_dataset_event_from_classic' retrieved from /home/airflow/.local/lib/python3.12/site-packages/airflow/example_dags/example_inlet_event_extra.py
[2025-01-17T10:59:32.553+0000] {logging_mixin.py:190} INFO - [2025-01-17T10:59:32.552+0000] {dag.py:3239} INFO - Sync 2 DAGs
[2025-01-17T10:59:32.584+0000] {logging_mixin.py:190} INFO - [2025-01-17T10:59:32.583+0000] {dag.py:4180} INFO - Setting next_dagrun for read_dataset_event to 2025-01-16 00:00:00+00:00, run_after=2025-01-17 00:00:00+00:00
[2025-01-17T10:59:32.590+0000] {logging_mixin.py:190} INFO - [2025-01-17T10:59:32.590+0000] {dag.py:4180} INFO - Setting next_dagrun for read_dataset_event_from_classic to 2025-01-16 00:00:00+00:00, run_after=2025-01-17 00:00:00+00:00
[2025-01-17T10:59:32.614+0000] {processor.py:208} INFO - Processing /home/airflow/.local/lib/python3.12/site-packages/airflow/example_dags/example_inlet_event_extra.py took 0.683 seconds
[2025-01-17T11:00:02.907+0000] {processor.py:186} INFO - Started process (PID=1046) to work on /home/airflow/.local/lib/python3.12/site-packages/airflow/example_dags/example_inlet_event_extra.py
[2025-01-17T11:00:02.908+0000] {processor.py:914} INFO - Processing file /home/airflow/.local/lib/python3.12/site-packages/airflow/example_dags/example_inlet_event_extra.py for tasks to queue
[2025-01-17T11:00:02.912+0000] {logging_mixin.py:190} INFO - [2025-01-17T11:00:02.911+0000] {dagbag.py:588} INFO - Filling up the DagBag from /home/airflow/.local/lib/python3.12/site-packages/airflow/example_dags/example_inlet_event_extra.py
[2025-01-17T11:00:03.562+0000] {processor.py:925} INFO - DAG(s) 'read_dataset_event_from_classic', 'read_dataset_event' retrieved from /home/airflow/.local/lib/python3.12/site-packages/airflow/example_dags/example_inlet_event_extra.py
[2025-01-17T11:00:03.590+0000] {logging_mixin.py:190} INFO - [2025-01-17T11:00:03.590+0000] {dag.py:3239} INFO - Sync 2 DAGs
[2025-01-17T11:00:03.619+0000] {logging_mixin.py:190} INFO - [2025-01-17T11:00:03.619+0000] {dag.py:4180} INFO - Setting next_dagrun for read_dataset_event to 2025-01-16 00:00:00+00:00, run_after=2025-01-17 00:00:00+00:00
[2025-01-17T11:00:03.626+0000] {logging_mixin.py:190} INFO - [2025-01-17T11:00:03.626+0000] {dag.py:4180} INFO - Setting next_dagrun for read_dataset_event_from_classic to 2025-01-16 00:00:00+00:00, run_after=2025-01-17 00:00:00+00:00
[2025-01-17T11:00:03.649+0000] {processor.py:208} INFO - Processing /home/airflow/.local/lib/python3.12/site-packages/airflow/example_dags/example_inlet_event_extra.py took 0.749 seconds
[2025-01-17T11:21:59.663+0000] {processor.py:186} INFO - Started process (PID=69) to work on /home/airflow/.local/lib/python3.12/site-packages/airflow/example_dags/example_inlet_event_extra.py
[2025-01-17T11:21:59.665+0000] {processor.py:914} INFO - Processing file /home/airflow/.local/lib/python3.12/site-packages/airflow/example_dags/example_inlet_event_extra.py for tasks to queue
[2025-01-17T11:21:59.669+0000] {logging_mixin.py:190} INFO - [2025-01-17T11:21:59.669+0000] {dagbag.py:588} INFO - Filling up the DagBag from /home/airflow/.local/lib/python3.12/site-packages/airflow/example_dags/example_inlet_event_extra.py
[2025-01-17T11:22:00.914+0000] {processor.py:925} INFO - DAG(s) 'read_dataset_event_from_classic', 'read_dataset_event' retrieved from /home/airflow/.local/lib/python3.12/site-packages/airflow/example_dags/example_inlet_event_extra.py
[2025-01-17T11:22:00.953+0000] {logging_mixin.py:190} INFO - [2025-01-17T11:22:00.952+0000] {dag.py:3239} INFO - Sync 2 DAGs
[2025-01-17T11:22:01.010+0000] {logging_mixin.py:190} INFO - [2025-01-17T11:22:01.009+0000] {dag.py:4180} INFO - Setting next_dagrun for read_dataset_event to 2025-01-16 00:00:00+00:00, run_after=2025-01-17 00:00:00+00:00
[2025-01-17T11:22:01.017+0000] {logging_mixin.py:190} INFO - [2025-01-17T11:22:01.017+0000] {dag.py:4180} INFO - Setting next_dagrun for read_dataset_event_from_classic to 2025-01-16 00:00:00+00:00, run_after=2025-01-17 00:00:00+00:00
[2025-01-17T11:22:01.043+0000] {processor.py:208} INFO - Processing /home/airflow/.local/lib/python3.12/site-packages/airflow/example_dags/example_inlet_event_extra.py took 1.389 seconds
[2025-01-17T11:22:31.492+0000] {processor.py:186} INFO - Started process (PID=134) to work on /home/airflow/.local/lib/python3.12/site-packages/airflow/example_dags/example_inlet_event_extra.py
[2025-01-17T11:22:31.494+0000] {processor.py:914} INFO - Processing file /home/airflow/.local/lib/python3.12/site-packages/airflow/example_dags/example_inlet_event_extra.py for tasks to queue
[2025-01-17T11:22:31.497+0000] {logging_mixin.py:190} INFO - [2025-01-17T11:22:31.496+0000] {dagbag.py:588} INFO - Filling up the DagBag from /home/airflow/.local/lib/python3.12/site-packages/airflow/example_dags/example_inlet_event_extra.py
[2025-01-17T11:22:32.099+0000] {processor.py:925} INFO - DAG(s) 'read_dataset_event_from_classic', 'read_dataset_event' retrieved from /home/airflow/.local/lib/python3.12/site-packages/airflow/example_dags/example_inlet_event_extra.py
[2025-01-17T11:22:32.125+0000] {logging_mixin.py:190} INFO - [2025-01-17T11:22:32.125+0000] {dag.py:3239} INFO - Sync 2 DAGs
[2025-01-17T11:22:32.154+0000] {logging_mixin.py:190} INFO - [2025-01-17T11:22:32.154+0000] {dag.py:4180} INFO - Setting next_dagrun for read_dataset_event to 2025-01-16 00:00:00+00:00, run_after=2025-01-17 00:00:00+00:00
[2025-01-17T11:22:32.160+0000] {logging_mixin.py:190} INFO - [2025-01-17T11:22:32.160+0000] {dag.py:4180} INFO - Setting next_dagrun for read_dataset_event_from_classic to 2025-01-16 00:00:00+00:00, run_after=2025-01-17 00:00:00+00:00
[2025-01-17T11:22:32.183+0000] {processor.py:208} INFO - Processing /home/airflow/.local/lib/python3.12/site-packages/airflow/example_dags/example_inlet_event_extra.py took 0.696 seconds
[2025-01-17T11:23:02.816+0000] {processor.py:186} INFO - Started process (PID=204) to work on /home/airflow/.local/lib/python3.12/site-packages/airflow/example_dags/example_inlet_event_extra.py
[2025-01-17T11:23:02.817+0000] {processor.py:914} INFO - Processing file /home/airflow/.local/lib/python3.12/site-packages/airflow/example_dags/example_inlet_event_extra.py for tasks to queue
[2025-01-17T11:23:02.820+0000] {logging_mixin.py:190} INFO - [2025-01-17T11:23:02.820+0000] {dagbag.py:588} INFO - Filling up the DagBag from /home/airflow/.local/lib/python3.12/site-packages/airflow/example_dags/example_inlet_event_extra.py
[2025-01-17T11:23:03.449+0000] {processor.py:925} INFO - DAG(s) 'read_dataset_event_from_classic', 'read_dataset_event' retrieved from /home/airflow/.local/lib/python3.12/site-packages/airflow/example_dags/example_inlet_event_extra.py
[2025-01-17T11:23:03.476+0000] {logging_mixin.py:190} INFO - [2025-01-17T11:23:03.476+0000] {dag.py:3239} INFO - Sync 2 DAGs
[2025-01-17T11:23:03.507+0000] {logging_mixin.py:190} INFO - [2025-01-17T11:23:03.507+0000] {dag.py:4180} INFO - Setting next_dagrun for read_dataset_event to 2025-01-16 00:00:00+00:00, run_after=2025-01-17 00:00:00+00:00
[2025-01-17T11:23:03.515+0000] {logging_mixin.py:190} INFO - [2025-01-17T11:23:03.515+0000] {dag.py:4180} INFO - Setting next_dagrun for read_dataset_event_from_classic to 2025-01-16 00:00:00+00:00, run_after=2025-01-17 00:00:00+00:00
[2025-01-17T11:23:03.540+0000] {processor.py:208} INFO - Processing /home/airflow/.local/lib/python3.12/site-packages/airflow/example_dags/example_inlet_event_extra.py took 0.738 seconds
[2025-01-17T11:23:34.454+0000] {processor.py:186} INFO - Started process (PID=268) to work on /home/airflow/.local/lib/python3.12/site-packages/airflow/example_dags/example_inlet_event_extra.py
[2025-01-17T11:23:34.456+0000] {processor.py:914} INFO - Processing file /home/airflow/.local/lib/python3.12/site-packages/airflow/example_dags/example_inlet_event_extra.py for tasks to queue
[2025-01-17T11:23:34.459+0000] {logging_mixin.py:190} INFO - [2025-01-17T11:23:34.459+0000] {dagbag.py:588} INFO - Filling up the DagBag from /home/airflow/.local/lib/python3.12/site-packages/airflow/example_dags/example_inlet_event_extra.py
[2025-01-17T11:23:35.121+0000] {processor.py:925} INFO - DAG(s) 'read_dataset_event_from_classic', 'read_dataset_event' retrieved from /home/airflow/.local/lib/python3.12/site-packages/airflow/example_dags/example_inlet_event_extra.py
[2025-01-17T11:23:35.149+0000] {logging_mixin.py:190} INFO - [2025-01-17T11:23:35.148+0000] {dag.py:3239} INFO - Sync 2 DAGs
[2025-01-17T11:23:35.180+0000] {logging_mixin.py:190} INFO - [2025-01-17T11:23:35.180+0000] {dag.py:4180} INFO - Setting next_dagrun for read_dataset_event to 2025-01-16 00:00:00+00:00, run_after=2025-01-17 00:00:00+00:00
[2025-01-17T11:23:35.187+0000] {logging_mixin.py:190} INFO - [2025-01-17T11:23:35.187+0000] {dag.py:4180} INFO - Setting next_dagrun for read_dataset_event_from_classic to 2025-01-16 00:00:00+00:00, run_after=2025-01-17 00:00:00+00:00
[2025-01-17T11:23:35.212+0000] {processor.py:208} INFO - Processing /home/airflow/.local/lib/python3.12/site-packages/airflow/example_dags/example_inlet_event_extra.py took 0.766 seconds
[2025-01-17T11:24:05.660+0000] {processor.py:186} INFO - Started process (PID=332) to work on /home/airflow/.local/lib/python3.12/site-packages/airflow/example_dags/example_inlet_event_extra.py
[2025-01-17T11:24:05.668+0000] {processor.py:914} INFO - Processing file /home/airflow/.local/lib/python3.12/site-packages/airflow/example_dags/example_inlet_event_extra.py for tasks to queue
[2025-01-17T11:24:05.674+0000] {logging_mixin.py:190} INFO - [2025-01-17T11:24:05.673+0000] {dagbag.py:588} INFO - Filling up the DagBag from /home/airflow/.local/lib/python3.12/site-packages/airflow/example_dags/example_inlet_event_extra.py
[2025-01-17T11:24:06.370+0000] {processor.py:925} INFO - DAG(s) 'read_dataset_event', 'read_dataset_event_from_classic' retrieved from /home/airflow/.local/lib/python3.12/site-packages/airflow/example_dags/example_inlet_event_extra.py
[2025-01-17T11:24:06.406+0000] {logging_mixin.py:190} INFO - [2025-01-17T11:24:06.405+0000] {dag.py:3239} INFO - Sync 2 DAGs
[2025-01-17T11:24:06.440+0000] {logging_mixin.py:190} INFO - [2025-01-17T11:24:06.439+0000] {dag.py:4180} INFO - Setting next_dagrun for read_dataset_event to 2025-01-16 00:00:00+00:00, run_after=2025-01-17 00:00:00+00:00
[2025-01-17T11:24:06.447+0000] {logging_mixin.py:190} INFO - [2025-01-17T11:24:06.447+0000] {dag.py:4180} INFO - Setting next_dagrun for read_dataset_event_from_classic to 2025-01-16 00:00:00+00:00, run_after=2025-01-17 00:00:00+00:00
[2025-01-17T11:24:06.470+0000] {processor.py:208} INFO - Processing /home/airflow/.local/lib/python3.12/site-packages/airflow/example_dags/example_inlet_event_extra.py took 0.819 seconds
[2025-01-17T11:24:36.957+0000] {processor.py:186} INFO - Started process (PID=396) to work on /home/airflow/.local/lib/python3.12/site-packages/airflow/example_dags/example_inlet_event_extra.py
[2025-01-17T11:24:36.959+0000] {processor.py:914} INFO - Processing file /home/airflow/.local/lib/python3.12/site-packages/airflow/example_dags/example_inlet_event_extra.py for tasks to queue
[2025-01-17T11:24:36.962+0000] {logging_mixin.py:190} INFO - [2025-01-17T11:24:36.961+0000] {dagbag.py:588} INFO - Filling up the DagBag from /home/airflow/.local/lib/python3.12/site-packages/airflow/example_dags/example_inlet_event_extra.py
[2025-01-17T11:24:37.565+0000] {processor.py:925} INFO - DAG(s) 'read_dataset_event', 'read_dataset_event_from_classic' retrieved from /home/airflow/.local/lib/python3.12/site-packages/airflow/example_dags/example_inlet_event_extra.py
[2025-01-17T11:24:37.590+0000] {logging_mixin.py:190} INFO - [2025-01-17T11:24:37.590+0000] {dag.py:3239} INFO - Sync 2 DAGs
[2025-01-17T11:24:37.616+0000] {logging_mixin.py:190} INFO - [2025-01-17T11:24:37.616+0000] {dag.py:4180} INFO - Setting next_dagrun for read_dataset_event to 2025-01-16 00:00:00+00:00, run_after=2025-01-17 00:00:00+00:00
[2025-01-17T11:24:37.622+0000] {logging_mixin.py:190} INFO - [2025-01-17T11:24:37.622+0000] {dag.py:4180} INFO - Setting next_dagrun for read_dataset_event_from_classic to 2025-01-16 00:00:00+00:00, run_after=2025-01-17 00:00:00+00:00
[2025-01-17T11:24:37.652+0000] {processor.py:208} INFO - Processing /home/airflow/.local/lib/python3.12/site-packages/airflow/example_dags/example_inlet_event_extra.py took 0.700 seconds
[2025-01-17T11:25:08.348+0000] {processor.py:186} INFO - Started process (PID=460) to work on /home/airflow/.local/lib/python3.12/site-packages/airflow/example_dags/example_inlet_event_extra.py
[2025-01-17T11:25:08.349+0000] {processor.py:914} INFO - Processing file /home/airflow/.local/lib/python3.12/site-packages/airflow/example_dags/example_inlet_event_extra.py for tasks to queue
[2025-01-17T11:25:08.353+0000] {logging_mixin.py:190} INFO - [2025-01-17T11:25:08.353+0000] {dagbag.py:588} INFO - Filling up the DagBag from /home/airflow/.local/lib/python3.12/site-packages/airflow/example_dags/example_inlet_event_extra.py
[2025-01-17T11:25:08.992+0000] {processor.py:925} INFO - DAG(s) 'read_dataset_event_from_classic', 'read_dataset_event' retrieved from /home/airflow/.local/lib/python3.12/site-packages/airflow/example_dags/example_inlet_event_extra.py
[2025-01-17T11:25:09.022+0000] {logging_mixin.py:190} INFO - [2025-01-17T11:25:09.021+0000] {dag.py:3239} INFO - Sync 2 DAGs
[2025-01-17T11:25:09.053+0000] {logging_mixin.py:190} INFO - [2025-01-17T11:25:09.052+0000] {dag.py:4180} INFO - Setting next_dagrun for read_dataset_event to 2025-01-16 00:00:00+00:00, run_after=2025-01-17 00:00:00+00:00
[2025-01-17T11:25:09.060+0000] {logging_mixin.py:190} INFO - [2025-01-17T11:25:09.059+0000] {dag.py:4180} INFO - Setting next_dagrun for read_dataset_event_from_classic to 2025-01-16 00:00:00+00:00, run_after=2025-01-17 00:00:00+00:00
[2025-01-17T11:25:09.094+0000] {processor.py:208} INFO - Processing /home/airflow/.local/lib/python3.12/site-packages/airflow/example_dags/example_inlet_event_extra.py took 0.751 seconds
[2025-01-17T11:25:39.869+0000] {processor.py:186} INFO - Started process (PID=525) to work on /home/airflow/.local/lib/python3.12/site-packages/airflow/example_dags/example_inlet_event_extra.py
[2025-01-17T11:25:39.871+0000] {processor.py:914} INFO - Processing file /home/airflow/.local/lib/python3.12/site-packages/airflow/example_dags/example_inlet_event_extra.py for tasks to queue
[2025-01-17T11:25:39.874+0000] {logging_mixin.py:190} INFO - [2025-01-17T11:25:39.873+0000] {dagbag.py:588} INFO - Filling up the DagBag from /home/airflow/.local/lib/python3.12/site-packages/airflow/example_dags/example_inlet_event_extra.py
[2025-01-17T11:25:40.482+0000] {processor.py:925} INFO - DAG(s) 'read_dataset_event', 'read_dataset_event_from_classic' retrieved from /home/airflow/.local/lib/python3.12/site-packages/airflow/example_dags/example_inlet_event_extra.py
[2025-01-17T11:25:40.509+0000] {logging_mixin.py:190} INFO - [2025-01-17T11:25:40.509+0000] {dag.py:3239} INFO - Sync 2 DAGs
[2025-01-17T11:25:40.539+0000] {logging_mixin.py:190} INFO - [2025-01-17T11:25:40.538+0000] {dag.py:4180} INFO - Setting next_dagrun for read_dataset_event to 2025-01-16 00:00:00+00:00, run_after=2025-01-17 00:00:00+00:00
[2025-01-17T11:25:40.545+0000] {logging_mixin.py:190} INFO - [2025-01-17T11:25:40.544+0000] {dag.py:4180} INFO - Setting next_dagrun for read_dataset_event_from_classic to 2025-01-16 00:00:00+00:00, run_after=2025-01-17 00:00:00+00:00
[2025-01-17T11:25:40.568+0000] {processor.py:208} INFO - Processing /home/airflow/.local/lib/python3.12/site-packages/airflow/example_dags/example_inlet_event_extra.py took 0.704 seconds
[2025-01-17T11:26:10.704+0000] {processor.py:186} INFO - Started process (PID=589) to work on /home/airflow/.local/lib/python3.12/site-packages/airflow/example_dags/example_inlet_event_extra.py
[2025-01-17T11:26:10.705+0000] {processor.py:914} INFO - Processing file /home/airflow/.local/lib/python3.12/site-packages/airflow/example_dags/example_inlet_event_extra.py for tasks to queue
[2025-01-17T11:26:10.709+0000] {logging_mixin.py:190} INFO - [2025-01-17T11:26:10.709+0000] {dagbag.py:588} INFO - Filling up the DagBag from /home/airflow/.local/lib/python3.12/site-packages/airflow/example_dags/example_inlet_event_extra.py
[2025-01-17T11:26:11.272+0000] {processor.py:925} INFO - DAG(s) 'read_dataset_event_from_classic', 'read_dataset_event' retrieved from /home/airflow/.local/lib/python3.12/site-packages/airflow/example_dags/example_inlet_event_extra.py
[2025-01-17T11:26:11.298+0000] {logging_mixin.py:190} INFO - [2025-01-17T11:26:11.298+0000] {dag.py:3239} INFO - Sync 2 DAGs
[2025-01-17T11:26:11.327+0000] {logging_mixin.py:190} INFO - [2025-01-17T11:26:11.327+0000] {dag.py:4180} INFO - Setting next_dagrun for read_dataset_event to 2025-01-16 00:00:00+00:00, run_after=2025-01-17 00:00:00+00:00
[2025-01-17T11:26:11.333+0000] {logging_mixin.py:190} INFO - [2025-01-17T11:26:11.333+0000] {dag.py:4180} INFO - Setting next_dagrun for read_dataset_event_from_classic to 2025-01-16 00:00:00+00:00, run_after=2025-01-17 00:00:00+00:00
[2025-01-17T11:26:11.355+0000] {processor.py:208} INFO - Processing /home/airflow/.local/lib/python3.12/site-packages/airflow/example_dags/example_inlet_event_extra.py took 0.657 seconds
[2025-01-17T11:26:42.041+0000] {processor.py:186} INFO - Started process (PID=653) to work on /home/airflow/.local/lib/python3.12/site-packages/airflow/example_dags/example_inlet_event_extra.py
[2025-01-17T11:26:42.043+0000] {processor.py:914} INFO - Processing file /home/airflow/.local/lib/python3.12/site-packages/airflow/example_dags/example_inlet_event_extra.py for tasks to queue
[2025-01-17T11:26:42.046+0000] {logging_mixin.py:190} INFO - [2025-01-17T11:26:42.045+0000] {dagbag.py:588} INFO - Filling up the DagBag from /home/airflow/.local/lib/python3.12/site-packages/airflow/example_dags/example_inlet_event_extra.py
[2025-01-17T11:26:42.704+0000] {processor.py:925} INFO - DAG(s) 'read_dataset_event', 'read_dataset_event_from_classic' retrieved from /home/airflow/.local/lib/python3.12/site-packages/airflow/example_dags/example_inlet_event_extra.py
[2025-01-17T11:26:42.730+0000] {logging_mixin.py:190} INFO - [2025-01-17T11:26:42.730+0000] {dag.py:3239} INFO - Sync 2 DAGs
[2025-01-17T11:26:42.759+0000] {logging_mixin.py:190} INFO - [2025-01-17T11:26:42.758+0000] {dag.py:4180} INFO - Setting next_dagrun for read_dataset_event to 2025-01-16 00:00:00+00:00, run_after=2025-01-17 00:00:00+00:00
[2025-01-17T11:26:42.765+0000] {logging_mixin.py:190} INFO - [2025-01-17T11:26:42.764+0000] {dag.py:4180} INFO - Setting next_dagrun for read_dataset_event_from_classic to 2025-01-16 00:00:00+00:00, run_after=2025-01-17 00:00:00+00:00
[2025-01-17T11:26:42.796+0000] {processor.py:208} INFO - Processing /home/airflow/.local/lib/python3.12/site-packages/airflow/example_dags/example_inlet_event_extra.py took 0.760 seconds
[2025-01-17T11:27:13.513+0000] {processor.py:186} INFO - Started process (PID=717) to work on /home/airflow/.local/lib/python3.12/site-packages/airflow/example_dags/example_inlet_event_extra.py
[2025-01-17T11:27:13.514+0000] {processor.py:914} INFO - Processing file /home/airflow/.local/lib/python3.12/site-packages/airflow/example_dags/example_inlet_event_extra.py for tasks to queue
[2025-01-17T11:27:13.517+0000] {logging_mixin.py:190} INFO - [2025-01-17T11:27:13.516+0000] {dagbag.py:588} INFO - Filling up the DagBag from /home/airflow/.local/lib/python3.12/site-packages/airflow/example_dags/example_inlet_event_extra.py
[2025-01-17T11:27:14.195+0000] {processor.py:925} INFO - DAG(s) 'read_dataset_event_from_classic', 'read_dataset_event' retrieved from /home/airflow/.local/lib/python3.12/site-packages/airflow/example_dags/example_inlet_event_extra.py
[2025-01-17T11:27:14.225+0000] {logging_mixin.py:190} INFO - [2025-01-17T11:27:14.225+0000] {dag.py:3239} INFO - Sync 2 DAGs
[2025-01-17T11:27:14.255+0000] {logging_mixin.py:190} INFO - [2025-01-17T11:27:14.254+0000] {dag.py:4180} INFO - Setting next_dagrun for read_dataset_event to 2025-01-16 00:00:00+00:00, run_after=2025-01-17 00:00:00+00:00
[2025-01-17T11:27:14.261+0000] {logging_mixin.py:190} INFO - [2025-01-17T11:27:14.261+0000] {dag.py:4180} INFO - Setting next_dagrun for read_dataset_event_from_classic to 2025-01-16 00:00:00+00:00, run_after=2025-01-17 00:00:00+00:00
[2025-01-17T11:27:14.288+0000] {processor.py:208} INFO - Processing /home/airflow/.local/lib/python3.12/site-packages/airflow/example_dags/example_inlet_event_extra.py took 0.783 seconds
[2025-01-17T11:27:44.761+0000] {processor.py:186} INFO - Started process (PID=781) to work on /home/airflow/.local/lib/python3.12/site-packages/airflow/example_dags/example_inlet_event_extra.py
[2025-01-17T11:27:44.763+0000] {processor.py:914} INFO - Processing file /home/airflow/.local/lib/python3.12/site-packages/airflow/example_dags/example_inlet_event_extra.py for tasks to queue
[2025-01-17T11:27:44.765+0000] {logging_mixin.py:190} INFO - [2025-01-17T11:27:44.765+0000] {dagbag.py:588} INFO - Filling up the DagBag from /home/airflow/.local/lib/python3.12/site-packages/airflow/example_dags/example_inlet_event_extra.py
[2025-01-17T11:27:45.415+0000] {processor.py:925} INFO - DAG(s) 'read_dataset_event', 'read_dataset_event_from_classic' retrieved from /home/airflow/.local/lib/python3.12/site-packages/airflow/example_dags/example_inlet_event_extra.py
[2025-01-17T11:27:45.444+0000] {logging_mixin.py:190} INFO - [2025-01-17T11:27:45.444+0000] {dag.py:3239} INFO - Sync 2 DAGs
[2025-01-17T11:27:45.473+0000] {logging_mixin.py:190} INFO - [2025-01-17T11:27:45.473+0000] {dag.py:4180} INFO - Setting next_dagrun for read_dataset_event to 2025-01-16 00:00:00+00:00, run_after=2025-01-17 00:00:00+00:00
[2025-01-17T11:27:45.480+0000] {logging_mixin.py:190} INFO - [2025-01-17T11:27:45.480+0000] {dag.py:4180} INFO - Setting next_dagrun for read_dataset_event_from_classic to 2025-01-16 00:00:00+00:00, run_after=2025-01-17 00:00:00+00:00
[2025-01-17T11:27:45.504+0000] {processor.py:208} INFO - Processing /home/airflow/.local/lib/python3.12/site-packages/airflow/example_dags/example_inlet_event_extra.py took 0.748 seconds
[2025-01-17T11:28:15.629+0000] {processor.py:186} INFO - Started process (PID=845) to work on /home/airflow/.local/lib/python3.12/site-packages/airflow/example_dags/example_inlet_event_extra.py
[2025-01-17T11:28:15.631+0000] {processor.py:914} INFO - Processing file /home/airflow/.local/lib/python3.12/site-packages/airflow/example_dags/example_inlet_event_extra.py for tasks to queue
[2025-01-17T11:28:15.634+0000] {logging_mixin.py:190} INFO - [2025-01-17T11:28:15.634+0000] {dagbag.py:588} INFO - Filling up the DagBag from /home/airflow/.local/lib/python3.12/site-packages/airflow/example_dags/example_inlet_event_extra.py
[2025-01-17T11:28:16.376+0000] {processor.py:925} INFO - DAG(s) 'read_dataset_event_from_classic', 'read_dataset_event' retrieved from /home/airflow/.local/lib/python3.12/site-packages/airflow/example_dags/example_inlet_event_extra.py
[2025-01-17T11:28:16.413+0000] {logging_mixin.py:190} INFO - [2025-01-17T11:28:16.413+0000] {dag.py:3239} INFO - Sync 2 DAGs
[2025-01-17T11:28:16.460+0000] {logging_mixin.py:190} INFO - [2025-01-17T11:28:16.459+0000] {dag.py:4180} INFO - Setting next_dagrun for read_dataset_event to 2025-01-16 00:00:00+00:00, run_after=2025-01-17 00:00:00+00:00
[2025-01-17T11:28:16.466+0000] {logging_mixin.py:190} INFO - [2025-01-17T11:28:16.466+0000] {dag.py:4180} INFO - Setting next_dagrun for read_dataset_event_from_classic to 2025-01-16 00:00:00+00:00, run_after=2025-01-17 00:00:00+00:00
[2025-01-17T11:28:16.491+0000] {processor.py:208} INFO - Processing /home/airflow/.local/lib/python3.12/site-packages/airflow/example_dags/example_inlet_event_extra.py took 0.867 seconds
[2025-01-17T11:28:46.670+0000] {processor.py:186} INFO - Started process (PID=910) to work on /home/airflow/.local/lib/python3.12/site-packages/airflow/example_dags/example_inlet_event_extra.py
[2025-01-17T11:28:46.671+0000] {processor.py:914} INFO - Processing file /home/airflow/.local/lib/python3.12/site-packages/airflow/example_dags/example_inlet_event_extra.py for tasks to queue
[2025-01-17T11:28:46.674+0000] {logging_mixin.py:190} INFO - [2025-01-17T11:28:46.674+0000] {dagbag.py:588} INFO - Filling up the DagBag from /home/airflow/.local/lib/python3.12/site-packages/airflow/example_dags/example_inlet_event_extra.py
[2025-01-17T11:28:47.281+0000] {processor.py:925} INFO - DAG(s) 'read_dataset_event_from_classic', 'read_dataset_event' retrieved from /home/airflow/.local/lib/python3.12/site-packages/airflow/example_dags/example_inlet_event_extra.py
[2025-01-17T11:28:47.312+0000] {logging_mixin.py:190} INFO - [2025-01-17T11:28:47.312+0000] {dag.py:3239} INFO - Sync 2 DAGs
[2025-01-17T11:28:47.344+0000] {logging_mixin.py:190} INFO - [2025-01-17T11:28:47.344+0000] {dag.py:4180} INFO - Setting next_dagrun for read_dataset_event to 2025-01-16 00:00:00+00:00, run_after=2025-01-17 00:00:00+00:00
[2025-01-17T11:28:47.351+0000] {logging_mixin.py:190} INFO - [2025-01-17T11:28:47.351+0000] {dag.py:4180} INFO - Setting next_dagrun for read_dataset_event_from_classic to 2025-01-16 00:00:00+00:00, run_after=2025-01-17 00:00:00+00:00
[2025-01-17T11:28:47.376+0000] {processor.py:208} INFO - Processing /home/airflow/.local/lib/python3.12/site-packages/airflow/example_dags/example_inlet_event_extra.py took 0.711 seconds
[2025-01-17T11:29:17.492+0000] {processor.py:186} INFO - Started process (PID=974) to work on /home/airflow/.local/lib/python3.12/site-packages/airflow/example_dags/example_inlet_event_extra.py
[2025-01-17T11:29:17.493+0000] {processor.py:914} INFO - Processing file /home/airflow/.local/lib/python3.12/site-packages/airflow/example_dags/example_inlet_event_extra.py for tasks to queue
[2025-01-17T11:29:17.496+0000] {logging_mixin.py:190} INFO - [2025-01-17T11:29:17.495+0000] {dagbag.py:588} INFO - Filling up the DagBag from /home/airflow/.local/lib/python3.12/site-packages/airflow/example_dags/example_inlet_event_extra.py
[2025-01-17T11:29:18.048+0000] {processor.py:925} INFO - DAG(s) 'read_dataset_event_from_classic', 'read_dataset_event' retrieved from /home/airflow/.local/lib/python3.12/site-packages/airflow/example_dags/example_inlet_event_extra.py
[2025-01-17T11:29:18.076+0000] {logging_mixin.py:190} INFO - [2025-01-17T11:29:18.076+0000] {dag.py:3239} INFO - Sync 2 DAGs
[2025-01-17T11:29:18.104+0000] {logging_mixin.py:190} INFO - [2025-01-17T11:29:18.104+0000] {dag.py:4180} INFO - Setting next_dagrun for read_dataset_event to 2025-01-16 00:00:00+00:00, run_after=2025-01-17 00:00:00+00:00
[2025-01-17T11:29:18.110+0000] {logging_mixin.py:190} INFO - [2025-01-17T11:29:18.110+0000] {dag.py:4180} INFO - Setting next_dagrun for read_dataset_event_from_classic to 2025-01-16 00:00:00+00:00, run_after=2025-01-17 00:00:00+00:00
[2025-01-17T11:29:18.130+0000] {processor.py:208} INFO - Processing /home/airflow/.local/lib/python3.12/site-packages/airflow/example_dags/example_inlet_event_extra.py took 0.645 seconds
[2025-01-17T11:29:49.016+0000] {processor.py:186} INFO - Started process (PID=1038) to work on /home/airflow/.local/lib/python3.12/site-packages/airflow/example_dags/example_inlet_event_extra.py
[2025-01-17T11:29:49.017+0000] {processor.py:914} INFO - Processing file /home/airflow/.local/lib/python3.12/site-packages/airflow/example_dags/example_inlet_event_extra.py for tasks to queue
[2025-01-17T11:29:49.020+0000] {logging_mixin.py:190} INFO - [2025-01-17T11:29:49.019+0000] {dagbag.py:588} INFO - Filling up the DagBag from /home/airflow/.local/lib/python3.12/site-packages/airflow/example_dags/example_inlet_event_extra.py
[2025-01-17T11:29:49.595+0000] {processor.py:925} INFO - DAG(s) 'read_dataset_event', 'read_dataset_event_from_classic' retrieved from /home/airflow/.local/lib/python3.12/site-packages/airflow/example_dags/example_inlet_event_extra.py
[2025-01-17T11:29:49.622+0000] {logging_mixin.py:190} INFO - [2025-01-17T11:29:49.621+0000] {dag.py:3239} INFO - Sync 2 DAGs
[2025-01-17T11:29:49.650+0000] {logging_mixin.py:190} INFO - [2025-01-17T11:29:49.649+0000] {dag.py:4180} INFO - Setting next_dagrun for read_dataset_event to 2025-01-16 00:00:00+00:00, run_after=2025-01-17 00:00:00+00:00
[2025-01-17T11:29:49.656+0000] {logging_mixin.py:190} INFO - [2025-01-17T11:29:49.656+0000] {dag.py:4180} INFO - Setting next_dagrun for read_dataset_event_from_classic to 2025-01-16 00:00:00+00:00, run_after=2025-01-17 00:00:00+00:00
[2025-01-17T11:29:49.679+0000] {processor.py:208} INFO - Processing /home/airflow/.local/lib/python3.12/site-packages/airflow/example_dags/example_inlet_event_extra.py took 0.669 seconds
