[2025-01-17T10:32:01.425+0000] {processor.py:186} INFO - Started process (PID=96) to work on /home/airflow/.local/lib/python3.12/site-packages/airflow/example_dags/example_latest_only_with_trigger.py
[2025-01-17T10:32:01.427+0000] {processor.py:914} INFO - Processing file /home/airflow/.local/lib/python3.12/site-packages/airflow/example_dags/example_latest_only_with_trigger.py for tasks to queue
[2025-01-17T10:32:01.431+0000] {logging_mixin.py:190} INFO - [2025-01-17T10:32:01.431+0000] {dagbag.py:588} INFO - Filling up the DagBag from /home/airflow/.local/lib/python3.12/site-packages/airflow/example_dags/example_latest_only_with_trigger.py
[2025-01-17T10:32:01.441+0000] {processor.py:925} INFO - DAG(s) 'latest_only_with_trigger' retrieved from /home/airflow/.local/lib/python3.12/site-packages/airflow/example_dags/example_latest_only_with_trigger.py
[2025-01-17T10:32:01.473+0000] {logging_mixin.py:190} INFO - [2025-01-17T10:32:01.473+0000] {dag.py:3239} INFO - Sync 1 DAGs
[2025-01-17T10:32:01.500+0000] {logging_mixin.py:190} INFO - [2025-01-17T10:32:01.499+0000] {dag.py:4180} INFO - Setting next_dagrun for latest_only_with_trigger to 2025-01-17 04:00:00+00:00, run_after=2025-01-17 08:00:00+00:00
[2025-01-17T10:32:01.525+0000] {processor.py:208} INFO - Processing /home/airflow/.local/lib/python3.12/site-packages/airflow/example_dags/example_latest_only_with_trigger.py took 0.106 seconds
[2025-01-17T10:32:33.336+0000] {processor.py:186} INFO - Started process (PID=160) to work on /home/airflow/.local/lib/python3.12/site-packages/airflow/example_dags/example_latest_only_with_trigger.py
[2025-01-17T10:32:33.338+0000] {processor.py:914} INFO - Processing file /home/airflow/.local/lib/python3.12/site-packages/airflow/example_dags/example_latest_only_with_trigger.py for tasks to queue
[2025-01-17T10:32:33.342+0000] {logging_mixin.py:190} INFO - [2025-01-17T10:32:33.341+0000] {dagbag.py:588} INFO - Filling up the DagBag from /home/airflow/.local/lib/python3.12/site-packages/airflow/example_dags/example_latest_only_with_trigger.py
[2025-01-17T10:32:33.353+0000] {processor.py:925} INFO - DAG(s) 'latest_only_with_trigger' retrieved from /home/airflow/.local/lib/python3.12/site-packages/airflow/example_dags/example_latest_only_with_trigger.py
[2025-01-17T10:32:33.386+0000] {logging_mixin.py:190} INFO - [2025-01-17T10:32:33.386+0000] {dag.py:3239} INFO - Sync 1 DAGs
[2025-01-17T10:32:33.426+0000] {logging_mixin.py:190} INFO - [2025-01-17T10:32:33.426+0000] {dag.py:4180} INFO - Setting next_dagrun for latest_only_with_trigger to 2025-01-17 04:00:00+00:00, run_after=2025-01-17 08:00:00+00:00
[2025-01-17T10:32:33.457+0000] {processor.py:208} INFO - Processing /home/airflow/.local/lib/python3.12/site-packages/airflow/example_dags/example_latest_only_with_trigger.py took 0.129 seconds
[2025-01-17T10:33:04.432+0000] {processor.py:186} INFO - Started process (PID=224) to work on /home/airflow/.local/lib/python3.12/site-packages/airflow/example_dags/example_latest_only_with_trigger.py
[2025-01-17T10:33:04.434+0000] {processor.py:914} INFO - Processing file /home/airflow/.local/lib/python3.12/site-packages/airflow/example_dags/example_latest_only_with_trigger.py for tasks to queue
[2025-01-17T10:33:04.438+0000] {logging_mixin.py:190} INFO - [2025-01-17T10:33:04.438+0000] {dagbag.py:588} INFO - Filling up the DagBag from /home/airflow/.local/lib/python3.12/site-packages/airflow/example_dags/example_latest_only_with_trigger.py
[2025-01-17T10:33:04.451+0000] {processor.py:925} INFO - DAG(s) 'latest_only_with_trigger' retrieved from /home/airflow/.local/lib/python3.12/site-packages/airflow/example_dags/example_latest_only_with_trigger.py
[2025-01-17T10:33:04.488+0000] {logging_mixin.py:190} INFO - [2025-01-17T10:33:04.487+0000] {dag.py:3239} INFO - Sync 1 DAGs
[2025-01-17T10:33:04.522+0000] {logging_mixin.py:190} INFO - [2025-01-17T10:33:04.522+0000] {dag.py:4180} INFO - Setting next_dagrun for latest_only_with_trigger to 2025-01-17 04:00:00+00:00, run_after=2025-01-17 08:00:00+00:00
[2025-01-17T10:33:04.554+0000] {processor.py:208} INFO - Processing /home/airflow/.local/lib/python3.12/site-packages/airflow/example_dags/example_latest_only_with_trigger.py took 0.131 seconds
[2025-01-17T10:33:36.150+0000] {processor.py:186} INFO - Started process (PID=288) to work on /home/airflow/.local/lib/python3.12/site-packages/airflow/example_dags/example_latest_only_with_trigger.py
[2025-01-17T10:33:36.152+0000] {processor.py:914} INFO - Processing file /home/airflow/.local/lib/python3.12/site-packages/airflow/example_dags/example_latest_only_with_trigger.py for tasks to queue
[2025-01-17T10:33:36.156+0000] {logging_mixin.py:190} INFO - [2025-01-17T10:33:36.155+0000] {dagbag.py:588} INFO - Filling up the DagBag from /home/airflow/.local/lib/python3.12/site-packages/airflow/example_dags/example_latest_only_with_trigger.py
[2025-01-17T10:33:36.170+0000] {processor.py:925} INFO - DAG(s) 'latest_only_with_trigger' retrieved from /home/airflow/.local/lib/python3.12/site-packages/airflow/example_dags/example_latest_only_with_trigger.py
[2025-01-17T10:33:36.213+0000] {logging_mixin.py:190} INFO - [2025-01-17T10:33:36.213+0000] {dag.py:3239} INFO - Sync 1 DAGs
[2025-01-17T10:33:36.260+0000] {logging_mixin.py:190} INFO - [2025-01-17T10:33:36.260+0000] {dag.py:4180} INFO - Setting next_dagrun for latest_only_with_trigger to 2025-01-17 04:00:00+00:00, run_after=2025-01-17 08:00:00+00:00
[2025-01-17T10:33:36.294+0000] {processor.py:208} INFO - Processing /home/airflow/.local/lib/python3.12/site-packages/airflow/example_dags/example_latest_only_with_trigger.py took 0.153 seconds
[2025-01-17T10:34:07.691+0000] {processor.py:186} INFO - Started process (PID=352) to work on /home/airflow/.local/lib/python3.12/site-packages/airflow/example_dags/example_latest_only_with_trigger.py
[2025-01-17T10:34:07.692+0000] {processor.py:914} INFO - Processing file /home/airflow/.local/lib/python3.12/site-packages/airflow/example_dags/example_latest_only_with_trigger.py for tasks to queue
[2025-01-17T10:34:07.697+0000] {logging_mixin.py:190} INFO - [2025-01-17T10:34:07.696+0000] {dagbag.py:588} INFO - Filling up the DagBag from /home/airflow/.local/lib/python3.12/site-packages/airflow/example_dags/example_latest_only_with_trigger.py
[2025-01-17T10:34:07.709+0000] {processor.py:925} INFO - DAG(s) 'latest_only_with_trigger' retrieved from /home/airflow/.local/lib/python3.12/site-packages/airflow/example_dags/example_latest_only_with_trigger.py
[2025-01-17T10:34:07.744+0000] {logging_mixin.py:190} INFO - [2025-01-17T10:34:07.744+0000] {dag.py:3239} INFO - Sync 1 DAGs
[2025-01-17T10:34:07.795+0000] {logging_mixin.py:190} INFO - [2025-01-17T10:34:07.795+0000] {dag.py:4180} INFO - Setting next_dagrun for latest_only_with_trigger to 2025-01-17 04:00:00+00:00, run_after=2025-01-17 08:00:00+00:00
[2025-01-17T10:34:07.841+0000] {processor.py:208} INFO - Processing /home/airflow/.local/lib/python3.12/site-packages/airflow/example_dags/example_latest_only_with_trigger.py took 0.159 seconds
[2025-01-17T10:34:39.299+0000] {processor.py:186} INFO - Started process (PID=415) to work on /home/airflow/.local/lib/python3.12/site-packages/airflow/example_dags/example_latest_only_with_trigger.py
[2025-01-17T10:34:39.301+0000] {processor.py:914} INFO - Processing file /home/airflow/.local/lib/python3.12/site-packages/airflow/example_dags/example_latest_only_with_trigger.py for tasks to queue
[2025-01-17T10:34:39.303+0000] {logging_mixin.py:190} INFO - [2025-01-17T10:34:39.302+0000] {dagbag.py:588} INFO - Filling up the DagBag from /home/airflow/.local/lib/python3.12/site-packages/airflow/example_dags/example_latest_only_with_trigger.py
[2025-01-17T10:34:39.314+0000] {processor.py:925} INFO - DAG(s) 'latest_only_with_trigger' retrieved from /home/airflow/.local/lib/python3.12/site-packages/airflow/example_dags/example_latest_only_with_trigger.py
[2025-01-17T10:34:39.345+0000] {logging_mixin.py:190} INFO - [2025-01-17T10:34:39.344+0000] {dag.py:3239} INFO - Sync 1 DAGs
[2025-01-17T10:34:39.387+0000] {logging_mixin.py:190} INFO - [2025-01-17T10:34:39.386+0000] {dag.py:4180} INFO - Setting next_dagrun for latest_only_with_trigger to 2025-01-17 04:00:00+00:00, run_after=2025-01-17 08:00:00+00:00
[2025-01-17T10:34:39.435+0000] {processor.py:208} INFO - Processing /home/airflow/.local/lib/python3.12/site-packages/airflow/example_dags/example_latest_only_with_trigger.py took 0.145 seconds
[2025-01-17T10:35:11.420+0000] {processor.py:186} INFO - Started process (PID=478) to work on /home/airflow/.local/lib/python3.12/site-packages/airflow/example_dags/example_latest_only_with_trigger.py
[2025-01-17T10:35:11.422+0000] {processor.py:914} INFO - Processing file /home/airflow/.local/lib/python3.12/site-packages/airflow/example_dags/example_latest_only_with_trigger.py for tasks to queue
[2025-01-17T10:35:11.424+0000] {logging_mixin.py:190} INFO - [2025-01-17T10:35:11.423+0000] {dagbag.py:588} INFO - Filling up the DagBag from /home/airflow/.local/lib/python3.12/site-packages/airflow/example_dags/example_latest_only_with_trigger.py
[2025-01-17T10:35:11.439+0000] {processor.py:925} INFO - DAG(s) 'latest_only_with_trigger' retrieved from /home/airflow/.local/lib/python3.12/site-packages/airflow/example_dags/example_latest_only_with_trigger.py
[2025-01-17T10:35:11.477+0000] {logging_mixin.py:190} INFO - [2025-01-17T10:35:11.477+0000] {dag.py:3239} INFO - Sync 1 DAGs
[2025-01-17T10:35:11.514+0000] {logging_mixin.py:190} INFO - [2025-01-17T10:35:11.514+0000] {dag.py:4180} INFO - Setting next_dagrun for latest_only_with_trigger to 2025-01-17 04:00:00+00:00, run_after=2025-01-17 08:00:00+00:00
[2025-01-17T10:35:11.545+0000] {processor.py:208} INFO - Processing /home/airflow/.local/lib/python3.12/site-packages/airflow/example_dags/example_latest_only_with_trigger.py took 0.134 seconds
[2025-01-17T10:35:42.826+0000] {processor.py:186} INFO - Started process (PID=541) to work on /home/airflow/.local/lib/python3.12/site-packages/airflow/example_dags/example_latest_only_with_trigger.py
[2025-01-17T10:35:42.827+0000] {processor.py:914} INFO - Processing file /home/airflow/.local/lib/python3.12/site-packages/airflow/example_dags/example_latest_only_with_trigger.py for tasks to queue
[2025-01-17T10:35:42.831+0000] {logging_mixin.py:190} INFO - [2025-01-17T10:35:42.830+0000] {dagbag.py:588} INFO - Filling up the DagBag from /home/airflow/.local/lib/python3.12/site-packages/airflow/example_dags/example_latest_only_with_trigger.py
[2025-01-17T10:35:42.845+0000] {processor.py:925} INFO - DAG(s) 'latest_only_with_trigger' retrieved from /home/airflow/.local/lib/python3.12/site-packages/airflow/example_dags/example_latest_only_with_trigger.py
[2025-01-17T10:35:42.884+0000] {logging_mixin.py:190} INFO - [2025-01-17T10:35:42.883+0000] {dag.py:3239} INFO - Sync 1 DAGs
[2025-01-17T10:35:42.933+0000] {logging_mixin.py:190} INFO - [2025-01-17T10:35:42.933+0000] {dag.py:4180} INFO - Setting next_dagrun for latest_only_with_trigger to 2025-01-17 04:00:00+00:00, run_after=2025-01-17 08:00:00+00:00
[2025-01-17T10:35:42.972+0000] {processor.py:208} INFO - Processing /home/airflow/.local/lib/python3.12/site-packages/airflow/example_dags/example_latest_only_with_trigger.py took 0.155 seconds
[2025-01-17T10:36:14.685+0000] {processor.py:186} INFO - Started process (PID=604) to work on /home/airflow/.local/lib/python3.12/site-packages/airflow/example_dags/example_latest_only_with_trigger.py
[2025-01-17T10:36:14.687+0000] {processor.py:914} INFO - Processing file /home/airflow/.local/lib/python3.12/site-packages/airflow/example_dags/example_latest_only_with_trigger.py for tasks to queue
[2025-01-17T10:36:14.689+0000] {logging_mixin.py:190} INFO - [2025-01-17T10:36:14.688+0000] {dagbag.py:588} INFO - Filling up the DagBag from /home/airflow/.local/lib/python3.12/site-packages/airflow/example_dags/example_latest_only_with_trigger.py
[2025-01-17T10:36:14.701+0000] {processor.py:925} INFO - DAG(s) 'latest_only_with_trigger' retrieved from /home/airflow/.local/lib/python3.12/site-packages/airflow/example_dags/example_latest_only_with_trigger.py
[2025-01-17T10:36:14.733+0000] {logging_mixin.py:190} INFO - [2025-01-17T10:36:14.732+0000] {dag.py:3239} INFO - Sync 1 DAGs
[2025-01-17T10:36:14.765+0000] {logging_mixin.py:190} INFO - [2025-01-17T10:36:14.765+0000] {dag.py:4180} INFO - Setting next_dagrun for latest_only_with_trigger to 2025-01-17 04:00:00+00:00, run_after=2025-01-17 08:00:00+00:00
[2025-01-17T10:36:14.795+0000] {processor.py:208} INFO - Processing /home/airflow/.local/lib/python3.12/site-packages/airflow/example_dags/example_latest_only_with_trigger.py took 0.117 seconds
[2025-01-17T10:37:31.122+0000] {processor.py:186} INFO - Started process (PID=89) to work on /home/airflow/.local/lib/python3.12/site-packages/airflow/example_dags/example_latest_only_with_trigger.py
[2025-01-17T10:37:31.123+0000] {processor.py:914} INFO - Processing file /home/airflow/.local/lib/python3.12/site-packages/airflow/example_dags/example_latest_only_with_trigger.py for tasks to queue
[2025-01-17T10:37:31.129+0000] {logging_mixin.py:190} INFO - [2025-01-17T10:37:31.128+0000] {dagbag.py:588} INFO - Filling up the DagBag from /home/airflow/.local/lib/python3.12/site-packages/airflow/example_dags/example_latest_only_with_trigger.py
[2025-01-17T10:37:31.139+0000] {processor.py:925} INFO - DAG(s) 'latest_only_with_trigger' retrieved from /home/airflow/.local/lib/python3.12/site-packages/airflow/example_dags/example_latest_only_with_trigger.py
[2025-01-17T10:37:31.182+0000] {logging_mixin.py:190} INFO - [2025-01-17T10:37:31.182+0000] {dag.py:3239} INFO - Sync 1 DAGs
[2025-01-17T10:37:31.214+0000] {logging_mixin.py:190} INFO - [2025-01-17T10:37:31.213+0000] {dag.py:4180} INFO - Setting next_dagrun for latest_only_with_trigger to 2025-01-17 04:00:00+00:00, run_after=2025-01-17 08:00:00+00:00
[2025-01-17T10:37:31.240+0000] {processor.py:208} INFO - Processing /home/airflow/.local/lib/python3.12/site-packages/airflow/example_dags/example_latest_only_with_trigger.py took 0.124 seconds
[2025-01-17T10:38:02.737+0000] {processor.py:186} INFO - Started process (PID=153) to work on /home/airflow/.local/lib/python3.12/site-packages/airflow/example_dags/example_latest_only_with_trigger.py
[2025-01-17T10:38:02.738+0000] {processor.py:914} INFO - Processing file /home/airflow/.local/lib/python3.12/site-packages/airflow/example_dags/example_latest_only_with_trigger.py for tasks to queue
[2025-01-17T10:38:02.742+0000] {logging_mixin.py:190} INFO - [2025-01-17T10:38:02.742+0000] {dagbag.py:588} INFO - Filling up the DagBag from /home/airflow/.local/lib/python3.12/site-packages/airflow/example_dags/example_latest_only_with_trigger.py
[2025-01-17T10:38:02.754+0000] {processor.py:925} INFO - DAG(s) 'latest_only_with_trigger' retrieved from /home/airflow/.local/lib/python3.12/site-packages/airflow/example_dags/example_latest_only_with_trigger.py
[2025-01-17T10:38:02.790+0000] {logging_mixin.py:190} INFO - [2025-01-17T10:38:02.789+0000] {dag.py:3239} INFO - Sync 1 DAGs
[2025-01-17T10:38:02.828+0000] {logging_mixin.py:190} INFO - [2025-01-17T10:38:02.827+0000] {dag.py:4180} INFO - Setting next_dagrun for latest_only_with_trigger to 2025-01-17 04:00:00+00:00, run_after=2025-01-17 08:00:00+00:00
[2025-01-17T10:38:02.860+0000] {processor.py:208} INFO - Processing /home/airflow/.local/lib/python3.12/site-packages/airflow/example_dags/example_latest_only_with_trigger.py took 0.133 seconds
[2025-01-17T10:52:14.702+0000] {processor.py:186} INFO - Started process (PID=90) to work on /home/airflow/.local/lib/python3.12/site-packages/airflow/example_dags/example_latest_only_with_trigger.py
[2025-01-17T10:52:14.703+0000] {processor.py:914} INFO - Processing file /home/airflow/.local/lib/python3.12/site-packages/airflow/example_dags/example_latest_only_with_trigger.py for tasks to queue
[2025-01-17T10:52:14.706+0000] {logging_mixin.py:190} INFO - [2025-01-17T10:52:14.706+0000] {dagbag.py:588} INFO - Filling up the DagBag from /home/airflow/.local/lib/python3.12/site-packages/airflow/example_dags/example_latest_only_with_trigger.py
[2025-01-17T10:52:14.714+0000] {processor.py:925} INFO - DAG(s) 'latest_only_with_trigger' retrieved from /home/airflow/.local/lib/python3.12/site-packages/airflow/example_dags/example_latest_only_with_trigger.py
[2025-01-17T10:52:14.747+0000] {logging_mixin.py:190} INFO - [2025-01-17T10:52:14.746+0000] {dag.py:3239} INFO - Sync 1 DAGs
[2025-01-17T10:52:14.773+0000] {logging_mixin.py:190} INFO - [2025-01-17T10:52:14.773+0000] {dag.py:4180} INFO - Setting next_dagrun for latest_only_with_trigger to 2025-01-17 04:00:00+00:00, run_after=2025-01-17 08:00:00+00:00
[2025-01-17T10:52:14.797+0000] {processor.py:208} INFO - Processing /home/airflow/.local/lib/python3.12/site-packages/airflow/example_dags/example_latest_only_with_trigger.py took 0.100 seconds
[2025-01-17T10:52:46.145+0000] {processor.py:186} INFO - Started process (PID=160) to work on /home/airflow/.local/lib/python3.12/site-packages/airflow/example_dags/example_latest_only_with_trigger.py
[2025-01-17T10:52:46.146+0000] {processor.py:914} INFO - Processing file /home/airflow/.local/lib/python3.12/site-packages/airflow/example_dags/example_latest_only_with_trigger.py for tasks to queue
[2025-01-17T10:52:46.150+0000] {logging_mixin.py:190} INFO - [2025-01-17T10:52:46.149+0000] {dagbag.py:588} INFO - Filling up the DagBag from /home/airflow/.local/lib/python3.12/site-packages/airflow/example_dags/example_latest_only_with_trigger.py
[2025-01-17T10:52:46.158+0000] {processor.py:925} INFO - DAG(s) 'latest_only_with_trigger' retrieved from /home/airflow/.local/lib/python3.12/site-packages/airflow/example_dags/example_latest_only_with_trigger.py
[2025-01-17T10:52:46.180+0000] {logging_mixin.py:190} INFO - [2025-01-17T10:52:46.179+0000] {dag.py:3239} INFO - Sync 1 DAGs
[2025-01-17T10:52:46.205+0000] {logging_mixin.py:190} INFO - [2025-01-17T10:52:46.205+0000] {dag.py:4180} INFO - Setting next_dagrun for latest_only_with_trigger to 2025-01-17 04:00:00+00:00, run_after=2025-01-17 08:00:00+00:00
[2025-01-17T10:52:46.230+0000] {processor.py:208} INFO - Processing /home/airflow/.local/lib/python3.12/site-packages/airflow/example_dags/example_latest_only_with_trigger.py took 0.091 seconds
[2025-01-17T10:53:17.297+0000] {processor.py:186} INFO - Started process (PID=224) to work on /home/airflow/.local/lib/python3.12/site-packages/airflow/example_dags/example_latest_only_with_trigger.py
[2025-01-17T10:53:17.298+0000] {processor.py:914} INFO - Processing file /home/airflow/.local/lib/python3.12/site-packages/airflow/example_dags/example_latest_only_with_trigger.py for tasks to queue
[2025-01-17T10:53:17.301+0000] {logging_mixin.py:190} INFO - [2025-01-17T10:53:17.300+0000] {dagbag.py:588} INFO - Filling up the DagBag from /home/airflow/.local/lib/python3.12/site-packages/airflow/example_dags/example_latest_only_with_trigger.py
[2025-01-17T10:53:17.308+0000] {processor.py:925} INFO - DAG(s) 'latest_only_with_trigger' retrieved from /home/airflow/.local/lib/python3.12/site-packages/airflow/example_dags/example_latest_only_with_trigger.py
[2025-01-17T10:53:17.332+0000] {logging_mixin.py:190} INFO - [2025-01-17T10:53:17.331+0000] {dag.py:3239} INFO - Sync 1 DAGs
[2025-01-17T10:53:17.357+0000] {logging_mixin.py:190} INFO - [2025-01-17T10:53:17.357+0000] {dag.py:4180} INFO - Setting next_dagrun for latest_only_with_trigger to 2025-01-17 04:00:00+00:00, run_after=2025-01-17 08:00:00+00:00
[2025-01-17T10:53:17.381+0000] {processor.py:208} INFO - Processing /home/airflow/.local/lib/python3.12/site-packages/airflow/example_dags/example_latest_only_with_trigger.py took 0.090 seconds
[2025-01-17T10:53:48.787+0000] {processor.py:186} INFO - Started process (PID=289) to work on /home/airflow/.local/lib/python3.12/site-packages/airflow/example_dags/example_latest_only_with_trigger.py
[2025-01-17T10:53:48.788+0000] {processor.py:914} INFO - Processing file /home/airflow/.local/lib/python3.12/site-packages/airflow/example_dags/example_latest_only_with_trigger.py for tasks to queue
[2025-01-17T10:53:48.792+0000] {logging_mixin.py:190} INFO - [2025-01-17T10:53:48.791+0000] {dagbag.py:588} INFO - Filling up the DagBag from /home/airflow/.local/lib/python3.12/site-packages/airflow/example_dags/example_latest_only_with_trigger.py
[2025-01-17T10:53:48.799+0000] {processor.py:925} INFO - DAG(s) 'latest_only_with_trigger' retrieved from /home/airflow/.local/lib/python3.12/site-packages/airflow/example_dags/example_latest_only_with_trigger.py
[2025-01-17T10:53:48.821+0000] {logging_mixin.py:190} INFO - [2025-01-17T10:53:48.820+0000] {dag.py:3239} INFO - Sync 1 DAGs
[2025-01-17T10:53:48.843+0000] {logging_mixin.py:190} INFO - [2025-01-17T10:53:48.843+0000] {dag.py:4180} INFO - Setting next_dagrun for latest_only_with_trigger to 2025-01-17 04:00:00+00:00, run_after=2025-01-17 08:00:00+00:00
[2025-01-17T10:53:48.866+0000] {processor.py:208} INFO - Processing /home/airflow/.local/lib/python3.12/site-packages/airflow/example_dags/example_latest_only_with_trigger.py took 0.085 seconds
[2025-01-17T10:54:20.046+0000] {processor.py:186} INFO - Started process (PID=353) to work on /home/airflow/.local/lib/python3.12/site-packages/airflow/example_dags/example_latest_only_with_trigger.py
[2025-01-17T10:54:20.047+0000] {processor.py:914} INFO - Processing file /home/airflow/.local/lib/python3.12/site-packages/airflow/example_dags/example_latest_only_with_trigger.py for tasks to queue
[2025-01-17T10:54:20.051+0000] {logging_mixin.py:190} INFO - [2025-01-17T10:54:20.050+0000] {dagbag.py:588} INFO - Filling up the DagBag from /home/airflow/.local/lib/python3.12/site-packages/airflow/example_dags/example_latest_only_with_trigger.py
[2025-01-17T10:54:20.059+0000] {processor.py:925} INFO - DAG(s) 'latest_only_with_trigger' retrieved from /home/airflow/.local/lib/python3.12/site-packages/airflow/example_dags/example_latest_only_with_trigger.py
[2025-01-17T10:54:20.084+0000] {logging_mixin.py:190} INFO - [2025-01-17T10:54:20.083+0000] {dag.py:3239} INFO - Sync 1 DAGs
[2025-01-17T10:54:20.109+0000] {logging_mixin.py:190} INFO - [2025-01-17T10:54:20.109+0000] {dag.py:4180} INFO - Setting next_dagrun for latest_only_with_trigger to 2025-01-17 04:00:00+00:00, run_after=2025-01-17 08:00:00+00:00
[2025-01-17T10:54:20.133+0000] {processor.py:208} INFO - Processing /home/airflow/.local/lib/python3.12/site-packages/airflow/example_dags/example_latest_only_with_trigger.py took 0.092 seconds
[2025-01-17T10:54:51.338+0000] {processor.py:186} INFO - Started process (PID=417) to work on /home/airflow/.local/lib/python3.12/site-packages/airflow/example_dags/example_latest_only_with_trigger.py
[2025-01-17T10:54:51.339+0000] {processor.py:914} INFO - Processing file /home/airflow/.local/lib/python3.12/site-packages/airflow/example_dags/example_latest_only_with_trigger.py for tasks to queue
[2025-01-17T10:54:51.342+0000] {logging_mixin.py:190} INFO - [2025-01-17T10:54:51.342+0000] {dagbag.py:588} INFO - Filling up the DagBag from /home/airflow/.local/lib/python3.12/site-packages/airflow/example_dags/example_latest_only_with_trigger.py
[2025-01-17T10:54:51.350+0000] {processor.py:925} INFO - DAG(s) 'latest_only_with_trigger' retrieved from /home/airflow/.local/lib/python3.12/site-packages/airflow/example_dags/example_latest_only_with_trigger.py
[2025-01-17T10:54:51.373+0000] {logging_mixin.py:190} INFO - [2025-01-17T10:54:51.373+0000] {dag.py:3239} INFO - Sync 1 DAGs
[2025-01-17T10:54:51.397+0000] {logging_mixin.py:190} INFO - [2025-01-17T10:54:51.397+0000] {dag.py:4180} INFO - Setting next_dagrun for latest_only_with_trigger to 2025-01-17 04:00:00+00:00, run_after=2025-01-17 08:00:00+00:00
[2025-01-17T10:54:51.421+0000] {processor.py:208} INFO - Processing /home/airflow/.local/lib/python3.12/site-packages/airflow/example_dags/example_latest_only_with_trigger.py took 0.089 seconds
[2025-01-17T10:55:22.836+0000] {processor.py:186} INFO - Started process (PID=481) to work on /home/airflow/.local/lib/python3.12/site-packages/airflow/example_dags/example_latest_only_with_trigger.py
[2025-01-17T10:55:22.837+0000] {processor.py:914} INFO - Processing file /home/airflow/.local/lib/python3.12/site-packages/airflow/example_dags/example_latest_only_with_trigger.py for tasks to queue
[2025-01-17T10:55:22.840+0000] {logging_mixin.py:190} INFO - [2025-01-17T10:55:22.840+0000] {dagbag.py:588} INFO - Filling up the DagBag from /home/airflow/.local/lib/python3.12/site-packages/airflow/example_dags/example_latest_only_with_trigger.py
[2025-01-17T10:55:22.848+0000] {processor.py:925} INFO - DAG(s) 'latest_only_with_trigger' retrieved from /home/airflow/.local/lib/python3.12/site-packages/airflow/example_dags/example_latest_only_with_trigger.py
[2025-01-17T10:55:22.871+0000] {logging_mixin.py:190} INFO - [2025-01-17T10:55:22.870+0000] {dag.py:3239} INFO - Sync 1 DAGs
[2025-01-17T10:55:22.896+0000] {logging_mixin.py:190} INFO - [2025-01-17T10:55:22.896+0000] {dag.py:4180} INFO - Setting next_dagrun for latest_only_with_trigger to 2025-01-17 04:00:00+00:00, run_after=2025-01-17 08:00:00+00:00
[2025-01-17T10:55:22.920+0000] {processor.py:208} INFO - Processing /home/airflow/.local/lib/python3.12/site-packages/airflow/example_dags/example_latest_only_with_trigger.py took 0.090 seconds
[2025-01-17T10:55:54.262+0000] {processor.py:186} INFO - Started process (PID=546) to work on /home/airflow/.local/lib/python3.12/site-packages/airflow/example_dags/example_latest_only_with_trigger.py
[2025-01-17T10:55:54.263+0000] {processor.py:914} INFO - Processing file /home/airflow/.local/lib/python3.12/site-packages/airflow/example_dags/example_latest_only_with_trigger.py for tasks to queue
[2025-01-17T10:55:54.267+0000] {logging_mixin.py:190} INFO - [2025-01-17T10:55:54.266+0000] {dagbag.py:588} INFO - Filling up the DagBag from /home/airflow/.local/lib/python3.12/site-packages/airflow/example_dags/example_latest_only_with_trigger.py
[2025-01-17T10:55:54.274+0000] {processor.py:925} INFO - DAG(s) 'latest_only_with_trigger' retrieved from /home/airflow/.local/lib/python3.12/site-packages/airflow/example_dags/example_latest_only_with_trigger.py
[2025-01-17T10:55:54.297+0000] {logging_mixin.py:190} INFO - [2025-01-17T10:55:54.297+0000] {dag.py:3239} INFO - Sync 1 DAGs
[2025-01-17T10:55:54.322+0000] {logging_mixin.py:190} INFO - [2025-01-17T10:55:54.322+0000] {dag.py:4180} INFO - Setting next_dagrun for latest_only_with_trigger to 2025-01-17 04:00:00+00:00, run_after=2025-01-17 08:00:00+00:00
[2025-01-17T10:55:54.344+0000] {processor.py:208} INFO - Processing /home/airflow/.local/lib/python3.12/site-packages/airflow/example_dags/example_latest_only_with_trigger.py took 0.088 seconds
[2025-01-17T10:56:25.477+0000] {processor.py:186} INFO - Started process (PID=610) to work on /home/airflow/.local/lib/python3.12/site-packages/airflow/example_dags/example_latest_only_with_trigger.py
[2025-01-17T10:56:25.478+0000] {processor.py:914} INFO - Processing file /home/airflow/.local/lib/python3.12/site-packages/airflow/example_dags/example_latest_only_with_trigger.py for tasks to queue
[2025-01-17T10:56:25.481+0000] {logging_mixin.py:190} INFO - [2025-01-17T10:56:25.480+0000] {dagbag.py:588} INFO - Filling up the DagBag from /home/airflow/.local/lib/python3.12/site-packages/airflow/example_dags/example_latest_only_with_trigger.py
[2025-01-17T10:56:25.488+0000] {processor.py:925} INFO - DAG(s) 'latest_only_with_trigger' retrieved from /home/airflow/.local/lib/python3.12/site-packages/airflow/example_dags/example_latest_only_with_trigger.py
[2025-01-17T10:56:25.512+0000] {logging_mixin.py:190} INFO - [2025-01-17T10:56:25.511+0000] {dag.py:3239} INFO - Sync 1 DAGs
[2025-01-17T10:56:25.537+0000] {logging_mixin.py:190} INFO - [2025-01-17T10:56:25.536+0000] {dag.py:4180} INFO - Setting next_dagrun for latest_only_with_trigger to 2025-01-17 04:00:00+00:00, run_after=2025-01-17 08:00:00+00:00
[2025-01-17T10:56:25.561+0000] {processor.py:208} INFO - Processing /home/airflow/.local/lib/python3.12/site-packages/airflow/example_dags/example_latest_only_with_trigger.py took 0.089 seconds
[2025-01-17T10:56:57.081+0000] {processor.py:186} INFO - Started process (PID=675) to work on /home/airflow/.local/lib/python3.12/site-packages/airflow/example_dags/example_latest_only_with_trigger.py
[2025-01-17T10:56:57.083+0000] {processor.py:914} INFO - Processing file /home/airflow/.local/lib/python3.12/site-packages/airflow/example_dags/example_latest_only_with_trigger.py for tasks to queue
[2025-01-17T10:56:57.086+0000] {logging_mixin.py:190} INFO - [2025-01-17T10:56:57.085+0000] {dagbag.py:588} INFO - Filling up the DagBag from /home/airflow/.local/lib/python3.12/site-packages/airflow/example_dags/example_latest_only_with_trigger.py
[2025-01-17T10:56:57.093+0000] {processor.py:925} INFO - DAG(s) 'latest_only_with_trigger' retrieved from /home/airflow/.local/lib/python3.12/site-packages/airflow/example_dags/example_latest_only_with_trigger.py
[2025-01-17T10:56:57.117+0000] {logging_mixin.py:190} INFO - [2025-01-17T10:56:57.117+0000] {dag.py:3239} INFO - Sync 1 DAGs
[2025-01-17T10:56:57.142+0000] {logging_mixin.py:190} INFO - [2025-01-17T10:56:57.141+0000] {dag.py:4180} INFO - Setting next_dagrun for latest_only_with_trigger to 2025-01-17 04:00:00+00:00, run_after=2025-01-17 08:00:00+00:00
[2025-01-17T10:56:57.164+0000] {processor.py:208} INFO - Processing /home/airflow/.local/lib/python3.12/site-packages/airflow/example_dags/example_latest_only_with_trigger.py took 0.088 seconds
[2025-01-17T10:57:27.822+0000] {processor.py:186} INFO - Started process (PID=739) to work on /home/airflow/.local/lib/python3.12/site-packages/airflow/example_dags/example_latest_only_with_trigger.py
[2025-01-17T10:57:27.823+0000] {processor.py:914} INFO - Processing file /home/airflow/.local/lib/python3.12/site-packages/airflow/example_dags/example_latest_only_with_trigger.py for tasks to queue
[2025-01-17T10:57:27.826+0000] {logging_mixin.py:190} INFO - [2025-01-17T10:57:27.825+0000] {dagbag.py:588} INFO - Filling up the DagBag from /home/airflow/.local/lib/python3.12/site-packages/airflow/example_dags/example_latest_only_with_trigger.py
[2025-01-17T10:57:27.834+0000] {processor.py:925} INFO - DAG(s) 'latest_only_with_trigger' retrieved from /home/airflow/.local/lib/python3.12/site-packages/airflow/example_dags/example_latest_only_with_trigger.py
[2025-01-17T10:57:27.855+0000] {logging_mixin.py:190} INFO - [2025-01-17T10:57:27.855+0000] {dag.py:3239} INFO - Sync 1 DAGs
[2025-01-17T10:57:27.881+0000] {logging_mixin.py:190} INFO - [2025-01-17T10:57:27.881+0000] {dag.py:4180} INFO - Setting next_dagrun for latest_only_with_trigger to 2025-01-17 04:00:00+00:00, run_after=2025-01-17 08:00:00+00:00
[2025-01-17T10:57:27.907+0000] {processor.py:208} INFO - Processing /home/airflow/.local/lib/python3.12/site-packages/airflow/example_dags/example_latest_only_with_trigger.py took 0.090 seconds
[2025-01-17T10:57:59.467+0000] {processor.py:186} INFO - Started process (PID=803) to work on /home/airflow/.local/lib/python3.12/site-packages/airflow/example_dags/example_latest_only_with_trigger.py
[2025-01-17T10:57:59.468+0000] {processor.py:914} INFO - Processing file /home/airflow/.local/lib/python3.12/site-packages/airflow/example_dags/example_latest_only_with_trigger.py for tasks to queue
[2025-01-17T10:57:59.472+0000] {logging_mixin.py:190} INFO - [2025-01-17T10:57:59.471+0000] {dagbag.py:588} INFO - Filling up the DagBag from /home/airflow/.local/lib/python3.12/site-packages/airflow/example_dags/example_latest_only_with_trigger.py
[2025-01-17T10:57:59.479+0000] {processor.py:925} INFO - DAG(s) 'latest_only_with_trigger' retrieved from /home/airflow/.local/lib/python3.12/site-packages/airflow/example_dags/example_latest_only_with_trigger.py
[2025-01-17T10:57:59.504+0000] {logging_mixin.py:190} INFO - [2025-01-17T10:57:59.503+0000] {dag.py:3239} INFO - Sync 1 DAGs
[2025-01-17T10:57:59.527+0000] {logging_mixin.py:190} INFO - [2025-01-17T10:57:59.527+0000] {dag.py:4180} INFO - Setting next_dagrun for latest_only_with_trigger to 2025-01-17 04:00:00+00:00, run_after=2025-01-17 08:00:00+00:00
[2025-01-17T10:57:59.551+0000] {processor.py:208} INFO - Processing /home/airflow/.local/lib/python3.12/site-packages/airflow/example_dags/example_latest_only_with_trigger.py took 0.090 seconds
[2025-01-17T10:58:31.431+0000] {processor.py:186} INFO - Started process (PID=867) to work on /home/airflow/.local/lib/python3.12/site-packages/airflow/example_dags/example_latest_only_with_trigger.py
[2025-01-17T10:58:31.433+0000] {processor.py:914} INFO - Processing file /home/airflow/.local/lib/python3.12/site-packages/airflow/example_dags/example_latest_only_with_trigger.py for tasks to queue
[2025-01-17T10:58:31.436+0000] {logging_mixin.py:190} INFO - [2025-01-17T10:58:31.435+0000] {dagbag.py:588} INFO - Filling up the DagBag from /home/airflow/.local/lib/python3.12/site-packages/airflow/example_dags/example_latest_only_with_trigger.py
[2025-01-17T10:58:31.443+0000] {processor.py:925} INFO - DAG(s) 'latest_only_with_trigger' retrieved from /home/airflow/.local/lib/python3.12/site-packages/airflow/example_dags/example_latest_only_with_trigger.py
[2025-01-17T10:58:31.466+0000] {logging_mixin.py:190} INFO - [2025-01-17T10:58:31.465+0000] {dag.py:3239} INFO - Sync 1 DAGs
[2025-01-17T10:58:31.489+0000] {logging_mixin.py:190} INFO - [2025-01-17T10:58:31.488+0000] {dag.py:4180} INFO - Setting next_dagrun for latest_only_with_trigger to 2025-01-17 04:00:00+00:00, run_after=2025-01-17 08:00:00+00:00
[2025-01-17T10:58:31.513+0000] {processor.py:208} INFO - Processing /home/airflow/.local/lib/python3.12/site-packages/airflow/example_dags/example_latest_only_with_trigger.py took 0.086 seconds
[2025-01-17T10:59:02.068+0000] {processor.py:186} INFO - Started process (PID=931) to work on /home/airflow/.local/lib/python3.12/site-packages/airflow/example_dags/example_latest_only_with_trigger.py
[2025-01-17T10:59:02.069+0000] {processor.py:914} INFO - Processing file /home/airflow/.local/lib/python3.12/site-packages/airflow/example_dags/example_latest_only_with_trigger.py for tasks to queue
[2025-01-17T10:59:02.071+0000] {logging_mixin.py:190} INFO - [2025-01-17T10:59:02.071+0000] {dagbag.py:588} INFO - Filling up the DagBag from /home/airflow/.local/lib/python3.12/site-packages/airflow/example_dags/example_latest_only_with_trigger.py
[2025-01-17T10:59:02.080+0000] {processor.py:925} INFO - DAG(s) 'latest_only_with_trigger' retrieved from /home/airflow/.local/lib/python3.12/site-packages/airflow/example_dags/example_latest_only_with_trigger.py
[2025-01-17T10:59:02.103+0000] {logging_mixin.py:190} INFO - [2025-01-17T10:59:02.103+0000] {dag.py:3239} INFO - Sync 1 DAGs
[2025-01-17T10:59:02.126+0000] {logging_mixin.py:190} INFO - [2025-01-17T10:59:02.126+0000] {dag.py:4180} INFO - Setting next_dagrun for latest_only_with_trigger to 2025-01-17 04:00:00+00:00, run_after=2025-01-17 08:00:00+00:00
[2025-01-17T10:59:02.150+0000] {processor.py:208} INFO - Processing /home/airflow/.local/lib/python3.12/site-packages/airflow/example_dags/example_latest_only_with_trigger.py took 0.088 seconds
[2025-01-17T10:59:33.341+0000] {processor.py:186} INFO - Started process (PID=995) to work on /home/airflow/.local/lib/python3.12/site-packages/airflow/example_dags/example_latest_only_with_trigger.py
[2025-01-17T10:59:33.342+0000] {processor.py:914} INFO - Processing file /home/airflow/.local/lib/python3.12/site-packages/airflow/example_dags/example_latest_only_with_trigger.py for tasks to queue
[2025-01-17T10:59:33.344+0000] {logging_mixin.py:190} INFO - [2025-01-17T10:59:33.344+0000] {dagbag.py:588} INFO - Filling up the DagBag from /home/airflow/.local/lib/python3.12/site-packages/airflow/example_dags/example_latest_only_with_trigger.py
[2025-01-17T10:59:33.352+0000] {processor.py:925} INFO - DAG(s) 'latest_only_with_trigger' retrieved from /home/airflow/.local/lib/python3.12/site-packages/airflow/example_dags/example_latest_only_with_trigger.py
[2025-01-17T10:59:33.375+0000] {logging_mixin.py:190} INFO - [2025-01-17T10:59:33.375+0000] {dag.py:3239} INFO - Sync 1 DAGs
[2025-01-17T10:59:33.401+0000] {logging_mixin.py:190} INFO - [2025-01-17T10:59:33.401+0000] {dag.py:4180} INFO - Setting next_dagrun for latest_only_with_trigger to 2025-01-17 04:00:00+00:00, run_after=2025-01-17 08:00:00+00:00
[2025-01-17T10:59:33.426+0000] {processor.py:208} INFO - Processing /home/airflow/.local/lib/python3.12/site-packages/airflow/example_dags/example_latest_only_with_trigger.py took 0.090 seconds
[2025-01-17T11:00:04.427+0000] {processor.py:186} INFO - Started process (PID=1059) to work on /home/airflow/.local/lib/python3.12/site-packages/airflow/example_dags/example_latest_only_with_trigger.py
[2025-01-17T11:00:04.429+0000] {processor.py:914} INFO - Processing file /home/airflow/.local/lib/python3.12/site-packages/airflow/example_dags/example_latest_only_with_trigger.py for tasks to queue
[2025-01-17T11:00:04.431+0000] {logging_mixin.py:190} INFO - [2025-01-17T11:00:04.431+0000] {dagbag.py:588} INFO - Filling up the DagBag from /home/airflow/.local/lib/python3.12/site-packages/airflow/example_dags/example_latest_only_with_trigger.py
[2025-01-17T11:00:04.439+0000] {processor.py:925} INFO - DAG(s) 'latest_only_with_trigger' retrieved from /home/airflow/.local/lib/python3.12/site-packages/airflow/example_dags/example_latest_only_with_trigger.py
[2025-01-17T11:00:04.464+0000] {logging_mixin.py:190} INFO - [2025-01-17T11:00:04.464+0000] {dag.py:3239} INFO - Sync 1 DAGs
[2025-01-17T11:00:04.488+0000] {logging_mixin.py:190} INFO - [2025-01-17T11:00:04.488+0000] {dag.py:4180} INFO - Setting next_dagrun for latest_only_with_trigger to 2025-01-17 04:00:00+00:00, run_after=2025-01-17 08:00:00+00:00
[2025-01-17T11:00:04.511+0000] {processor.py:208} INFO - Processing /home/airflow/.local/lib/python3.12/site-packages/airflow/example_dags/example_latest_only_with_trigger.py took 0.089 seconds
[2025-01-17T11:22:01.942+0000] {processor.py:186} INFO - Started process (PID=83) to work on /home/airflow/.local/lib/python3.12/site-packages/airflow/example_dags/example_latest_only_with_trigger.py
[2025-01-17T11:22:01.943+0000] {processor.py:914} INFO - Processing file /home/airflow/.local/lib/python3.12/site-packages/airflow/example_dags/example_latest_only_with_trigger.py for tasks to queue
[2025-01-17T11:22:01.948+0000] {logging_mixin.py:190} INFO - [2025-01-17T11:22:01.948+0000] {dagbag.py:588} INFO - Filling up the DagBag from /home/airflow/.local/lib/python3.12/site-packages/airflow/example_dags/example_latest_only_with_trigger.py
[2025-01-17T11:22:01.959+0000] {processor.py:925} INFO - DAG(s) 'latest_only_with_trigger' retrieved from /home/airflow/.local/lib/python3.12/site-packages/airflow/example_dags/example_latest_only_with_trigger.py
[2025-01-17T11:22:01.991+0000] {logging_mixin.py:190} INFO - [2025-01-17T11:22:01.990+0000] {dag.py:3239} INFO - Sync 1 DAGs
[2025-01-17T11:22:02.017+0000] {logging_mixin.py:190} INFO - [2025-01-17T11:22:02.017+0000] {dag.py:4180} INFO - Setting next_dagrun for latest_only_with_trigger to 2025-01-17 04:00:00+00:00, run_after=2025-01-17 08:00:00+00:00
[2025-01-17T11:22:02.046+0000] {processor.py:208} INFO - Processing /home/airflow/.local/lib/python3.12/site-packages/airflow/example_dags/example_latest_only_with_trigger.py took 0.110 seconds
[2025-01-17T11:22:32.902+0000] {processor.py:186} INFO - Started process (PID=153) to work on /home/airflow/.local/lib/python3.12/site-packages/airflow/example_dags/example_latest_only_with_trigger.py
[2025-01-17T11:22:32.903+0000] {processor.py:914} INFO - Processing file /home/airflow/.local/lib/python3.12/site-packages/airflow/example_dags/example_latest_only_with_trigger.py for tasks to queue
[2025-01-17T11:22:32.906+0000] {logging_mixin.py:190} INFO - [2025-01-17T11:22:32.905+0000] {dagbag.py:588} INFO - Filling up the DagBag from /home/airflow/.local/lib/python3.12/site-packages/airflow/example_dags/example_latest_only_with_trigger.py
[2025-01-17T11:22:32.913+0000] {processor.py:925} INFO - DAG(s) 'latest_only_with_trigger' retrieved from /home/airflow/.local/lib/python3.12/site-packages/airflow/example_dags/example_latest_only_with_trigger.py
[2025-01-17T11:22:32.935+0000] {logging_mixin.py:190} INFO - [2025-01-17T11:22:32.935+0000] {dag.py:3239} INFO - Sync 1 DAGs
[2025-01-17T11:22:32.962+0000] {logging_mixin.py:190} INFO - [2025-01-17T11:22:32.962+0000] {dag.py:4180} INFO - Setting next_dagrun for latest_only_with_trigger to 2025-01-17 04:00:00+00:00, run_after=2025-01-17 08:00:00+00:00
[2025-01-17T11:22:32.985+0000] {processor.py:208} INFO - Processing /home/airflow/.local/lib/python3.12/site-packages/airflow/example_dags/example_latest_only_with_trigger.py took 0.088 seconds
[2025-01-17T11:23:04.251+0000] {processor.py:186} INFO - Started process (PID=217) to work on /home/airflow/.local/lib/python3.12/site-packages/airflow/example_dags/example_latest_only_with_trigger.py
[2025-01-17T11:23:04.252+0000] {processor.py:914} INFO - Processing file /home/airflow/.local/lib/python3.12/site-packages/airflow/example_dags/example_latest_only_with_trigger.py for tasks to queue
[2025-01-17T11:23:04.255+0000] {logging_mixin.py:190} INFO - [2025-01-17T11:23:04.255+0000] {dagbag.py:588} INFO - Filling up the DagBag from /home/airflow/.local/lib/python3.12/site-packages/airflow/example_dags/example_latest_only_with_trigger.py
[2025-01-17T11:23:04.263+0000] {processor.py:925} INFO - DAG(s) 'latest_only_with_trigger' retrieved from /home/airflow/.local/lib/python3.12/site-packages/airflow/example_dags/example_latest_only_with_trigger.py
[2025-01-17T11:23:04.287+0000] {logging_mixin.py:190} INFO - [2025-01-17T11:23:04.286+0000] {dag.py:3239} INFO - Sync 1 DAGs
[2025-01-17T11:23:04.309+0000] {logging_mixin.py:190} INFO - [2025-01-17T11:23:04.309+0000] {dag.py:4180} INFO - Setting next_dagrun for latest_only_with_trigger to 2025-01-17 04:00:00+00:00, run_after=2025-01-17 08:00:00+00:00
[2025-01-17T11:23:04.331+0000] {processor.py:208} INFO - Processing /home/airflow/.local/lib/python3.12/site-packages/airflow/example_dags/example_latest_only_with_trigger.py took 0.086 seconds
[2025-01-17T11:23:35.961+0000] {processor.py:186} INFO - Started process (PID=281) to work on /home/airflow/.local/lib/python3.12/site-packages/airflow/example_dags/example_latest_only_with_trigger.py
[2025-01-17T11:23:35.962+0000] {processor.py:914} INFO - Processing file /home/airflow/.local/lib/python3.12/site-packages/airflow/example_dags/example_latest_only_with_trigger.py for tasks to queue
[2025-01-17T11:23:35.965+0000] {logging_mixin.py:190} INFO - [2025-01-17T11:23:35.965+0000] {dagbag.py:588} INFO - Filling up the DagBag from /home/airflow/.local/lib/python3.12/site-packages/airflow/example_dags/example_latest_only_with_trigger.py
[2025-01-17T11:23:35.973+0000] {processor.py:925} INFO - DAG(s) 'latest_only_with_trigger' retrieved from /home/airflow/.local/lib/python3.12/site-packages/airflow/example_dags/example_latest_only_with_trigger.py
[2025-01-17T11:23:35.998+0000] {logging_mixin.py:190} INFO - [2025-01-17T11:23:35.998+0000] {dag.py:3239} INFO - Sync 1 DAGs
[2025-01-17T11:23:36.027+0000] {logging_mixin.py:190} INFO - [2025-01-17T11:23:36.027+0000] {dag.py:4180} INFO - Setting next_dagrun for latest_only_with_trigger to 2025-01-17 04:00:00+00:00, run_after=2025-01-17 08:00:00+00:00
[2025-01-17T11:23:36.054+0000] {processor.py:208} INFO - Processing /home/airflow/.local/lib/python3.12/site-packages/airflow/example_dags/example_latest_only_with_trigger.py took 0.099 seconds
[2025-01-17T11:24:07.194+0000] {processor.py:186} INFO - Started process (PID=345) to work on /home/airflow/.local/lib/python3.12/site-packages/airflow/example_dags/example_latest_only_with_trigger.py
[2025-01-17T11:24:07.196+0000] {processor.py:914} INFO - Processing file /home/airflow/.local/lib/python3.12/site-packages/airflow/example_dags/example_latest_only_with_trigger.py for tasks to queue
[2025-01-17T11:24:07.199+0000] {logging_mixin.py:190} INFO - [2025-01-17T11:24:07.198+0000] {dagbag.py:588} INFO - Filling up the DagBag from /home/airflow/.local/lib/python3.12/site-packages/airflow/example_dags/example_latest_only_with_trigger.py
[2025-01-17T11:24:07.207+0000] {processor.py:925} INFO - DAG(s) 'latest_only_with_trigger' retrieved from /home/airflow/.local/lib/python3.12/site-packages/airflow/example_dags/example_latest_only_with_trigger.py
[2025-01-17T11:24:07.230+0000] {logging_mixin.py:190} INFO - [2025-01-17T11:24:07.229+0000] {dag.py:3239} INFO - Sync 1 DAGs
[2025-01-17T11:24:07.255+0000] {logging_mixin.py:190} INFO - [2025-01-17T11:24:07.255+0000] {dag.py:4180} INFO - Setting next_dagrun for latest_only_with_trigger to 2025-01-17 04:00:00+00:00, run_after=2025-01-17 08:00:00+00:00
[2025-01-17T11:24:07.277+0000] {processor.py:208} INFO - Processing /home/airflow/.local/lib/python3.12/site-packages/airflow/example_dags/example_latest_only_with_trigger.py took 0.089 seconds
[2025-01-17T11:24:38.396+0000] {processor.py:186} INFO - Started process (PID=409) to work on /home/airflow/.local/lib/python3.12/site-packages/airflow/example_dags/example_latest_only_with_trigger.py
[2025-01-17T11:24:38.398+0000] {processor.py:914} INFO - Processing file /home/airflow/.local/lib/python3.12/site-packages/airflow/example_dags/example_latest_only_with_trigger.py for tasks to queue
[2025-01-17T11:24:38.400+0000] {logging_mixin.py:190} INFO - [2025-01-17T11:24:38.400+0000] {dagbag.py:588} INFO - Filling up the DagBag from /home/airflow/.local/lib/python3.12/site-packages/airflow/example_dags/example_latest_only_with_trigger.py
[2025-01-17T11:24:38.408+0000] {processor.py:925} INFO - DAG(s) 'latest_only_with_trigger' retrieved from /home/airflow/.local/lib/python3.12/site-packages/airflow/example_dags/example_latest_only_with_trigger.py
[2025-01-17T11:24:38.431+0000] {logging_mixin.py:190} INFO - [2025-01-17T11:24:38.431+0000] {dag.py:3239} INFO - Sync 1 DAGs
[2025-01-17T11:24:38.456+0000] {logging_mixin.py:190} INFO - [2025-01-17T11:24:38.456+0000] {dag.py:4180} INFO - Setting next_dagrun for latest_only_with_trigger to 2025-01-17 04:00:00+00:00, run_after=2025-01-17 08:00:00+00:00
[2025-01-17T11:24:38.478+0000] {processor.py:208} INFO - Processing /home/airflow/.local/lib/python3.12/site-packages/airflow/example_dags/example_latest_only_with_trigger.py took 0.087 seconds
[2025-01-17T11:25:09.874+0000] {processor.py:186} INFO - Started process (PID=473) to work on /home/airflow/.local/lib/python3.12/site-packages/airflow/example_dags/example_latest_only_with_trigger.py
[2025-01-17T11:25:09.876+0000] {processor.py:914} INFO - Processing file /home/airflow/.local/lib/python3.12/site-packages/airflow/example_dags/example_latest_only_with_trigger.py for tasks to queue
[2025-01-17T11:25:09.879+0000] {logging_mixin.py:190} INFO - [2025-01-17T11:25:09.878+0000] {dagbag.py:588} INFO - Filling up the DagBag from /home/airflow/.local/lib/python3.12/site-packages/airflow/example_dags/example_latest_only_with_trigger.py
[2025-01-17T11:25:09.886+0000] {processor.py:925} INFO - DAG(s) 'latest_only_with_trigger' retrieved from /home/airflow/.local/lib/python3.12/site-packages/airflow/example_dags/example_latest_only_with_trigger.py
[2025-01-17T11:25:09.911+0000] {logging_mixin.py:190} INFO - [2025-01-17T11:25:09.910+0000] {dag.py:3239} INFO - Sync 1 DAGs
[2025-01-17T11:25:09.937+0000] {logging_mixin.py:190} INFO - [2025-01-17T11:25:09.937+0000] {dag.py:4180} INFO - Setting next_dagrun for latest_only_with_trigger to 2025-01-17 04:00:00+00:00, run_after=2025-01-17 08:00:00+00:00
[2025-01-17T11:25:09.961+0000] {processor.py:208} INFO - Processing /home/airflow/.local/lib/python3.12/site-packages/airflow/example_dags/example_latest_only_with_trigger.py took 0.092 seconds
[2025-01-17T11:25:41.548+0000] {processor.py:186} INFO - Started process (PID=538) to work on /home/airflow/.local/lib/python3.12/site-packages/airflow/example_dags/example_latest_only_with_trigger.py
[2025-01-17T11:25:41.550+0000] {processor.py:914} INFO - Processing file /home/airflow/.local/lib/python3.12/site-packages/airflow/example_dags/example_latest_only_with_trigger.py for tasks to queue
[2025-01-17T11:25:41.552+0000] {logging_mixin.py:190} INFO - [2025-01-17T11:25:41.552+0000] {dagbag.py:588} INFO - Filling up the DagBag from /home/airflow/.local/lib/python3.12/site-packages/airflow/example_dags/example_latest_only_with_trigger.py
[2025-01-17T11:25:41.560+0000] {processor.py:925} INFO - DAG(s) 'latest_only_with_trigger' retrieved from /home/airflow/.local/lib/python3.12/site-packages/airflow/example_dags/example_latest_only_with_trigger.py
[2025-01-17T11:25:41.585+0000] {logging_mixin.py:190} INFO - [2025-01-17T11:25:41.585+0000] {dag.py:3239} INFO - Sync 1 DAGs
[2025-01-17T11:25:41.612+0000] {logging_mixin.py:190} INFO - [2025-01-17T11:25:41.612+0000] {dag.py:4180} INFO - Setting next_dagrun for latest_only_with_trigger to 2025-01-17 04:00:00+00:00, run_after=2025-01-17 08:00:00+00:00
[2025-01-17T11:25:41.637+0000] {processor.py:208} INFO - Processing /home/airflow/.local/lib/python3.12/site-packages/airflow/example_dags/example_latest_only_with_trigger.py took 0.094 seconds
[2025-01-17T11:26:12.173+0000] {processor.py:186} INFO - Started process (PID=602) to work on /home/airflow/.local/lib/python3.12/site-packages/airflow/example_dags/example_latest_only_with_trigger.py
[2025-01-17T11:26:12.175+0000] {processor.py:914} INFO - Processing file /home/airflow/.local/lib/python3.12/site-packages/airflow/example_dags/example_latest_only_with_trigger.py for tasks to queue
[2025-01-17T11:26:12.178+0000] {logging_mixin.py:190} INFO - [2025-01-17T11:26:12.177+0000] {dagbag.py:588} INFO - Filling up the DagBag from /home/airflow/.local/lib/python3.12/site-packages/airflow/example_dags/example_latest_only_with_trigger.py
[2025-01-17T11:26:12.188+0000] {processor.py:925} INFO - DAG(s) 'latest_only_with_trigger' retrieved from /home/airflow/.local/lib/python3.12/site-packages/airflow/example_dags/example_latest_only_with_trigger.py
[2025-01-17T11:26:12.212+0000] {logging_mixin.py:190} INFO - [2025-01-17T11:26:12.211+0000] {dag.py:3239} INFO - Sync 1 DAGs
[2025-01-17T11:26:12.237+0000] {logging_mixin.py:190} INFO - [2025-01-17T11:26:12.237+0000] {dag.py:4180} INFO - Setting next_dagrun for latest_only_with_trigger to 2025-01-17 04:00:00+00:00, run_after=2025-01-17 08:00:00+00:00
[2025-01-17T11:26:12.260+0000] {processor.py:208} INFO - Processing /home/airflow/.local/lib/python3.12/site-packages/airflow/example_dags/example_latest_only_with_trigger.py took 0.094 seconds
[2025-01-17T11:26:43.498+0000] {processor.py:186} INFO - Started process (PID=666) to work on /home/airflow/.local/lib/python3.12/site-packages/airflow/example_dags/example_latest_only_with_trigger.py
[2025-01-17T11:26:43.499+0000] {processor.py:914} INFO - Processing file /home/airflow/.local/lib/python3.12/site-packages/airflow/example_dags/example_latest_only_with_trigger.py for tasks to queue
[2025-01-17T11:26:43.502+0000] {logging_mixin.py:190} INFO - [2025-01-17T11:26:43.502+0000] {dagbag.py:588} INFO - Filling up the DagBag from /home/airflow/.local/lib/python3.12/site-packages/airflow/example_dags/example_latest_only_with_trigger.py
[2025-01-17T11:26:43.510+0000] {processor.py:925} INFO - DAG(s) 'latest_only_with_trigger' retrieved from /home/airflow/.local/lib/python3.12/site-packages/airflow/example_dags/example_latest_only_with_trigger.py
[2025-01-17T11:26:43.532+0000] {logging_mixin.py:190} INFO - [2025-01-17T11:26:43.532+0000] {dag.py:3239} INFO - Sync 1 DAGs
[2025-01-17T11:26:43.556+0000] {logging_mixin.py:190} INFO - [2025-01-17T11:26:43.556+0000] {dag.py:4180} INFO - Setting next_dagrun for latest_only_with_trigger to 2025-01-17 04:00:00+00:00, run_after=2025-01-17 08:00:00+00:00
[2025-01-17T11:26:43.581+0000] {processor.py:208} INFO - Processing /home/airflow/.local/lib/python3.12/site-packages/airflow/example_dags/example_latest_only_with_trigger.py took 0.088 seconds
[2025-01-17T11:27:15.049+0000] {processor.py:186} INFO - Started process (PID=730) to work on /home/airflow/.local/lib/python3.12/site-packages/airflow/example_dags/example_latest_only_with_trigger.py
[2025-01-17T11:27:15.051+0000] {processor.py:914} INFO - Processing file /home/airflow/.local/lib/python3.12/site-packages/airflow/example_dags/example_latest_only_with_trigger.py for tasks to queue
[2025-01-17T11:27:15.054+0000] {logging_mixin.py:190} INFO - [2025-01-17T11:27:15.053+0000] {dagbag.py:588} INFO - Filling up the DagBag from /home/airflow/.local/lib/python3.12/site-packages/airflow/example_dags/example_latest_only_with_trigger.py
[2025-01-17T11:27:15.062+0000] {processor.py:925} INFO - DAG(s) 'latest_only_with_trigger' retrieved from /home/airflow/.local/lib/python3.12/site-packages/airflow/example_dags/example_latest_only_with_trigger.py
[2025-01-17T11:27:15.086+0000] {logging_mixin.py:190} INFO - [2025-01-17T11:27:15.086+0000] {dag.py:3239} INFO - Sync 1 DAGs
[2025-01-17T11:27:15.112+0000] {logging_mixin.py:190} INFO - [2025-01-17T11:27:15.112+0000] {dag.py:4180} INFO - Setting next_dagrun for latest_only_with_trigger to 2025-01-17 04:00:00+00:00, run_after=2025-01-17 08:00:00+00:00
[2025-01-17T11:27:15.136+0000] {processor.py:208} INFO - Processing /home/airflow/.local/lib/python3.12/site-packages/airflow/example_dags/example_latest_only_with_trigger.py took 0.092 seconds
[2025-01-17T11:27:46.589+0000] {processor.py:186} INFO - Started process (PID=794) to work on /home/airflow/.local/lib/python3.12/site-packages/airflow/example_dags/example_latest_only_with_trigger.py
[2025-01-17T11:27:46.590+0000] {processor.py:914} INFO - Processing file /home/airflow/.local/lib/python3.12/site-packages/airflow/example_dags/example_latest_only_with_trigger.py for tasks to queue
[2025-01-17T11:27:46.593+0000] {logging_mixin.py:190} INFO - [2025-01-17T11:27:46.593+0000] {dagbag.py:588} INFO - Filling up the DagBag from /home/airflow/.local/lib/python3.12/site-packages/airflow/example_dags/example_latest_only_with_trigger.py
[2025-01-17T11:27:46.601+0000] {processor.py:925} INFO - DAG(s) 'latest_only_with_trigger' retrieved from /home/airflow/.local/lib/python3.12/site-packages/airflow/example_dags/example_latest_only_with_trigger.py
[2025-01-17T11:27:46.624+0000] {logging_mixin.py:190} INFO - [2025-01-17T11:27:46.624+0000] {dag.py:3239} INFO - Sync 1 DAGs
[2025-01-17T11:27:46.653+0000] {logging_mixin.py:190} INFO - [2025-01-17T11:27:46.652+0000] {dag.py:4180} INFO - Setting next_dagrun for latest_only_with_trigger to 2025-01-17 04:00:00+00:00, run_after=2025-01-17 08:00:00+00:00
[2025-01-17T11:27:46.681+0000] {processor.py:208} INFO - Processing /home/airflow/.local/lib/python3.12/site-packages/airflow/example_dags/example_latest_only_with_trigger.py took 0.098 seconds
[2025-01-17T11:28:17.227+0000] {processor.py:186} INFO - Started process (PID=858) to work on /home/airflow/.local/lib/python3.12/site-packages/airflow/example_dags/example_latest_only_with_trigger.py
[2025-01-17T11:28:17.228+0000] {processor.py:914} INFO - Processing file /home/airflow/.local/lib/python3.12/site-packages/airflow/example_dags/example_latest_only_with_trigger.py for tasks to queue
[2025-01-17T11:28:17.231+0000] {logging_mixin.py:190} INFO - [2025-01-17T11:28:17.230+0000] {dagbag.py:588} INFO - Filling up the DagBag from /home/airflow/.local/lib/python3.12/site-packages/airflow/example_dags/example_latest_only_with_trigger.py
[2025-01-17T11:28:17.238+0000] {processor.py:925} INFO - DAG(s) 'latest_only_with_trigger' retrieved from /home/airflow/.local/lib/python3.12/site-packages/airflow/example_dags/example_latest_only_with_trigger.py
[2025-01-17T11:28:17.260+0000] {logging_mixin.py:190} INFO - [2025-01-17T11:28:17.259+0000] {dag.py:3239} INFO - Sync 1 DAGs
[2025-01-17T11:28:17.287+0000] {logging_mixin.py:190} INFO - [2025-01-17T11:28:17.286+0000] {dag.py:4180} INFO - Setting next_dagrun for latest_only_with_trigger to 2025-01-17 04:00:00+00:00, run_after=2025-01-17 08:00:00+00:00
[2025-01-17T11:28:17.312+0000] {processor.py:208} INFO - Processing /home/airflow/.local/lib/python3.12/site-packages/airflow/example_dags/example_latest_only_with_trigger.py took 0.091 seconds
[2025-01-17T11:28:48.214+0000] {processor.py:186} INFO - Started process (PID=923) to work on /home/airflow/.local/lib/python3.12/site-packages/airflow/example_dags/example_latest_only_with_trigger.py
[2025-01-17T11:28:48.216+0000] {processor.py:914} INFO - Processing file /home/airflow/.local/lib/python3.12/site-packages/airflow/example_dags/example_latest_only_with_trigger.py for tasks to queue
[2025-01-17T11:28:48.219+0000] {logging_mixin.py:190} INFO - [2025-01-17T11:28:48.219+0000] {dagbag.py:588} INFO - Filling up the DagBag from /home/airflow/.local/lib/python3.12/site-packages/airflow/example_dags/example_latest_only_with_trigger.py
[2025-01-17T11:28:48.229+0000] {processor.py:925} INFO - DAG(s) 'latest_only_with_trigger' retrieved from /home/airflow/.local/lib/python3.12/site-packages/airflow/example_dags/example_latest_only_with_trigger.py
[2025-01-17T11:28:48.256+0000] {logging_mixin.py:190} INFO - [2025-01-17T11:28:48.256+0000] {dag.py:3239} INFO - Sync 1 DAGs
[2025-01-17T11:28:48.286+0000] {logging_mixin.py:190} INFO - [2025-01-17T11:28:48.286+0000] {dag.py:4180} INFO - Setting next_dagrun for latest_only_with_trigger to 2025-01-17 04:00:00+00:00, run_after=2025-01-17 08:00:00+00:00
[2025-01-17T11:28:48.311+0000] {processor.py:208} INFO - Processing /home/airflow/.local/lib/python3.12/site-packages/airflow/example_dags/example_latest_only_with_trigger.py took 0.103 seconds
[2025-01-17T11:29:19.425+0000] {processor.py:186} INFO - Started process (PID=987) to work on /home/airflow/.local/lib/python3.12/site-packages/airflow/example_dags/example_latest_only_with_trigger.py
[2025-01-17T11:29:19.426+0000] {processor.py:914} INFO - Processing file /home/airflow/.local/lib/python3.12/site-packages/airflow/example_dags/example_latest_only_with_trigger.py for tasks to queue
[2025-01-17T11:29:19.429+0000] {logging_mixin.py:190} INFO - [2025-01-17T11:29:19.429+0000] {dagbag.py:588} INFO - Filling up the DagBag from /home/airflow/.local/lib/python3.12/site-packages/airflow/example_dags/example_latest_only_with_trigger.py
[2025-01-17T11:29:19.437+0000] {processor.py:925} INFO - DAG(s) 'latest_only_with_trigger' retrieved from /home/airflow/.local/lib/python3.12/site-packages/airflow/example_dags/example_latest_only_with_trigger.py
[2025-01-17T11:29:19.462+0000] {logging_mixin.py:190} INFO - [2025-01-17T11:29:19.462+0000] {dag.py:3239} INFO - Sync 1 DAGs
[2025-01-17T11:29:19.488+0000] {logging_mixin.py:190} INFO - [2025-01-17T11:29:19.488+0000] {dag.py:4180} INFO - Setting next_dagrun for latest_only_with_trigger to 2025-01-17 04:00:00+00:00, run_after=2025-01-17 08:00:00+00:00
[2025-01-17T11:29:19.516+0000] {processor.py:208} INFO - Processing /home/airflow/.local/lib/python3.12/site-packages/airflow/example_dags/example_latest_only_with_trigger.py took 0.096 seconds
