[2025-01-17T10:32:01.627+0000] {processor.py:186} INFO - Started process (PID=99) to work on /home/airflow/.local/lib/python3.12/site-packages/airflow/example_dags/example_nested_branch_dag.py
[2025-01-17T10:32:01.629+0000] {processor.py:914} INFO - Processing file /home/airflow/.local/lib/python3.12/site-packages/airflow/example_dags/example_nested_branch_dag.py for tasks to queue
[2025-01-17T10:32:01.632+0000] {logging_mixin.py:190} INFO - [2025-01-17T10:32:01.631+0000] {dagbag.py:588} INFO - Filling up the DagBag from /home/airflow/.local/lib/python3.12/site-packages/airflow/example_dags/example_nested_branch_dag.py
[2025-01-17T10:32:01.648+0000] {processor.py:925} INFO - DAG(s) 'example_nested_branch_dag' retrieved from /home/airflow/.local/lib/python3.12/site-packages/airflow/example_dags/example_nested_branch_dag.py
[2025-01-17T10:32:01.681+0000] {logging_mixin.py:190} INFO - [2025-01-17T10:32:01.680+0000] {dag.py:3239} INFO - Sync 1 DAGs
[2025-01-17T10:32:01.710+0000] {logging_mixin.py:190} INFO - [2025-01-17T10:32:01.709+0000] {dag.py:4180} INFO - Setting next_dagrun for example_nested_branch_dag to 2025-01-16 00:00:00+00:00, run_after=2025-01-17 00:00:00+00:00
[2025-01-17T10:32:01.740+0000] {processor.py:208} INFO - Processing /home/airflow/.local/lib/python3.12/site-packages/airflow/example_dags/example_nested_branch_dag.py took 0.119 seconds
[2025-01-17T10:32:33.604+0000] {processor.py:186} INFO - Started process (PID=163) to work on /home/airflow/.local/lib/python3.12/site-packages/airflow/example_dags/example_nested_branch_dag.py
[2025-01-17T10:32:33.605+0000] {processor.py:914} INFO - Processing file /home/airflow/.local/lib/python3.12/site-packages/airflow/example_dags/example_nested_branch_dag.py for tasks to queue
[2025-01-17T10:32:33.609+0000] {logging_mixin.py:190} INFO - [2025-01-17T10:32:33.608+0000] {dagbag.py:588} INFO - Filling up the DagBag from /home/airflow/.local/lib/python3.12/site-packages/airflow/example_dags/example_nested_branch_dag.py
[2025-01-17T10:32:33.625+0000] {processor.py:925} INFO - DAG(s) 'example_nested_branch_dag' retrieved from /home/airflow/.local/lib/python3.12/site-packages/airflow/example_dags/example_nested_branch_dag.py
[2025-01-17T10:32:33.659+0000] {logging_mixin.py:190} INFO - [2025-01-17T10:32:33.659+0000] {dag.py:3239} INFO - Sync 1 DAGs
[2025-01-17T10:32:33.698+0000] {logging_mixin.py:190} INFO - [2025-01-17T10:32:33.698+0000] {dag.py:4180} INFO - Setting next_dagrun for example_nested_branch_dag to 2025-01-16 00:00:00+00:00, run_after=2025-01-17 00:00:00+00:00
[2025-01-17T10:32:33.730+0000] {processor.py:208} INFO - Processing /home/airflow/.local/lib/python3.12/site-packages/airflow/example_dags/example_nested_branch_dag.py took 0.134 seconds
[2025-01-17T10:33:04.658+0000] {processor.py:186} INFO - Started process (PID=227) to work on /home/airflow/.local/lib/python3.12/site-packages/airflow/example_dags/example_nested_branch_dag.py
[2025-01-17T10:33:04.659+0000] {processor.py:914} INFO - Processing file /home/airflow/.local/lib/python3.12/site-packages/airflow/example_dags/example_nested_branch_dag.py for tasks to queue
[2025-01-17T10:33:04.663+0000] {logging_mixin.py:190} INFO - [2025-01-17T10:33:04.662+0000] {dagbag.py:588} INFO - Filling up the DagBag from /home/airflow/.local/lib/python3.12/site-packages/airflow/example_dags/example_nested_branch_dag.py
[2025-01-17T10:33:04.679+0000] {processor.py:925} INFO - DAG(s) 'example_nested_branch_dag' retrieved from /home/airflow/.local/lib/python3.12/site-packages/airflow/example_dags/example_nested_branch_dag.py
[2025-01-17T10:33:04.713+0000] {logging_mixin.py:190} INFO - [2025-01-17T10:33:04.713+0000] {dag.py:3239} INFO - Sync 1 DAGs
[2025-01-17T10:33:04.756+0000] {logging_mixin.py:190} INFO - [2025-01-17T10:33:04.755+0000] {dag.py:4180} INFO - Setting next_dagrun for example_nested_branch_dag to 2025-01-16 00:00:00+00:00, run_after=2025-01-17 00:00:00+00:00
[2025-01-17T10:33:04.793+0000] {processor.py:208} INFO - Processing /home/airflow/.local/lib/python3.12/site-packages/airflow/example_dags/example_nested_branch_dag.py took 0.143 seconds
[2025-01-17T10:33:36.486+0000] {processor.py:186} INFO - Started process (PID=291) to work on /home/airflow/.local/lib/python3.12/site-packages/airflow/example_dags/example_nested_branch_dag.py
[2025-01-17T10:33:36.488+0000] {processor.py:914} INFO - Processing file /home/airflow/.local/lib/python3.12/site-packages/airflow/example_dags/example_nested_branch_dag.py for tasks to queue
[2025-01-17T10:33:36.491+0000] {logging_mixin.py:190} INFO - [2025-01-17T10:33:36.491+0000] {dagbag.py:588} INFO - Filling up the DagBag from /home/airflow/.local/lib/python3.12/site-packages/airflow/example_dags/example_nested_branch_dag.py
[2025-01-17T10:33:36.512+0000] {processor.py:925} INFO - DAG(s) 'example_nested_branch_dag' retrieved from /home/airflow/.local/lib/python3.12/site-packages/airflow/example_dags/example_nested_branch_dag.py
[2025-01-17T10:33:36.559+0000] {logging_mixin.py:190} INFO - [2025-01-17T10:33:36.558+0000] {dag.py:3239} INFO - Sync 1 DAGs
[2025-01-17T10:33:36.600+0000] {logging_mixin.py:190} INFO - [2025-01-17T10:33:36.600+0000] {dag.py:4180} INFO - Setting next_dagrun for example_nested_branch_dag to 2025-01-16 00:00:00+00:00, run_after=2025-01-17 00:00:00+00:00
[2025-01-17T10:33:36.647+0000] {processor.py:208} INFO - Processing /home/airflow/.local/lib/python3.12/site-packages/airflow/example_dags/example_nested_branch_dag.py took 0.173 seconds
[2025-01-17T10:34:08.008+0000] {processor.py:186} INFO - Started process (PID=355) to work on /home/airflow/.local/lib/python3.12/site-packages/airflow/example_dags/example_nested_branch_dag.py
[2025-01-17T10:34:08.010+0000] {processor.py:914} INFO - Processing file /home/airflow/.local/lib/python3.12/site-packages/airflow/example_dags/example_nested_branch_dag.py for tasks to queue
[2025-01-17T10:34:08.014+0000] {logging_mixin.py:190} INFO - [2025-01-17T10:34:08.013+0000] {dagbag.py:588} INFO - Filling up the DagBag from /home/airflow/.local/lib/python3.12/site-packages/airflow/example_dags/example_nested_branch_dag.py
[2025-01-17T10:34:08.030+0000] {processor.py:925} INFO - DAG(s) 'example_nested_branch_dag' retrieved from /home/airflow/.local/lib/python3.12/site-packages/airflow/example_dags/example_nested_branch_dag.py
[2025-01-17T10:34:08.067+0000] {logging_mixin.py:190} INFO - [2025-01-17T10:34:08.066+0000] {dag.py:3239} INFO - Sync 1 DAGs
[2025-01-17T10:34:08.108+0000] {logging_mixin.py:190} INFO - [2025-01-17T10:34:08.107+0000] {dag.py:4180} INFO - Setting next_dagrun for example_nested_branch_dag to 2025-01-16 00:00:00+00:00, run_after=2025-01-17 00:00:00+00:00
[2025-01-17T10:34:08.155+0000] {processor.py:208} INFO - Processing /home/airflow/.local/lib/python3.12/site-packages/airflow/example_dags/example_nested_branch_dag.py took 0.155 seconds
[2025-01-17T10:34:39.714+0000] {processor.py:186} INFO - Started process (PID=418) to work on /home/airflow/.local/lib/python3.12/site-packages/airflow/example_dags/example_nested_branch_dag.py
[2025-01-17T10:34:39.717+0000] {processor.py:914} INFO - Processing file /home/airflow/.local/lib/python3.12/site-packages/airflow/example_dags/example_nested_branch_dag.py for tasks to queue
[2025-01-17T10:34:39.720+0000] {logging_mixin.py:190} INFO - [2025-01-17T10:34:39.719+0000] {dagbag.py:588} INFO - Filling up the DagBag from /home/airflow/.local/lib/python3.12/site-packages/airflow/example_dags/example_nested_branch_dag.py
[2025-01-17T10:34:39.739+0000] {processor.py:925} INFO - DAG(s) 'example_nested_branch_dag' retrieved from /home/airflow/.local/lib/python3.12/site-packages/airflow/example_dags/example_nested_branch_dag.py
[2025-01-17T10:34:39.773+0000] {logging_mixin.py:190} INFO - [2025-01-17T10:34:39.773+0000] {dag.py:3239} INFO - Sync 1 DAGs
[2025-01-17T10:34:39.811+0000] {logging_mixin.py:190} INFO - [2025-01-17T10:34:39.810+0000] {dag.py:4180} INFO - Setting next_dagrun for example_nested_branch_dag to 2025-01-16 00:00:00+00:00, run_after=2025-01-17 00:00:00+00:00
[2025-01-17T10:34:39.844+0000] {processor.py:208} INFO - Processing /home/airflow/.local/lib/python3.12/site-packages/airflow/example_dags/example_nested_branch_dag.py took 0.140 seconds
[2025-01-17T10:35:11.817+0000] {processor.py:186} INFO - Started process (PID=481) to work on /home/airflow/.local/lib/python3.12/site-packages/airflow/example_dags/example_nested_branch_dag.py
[2025-01-17T10:35:11.819+0000] {processor.py:914} INFO - Processing file /home/airflow/.local/lib/python3.12/site-packages/airflow/example_dags/example_nested_branch_dag.py for tasks to queue
[2025-01-17T10:35:11.821+0000] {logging_mixin.py:190} INFO - [2025-01-17T10:35:11.821+0000] {dagbag.py:588} INFO - Filling up the DagBag from /home/airflow/.local/lib/python3.12/site-packages/airflow/example_dags/example_nested_branch_dag.py
[2025-01-17T10:35:11.836+0000] {processor.py:925} INFO - DAG(s) 'example_nested_branch_dag' retrieved from /home/airflow/.local/lib/python3.12/site-packages/airflow/example_dags/example_nested_branch_dag.py
[2025-01-17T10:35:11.868+0000] {logging_mixin.py:190} INFO - [2025-01-17T10:35:11.868+0000] {dag.py:3239} INFO - Sync 1 DAGs
[2025-01-17T10:35:11.904+0000] {logging_mixin.py:190} INFO - [2025-01-17T10:35:11.904+0000] {dag.py:4180} INFO - Setting next_dagrun for example_nested_branch_dag to 2025-01-16 00:00:00+00:00, run_after=2025-01-17 00:00:00+00:00
[2025-01-17T10:35:11.937+0000] {processor.py:208} INFO - Processing /home/airflow/.local/lib/python3.12/site-packages/airflow/example_dags/example_nested_branch_dag.py took 0.128 seconds
[2025-01-17T10:35:43.193+0000] {processor.py:186} INFO - Started process (PID=544) to work on /home/airflow/.local/lib/python3.12/site-packages/airflow/example_dags/example_nested_branch_dag.py
[2025-01-17T10:35:43.195+0000] {processor.py:914} INFO - Processing file /home/airflow/.local/lib/python3.12/site-packages/airflow/example_dags/example_nested_branch_dag.py for tasks to queue
[2025-01-17T10:35:43.197+0000] {logging_mixin.py:190} INFO - [2025-01-17T10:35:43.197+0000] {dagbag.py:588} INFO - Filling up the DagBag from /home/airflow/.local/lib/python3.12/site-packages/airflow/example_dags/example_nested_branch_dag.py
[2025-01-17T10:35:43.214+0000] {processor.py:925} INFO - DAG(s) 'example_nested_branch_dag' retrieved from /home/airflow/.local/lib/python3.12/site-packages/airflow/example_dags/example_nested_branch_dag.py
[2025-01-17T10:35:43.248+0000] {logging_mixin.py:190} INFO - [2025-01-17T10:35:43.248+0000] {dag.py:3239} INFO - Sync 1 DAGs
[2025-01-17T10:35:43.286+0000] {logging_mixin.py:190} INFO - [2025-01-17T10:35:43.286+0000] {dag.py:4180} INFO - Setting next_dagrun for example_nested_branch_dag to 2025-01-16 00:00:00+00:00, run_after=2025-01-17 00:00:00+00:00
[2025-01-17T10:35:43.319+0000] {processor.py:208} INFO - Processing /home/airflow/.local/lib/python3.12/site-packages/airflow/example_dags/example_nested_branch_dag.py took 0.135 seconds
[2025-01-17T10:36:15.001+0000] {processor.py:186} INFO - Started process (PID=607) to work on /home/airflow/.local/lib/python3.12/site-packages/airflow/example_dags/example_nested_branch_dag.py
[2025-01-17T10:36:15.003+0000] {processor.py:914} INFO - Processing file /home/airflow/.local/lib/python3.12/site-packages/airflow/example_dags/example_nested_branch_dag.py for tasks to queue
[2025-01-17T10:36:15.005+0000] {logging_mixin.py:190} INFO - [2025-01-17T10:36:15.005+0000] {dagbag.py:588} INFO - Filling up the DagBag from /home/airflow/.local/lib/python3.12/site-packages/airflow/example_dags/example_nested_branch_dag.py
[2025-01-17T10:36:15.023+0000] {processor.py:925} INFO - DAG(s) 'example_nested_branch_dag' retrieved from /home/airflow/.local/lib/python3.12/site-packages/airflow/example_dags/example_nested_branch_dag.py
[2025-01-17T10:36:15.057+0000] {logging_mixin.py:190} INFO - [2025-01-17T10:36:15.057+0000] {dag.py:3239} INFO - Sync 1 DAGs
[2025-01-17T10:36:15.096+0000] {logging_mixin.py:190} INFO - [2025-01-17T10:36:15.095+0000] {dag.py:4180} INFO - Setting next_dagrun for example_nested_branch_dag to 2025-01-16 00:00:00+00:00, run_after=2025-01-17 00:00:00+00:00
[2025-01-17T10:36:15.129+0000] {processor.py:208} INFO - Processing /home/airflow/.local/lib/python3.12/site-packages/airflow/example_dags/example_nested_branch_dag.py took 0.136 seconds
[2025-01-17T10:37:31.588+0000] {processor.py:186} INFO - Started process (PID=92) to work on /home/airflow/.local/lib/python3.12/site-packages/airflow/example_dags/example_nested_branch_dag.py
[2025-01-17T10:37:31.589+0000] {processor.py:914} INFO - Processing file /home/airflow/.local/lib/python3.12/site-packages/airflow/example_dags/example_nested_branch_dag.py for tasks to queue
[2025-01-17T10:37:31.593+0000] {logging_mixin.py:190} INFO - [2025-01-17T10:37:31.592+0000] {dagbag.py:588} INFO - Filling up the DagBag from /home/airflow/.local/lib/python3.12/site-packages/airflow/example_dags/example_nested_branch_dag.py
[2025-01-17T10:37:31.606+0000] {processor.py:925} INFO - DAG(s) 'example_nested_branch_dag' retrieved from /home/airflow/.local/lib/python3.12/site-packages/airflow/example_dags/example_nested_branch_dag.py
[2025-01-17T10:37:31.640+0000] {logging_mixin.py:190} INFO - [2025-01-17T10:37:31.639+0000] {dag.py:3239} INFO - Sync 1 DAGs
[2025-01-17T10:37:31.668+0000] {logging_mixin.py:190} INFO - [2025-01-17T10:37:31.668+0000] {dag.py:4180} INFO - Setting next_dagrun for example_nested_branch_dag to 2025-01-16 00:00:00+00:00, run_after=2025-01-17 00:00:00+00:00
[2025-01-17T10:37:31.693+0000] {processor.py:208} INFO - Processing /home/airflow/.local/lib/python3.12/site-packages/airflow/example_dags/example_nested_branch_dag.py took 0.112 seconds
[2025-01-17T10:38:03.405+0000] {processor.py:186} INFO - Started process (PID=156) to work on /home/airflow/.local/lib/python3.12/site-packages/airflow/example_dags/example_nested_branch_dag.py
[2025-01-17T10:38:03.408+0000] {processor.py:914} INFO - Processing file /home/airflow/.local/lib/python3.12/site-packages/airflow/example_dags/example_nested_branch_dag.py for tasks to queue
[2025-01-17T10:38:03.414+0000] {logging_mixin.py:190} INFO - [2025-01-17T10:38:03.413+0000] {dagbag.py:588} INFO - Filling up the DagBag from /home/airflow/.local/lib/python3.12/site-packages/airflow/example_dags/example_nested_branch_dag.py
[2025-01-17T10:38:03.454+0000] {processor.py:925} INFO - DAG(s) 'example_nested_branch_dag' retrieved from /home/airflow/.local/lib/python3.12/site-packages/airflow/example_dags/example_nested_branch_dag.py
[2025-01-17T10:38:03.500+0000] {logging_mixin.py:190} INFO - [2025-01-17T10:38:03.500+0000] {dag.py:3239} INFO - Sync 1 DAGs
[2025-01-17T10:38:03.573+0000] {logging_mixin.py:190} INFO - [2025-01-17T10:38:03.572+0000] {dag.py:4180} INFO - Setting next_dagrun for example_nested_branch_dag to 2025-01-16 00:00:00+00:00, run_after=2025-01-17 00:00:00+00:00
[2025-01-17T10:38:03.624+0000] {processor.py:208} INFO - Processing /home/airflow/.local/lib/python3.12/site-packages/airflow/example_dags/example_nested_branch_dag.py took 0.234 seconds
[2025-01-17T10:52:14.959+0000] {processor.py:186} INFO - Started process (PID=93) to work on /home/airflow/.local/lib/python3.12/site-packages/airflow/example_dags/example_nested_branch_dag.py
[2025-01-17T10:52:14.961+0000] {processor.py:914} INFO - Processing file /home/airflow/.local/lib/python3.12/site-packages/airflow/example_dags/example_nested_branch_dag.py for tasks to queue
[2025-01-17T10:52:14.965+0000] {logging_mixin.py:190} INFO - [2025-01-17T10:52:14.964+0000] {dagbag.py:588} INFO - Filling up the DagBag from /home/airflow/.local/lib/python3.12/site-packages/airflow/example_dags/example_nested_branch_dag.py
[2025-01-17T10:52:14.993+0000] {processor.py:925} INFO - DAG(s) 'example_nested_branch_dag' retrieved from /home/airflow/.local/lib/python3.12/site-packages/airflow/example_dags/example_nested_branch_dag.py
[2025-01-17T10:52:15.049+0000] {logging_mixin.py:190} INFO - [2025-01-17T10:52:15.049+0000] {dag.py:3239} INFO - Sync 1 DAGs
[2025-01-17T10:52:15.080+0000] {logging_mixin.py:190} INFO - [2025-01-17T10:52:15.080+0000] {dag.py:4180} INFO - Setting next_dagrun for example_nested_branch_dag to 2025-01-16 00:00:00+00:00, run_after=2025-01-17 00:00:00+00:00
[2025-01-17T10:52:15.104+0000] {processor.py:208} INFO - Processing /home/airflow/.local/lib/python3.12/site-packages/airflow/example_dags/example_nested_branch_dag.py took 0.153 seconds
[2025-01-17T10:52:46.411+0000] {processor.py:186} INFO - Started process (PID=163) to work on /home/airflow/.local/lib/python3.12/site-packages/airflow/example_dags/example_nested_branch_dag.py
[2025-01-17T10:52:46.412+0000] {processor.py:914} INFO - Processing file /home/airflow/.local/lib/python3.12/site-packages/airflow/example_dags/example_nested_branch_dag.py for tasks to queue
[2025-01-17T10:52:46.415+0000] {logging_mixin.py:190} INFO - [2025-01-17T10:52:46.415+0000] {dagbag.py:588} INFO - Filling up the DagBag from /home/airflow/.local/lib/python3.12/site-packages/airflow/example_dags/example_nested_branch_dag.py
[2025-01-17T10:52:46.427+0000] {processor.py:925} INFO - DAG(s) 'example_nested_branch_dag' retrieved from /home/airflow/.local/lib/python3.12/site-packages/airflow/example_dags/example_nested_branch_dag.py
[2025-01-17T10:52:46.451+0000] {logging_mixin.py:190} INFO - [2025-01-17T10:52:46.451+0000] {dag.py:3239} INFO - Sync 1 DAGs
[2025-01-17T10:52:46.476+0000] {logging_mixin.py:190} INFO - [2025-01-17T10:52:46.476+0000] {dag.py:4180} INFO - Setting next_dagrun for example_nested_branch_dag to 2025-01-16 00:00:00+00:00, run_after=2025-01-17 00:00:00+00:00
[2025-01-17T10:52:46.498+0000] {processor.py:208} INFO - Processing /home/airflow/.local/lib/python3.12/site-packages/airflow/example_dags/example_nested_branch_dag.py took 0.092 seconds
[2025-01-17T10:53:17.499+0000] {processor.py:186} INFO - Started process (PID=227) to work on /home/airflow/.local/lib/python3.12/site-packages/airflow/example_dags/example_nested_branch_dag.py
[2025-01-17T10:53:17.500+0000] {processor.py:914} INFO - Processing file /home/airflow/.local/lib/python3.12/site-packages/airflow/example_dags/example_nested_branch_dag.py for tasks to queue
[2025-01-17T10:53:17.504+0000] {logging_mixin.py:190} INFO - [2025-01-17T10:53:17.503+0000] {dagbag.py:588} INFO - Filling up the DagBag from /home/airflow/.local/lib/python3.12/site-packages/airflow/example_dags/example_nested_branch_dag.py
[2025-01-17T10:53:17.515+0000] {processor.py:925} INFO - DAG(s) 'example_nested_branch_dag' retrieved from /home/airflow/.local/lib/python3.12/site-packages/airflow/example_dags/example_nested_branch_dag.py
[2025-01-17T10:53:17.540+0000] {logging_mixin.py:190} INFO - [2025-01-17T10:53:17.540+0000] {dag.py:3239} INFO - Sync 1 DAGs
[2025-01-17T10:53:17.565+0000] {logging_mixin.py:190} INFO - [2025-01-17T10:53:17.565+0000] {dag.py:4180} INFO - Setting next_dagrun for example_nested_branch_dag to 2025-01-16 00:00:00+00:00, run_after=2025-01-17 00:00:00+00:00
[2025-01-17T10:53:17.589+0000] {processor.py:208} INFO - Processing /home/airflow/.local/lib/python3.12/site-packages/airflow/example_dags/example_nested_branch_dag.py took 0.095 seconds
[2025-01-17T10:53:48.996+0000] {processor.py:186} INFO - Started process (PID=292) to work on /home/airflow/.local/lib/python3.12/site-packages/airflow/example_dags/example_nested_branch_dag.py
[2025-01-17T10:53:48.998+0000] {processor.py:914} INFO - Processing file /home/airflow/.local/lib/python3.12/site-packages/airflow/example_dags/example_nested_branch_dag.py for tasks to queue
[2025-01-17T10:53:49.001+0000] {logging_mixin.py:190} INFO - [2025-01-17T10:53:49.001+0000] {dagbag.py:588} INFO - Filling up the DagBag from /home/airflow/.local/lib/python3.12/site-packages/airflow/example_dags/example_nested_branch_dag.py
[2025-01-17T10:53:49.013+0000] {processor.py:925} INFO - DAG(s) 'example_nested_branch_dag' retrieved from /home/airflow/.local/lib/python3.12/site-packages/airflow/example_dags/example_nested_branch_dag.py
[2025-01-17T10:53:49.037+0000] {logging_mixin.py:190} INFO - [2025-01-17T10:53:49.037+0000] {dag.py:3239} INFO - Sync 1 DAGs
[2025-01-17T10:53:49.061+0000] {logging_mixin.py:190} INFO - [2025-01-17T10:53:49.061+0000] {dag.py:4180} INFO - Setting next_dagrun for example_nested_branch_dag to 2025-01-16 00:00:00+00:00, run_after=2025-01-17 00:00:00+00:00
[2025-01-17T10:53:49.085+0000] {processor.py:208} INFO - Processing /home/airflow/.local/lib/python3.12/site-packages/airflow/example_dags/example_nested_branch_dag.py took 0.094 seconds
[2025-01-17T10:54:20.251+0000] {processor.py:186} INFO - Started process (PID=356) to work on /home/airflow/.local/lib/python3.12/site-packages/airflow/example_dags/example_nested_branch_dag.py
[2025-01-17T10:54:20.252+0000] {processor.py:914} INFO - Processing file /home/airflow/.local/lib/python3.12/site-packages/airflow/example_dags/example_nested_branch_dag.py for tasks to queue
[2025-01-17T10:54:20.255+0000] {logging_mixin.py:190} INFO - [2025-01-17T10:54:20.255+0000] {dagbag.py:588} INFO - Filling up the DagBag from /home/airflow/.local/lib/python3.12/site-packages/airflow/example_dags/example_nested_branch_dag.py
[2025-01-17T10:54:20.267+0000] {processor.py:925} INFO - DAG(s) 'example_nested_branch_dag' retrieved from /home/airflow/.local/lib/python3.12/site-packages/airflow/example_dags/example_nested_branch_dag.py
[2025-01-17T10:54:20.292+0000] {logging_mixin.py:190} INFO - [2025-01-17T10:54:20.292+0000] {dag.py:3239} INFO - Sync 1 DAGs
[2025-01-17T10:54:20.317+0000] {logging_mixin.py:190} INFO - [2025-01-17T10:54:20.317+0000] {dag.py:4180} INFO - Setting next_dagrun for example_nested_branch_dag to 2025-01-16 00:00:00+00:00, run_after=2025-01-17 00:00:00+00:00
[2025-01-17T10:54:20.341+0000] {processor.py:208} INFO - Processing /home/airflow/.local/lib/python3.12/site-packages/airflow/example_dags/example_nested_branch_dag.py took 0.095 seconds
[2025-01-17T10:54:51.538+0000] {processor.py:186} INFO - Started process (PID=420) to work on /home/airflow/.local/lib/python3.12/site-packages/airflow/example_dags/example_nested_branch_dag.py
[2025-01-17T10:54:51.539+0000] {processor.py:914} INFO - Processing file /home/airflow/.local/lib/python3.12/site-packages/airflow/example_dags/example_nested_branch_dag.py for tasks to queue
[2025-01-17T10:54:51.542+0000] {logging_mixin.py:190} INFO - [2025-01-17T10:54:51.542+0000] {dagbag.py:588} INFO - Filling up the DagBag from /home/airflow/.local/lib/python3.12/site-packages/airflow/example_dags/example_nested_branch_dag.py
[2025-01-17T10:54:51.554+0000] {processor.py:925} INFO - DAG(s) 'example_nested_branch_dag' retrieved from /home/airflow/.local/lib/python3.12/site-packages/airflow/example_dags/example_nested_branch_dag.py
[2025-01-17T10:54:51.578+0000] {logging_mixin.py:190} INFO - [2025-01-17T10:54:51.578+0000] {dag.py:3239} INFO - Sync 1 DAGs
[2025-01-17T10:54:51.603+0000] {logging_mixin.py:190} INFO - [2025-01-17T10:54:51.602+0000] {dag.py:4180} INFO - Setting next_dagrun for example_nested_branch_dag to 2025-01-16 00:00:00+00:00, run_after=2025-01-17 00:00:00+00:00
[2025-01-17T10:54:51.624+0000] {processor.py:208} INFO - Processing /home/airflow/.local/lib/python3.12/site-packages/airflow/example_dags/example_nested_branch_dag.py took 0.091 seconds
[2025-01-17T10:55:23.045+0000] {processor.py:186} INFO - Started process (PID=484) to work on /home/airflow/.local/lib/python3.12/site-packages/airflow/example_dags/example_nested_branch_dag.py
[2025-01-17T10:55:23.046+0000] {processor.py:914} INFO - Processing file /home/airflow/.local/lib/python3.12/site-packages/airflow/example_dags/example_nested_branch_dag.py for tasks to queue
[2025-01-17T10:55:23.049+0000] {logging_mixin.py:190} INFO - [2025-01-17T10:55:23.049+0000] {dagbag.py:588} INFO - Filling up the DagBag from /home/airflow/.local/lib/python3.12/site-packages/airflow/example_dags/example_nested_branch_dag.py
[2025-01-17T10:55:23.061+0000] {processor.py:925} INFO - DAG(s) 'example_nested_branch_dag' retrieved from /home/airflow/.local/lib/python3.12/site-packages/airflow/example_dags/example_nested_branch_dag.py
[2025-01-17T10:55:23.084+0000] {logging_mixin.py:190} INFO - [2025-01-17T10:55:23.083+0000] {dag.py:3239} INFO - Sync 1 DAGs
[2025-01-17T10:55:23.108+0000] {logging_mixin.py:190} INFO - [2025-01-17T10:55:23.108+0000] {dag.py:4180} INFO - Setting next_dagrun for example_nested_branch_dag to 2025-01-16 00:00:00+00:00, run_after=2025-01-17 00:00:00+00:00
[2025-01-17T10:55:23.131+0000] {processor.py:208} INFO - Processing /home/airflow/.local/lib/python3.12/site-packages/airflow/example_dags/example_nested_branch_dag.py took 0.091 seconds
[2025-01-17T10:55:54.451+0000] {processor.py:186} INFO - Started process (PID=549) to work on /home/airflow/.local/lib/python3.12/site-packages/airflow/example_dags/example_nested_branch_dag.py
[2025-01-17T10:55:54.452+0000] {processor.py:914} INFO - Processing file /home/airflow/.local/lib/python3.12/site-packages/airflow/example_dags/example_nested_branch_dag.py for tasks to queue
[2025-01-17T10:55:54.455+0000] {logging_mixin.py:190} INFO - [2025-01-17T10:55:54.455+0000] {dagbag.py:588} INFO - Filling up the DagBag from /home/airflow/.local/lib/python3.12/site-packages/airflow/example_dags/example_nested_branch_dag.py
[2025-01-17T10:55:54.466+0000] {processor.py:925} INFO - DAG(s) 'example_nested_branch_dag' retrieved from /home/airflow/.local/lib/python3.12/site-packages/airflow/example_dags/example_nested_branch_dag.py
[2025-01-17T10:55:54.426+0000] {logging_mixin.py:190} INFO - [2025-01-17T10:55:54.425+0000] {dag.py:3239} INFO - Sync 1 DAGs
[2025-01-17T10:55:54.451+0000] {logging_mixin.py:190} INFO - [2025-01-17T10:55:54.451+0000] {dag.py:4180} INFO - Setting next_dagrun for example_nested_branch_dag to 2025-01-16 00:00:00+00:00, run_after=2025-01-17 00:00:00+00:00
[2025-01-17T10:55:54.473+0000] {processor.py:208} INFO - Processing /home/airflow/.local/lib/python3.12/site-packages/airflow/example_dags/example_nested_branch_dag.py took 0.094 seconds
[2025-01-17T10:56:25.666+0000] {processor.py:186} INFO - Started process (PID=613) to work on /home/airflow/.local/lib/python3.12/site-packages/airflow/example_dags/example_nested_branch_dag.py
[2025-01-17T10:56:25.668+0000] {processor.py:914} INFO - Processing file /home/airflow/.local/lib/python3.12/site-packages/airflow/example_dags/example_nested_branch_dag.py for tasks to queue
[2025-01-17T10:56:25.671+0000] {logging_mixin.py:190} INFO - [2025-01-17T10:56:25.671+0000] {dagbag.py:588} INFO - Filling up the DagBag from /home/airflow/.local/lib/python3.12/site-packages/airflow/example_dags/example_nested_branch_dag.py
[2025-01-17T10:56:25.682+0000] {processor.py:925} INFO - DAG(s) 'example_nested_branch_dag' retrieved from /home/airflow/.local/lib/python3.12/site-packages/airflow/example_dags/example_nested_branch_dag.py
[2025-01-17T10:56:25.707+0000] {logging_mixin.py:190} INFO - [2025-01-17T10:56:25.707+0000] {dag.py:3239} INFO - Sync 1 DAGs
[2025-01-17T10:56:25.732+0000] {logging_mixin.py:190} INFO - [2025-01-17T10:56:25.732+0000] {dag.py:4180} INFO - Setting next_dagrun for example_nested_branch_dag to 2025-01-16 00:00:00+00:00, run_after=2025-01-17 00:00:00+00:00
[2025-01-17T10:56:25.759+0000] {processor.py:208} INFO - Processing /home/airflow/.local/lib/python3.12/site-packages/airflow/example_dags/example_nested_branch_dag.py took 0.098 seconds
[2025-01-17T10:56:57.295+0000] {processor.py:186} INFO - Started process (PID=678) to work on /home/airflow/.local/lib/python3.12/site-packages/airflow/example_dags/example_nested_branch_dag.py
[2025-01-17T10:56:57.296+0000] {processor.py:914} INFO - Processing file /home/airflow/.local/lib/python3.12/site-packages/airflow/example_dags/example_nested_branch_dag.py for tasks to queue
[2025-01-17T10:56:57.299+0000] {logging_mixin.py:190} INFO - [2025-01-17T10:56:57.299+0000] {dagbag.py:588} INFO - Filling up the DagBag from /home/airflow/.local/lib/python3.12/site-packages/airflow/example_dags/example_nested_branch_dag.py
[2025-01-17T10:56:57.310+0000] {processor.py:925} INFO - DAG(s) 'example_nested_branch_dag' retrieved from /home/airflow/.local/lib/python3.12/site-packages/airflow/example_dags/example_nested_branch_dag.py
[2025-01-17T10:56:57.335+0000] {logging_mixin.py:190} INFO - [2025-01-17T10:56:57.335+0000] {dag.py:3239} INFO - Sync 1 DAGs
[2025-01-17T10:56:57.361+0000] {logging_mixin.py:190} INFO - [2025-01-17T10:56:57.361+0000] {dag.py:4180} INFO - Setting next_dagrun for example_nested_branch_dag to 2025-01-16 00:00:00+00:00, run_after=2025-01-17 00:00:00+00:00
[2025-01-17T10:56:57.385+0000] {processor.py:208} INFO - Processing /home/airflow/.local/lib/python3.12/site-packages/airflow/example_dags/example_nested_branch_dag.py took 0.096 seconds
[2025-01-17T10:57:28.023+0000] {processor.py:186} INFO - Started process (PID=742) to work on /home/airflow/.local/lib/python3.12/site-packages/airflow/example_dags/example_nested_branch_dag.py
[2025-01-17T10:57:28.024+0000] {processor.py:914} INFO - Processing file /home/airflow/.local/lib/python3.12/site-packages/airflow/example_dags/example_nested_branch_dag.py for tasks to queue
[2025-01-17T10:57:28.028+0000] {logging_mixin.py:190} INFO - [2025-01-17T10:57:28.027+0000] {dagbag.py:588} INFO - Filling up the DagBag from /home/airflow/.local/lib/python3.12/site-packages/airflow/example_dags/example_nested_branch_dag.py
[2025-01-17T10:57:28.041+0000] {processor.py:925} INFO - DAG(s) 'example_nested_branch_dag' retrieved from /home/airflow/.local/lib/python3.12/site-packages/airflow/example_dags/example_nested_branch_dag.py
[2025-01-17T10:57:28.070+0000] {logging_mixin.py:190} INFO - [2025-01-17T10:57:28.070+0000] {dag.py:3239} INFO - Sync 1 DAGs
[2025-01-17T10:57:28.100+0000] {logging_mixin.py:190} INFO - [2025-01-17T10:57:28.100+0000] {dag.py:4180} INFO - Setting next_dagrun for example_nested_branch_dag to 2025-01-16 00:00:00+00:00, run_after=2025-01-17 00:00:00+00:00
[2025-01-17T10:57:28.128+0000] {processor.py:208} INFO - Processing /home/airflow/.local/lib/python3.12/site-packages/airflow/example_dags/example_nested_branch_dag.py took 0.111 seconds
[2025-01-17T10:57:59.665+0000] {processor.py:186} INFO - Started process (PID=806) to work on /home/airflow/.local/lib/python3.12/site-packages/airflow/example_dags/example_nested_branch_dag.py
[2025-01-17T10:57:59.666+0000] {processor.py:914} INFO - Processing file /home/airflow/.local/lib/python3.12/site-packages/airflow/example_dags/example_nested_branch_dag.py for tasks to queue
[2025-01-17T10:57:59.669+0000] {logging_mixin.py:190} INFO - [2025-01-17T10:57:59.668+0000] {dagbag.py:588} INFO - Filling up the DagBag from /home/airflow/.local/lib/python3.12/site-packages/airflow/example_dags/example_nested_branch_dag.py
[2025-01-17T10:57:59.680+0000] {processor.py:925} INFO - DAG(s) 'example_nested_branch_dag' retrieved from /home/airflow/.local/lib/python3.12/site-packages/airflow/example_dags/example_nested_branch_dag.py
[2025-01-17T10:57:59.703+0000] {logging_mixin.py:190} INFO - [2025-01-17T10:57:59.702+0000] {dag.py:3239} INFO - Sync 1 DAGs
[2025-01-17T10:57:59.730+0000] {logging_mixin.py:190} INFO - [2025-01-17T10:57:59.730+0000] {dag.py:4180} INFO - Setting next_dagrun for example_nested_branch_dag to 2025-01-16 00:00:00+00:00, run_after=2025-01-17 00:00:00+00:00
[2025-01-17T10:57:59.755+0000] {processor.py:208} INFO - Processing /home/airflow/.local/lib/python3.12/site-packages/airflow/example_dags/example_nested_branch_dag.py took 0.096 seconds
[2025-01-17T10:58:31.681+0000] {processor.py:186} INFO - Started process (PID=870) to work on /home/airflow/.local/lib/python3.12/site-packages/airflow/example_dags/example_nested_branch_dag.py
[2025-01-17T10:58:31.682+0000] {processor.py:914} INFO - Processing file /home/airflow/.local/lib/python3.12/site-packages/airflow/example_dags/example_nested_branch_dag.py for tasks to queue
[2025-01-17T10:58:31.685+0000] {logging_mixin.py:190} INFO - [2025-01-17T10:58:31.685+0000] {dagbag.py:588} INFO - Filling up the DagBag from /home/airflow/.local/lib/python3.12/site-packages/airflow/example_dags/example_nested_branch_dag.py
[2025-01-17T10:58:31.696+0000] {processor.py:925} INFO - DAG(s) 'example_nested_branch_dag' retrieved from /home/airflow/.local/lib/python3.12/site-packages/airflow/example_dags/example_nested_branch_dag.py
[2025-01-17T10:58:31.721+0000] {logging_mixin.py:190} INFO - [2025-01-17T10:58:31.721+0000] {dag.py:3239} INFO - Sync 1 DAGs
[2025-01-17T10:58:31.745+0000] {logging_mixin.py:190} INFO - [2025-01-17T10:58:31.745+0000] {dag.py:4180} INFO - Setting next_dagrun for example_nested_branch_dag to 2025-01-16 00:00:00+00:00, run_after=2025-01-17 00:00:00+00:00
[2025-01-17T10:58:31.771+0000] {processor.py:208} INFO - Processing /home/airflow/.local/lib/python3.12/site-packages/airflow/example_dags/example_nested_branch_dag.py took 0.096 seconds
[2025-01-17T10:59:02.256+0000] {processor.py:186} INFO - Started process (PID=934) to work on /home/airflow/.local/lib/python3.12/site-packages/airflow/example_dags/example_nested_branch_dag.py
[2025-01-17T10:59:02.257+0000] {processor.py:914} INFO - Processing file /home/airflow/.local/lib/python3.12/site-packages/airflow/example_dags/example_nested_branch_dag.py for tasks to queue
[2025-01-17T10:59:02.260+0000] {logging_mixin.py:190} INFO - [2025-01-17T10:59:02.260+0000] {dagbag.py:588} INFO - Filling up the DagBag from /home/airflow/.local/lib/python3.12/site-packages/airflow/example_dags/example_nested_branch_dag.py
[2025-01-17T10:59:02.271+0000] {processor.py:925} INFO - DAG(s) 'example_nested_branch_dag' retrieved from /home/airflow/.local/lib/python3.12/site-packages/airflow/example_dags/example_nested_branch_dag.py
[2025-01-17T10:59:02.295+0000] {logging_mixin.py:190} INFO - [2025-01-17T10:59:02.294+0000] {dag.py:3239} INFO - Sync 1 DAGs
[2025-01-17T10:59:02.319+0000] {logging_mixin.py:190} INFO - [2025-01-17T10:59:02.318+0000] {dag.py:4180} INFO - Setting next_dagrun for example_nested_branch_dag to 2025-01-16 00:00:00+00:00, run_after=2025-01-17 00:00:00+00:00
[2025-01-17T10:59:02.341+0000] {processor.py:208} INFO - Processing /home/airflow/.local/lib/python3.12/site-packages/airflow/example_dags/example_nested_branch_dag.py took 0.090 seconds
[2025-01-17T10:59:33.547+0000] {processor.py:186} INFO - Started process (PID=998) to work on /home/airflow/.local/lib/python3.12/site-packages/airflow/example_dags/example_nested_branch_dag.py
[2025-01-17T10:59:33.549+0000] {processor.py:914} INFO - Processing file /home/airflow/.local/lib/python3.12/site-packages/airflow/example_dags/example_nested_branch_dag.py for tasks to queue
[2025-01-17T10:59:33.552+0000] {logging_mixin.py:190} INFO - [2025-01-17T10:59:33.552+0000] {dagbag.py:588} INFO - Filling up the DagBag from /home/airflow/.local/lib/python3.12/site-packages/airflow/example_dags/example_nested_branch_dag.py
[2025-01-17T10:59:33.564+0000] {processor.py:925} INFO - DAG(s) 'example_nested_branch_dag' retrieved from /home/airflow/.local/lib/python3.12/site-packages/airflow/example_dags/example_nested_branch_dag.py
[2025-01-17T10:59:33.586+0000] {logging_mixin.py:190} INFO - [2025-01-17T10:59:33.585+0000] {dag.py:3239} INFO - Sync 1 DAGs
[2025-01-17T10:59:33.610+0000] {logging_mixin.py:190} INFO - [2025-01-17T10:59:33.609+0000] {dag.py:4180} INFO - Setting next_dagrun for example_nested_branch_dag to 2025-01-16 00:00:00+00:00, run_after=2025-01-17 00:00:00+00:00
[2025-01-17T10:59:33.631+0000] {processor.py:208} INFO - Processing /home/airflow/.local/lib/python3.12/site-packages/airflow/example_dags/example_nested_branch_dag.py took 0.089 seconds
[2025-01-17T11:00:04.612+0000] {processor.py:186} INFO - Started process (PID=1062) to work on /home/airflow/.local/lib/python3.12/site-packages/airflow/example_dags/example_nested_branch_dag.py
[2025-01-17T11:00:04.613+0000] {processor.py:914} INFO - Processing file /home/airflow/.local/lib/python3.12/site-packages/airflow/example_dags/example_nested_branch_dag.py for tasks to queue
[2025-01-17T11:00:04.617+0000] {logging_mixin.py:190} INFO - [2025-01-17T11:00:04.616+0000] {dagbag.py:588} INFO - Filling up the DagBag from /home/airflow/.local/lib/python3.12/site-packages/airflow/example_dags/example_nested_branch_dag.py
[2025-01-17T11:00:04.628+0000] {processor.py:925} INFO - DAG(s) 'example_nested_branch_dag' retrieved from /home/airflow/.local/lib/python3.12/site-packages/airflow/example_dags/example_nested_branch_dag.py
[2025-01-17T11:00:04.651+0000] {logging_mixin.py:190} INFO - [2025-01-17T11:00:04.651+0000] {dag.py:3239} INFO - Sync 1 DAGs
[2025-01-17T11:00:04.678+0000] {logging_mixin.py:190} INFO - [2025-01-17T11:00:04.678+0000] {dag.py:4180} INFO - Setting next_dagrun for example_nested_branch_dag to 2025-01-16 00:00:00+00:00, run_after=2025-01-17 00:00:00+00:00
[2025-01-17T11:00:04.703+0000] {processor.py:208} INFO - Processing /home/airflow/.local/lib/python3.12/site-packages/airflow/example_dags/example_nested_branch_dag.py took 0.096 seconds
[2025-01-17T11:22:02.202+0000] {processor.py:186} INFO - Started process (PID=86) to work on /home/airflow/.local/lib/python3.12/site-packages/airflow/example_dags/example_nested_branch_dag.py
[2025-01-17T11:22:02.204+0000] {processor.py:914} INFO - Processing file /home/airflow/.local/lib/python3.12/site-packages/airflow/example_dags/example_nested_branch_dag.py for tasks to queue
[2025-01-17T11:22:02.208+0000] {logging_mixin.py:190} INFO - [2025-01-17T11:22:02.207+0000] {dagbag.py:588} INFO - Filling up the DagBag from /home/airflow/.local/lib/python3.12/site-packages/airflow/example_dags/example_nested_branch_dag.py
[2025-01-17T11:22:02.223+0000] {processor.py:925} INFO - DAG(s) 'example_nested_branch_dag' retrieved from /home/airflow/.local/lib/python3.12/site-packages/airflow/example_dags/example_nested_branch_dag.py
[2025-01-17T11:22:02.257+0000] {logging_mixin.py:190} INFO - [2025-01-17T11:22:02.257+0000] {dag.py:3239} INFO - Sync 1 DAGs
[2025-01-17T11:22:02.283+0000] {logging_mixin.py:190} INFO - [2025-01-17T11:22:02.282+0000] {dag.py:4180} INFO - Setting next_dagrun for example_nested_branch_dag to 2025-01-16 00:00:00+00:00, run_after=2025-01-17 00:00:00+00:00
[2025-01-17T11:22:02.307+0000] {processor.py:208} INFO - Processing /home/airflow/.local/lib/python3.12/site-packages/airflow/example_dags/example_nested_branch_dag.py took 0.110 seconds
[2025-01-17T11:22:33.025+0000] {processor.py:186} INFO - Started process (PID=155) to work on /home/airflow/.local/lib/python3.12/site-packages/airflow/example_dags/example_nested_branch_dag.py
[2025-01-17T11:22:33.026+0000] {processor.py:914} INFO - Processing file /home/airflow/.local/lib/python3.12/site-packages/airflow/example_dags/example_nested_branch_dag.py for tasks to queue
[2025-01-17T11:22:33.029+0000] {logging_mixin.py:190} INFO - [2025-01-17T11:22:33.029+0000] {dagbag.py:588} INFO - Filling up the DagBag from /home/airflow/.local/lib/python3.12/site-packages/airflow/example_dags/example_nested_branch_dag.py
[2025-01-17T11:22:33.040+0000] {processor.py:925} INFO - DAG(s) 'example_nested_branch_dag' retrieved from /home/airflow/.local/lib/python3.12/site-packages/airflow/example_dags/example_nested_branch_dag.py
[2025-01-17T11:22:33.064+0000] {logging_mixin.py:190} INFO - [2025-01-17T11:22:33.063+0000] {dag.py:3239} INFO - Sync 1 DAGs
[2025-01-17T11:22:33.088+0000] {logging_mixin.py:190} INFO - [2025-01-17T11:22:33.088+0000] {dag.py:4180} INFO - Setting next_dagrun for example_nested_branch_dag to 2025-01-16 00:00:00+00:00, run_after=2025-01-17 00:00:00+00:00
[2025-01-17T11:22:33.111+0000] {processor.py:208} INFO - Processing /home/airflow/.local/lib/python3.12/site-packages/airflow/example_dags/example_nested_branch_dag.py took 0.091 seconds
[2025-01-17T11:23:04.455+0000] {processor.py:186} INFO - Started process (PID=220) to work on /home/airflow/.local/lib/python3.12/site-packages/airflow/example_dags/example_nested_branch_dag.py
[2025-01-17T11:23:04.456+0000] {processor.py:914} INFO - Processing file /home/airflow/.local/lib/python3.12/site-packages/airflow/example_dags/example_nested_branch_dag.py for tasks to queue
[2025-01-17T11:23:04.459+0000] {logging_mixin.py:190} INFO - [2025-01-17T11:23:04.458+0000] {dagbag.py:588} INFO - Filling up the DagBag from /home/airflow/.local/lib/python3.12/site-packages/airflow/example_dags/example_nested_branch_dag.py
[2025-01-17T11:23:04.469+0000] {processor.py:925} INFO - DAG(s) 'example_nested_branch_dag' retrieved from /home/airflow/.local/lib/python3.12/site-packages/airflow/example_dags/example_nested_branch_dag.py
[2025-01-17T11:23:04.493+0000] {logging_mixin.py:190} INFO - [2025-01-17T11:23:04.493+0000] {dag.py:3239} INFO - Sync 1 DAGs
[2025-01-17T11:23:04.518+0000] {logging_mixin.py:190} INFO - [2025-01-17T11:23:04.518+0000] {dag.py:4180} INFO - Setting next_dagrun for example_nested_branch_dag to 2025-01-16 00:00:00+00:00, run_after=2025-01-17 00:00:00+00:00
[2025-01-17T11:23:04.541+0000] {processor.py:208} INFO - Processing /home/airflow/.local/lib/python3.12/site-packages/airflow/example_dags/example_nested_branch_dag.py took 0.092 seconds
[2025-01-17T11:23:36.169+0000] {processor.py:186} INFO - Started process (PID=284) to work on /home/airflow/.local/lib/python3.12/site-packages/airflow/example_dags/example_nested_branch_dag.py
[2025-01-17T11:23:36.172+0000] {processor.py:914} INFO - Processing file /home/airflow/.local/lib/python3.12/site-packages/airflow/example_dags/example_nested_branch_dag.py for tasks to queue
[2025-01-17T11:23:36.175+0000] {logging_mixin.py:190} INFO - [2025-01-17T11:23:36.174+0000] {dagbag.py:588} INFO - Filling up the DagBag from /home/airflow/.local/lib/python3.12/site-packages/airflow/example_dags/example_nested_branch_dag.py
[2025-01-17T11:23:36.186+0000] {processor.py:925} INFO - DAG(s) 'example_nested_branch_dag' retrieved from /home/airflow/.local/lib/python3.12/site-packages/airflow/example_dags/example_nested_branch_dag.py
[2025-01-17T11:23:36.211+0000] {logging_mixin.py:190} INFO - [2025-01-17T11:23:36.211+0000] {dag.py:3239} INFO - Sync 1 DAGs
[2025-01-17T11:23:36.239+0000] {logging_mixin.py:190} INFO - [2025-01-17T11:23:36.239+0000] {dag.py:4180} INFO - Setting next_dagrun for example_nested_branch_dag to 2025-01-16 00:00:00+00:00, run_after=2025-01-17 00:00:00+00:00
[2025-01-17T11:23:36.262+0000] {processor.py:208} INFO - Processing /home/airflow/.local/lib/python3.12/site-packages/airflow/example_dags/example_nested_branch_dag.py took 0.100 seconds
[2025-01-17T11:24:07.417+0000] {processor.py:186} INFO - Started process (PID=348) to work on /home/airflow/.local/lib/python3.12/site-packages/airflow/example_dags/example_nested_branch_dag.py
[2025-01-17T11:24:07.418+0000] {processor.py:914} INFO - Processing file /home/airflow/.local/lib/python3.12/site-packages/airflow/example_dags/example_nested_branch_dag.py for tasks to queue
[2025-01-17T11:24:07.422+0000] {logging_mixin.py:190} INFO - [2025-01-17T11:24:07.421+0000] {dagbag.py:588} INFO - Filling up the DagBag from /home/airflow/.local/lib/python3.12/site-packages/airflow/example_dags/example_nested_branch_dag.py
[2025-01-17T11:24:07.434+0000] {processor.py:925} INFO - DAG(s) 'example_nested_branch_dag' retrieved from /home/airflow/.local/lib/python3.12/site-packages/airflow/example_dags/example_nested_branch_dag.py
[2025-01-17T11:24:07.458+0000] {logging_mixin.py:190} INFO - [2025-01-17T11:24:07.457+0000] {dag.py:3239} INFO - Sync 1 DAGs
[2025-01-17T11:24:07.486+0000] {logging_mixin.py:190} INFO - [2025-01-17T11:24:07.486+0000] {dag.py:4180} INFO - Setting next_dagrun for example_nested_branch_dag to 2025-01-16 00:00:00+00:00, run_after=2025-01-17 00:00:00+00:00
[2025-01-17T11:24:07.509+0000] {processor.py:208} INFO - Processing /home/airflow/.local/lib/python3.12/site-packages/airflow/example_dags/example_nested_branch_dag.py took 0.098 seconds
[2025-01-17T11:24:38.593+0000] {processor.py:186} INFO - Started process (PID=412) to work on /home/airflow/.local/lib/python3.12/site-packages/airflow/example_dags/example_nested_branch_dag.py
[2025-01-17T11:24:38.594+0000] {processor.py:914} INFO - Processing file /home/airflow/.local/lib/python3.12/site-packages/airflow/example_dags/example_nested_branch_dag.py for tasks to queue
[2025-01-17T11:24:38.597+0000] {logging_mixin.py:190} INFO - [2025-01-17T11:24:38.597+0000] {dagbag.py:588} INFO - Filling up the DagBag from /home/airflow/.local/lib/python3.12/site-packages/airflow/example_dags/example_nested_branch_dag.py
[2025-01-17T11:24:38.608+0000] {processor.py:925} INFO - DAG(s) 'example_nested_branch_dag' retrieved from /home/airflow/.local/lib/python3.12/site-packages/airflow/example_dags/example_nested_branch_dag.py
[2025-01-17T11:24:38.632+0000] {logging_mixin.py:190} INFO - [2025-01-17T11:24:38.632+0000] {dag.py:3239} INFO - Sync 1 DAGs
[2025-01-17T11:24:38.657+0000] {logging_mixin.py:190} INFO - [2025-01-17T11:24:38.657+0000] {dag.py:4180} INFO - Setting next_dagrun for example_nested_branch_dag to 2025-01-16 00:00:00+00:00, run_after=2025-01-17 00:00:00+00:00
[2025-01-17T11:24:38.683+0000] {processor.py:208} INFO - Processing /home/airflow/.local/lib/python3.12/site-packages/airflow/example_dags/example_nested_branch_dag.py took 0.095 seconds
[2025-01-17T11:25:10.057+0000] {processor.py:186} INFO - Started process (PID=476) to work on /home/airflow/.local/lib/python3.12/site-packages/airflow/example_dags/example_nested_branch_dag.py
[2025-01-17T11:25:10.058+0000] {processor.py:914} INFO - Processing file /home/airflow/.local/lib/python3.12/site-packages/airflow/example_dags/example_nested_branch_dag.py for tasks to queue
[2025-01-17T11:25:10.060+0000] {logging_mixin.py:190} INFO - [2025-01-17T11:25:10.060+0000] {dagbag.py:588} INFO - Filling up the DagBag from /home/airflow/.local/lib/python3.12/site-packages/airflow/example_dags/example_nested_branch_dag.py
[2025-01-17T11:25:10.071+0000] {processor.py:925} INFO - DAG(s) 'example_nested_branch_dag' retrieved from /home/airflow/.local/lib/python3.12/site-packages/airflow/example_dags/example_nested_branch_dag.py
[2025-01-17T11:25:10.095+0000] {logging_mixin.py:190} INFO - [2025-01-17T11:25:10.095+0000] {dag.py:3239} INFO - Sync 1 DAGs
[2025-01-17T11:25:10.122+0000] {logging_mixin.py:190} INFO - [2025-01-17T11:25:10.121+0000] {dag.py:4180} INFO - Setting next_dagrun for example_nested_branch_dag to 2025-01-16 00:00:00+00:00, run_after=2025-01-17 00:00:00+00:00
[2025-01-17T11:25:10.145+0000] {processor.py:208} INFO - Processing /home/airflow/.local/lib/python3.12/site-packages/airflow/example_dags/example_nested_branch_dag.py took 0.093 seconds
[2025-01-17T11:25:41.812+0000] {processor.py:186} INFO - Started process (PID=541) to work on /home/airflow/.local/lib/python3.12/site-packages/airflow/example_dags/example_nested_branch_dag.py
[2025-01-17T11:25:41.814+0000] {processor.py:914} INFO - Processing file /home/airflow/.local/lib/python3.12/site-packages/airflow/example_dags/example_nested_branch_dag.py for tasks to queue
[2025-01-17T11:25:41.818+0000] {logging_mixin.py:190} INFO - [2025-01-17T11:25:41.817+0000] {dagbag.py:588} INFO - Filling up the DagBag from /home/airflow/.local/lib/python3.12/site-packages/airflow/example_dags/example_nested_branch_dag.py
[2025-01-17T11:25:41.829+0000] {processor.py:925} INFO - DAG(s) 'example_nested_branch_dag' retrieved from /home/airflow/.local/lib/python3.12/site-packages/airflow/example_dags/example_nested_branch_dag.py
[2025-01-17T11:25:41.854+0000] {logging_mixin.py:190} INFO - [2025-01-17T11:25:41.853+0000] {dag.py:3239} INFO - Sync 1 DAGs
[2025-01-17T11:25:41.880+0000] {logging_mixin.py:190} INFO - [2025-01-17T11:25:41.880+0000] {dag.py:4180} INFO - Setting next_dagrun for example_nested_branch_dag to 2025-01-16 00:00:00+00:00, run_after=2025-01-17 00:00:00+00:00
[2025-01-17T11:25:41.905+0000] {processor.py:208} INFO - Processing /home/airflow/.local/lib/python3.12/site-packages/airflow/example_dags/example_nested_branch_dag.py took 0.098 seconds
[2025-01-17T11:26:12.364+0000] {processor.py:186} INFO - Started process (PID=605) to work on /home/airflow/.local/lib/python3.12/site-packages/airflow/example_dags/example_nested_branch_dag.py
[2025-01-17T11:26:12.366+0000] {processor.py:914} INFO - Processing file /home/airflow/.local/lib/python3.12/site-packages/airflow/example_dags/example_nested_branch_dag.py for tasks to queue
[2025-01-17T11:26:12.369+0000] {logging_mixin.py:190} INFO - [2025-01-17T11:26:12.368+0000] {dagbag.py:588} INFO - Filling up the DagBag from /home/airflow/.local/lib/python3.12/site-packages/airflow/example_dags/example_nested_branch_dag.py
[2025-01-17T11:26:12.381+0000] {processor.py:925} INFO - DAG(s) 'example_nested_branch_dag' retrieved from /home/airflow/.local/lib/python3.12/site-packages/airflow/example_dags/example_nested_branch_dag.py
[2025-01-17T11:26:12.405+0000] {logging_mixin.py:190} INFO - [2025-01-17T11:26:12.404+0000] {dag.py:3239} INFO - Sync 1 DAGs
[2025-01-17T11:26:12.437+0000] {logging_mixin.py:190} INFO - [2025-01-17T11:26:12.436+0000] {dag.py:4180} INFO - Setting next_dagrun for example_nested_branch_dag to 2025-01-16 00:00:00+00:00, run_after=2025-01-17 00:00:00+00:00
[2025-01-17T11:26:12.460+0000] {processor.py:208} INFO - Processing /home/airflow/.local/lib/python3.12/site-packages/airflow/example_dags/example_nested_branch_dag.py took 0.108 seconds
[2025-01-17T11:26:43.704+0000] {processor.py:186} INFO - Started process (PID=669) to work on /home/airflow/.local/lib/python3.12/site-packages/airflow/example_dags/example_nested_branch_dag.py
[2025-01-17T11:26:43.706+0000] {processor.py:914} INFO - Processing file /home/airflow/.local/lib/python3.12/site-packages/airflow/example_dags/example_nested_branch_dag.py for tasks to queue
[2025-01-17T11:26:43.709+0000] {logging_mixin.py:190} INFO - [2025-01-17T11:26:43.708+0000] {dagbag.py:588} INFO - Filling up the DagBag from /home/airflow/.local/lib/python3.12/site-packages/airflow/example_dags/example_nested_branch_dag.py
[2025-01-17T11:26:43.720+0000] {processor.py:925} INFO - DAG(s) 'example_nested_branch_dag' retrieved from /home/airflow/.local/lib/python3.12/site-packages/airflow/example_dags/example_nested_branch_dag.py
[2025-01-17T11:26:43.744+0000] {logging_mixin.py:190} INFO - [2025-01-17T11:26:43.743+0000] {dag.py:3239} INFO - Sync 1 DAGs
[2025-01-17T11:26:43.768+0000] {logging_mixin.py:190} INFO - [2025-01-17T11:26:43.768+0000] {dag.py:4180} INFO - Setting next_dagrun for example_nested_branch_dag to 2025-01-16 00:00:00+00:00, run_after=2025-01-17 00:00:00+00:00
[2025-01-17T11:26:43.789+0000] {processor.py:208} INFO - Processing /home/airflow/.local/lib/python3.12/site-packages/airflow/example_dags/example_nested_branch_dag.py took 0.090 seconds
[2025-01-17T11:27:15.244+0000] {processor.py:186} INFO - Started process (PID=733) to work on /home/airflow/.local/lib/python3.12/site-packages/airflow/example_dags/example_nested_branch_dag.py
[2025-01-17T11:27:15.245+0000] {processor.py:914} INFO - Processing file /home/airflow/.local/lib/python3.12/site-packages/airflow/example_dags/example_nested_branch_dag.py for tasks to queue
[2025-01-17T11:27:15.248+0000] {logging_mixin.py:190} INFO - [2025-01-17T11:27:15.248+0000] {dagbag.py:588} INFO - Filling up the DagBag from /home/airflow/.local/lib/python3.12/site-packages/airflow/example_dags/example_nested_branch_dag.py
[2025-01-17T11:27:15.259+0000] {processor.py:925} INFO - DAG(s) 'example_nested_branch_dag' retrieved from /home/airflow/.local/lib/python3.12/site-packages/airflow/example_dags/example_nested_branch_dag.py
[2025-01-17T11:27:15.287+0000] {logging_mixin.py:190} INFO - [2025-01-17T11:27:15.287+0000] {dag.py:3239} INFO - Sync 1 DAGs
[2025-01-17T11:27:15.316+0000] {logging_mixin.py:190} INFO - [2025-01-17T11:27:15.316+0000] {dag.py:4180} INFO - Setting next_dagrun for example_nested_branch_dag to 2025-01-16 00:00:00+00:00, run_after=2025-01-17 00:00:00+00:00
[2025-01-17T11:27:15.342+0000] {processor.py:208} INFO - Processing /home/airflow/.local/lib/python3.12/site-packages/airflow/example_dags/example_nested_branch_dag.py took 0.103 seconds
[2025-01-17T11:27:46.866+0000] {processor.py:186} INFO - Started process (PID=797) to work on /home/airflow/.local/lib/python3.12/site-packages/airflow/example_dags/example_nested_branch_dag.py
[2025-01-17T11:27:46.868+0000] {processor.py:914} INFO - Processing file /home/airflow/.local/lib/python3.12/site-packages/airflow/example_dags/example_nested_branch_dag.py for tasks to queue
[2025-01-17T11:27:46.871+0000] {logging_mixin.py:190} INFO - [2025-01-17T11:27:46.870+0000] {dagbag.py:588} INFO - Filling up the DagBag from /home/airflow/.local/lib/python3.12/site-packages/airflow/example_dags/example_nested_branch_dag.py
[2025-01-17T11:27:46.882+0000] {processor.py:925} INFO - DAG(s) 'example_nested_branch_dag' retrieved from /home/airflow/.local/lib/python3.12/site-packages/airflow/example_dags/example_nested_branch_dag.py
[2025-01-17T11:27:46.907+0000] {logging_mixin.py:190} INFO - [2025-01-17T11:27:46.907+0000] {dag.py:3239} INFO - Sync 1 DAGs
[2025-01-17T11:27:46.932+0000] {logging_mixin.py:190} INFO - [2025-01-17T11:27:46.931+0000] {dag.py:4180} INFO - Setting next_dagrun for example_nested_branch_dag to 2025-01-16 00:00:00+00:00, run_after=2025-01-17 00:00:00+00:00
[2025-01-17T11:27:46.955+0000] {processor.py:208} INFO - Processing /home/airflow/.local/lib/python3.12/site-packages/airflow/example_dags/example_nested_branch_dag.py took 0.094 seconds
[2025-01-17T11:28:17.448+0000] {processor.py:186} INFO - Started process (PID=861) to work on /home/airflow/.local/lib/python3.12/site-packages/airflow/example_dags/example_nested_branch_dag.py
[2025-01-17T11:28:17.449+0000] {processor.py:914} INFO - Processing file /home/airflow/.local/lib/python3.12/site-packages/airflow/example_dags/example_nested_branch_dag.py for tasks to queue
[2025-01-17T11:28:17.453+0000] {logging_mixin.py:190} INFO - [2025-01-17T11:28:17.453+0000] {dagbag.py:588} INFO - Filling up the DagBag from /home/airflow/.local/lib/python3.12/site-packages/airflow/example_dags/example_nested_branch_dag.py
[2025-01-17T11:28:17.482+0000] {processor.py:925} INFO - DAG(s) 'example_nested_branch_dag' retrieved from /home/airflow/.local/lib/python3.12/site-packages/airflow/example_dags/example_nested_branch_dag.py
[2025-01-17T11:28:17.518+0000] {logging_mixin.py:190} INFO - [2025-01-17T11:28:17.518+0000] {dag.py:3239} INFO - Sync 1 DAGs
[2025-01-17T11:28:17.550+0000] {logging_mixin.py:190} INFO - [2025-01-17T11:28:17.549+0000] {dag.py:4180} INFO - Setting next_dagrun for example_nested_branch_dag to 2025-01-16 00:00:00+00:00, run_after=2025-01-17 00:00:00+00:00
[2025-01-17T11:28:17.576+0000] {processor.py:208} INFO - Processing /home/airflow/.local/lib/python3.12/site-packages/airflow/example_dags/example_nested_branch_dag.py took 0.136 seconds
[2025-01-17T11:28:48.417+0000] {processor.py:186} INFO - Started process (PID=926) to work on /home/airflow/.local/lib/python3.12/site-packages/airflow/example_dags/example_nested_branch_dag.py
[2025-01-17T11:28:48.418+0000] {processor.py:914} INFO - Processing file /home/airflow/.local/lib/python3.12/site-packages/airflow/example_dags/example_nested_branch_dag.py for tasks to queue
[2025-01-17T11:28:48.421+0000] {logging_mixin.py:190} INFO - [2025-01-17T11:28:48.421+0000] {dagbag.py:588} INFO - Filling up the DagBag from /home/airflow/.local/lib/python3.12/site-packages/airflow/example_dags/example_nested_branch_dag.py
[2025-01-17T11:28:48.434+0000] {processor.py:925} INFO - DAG(s) 'example_nested_branch_dag' retrieved from /home/airflow/.local/lib/python3.12/site-packages/airflow/example_dags/example_nested_branch_dag.py
[2025-01-17T11:28:48.462+0000] {logging_mixin.py:190} INFO - [2025-01-17T11:28:48.461+0000] {dag.py:3239} INFO - Sync 1 DAGs
[2025-01-17T11:28:48.506+0000] {logging_mixin.py:190} INFO - [2025-01-17T11:28:48.506+0000] {dag.py:4180} INFO - Setting next_dagrun for example_nested_branch_dag to 2025-01-16 00:00:00+00:00, run_after=2025-01-17 00:00:00+00:00
[2025-01-17T11:28:48.537+0000] {processor.py:208} INFO - Processing /home/airflow/.local/lib/python3.12/site-packages/airflow/example_dags/example_nested_branch_dag.py took 0.127 seconds
[2025-01-17T11:29:19.691+0000] {processor.py:186} INFO - Started process (PID=990) to work on /home/airflow/.local/lib/python3.12/site-packages/airflow/example_dags/example_nested_branch_dag.py
[2025-01-17T11:29:19.692+0000] {processor.py:914} INFO - Processing file /home/airflow/.local/lib/python3.12/site-packages/airflow/example_dags/example_nested_branch_dag.py for tasks to queue
[2025-01-17T11:29:19.695+0000] {logging_mixin.py:190} INFO - [2025-01-17T11:29:19.695+0000] {dagbag.py:588} INFO - Filling up the DagBag from /home/airflow/.local/lib/python3.12/site-packages/airflow/example_dags/example_nested_branch_dag.py
[2025-01-17T11:29:19.706+0000] {processor.py:925} INFO - DAG(s) 'example_nested_branch_dag' retrieved from /home/airflow/.local/lib/python3.12/site-packages/airflow/example_dags/example_nested_branch_dag.py
[2025-01-17T11:29:19.732+0000] {logging_mixin.py:190} INFO - [2025-01-17T11:29:19.731+0000] {dag.py:3239} INFO - Sync 1 DAGs
[2025-01-17T11:29:19.759+0000] {logging_mixin.py:190} INFO - [2025-01-17T11:29:19.758+0000] {dag.py:4180} INFO - Setting next_dagrun for example_nested_branch_dag to 2025-01-16 00:00:00+00:00, run_after=2025-01-17 00:00:00+00:00
[2025-01-17T11:29:19.784+0000] {processor.py:208} INFO - Processing /home/airflow/.local/lib/python3.12/site-packages/airflow/example_dags/example_nested_branch_dag.py took 0.097 seconds
[2025-01-17T11:29:50.510+0000] {processor.py:186} INFO - Started process (PID=1054) to work on /home/airflow/.local/lib/python3.12/site-packages/airflow/example_dags/example_nested_branch_dag.py
[2025-01-17T11:29:50.512+0000] {processor.py:914} INFO - Processing file /home/airflow/.local/lib/python3.12/site-packages/airflow/example_dags/example_nested_branch_dag.py for tasks to queue
[2025-01-17T11:29:50.515+0000] {logging_mixin.py:190} INFO - [2025-01-17T11:29:50.515+0000] {dagbag.py:588} INFO - Filling up the DagBag from /home/airflow/.local/lib/python3.12/site-packages/airflow/example_dags/example_nested_branch_dag.py
[2025-01-17T11:29:50.527+0000] {processor.py:925} INFO - DAG(s) 'example_nested_branch_dag' retrieved from /home/airflow/.local/lib/python3.12/site-packages/airflow/example_dags/example_nested_branch_dag.py
[2025-01-17T11:29:50.551+0000] {logging_mixin.py:190} INFO - [2025-01-17T11:29:50.551+0000] {dag.py:3239} INFO - Sync 1 DAGs
[2025-01-17T11:29:50.577+0000] {logging_mixin.py:190} INFO - [2025-01-17T11:29:50.577+0000] {dag.py:4180} INFO - Setting next_dagrun for example_nested_branch_dag to 2025-01-16 00:00:00+00:00, run_after=2025-01-17 00:00:00+00:00
[2025-01-17T11:29:50.602+0000] {processor.py:208} INFO - Processing /home/airflow/.local/lib/python3.12/site-packages/airflow/example_dags/example_nested_branch_dag.py took 0.098 seconds
