[2025-01-17T10:32:00.818+0000] {processor.py:186} INFO - Started process (PID=89) to work on /home/airflow/.local/lib/python3.12/site-packages/airflow/example_dags/example_task_group.py
[2025-01-17T10:32:00.820+0000] {processor.py:914} INFO - Processing file /home/airflow/.local/lib/python3.12/site-packages/airflow/example_dags/example_task_group.py for tasks to queue
[2025-01-17T10:32:00.824+0000] {logging_mixin.py:190} INFO - [2025-01-17T10:32:00.824+0000] {dagbag.py:588} INFO - Filling up the DagBag from /home/airflow/.local/lib/python3.12/site-packages/airflow/example_dags/example_task_group.py
[2025-01-17T10:32:00.845+0000] {processor.py:925} INFO - DAG(s) 'example_task_group' retrieved from /home/airflow/.local/lib/python3.12/site-packages/airflow/example_dags/example_task_group.py
[2025-01-17T10:32:00.886+0000] {logging_mixin.py:190} INFO - [2025-01-17T10:32:00.886+0000] {dag.py:3239} INFO - Sync 1 DAGs
[2025-01-17T10:32:00.915+0000] {logging_mixin.py:190} INFO - [2025-01-17T10:32:00.914+0000] {dag.py:4180} INFO - Setting next_dagrun for example_task_group to None, run_after=None
[2025-01-17T10:32:00.944+0000] {processor.py:208} INFO - Processing /home/airflow/.local/lib/python3.12/site-packages/airflow/example_dags/example_task_group.py took 0.132 seconds
[2025-01-17T10:32:32.576+0000] {processor.py:186} INFO - Started process (PID=153) to work on /home/airflow/.local/lib/python3.12/site-packages/airflow/example_dags/example_task_group.py
[2025-01-17T10:32:32.578+0000] {processor.py:914} INFO - Processing file /home/airflow/.local/lib/python3.12/site-packages/airflow/example_dags/example_task_group.py for tasks to queue
[2025-01-17T10:32:32.582+0000] {logging_mixin.py:190} INFO - [2025-01-17T10:32:32.581+0000] {dagbag.py:588} INFO - Filling up the DagBag from /home/airflow/.local/lib/python3.12/site-packages/airflow/example_dags/example_task_group.py
[2025-01-17T10:32:32.597+0000] {processor.py:925} INFO - DAG(s) 'example_task_group' retrieved from /home/airflow/.local/lib/python3.12/site-packages/airflow/example_dags/example_task_group.py
[2025-01-17T10:32:32.648+0000] {logging_mixin.py:190} INFO - [2025-01-17T10:32:32.647+0000] {dag.py:3239} INFO - Sync 1 DAGs
[2025-01-17T10:32:32.677+0000] {logging_mixin.py:190} INFO - [2025-01-17T10:32:32.677+0000] {dag.py:4180} INFO - Setting next_dagrun for example_task_group to None, run_after=None
[2025-01-17T10:32:32.725+0000] {processor.py:208} INFO - Processing /home/airflow/.local/lib/python3.12/site-packages/airflow/example_dags/example_task_group.py took 0.158 seconds
[2025-01-17T10:33:03.736+0000] {processor.py:186} INFO - Started process (PID=217) to work on /home/airflow/.local/lib/python3.12/site-packages/airflow/example_dags/example_task_group.py
[2025-01-17T10:33:03.737+0000] {processor.py:914} INFO - Processing file /home/airflow/.local/lib/python3.12/site-packages/airflow/example_dags/example_task_group.py for tasks to queue
[2025-01-17T10:33:03.741+0000] {logging_mixin.py:190} INFO - [2025-01-17T10:33:03.740+0000] {dagbag.py:588} INFO - Filling up the DagBag from /home/airflow/.local/lib/python3.12/site-packages/airflow/example_dags/example_task_group.py
[2025-01-17T10:33:03.756+0000] {processor.py:925} INFO - DAG(s) 'example_task_group' retrieved from /home/airflow/.local/lib/python3.12/site-packages/airflow/example_dags/example_task_group.py
[2025-01-17T10:33:03.791+0000] {logging_mixin.py:190} INFO - [2025-01-17T10:33:03.791+0000] {dag.py:3239} INFO - Sync 1 DAGs
[2025-01-17T10:33:03.818+0000] {logging_mixin.py:190} INFO - [2025-01-17T10:33:03.817+0000] {dag.py:4180} INFO - Setting next_dagrun for example_task_group to None, run_after=None
[2025-01-17T10:33:03.856+0000] {processor.py:208} INFO - Processing /home/airflow/.local/lib/python3.12/site-packages/airflow/example_dags/example_task_group.py took 0.129 seconds
[2025-01-17T10:33:35.334+0000] {processor.py:186} INFO - Started process (PID=281) to work on /home/airflow/.local/lib/python3.12/site-packages/airflow/example_dags/example_task_group.py
[2025-01-17T10:33:35.336+0000] {processor.py:914} INFO - Processing file /home/airflow/.local/lib/python3.12/site-packages/airflow/example_dags/example_task_group.py for tasks to queue
[2025-01-17T10:33:35.340+0000] {logging_mixin.py:190} INFO - [2025-01-17T10:33:35.339+0000] {dagbag.py:588} INFO - Filling up the DagBag from /home/airflow/.local/lib/python3.12/site-packages/airflow/example_dags/example_task_group.py
[2025-01-17T10:33:35.356+0000] {processor.py:925} INFO - DAG(s) 'example_task_group' retrieved from /home/airflow/.local/lib/python3.12/site-packages/airflow/example_dags/example_task_group.py
[2025-01-17T10:33:35.396+0000] {logging_mixin.py:190} INFO - [2025-01-17T10:33:35.395+0000] {dag.py:3239} INFO - Sync 1 DAGs
[2025-01-17T10:33:35.418+0000] {logging_mixin.py:190} INFO - [2025-01-17T10:33:35.418+0000] {dag.py:4180} INFO - Setting next_dagrun for example_task_group to None, run_after=None
[2025-01-17T10:33:35.451+0000] {processor.py:208} INFO - Processing /home/airflow/.local/lib/python3.12/site-packages/airflow/example_dags/example_task_group.py took 0.124 seconds
[2025-01-17T10:34:06.811+0000] {processor.py:186} INFO - Started process (PID=345) to work on /home/airflow/.local/lib/python3.12/site-packages/airflow/example_dags/example_task_group.py
[2025-01-17T10:34:06.814+0000] {processor.py:914} INFO - Processing file /home/airflow/.local/lib/python3.12/site-packages/airflow/example_dags/example_task_group.py for tasks to queue
[2025-01-17T10:34:06.818+0000] {logging_mixin.py:190} INFO - [2025-01-17T10:34:06.817+0000] {dagbag.py:588} INFO - Filling up the DagBag from /home/airflow/.local/lib/python3.12/site-packages/airflow/example_dags/example_task_group.py
[2025-01-17T10:34:06.833+0000] {processor.py:925} INFO - DAG(s) 'example_task_group' retrieved from /home/airflow/.local/lib/python3.12/site-packages/airflow/example_dags/example_task_group.py
[2025-01-17T10:34:06.878+0000] {logging_mixin.py:190} INFO - [2025-01-17T10:34:06.878+0000] {dag.py:3239} INFO - Sync 1 DAGs
[2025-01-17T10:34:06.902+0000] {logging_mixin.py:190} INFO - [2025-01-17T10:34:06.902+0000] {dag.py:4180} INFO - Setting next_dagrun for example_task_group to None, run_after=None
[2025-01-17T10:34:06.934+0000] {processor.py:208} INFO - Processing /home/airflow/.local/lib/python3.12/site-packages/airflow/example_dags/example_task_group.py took 0.138 seconds
[2025-01-17T10:34:38.481+0000] {processor.py:186} INFO - Started process (PID=408) to work on /home/airflow/.local/lib/python3.12/site-packages/airflow/example_dags/example_task_group.py
[2025-01-17T10:34:38.483+0000] {processor.py:914} INFO - Processing file /home/airflow/.local/lib/python3.12/site-packages/airflow/example_dags/example_task_group.py for tasks to queue
[2025-01-17T10:34:38.485+0000] {logging_mixin.py:190} INFO - [2025-01-17T10:34:38.484+0000] {dagbag.py:588} INFO - Filling up the DagBag from /home/airflow/.local/lib/python3.12/site-packages/airflow/example_dags/example_task_group.py
[2025-01-17T10:34:38.499+0000] {processor.py:925} INFO - DAG(s) 'example_task_group' retrieved from /home/airflow/.local/lib/python3.12/site-packages/airflow/example_dags/example_task_group.py
[2025-01-17T10:34:38.538+0000] {logging_mixin.py:190} INFO - [2025-01-17T10:34:38.538+0000] {dag.py:3239} INFO - Sync 1 DAGs
[2025-01-17T10:34:38.568+0000] {logging_mixin.py:190} INFO - [2025-01-17T10:34:38.568+0000] {dag.py:4180} INFO - Setting next_dagrun for example_task_group to None, run_after=None
[2025-01-17T10:34:38.613+0000] {processor.py:208} INFO - Processing /home/airflow/.local/lib/python3.12/site-packages/airflow/example_dags/example_task_group.py took 0.140 seconds
[2025-01-17T10:35:10.461+0000] {processor.py:186} INFO - Started process (PID=471) to work on /home/airflow/.local/lib/python3.12/site-packages/airflow/example_dags/example_task_group.py
[2025-01-17T10:35:10.463+0000] {processor.py:914} INFO - Processing file /home/airflow/.local/lib/python3.12/site-packages/airflow/example_dags/example_task_group.py for tasks to queue
[2025-01-17T10:35:10.465+0000] {logging_mixin.py:190} INFO - [2025-01-17T10:35:10.464+0000] {dagbag.py:588} INFO - Filling up the DagBag from /home/airflow/.local/lib/python3.12/site-packages/airflow/example_dags/example_task_group.py
[2025-01-17T10:35:10.478+0000] {processor.py:925} INFO - DAG(s) 'example_task_group' retrieved from /home/airflow/.local/lib/python3.12/site-packages/airflow/example_dags/example_task_group.py
[2025-01-17T10:35:10.512+0000] {logging_mixin.py:190} INFO - [2025-01-17T10:35:10.512+0000] {dag.py:3239} INFO - Sync 1 DAGs
[2025-01-17T10:35:10.534+0000] {logging_mixin.py:190} INFO - [2025-01-17T10:35:10.534+0000] {dag.py:4180} INFO - Setting next_dagrun for example_task_group to None, run_after=None
[2025-01-17T10:35:10.568+0000] {processor.py:208} INFO - Processing /home/airflow/.local/lib/python3.12/site-packages/airflow/example_dags/example_task_group.py took 0.115 seconds
[2025-01-17T10:35:42.242+0000] {processor.py:186} INFO - Started process (PID=534) to work on /home/airflow/.local/lib/python3.12/site-packages/airflow/example_dags/example_task_group.py
[2025-01-17T10:35:42.244+0000] {processor.py:914} INFO - Processing file /home/airflow/.local/lib/python3.12/site-packages/airflow/example_dags/example_task_group.py for tasks to queue
[2025-01-17T10:35:42.246+0000] {logging_mixin.py:190} INFO - [2025-01-17T10:35:42.246+0000] {dagbag.py:588} INFO - Filling up the DagBag from /home/airflow/.local/lib/python3.12/site-packages/airflow/example_dags/example_task_group.py
[2025-01-17T10:35:42.258+0000] {processor.py:925} INFO - DAG(s) 'example_task_group' retrieved from /home/airflow/.local/lib/python3.12/site-packages/airflow/example_dags/example_task_group.py
[2025-01-17T10:35:42.297+0000] {logging_mixin.py:190} INFO - [2025-01-17T10:35:42.297+0000] {dag.py:3239} INFO - Sync 1 DAGs
[2025-01-17T10:35:42.318+0000] {logging_mixin.py:190} INFO - [2025-01-17T10:35:42.318+0000] {dag.py:4180} INFO - Setting next_dagrun for example_task_group to None, run_after=None
[2025-01-17T10:35:42.348+0000] {processor.py:208} INFO - Processing /home/airflow/.local/lib/python3.12/site-packages/airflow/example_dags/example_task_group.py took 0.114 seconds
[2025-01-17T10:36:14.111+0000] {processor.py:186} INFO - Started process (PID=597) to work on /home/airflow/.local/lib/python3.12/site-packages/airflow/example_dags/example_task_group.py
[2025-01-17T10:36:14.113+0000] {processor.py:914} INFO - Processing file /home/airflow/.local/lib/python3.12/site-packages/airflow/example_dags/example_task_group.py for tasks to queue
[2025-01-17T10:36:14.115+0000] {logging_mixin.py:190} INFO - [2025-01-17T10:36:14.115+0000] {dagbag.py:588} INFO - Filling up the DagBag from /home/airflow/.local/lib/python3.12/site-packages/airflow/example_dags/example_task_group.py
[2025-01-17T10:36:14.130+0000] {processor.py:925} INFO - DAG(s) 'example_task_group' retrieved from /home/airflow/.local/lib/python3.12/site-packages/airflow/example_dags/example_task_group.py
[2025-01-17T10:36:14.164+0000] {logging_mixin.py:190} INFO - [2025-01-17T10:36:14.164+0000] {dag.py:3239} INFO - Sync 1 DAGs
[2025-01-17T10:36:14.192+0000] {logging_mixin.py:190} INFO - [2025-01-17T10:36:14.192+0000] {dag.py:4180} INFO - Setting next_dagrun for example_task_group to None, run_after=None
[2025-01-17T10:36:14.242+0000] {processor.py:208} INFO - Processing /home/airflow/.local/lib/python3.12/site-packages/airflow/example_dags/example_task_group.py took 0.139 seconds
[2025-01-17T10:37:30.424+0000] {processor.py:186} INFO - Started process (PID=82) to work on /home/airflow/.local/lib/python3.12/site-packages/airflow/example_dags/example_task_group.py
[2025-01-17T10:37:30.426+0000] {processor.py:914} INFO - Processing file /home/airflow/.local/lib/python3.12/site-packages/airflow/example_dags/example_task_group.py for tasks to queue
[2025-01-17T10:37:30.429+0000] {logging_mixin.py:190} INFO - [2025-01-17T10:37:30.428+0000] {dagbag.py:588} INFO - Filling up the DagBag from /home/airflow/.local/lib/python3.12/site-packages/airflow/example_dags/example_task_group.py
[2025-01-17T10:37:30.441+0000] {processor.py:925} INFO - DAG(s) 'example_task_group' retrieved from /home/airflow/.local/lib/python3.12/site-packages/airflow/example_dags/example_task_group.py
[2025-01-17T10:37:30.478+0000] {logging_mixin.py:190} INFO - [2025-01-17T10:37:30.478+0000] {dag.py:3239} INFO - Sync 1 DAGs
[2025-01-17T10:37:30.496+0000] {logging_mixin.py:190} INFO - [2025-01-17T10:37:30.496+0000] {dag.py:4180} INFO - Setting next_dagrun for example_task_group to None, run_after=None
[2025-01-17T10:37:30.521+0000] {processor.py:208} INFO - Processing /home/airflow/.local/lib/python3.12/site-packages/airflow/example_dags/example_task_group.py took 0.105 seconds
[2025-01-17T10:38:01.886+0000] {processor.py:186} INFO - Started process (PID=146) to work on /home/airflow/.local/lib/python3.12/site-packages/airflow/example_dags/example_task_group.py
[2025-01-17T10:38:01.888+0000] {processor.py:914} INFO - Processing file /home/airflow/.local/lib/python3.12/site-packages/airflow/example_dags/example_task_group.py for tasks to queue
[2025-01-17T10:38:01.892+0000] {logging_mixin.py:190} INFO - [2025-01-17T10:38:01.892+0000] {dagbag.py:588} INFO - Filling up the DagBag from /home/airflow/.local/lib/python3.12/site-packages/airflow/example_dags/example_task_group.py
[2025-01-17T10:38:01.905+0000] {processor.py:925} INFO - DAG(s) 'example_task_group' retrieved from /home/airflow/.local/lib/python3.12/site-packages/airflow/example_dags/example_task_group.py
[2025-01-17T10:38:01.941+0000] {logging_mixin.py:190} INFO - [2025-01-17T10:38:01.940+0000] {dag.py:3239} INFO - Sync 1 DAGs
[2025-01-17T10:38:01.964+0000] {logging_mixin.py:190} INFO - [2025-01-17T10:38:01.963+0000] {dag.py:4180} INFO - Setting next_dagrun for example_task_group to None, run_after=None
[2025-01-17T10:38:01.998+0000] {processor.py:208} INFO - Processing /home/airflow/.local/lib/python3.12/site-packages/airflow/example_dags/example_task_group.py took 0.122 seconds
[2025-01-17T10:52:14.255+0000] {processor.py:186} INFO - Started process (PID=83) to work on /home/airflow/.local/lib/python3.12/site-packages/airflow/example_dags/example_task_group.py
[2025-01-17T10:52:14.257+0000] {processor.py:914} INFO - Processing file /home/airflow/.local/lib/python3.12/site-packages/airflow/example_dags/example_task_group.py for tasks to queue
[2025-01-17T10:52:14.259+0000] {logging_mixin.py:190} INFO - [2025-01-17T10:52:14.259+0000] {dagbag.py:588} INFO - Filling up the DagBag from /home/airflow/.local/lib/python3.12/site-packages/airflow/example_dags/example_task_group.py
[2025-01-17T10:52:14.270+0000] {processor.py:925} INFO - DAG(s) 'example_task_group' retrieved from /home/airflow/.local/lib/python3.12/site-packages/airflow/example_dags/example_task_group.py
[2025-01-17T10:52:14.301+0000] {logging_mixin.py:190} INFO - [2025-01-17T10:52:14.300+0000] {dag.py:3239} INFO - Sync 1 DAGs
[2025-01-17T10:52:14.315+0000] {logging_mixin.py:190} INFO - [2025-01-17T10:52:14.315+0000] {dag.py:4180} INFO - Setting next_dagrun for example_task_group to None, run_after=None
[2025-01-17T10:52:14.337+0000] {processor.py:208} INFO - Processing /home/airflow/.local/lib/python3.12/site-packages/airflow/example_dags/example_task_group.py took 0.088 seconds
[2025-01-17T10:52:45.591+0000] {processor.py:186} INFO - Started process (PID=153) to work on /home/airflow/.local/lib/python3.12/site-packages/airflow/example_dags/example_task_group.py
[2025-01-17T10:52:45.593+0000] {processor.py:914} INFO - Processing file /home/airflow/.local/lib/python3.12/site-packages/airflow/example_dags/example_task_group.py for tasks to queue
[2025-01-17T10:52:45.596+0000] {logging_mixin.py:190} INFO - [2025-01-17T10:52:45.596+0000] {dagbag.py:588} INFO - Filling up the DagBag from /home/airflow/.local/lib/python3.12/site-packages/airflow/example_dags/example_task_group.py
[2025-01-17T10:52:45.604+0000] {processor.py:925} INFO - DAG(s) 'example_task_group' retrieved from /home/airflow/.local/lib/python3.12/site-packages/airflow/example_dags/example_task_group.py
[2025-01-17T10:52:45.629+0000] {logging_mixin.py:190} INFO - [2025-01-17T10:52:45.629+0000] {dag.py:3239} INFO - Sync 1 DAGs
[2025-01-17T10:52:45.644+0000] {logging_mixin.py:190} INFO - [2025-01-17T10:52:45.644+0000] {dag.py:4180} INFO - Setting next_dagrun for example_task_group to None, run_after=None
[2025-01-17T10:52:45.669+0000] {processor.py:208} INFO - Processing /home/airflow/.local/lib/python3.12/site-packages/airflow/example_dags/example_task_group.py took 0.083 seconds
[2025-01-17T10:53:16.892+0000] {processor.py:186} INFO - Started process (PID=217) to work on /home/airflow/.local/lib/python3.12/site-packages/airflow/example_dags/example_task_group.py
[2025-01-17T10:53:16.893+0000] {processor.py:914} INFO - Processing file /home/airflow/.local/lib/python3.12/site-packages/airflow/example_dags/example_task_group.py for tasks to queue
[2025-01-17T10:53:16.896+0000] {logging_mixin.py:190} INFO - [2025-01-17T10:53:16.896+0000] {dagbag.py:588} INFO - Filling up the DagBag from /home/airflow/.local/lib/python3.12/site-packages/airflow/example_dags/example_task_group.py
[2025-01-17T10:53:16.905+0000] {processor.py:925} INFO - DAG(s) 'example_task_group' retrieved from /home/airflow/.local/lib/python3.12/site-packages/airflow/example_dags/example_task_group.py
[2025-01-17T10:53:16.928+0000] {logging_mixin.py:190} INFO - [2025-01-17T10:53:16.928+0000] {dag.py:3239} INFO - Sync 1 DAGs
[2025-01-17T10:53:16.943+0000] {logging_mixin.py:190} INFO - [2025-01-17T10:53:16.943+0000] {dag.py:4180} INFO - Setting next_dagrun for example_task_group to None, run_after=None
[2025-01-17T10:53:16.964+0000] {processor.py:208} INFO - Processing /home/airflow/.local/lib/python3.12/site-packages/airflow/example_dags/example_task_group.py took 0.079 seconds
[2025-01-17T10:53:48.364+0000] {processor.py:186} INFO - Started process (PID=282) to work on /home/airflow/.local/lib/python3.12/site-packages/airflow/example_dags/example_task_group.py
[2025-01-17T10:53:48.365+0000] {processor.py:914} INFO - Processing file /home/airflow/.local/lib/python3.12/site-packages/airflow/example_dags/example_task_group.py for tasks to queue
[2025-01-17T10:53:48.368+0000] {logging_mixin.py:190} INFO - [2025-01-17T10:53:48.368+0000] {dagbag.py:588} INFO - Filling up the DagBag from /home/airflow/.local/lib/python3.12/site-packages/airflow/example_dags/example_task_group.py
[2025-01-17T10:53:48.377+0000] {processor.py:925} INFO - DAG(s) 'example_task_group' retrieved from /home/airflow/.local/lib/python3.12/site-packages/airflow/example_dags/example_task_group.py
[2025-01-17T10:53:48.400+0000] {logging_mixin.py:190} INFO - [2025-01-17T10:53:48.400+0000] {dag.py:3239} INFO - Sync 1 DAGs
[2025-01-17T10:53:48.415+0000] {logging_mixin.py:190} INFO - [2025-01-17T10:53:48.414+0000] {dag.py:4180} INFO - Setting next_dagrun for example_task_group to None, run_after=None
[2025-01-17T10:53:48.440+0000] {processor.py:208} INFO - Processing /home/airflow/.local/lib/python3.12/site-packages/airflow/example_dags/example_task_group.py took 0.081 seconds
[2025-01-17T10:54:19.630+0000] {processor.py:186} INFO - Started process (PID=346) to work on /home/airflow/.local/lib/python3.12/site-packages/airflow/example_dags/example_task_group.py
[2025-01-17T10:54:19.631+0000] {processor.py:914} INFO - Processing file /home/airflow/.local/lib/python3.12/site-packages/airflow/example_dags/example_task_group.py for tasks to queue
[2025-01-17T10:54:19.635+0000] {logging_mixin.py:190} INFO - [2025-01-17T10:54:19.634+0000] {dagbag.py:588} INFO - Filling up the DagBag from /home/airflow/.local/lib/python3.12/site-packages/airflow/example_dags/example_task_group.py
[2025-01-17T10:54:19.644+0000] {processor.py:925} INFO - DAG(s) 'example_task_group' retrieved from /home/airflow/.local/lib/python3.12/site-packages/airflow/example_dags/example_task_group.py
[2025-01-17T10:54:19.668+0000] {logging_mixin.py:190} INFO - [2025-01-17T10:54:19.667+0000] {dag.py:3239} INFO - Sync 1 DAGs
[2025-01-17T10:54:19.685+0000] {logging_mixin.py:190} INFO - [2025-01-17T10:54:19.684+0000] {dag.py:4180} INFO - Setting next_dagrun for example_task_group to None, run_after=None
[2025-01-17T10:54:19.709+0000] {processor.py:208} INFO - Processing /home/airflow/.local/lib/python3.12/site-packages/airflow/example_dags/example_task_group.py took 0.085 seconds
[2025-01-17T10:54:50.928+0000] {processor.py:186} INFO - Started process (PID=410) to work on /home/airflow/.local/lib/python3.12/site-packages/airflow/example_dags/example_task_group.py
[2025-01-17T10:54:50.929+0000] {processor.py:914} INFO - Processing file /home/airflow/.local/lib/python3.12/site-packages/airflow/example_dags/example_task_group.py for tasks to queue
[2025-01-17T10:54:50.932+0000] {logging_mixin.py:190} INFO - [2025-01-17T10:54:50.932+0000] {dagbag.py:588} INFO - Filling up the DagBag from /home/airflow/.local/lib/python3.12/site-packages/airflow/example_dags/example_task_group.py
[2025-01-17T10:54:50.941+0000] {processor.py:925} INFO - DAG(s) 'example_task_group' retrieved from /home/airflow/.local/lib/python3.12/site-packages/airflow/example_dags/example_task_group.py
[2025-01-17T10:54:50.967+0000] {logging_mixin.py:190} INFO - [2025-01-17T10:54:50.966+0000] {dag.py:3239} INFO - Sync 1 DAGs
[2025-01-17T10:54:50.981+0000] {logging_mixin.py:190} INFO - [2025-01-17T10:54:50.981+0000] {dag.py:4180} INFO - Setting next_dagrun for example_task_group to None, run_after=None
[2025-01-17T10:54:51.004+0000] {processor.py:208} INFO - Processing /home/airflow/.local/lib/python3.12/site-packages/airflow/example_dags/example_task_group.py took 0.082 seconds
[2025-01-17T10:55:22.426+0000] {processor.py:186} INFO - Started process (PID=474) to work on /home/airflow/.local/lib/python3.12/site-packages/airflow/example_dags/example_task_group.py
[2025-01-17T10:55:22.428+0000] {processor.py:914} INFO - Processing file /home/airflow/.local/lib/python3.12/site-packages/airflow/example_dags/example_task_group.py for tasks to queue
[2025-01-17T10:55:22.430+0000] {logging_mixin.py:190} INFO - [2025-01-17T10:55:22.430+0000] {dagbag.py:588} INFO - Filling up the DagBag from /home/airflow/.local/lib/python3.12/site-packages/airflow/example_dags/example_task_group.py
[2025-01-17T10:55:22.439+0000] {processor.py:925} INFO - DAG(s) 'example_task_group' retrieved from /home/airflow/.local/lib/python3.12/site-packages/airflow/example_dags/example_task_group.py
[2025-01-17T10:55:22.464+0000] {logging_mixin.py:190} INFO - [2025-01-17T10:55:22.463+0000] {dag.py:3239} INFO - Sync 1 DAGs
[2025-01-17T10:55:22.480+0000] {logging_mixin.py:190} INFO - [2025-01-17T10:55:22.479+0000] {dag.py:4180} INFO - Setting next_dagrun for example_task_group to None, run_after=None
[2025-01-17T10:55:22.504+0000] {processor.py:208} INFO - Processing /home/airflow/.local/lib/python3.12/site-packages/airflow/example_dags/example_task_group.py took 0.083 seconds
[2025-01-17T10:55:53.796+0000] {processor.py:186} INFO - Started process (PID=539) to work on /home/airflow/.local/lib/python3.12/site-packages/airflow/example_dags/example_task_group.py
[2025-01-17T10:55:53.797+0000] {processor.py:914} INFO - Processing file /home/airflow/.local/lib/python3.12/site-packages/airflow/example_dags/example_task_group.py for tasks to queue
[2025-01-17T10:55:53.800+0000] {logging_mixin.py:190} INFO - [2025-01-17T10:55:53.800+0000] {dagbag.py:588} INFO - Filling up the DagBag from /home/airflow/.local/lib/python3.12/site-packages/airflow/example_dags/example_task_group.py
[2025-01-17T10:55:53.813+0000] {processor.py:925} INFO - DAG(s) 'example_task_group' retrieved from /home/airflow/.local/lib/python3.12/site-packages/airflow/example_dags/example_task_group.py
[2025-01-17T10:55:53.843+0000] {logging_mixin.py:190} INFO - [2025-01-17T10:55:53.843+0000] {dag.py:3239} INFO - Sync 1 DAGs
[2025-01-17T10:55:53.867+0000] {logging_mixin.py:190} INFO - [2025-01-17T10:55:53.867+0000] {dag.py:4180} INFO - Setting next_dagrun for example_task_group to None, run_after=None
[2025-01-17T10:55:53.896+0000] {processor.py:208} INFO - Processing /home/airflow/.local/lib/python3.12/site-packages/airflow/example_dags/example_task_group.py took 0.108 seconds
[2025-01-17T10:56:25.026+0000] {processor.py:186} INFO - Started process (PID=603) to work on /home/airflow/.local/lib/python3.12/site-packages/airflow/example_dags/example_task_group.py
[2025-01-17T10:56:25.027+0000] {processor.py:914} INFO - Processing file /home/airflow/.local/lib/python3.12/site-packages/airflow/example_dags/example_task_group.py for tasks to queue
[2025-01-17T10:56:25.031+0000] {logging_mixin.py:190} INFO - [2025-01-17T10:56:25.030+0000] {dagbag.py:588} INFO - Filling up the DagBag from /home/airflow/.local/lib/python3.12/site-packages/airflow/example_dags/example_task_group.py
[2025-01-17T10:56:25.039+0000] {processor.py:925} INFO - DAG(s) 'example_task_group' retrieved from /home/airflow/.local/lib/python3.12/site-packages/airflow/example_dags/example_task_group.py
[2025-01-17T10:56:25.063+0000] {logging_mixin.py:190} INFO - [2025-01-17T10:56:25.062+0000] {dag.py:3239} INFO - Sync 1 DAGs
[2025-01-17T10:56:25.079+0000] {logging_mixin.py:190} INFO - [2025-01-17T10:56:25.079+0000] {dag.py:4180} INFO - Setting next_dagrun for example_task_group to None, run_after=None
[2025-01-17T10:56:25.103+0000] {processor.py:208} INFO - Processing /home/airflow/.local/lib/python3.12/site-packages/airflow/example_dags/example_task_group.py took 0.083 seconds
[2025-01-17T10:56:56.676+0000] {processor.py:186} INFO - Started process (PID=668) to work on /home/airflow/.local/lib/python3.12/site-packages/airflow/example_dags/example_task_group.py
[2025-01-17T10:56:56.677+0000] {processor.py:914} INFO - Processing file /home/airflow/.local/lib/python3.12/site-packages/airflow/example_dags/example_task_group.py for tasks to queue
[2025-01-17T10:56:56.680+0000] {logging_mixin.py:190} INFO - [2025-01-17T10:56:56.679+0000] {dagbag.py:588} INFO - Filling up the DagBag from /home/airflow/.local/lib/python3.12/site-packages/airflow/example_dags/example_task_group.py
[2025-01-17T10:56:56.689+0000] {processor.py:925} INFO - DAG(s) 'example_task_group' retrieved from /home/airflow/.local/lib/python3.12/site-packages/airflow/example_dags/example_task_group.py
[2025-01-17T10:56:56.713+0000] {logging_mixin.py:190} INFO - [2025-01-17T10:56:56.713+0000] {dag.py:3239} INFO - Sync 1 DAGs
[2025-01-17T10:56:56.729+0000] {logging_mixin.py:190} INFO - [2025-01-17T10:56:56.728+0000] {dag.py:4180} INFO - Setting next_dagrun for example_task_group to None, run_after=None
[2025-01-17T10:56:56.755+0000] {processor.py:208} INFO - Processing /home/airflow/.local/lib/python3.12/site-packages/airflow/example_dags/example_task_group.py took 0.085 seconds
[2025-01-17T10:57:27.407+0000] {processor.py:186} INFO - Started process (PID=732) to work on /home/airflow/.local/lib/python3.12/site-packages/airflow/example_dags/example_task_group.py
[2025-01-17T10:57:27.408+0000] {processor.py:914} INFO - Processing file /home/airflow/.local/lib/python3.12/site-packages/airflow/example_dags/example_task_group.py for tasks to queue
[2025-01-17T10:57:27.411+0000] {logging_mixin.py:190} INFO - [2025-01-17T10:57:27.410+0000] {dagbag.py:588} INFO - Filling up the DagBag from /home/airflow/.local/lib/python3.12/site-packages/airflow/example_dags/example_task_group.py
[2025-01-17T10:57:27.419+0000] {processor.py:925} INFO - DAG(s) 'example_task_group' retrieved from /home/airflow/.local/lib/python3.12/site-packages/airflow/example_dags/example_task_group.py
[2025-01-17T10:57:27.441+0000] {logging_mixin.py:190} INFO - [2025-01-17T10:57:27.441+0000] {dag.py:3239} INFO - Sync 1 DAGs
[2025-01-17T10:57:27.456+0000] {logging_mixin.py:190} INFO - [2025-01-17T10:57:27.455+0000] {dag.py:4180} INFO - Setting next_dagrun for example_task_group to None, run_after=None
[2025-01-17T10:57:27.479+0000] {processor.py:208} INFO - Processing /home/airflow/.local/lib/python3.12/site-packages/airflow/example_dags/example_task_group.py took 0.078 seconds
[2025-01-17T10:57:59.034+0000] {processor.py:186} INFO - Started process (PID=796) to work on /home/airflow/.local/lib/python3.12/site-packages/airflow/example_dags/example_task_group.py
[2025-01-17T10:57:59.036+0000] {processor.py:914} INFO - Processing file /home/airflow/.local/lib/python3.12/site-packages/airflow/example_dags/example_task_group.py for tasks to queue
[2025-01-17T10:57:59.038+0000] {logging_mixin.py:190} INFO - [2025-01-17T10:57:59.038+0000] {dagbag.py:588} INFO - Filling up the DagBag from /home/airflow/.local/lib/python3.12/site-packages/airflow/example_dags/example_task_group.py
[2025-01-17T10:57:59.047+0000] {processor.py:925} INFO - DAG(s) 'example_task_group' retrieved from /home/airflow/.local/lib/python3.12/site-packages/airflow/example_dags/example_task_group.py
[2025-01-17T10:57:59.072+0000] {logging_mixin.py:190} INFO - [2025-01-17T10:57:59.071+0000] {dag.py:3239} INFO - Sync 1 DAGs
[2025-01-17T10:57:59.085+0000] {logging_mixin.py:190} INFO - [2025-01-17T10:57:59.085+0000] {dag.py:4180} INFO - Setting next_dagrun for example_task_group to None, run_after=None
[2025-01-17T10:57:59.108+0000] {processor.py:208} INFO - Processing /home/airflow/.local/lib/python3.12/site-packages/airflow/example_dags/example_task_group.py took 0.079 seconds
[2025-01-17T10:58:30.872+0000] {processor.py:186} INFO - Started process (PID=860) to work on /home/airflow/.local/lib/python3.12/site-packages/airflow/example_dags/example_task_group.py
[2025-01-17T10:58:30.874+0000] {processor.py:914} INFO - Processing file /home/airflow/.local/lib/python3.12/site-packages/airflow/example_dags/example_task_group.py for tasks to queue
[2025-01-17T10:58:30.877+0000] {logging_mixin.py:190} INFO - [2025-01-17T10:58:30.877+0000] {dagbag.py:588} INFO - Filling up the DagBag from /home/airflow/.local/lib/python3.12/site-packages/airflow/example_dags/example_task_group.py
[2025-01-17T10:58:30.890+0000] {processor.py:925} INFO - DAG(s) 'example_task_group' retrieved from /home/airflow/.local/lib/python3.12/site-packages/airflow/example_dags/example_task_group.py
[2025-01-17T10:58:30.925+0000] {logging_mixin.py:190} INFO - [2025-01-17T10:58:30.925+0000] {dag.py:3239} INFO - Sync 1 DAGs
[2025-01-17T10:58:30.947+0000] {logging_mixin.py:190} INFO - [2025-01-17T10:58:30.946+0000] {dag.py:4180} INFO - Setting next_dagrun for example_task_group to None, run_after=None
[2025-01-17T10:58:30.982+0000] {processor.py:208} INFO - Processing /home/airflow/.local/lib/python3.12/site-packages/airflow/example_dags/example_task_group.py took 0.117 seconds
[2025-01-17T10:59:01.648+0000] {processor.py:186} INFO - Started process (PID=924) to work on /home/airflow/.local/lib/python3.12/site-packages/airflow/example_dags/example_task_group.py
[2025-01-17T10:59:01.649+0000] {processor.py:914} INFO - Processing file /home/airflow/.local/lib/python3.12/site-packages/airflow/example_dags/example_task_group.py for tasks to queue
[2025-01-17T10:59:01.652+0000] {logging_mixin.py:190} INFO - [2025-01-17T10:59:01.652+0000] {dagbag.py:588} INFO - Filling up the DagBag from /home/airflow/.local/lib/python3.12/site-packages/airflow/example_dags/example_task_group.py
[2025-01-17T10:59:01.662+0000] {processor.py:925} INFO - DAG(s) 'example_task_group' retrieved from /home/airflow/.local/lib/python3.12/site-packages/airflow/example_dags/example_task_group.py
[2025-01-17T10:59:01.687+0000] {logging_mixin.py:190} INFO - [2025-01-17T10:59:01.687+0000] {dag.py:3239} INFO - Sync 1 DAGs
[2025-01-17T10:59:01.701+0000] {logging_mixin.py:190} INFO - [2025-01-17T10:59:01.700+0000] {dag.py:4180} INFO - Setting next_dagrun for example_task_group to None, run_after=None
[2025-01-17T10:59:01.724+0000] {processor.py:208} INFO - Processing /home/airflow/.local/lib/python3.12/site-packages/airflow/example_dags/example_task_group.py took 0.081 seconds
[2025-01-17T10:59:32.937+0000] {processor.py:186} INFO - Started process (PID=988) to work on /home/airflow/.local/lib/python3.12/site-packages/airflow/example_dags/example_task_group.py
[2025-01-17T10:59:32.938+0000] {processor.py:914} INFO - Processing file /home/airflow/.local/lib/python3.12/site-packages/airflow/example_dags/example_task_group.py for tasks to queue
[2025-01-17T10:59:32.941+0000] {logging_mixin.py:190} INFO - [2025-01-17T10:59:32.941+0000] {dagbag.py:588} INFO - Filling up the DagBag from /home/airflow/.local/lib/python3.12/site-packages/airflow/example_dags/example_task_group.py
[2025-01-17T10:59:32.950+0000] {processor.py:925} INFO - DAG(s) 'example_task_group' retrieved from /home/airflow/.local/lib/python3.12/site-packages/airflow/example_dags/example_task_group.py
[2025-01-17T10:59:32.973+0000] {logging_mixin.py:190} INFO - [2025-01-17T10:59:32.973+0000] {dag.py:3239} INFO - Sync 1 DAGs
[2025-01-17T10:59:32.987+0000] {logging_mixin.py:190} INFO - [2025-01-17T10:59:32.987+0000] {dag.py:4180} INFO - Setting next_dagrun for example_task_group to None, run_after=None
[2025-01-17T10:59:33.012+0000] {processor.py:208} INFO - Processing /home/airflow/.local/lib/python3.12/site-packages/airflow/example_dags/example_task_group.py took 0.080 seconds
[2025-01-17T11:00:03.990+0000] {processor.py:186} INFO - Started process (PID=1052) to work on /home/airflow/.local/lib/python3.12/site-packages/airflow/example_dags/example_task_group.py
[2025-01-17T11:00:03.991+0000] {processor.py:914} INFO - Processing file /home/airflow/.local/lib/python3.12/site-packages/airflow/example_dags/example_task_group.py for tasks to queue
[2025-01-17T11:00:03.994+0000] {logging_mixin.py:190} INFO - [2025-01-17T11:00:03.994+0000] {dagbag.py:588} INFO - Filling up the DagBag from /home/airflow/.local/lib/python3.12/site-packages/airflow/example_dags/example_task_group.py
[2025-01-17T11:00:04.005+0000] {processor.py:925} INFO - DAG(s) 'example_task_group' retrieved from /home/airflow/.local/lib/python3.12/site-packages/airflow/example_dags/example_task_group.py
[2025-01-17T11:00:04.034+0000] {logging_mixin.py:190} INFO - [2025-01-17T11:00:04.033+0000] {dag.py:3239} INFO - Sync 1 DAGs
[2025-01-17T11:00:04.048+0000] {logging_mixin.py:190} INFO - [2025-01-17T11:00:04.048+0000] {dag.py:4180} INFO - Setting next_dagrun for example_task_group to None, run_after=None
[2025-01-17T11:00:04.073+0000] {processor.py:208} INFO - Processing /home/airflow/.local/lib/python3.12/site-packages/airflow/example_dags/example_task_group.py took 0.090 seconds
[2025-01-17T11:22:01.521+0000] {processor.py:186} INFO - Started process (PID=76) to work on /home/airflow/.local/lib/python3.12/site-packages/airflow/example_dags/example_task_group.py
[2025-01-17T11:22:01.522+0000] {processor.py:914} INFO - Processing file /home/airflow/.local/lib/python3.12/site-packages/airflow/example_dags/example_task_group.py for tasks to queue
[2025-01-17T11:22:01.524+0000] {logging_mixin.py:190} INFO - [2025-01-17T11:22:01.524+0000] {dagbag.py:588} INFO - Filling up the DagBag from /home/airflow/.local/lib/python3.12/site-packages/airflow/example_dags/example_task_group.py
[2025-01-17T11:22:01.535+0000] {processor.py:925} INFO - DAG(s) 'example_task_group' retrieved from /home/airflow/.local/lib/python3.12/site-packages/airflow/example_dags/example_task_group.py
[2025-01-17T11:22:01.565+0000] {logging_mixin.py:190} INFO - [2025-01-17T11:22:01.565+0000] {dag.py:3239} INFO - Sync 1 DAGs
[2025-01-17T11:22:01.581+0000] {logging_mixin.py:190} INFO - [2025-01-17T11:22:01.580+0000] {dag.py:4180} INFO - Setting next_dagrun for example_task_group to None, run_after=None
[2025-01-17T11:22:01.605+0000] {processor.py:208} INFO - Processing /home/airflow/.local/lib/python3.12/site-packages/airflow/example_dags/example_task_group.py took 0.089 seconds
[2025-01-17T11:22:32.490+0000] {processor.py:186} INFO - Started process (PID=140) to work on /home/airflow/.local/lib/python3.12/site-packages/airflow/example_dags/example_task_group.py
[2025-01-17T11:22:32.491+0000] {processor.py:914} INFO - Processing file /home/airflow/.local/lib/python3.12/site-packages/airflow/example_dags/example_task_group.py for tasks to queue
[2025-01-17T11:22:32.494+0000] {logging_mixin.py:190} INFO - [2025-01-17T11:22:32.493+0000] {dagbag.py:588} INFO - Filling up the DagBag from /home/airflow/.local/lib/python3.12/site-packages/airflow/example_dags/example_task_group.py
[2025-01-17T11:22:32.503+0000] {processor.py:925} INFO - DAG(s) 'example_task_group' retrieved from /home/airflow/.local/lib/python3.12/site-packages/airflow/example_dags/example_task_group.py
[2025-01-17T11:22:32.528+0000] {logging_mixin.py:190} INFO - [2025-01-17T11:22:32.528+0000] {dag.py:3239} INFO - Sync 1 DAGs
[2025-01-17T11:22:32.543+0000] {logging_mixin.py:190} INFO - [2025-01-17T11:22:32.543+0000] {dag.py:4180} INFO - Setting next_dagrun for example_task_group to None, run_after=None
[2025-01-17T11:22:32.567+0000] {processor.py:208} INFO - Processing /home/airflow/.local/lib/python3.12/site-packages/airflow/example_dags/example_task_group.py took 0.082 seconds
[2025-01-17T11:23:03.841+0000] {processor.py:186} INFO - Started process (PID=210) to work on /home/airflow/.local/lib/python3.12/site-packages/airflow/example_dags/example_task_group.py
[2025-01-17T11:23:03.843+0000] {processor.py:914} INFO - Processing file /home/airflow/.local/lib/python3.12/site-packages/airflow/example_dags/example_task_group.py for tasks to queue
[2025-01-17T11:23:03.846+0000] {logging_mixin.py:190} INFO - [2025-01-17T11:23:03.846+0000] {dagbag.py:588} INFO - Filling up the DagBag from /home/airflow/.local/lib/python3.12/site-packages/airflow/example_dags/example_task_group.py
[2025-01-17T11:23:03.855+0000] {processor.py:925} INFO - DAG(s) 'example_task_group' retrieved from /home/airflow/.local/lib/python3.12/site-packages/airflow/example_dags/example_task_group.py
[2025-01-17T11:23:03.880+0000] {logging_mixin.py:190} INFO - [2025-01-17T11:23:03.879+0000] {dag.py:3239} INFO - Sync 1 DAGs
[2025-01-17T11:23:03.895+0000] {logging_mixin.py:190} INFO - [2025-01-17T11:23:03.895+0000] {dag.py:4180} INFO - Setting next_dagrun for example_task_group to None, run_after=None
[2025-01-17T11:23:03.921+0000] {processor.py:208} INFO - Processing /home/airflow/.local/lib/python3.12/site-packages/airflow/example_dags/example_task_group.py took 0.086 seconds
[2025-01-17T11:23:35.526+0000] {processor.py:186} INFO - Started process (PID=274) to work on /home/airflow/.local/lib/python3.12/site-packages/airflow/example_dags/example_task_group.py
[2025-01-17T11:23:35.528+0000] {processor.py:914} INFO - Processing file /home/airflow/.local/lib/python3.12/site-packages/airflow/example_dags/example_task_group.py for tasks to queue
[2025-01-17T11:23:35.531+0000] {logging_mixin.py:190} INFO - [2025-01-17T11:23:35.531+0000] {dagbag.py:588} INFO - Filling up the DagBag from /home/airflow/.local/lib/python3.12/site-packages/airflow/example_dags/example_task_group.py
[2025-01-17T11:23:35.540+0000] {processor.py:925} INFO - DAG(s) 'example_task_group' retrieved from /home/airflow/.local/lib/python3.12/site-packages/airflow/example_dags/example_task_group.py
[2025-01-17T11:23:35.564+0000] {logging_mixin.py:190} INFO - [2025-01-17T11:23:35.564+0000] {dag.py:3239} INFO - Sync 1 DAGs
[2025-01-17T11:23:35.579+0000] {logging_mixin.py:190} INFO - [2025-01-17T11:23:35.579+0000] {dag.py:4180} INFO - Setting next_dagrun for example_task_group to None, run_after=None
[2025-01-17T11:23:35.605+0000] {processor.py:208} INFO - Processing /home/airflow/.local/lib/python3.12/site-packages/airflow/example_dags/example_task_group.py took 0.084 seconds
[2025-01-17T11:24:06.783+0000] {processor.py:186} INFO - Started process (PID=338) to work on /home/airflow/.local/lib/python3.12/site-packages/airflow/example_dags/example_task_group.py
[2025-01-17T11:24:06.784+0000] {processor.py:914} INFO - Processing file /home/airflow/.local/lib/python3.12/site-packages/airflow/example_dags/example_task_group.py for tasks to queue
[2025-01-17T11:24:06.786+0000] {logging_mixin.py:190} INFO - [2025-01-17T11:24:06.786+0000] {dagbag.py:588} INFO - Filling up the DagBag from /home/airflow/.local/lib/python3.12/site-packages/airflow/example_dags/example_task_group.py
[2025-01-17T11:24:06.795+0000] {processor.py:925} INFO - DAG(s) 'example_task_group' retrieved from /home/airflow/.local/lib/python3.12/site-packages/airflow/example_dags/example_task_group.py
[2025-01-17T11:24:06.820+0000] {logging_mixin.py:190} INFO - [2025-01-17T11:24:06.819+0000] {dag.py:3239} INFO - Sync 1 DAGs
[2025-01-17T11:24:06.835+0000] {logging_mixin.py:190} INFO - [2025-01-17T11:24:06.834+0000] {dag.py:4180} INFO - Setting next_dagrun for example_task_group to None, run_after=None
[2025-01-17T11:24:06.860+0000] {processor.py:208} INFO - Processing /home/airflow/.local/lib/python3.12/site-packages/airflow/example_dags/example_task_group.py took 0.084 seconds
[2025-01-17T11:24:37.953+0000] {processor.py:186} INFO - Started process (PID=402) to work on /home/airflow/.local/lib/python3.12/site-packages/airflow/example_dags/example_task_group.py
[2025-01-17T11:24:37.954+0000] {processor.py:914} INFO - Processing file /home/airflow/.local/lib/python3.12/site-packages/airflow/example_dags/example_task_group.py for tasks to queue
[2025-01-17T11:24:37.956+0000] {logging_mixin.py:190} INFO - [2025-01-17T11:24:37.956+0000] {dagbag.py:588} INFO - Filling up the DagBag from /home/airflow/.local/lib/python3.12/site-packages/airflow/example_dags/example_task_group.py
[2025-01-17T11:24:37.965+0000] {processor.py:925} INFO - DAG(s) 'example_task_group' retrieved from /home/airflow/.local/lib/python3.12/site-packages/airflow/example_dags/example_task_group.py
[2025-01-17T11:24:37.989+0000] {logging_mixin.py:190} INFO - [2025-01-17T11:24:37.989+0000] {dag.py:3239} INFO - Sync 1 DAGs
[2025-01-17T11:24:38.004+0000] {logging_mixin.py:190} INFO - [2025-01-17T11:24:38.003+0000] {dag.py:4180} INFO - Setting next_dagrun for example_task_group to None, run_after=None
[2025-01-17T11:24:38.027+0000] {processor.py:208} INFO - Processing /home/airflow/.local/lib/python3.12/site-packages/airflow/example_dags/example_task_group.py took 0.079 seconds
[2025-01-17T11:25:09.439+0000] {processor.py:186} INFO - Started process (PID=466) to work on /home/airflow/.local/lib/python3.12/site-packages/airflow/example_dags/example_task_group.py
[2025-01-17T11:25:09.440+0000] {processor.py:914} INFO - Processing file /home/airflow/.local/lib/python3.12/site-packages/airflow/example_dags/example_task_group.py for tasks to queue
[2025-01-17T11:25:09.443+0000] {logging_mixin.py:190} INFO - [2025-01-17T11:25:09.442+0000] {dagbag.py:588} INFO - Filling up the DagBag from /home/airflow/.local/lib/python3.12/site-packages/airflow/example_dags/example_task_group.py
[2025-01-17T11:25:09.452+0000] {processor.py:925} INFO - DAG(s) 'example_task_group' retrieved from /home/airflow/.local/lib/python3.12/site-packages/airflow/example_dags/example_task_group.py
[2025-01-17T11:25:09.482+0000] {logging_mixin.py:190} INFO - [2025-01-17T11:25:09.481+0000] {dag.py:3239} INFO - Sync 1 DAGs
[2025-01-17T11:25:09.499+0000] {logging_mixin.py:190} INFO - [2025-01-17T11:25:09.499+0000] {dag.py:4180} INFO - Setting next_dagrun for example_task_group to None, run_after=None
[2025-01-17T11:25:09.523+0000] {processor.py:208} INFO - Processing /home/airflow/.local/lib/python3.12/site-packages/airflow/example_dags/example_task_group.py took 0.091 seconds
[2025-01-17T11:25:40.889+0000] {processor.py:186} INFO - Started process (PID=531) to work on /home/airflow/.local/lib/python3.12/site-packages/airflow/example_dags/example_task_group.py
[2025-01-17T11:25:40.890+0000] {processor.py:914} INFO - Processing file /home/airflow/.local/lib/python3.12/site-packages/airflow/example_dags/example_task_group.py for tasks to queue
[2025-01-17T11:25:40.892+0000] {logging_mixin.py:190} INFO - [2025-01-17T11:25:40.892+0000] {dagbag.py:588} INFO - Filling up the DagBag from /home/airflow/.local/lib/python3.12/site-packages/airflow/example_dags/example_task_group.py
[2025-01-17T11:25:40.901+0000] {processor.py:925} INFO - DAG(s) 'example_task_group' retrieved from /home/airflow/.local/lib/python3.12/site-packages/airflow/example_dags/example_task_group.py
[2025-01-17T11:25:40.924+0000] {logging_mixin.py:190} INFO - [2025-01-17T11:25:40.924+0000] {dag.py:3239} INFO - Sync 1 DAGs
[2025-01-17T11:25:40.940+0000] {logging_mixin.py:190} INFO - [2025-01-17T11:25:40.939+0000] {dag.py:4180} INFO - Setting next_dagrun for example_task_group to None, run_after=None
[2025-01-17T11:25:40.963+0000] {processor.py:208} INFO - Processing /home/airflow/.local/lib/python3.12/site-packages/airflow/example_dags/example_task_group.py took 0.079 seconds
[2025-01-17T11:26:11.689+0000] {processor.py:186} INFO - Started process (PID=595) to work on /home/airflow/.local/lib/python3.12/site-packages/airflow/example_dags/example_task_group.py
[2025-01-17T11:26:11.691+0000] {processor.py:914} INFO - Processing file /home/airflow/.local/lib/python3.12/site-packages/airflow/example_dags/example_task_group.py for tasks to queue
[2025-01-17T11:26:11.695+0000] {logging_mixin.py:190} INFO - [2025-01-17T11:26:11.694+0000] {dagbag.py:588} INFO - Filling up the DagBag from /home/airflow/.local/lib/python3.12/site-packages/airflow/example_dags/example_task_group.py
[2025-01-17T11:26:11.704+0000] {processor.py:925} INFO - DAG(s) 'example_task_group' retrieved from /home/airflow/.local/lib/python3.12/site-packages/airflow/example_dags/example_task_group.py
[2025-01-17T11:26:11.730+0000] {logging_mixin.py:190} INFO - [2025-01-17T11:26:11.730+0000] {dag.py:3239} INFO - Sync 1 DAGs
[2025-01-17T11:26:11.745+0000] {logging_mixin.py:190} INFO - [2025-01-17T11:26:11.745+0000] {dag.py:4180} INFO - Setting next_dagrun for example_task_group to None, run_after=None
[2025-01-17T11:26:11.774+0000] {processor.py:208} INFO - Processing /home/airflow/.local/lib/python3.12/site-packages/airflow/example_dags/example_task_group.py took 0.091 seconds
[2025-01-17T11:26:43.102+0000] {processor.py:186} INFO - Started process (PID=659) to work on /home/airflow/.local/lib/python3.12/site-packages/airflow/example_dags/example_task_group.py
[2025-01-17T11:26:43.103+0000] {processor.py:914} INFO - Processing file /home/airflow/.local/lib/python3.12/site-packages/airflow/example_dags/example_task_group.py for tasks to queue
[2025-01-17T11:26:43.106+0000] {logging_mixin.py:190} INFO - [2025-01-17T11:26:43.105+0000] {dagbag.py:588} INFO - Filling up the DagBag from /home/airflow/.local/lib/python3.12/site-packages/airflow/example_dags/example_task_group.py
[2025-01-17T11:26:43.115+0000] {processor.py:925} INFO - DAG(s) 'example_task_group' retrieved from /home/airflow/.local/lib/python3.12/site-packages/airflow/example_dags/example_task_group.py
[2025-01-17T11:26:43.140+0000] {logging_mixin.py:190} INFO - [2025-01-17T11:26:43.140+0000] {dag.py:3239} INFO - Sync 1 DAGs
[2025-01-17T11:26:43.156+0000] {logging_mixin.py:190} INFO - [2025-01-17T11:26:43.155+0000] {dag.py:4180} INFO - Setting next_dagrun for example_task_group to None, run_after=None
[2025-01-17T11:26:43.178+0000] {processor.py:208} INFO - Processing /home/airflow/.local/lib/python3.12/site-packages/airflow/example_dags/example_task_group.py took 0.081 seconds
[2025-01-17T11:27:14.607+0000] {processor.py:186} INFO - Started process (PID=723) to work on /home/airflow/.local/lib/python3.12/site-packages/airflow/example_dags/example_task_group.py
[2025-01-17T11:27:14.608+0000] {processor.py:914} INFO - Processing file /home/airflow/.local/lib/python3.12/site-packages/airflow/example_dags/example_task_group.py for tasks to queue
[2025-01-17T11:27:14.611+0000] {logging_mixin.py:190} INFO - [2025-01-17T11:27:14.611+0000] {dagbag.py:588} INFO - Filling up the DagBag from /home/airflow/.local/lib/python3.12/site-packages/airflow/example_dags/example_task_group.py
[2025-01-17T11:27:14.621+0000] {processor.py:925} INFO - DAG(s) 'example_task_group' retrieved from /home/airflow/.local/lib/python3.12/site-packages/airflow/example_dags/example_task_group.py
[2025-01-17T11:27:14.644+0000] {logging_mixin.py:190} INFO - [2025-01-17T11:27:14.644+0000] {dag.py:3239} INFO - Sync 1 DAGs
[2025-01-17T11:27:14.660+0000] {logging_mixin.py:190} INFO - [2025-01-17T11:27:14.660+0000] {dag.py:4180} INFO - Setting next_dagrun for example_task_group to None, run_after=None
[2025-01-17T11:27:14.685+0000] {processor.py:208} INFO - Processing /home/airflow/.local/lib/python3.12/site-packages/airflow/example_dags/example_task_group.py took 0.084 seconds
[2025-01-17T11:27:45.850+0000] {processor.py:186} INFO - Started process (PID=787) to work on /home/airflow/.local/lib/python3.12/site-packages/airflow/example_dags/example_task_group.py
[2025-01-17T11:27:45.852+0000] {processor.py:914} INFO - Processing file /home/airflow/.local/lib/python3.12/site-packages/airflow/example_dags/example_task_group.py for tasks to queue
[2025-01-17T11:27:45.855+0000] {logging_mixin.py:190} INFO - [2025-01-17T11:27:45.854+0000] {dagbag.py:588} INFO - Filling up the DagBag from /home/airflow/.local/lib/python3.12/site-packages/airflow/example_dags/example_task_group.py
[2025-01-17T11:27:45.866+0000] {processor.py:925} INFO - DAG(s) 'example_task_group' retrieved from /home/airflow/.local/lib/python3.12/site-packages/airflow/example_dags/example_task_group.py
[2025-01-17T11:27:45.893+0000] {logging_mixin.py:190} INFO - [2025-01-17T11:27:45.893+0000] {dag.py:3239} INFO - Sync 1 DAGs
[2025-01-17T11:27:45.906+0000] {logging_mixin.py:190} INFO - [2025-01-17T11:27:45.906+0000] {dag.py:4180} INFO - Setting next_dagrun for example_task_group to None, run_after=None
[2025-01-17T11:27:45.933+0000] {processor.py:208} INFO - Processing /home/airflow/.local/lib/python3.12/site-packages/airflow/example_dags/example_task_group.py took 0.090 seconds
[2025-01-17T11:28:16.807+0000] {processor.py:186} INFO - Started process (PID=851) to work on /home/airflow/.local/lib/python3.12/site-packages/airflow/example_dags/example_task_group.py
[2025-01-17T11:28:16.808+0000] {processor.py:914} INFO - Processing file /home/airflow/.local/lib/python3.12/site-packages/airflow/example_dags/example_task_group.py for tasks to queue
[2025-01-17T11:28:16.812+0000] {logging_mixin.py:190} INFO - [2025-01-17T11:28:16.811+0000] {dagbag.py:588} INFO - Filling up the DagBag from /home/airflow/.local/lib/python3.12/site-packages/airflow/example_dags/example_task_group.py
[2025-01-17T11:28:16.821+0000] {processor.py:925} INFO - DAG(s) 'example_task_group' retrieved from /home/airflow/.local/lib/python3.12/site-packages/airflow/example_dags/example_task_group.py
[2025-01-17T11:28:16.846+0000] {logging_mixin.py:190} INFO - [2025-01-17T11:28:16.846+0000] {dag.py:3239} INFO - Sync 1 DAGs
[2025-01-17T11:28:16.862+0000] {logging_mixin.py:190} INFO - [2025-01-17T11:28:16.862+0000] {dag.py:4180} INFO - Setting next_dagrun for example_task_group to None, run_after=None
[2025-01-17T11:28:16.888+0000] {processor.py:208} INFO - Processing /home/airflow/.local/lib/python3.12/site-packages/airflow/example_dags/example_task_group.py took 0.087 seconds
[2025-01-17T11:28:47.715+0000] {processor.py:186} INFO - Started process (PID=916) to work on /home/airflow/.local/lib/python3.12/site-packages/airflow/example_dags/example_task_group.py
[2025-01-17T11:28:47.716+0000] {processor.py:914} INFO - Processing file /home/airflow/.local/lib/python3.12/site-packages/airflow/example_dags/example_task_group.py for tasks to queue
[2025-01-17T11:28:47.720+0000] {logging_mixin.py:190} INFO - [2025-01-17T11:28:47.720+0000] {dagbag.py:588} INFO - Filling up the DagBag from /home/airflow/.local/lib/python3.12/site-packages/airflow/example_dags/example_task_group.py
[2025-01-17T11:28:47.730+0000] {processor.py:925} INFO - DAG(s) 'example_task_group' retrieved from /home/airflow/.local/lib/python3.12/site-packages/airflow/example_dags/example_task_group.py
[2025-01-17T11:28:47.754+0000] {logging_mixin.py:190} INFO - [2025-01-17T11:28:47.754+0000] {dag.py:3239} INFO - Sync 1 DAGs
[2025-01-17T11:28:47.771+0000] {logging_mixin.py:190} INFO - [2025-01-17T11:28:47.771+0000] {dag.py:4180} INFO - Setting next_dagrun for example_task_group to None, run_after=None
[2025-01-17T11:28:47.795+0000] {processor.py:208} INFO - Processing /home/airflow/.local/lib/python3.12/site-packages/airflow/example_dags/example_task_group.py took 0.086 seconds
[2025-01-17T11:29:18.756+0000] {processor.py:186} INFO - Started process (PID=980) to work on /home/airflow/.local/lib/python3.12/site-packages/airflow/example_dags/example_task_group.py
[2025-01-17T11:29:18.757+0000] {processor.py:914} INFO - Processing file /home/airflow/.local/lib/python3.12/site-packages/airflow/example_dags/example_task_group.py for tasks to queue
[2025-01-17T11:29:18.760+0000] {logging_mixin.py:190} INFO - [2025-01-17T11:29:18.760+0000] {dagbag.py:588} INFO - Filling up the DagBag from /home/airflow/.local/lib/python3.12/site-packages/airflow/example_dags/example_task_group.py
[2025-01-17T11:29:18.769+0000] {processor.py:925} INFO - DAG(s) 'example_task_group' retrieved from /home/airflow/.local/lib/python3.12/site-packages/airflow/example_dags/example_task_group.py
[2025-01-17T11:29:18.795+0000] {logging_mixin.py:190} INFO - [2025-01-17T11:29:18.794+0000] {dag.py:3239} INFO - Sync 1 DAGs
[2025-01-17T11:29:18.810+0000] {logging_mixin.py:190} INFO - [2025-01-17T11:29:18.810+0000] {dag.py:4180} INFO - Setting next_dagrun for example_task_group to None, run_after=None
[2025-01-17T11:29:18.839+0000] {processor.py:208} INFO - Processing /home/airflow/.local/lib/python3.12/site-packages/airflow/example_dags/example_task_group.py took 0.089 seconds
[2025-01-17T11:29:49.576+0000] {processor.py:186} INFO - Started process (PID=1043) to work on /home/airflow/.local/lib/python3.12/site-packages/airflow/example_dags/example_task_group.py
[2025-01-17T11:29:49.578+0000] {processor.py:914} INFO - Processing file /home/airflow/.local/lib/python3.12/site-packages/airflow/example_dags/example_task_group.py for tasks to queue
[2025-01-17T11:29:49.580+0000] {logging_mixin.py:190} INFO - [2025-01-17T11:29:49.580+0000] {dagbag.py:588} INFO - Filling up the DagBag from /home/airflow/.local/lib/python3.12/site-packages/airflow/example_dags/example_task_group.py
[2025-01-17T11:29:49.589+0000] {processor.py:925} INFO - DAG(s) 'example_task_group' retrieved from /home/airflow/.local/lib/python3.12/site-packages/airflow/example_dags/example_task_group.py
[2025-01-17T11:29:49.615+0000] {logging_mixin.py:190} INFO - [2025-01-17T11:29:49.615+0000] {dag.py:3239} INFO - Sync 1 DAGs
[2025-01-17T11:29:49.630+0000] {logging_mixin.py:190} INFO - [2025-01-17T11:29:49.629+0000] {dag.py:4180} INFO - Setting next_dagrun for example_task_group to None, run_after=None
[2025-01-17T11:29:49.655+0000] {processor.py:208} INFO - Processing /home/airflow/.local/lib/python3.12/site-packages/airflow/example_dags/example_task_group.py took 0.084 seconds
