[2025-01-17T10:31:59.456+0000] {processor.py:186} INFO - Started process (PID=78) to work on /home/airflow/.local/lib/python3.12/site-packages/airflow/example_dags/example_dataset_alias.py
[2025-01-17T10:31:59.457+0000] {processor.py:914} INFO - Processing file /home/airflow/.local/lib/python3.12/site-packages/airflow/example_dags/example_dataset_alias.py for tasks to queue
[2025-01-17T10:31:59.462+0000] {logging_mixin.py:190} INFO - [2025-01-17T10:31:59.461+0000] {dagbag.py:588} INFO - Filling up the DagBag from /home/airflow/.local/lib/python3.12/site-packages/airflow/example_dags/example_dataset_alias.py
[2025-01-17T10:32:00.520+0000] {processor.py:925} INFO - DAG(s) 'dataset_s3_bucket_consumer', 'dataset_alias_example_alias_producer', 'dataset_alias_example_alias_consumer', 'dataset_s3_bucket_producer' retrieved from /home/airflow/.local/lib/python3.12/site-packages/airflow/example_dags/example_dataset_alias.py
[2025-01-17T10:32:00.576+0000] {logging_mixin.py:190} INFO - [2025-01-17T10:32:00.574+0000] {dag.py:3239} INFO - Sync 4 DAGs
[2025-01-17T10:32:00.612+0000] {logging_mixin.py:190} INFO - [2025-01-17T10:32:00.611+0000] {dag.py:4180} INFO - Setting next_dagrun for dataset_alias_example_alias_consumer to None, run_after=None
[2025-01-17T10:32:00.617+0000] {logging_mixin.py:190} INFO - [2025-01-17T10:32:00.616+0000] {dag.py:4180} INFO - Setting next_dagrun for dataset_alias_example_alias_producer to None, run_after=None
[2025-01-17T10:32:00.620+0000] {logging_mixin.py:190} INFO - [2025-01-17T10:32:00.620+0000] {dag.py:4180} INFO - Setting next_dagrun for dataset_s3_bucket_consumer to None, run_after=None
[2025-01-17T10:32:00.624+0000] {logging_mixin.py:190} INFO - [2025-01-17T10:32:00.623+0000] {dag.py:4180} INFO - Setting next_dagrun for dataset_s3_bucket_producer to None, run_after=None
[2025-01-17T10:32:00.663+0000] {processor.py:208} INFO - Processing /home/airflow/.local/lib/python3.12/site-packages/airflow/example_dags/example_dataset_alias.py took 1.214 seconds
[2025-01-17T10:32:31.151+0000] {processor.py:186} INFO - Started process (PID=148) to work on /home/airflow/.local/lib/python3.12/site-packages/airflow/example_dags/example_dataset_alias.py
[2025-01-17T10:32:31.153+0000] {processor.py:914} INFO - Processing file /home/airflow/.local/lib/python3.12/site-packages/airflow/example_dags/example_dataset_alias.py for tasks to queue
[2025-01-17T10:32:31.158+0000] {logging_mixin.py:190} INFO - [2025-01-17T10:32:31.157+0000] {dagbag.py:588} INFO - Filling up the DagBag from /home/airflow/.local/lib/python3.12/site-packages/airflow/example_dags/example_dataset_alias.py
[2025-01-17T10:32:32.272+0000] {processor.py:925} INFO - DAG(s) 'dataset_alias_example_alias_producer', 'dataset_s3_bucket_consumer', 'dataset_alias_example_alias_consumer', 'dataset_s3_bucket_producer' retrieved from /home/airflow/.local/lib/python3.12/site-packages/airflow/example_dags/example_dataset_alias.py
[2025-01-17T10:32:32.310+0000] {logging_mixin.py:190} INFO - [2025-01-17T10:32:32.309+0000] {dag.py:3239} INFO - Sync 4 DAGs
[2025-01-17T10:32:32.348+0000] {logging_mixin.py:190} INFO - [2025-01-17T10:32:32.347+0000] {dag.py:4180} INFO - Setting next_dagrun for dataset_alias_example_alias_consumer to None, run_after=None
[2025-01-17T10:32:32.353+0000] {logging_mixin.py:190} INFO - [2025-01-17T10:32:32.353+0000] {dag.py:4180} INFO - Setting next_dagrun for dataset_alias_example_alias_producer to None, run_after=None
[2025-01-17T10:32:32.357+0000] {logging_mixin.py:190} INFO - [2025-01-17T10:32:32.356+0000] {dag.py:4180} INFO - Setting next_dagrun for dataset_s3_bucket_consumer to None, run_after=None
[2025-01-17T10:32:32.359+0000] {logging_mixin.py:190} INFO - [2025-01-17T10:32:32.359+0000] {dag.py:4180} INFO - Setting next_dagrun for dataset_s3_bucket_producer to None, run_after=None
[2025-01-17T10:32:32.399+0000] {processor.py:208} INFO - Processing /home/airflow/.local/lib/python3.12/site-packages/airflow/example_dags/example_dataset_alias.py took 1.257 seconds
[2025-01-17T10:33:02.474+0000] {processor.py:186} INFO - Started process (PID=213) to work on /home/airflow/.local/lib/python3.12/site-packages/airflow/example_dags/example_dataset_alias.py
[2025-01-17T10:33:02.476+0000] {processor.py:914} INFO - Processing file /home/airflow/.local/lib/python3.12/site-packages/airflow/example_dags/example_dataset_alias.py for tasks to queue
[2025-01-17T10:33:02.479+0000] {logging_mixin.py:190} INFO - [2025-01-17T10:33:02.478+0000] {dagbag.py:588} INFO - Filling up the DagBag from /home/airflow/.local/lib/python3.12/site-packages/airflow/example_dags/example_dataset_alias.py
[2025-01-17T10:33:03.522+0000] {processor.py:925} INFO - DAG(s) 'dataset_alias_example_alias_producer', 'dataset_s3_bucket_consumer', 'dataset_alias_example_alias_consumer', 'dataset_s3_bucket_producer' retrieved from /home/airflow/.local/lib/python3.12/site-packages/airflow/example_dags/example_dataset_alias.py
[2025-01-17T10:33:03.559+0000] {logging_mixin.py:190} INFO - [2025-01-17T10:33:03.558+0000] {dag.py:3239} INFO - Sync 4 DAGs
[2025-01-17T10:33:03.596+0000] {logging_mixin.py:190} INFO - [2025-01-17T10:33:03.595+0000] {dag.py:4180} INFO - Setting next_dagrun for dataset_alias_example_alias_consumer to None, run_after=None
[2025-01-17T10:33:03.602+0000] {logging_mixin.py:190} INFO - [2025-01-17T10:33:03.601+0000] {dag.py:4180} INFO - Setting next_dagrun for dataset_alias_example_alias_producer to None, run_after=None
[2025-01-17T10:33:03.605+0000] {logging_mixin.py:190} INFO - [2025-01-17T10:33:03.605+0000] {dag.py:4180} INFO - Setting next_dagrun for dataset_s3_bucket_consumer to None, run_after=None
[2025-01-17T10:33:03.608+0000] {logging_mixin.py:190} INFO - [2025-01-17T10:33:03.608+0000] {dag.py:4180} INFO - Setting next_dagrun for dataset_s3_bucket_producer to None, run_after=None
[2025-01-17T10:33:03.655+0000] {processor.py:208} INFO - Processing /home/airflow/.local/lib/python3.12/site-packages/airflow/example_dags/example_dataset_alias.py took 1.188 seconds
[2025-01-17T10:33:34.110+0000] {processor.py:186} INFO - Started process (PID=279) to work on /home/airflow/.local/lib/python3.12/site-packages/airflow/example_dags/example_dataset_alias.py
[2025-01-17T10:33:34.112+0000] {processor.py:914} INFO - Processing file /home/airflow/.local/lib/python3.12/site-packages/airflow/example_dags/example_dataset_alias.py for tasks to queue
[2025-01-17T10:33:34.116+0000] {logging_mixin.py:190} INFO - [2025-01-17T10:33:34.115+0000] {dagbag.py:588} INFO - Filling up the DagBag from /home/airflow/.local/lib/python3.12/site-packages/airflow/example_dags/example_dataset_alias.py
[2025-01-17T10:33:35.361+0000] {processor.py:925} INFO - DAG(s) 'dataset_s3_bucket_consumer', 'dataset_alias_example_alias_producer', 'dataset_alias_example_alias_consumer', 'dataset_s3_bucket_producer' retrieved from /home/airflow/.local/lib/python3.12/site-packages/airflow/example_dags/example_dataset_alias.py
[2025-01-17T10:33:35.404+0000] {logging_mixin.py:190} INFO - [2025-01-17T10:33:35.403+0000] {dag.py:3239} INFO - Sync 4 DAGs
[2025-01-17T10:33:35.450+0000] {logging_mixin.py:190} INFO - [2025-01-17T10:33:35.449+0000] {dag.py:4180} INFO - Setting next_dagrun for dataset_alias_example_alias_consumer to None, run_after=None
[2025-01-17T10:33:35.457+0000] {logging_mixin.py:190} INFO - [2025-01-17T10:33:35.456+0000] {dag.py:4180} INFO - Setting next_dagrun for dataset_alias_example_alias_producer to None, run_after=None
[2025-01-17T10:33:35.460+0000] {logging_mixin.py:190} INFO - [2025-01-17T10:33:35.460+0000] {dag.py:4180} INFO - Setting next_dagrun for dataset_s3_bucket_consumer to None, run_after=None
[2025-01-17T10:33:35.463+0000] {logging_mixin.py:190} INFO - [2025-01-17T10:33:35.463+0000] {dag.py:4180} INFO - Setting next_dagrun for dataset_s3_bucket_producer to None, run_after=None
[2025-01-17T10:33:35.511+0000] {processor.py:208} INFO - Processing /home/airflow/.local/lib/python3.12/site-packages/airflow/example_dags/example_dataset_alias.py took 1.416 seconds
[2025-01-17T10:34:05.634+0000] {processor.py:186} INFO - Started process (PID=344) to work on /home/airflow/.local/lib/python3.12/site-packages/airflow/example_dags/example_dataset_alias.py
[2025-01-17T10:34:05.636+0000] {processor.py:914} INFO - Processing file /home/airflow/.local/lib/python3.12/site-packages/airflow/example_dags/example_dataset_alias.py for tasks to queue
[2025-01-17T10:34:05.642+0000] {logging_mixin.py:190} INFO - [2025-01-17T10:34:05.641+0000] {dagbag.py:588} INFO - Filling up the DagBag from /home/airflow/.local/lib/python3.12/site-packages/airflow/example_dags/example_dataset_alias.py
[2025-01-17T10:34:06.881+0000] {processor.py:925} INFO - DAG(s) 'dataset_alias_example_alias_producer', 'dataset_alias_example_alias_consumer', 'dataset_s3_bucket_producer', 'dataset_s3_bucket_consumer' retrieved from /home/airflow/.local/lib/python3.12/site-packages/airflow/example_dags/example_dataset_alias.py
[2025-01-17T10:34:06.921+0000] {logging_mixin.py:190} INFO - [2025-01-17T10:34:06.920+0000] {dag.py:3239} INFO - Sync 4 DAGs
[2025-01-17T10:34:06.959+0000] {logging_mixin.py:190} INFO - [2025-01-17T10:34:06.959+0000] {dag.py:4180} INFO - Setting next_dagrun for dataset_alias_example_alias_consumer to None, run_after=None
[2025-01-17T10:34:06.964+0000] {logging_mixin.py:190} INFO - [2025-01-17T10:34:06.964+0000] {dag.py:4180} INFO - Setting next_dagrun for dataset_alias_example_alias_producer to None, run_after=None
[2025-01-17T10:34:06.967+0000] {logging_mixin.py:190} INFO - [2025-01-17T10:34:06.967+0000] {dag.py:4180} INFO - Setting next_dagrun for dataset_s3_bucket_consumer to None, run_after=None
[2025-01-17T10:34:06.971+0000] {logging_mixin.py:190} INFO - [2025-01-17T10:34:06.970+0000] {dag.py:4180} INFO - Setting next_dagrun for dataset_s3_bucket_producer to None, run_after=None
[2025-01-17T10:34:07.015+0000] {processor.py:208} INFO - Processing /home/airflow/.local/lib/python3.12/site-packages/airflow/example_dags/example_dataset_alias.py took 1.390 seconds
[2025-01-17T10:34:37.193+0000] {processor.py:186} INFO - Started process (PID=407) to work on /home/airflow/.local/lib/python3.12/site-packages/airflow/example_dags/example_dataset_alias.py
[2025-01-17T10:34:37.195+0000] {processor.py:914} INFO - Processing file /home/airflow/.local/lib/python3.12/site-packages/airflow/example_dags/example_dataset_alias.py for tasks to queue
[2025-01-17T10:34:37.197+0000] {logging_mixin.py:190} INFO - [2025-01-17T10:34:37.196+0000] {dagbag.py:588} INFO - Filling up the DagBag from /home/airflow/.local/lib/python3.12/site-packages/airflow/example_dags/example_dataset_alias.py
[2025-01-17T10:34:38.309+0000] {processor.py:925} INFO - DAG(s) 'dataset_alias_example_alias_producer', 'dataset_s3_bucket_consumer', 'dataset_s3_bucket_producer', 'dataset_alias_example_alias_consumer' retrieved from /home/airflow/.local/lib/python3.12/site-packages/airflow/example_dags/example_dataset_alias.py
[2025-01-17T10:34:38.349+0000] {logging_mixin.py:190} INFO - [2025-01-17T10:34:38.348+0000] {dag.py:3239} INFO - Sync 4 DAGs
[2025-01-17T10:34:38.395+0000] {logging_mixin.py:190} INFO - [2025-01-17T10:34:38.395+0000] {dag.py:4180} INFO - Setting next_dagrun for dataset_alias_example_alias_consumer to None, run_after=None
[2025-01-17T10:34:38.401+0000] {logging_mixin.py:190} INFO - [2025-01-17T10:34:38.401+0000] {dag.py:4180} INFO - Setting next_dagrun for dataset_alias_example_alias_producer to None, run_after=None
[2025-01-17T10:34:38.405+0000] {logging_mixin.py:190} INFO - [2025-01-17T10:34:38.404+0000] {dag.py:4180} INFO - Setting next_dagrun for dataset_s3_bucket_consumer to None, run_after=None
[2025-01-17T10:34:38.408+0000] {logging_mixin.py:190} INFO - [2025-01-17T10:34:38.408+0000] {dag.py:4180} INFO - Setting next_dagrun for dataset_s3_bucket_producer to None, run_after=None
[2025-01-17T10:34:38.447+0000] {processor.py:208} INFO - Processing /home/airflow/.local/lib/python3.12/site-packages/airflow/example_dags/example_dataset_alias.py took 1.262 seconds
[2025-01-17T10:35:09.062+0000] {processor.py:186} INFO - Started process (PID=470) to work on /home/airflow/.local/lib/python3.12/site-packages/airflow/example_dags/example_dataset_alias.py
[2025-01-17T10:35:09.065+0000] {processor.py:914} INFO - Processing file /home/airflow/.local/lib/python3.12/site-packages/airflow/example_dags/example_dataset_alias.py for tasks to queue
[2025-01-17T10:35:09.069+0000] {logging_mixin.py:190} INFO - [2025-01-17T10:35:09.068+0000] {dagbag.py:588} INFO - Filling up the DagBag from /home/airflow/.local/lib/python3.12/site-packages/airflow/example_dags/example_dataset_alias.py
[2025-01-17T10:35:10.236+0000] {processor.py:925} INFO - DAG(s) 'dataset_s3_bucket_producer', 'dataset_alias_example_alias_consumer', 'dataset_s3_bucket_consumer', 'dataset_alias_example_alias_producer' retrieved from /home/airflow/.local/lib/python3.12/site-packages/airflow/example_dags/example_dataset_alias.py
[2025-01-17T10:35:10.277+0000] {logging_mixin.py:190} INFO - [2025-01-17T10:35:10.276+0000] {dag.py:3239} INFO - Sync 4 DAGs
[2025-01-17T10:35:10.317+0000] {logging_mixin.py:190} INFO - [2025-01-17T10:35:10.317+0000] {dag.py:4180} INFO - Setting next_dagrun for dataset_alias_example_alias_consumer to None, run_after=None
[2025-01-17T10:35:10.323+0000] {logging_mixin.py:190} INFO - [2025-01-17T10:35:10.322+0000] {dag.py:4180} INFO - Setting next_dagrun for dataset_alias_example_alias_producer to None, run_after=None
[2025-01-17T10:35:10.330+0000] {logging_mixin.py:190} INFO - [2025-01-17T10:35:10.330+0000] {dag.py:4180} INFO - Setting next_dagrun for dataset_s3_bucket_consumer to None, run_after=None
[2025-01-17T10:35:10.333+0000] {logging_mixin.py:190} INFO - [2025-01-17T10:35:10.332+0000] {dag.py:4180} INFO - Setting next_dagrun for dataset_s3_bucket_producer to None, run_after=None
[2025-01-17T10:35:10.372+0000] {processor.py:208} INFO - Processing /home/airflow/.local/lib/python3.12/site-packages/airflow/example_dags/example_dataset_alias.py took 1.323 seconds
[2025-01-17T10:35:40.955+0000] {processor.py:186} INFO - Started process (PID=533) to work on /home/airflow/.local/lib/python3.12/site-packages/airflow/example_dags/example_dataset_alias.py
[2025-01-17T10:35:40.957+0000] {processor.py:914} INFO - Processing file /home/airflow/.local/lib/python3.12/site-packages/airflow/example_dags/example_dataset_alias.py for tasks to queue
[2025-01-17T10:35:40.959+0000] {logging_mixin.py:190} INFO - [2025-01-17T10:35:40.958+0000] {dagbag.py:588} INFO - Filling up the DagBag from /home/airflow/.local/lib/python3.12/site-packages/airflow/example_dags/example_dataset_alias.py
[2025-01-17T10:35:42.039+0000] {processor.py:925} INFO - DAG(s) 'dataset_s3_bucket_producer', 'dataset_alias_example_alias_consumer', 'dataset_alias_example_alias_producer', 'dataset_s3_bucket_consumer' retrieved from /home/airflow/.local/lib/python3.12/site-packages/airflow/example_dags/example_dataset_alias.py
[2025-01-17T10:35:42.081+0000] {logging_mixin.py:190} INFO - [2025-01-17T10:35:42.080+0000] {dag.py:3239} INFO - Sync 4 DAGs
[2025-01-17T10:35:42.123+0000] {logging_mixin.py:190} INFO - [2025-01-17T10:35:42.122+0000] {dag.py:4180} INFO - Setting next_dagrun for dataset_alias_example_alias_consumer to None, run_after=None
[2025-01-17T10:35:42.129+0000] {logging_mixin.py:190} INFO - [2025-01-17T10:35:42.128+0000] {dag.py:4180} INFO - Setting next_dagrun for dataset_alias_example_alias_producer to None, run_after=None
[2025-01-17T10:35:42.133+0000] {logging_mixin.py:190} INFO - [2025-01-17T10:35:42.132+0000] {dag.py:4180} INFO - Setting next_dagrun for dataset_s3_bucket_consumer to None, run_after=None
[2025-01-17T10:35:42.136+0000] {logging_mixin.py:190} INFO - [2025-01-17T10:35:42.136+0000] {dag.py:4180} INFO - Setting next_dagrun for dataset_s3_bucket_producer to None, run_after=None
[2025-01-17T10:35:42.189+0000] {processor.py:208} INFO - Processing /home/airflow/.local/lib/python3.12/site-packages/airflow/example_dags/example_dataset_alias.py took 1.243 seconds
[2025-01-17T10:36:12.792+0000] {processor.py:186} INFO - Started process (PID=596) to work on /home/airflow/.local/lib/python3.12/site-packages/airflow/example_dags/example_dataset_alias.py
[2025-01-17T10:36:12.794+0000] {processor.py:914} INFO - Processing file /home/airflow/.local/lib/python3.12/site-packages/airflow/example_dags/example_dataset_alias.py for tasks to queue
[2025-01-17T10:36:12.797+0000] {logging_mixin.py:190} INFO - [2025-01-17T10:36:12.796+0000] {dagbag.py:588} INFO - Filling up the DagBag from /home/airflow/.local/lib/python3.12/site-packages/airflow/example_dags/example_dataset_alias.py
[2025-01-17T10:36:13.931+0000] {processor.py:925} INFO - DAG(s) 'dataset_alias_example_alias_consumer', 'dataset_s3_bucket_consumer', 'dataset_s3_bucket_producer', 'dataset_alias_example_alias_producer' retrieved from /home/airflow/.local/lib/python3.12/site-packages/airflow/example_dags/example_dataset_alias.py
[2025-01-17T10:36:13.974+0000] {logging_mixin.py:190} INFO - [2025-01-17T10:36:13.973+0000] {dag.py:3239} INFO - Sync 4 DAGs
[2025-01-17T10:36:14.019+0000] {logging_mixin.py:190} INFO - [2025-01-17T10:36:14.018+0000] {dag.py:4180} INFO - Setting next_dagrun for dataset_alias_example_alias_consumer to None, run_after=None
[2025-01-17T10:36:14.024+0000] {logging_mixin.py:190} INFO - [2025-01-17T10:36:14.024+0000] {dag.py:4180} INFO - Setting next_dagrun for dataset_alias_example_alias_producer to None, run_after=None
[2025-01-17T10:36:14.027+0000] {logging_mixin.py:190} INFO - [2025-01-17T10:36:14.027+0000] {dag.py:4180} INFO - Setting next_dagrun for dataset_s3_bucket_consumer to None, run_after=None
[2025-01-17T10:36:14.031+0000] {logging_mixin.py:190} INFO - [2025-01-17T10:36:14.030+0000] {dag.py:4180} INFO - Setting next_dagrun for dataset_s3_bucket_producer to None, run_after=None
[2025-01-17T10:36:14.070+0000] {processor.py:208} INFO - Processing /home/airflow/.local/lib/python3.12/site-packages/airflow/example_dags/example_dataset_alias.py took 1.286 seconds
[2025-01-17T10:37:29.044+0000] {processor.py:186} INFO - Started process (PID=77) to work on /home/airflow/.local/lib/python3.12/site-packages/airflow/example_dags/example_dataset_alias.py
[2025-01-17T10:37:29.046+0000] {processor.py:914} INFO - Processing file /home/airflow/.local/lib/python3.12/site-packages/airflow/example_dags/example_dataset_alias.py for tasks to queue
[2025-01-17T10:37:29.050+0000] {logging_mixin.py:190} INFO - [2025-01-17T10:37:29.050+0000] {dagbag.py:588} INFO - Filling up the DagBag from /home/airflow/.local/lib/python3.12/site-packages/airflow/example_dags/example_dataset_alias.py
[2025-01-17T10:37:30.126+0000] {processor.py:925} INFO - DAG(s) 'dataset_s3_bucket_consumer', 'dataset_alias_example_alias_consumer', 'dataset_s3_bucket_producer', 'dataset_alias_example_alias_producer' retrieved from /home/airflow/.local/lib/python3.12/site-packages/airflow/example_dags/example_dataset_alias.py
[2025-01-17T10:37:30.194+0000] {logging_mixin.py:190} INFO - [2025-01-17T10:37:30.192+0000] {dag.py:3239} INFO - Sync 4 DAGs
[2025-01-17T10:37:30.228+0000] {logging_mixin.py:190} INFO - [2025-01-17T10:37:30.228+0000] {dag.py:4180} INFO - Setting next_dagrun for dataset_alias_example_alias_consumer to None, run_after=None
[2025-01-17T10:37:30.233+0000] {logging_mixin.py:190} INFO - [2025-01-17T10:37:30.232+0000] {dag.py:4180} INFO - Setting next_dagrun for dataset_alias_example_alias_producer to None, run_after=None
[2025-01-17T10:37:30.236+0000] {logging_mixin.py:190} INFO - [2025-01-17T10:37:30.235+0000] {dag.py:4180} INFO - Setting next_dagrun for dataset_s3_bucket_consumer to None, run_after=None
[2025-01-17T10:37:30.239+0000] {logging_mixin.py:190} INFO - [2025-01-17T10:37:30.239+0000] {dag.py:4180} INFO - Setting next_dagrun for dataset_s3_bucket_producer to None, run_after=None
[2025-01-17T10:37:30.276+0000] {processor.py:208} INFO - Processing /home/airflow/.local/lib/python3.12/site-packages/airflow/example_dags/example_dataset_alias.py took 1.241 seconds
[2025-01-17T10:38:00.399+0000] {processor.py:186} INFO - Started process (PID=142) to work on /home/airflow/.local/lib/python3.12/site-packages/airflow/example_dags/example_dataset_alias.py
[2025-01-17T10:38:00.401+0000] {processor.py:914} INFO - Processing file /home/airflow/.local/lib/python3.12/site-packages/airflow/example_dags/example_dataset_alias.py for tasks to queue
[2025-01-17T10:38:00.405+0000] {logging_mixin.py:190} INFO - [2025-01-17T10:38:00.405+0000] {dagbag.py:588} INFO - Filling up the DagBag from /home/airflow/.local/lib/python3.12/site-packages/airflow/example_dags/example_dataset_alias.py
[2025-01-17T10:38:01.454+0000] {processor.py:925} INFO - DAG(s) 'dataset_alias_example_alias_producer', 'dataset_s3_bucket_consumer', 'dataset_s3_bucket_producer', 'dataset_alias_example_alias_consumer' retrieved from /home/airflow/.local/lib/python3.12/site-packages/airflow/example_dags/example_dataset_alias.py
[2025-01-17T10:38:01.494+0000] {logging_mixin.py:190} INFO - [2025-01-17T10:38:01.493+0000] {dag.py:3239} INFO - Sync 4 DAGs
[2025-01-17T10:38:01.533+0000] {logging_mixin.py:190} INFO - [2025-01-17T10:38:01.533+0000] {dag.py:4180} INFO - Setting next_dagrun for dataset_alias_example_alias_consumer to None, run_after=None
[2025-01-17T10:38:01.539+0000] {logging_mixin.py:190} INFO - [2025-01-17T10:38:01.538+0000] {dag.py:4180} INFO - Setting next_dagrun for dataset_alias_example_alias_producer to None, run_after=None
[2025-01-17T10:38:01.542+0000] {logging_mixin.py:190} INFO - [2025-01-17T10:38:01.542+0000] {dag.py:4180} INFO - Setting next_dagrun for dataset_s3_bucket_consumer to None, run_after=None
[2025-01-17T10:38:01.546+0000] {logging_mixin.py:190} INFO - [2025-01-17T10:38:01.545+0000] {dag.py:4180} INFO - Setting next_dagrun for dataset_s3_bucket_producer to None, run_after=None
[2025-01-17T10:38:01.588+0000] {processor.py:208} INFO - Processing /home/airflow/.local/lib/python3.12/site-packages/airflow/example_dags/example_dataset_alias.py took 1.200 seconds
[2025-01-17T10:38:31.750+0000] {processor.py:186} INFO - Started process (PID=206) to work on /home/airflow/.local/lib/python3.12/site-packages/airflow/example_dags/example_dataset_alias.py
[2025-01-17T10:38:31.760+0000] {processor.py:914} INFO - Processing file /home/airflow/.local/lib/python3.12/site-packages/airflow/example_dags/example_dataset_alias.py for tasks to queue
[2025-01-17T10:38:31.767+0000] {logging_mixin.py:190} INFO - [2025-01-17T10:38:31.766+0000] {dagbag.py:588} INFO - Filling up the DagBag from /home/airflow/.local/lib/python3.12/site-packages/airflow/example_dags/example_dataset_alias.py
[2025-01-17T10:38:34.247+0000] {logging_mixin.py:190} INFO - [2025-01-17T10:38:34.247+0000] {process_utils.py:266} INFO - Waiting up to 5 seconds for processes to exit...
[2025-01-17T10:52:12.528+0000] {processor.py:186} INFO - Started process (PID=78) to work on /home/airflow/.local/lib/python3.12/site-packages/airflow/example_dags/example_dataset_alias.py
[2025-01-17T10:52:12.529+0000] {processor.py:914} INFO - Processing file /home/airflow/.local/lib/python3.12/site-packages/airflow/example_dags/example_dataset_alias.py for tasks to queue
[2025-01-17T10:52:12.531+0000] {logging_mixin.py:190} INFO - [2025-01-17T10:52:12.531+0000] {dagbag.py:588} INFO - Filling up the DagBag from /home/airflow/.local/lib/python3.12/site-packages/airflow/example_dags/example_dataset_alias.py
[2025-01-17T10:52:13.847+0000] {processor.py:925} INFO - DAG(s) 'dataset_alias_example_alias_producer', 'dataset_s3_bucket_consumer', 'dataset_alias_example_alias_consumer', 'dataset_s3_bucket_producer' retrieved from /home/airflow/.local/lib/python3.12/site-packages/airflow/example_dags/example_dataset_alias.py
[2025-01-17T10:52:13.880+0000] {logging_mixin.py:190} INFO - [2025-01-17T10:52:13.879+0000] {dag.py:3239} INFO - Sync 4 DAGs
[2025-01-17T10:52:13.908+0000] {logging_mixin.py:190} INFO - [2025-01-17T10:52:13.907+0000] {dag.py:4180} INFO - Setting next_dagrun for dataset_alias_example_alias_consumer to None, run_after=None
[2025-01-17T10:52:13.911+0000] {logging_mixin.py:190} INFO - [2025-01-17T10:52:13.911+0000] {dag.py:4180} INFO - Setting next_dagrun for dataset_alias_example_alias_producer to None, run_after=None
[2025-01-17T10:52:13.915+0000] {logging_mixin.py:190} INFO - [2025-01-17T10:52:13.914+0000] {dag.py:4180} INFO - Setting next_dagrun for dataset_s3_bucket_consumer to None, run_after=None
[2025-01-17T10:52:13.917+0000] {logging_mixin.py:190} INFO - [2025-01-17T10:52:13.917+0000] {dag.py:4180} INFO - Setting next_dagrun for dataset_s3_bucket_producer to None, run_after=None
[2025-01-17T10:52:13.949+0000] {processor.py:208} INFO - Processing /home/airflow/.local/lib/python3.12/site-packages/airflow/example_dags/example_dataset_alias.py took 1.427 seconds
[2025-01-17T10:52:44.297+0000] {processor.py:186} INFO - Started process (PID=142) to work on /home/airflow/.local/lib/python3.12/site-packages/airflow/example_dags/example_dataset_alias.py
[2025-01-17T10:52:44.298+0000] {processor.py:914} INFO - Processing file /home/airflow/.local/lib/python3.12/site-packages/airflow/example_dags/example_dataset_alias.py for tasks to queue
[2025-01-17T10:52:44.301+0000] {logging_mixin.py:190} INFO - [2025-01-17T10:52:44.301+0000] {dagbag.py:588} INFO - Filling up the DagBag from /home/airflow/.local/lib/python3.12/site-packages/airflow/example_dags/example_dataset_alias.py
[2025-01-17T10:52:45.004+0000] {processor.py:925} INFO - DAG(s) 'dataset_alias_example_alias_producer', 'dataset_s3_bucket_consumer', 'dataset_s3_bucket_producer', 'dataset_alias_example_alias_consumer' retrieved from /home/airflow/.local/lib/python3.12/site-packages/airflow/example_dags/example_dataset_alias.py
[2025-01-17T10:52:45.057+0000] {logging_mixin.py:190} INFO - [2025-01-17T10:52:45.056+0000] {dag.py:3239} INFO - Sync 4 DAGs
[2025-01-17T10:52:45.081+0000] {logging_mixin.py:190} INFO - [2025-01-17T10:52:45.080+0000] {dag.py:4180} INFO - Setting next_dagrun for dataset_alias_example_alias_consumer to None, run_after=None
[2025-01-17T10:52:45.084+0000] {logging_mixin.py:190} INFO - [2025-01-17T10:52:45.084+0000] {dag.py:4180} INFO - Setting next_dagrun for dataset_alias_example_alias_producer to None, run_after=None
[2025-01-17T10:52:45.087+0000] {logging_mixin.py:190} INFO - [2025-01-17T10:52:45.086+0000] {dag.py:4180} INFO - Setting next_dagrun for dataset_s3_bucket_consumer to None, run_after=None
[2025-01-17T10:52:45.089+0000] {logging_mixin.py:190} INFO - [2025-01-17T10:52:45.088+0000] {dag.py:4180} INFO - Setting next_dagrun for dataset_s3_bucket_producer to None, run_after=None
[2025-01-17T10:52:45.116+0000] {processor.py:208} INFO - Processing /home/airflow/.local/lib/python3.12/site-packages/airflow/example_dags/example_dataset_alias.py took 0.827 seconds
[2025-01-17T10:53:15.793+0000] {processor.py:186} INFO - Started process (PID=212) to work on /home/airflow/.local/lib/python3.12/site-packages/airflow/example_dags/example_dataset_alias.py
[2025-01-17T10:53:15.794+0000] {processor.py:914} INFO - Processing file /home/airflow/.local/lib/python3.12/site-packages/airflow/example_dags/example_dataset_alias.py for tasks to queue
[2025-01-17T10:53:15.797+0000] {logging_mixin.py:190} INFO - [2025-01-17T10:53:15.797+0000] {dagbag.py:588} INFO - Filling up the DagBag from /home/airflow/.local/lib/python3.12/site-packages/airflow/example_dags/example_dataset_alias.py
[2025-01-17T10:53:16.523+0000] {processor.py:925} INFO - DAG(s) 'dataset_alias_example_alias_producer', 'dataset_s3_bucket_consumer', 'dataset_alias_example_alias_consumer', 'dataset_s3_bucket_producer' retrieved from /home/airflow/.local/lib/python3.12/site-packages/airflow/example_dags/example_dataset_alias.py
[2025-01-17T10:53:16.554+0000] {logging_mixin.py:190} INFO - [2025-01-17T10:53:16.553+0000] {dag.py:3239} INFO - Sync 4 DAGs
[2025-01-17T10:53:16.581+0000] {logging_mixin.py:190} INFO - [2025-01-17T10:53:16.580+0000] {dag.py:4180} INFO - Setting next_dagrun for dataset_alias_example_alias_consumer to None, run_after=None
[2025-01-17T10:53:16.585+0000] {logging_mixin.py:190} INFO - [2025-01-17T10:53:16.585+0000] {dag.py:4180} INFO - Setting next_dagrun for dataset_alias_example_alias_producer to None, run_after=None
[2025-01-17T10:53:16.588+0000] {logging_mixin.py:190} INFO - [2025-01-17T10:53:16.587+0000] {dag.py:4180} INFO - Setting next_dagrun for dataset_s3_bucket_consumer to None, run_after=None
[2025-01-17T10:53:16.590+0000] {logging_mixin.py:190} INFO - [2025-01-17T10:53:16.590+0000] {dag.py:4180} INFO - Setting next_dagrun for dataset_s3_bucket_producer to None, run_after=None
[2025-01-17T10:53:16.618+0000] {processor.py:208} INFO - Processing /home/airflow/.local/lib/python3.12/site-packages/airflow/example_dags/example_dataset_alias.py took 0.831 seconds
[2025-01-17T10:53:47.369+0000] {processor.py:186} INFO - Started process (PID=277) to work on /home/airflow/.local/lib/python3.12/site-packages/airflow/example_dags/example_dataset_alias.py
[2025-01-17T10:53:47.370+0000] {processor.py:914} INFO - Processing file /home/airflow/.local/lib/python3.12/site-packages/airflow/example_dags/example_dataset_alias.py for tasks to queue
[2025-01-17T10:53:47.373+0000] {logging_mixin.py:190} INFO - [2025-01-17T10:53:47.372+0000] {dagbag.py:588} INFO - Filling up the DagBag from /home/airflow/.local/lib/python3.12/site-packages/airflow/example_dags/example_dataset_alias.py
[2025-01-17T10:53:47.987+0000] {processor.py:925} INFO - DAG(s) 'dataset_alias_example_alias_consumer', 'dataset_s3_bucket_consumer', 'dataset_alias_example_alias_producer', 'dataset_s3_bucket_producer' retrieved from /home/airflow/.local/lib/python3.12/site-packages/airflow/example_dags/example_dataset_alias.py
[2025-01-17T10:53:48.015+0000] {logging_mixin.py:190} INFO - [2025-01-17T10:53:48.014+0000] {dag.py:3239} INFO - Sync 4 DAGs
[2025-01-17T10:53:48.043+0000] {logging_mixin.py:190} INFO - [2025-01-17T10:53:48.042+0000] {dag.py:4180} INFO - Setting next_dagrun for dataset_alias_example_alias_consumer to None, run_after=None
[2025-01-17T10:53:48.046+0000] {logging_mixin.py:190} INFO - [2025-01-17T10:53:48.046+0000] {dag.py:4180} INFO - Setting next_dagrun for dataset_alias_example_alias_producer to None, run_after=None
[2025-01-17T10:53:48.049+0000] {logging_mixin.py:190} INFO - [2025-01-17T10:53:48.048+0000] {dag.py:4180} INFO - Setting next_dagrun for dataset_s3_bucket_consumer to None, run_after=None
[2025-01-17T10:53:48.051+0000] {logging_mixin.py:190} INFO - [2025-01-17T10:53:48.050+0000] {dag.py:4180} INFO - Setting next_dagrun for dataset_s3_bucket_producer to None, run_after=None
[2025-01-17T10:53:48.081+0000] {processor.py:208} INFO - Processing /home/airflow/.local/lib/python3.12/site-packages/airflow/example_dags/example_dataset_alias.py took 0.717 seconds
[2025-01-17T10:54:18.628+0000] {processor.py:186} INFO - Started process (PID=341) to work on /home/airflow/.local/lib/python3.12/site-packages/airflow/example_dags/example_dataset_alias.py
[2025-01-17T10:54:18.629+0000] {processor.py:914} INFO - Processing file /home/airflow/.local/lib/python3.12/site-packages/airflow/example_dags/example_dataset_alias.py for tasks to queue
[2025-01-17T10:54:18.632+0000] {logging_mixin.py:190} INFO - [2025-01-17T10:54:18.631+0000] {dagbag.py:588} INFO - Filling up the DagBag from /home/airflow/.local/lib/python3.12/site-packages/airflow/example_dags/example_dataset_alias.py
[2025-01-17T10:54:19.243+0000] {processor.py:925} INFO - DAG(s) 'dataset_s3_bucket_consumer', 'dataset_s3_bucket_producer', 'dataset_alias_example_alias_consumer', 'dataset_alias_example_alias_producer' retrieved from /home/airflow/.local/lib/python3.12/site-packages/airflow/example_dags/example_dataset_alias.py
[2025-01-17T10:54:19.272+0000] {logging_mixin.py:190} INFO - [2025-01-17T10:54:19.271+0000] {dag.py:3239} INFO - Sync 4 DAGs
[2025-01-17T10:54:19.310+0000] {logging_mixin.py:190} INFO - [2025-01-17T10:54:19.310+0000] {dag.py:4180} INFO - Setting next_dagrun for dataset_alias_example_alias_consumer to None, run_after=None
[2025-01-17T10:54:19.314+0000] {logging_mixin.py:190} INFO - [2025-01-17T10:54:19.314+0000] {dag.py:4180} INFO - Setting next_dagrun for dataset_alias_example_alias_producer to None, run_after=None
[2025-01-17T10:54:19.317+0000] {logging_mixin.py:190} INFO - [2025-01-17T10:54:19.317+0000] {dag.py:4180} INFO - Setting next_dagrun for dataset_s3_bucket_consumer to None, run_after=None
[2025-01-17T10:54:19.320+0000] {logging_mixin.py:190} INFO - [2025-01-17T10:54:19.319+0000] {dag.py:4180} INFO - Setting next_dagrun for dataset_s3_bucket_producer to None, run_after=None
[2025-01-17T10:54:19.349+0000] {processor.py:208} INFO - Processing /home/airflow/.local/lib/python3.12/site-packages/airflow/example_dags/example_dataset_alias.py took 0.727 seconds
[2025-01-17T10:54:49.946+0000] {processor.py:186} INFO - Started process (PID=405) to work on /home/airflow/.local/lib/python3.12/site-packages/airflow/example_dags/example_dataset_alias.py
[2025-01-17T10:54:49.948+0000] {processor.py:914} INFO - Processing file /home/airflow/.local/lib/python3.12/site-packages/airflow/example_dags/example_dataset_alias.py for tasks to queue
[2025-01-17T10:54:49.952+0000] {logging_mixin.py:190} INFO - [2025-01-17T10:54:49.952+0000] {dagbag.py:588} INFO - Filling up the DagBag from /home/airflow/.local/lib/python3.12/site-packages/airflow/example_dags/example_dataset_alias.py
[2025-01-17T10:54:50.545+0000] {processor.py:925} INFO - DAG(s) 'dataset_alias_example_alias_consumer', 'dataset_s3_bucket_consumer', 'dataset_alias_example_alias_producer', 'dataset_s3_bucket_producer' retrieved from /home/airflow/.local/lib/python3.12/site-packages/airflow/example_dags/example_dataset_alias.py
[2025-01-17T10:54:50.571+0000] {logging_mixin.py:190} INFO - [2025-01-17T10:54:50.570+0000] {dag.py:3239} INFO - Sync 4 DAGs
[2025-01-17T10:54:50.597+0000] {logging_mixin.py:190} INFO - [2025-01-17T10:54:50.597+0000] {dag.py:4180} INFO - Setting next_dagrun for dataset_alias_example_alias_consumer to None, run_after=None
[2025-01-17T10:54:50.602+0000] {logging_mixin.py:190} INFO - [2025-01-17T10:54:50.601+0000] {dag.py:4180} INFO - Setting next_dagrun for dataset_alias_example_alias_producer to None, run_after=None
[2025-01-17T10:54:50.605+0000] {logging_mixin.py:190} INFO - [2025-01-17T10:54:50.605+0000] {dag.py:4180} INFO - Setting next_dagrun for dataset_s3_bucket_consumer to None, run_after=None
[2025-01-17T10:54:50.607+0000] {logging_mixin.py:190} INFO - [2025-01-17T10:54:50.607+0000] {dag.py:4180} INFO - Setting next_dagrun for dataset_s3_bucket_producer to None, run_after=None
[2025-01-17T10:54:50.635+0000] {processor.py:208} INFO - Processing /home/airflow/.local/lib/python3.12/site-packages/airflow/example_dags/example_dataset_alias.py took 0.694 seconds
[2025-01-17T10:55:21.322+0000] {processor.py:186} INFO - Started process (PID=469) to work on /home/airflow/.local/lib/python3.12/site-packages/airflow/example_dags/example_dataset_alias.py
[2025-01-17T10:55:21.324+0000] {processor.py:914} INFO - Processing file /home/airflow/.local/lib/python3.12/site-packages/airflow/example_dags/example_dataset_alias.py for tasks to queue
[2025-01-17T10:55:21.328+0000] {logging_mixin.py:190} INFO - [2025-01-17T10:55:21.328+0000] {dagbag.py:588} INFO - Filling up the DagBag from /home/airflow/.local/lib/python3.12/site-packages/airflow/example_dags/example_dataset_alias.py
[2025-01-17T10:55:22.042+0000] {processor.py:925} INFO - DAG(s) 'dataset_s3_bucket_consumer', 'dataset_alias_example_alias_producer', 'dataset_alias_example_alias_consumer', 'dataset_s3_bucket_producer' retrieved from /home/airflow/.local/lib/python3.12/site-packages/airflow/example_dags/example_dataset_alias.py
[2025-01-17T10:55:22.073+0000] {logging_mixin.py:190} INFO - [2025-01-17T10:55:22.072+0000] {dag.py:3239} INFO - Sync 4 DAGs
[2025-01-17T10:55:22.098+0000] {logging_mixin.py:190} INFO - [2025-01-17T10:55:22.097+0000] {dag.py:4180} INFO - Setting next_dagrun for dataset_alias_example_alias_consumer to None, run_after=None
[2025-01-17T10:55:22.101+0000] {logging_mixin.py:190} INFO - [2025-01-17T10:55:22.101+0000] {dag.py:4180} INFO - Setting next_dagrun for dataset_alias_example_alias_producer to None, run_after=None
[2025-01-17T10:55:22.107+0000] {logging_mixin.py:190} INFO - [2025-01-17T10:55:22.107+0000] {dag.py:4180} INFO - Setting next_dagrun for dataset_s3_bucket_consumer to None, run_after=None
[2025-01-17T10:55:22.110+0000] {logging_mixin.py:190} INFO - [2025-01-17T10:55:22.109+0000] {dag.py:4180} INFO - Setting next_dagrun for dataset_s3_bucket_producer to None, run_after=None
[2025-01-17T10:55:22.140+0000] {processor.py:208} INFO - Processing /home/airflow/.local/lib/python3.12/site-packages/airflow/example_dags/example_dataset_alias.py took 0.826 seconds
[2025-01-17T10:55:52.688+0000] {processor.py:186} INFO - Started process (PID=534) to work on /home/airflow/.local/lib/python3.12/site-packages/airflow/example_dags/example_dataset_alias.py
[2025-01-17T10:55:52.689+0000] {processor.py:914} INFO - Processing file /home/airflow/.local/lib/python3.12/site-packages/airflow/example_dags/example_dataset_alias.py for tasks to queue
[2025-01-17T10:55:52.692+0000] {logging_mixin.py:190} INFO - [2025-01-17T10:55:52.692+0000] {dagbag.py:588} INFO - Filling up the DagBag from /home/airflow/.local/lib/python3.12/site-packages/airflow/example_dags/example_dataset_alias.py
[2025-01-17T10:55:53.404+0000] {processor.py:925} INFO - DAG(s) 'dataset_alias_example_alias_producer', 'dataset_s3_bucket_producer', 'dataset_s3_bucket_consumer', 'dataset_alias_example_alias_consumer' retrieved from /home/airflow/.local/lib/python3.12/site-packages/airflow/example_dags/example_dataset_alias.py
[2025-01-17T10:55:53.434+0000] {logging_mixin.py:190} INFO - [2025-01-17T10:55:53.433+0000] {dag.py:3239} INFO - Sync 4 DAGs
[2025-01-17T10:55:53.460+0000] {logging_mixin.py:190} INFO - [2025-01-17T10:55:53.460+0000] {dag.py:4180} INFO - Setting next_dagrun for dataset_alias_example_alias_consumer to None, run_after=None
[2025-01-17T10:55:53.464+0000] {logging_mixin.py:190} INFO - [2025-01-17T10:55:53.464+0000] {dag.py:4180} INFO - Setting next_dagrun for dataset_alias_example_alias_producer to None, run_after=None
[2025-01-17T10:55:53.467+0000] {logging_mixin.py:190} INFO - [2025-01-17T10:55:53.467+0000] {dag.py:4180} INFO - Setting next_dagrun for dataset_s3_bucket_consumer to None, run_after=None
[2025-01-17T10:55:53.470+0000] {logging_mixin.py:190} INFO - [2025-01-17T10:55:53.469+0000] {dag.py:4180} INFO - Setting next_dagrun for dataset_s3_bucket_producer to None, run_after=None
[2025-01-17T10:55:53.504+0000] {processor.py:208} INFO - Processing /home/airflow/.local/lib/python3.12/site-packages/airflow/example_dags/example_dataset_alias.py took 0.821 seconds
[2025-01-17T10:56:24.080+0000] {processor.py:186} INFO - Started process (PID=598) to work on /home/airflow/.local/lib/python3.12/site-packages/airflow/example_dags/example_dataset_alias.py
[2025-01-17T10:56:24.081+0000] {processor.py:914} INFO - Processing file /home/airflow/.local/lib/python3.12/site-packages/airflow/example_dags/example_dataset_alias.py for tasks to queue
[2025-01-17T10:56:24.084+0000] {logging_mixin.py:190} INFO - [2025-01-17T10:56:24.084+0000] {dagbag.py:588} INFO - Filling up the DagBag from /home/airflow/.local/lib/python3.12/site-packages/airflow/example_dags/example_dataset_alias.py
[2025-01-17T10:56:24.667+0000] {processor.py:925} INFO - DAG(s) 'dataset_s3_bucket_producer', 'dataset_s3_bucket_consumer', 'dataset_alias_example_alias_producer', 'dataset_alias_example_alias_consumer' retrieved from /home/airflow/.local/lib/python3.12/site-packages/airflow/example_dags/example_dataset_alias.py
[2025-01-17T10:56:24.694+0000] {logging_mixin.py:190} INFO - [2025-01-17T10:56:24.694+0000] {dag.py:3239} INFO - Sync 4 DAGs
[2025-01-17T10:56:24.721+0000] {logging_mixin.py:190} INFO - [2025-01-17T10:56:24.721+0000] {dag.py:4180} INFO - Setting next_dagrun for dataset_alias_example_alias_consumer to None, run_after=None
[2025-01-17T10:56:24.725+0000] {logging_mixin.py:190} INFO - [2025-01-17T10:56:24.725+0000] {dag.py:4180} INFO - Setting next_dagrun for dataset_alias_example_alias_producer to None, run_after=None
[2025-01-17T10:56:24.728+0000] {logging_mixin.py:190} INFO - [2025-01-17T10:56:24.728+0000] {dag.py:4180} INFO - Setting next_dagrun for dataset_s3_bucket_consumer to None, run_after=None
[2025-01-17T10:56:24.731+0000] {logging_mixin.py:190} INFO - [2025-01-17T10:56:24.730+0000] {dag.py:4180} INFO - Setting next_dagrun for dataset_s3_bucket_producer to None, run_after=None
[2025-01-17T10:56:24.759+0000] {processor.py:208} INFO - Processing /home/airflow/.local/lib/python3.12/site-packages/airflow/example_dags/example_dataset_alias.py took 0.746 seconds
[2025-01-17T10:56:55.595+0000] {processor.py:186} INFO - Started process (PID=663) to work on /home/airflow/.local/lib/python3.12/site-packages/airflow/example_dags/example_dataset_alias.py
[2025-01-17T10:56:55.596+0000] {processor.py:914} INFO - Processing file /home/airflow/.local/lib/python3.12/site-packages/airflow/example_dags/example_dataset_alias.py for tasks to queue
[2025-01-17T10:56:55.599+0000] {logging_mixin.py:190} INFO - [2025-01-17T10:56:55.599+0000] {dagbag.py:588} INFO - Filling up the DagBag from /home/airflow/.local/lib/python3.12/site-packages/airflow/example_dags/example_dataset_alias.py
[2025-01-17T10:56:56.250+0000] {processor.py:925} INFO - DAG(s) 'dataset_alias_example_alias_consumer', 'dataset_s3_bucket_producer', 'dataset_s3_bucket_consumer', 'dataset_alias_example_alias_producer' retrieved from /home/airflow/.local/lib/python3.12/site-packages/airflow/example_dags/example_dataset_alias.py
[2025-01-17T10:56:56.282+0000] {logging_mixin.py:190} INFO - [2025-01-17T10:56:56.281+0000] {dag.py:3239} INFO - Sync 4 DAGs
[2025-01-17T10:56:56.312+0000] {logging_mixin.py:190} INFO - [2025-01-17T10:56:56.312+0000] {dag.py:4180} INFO - Setting next_dagrun for dataset_alias_example_alias_consumer to None, run_after=None
[2025-01-17T10:56:56.316+0000] {logging_mixin.py:190} INFO - [2025-01-17T10:56:56.315+0000] {dag.py:4180} INFO - Setting next_dagrun for dataset_alias_example_alias_producer to None, run_after=None
[2025-01-17T10:56:56.318+0000] {logging_mixin.py:190} INFO - [2025-01-17T10:56:56.318+0000] {dag.py:4180} INFO - Setting next_dagrun for dataset_s3_bucket_consumer to None, run_after=None
[2025-01-17T10:56:56.321+0000] {logging_mixin.py:190} INFO - [2025-01-17T10:56:56.321+0000] {dag.py:4180} INFO - Setting next_dagrun for dataset_s3_bucket_producer to None, run_after=None
[2025-01-17T10:56:56.356+0000] {processor.py:208} INFO - Processing /home/airflow/.local/lib/python3.12/site-packages/airflow/example_dags/example_dataset_alias.py took 0.766 seconds
[2025-01-17T10:57:26.415+0000] {processor.py:186} INFO - Started process (PID=727) to work on /home/airflow/.local/lib/python3.12/site-packages/airflow/example_dags/example_dataset_alias.py
[2025-01-17T10:57:26.416+0000] {processor.py:914} INFO - Processing file /home/airflow/.local/lib/python3.12/site-packages/airflow/example_dags/example_dataset_alias.py for tasks to queue
[2025-01-17T10:57:26.419+0000] {logging_mixin.py:190} INFO - [2025-01-17T10:57:26.419+0000] {dagbag.py:588} INFO - Filling up the DagBag from /home/airflow/.local/lib/python3.12/site-packages/airflow/example_dags/example_dataset_alias.py
[2025-01-17T10:57:27.051+0000] {processor.py:925} INFO - DAG(s) 'dataset_alias_example_alias_consumer', 'dataset_s3_bucket_consumer', 'dataset_alias_example_alias_producer', 'dataset_s3_bucket_producer' retrieved from /home/airflow/.local/lib/python3.12/site-packages/airflow/example_dags/example_dataset_alias.py
[2025-01-17T10:57:27.079+0000] {logging_mixin.py:190} INFO - [2025-01-17T10:57:27.079+0000] {dag.py:3239} INFO - Sync 4 DAGs
[2025-01-17T10:57:27.103+0000] {logging_mixin.py:190} INFO - [2025-01-17T10:57:27.103+0000] {dag.py:4180} INFO - Setting next_dagrun for dataset_alias_example_alias_consumer to None, run_after=None
[2025-01-17T10:57:27.107+0000] {logging_mixin.py:190} INFO - [2025-01-17T10:57:27.107+0000] {dag.py:4180} INFO - Setting next_dagrun for dataset_alias_example_alias_producer to None, run_after=None
[2025-01-17T10:57:27.110+0000] {logging_mixin.py:190} INFO - [2025-01-17T10:57:27.110+0000] {dag.py:4180} INFO - Setting next_dagrun for dataset_s3_bucket_consumer to None, run_after=None
[2025-01-17T10:57:27.113+0000] {logging_mixin.py:190} INFO - [2025-01-17T10:57:27.113+0000] {dag.py:4180} INFO - Setting next_dagrun for dataset_s3_bucket_producer to None, run_after=None
[2025-01-17T10:57:27.141+0000] {processor.py:208} INFO - Processing /home/airflow/.local/lib/python3.12/site-packages/airflow/example_dags/example_dataset_alias.py took 0.731 seconds
[2025-01-17T10:57:58.016+0000] {processor.py:186} INFO - Started process (PID=791) to work on /home/airflow/.local/lib/python3.12/site-packages/airflow/example_dags/example_dataset_alias.py
[2025-01-17T10:57:58.018+0000] {processor.py:914} INFO - Processing file /home/airflow/.local/lib/python3.12/site-packages/airflow/example_dags/example_dataset_alias.py for tasks to queue
[2025-01-17T10:57:58.021+0000] {logging_mixin.py:190} INFO - [2025-01-17T10:57:58.021+0000] {dagbag.py:588} INFO - Filling up the DagBag from /home/airflow/.local/lib/python3.12/site-packages/airflow/example_dags/example_dataset_alias.py
[2025-01-17T10:57:58.658+0000] {processor.py:925} INFO - DAG(s) 'dataset_s3_bucket_producer', 'dataset_alias_example_alias_consumer', 'dataset_s3_bucket_consumer', 'dataset_alias_example_alias_producer' retrieved from /home/airflow/.local/lib/python3.12/site-packages/airflow/example_dags/example_dataset_alias.py
[2025-01-17T10:57:58.686+0000] {logging_mixin.py:190} INFO - [2025-01-17T10:57:58.685+0000] {dag.py:3239} INFO - Sync 4 DAGs
[2025-01-17T10:57:58.712+0000] {logging_mixin.py:190} INFO - [2025-01-17T10:57:58.711+0000] {dag.py:4180} INFO - Setting next_dagrun for dataset_alias_example_alias_consumer to None, run_after=None
[2025-01-17T10:57:58.717+0000] {logging_mixin.py:190} INFO - [2025-01-17T10:57:58.717+0000] {dag.py:4180} INFO - Setting next_dagrun for dataset_alias_example_alias_producer to None, run_after=None
[2025-01-17T10:57:58.720+0000] {logging_mixin.py:190} INFO - [2025-01-17T10:57:58.720+0000] {dag.py:4180} INFO - Setting next_dagrun for dataset_s3_bucket_consumer to None, run_after=None
[2025-01-17T10:57:58.723+0000] {logging_mixin.py:190} INFO - [2025-01-17T10:57:58.723+0000] {dag.py:4180} INFO - Setting next_dagrun for dataset_s3_bucket_producer to None, run_after=None
[2025-01-17T10:57:58.750+0000] {processor.py:208} INFO - Processing /home/airflow/.local/lib/python3.12/site-packages/airflow/example_dags/example_dataset_alias.py took 0.742 seconds
[2025-01-17T10:58:29.691+0000] {processor.py:186} INFO - Started process (PID=855) to work on /home/airflow/.local/lib/python3.12/site-packages/airflow/example_dags/example_dataset_alias.py
[2025-01-17T10:58:29.692+0000] {processor.py:914} INFO - Processing file /home/airflow/.local/lib/python3.12/site-packages/airflow/example_dags/example_dataset_alias.py for tasks to queue
[2025-01-17T10:58:29.695+0000] {logging_mixin.py:190} INFO - [2025-01-17T10:58:29.695+0000] {dagbag.py:588} INFO - Filling up the DagBag from /home/airflow/.local/lib/python3.12/site-packages/airflow/example_dags/example_dataset_alias.py
[2025-01-17T10:58:30.324+0000] {processor.py:925} INFO - DAG(s) 'dataset_alias_example_alias_consumer', 'dataset_s3_bucket_producer', 'dataset_alias_example_alias_producer', 'dataset_s3_bucket_consumer' retrieved from /home/airflow/.local/lib/python3.12/site-packages/airflow/example_dags/example_dataset_alias.py
[2025-01-17T10:58:30.352+0000] {logging_mixin.py:190} INFO - [2025-01-17T10:58:30.351+0000] {dag.py:3239} INFO - Sync 4 DAGs
[2025-01-17T10:58:30.376+0000] {logging_mixin.py:190} INFO - [2025-01-17T10:58:30.376+0000] {dag.py:4180} INFO - Setting next_dagrun for dataset_alias_example_alias_consumer to None, run_after=None
[2025-01-17T10:58:30.380+0000] {logging_mixin.py:190} INFO - [2025-01-17T10:58:30.380+0000] {dag.py:4180} INFO - Setting next_dagrun for dataset_alias_example_alias_producer to None, run_after=None
[2025-01-17T10:58:30.383+0000] {logging_mixin.py:190} INFO - [2025-01-17T10:58:30.382+0000] {dag.py:4180} INFO - Setting next_dagrun for dataset_s3_bucket_consumer to None, run_after=None
[2025-01-17T10:58:30.385+0000] {logging_mixin.py:190} INFO - [2025-01-17T10:58:30.385+0000] {dag.py:4180} INFO - Setting next_dagrun for dataset_s3_bucket_producer to None, run_after=None
[2025-01-17T10:58:30.412+0000] {processor.py:208} INFO - Processing /home/airflow/.local/lib/python3.12/site-packages/airflow/example_dags/example_dataset_alias.py took 0.726 seconds
[2025-01-17T10:59:00.660+0000] {processor.py:186} INFO - Started process (PID=919) to work on /home/airflow/.local/lib/python3.12/site-packages/airflow/example_dags/example_dataset_alias.py
[2025-01-17T10:59:00.661+0000] {processor.py:914} INFO - Processing file /home/airflow/.local/lib/python3.12/site-packages/airflow/example_dags/example_dataset_alias.py for tasks to queue
[2025-01-17T10:59:00.665+0000] {logging_mixin.py:190} INFO - [2025-01-17T10:59:00.664+0000] {dagbag.py:588} INFO - Filling up the DagBag from /home/airflow/.local/lib/python3.12/site-packages/airflow/example_dags/example_dataset_alias.py
[2025-01-17T10:59:01.288+0000] {processor.py:925} INFO - DAG(s) 'dataset_alias_example_alias_consumer', 'dataset_alias_example_alias_producer', 'dataset_s3_bucket_producer', 'dataset_s3_bucket_consumer' retrieved from /home/airflow/.local/lib/python3.12/site-packages/airflow/example_dags/example_dataset_alias.py
[2025-01-17T10:59:01.317+0000] {logging_mixin.py:190} INFO - [2025-01-17T10:59:01.316+0000] {dag.py:3239} INFO - Sync 4 DAGs
[2025-01-17T10:59:01.343+0000] {logging_mixin.py:190} INFO - [2025-01-17T10:59:01.342+0000] {dag.py:4180} INFO - Setting next_dagrun for dataset_alias_example_alias_consumer to None, run_after=None
[2025-01-17T10:59:01.348+0000] {logging_mixin.py:190} INFO - [2025-01-17T10:59:01.347+0000] {dag.py:4180} INFO - Setting next_dagrun for dataset_alias_example_alias_producer to None, run_after=None
[2025-01-17T10:59:01.351+0000] {logging_mixin.py:190} INFO - [2025-01-17T10:59:01.350+0000] {dag.py:4180} INFO - Setting next_dagrun for dataset_s3_bucket_consumer to None, run_after=None
[2025-01-17T10:59:01.353+0000] {logging_mixin.py:190} INFO - [2025-01-17T10:59:01.353+0000] {dag.py:4180} INFO - Setting next_dagrun for dataset_s3_bucket_producer to None, run_after=None
[2025-01-17T10:59:01.382+0000] {processor.py:208} INFO - Processing /home/airflow/.local/lib/python3.12/site-packages/airflow/example_dags/example_dataset_alias.py took 0.729 seconds
[2025-01-17T10:59:31.936+0000] {processor.py:186} INFO - Started process (PID=983) to work on /home/airflow/.local/lib/python3.12/site-packages/airflow/example_dags/example_dataset_alias.py
[2025-01-17T10:59:31.938+0000] {processor.py:914} INFO - Processing file /home/airflow/.local/lib/python3.12/site-packages/airflow/example_dags/example_dataset_alias.py for tasks to queue
[2025-01-17T10:59:31.941+0000] {logging_mixin.py:190} INFO - [2025-01-17T10:59:31.941+0000] {dagbag.py:588} INFO - Filling up the DagBag from /home/airflow/.local/lib/python3.12/site-packages/airflow/example_dags/example_dataset_alias.py
[2025-01-17T10:59:32.539+0000] {processor.py:925} INFO - DAG(s) 'dataset_s3_bucket_consumer', 'dataset_s3_bucket_producer', 'dataset_alias_example_alias_consumer', 'dataset_alias_example_alias_producer' retrieved from /home/airflow/.local/lib/python3.12/site-packages/airflow/example_dags/example_dataset_alias.py
[2025-01-17T10:59:32.568+0000] {logging_mixin.py:190} INFO - [2025-01-17T10:59:32.567+0000] {dag.py:3239} INFO - Sync 4 DAGs
[2025-01-17T10:59:32.599+0000] {logging_mixin.py:190} INFO - [2025-01-17T10:59:32.598+0000] {dag.py:4180} INFO - Setting next_dagrun for dataset_alias_example_alias_consumer to None, run_after=None
[2025-01-17T10:59:32.603+0000] {logging_mixin.py:190} INFO - [2025-01-17T10:59:32.602+0000] {dag.py:4180} INFO - Setting next_dagrun for dataset_alias_example_alias_producer to None, run_after=None
[2025-01-17T10:59:32.605+0000] {logging_mixin.py:190} INFO - [2025-01-17T10:59:32.605+0000] {dag.py:4180} INFO - Setting next_dagrun for dataset_s3_bucket_consumer to None, run_after=None
[2025-01-17T10:59:32.608+0000] {logging_mixin.py:190} INFO - [2025-01-17T10:59:32.607+0000] {dag.py:4180} INFO - Setting next_dagrun for dataset_s3_bucket_producer to None, run_after=None
[2025-01-17T10:59:32.637+0000] {processor.py:208} INFO - Processing /home/airflow/.local/lib/python3.12/site-packages/airflow/example_dags/example_dataset_alias.py took 0.706 seconds
[2025-01-17T11:00:02.910+0000] {processor.py:186} INFO - Started process (PID=1047) to work on /home/airflow/.local/lib/python3.12/site-packages/airflow/example_dags/example_dataset_alias.py
[2025-01-17T11:00:02.912+0000] {processor.py:914} INFO - Processing file /home/airflow/.local/lib/python3.12/site-packages/airflow/example_dags/example_dataset_alias.py for tasks to queue
[2025-01-17T11:00:02.916+0000] {logging_mixin.py:190} INFO - [2025-01-17T11:00:02.915+0000] {dagbag.py:588} INFO - Filling up the DagBag from /home/airflow/.local/lib/python3.12/site-packages/airflow/example_dags/example_dataset_alias.py
[2025-01-17T11:00:03.587+0000] {processor.py:925} INFO - DAG(s) 'dataset_s3_bucket_producer', 'dataset_s3_bucket_consumer', 'dataset_alias_example_alias_producer', 'dataset_alias_example_alias_consumer' retrieved from /home/airflow/.local/lib/python3.12/site-packages/airflow/example_dags/example_dataset_alias.py
[2025-01-17T11:00:03.620+0000] {logging_mixin.py:190} INFO - [2025-01-17T11:00:03.619+0000] {dag.py:3239} INFO - Sync 4 DAGs
[2025-01-17T11:00:03.648+0000] {logging_mixin.py:190} INFO - [2025-01-17T11:00:03.647+0000] {dag.py:4180} INFO - Setting next_dagrun for dataset_alias_example_alias_consumer to None, run_after=None
[2025-01-17T11:00:03.651+0000] {logging_mixin.py:190} INFO - [2025-01-17T11:00:03.651+0000] {dag.py:4180} INFO - Setting next_dagrun for dataset_alias_example_alias_producer to None, run_after=None
[2025-01-17T11:00:03.654+0000] {logging_mixin.py:190} INFO - [2025-01-17T11:00:03.654+0000] {dag.py:4180} INFO - Setting next_dagrun for dataset_s3_bucket_consumer to None, run_after=None
[2025-01-17T11:00:03.656+0000] {logging_mixin.py:190} INFO - [2025-01-17T11:00:03.656+0000] {dag.py:4180} INFO - Setting next_dagrun for dataset_s3_bucket_producer to None, run_after=None
[2025-01-17T11:00:03.685+0000] {processor.py:208} INFO - Processing /home/airflow/.local/lib/python3.12/site-packages/airflow/example_dags/example_dataset_alias.py took 0.783 seconds
[2025-01-17T11:22:00.362+0000] {processor.py:186} INFO - Started process (PID=71) to work on /home/airflow/.local/lib/python3.12/site-packages/airflow/example_dags/example_dataset_alias.py
[2025-01-17T11:22:00.364+0000] {processor.py:914} INFO - Processing file /home/airflow/.local/lib/python3.12/site-packages/airflow/example_dags/example_dataset_alias.py for tasks to queue
[2025-01-17T11:22:00.367+0000] {logging_mixin.py:190} INFO - [2025-01-17T11:22:00.366+0000] {dagbag.py:588} INFO - Filling up the DagBag from /home/airflow/.local/lib/python3.12/site-packages/airflow/example_dags/example_dataset_alias.py
[2025-01-17T11:22:01.270+0000] {processor.py:925} INFO - DAG(s) 'dataset_s3_bucket_consumer', 'dataset_alias_example_alias_consumer', 'dataset_s3_bucket_producer', 'dataset_alias_example_alias_producer' retrieved from /home/airflow/.local/lib/python3.12/site-packages/airflow/example_dags/example_dataset_alias.py
[2025-01-17T11:22:01.303+0000] {logging_mixin.py:190} INFO - [2025-01-17T11:22:01.302+0000] {dag.py:3239} INFO - Sync 4 DAGs
[2025-01-17T11:22:01.327+0000] {logging_mixin.py:190} INFO - [2025-01-17T11:22:01.327+0000] {dag.py:4180} INFO - Setting next_dagrun for dataset_alias_example_alias_consumer to None, run_after=None
[2025-01-17T11:22:01.331+0000] {logging_mixin.py:190} INFO - [2025-01-17T11:22:01.330+0000] {dag.py:4180} INFO - Setting next_dagrun for dataset_alias_example_alias_producer to None, run_after=None
[2025-01-17T11:22:01.333+0000] {logging_mixin.py:190} INFO - [2025-01-17T11:22:01.333+0000] {dag.py:4180} INFO - Setting next_dagrun for dataset_s3_bucket_consumer to None, run_after=None
[2025-01-17T11:22:01.335+0000] {logging_mixin.py:190} INFO - [2025-01-17T11:22:01.335+0000] {dag.py:4180} INFO - Setting next_dagrun for dataset_s3_bucket_producer to None, run_after=None
[2025-01-17T11:22:01.363+0000] {processor.py:208} INFO - Processing /home/airflow/.local/lib/python3.12/site-packages/airflow/example_dags/example_dataset_alias.py took 1.008 seconds
[2025-01-17T11:22:31.492+0000] {processor.py:186} INFO - Started process (PID=135) to work on /home/airflow/.local/lib/python3.12/site-packages/airflow/example_dags/example_dataset_alias.py
[2025-01-17T11:22:31.494+0000] {processor.py:914} INFO - Processing file /home/airflow/.local/lib/python3.12/site-packages/airflow/example_dags/example_dataset_alias.py for tasks to queue
[2025-01-17T11:22:31.496+0000] {logging_mixin.py:190} INFO - [2025-01-17T11:22:31.496+0000] {dagbag.py:588} INFO - Filling up the DagBag from /home/airflow/.local/lib/python3.12/site-packages/airflow/example_dags/example_dataset_alias.py
[2025-01-17T11:22:32.118+0000] {processor.py:925} INFO - DAG(s) 'dataset_s3_bucket_producer', 'dataset_alias_example_alias_producer', 'dataset_alias_example_alias_consumer', 'dataset_s3_bucket_consumer' retrieved from /home/airflow/.local/lib/python3.12/site-packages/airflow/example_dags/example_dataset_alias.py
[2025-01-17T11:22:32.148+0000] {logging_mixin.py:190} INFO - [2025-01-17T11:22:32.146+0000] {dag.py:3239} INFO - Sync 4 DAGs
[2025-01-17T11:22:32.173+0000] {logging_mixin.py:190} INFO - [2025-01-17T11:22:32.173+0000] {dag.py:4180} INFO - Setting next_dagrun for dataset_alias_example_alias_consumer to None, run_after=None
[2025-01-17T11:22:32.176+0000] {logging_mixin.py:190} INFO - [2025-01-17T11:22:32.176+0000] {dag.py:4180} INFO - Setting next_dagrun for dataset_alias_example_alias_producer to None, run_after=None
[2025-01-17T11:22:32.179+0000] {logging_mixin.py:190} INFO - [2025-01-17T11:22:32.179+0000] {dag.py:4180} INFO - Setting next_dagrun for dataset_s3_bucket_consumer to None, run_after=None
[2025-01-17T11:22:32.182+0000] {logging_mixin.py:190} INFO - [2025-01-17T11:22:32.182+0000] {dag.py:4180} INFO - Setting next_dagrun for dataset_s3_bucket_producer to None, run_after=None
[2025-01-17T11:22:32.211+0000] {processor.py:208} INFO - Processing /home/airflow/.local/lib/python3.12/site-packages/airflow/example_dags/example_dataset_alias.py took 0.724 seconds
[2025-01-17T11:23:02.817+0000] {processor.py:186} INFO - Started process (PID=205) to work on /home/airflow/.local/lib/python3.12/site-packages/airflow/example_dags/example_dataset_alias.py
[2025-01-17T11:23:02.818+0000] {processor.py:914} INFO - Processing file /home/airflow/.local/lib/python3.12/site-packages/airflow/example_dags/example_dataset_alias.py for tasks to queue
[2025-01-17T11:23:02.820+0000] {logging_mixin.py:190} INFO - [2025-01-17T11:23:02.819+0000] {dagbag.py:588} INFO - Filling up the DagBag from /home/airflow/.local/lib/python3.12/site-packages/airflow/example_dags/example_dataset_alias.py
[2025-01-17T11:23:03.474+0000] {processor.py:925} INFO - DAG(s) 'dataset_s3_bucket_consumer', 'dataset_s3_bucket_producer', 'dataset_alias_example_alias_producer', 'dataset_alias_example_alias_consumer' retrieved from /home/airflow/.local/lib/python3.12/site-packages/airflow/example_dags/example_dataset_alias.py
[2025-01-17T11:23:03.504+0000] {logging_mixin.py:190} INFO - [2025-01-17T11:23:03.503+0000] {dag.py:3239} INFO - Sync 4 DAGs
[2025-01-17T11:23:03.533+0000] {logging_mixin.py:190} INFO - [2025-01-17T11:23:03.533+0000] {dag.py:4180} INFO - Setting next_dagrun for dataset_alias_example_alias_consumer to None, run_after=None
[2025-01-17T11:23:03.537+0000] {logging_mixin.py:190} INFO - [2025-01-17T11:23:03.537+0000] {dag.py:4180} INFO - Setting next_dagrun for dataset_alias_example_alias_producer to None, run_after=None
[2025-01-17T11:23:03.540+0000] {logging_mixin.py:190} INFO - [2025-01-17T11:23:03.539+0000] {dag.py:4180} INFO - Setting next_dagrun for dataset_s3_bucket_consumer to None, run_after=None
[2025-01-17T11:23:03.542+0000] {logging_mixin.py:190} INFO - [2025-01-17T11:23:03.542+0000] {dag.py:4180} INFO - Setting next_dagrun for dataset_s3_bucket_producer to None, run_after=None
[2025-01-17T11:23:03.568+0000] {processor.py:208} INFO - Processing /home/airflow/.local/lib/python3.12/site-packages/airflow/example_dags/example_dataset_alias.py took 0.759 seconds
[2025-01-17T11:23:34.454+0000] {processor.py:186} INFO - Started process (PID=269) to work on /home/airflow/.local/lib/python3.12/site-packages/airflow/example_dags/example_dataset_alias.py
[2025-01-17T11:23:34.456+0000] {processor.py:914} INFO - Processing file /home/airflow/.local/lib/python3.12/site-packages/airflow/example_dags/example_dataset_alias.py for tasks to queue
[2025-01-17T11:23:34.459+0000] {logging_mixin.py:190} INFO - [2025-01-17T11:23:34.459+0000] {dagbag.py:588} INFO - Filling up the DagBag from /home/airflow/.local/lib/python3.12/site-packages/airflow/example_dags/example_dataset_alias.py
[2025-01-17T11:23:35.146+0000] {processor.py:925} INFO - DAG(s) 'dataset_alias_example_alias_producer', 'dataset_s3_bucket_producer', 'dataset_alias_example_alias_consumer', 'dataset_s3_bucket_consumer' retrieved from /home/airflow/.local/lib/python3.12/site-packages/airflow/example_dags/example_dataset_alias.py
[2025-01-17T11:23:35.177+0000] {logging_mixin.py:190} INFO - [2025-01-17T11:23:35.177+0000] {dag.py:3239} INFO - Sync 4 DAGs
[2025-01-17T11:23:35.208+0000] {logging_mixin.py:190} INFO - [2025-01-17T11:23:35.208+0000] {dag.py:4180} INFO - Setting next_dagrun for dataset_alias_example_alias_consumer to None, run_after=None
[2025-01-17T11:23:35.213+0000] {logging_mixin.py:190} INFO - [2025-01-17T11:23:35.212+0000] {dag.py:4180} INFO - Setting next_dagrun for dataset_alias_example_alias_producer to None, run_after=None
[2025-01-17T11:23:35.216+0000] {logging_mixin.py:190} INFO - [2025-01-17T11:23:35.215+0000] {dag.py:4180} INFO - Setting next_dagrun for dataset_s3_bucket_consumer to None, run_after=None
[2025-01-17T11:23:35.218+0000] {logging_mixin.py:190} INFO - [2025-01-17T11:23:35.218+0000] {dag.py:4180} INFO - Setting next_dagrun for dataset_s3_bucket_producer to None, run_after=None
[2025-01-17T11:23:35.247+0000] {processor.py:208} INFO - Processing /home/airflow/.local/lib/python3.12/site-packages/airflow/example_dags/example_dataset_alias.py took 0.799 seconds
[2025-01-17T11:24:05.666+0000] {processor.py:186} INFO - Started process (PID=333) to work on /home/airflow/.local/lib/python3.12/site-packages/airflow/example_dags/example_dataset_alias.py
[2025-01-17T11:24:05.668+0000] {processor.py:914} INFO - Processing file /home/airflow/.local/lib/python3.12/site-packages/airflow/example_dags/example_dataset_alias.py for tasks to queue
[2025-01-17T11:24:05.674+0000] {logging_mixin.py:190} INFO - [2025-01-17T11:24:05.673+0000] {dagbag.py:588} INFO - Filling up the DagBag from /home/airflow/.local/lib/python3.12/site-packages/airflow/example_dags/example_dataset_alias.py
[2025-01-17T11:24:06.395+0000] {processor.py:925} INFO - DAG(s) 'dataset_alias_example_alias_producer', 'dataset_alias_example_alias_consumer', 'dataset_s3_bucket_consumer', 'dataset_s3_bucket_producer' retrieved from /home/airflow/.local/lib/python3.12/site-packages/airflow/example_dags/example_dataset_alias.py
[2025-01-17T11:24:06.432+0000] {logging_mixin.py:190} INFO - [2025-01-17T11:24:06.432+0000] {dag.py:3239} INFO - Sync 4 DAGs
[2025-01-17T11:24:06.461+0000] {logging_mixin.py:190} INFO - [2025-01-17T11:24:06.460+0000] {dag.py:4180} INFO - Setting next_dagrun for dataset_alias_example_alias_consumer to None, run_after=None
[2025-01-17T11:24:06.465+0000] {logging_mixin.py:190} INFO - [2025-01-17T11:24:06.464+0000] {dag.py:4180} INFO - Setting next_dagrun for dataset_alias_example_alias_producer to None, run_after=None
[2025-01-17T11:24:06.467+0000] {logging_mixin.py:190} INFO - [2025-01-17T11:24:06.467+0000] {dag.py:4180} INFO - Setting next_dagrun for dataset_s3_bucket_consumer to None, run_after=None
[2025-01-17T11:24:06.470+0000] {logging_mixin.py:190} INFO - [2025-01-17T11:24:06.469+0000] {dag.py:4180} INFO - Setting next_dagrun for dataset_s3_bucket_producer to None, run_after=None
[2025-01-17T11:24:06.498+0000] {processor.py:208} INFO - Processing /home/airflow/.local/lib/python3.12/site-packages/airflow/example_dags/example_dataset_alias.py took 0.845 seconds
[2025-01-17T11:24:36.958+0000] {processor.py:186} INFO - Started process (PID=397) to work on /home/airflow/.local/lib/python3.12/site-packages/airflow/example_dags/example_dataset_alias.py
[2025-01-17T11:24:36.959+0000] {processor.py:914} INFO - Processing file /home/airflow/.local/lib/python3.12/site-packages/airflow/example_dags/example_dataset_alias.py for tasks to queue
[2025-01-17T11:24:36.963+0000] {logging_mixin.py:190} INFO - [2025-01-17T11:24:36.962+0000] {dagbag.py:588} INFO - Filling up the DagBag from /home/airflow/.local/lib/python3.12/site-packages/airflow/example_dags/example_dataset_alias.py
[2025-01-17T11:24:37.582+0000] {processor.py:925} INFO - DAG(s) 'dataset_alias_example_alias_consumer', 'dataset_s3_bucket_producer', 'dataset_alias_example_alias_producer', 'dataset_s3_bucket_consumer' retrieved from /home/airflow/.local/lib/python3.12/site-packages/airflow/example_dags/example_dataset_alias.py
[2025-01-17T11:24:37.611+0000] {logging_mixin.py:190} INFO - [2025-01-17T11:24:37.610+0000] {dag.py:3239} INFO - Sync 4 DAGs
[2025-01-17T11:24:37.637+0000] {logging_mixin.py:190} INFO - [2025-01-17T11:24:37.637+0000] {dag.py:4180} INFO - Setting next_dagrun for dataset_alias_example_alias_consumer to None, run_after=None
[2025-01-17T11:24:37.641+0000] {logging_mixin.py:190} INFO - [2025-01-17T11:24:37.641+0000] {dag.py:4180} INFO - Setting next_dagrun for dataset_alias_example_alias_producer to None, run_after=None
[2025-01-17T11:24:37.645+0000] {logging_mixin.py:190} INFO - [2025-01-17T11:24:37.645+0000] {dag.py:4180} INFO - Setting next_dagrun for dataset_s3_bucket_consumer to None, run_after=None
[2025-01-17T11:24:37.648+0000] {logging_mixin.py:190} INFO - [2025-01-17T11:24:37.648+0000] {dag.py:4180} INFO - Setting next_dagrun for dataset_s3_bucket_producer to None, run_after=None
[2025-01-17T11:24:37.680+0000] {processor.py:208} INFO - Processing /home/airflow/.local/lib/python3.12/site-packages/airflow/example_dags/example_dataset_alias.py took 0.726 seconds
[2025-01-17T11:25:08.348+0000] {processor.py:186} INFO - Started process (PID=461) to work on /home/airflow/.local/lib/python3.12/site-packages/airflow/example_dags/example_dataset_alias.py
[2025-01-17T11:25:08.349+0000] {processor.py:914} INFO - Processing file /home/airflow/.local/lib/python3.12/site-packages/airflow/example_dags/example_dataset_alias.py for tasks to queue
[2025-01-17T11:25:08.352+0000] {logging_mixin.py:190} INFO - [2025-01-17T11:25:08.352+0000] {dagbag.py:588} INFO - Filling up the DagBag from /home/airflow/.local/lib/python3.12/site-packages/airflow/example_dags/example_dataset_alias.py
[2025-01-17T11:25:09.039+0000] {processor.py:925} INFO - DAG(s) 'dataset_alias_example_alias_consumer', 'dataset_s3_bucket_producer', 'dataset_alias_example_alias_producer', 'dataset_s3_bucket_consumer' retrieved from /home/airflow/.local/lib/python3.12/site-packages/airflow/example_dags/example_dataset_alias.py
[2025-01-17T11:25:09.074+0000] {logging_mixin.py:190} INFO - [2025-01-17T11:25:09.073+0000] {dag.py:3239} INFO - Sync 4 DAGs
[2025-01-17T11:25:09.104+0000] {logging_mixin.py:190} INFO - [2025-01-17T11:25:09.104+0000] {dag.py:4180} INFO - Setting next_dagrun for dataset_alias_example_alias_consumer to None, run_after=None
[2025-01-17T11:25:09.109+0000] {logging_mixin.py:190} INFO - [2025-01-17T11:25:09.108+0000] {dag.py:4180} INFO - Setting next_dagrun for dataset_alias_example_alias_producer to None, run_after=None
[2025-01-17T11:25:09.111+0000] {logging_mixin.py:190} INFO - [2025-01-17T11:25:09.111+0000] {dag.py:4180} INFO - Setting next_dagrun for dataset_s3_bucket_consumer to None, run_after=None
[2025-01-17T11:25:09.114+0000] {logging_mixin.py:190} INFO - [2025-01-17T11:25:09.114+0000] {dag.py:4180} INFO - Setting next_dagrun for dataset_s3_bucket_producer to None, run_after=None
[2025-01-17T11:25:09.148+0000] {processor.py:208} INFO - Processing /home/airflow/.local/lib/python3.12/site-packages/airflow/example_dags/example_dataset_alias.py took 0.806 seconds
[2025-01-17T11:25:39.869+0000] {processor.py:186} INFO - Started process (PID=526) to work on /home/airflow/.local/lib/python3.12/site-packages/airflow/example_dags/example_dataset_alias.py
[2025-01-17T11:25:39.871+0000] {processor.py:914} INFO - Processing file /home/airflow/.local/lib/python3.12/site-packages/airflow/example_dags/example_dataset_alias.py for tasks to queue
[2025-01-17T11:25:39.873+0000] {logging_mixin.py:190} INFO - [2025-01-17T11:25:39.873+0000] {dagbag.py:588} INFO - Filling up the DagBag from /home/airflow/.local/lib/python3.12/site-packages/airflow/example_dags/example_dataset_alias.py
[2025-01-17T11:25:40.483+0000] {processor.py:925} INFO - DAG(s) 'dataset_alias_example_alias_consumer', 'dataset_s3_bucket_consumer', 'dataset_s3_bucket_producer', 'dataset_alias_example_alias_producer' retrieved from /home/airflow/.local/lib/python3.12/site-packages/airflow/example_dags/example_dataset_alias.py
[2025-01-17T11:25:40.514+0000] {logging_mixin.py:190} INFO - [2025-01-17T11:25:40.513+0000] {dag.py:3239} INFO - Sync 4 DAGs
[2025-01-17T11:25:40.541+0000] {logging_mixin.py:190} INFO - [2025-01-17T11:25:40.541+0000] {dag.py:4180} INFO - Setting next_dagrun for dataset_alias_example_alias_consumer to None, run_after=None
[2025-01-17T11:25:40.546+0000] {logging_mixin.py:190} INFO - [2025-01-17T11:25:40.545+0000] {dag.py:4180} INFO - Setting next_dagrun for dataset_alias_example_alias_producer to None, run_after=None
[2025-01-17T11:25:40.548+0000] {logging_mixin.py:190} INFO - [2025-01-17T11:25:40.548+0000] {dag.py:4180} INFO - Setting next_dagrun for dataset_s3_bucket_consumer to None, run_after=None
[2025-01-17T11:25:40.551+0000] {logging_mixin.py:190} INFO - [2025-01-17T11:25:40.551+0000] {dag.py:4180} INFO - Setting next_dagrun for dataset_s3_bucket_producer to None, run_after=None
[2025-01-17T11:25:40.581+0000] {processor.py:208} INFO - Processing /home/airflow/.local/lib/python3.12/site-packages/airflow/example_dags/example_dataset_alias.py took 0.716 seconds
[2025-01-17T11:26:10.704+0000] {processor.py:186} INFO - Started process (PID=590) to work on /home/airflow/.local/lib/python3.12/site-packages/airflow/example_dags/example_dataset_alias.py
[2025-01-17T11:26:10.705+0000] {processor.py:914} INFO - Processing file /home/airflow/.local/lib/python3.12/site-packages/airflow/example_dags/example_dataset_alias.py for tasks to queue
[2025-01-17T11:26:10.709+0000] {logging_mixin.py:190} INFO - [2025-01-17T11:26:10.708+0000] {dagbag.py:588} INFO - Filling up the DagBag from /home/airflow/.local/lib/python3.12/site-packages/airflow/example_dags/example_dataset_alias.py
[2025-01-17T11:26:11.315+0000] {processor.py:925} INFO - DAG(s) 'dataset_alias_example_alias_consumer', 'dataset_s3_bucket_producer', 'dataset_s3_bucket_consumer', 'dataset_alias_example_alias_producer' retrieved from /home/airflow/.local/lib/python3.12/site-packages/airflow/example_dags/example_dataset_alias.py
[2025-01-17T11:26:11.342+0000] {logging_mixin.py:190} INFO - [2025-01-17T11:26:11.342+0000] {dag.py:3239} INFO - Sync 4 DAGs
[2025-01-17T11:26:11.367+0000] {logging_mixin.py:190} INFO - [2025-01-17T11:26:11.367+0000] {dag.py:4180} INFO - Setting next_dagrun for dataset_alias_example_alias_consumer to None, run_after=None
[2025-01-17T11:26:11.372+0000] {logging_mixin.py:190} INFO - [2025-01-17T11:26:11.371+0000] {dag.py:4180} INFO - Setting next_dagrun for dataset_alias_example_alias_producer to None, run_after=None
[2025-01-17T11:26:11.375+0000] {logging_mixin.py:190} INFO - [2025-01-17T11:26:11.375+0000] {dag.py:4180} INFO - Setting next_dagrun for dataset_s3_bucket_consumer to None, run_after=None
[2025-01-17T11:26:11.377+0000] {logging_mixin.py:190} INFO - [2025-01-17T11:26:11.377+0000] {dag.py:4180} INFO - Setting next_dagrun for dataset_s3_bucket_producer to None, run_after=None
[2025-01-17T11:26:11.405+0000] {processor.py:208} INFO - Processing /home/airflow/.local/lib/python3.12/site-packages/airflow/example_dags/example_dataset_alias.py took 0.706 seconds
[2025-01-17T11:26:42.041+0000] {processor.py:186} INFO - Started process (PID=654) to work on /home/airflow/.local/lib/python3.12/site-packages/airflow/example_dags/example_dataset_alias.py
[2025-01-17T11:26:42.043+0000] {processor.py:914} INFO - Processing file /home/airflow/.local/lib/python3.12/site-packages/airflow/example_dags/example_dataset_alias.py for tasks to queue
[2025-01-17T11:26:42.045+0000] {logging_mixin.py:190} INFO - [2025-01-17T11:26:42.045+0000] {dagbag.py:588} INFO - Filling up the DagBag from /home/airflow/.local/lib/python3.12/site-packages/airflow/example_dags/example_dataset_alias.py
[2025-01-17T11:26:42.724+0000] {processor.py:925} INFO - DAG(s) 'dataset_s3_bucket_consumer', 'dataset_s3_bucket_producer', 'dataset_alias_example_alias_producer', 'dataset_alias_example_alias_consumer' retrieved from /home/airflow/.local/lib/python3.12/site-packages/airflow/example_dags/example_dataset_alias.py
[2025-01-17T11:26:42.752+0000] {logging_mixin.py:190} INFO - [2025-01-17T11:26:42.751+0000] {dag.py:3239} INFO - Sync 4 DAGs
[2025-01-17T11:26:42.778+0000] {logging_mixin.py:190} INFO - [2025-01-17T11:26:42.778+0000] {dag.py:4180} INFO - Setting next_dagrun for dataset_alias_example_alias_consumer to None, run_after=None
[2025-01-17T11:26:42.782+0000] {logging_mixin.py:190} INFO - [2025-01-17T11:26:42.782+0000] {dag.py:4180} INFO - Setting next_dagrun for dataset_alias_example_alias_producer to None, run_after=None
[2025-01-17T11:26:42.785+0000] {logging_mixin.py:190} INFO - [2025-01-17T11:26:42.785+0000] {dag.py:4180} INFO - Setting next_dagrun for dataset_s3_bucket_consumer to None, run_after=None
[2025-01-17T11:26:42.788+0000] {logging_mixin.py:190} INFO - [2025-01-17T11:26:42.788+0000] {dag.py:4180} INFO - Setting next_dagrun for dataset_s3_bucket_producer to None, run_after=None
[2025-01-17T11:26:42.817+0000] {processor.py:208} INFO - Processing /home/airflow/.local/lib/python3.12/site-packages/airflow/example_dags/example_dataset_alias.py took 0.780 seconds
[2025-01-17T11:27:13.512+0000] {processor.py:186} INFO - Started process (PID=718) to work on /home/airflow/.local/lib/python3.12/site-packages/airflow/example_dags/example_dataset_alias.py
[2025-01-17T11:27:13.513+0000] {processor.py:914} INFO - Processing file /home/airflow/.local/lib/python3.12/site-packages/airflow/example_dags/example_dataset_alias.py for tasks to queue
[2025-01-17T11:27:13.516+0000] {logging_mixin.py:190} INFO - [2025-01-17T11:27:13.516+0000] {dagbag.py:588} INFO - Filling up the DagBag from /home/airflow/.local/lib/python3.12/site-packages/airflow/example_dags/example_dataset_alias.py
[2025-01-17T11:27:14.224+0000] {processor.py:925} INFO - DAG(s) 'dataset_s3_bucket_producer', 'dataset_alias_example_alias_producer', 'dataset_s3_bucket_consumer', 'dataset_alias_example_alias_consumer' retrieved from /home/airflow/.local/lib/python3.12/site-packages/airflow/example_dags/example_dataset_alias.py
[2025-01-17T11:27:14.257+0000] {logging_mixin.py:190} INFO - [2025-01-17T11:27:14.256+0000] {dag.py:3239} INFO - Sync 4 DAGs
[2025-01-17T11:27:14.286+0000] {logging_mixin.py:190} INFO - [2025-01-17T11:27:14.286+0000] {dag.py:4180} INFO - Setting next_dagrun for dataset_alias_example_alias_consumer to None, run_after=None
[2025-01-17T11:27:14.291+0000] {logging_mixin.py:190} INFO - [2025-01-17T11:27:14.290+0000] {dag.py:4180} INFO - Setting next_dagrun for dataset_alias_example_alias_producer to None, run_after=None
[2025-01-17T11:27:14.293+0000] {logging_mixin.py:190} INFO - [2025-01-17T11:27:14.293+0000] {dag.py:4180} INFO - Setting next_dagrun for dataset_s3_bucket_consumer to None, run_after=None
[2025-01-17T11:27:14.297+0000] {logging_mixin.py:190} INFO - [2025-01-17T11:27:14.296+0000] {dag.py:4180} INFO - Setting next_dagrun for dataset_s3_bucket_producer to None, run_after=None
[2025-01-17T11:27:14.326+0000] {processor.py:208} INFO - Processing /home/airflow/.local/lib/python3.12/site-packages/airflow/example_dags/example_dataset_alias.py took 0.821 seconds
[2025-01-17T11:27:44.761+0000] {processor.py:186} INFO - Started process (PID=782) to work on /home/airflow/.local/lib/python3.12/site-packages/airflow/example_dags/example_dataset_alias.py
[2025-01-17T11:27:44.763+0000] {processor.py:914} INFO - Processing file /home/airflow/.local/lib/python3.12/site-packages/airflow/example_dags/example_dataset_alias.py for tasks to queue
[2025-01-17T11:27:44.765+0000] {logging_mixin.py:190} INFO - [2025-01-17T11:27:44.765+0000] {dagbag.py:588} INFO - Filling up the DagBag from /home/airflow/.local/lib/python3.12/site-packages/airflow/example_dags/example_dataset_alias.py
[2025-01-17T11:27:45.409+0000] {processor.py:925} INFO - DAG(s) 'dataset_s3_bucket_consumer', 'dataset_alias_example_alias_consumer', 'dataset_s3_bucket_producer', 'dataset_alias_example_alias_producer' retrieved from /home/airflow/.local/lib/python3.12/site-packages/airflow/example_dags/example_dataset_alias.py
[2025-01-17T11:27:45.440+0000] {logging_mixin.py:190} INFO - [2025-01-17T11:27:45.439+0000] {dag.py:3239} INFO - Sync 4 DAGs
[2025-01-17T11:27:45.468+0000] {logging_mixin.py:190} INFO - [2025-01-17T11:27:45.468+0000] {dag.py:4180} INFO - Setting next_dagrun for dataset_alias_example_alias_consumer to None, run_after=None
[2025-01-17T11:27:45.472+0000] {logging_mixin.py:190} INFO - [2025-01-17T11:27:45.472+0000] {dag.py:4180} INFO - Setting next_dagrun for dataset_alias_example_alias_producer to None, run_after=None
[2025-01-17T11:27:45.475+0000] {logging_mixin.py:190} INFO - [2025-01-17T11:27:45.475+0000] {dag.py:4180} INFO - Setting next_dagrun for dataset_s3_bucket_consumer to None, run_after=None
[2025-01-17T11:27:45.477+0000] {logging_mixin.py:190} INFO - [2025-01-17T11:27:45.477+0000] {dag.py:4180} INFO - Setting next_dagrun for dataset_s3_bucket_producer to None, run_after=None
[2025-01-17T11:27:45.505+0000] {processor.py:208} INFO - Processing /home/airflow/.local/lib/python3.12/site-packages/airflow/example_dags/example_dataset_alias.py took 0.750 seconds
[2025-01-17T11:28:15.629+0000] {processor.py:186} INFO - Started process (PID=846) to work on /home/airflow/.local/lib/python3.12/site-packages/airflow/example_dags/example_dataset_alias.py
[2025-01-17T11:28:15.631+0000] {processor.py:914} INFO - Processing file /home/airflow/.local/lib/python3.12/site-packages/airflow/example_dags/example_dataset_alias.py for tasks to queue
[2025-01-17T11:28:15.634+0000] {logging_mixin.py:190} INFO - [2025-01-17T11:28:15.634+0000] {dagbag.py:588} INFO - Filling up the DagBag from /home/airflow/.local/lib/python3.12/site-packages/airflow/example_dags/example_dataset_alias.py
[2025-01-17T11:28:16.393+0000] {processor.py:925} INFO - DAG(s) 'dataset_s3_bucket_consumer', 'dataset_alias_example_alias_consumer', 'dataset_alias_example_alias_producer', 'dataset_s3_bucket_producer' retrieved from /home/airflow/.local/lib/python3.12/site-packages/airflow/example_dags/example_dataset_alias.py
[2025-01-17T11:28:16.428+0000] {logging_mixin.py:190} INFO - [2025-01-17T11:28:16.427+0000] {dag.py:3239} INFO - Sync 4 DAGs
[2025-01-17T11:28:16.472+0000] {logging_mixin.py:190} INFO - [2025-01-17T11:28:16.471+0000] {dag.py:4180} INFO - Setting next_dagrun for dataset_alias_example_alias_consumer to None, run_after=None
[2025-01-17T11:28:16.476+0000] {logging_mixin.py:190} INFO - [2025-01-17T11:28:16.476+0000] {dag.py:4180} INFO - Setting next_dagrun for dataset_alias_example_alias_producer to None, run_after=None
[2025-01-17T11:28:16.478+0000] {logging_mixin.py:190} INFO - [2025-01-17T11:28:16.478+0000] {dag.py:4180} INFO - Setting next_dagrun for dataset_s3_bucket_consumer to None, run_after=None
[2025-01-17T11:28:16.481+0000] {logging_mixin.py:190} INFO - [2025-01-17T11:28:16.480+0000] {dag.py:4180} INFO - Setting next_dagrun for dataset_s3_bucket_producer to None, run_after=None
[2025-01-17T11:28:16.514+0000] {processor.py:208} INFO - Processing /home/airflow/.local/lib/python3.12/site-packages/airflow/example_dags/example_dataset_alias.py took 0.890 seconds
[2025-01-17T11:28:46.672+0000] {processor.py:186} INFO - Started process (PID=911) to work on /home/airflow/.local/lib/python3.12/site-packages/airflow/example_dags/example_dataset_alias.py
[2025-01-17T11:28:46.673+0000] {processor.py:914} INFO - Processing file /home/airflow/.local/lib/python3.12/site-packages/airflow/example_dags/example_dataset_alias.py for tasks to queue
[2025-01-17T11:28:46.677+0000] {logging_mixin.py:190} INFO - [2025-01-17T11:28:46.676+0000] {dagbag.py:588} INFO - Filling up the DagBag from /home/airflow/.local/lib/python3.12/site-packages/airflow/example_dags/example_dataset_alias.py
[2025-01-17T11:28:47.328+0000] {processor.py:925} INFO - DAG(s) 'dataset_alias_example_alias_consumer', 'dataset_alias_example_alias_producer', 'dataset_s3_bucket_consumer', 'dataset_s3_bucket_producer' retrieved from /home/airflow/.local/lib/python3.12/site-packages/airflow/example_dags/example_dataset_alias.py
[2025-01-17T11:28:47.360+0000] {logging_mixin.py:190} INFO - [2025-01-17T11:28:47.359+0000] {dag.py:3239} INFO - Sync 4 DAGs
[2025-01-17T11:28:47.395+0000] {logging_mixin.py:190} INFO - [2025-01-17T11:28:47.395+0000] {dag.py:4180} INFO - Setting next_dagrun for dataset_alias_example_alias_consumer to None, run_after=None
[2025-01-17T11:28:47.399+0000] {logging_mixin.py:190} INFO - [2025-01-17T11:28:47.399+0000] {dag.py:4180} INFO - Setting next_dagrun for dataset_alias_example_alias_producer to None, run_after=None
[2025-01-17T11:28:47.402+0000] {logging_mixin.py:190} INFO - [2025-01-17T11:28:47.402+0000] {dag.py:4180} INFO - Setting next_dagrun for dataset_s3_bucket_consumer to None, run_after=None
[2025-01-17T11:28:47.404+0000] {logging_mixin.py:190} INFO - [2025-01-17T11:28:47.404+0000] {dag.py:4180} INFO - Setting next_dagrun for dataset_s3_bucket_producer to None, run_after=None
[2025-01-17T11:28:47.438+0000] {processor.py:208} INFO - Processing /home/airflow/.local/lib/python3.12/site-packages/airflow/example_dags/example_dataset_alias.py took 0.771 seconds
[2025-01-17T11:29:18.197+0000] {processor.py:186} INFO - Started process (PID=975) to work on /home/airflow/.local/lib/python3.12/site-packages/airflow/example_dags/example_dataset_alias.py
[2025-01-17T11:29:18.198+0000] {processor.py:914} INFO - Processing file /home/airflow/.local/lib/python3.12/site-packages/airflow/example_dags/example_dataset_alias.py for tasks to queue
[2025-01-17T11:29:18.201+0000] {logging_mixin.py:190} INFO - [2025-01-17T11:29:18.201+0000] {dagbag.py:588} INFO - Filling up the DagBag from /home/airflow/.local/lib/python3.12/site-packages/airflow/example_dags/example_dataset_alias.py
[2025-01-17T11:29:18.859+0000] {processor.py:925} INFO - DAG(s) 'dataset_alias_example_alias_producer', 'dataset_s3_bucket_producer', 'dataset_s3_bucket_consumer', 'dataset_alias_example_alias_consumer' retrieved from /home/airflow/.local/lib/python3.12/site-packages/airflow/example_dags/example_dataset_alias.py
[2025-01-17T11:29:18.892+0000] {logging_mixin.py:190} INFO - [2025-01-17T11:29:18.891+0000] {dag.py:3239} INFO - Sync 4 DAGs
[2025-01-17T11:29:18.921+0000] {logging_mixin.py:190} INFO - [2025-01-17T11:29:18.921+0000] {dag.py:4180} INFO - Setting next_dagrun for dataset_alias_example_alias_consumer to None, run_after=None
[2025-01-17T11:29:18.925+0000] {logging_mixin.py:190} INFO - [2025-01-17T11:29:18.925+0000] {dag.py:4180} INFO - Setting next_dagrun for dataset_alias_example_alias_producer to None, run_after=None
[2025-01-17T11:29:18.928+0000] {logging_mixin.py:190} INFO - [2025-01-17T11:29:18.928+0000] {dag.py:4180} INFO - Setting next_dagrun for dataset_s3_bucket_consumer to None, run_after=None
[2025-01-17T11:29:18.931+0000] {logging_mixin.py:190} INFO - [2025-01-17T11:29:18.931+0000] {dag.py:4180} INFO - Setting next_dagrun for dataset_s3_bucket_producer to None, run_after=None
[2025-01-17T11:29:18.960+0000] {processor.py:208} INFO - Processing /home/airflow/.local/lib/python3.12/site-packages/airflow/example_dags/example_dataset_alias.py took 0.769 seconds
[2025-01-17T11:29:49.698+0000] {processor.py:186} INFO - Started process (PID=1044) to work on /home/airflow/.local/lib/python3.12/site-packages/airflow/example_dags/example_dataset_alias.py
[2025-01-17T11:29:49.699+0000] {processor.py:914} INFO - Processing file /home/airflow/.local/lib/python3.12/site-packages/airflow/example_dags/example_dataset_alias.py for tasks to queue
[2025-01-17T11:29:49.702+0000] {logging_mixin.py:190} INFO - [2025-01-17T11:29:49.701+0000] {dagbag.py:588} INFO - Filling up the DagBag from /home/airflow/.local/lib/python3.12/site-packages/airflow/example_dags/example_dataset_alias.py
[2025-01-17T11:29:50.282+0000] {processor.py:925} INFO - DAG(s) 'dataset_alias_example_alias_consumer', 'dataset_s3_bucket_consumer', 'dataset_s3_bucket_producer', 'dataset_alias_example_alias_producer' retrieved from /home/airflow/.local/lib/python3.12/site-packages/airflow/example_dags/example_dataset_alias.py
[2025-01-17T11:29:50.310+0000] {logging_mixin.py:190} INFO - [2025-01-17T11:29:50.309+0000] {dag.py:3239} INFO - Sync 4 DAGs
[2025-01-17T11:29:50.338+0000] {logging_mixin.py:190} INFO - [2025-01-17T11:29:50.338+0000] {dag.py:4180} INFO - Setting next_dagrun for dataset_alias_example_alias_consumer to None, run_after=None
[2025-01-17T11:29:50.342+0000] {logging_mixin.py:190} INFO - [2025-01-17T11:29:50.341+0000] {dag.py:4180} INFO - Setting next_dagrun for dataset_alias_example_alias_producer to None, run_after=None
[2025-01-17T11:29:50.345+0000] {logging_mixin.py:190} INFO - [2025-01-17T11:29:50.345+0000] {dag.py:4180} INFO - Setting next_dagrun for dataset_s3_bucket_consumer to None, run_after=None
[2025-01-17T11:29:50.347+0000] {logging_mixin.py:190} INFO - [2025-01-17T11:29:50.347+0000] {dag.py:4180} INFO - Setting next_dagrun for dataset_s3_bucket_producer to None, run_after=None
[2025-01-17T11:29:50.376+0000] {processor.py:208} INFO - Processing /home/airflow/.local/lib/python3.12/site-packages/airflow/example_dags/example_dataset_alias.py took 0.684 seconds
