[2025-01-17T10:32:05.132+0000] {processor.py:186} INFO - Started process (PID=125) to work on /home/airflow/.local/lib/python3.12/site-packages/airflow/example_dags/example_branch_day_of_week_operator.py
[2025-01-17T10:32:05.133+0000] {processor.py:914} INFO - Processing file /home/airflow/.local/lib/python3.12/site-packages/airflow/example_dags/example_branch_day_of_week_operator.py for tasks to queue
[2025-01-17T10:32:05.136+0000] {logging_mixin.py:190} INFO - [2025-01-17T10:32:05.136+0000] {dagbag.py:588} INFO - Filling up the DagBag from /home/airflow/.local/lib/python3.12/site-packages/airflow/example_dags/example_branch_day_of_week_operator.py
[2025-01-17T10:32:05.145+0000] {processor.py:925} INFO - DAG(s) 'example_weekday_branch_operator' retrieved from /home/airflow/.local/lib/python3.12/site-packages/airflow/example_dags/example_branch_day_of_week_operator.py
[2025-01-17T10:32:05.173+0000] {logging_mixin.py:190} INFO - [2025-01-17T10:32:05.172+0000] {dag.py:3239} INFO - Sync 1 DAGs
[2025-01-17T10:32:05.207+0000] {logging_mixin.py:190} INFO - [2025-01-17T10:32:05.206+0000] {dag.py:4180} INFO - Setting next_dagrun for example_weekday_branch_operator to 2025-01-16 00:00:00+00:00, run_after=2025-01-17 00:00:00+00:00
[2025-01-17T10:32:05.234+0000] {processor.py:208} INFO - Processing /home/airflow/.local/lib/python3.12/site-packages/airflow/example_dags/example_branch_day_of_week_operator.py took 0.108 seconds
[2025-01-17T10:32:36.943+0000] {processor.py:186} INFO - Started process (PID=189) to work on /home/airflow/.local/lib/python3.12/site-packages/airflow/example_dags/example_branch_day_of_week_operator.py
[2025-01-17T10:32:36.945+0000] {processor.py:914} INFO - Processing file /home/airflow/.local/lib/python3.12/site-packages/airflow/example_dags/example_branch_day_of_week_operator.py for tasks to queue
[2025-01-17T10:32:36.948+0000] {logging_mixin.py:190} INFO - [2025-01-17T10:32:36.948+0000] {dagbag.py:588} INFO - Filling up the DagBag from /home/airflow/.local/lib/python3.12/site-packages/airflow/example_dags/example_branch_day_of_week_operator.py
[2025-01-17T10:32:36.960+0000] {processor.py:925} INFO - DAG(s) 'example_weekday_branch_operator' retrieved from /home/airflow/.local/lib/python3.12/site-packages/airflow/example_dags/example_branch_day_of_week_operator.py
[2025-01-17T10:32:36.990+0000] {logging_mixin.py:190} INFO - [2025-01-17T10:32:36.990+0000] {dag.py:3239} INFO - Sync 1 DAGs
[2025-01-17T10:32:37.025+0000] {logging_mixin.py:190} INFO - [2025-01-17T10:32:37.024+0000] {dag.py:4180} INFO - Setting next_dagrun for example_weekday_branch_operator to 2025-01-16 00:00:00+00:00, run_after=2025-01-17 00:00:00+00:00
[2025-01-17T10:32:37.064+0000] {processor.py:208} INFO - Processing /home/airflow/.local/lib/python3.12/site-packages/airflow/example_dags/example_branch_day_of_week_operator.py took 0.127 seconds
[2025-01-17T10:33:07.180+0000] {processor.py:186} INFO - Started process (PID=252) to work on /home/airflow/.local/lib/python3.12/site-packages/airflow/example_dags/example_branch_day_of_week_operator.py
[2025-01-17T10:33:07.182+0000] {processor.py:914} INFO - Processing file /home/airflow/.local/lib/python3.12/site-packages/airflow/example_dags/example_branch_day_of_week_operator.py for tasks to queue
[2025-01-17T10:33:07.185+0000] {logging_mixin.py:190} INFO - [2025-01-17T10:33:07.185+0000] {dagbag.py:588} INFO - Filling up the DagBag from /home/airflow/.local/lib/python3.12/site-packages/airflow/example_dags/example_branch_day_of_week_operator.py
[2025-01-17T10:33:07.197+0000] {processor.py:925} INFO - DAG(s) 'example_weekday_branch_operator' retrieved from /home/airflow/.local/lib/python3.12/site-packages/airflow/example_dags/example_branch_day_of_week_operator.py
[2025-01-17T10:33:07.228+0000] {logging_mixin.py:190} INFO - [2025-01-17T10:33:07.228+0000] {dag.py:3239} INFO - Sync 1 DAGs
[2025-01-17T10:33:07.267+0000] {logging_mixin.py:190} INFO - [2025-01-17T10:33:07.267+0000] {dag.py:4180} INFO - Setting next_dagrun for example_weekday_branch_operator to 2025-01-16 00:00:00+00:00, run_after=2025-01-17 00:00:00+00:00
[2025-01-17T10:33:07.308+0000] {processor.py:208} INFO - Processing /home/airflow/.local/lib/python3.12/site-packages/airflow/example_dags/example_branch_day_of_week_operator.py took 0.135 seconds
[2025-01-17T10:33:39.286+0000] {processor.py:186} INFO - Started process (PID=315) to work on /home/airflow/.local/lib/python3.12/site-packages/airflow/example_dags/example_branch_day_of_week_operator.py
[2025-01-17T10:33:39.288+0000] {processor.py:914} INFO - Processing file /home/airflow/.local/lib/python3.12/site-packages/airflow/example_dags/example_branch_day_of_week_operator.py for tasks to queue
[2025-01-17T10:33:39.292+0000] {logging_mixin.py:190} INFO - [2025-01-17T10:33:39.291+0000] {dagbag.py:588} INFO - Filling up the DagBag from /home/airflow/.local/lib/python3.12/site-packages/airflow/example_dags/example_branch_day_of_week_operator.py
[2025-01-17T10:33:39.306+0000] {processor.py:925} INFO - DAG(s) 'example_weekday_branch_operator' retrieved from /home/airflow/.local/lib/python3.12/site-packages/airflow/example_dags/example_branch_day_of_week_operator.py
[2025-01-17T10:33:39.336+0000] {logging_mixin.py:190} INFO - [2025-01-17T10:33:39.336+0000] {dag.py:3239} INFO - Sync 1 DAGs
[2025-01-17T10:33:39.367+0000] {logging_mixin.py:190} INFO - [2025-01-17T10:33:39.367+0000] {dag.py:4180} INFO - Setting next_dagrun for example_weekday_branch_operator to 2025-01-16 00:00:00+00:00, run_after=2025-01-17 00:00:00+00:00
[2025-01-17T10:33:39.395+0000] {processor.py:208} INFO - Processing /home/airflow/.local/lib/python3.12/site-packages/airflow/example_dags/example_branch_day_of_week_operator.py took 0.117 seconds
[2025-01-17T10:34:10.705+0000] {processor.py:186} INFO - Started process (PID=379) to work on /home/airflow/.local/lib/python3.12/site-packages/airflow/example_dags/example_branch_day_of_week_operator.py
[2025-01-17T10:34:10.707+0000] {processor.py:914} INFO - Processing file /home/airflow/.local/lib/python3.12/site-packages/airflow/example_dags/example_branch_day_of_week_operator.py for tasks to queue
[2025-01-17T10:34:10.711+0000] {logging_mixin.py:190} INFO - [2025-01-17T10:34:10.710+0000] {dagbag.py:588} INFO - Filling up the DagBag from /home/airflow/.local/lib/python3.12/site-packages/airflow/example_dags/example_branch_day_of_week_operator.py
[2025-01-17T10:34:10.727+0000] {processor.py:925} INFO - DAG(s) 'example_weekday_branch_operator' retrieved from /home/airflow/.local/lib/python3.12/site-packages/airflow/example_dags/example_branch_day_of_week_operator.py
[2025-01-17T10:34:10.760+0000] {logging_mixin.py:190} INFO - [2025-01-17T10:34:10.759+0000] {dag.py:3239} INFO - Sync 1 DAGs
[2025-01-17T10:34:10.803+0000] {logging_mixin.py:190} INFO - [2025-01-17T10:34:10.803+0000] {dag.py:4180} INFO - Setting next_dagrun for example_weekday_branch_operator to 2025-01-16 00:00:00+00:00, run_after=2025-01-17 00:00:00+00:00
[2025-01-17T10:34:10.844+0000] {processor.py:208} INFO - Processing /home/airflow/.local/lib/python3.12/site-packages/airflow/example_dags/example_branch_day_of_week_operator.py took 0.148 seconds
[2025-01-17T10:34:42.391+0000] {processor.py:186} INFO - Started process (PID=442) to work on /home/airflow/.local/lib/python3.12/site-packages/airflow/example_dags/example_branch_day_of_week_operator.py
[2025-01-17T10:34:42.392+0000] {processor.py:914} INFO - Processing file /home/airflow/.local/lib/python3.12/site-packages/airflow/example_dags/example_branch_day_of_week_operator.py for tasks to queue
[2025-01-17T10:34:42.395+0000] {logging_mixin.py:190} INFO - [2025-01-17T10:34:42.394+0000] {dagbag.py:588} INFO - Filling up the DagBag from /home/airflow/.local/lib/python3.12/site-packages/airflow/example_dags/example_branch_day_of_week_operator.py
[2025-01-17T10:34:42.409+0000] {processor.py:925} INFO - DAG(s) 'example_weekday_branch_operator' retrieved from /home/airflow/.local/lib/python3.12/site-packages/airflow/example_dags/example_branch_day_of_week_operator.py
[2025-01-17T10:34:42.442+0000] {logging_mixin.py:190} INFO - [2025-01-17T10:34:42.442+0000] {dag.py:3239} INFO - Sync 1 DAGs
[2025-01-17T10:34:42.480+0000] {logging_mixin.py:190} INFO - [2025-01-17T10:34:42.480+0000] {dag.py:4180} INFO - Setting next_dagrun for example_weekday_branch_operator to 2025-01-16 00:00:00+00:00, run_after=2025-01-17 00:00:00+00:00
[2025-01-17T10:34:42.512+0000] {processor.py:208} INFO - Processing /home/airflow/.local/lib/python3.12/site-packages/airflow/example_dags/example_branch_day_of_week_operator.py took 0.129 seconds
[2025-01-17T10:35:14.293+0000] {processor.py:186} INFO - Started process (PID=505) to work on /home/airflow/.local/lib/python3.12/site-packages/airflow/example_dags/example_branch_day_of_week_operator.py
[2025-01-17T10:35:14.295+0000] {processor.py:914} INFO - Processing file /home/airflow/.local/lib/python3.12/site-packages/airflow/example_dags/example_branch_day_of_week_operator.py for tasks to queue
[2025-01-17T10:35:14.298+0000] {logging_mixin.py:190} INFO - [2025-01-17T10:35:14.297+0000] {dagbag.py:588} INFO - Filling up the DagBag from /home/airflow/.local/lib/python3.12/site-packages/airflow/example_dags/example_branch_day_of_week_operator.py
[2025-01-17T10:35:14.313+0000] {processor.py:925} INFO - DAG(s) 'example_weekday_branch_operator' retrieved from /home/airflow/.local/lib/python3.12/site-packages/airflow/example_dags/example_branch_day_of_week_operator.py
[2025-01-17T10:35:14.346+0000] {logging_mixin.py:190} INFO - [2025-01-17T10:35:14.345+0000] {dag.py:3239} INFO - Sync 1 DAGs
[2025-01-17T10:35:14.385+0000] {logging_mixin.py:190} INFO - [2025-01-17T10:35:14.385+0000] {dag.py:4180} INFO - Setting next_dagrun for example_weekday_branch_operator to 2025-01-16 00:00:00+00:00, run_after=2025-01-17 00:00:00+00:00
[2025-01-17T10:35:14.416+0000] {processor.py:208} INFO - Processing /home/airflow/.local/lib/python3.12/site-packages/airflow/example_dags/example_branch_day_of_week_operator.py took 0.131 seconds
[2025-01-17T10:35:46.544+0000] {processor.py:186} INFO - Started process (PID=568) to work on /home/airflow/.local/lib/python3.12/site-packages/airflow/example_dags/example_branch_day_of_week_operator.py
[2025-01-17T10:35:46.546+0000] {processor.py:914} INFO - Processing file /home/airflow/.local/lib/python3.12/site-packages/airflow/example_dags/example_branch_day_of_week_operator.py for tasks to queue
[2025-01-17T10:35:46.548+0000] {logging_mixin.py:190} INFO - [2025-01-17T10:35:46.547+0000] {dagbag.py:588} INFO - Filling up the DagBag from /home/airflow/.local/lib/python3.12/site-packages/airflow/example_dags/example_branch_day_of_week_operator.py
[2025-01-17T10:35:46.563+0000] {processor.py:925} INFO - DAG(s) 'example_weekday_branch_operator' retrieved from /home/airflow/.local/lib/python3.12/site-packages/airflow/example_dags/example_branch_day_of_week_operator.py
[2025-01-17T10:35:46.596+0000] {logging_mixin.py:190} INFO - [2025-01-17T10:35:46.596+0000] {dag.py:3239} INFO - Sync 1 DAGs
[2025-01-17T10:35:46.637+0000] {logging_mixin.py:190} INFO - [2025-01-17T10:35:46.636+0000] {dag.py:4180} INFO - Setting next_dagrun for example_weekday_branch_operator to 2025-01-16 00:00:00+00:00, run_after=2025-01-17 00:00:00+00:00
[2025-01-17T10:35:46.671+0000] {processor.py:208} INFO - Processing /home/airflow/.local/lib/python3.12/site-packages/airflow/example_dags/example_branch_day_of_week_operator.py took 0.135 seconds
[2025-01-17T10:36:17.603+0000] {processor.py:186} INFO - Started process (PID=631) to work on /home/airflow/.local/lib/python3.12/site-packages/airflow/example_dags/example_branch_day_of_week_operator.py
[2025-01-17T10:36:17.605+0000] {processor.py:914} INFO - Processing file /home/airflow/.local/lib/python3.12/site-packages/airflow/example_dags/example_branch_day_of_week_operator.py for tasks to queue
[2025-01-17T10:36:17.607+0000] {logging_mixin.py:190} INFO - [2025-01-17T10:36:17.607+0000] {dagbag.py:588} INFO - Filling up the DagBag from /home/airflow/.local/lib/python3.12/site-packages/airflow/example_dags/example_branch_day_of_week_operator.py
[2025-01-17T10:36:17.627+0000] {processor.py:925} INFO - DAG(s) 'example_weekday_branch_operator' retrieved from /home/airflow/.local/lib/python3.12/site-packages/airflow/example_dags/example_branch_day_of_week_operator.py
[2025-01-17T10:36:17.669+0000] {logging_mixin.py:190} INFO - [2025-01-17T10:36:17.669+0000] {dag.py:3239} INFO - Sync 1 DAGs
[2025-01-17T10:36:17.705+0000] {logging_mixin.py:190} INFO - [2025-01-17T10:36:17.705+0000] {dag.py:4180} INFO - Setting next_dagrun for example_weekday_branch_operator to 2025-01-16 00:00:00+00:00, run_after=2025-01-17 00:00:00+00:00
[2025-01-17T10:36:17.744+0000] {processor.py:208} INFO - Processing /home/airflow/.local/lib/python3.12/site-packages/airflow/example_dags/example_branch_day_of_week_operator.py took 0.164 seconds
[2025-01-17T10:37:35.078+0000] {processor.py:186} INFO - Started process (PID=118) to work on /home/airflow/.local/lib/python3.12/site-packages/airflow/example_dags/example_branch_day_of_week_operator.py
[2025-01-17T10:37:35.080+0000] {processor.py:914} INFO - Processing file /home/airflow/.local/lib/python3.12/site-packages/airflow/example_dags/example_branch_day_of_week_operator.py for tasks to queue
[2025-01-17T10:37:35.083+0000] {logging_mixin.py:190} INFO - [2025-01-17T10:37:35.083+0000] {dagbag.py:588} INFO - Filling up the DagBag from /home/airflow/.local/lib/python3.12/site-packages/airflow/example_dags/example_branch_day_of_week_operator.py
[2025-01-17T10:37:35.095+0000] {processor.py:925} INFO - DAG(s) 'example_weekday_branch_operator' retrieved from /home/airflow/.local/lib/python3.12/site-packages/airflow/example_dags/example_branch_day_of_week_operator.py
[2025-01-17T10:37:35.124+0000] {logging_mixin.py:190} INFO - [2025-01-17T10:37:35.124+0000] {dag.py:3239} INFO - Sync 1 DAGs
[2025-01-17T10:37:35.158+0000] {logging_mixin.py:190} INFO - [2025-01-17T10:37:35.157+0000] {dag.py:4180} INFO - Setting next_dagrun for example_weekday_branch_operator to 2025-01-16 00:00:00+00:00, run_after=2025-01-17 00:00:00+00:00
[2025-01-17T10:37:35.191+0000] {processor.py:208} INFO - Processing /home/airflow/.local/lib/python3.12/site-packages/airflow/example_dags/example_branch_day_of_week_operator.py took 0.120 seconds
[2025-01-17T10:38:07.878+0000] {processor.py:186} INFO - Started process (PID=182) to work on /home/airflow/.local/lib/python3.12/site-packages/airflow/example_dags/example_branch_day_of_week_operator.py
[2025-01-17T10:38:07.880+0000] {processor.py:914} INFO - Processing file /home/airflow/.local/lib/python3.12/site-packages/airflow/example_dags/example_branch_day_of_week_operator.py for tasks to queue
[2025-01-17T10:38:07.883+0000] {logging_mixin.py:190} INFO - [2025-01-17T10:38:07.883+0000] {dagbag.py:588} INFO - Filling up the DagBag from /home/airflow/.local/lib/python3.12/site-packages/airflow/example_dags/example_branch_day_of_week_operator.py
[2025-01-17T10:38:07.899+0000] {processor.py:925} INFO - DAG(s) 'example_weekday_branch_operator' retrieved from /home/airflow/.local/lib/python3.12/site-packages/airflow/example_dags/example_branch_day_of_week_operator.py
[2025-01-17T10:38:07.938+0000] {logging_mixin.py:190} INFO - [2025-01-17T10:38:07.938+0000] {dag.py:3239} INFO - Sync 1 DAGs
[2025-01-17T10:38:07.980+0000] {logging_mixin.py:190} INFO - [2025-01-17T10:38:07.980+0000] {dag.py:4180} INFO - Setting next_dagrun for example_weekday_branch_operator to 2025-01-16 00:00:00+00:00, run_after=2025-01-17 00:00:00+00:00
[2025-01-17T10:38:08.012+0000] {processor.py:208} INFO - Processing /home/airflow/.local/lib/python3.12/site-packages/airflow/example_dags/example_branch_day_of_week_operator.py took 0.141 seconds
[2025-01-17T10:52:17.653+0000] {processor.py:186} INFO - Started process (PID=125) to work on /home/airflow/.local/lib/python3.12/site-packages/airflow/example_dags/example_branch_day_of_week_operator.py
[2025-01-17T10:52:17.654+0000] {processor.py:914} INFO - Processing file /home/airflow/.local/lib/python3.12/site-packages/airflow/example_dags/example_branch_day_of_week_operator.py for tasks to queue
[2025-01-17T10:52:17.658+0000] {logging_mixin.py:190} INFO - [2025-01-17T10:52:17.658+0000] {dagbag.py:588} INFO - Filling up the DagBag from /home/airflow/.local/lib/python3.12/site-packages/airflow/example_dags/example_branch_day_of_week_operator.py
[2025-01-17T10:52:17.669+0000] {processor.py:925} INFO - DAG(s) 'example_weekday_branch_operator' retrieved from /home/airflow/.local/lib/python3.12/site-packages/airflow/example_dags/example_branch_day_of_week_operator.py
[2025-01-17T10:52:17.693+0000] {logging_mixin.py:190} INFO - [2025-01-17T10:52:17.693+0000] {dag.py:3239} INFO - Sync 1 DAGs
[2025-01-17T10:52:17.724+0000] {logging_mixin.py:190} INFO - [2025-01-17T10:52:17.724+0000] {dag.py:4180} INFO - Setting next_dagrun for example_weekday_branch_operator to 2025-01-16 00:00:00+00:00, run_after=2025-01-17 00:00:00+00:00
[2025-01-17T10:52:17.748+0000] {processor.py:208} INFO - Processing /home/airflow/.local/lib/python3.12/site-packages/airflow/example_dags/example_branch_day_of_week_operator.py took 0.101 seconds
[2025-01-17T10:52:49.248+0000] {processor.py:186} INFO - Started process (PID=189) to work on /home/airflow/.local/lib/python3.12/site-packages/airflow/example_dags/example_branch_day_of_week_operator.py
[2025-01-17T10:52:49.249+0000] {processor.py:914} INFO - Processing file /home/airflow/.local/lib/python3.12/site-packages/airflow/example_dags/example_branch_day_of_week_operator.py for tasks to queue
[2025-01-17T10:52:49.251+0000] {logging_mixin.py:190} INFO - [2025-01-17T10:52:49.251+0000] {dagbag.py:588} INFO - Filling up the DagBag from /home/airflow/.local/lib/python3.12/site-packages/airflow/example_dags/example_branch_day_of_week_operator.py
[2025-01-17T10:52:49.262+0000] {processor.py:925} INFO - DAG(s) 'example_weekday_branch_operator' retrieved from /home/airflow/.local/lib/python3.12/site-packages/airflow/example_dags/example_branch_day_of_week_operator.py
[2025-01-17T10:52:49.296+0000] {logging_mixin.py:190} INFO - [2025-01-17T10:52:49.296+0000] {dag.py:3239} INFO - Sync 1 DAGs
[2025-01-17T10:52:49.339+0000] {logging_mixin.py:190} INFO - [2025-01-17T10:52:49.338+0000] {dag.py:4180} INFO - Setting next_dagrun for example_weekday_branch_operator to 2025-01-16 00:00:00+00:00, run_after=2025-01-17 00:00:00+00:00
[2025-01-17T10:52:49.372+0000] {processor.py:208} INFO - Processing /home/airflow/.local/lib/python3.12/site-packages/airflow/example_dags/example_branch_day_of_week_operator.py took 0.130 seconds
[2025-01-17T10:53:20.324+0000] {processor.py:186} INFO - Started process (PID=253) to work on /home/airflow/.local/lib/python3.12/site-packages/airflow/example_dags/example_branch_day_of_week_operator.py
[2025-01-17T10:53:20.326+0000] {processor.py:914} INFO - Processing file /home/airflow/.local/lib/python3.12/site-packages/airflow/example_dags/example_branch_day_of_week_operator.py for tasks to queue
[2025-01-17T10:53:20.328+0000] {logging_mixin.py:190} INFO - [2025-01-17T10:53:20.328+0000] {dagbag.py:588} INFO - Filling up the DagBag from /home/airflow/.local/lib/python3.12/site-packages/airflow/example_dags/example_branch_day_of_week_operator.py
[2025-01-17T10:53:20.337+0000] {processor.py:925} INFO - DAG(s) 'example_weekday_branch_operator' retrieved from /home/airflow/.local/lib/python3.12/site-packages/airflow/example_dags/example_branch_day_of_week_operator.py
[2025-01-17T10:53:20.361+0000] {logging_mixin.py:190} INFO - [2025-01-17T10:53:20.361+0000] {dag.py:3239} INFO - Sync 1 DAGs
[2025-01-17T10:53:20.387+0000] {logging_mixin.py:190} INFO - [2025-01-17T10:53:20.387+0000] {dag.py:4180} INFO - Setting next_dagrun for example_weekday_branch_operator to 2025-01-16 00:00:00+00:00, run_after=2025-01-17 00:00:00+00:00
[2025-01-17T10:53:20.412+0000] {processor.py:208} INFO - Processing /home/airflow/.local/lib/python3.12/site-packages/airflow/example_dags/example_branch_day_of_week_operator.py took 0.093 seconds
[2025-01-17T10:53:51.280+0000] {processor.py:186} INFO - Started process (PID=318) to work on /home/airflow/.local/lib/python3.12/site-packages/airflow/example_dags/example_branch_day_of_week_operator.py
[2025-01-17T10:53:51.282+0000] {processor.py:914} INFO - Processing file /home/airflow/.local/lib/python3.12/site-packages/airflow/example_dags/example_branch_day_of_week_operator.py for tasks to queue
[2025-01-17T10:53:51.285+0000] {logging_mixin.py:190} INFO - [2025-01-17T10:53:51.285+0000] {dagbag.py:588} INFO - Filling up the DagBag from /home/airflow/.local/lib/python3.12/site-packages/airflow/example_dags/example_branch_day_of_week_operator.py
[2025-01-17T10:53:51.297+0000] {processor.py:925} INFO - DAG(s) 'example_weekday_branch_operator' retrieved from /home/airflow/.local/lib/python3.12/site-packages/airflow/example_dags/example_branch_day_of_week_operator.py
[2025-01-17T10:53:51.323+0000] {logging_mixin.py:190} INFO - [2025-01-17T10:53:51.323+0000] {dag.py:3239} INFO - Sync 1 DAGs
[2025-01-17T10:53:51.352+0000] {logging_mixin.py:190} INFO - [2025-01-17T10:53:51.351+0000] {dag.py:4180} INFO - Setting next_dagrun for example_weekday_branch_operator to 2025-01-16 00:00:00+00:00, run_after=2025-01-17 00:00:00+00:00
[2025-01-17T10:53:51.378+0000] {processor.py:208} INFO - Processing /home/airflow/.local/lib/python3.12/site-packages/airflow/example_dags/example_branch_day_of_week_operator.py took 0.104 seconds
[2025-01-17T10:54:22.711+0000] {processor.py:186} INFO - Started process (PID=382) to work on /home/airflow/.local/lib/python3.12/site-packages/airflow/example_dags/example_branch_day_of_week_operator.py
[2025-01-17T10:54:22.715+0000] {processor.py:914} INFO - Processing file /home/airflow/.local/lib/python3.12/site-packages/airflow/example_dags/example_branch_day_of_week_operator.py for tasks to queue
[2025-01-17T10:54:22.719+0000] {logging_mixin.py:190} INFO - [2025-01-17T10:54:22.718+0000] {dagbag.py:588} INFO - Filling up the DagBag from /home/airflow/.local/lib/python3.12/site-packages/airflow/example_dags/example_branch_day_of_week_operator.py
[2025-01-17T10:54:22.730+0000] {processor.py:925} INFO - DAG(s) 'example_weekday_branch_operator' retrieved from /home/airflow/.local/lib/python3.12/site-packages/airflow/example_dags/example_branch_day_of_week_operator.py
[2025-01-17T10:54:22.752+0000] {logging_mixin.py:190} INFO - [2025-01-17T10:54:22.752+0000] {dag.py:3239} INFO - Sync 1 DAGs
[2025-01-17T10:54:22.777+0000] {logging_mixin.py:190} INFO - [2025-01-17T10:54:22.776+0000] {dag.py:4180} INFO - Setting next_dagrun for example_weekday_branch_operator to 2025-01-16 00:00:00+00:00, run_after=2025-01-17 00:00:00+00:00
[2025-01-17T10:54:22.802+0000] {processor.py:208} INFO - Processing /home/airflow/.local/lib/python3.12/site-packages/airflow/example_dags/example_branch_day_of_week_operator.py took 0.097 seconds
[2025-01-17T10:54:54.231+0000] {processor.py:186} INFO - Started process (PID=446) to work on /home/airflow/.local/lib/python3.12/site-packages/airflow/example_dags/example_branch_day_of_week_operator.py
[2025-01-17T10:54:54.232+0000] {processor.py:914} INFO - Processing file /home/airflow/.local/lib/python3.12/site-packages/airflow/example_dags/example_branch_day_of_week_operator.py for tasks to queue
[2025-01-17T10:54:54.235+0000] {logging_mixin.py:190} INFO - [2025-01-17T10:54:54.235+0000] {dagbag.py:588} INFO - Filling up the DagBag from /home/airflow/.local/lib/python3.12/site-packages/airflow/example_dags/example_branch_day_of_week_operator.py
[2025-01-17T10:54:54.245+0000] {processor.py:925} INFO - DAG(s) 'example_weekday_branch_operator' retrieved from /home/airflow/.local/lib/python3.12/site-packages/airflow/example_dags/example_branch_day_of_week_operator.py
[2025-01-17T10:54:54.268+0000] {logging_mixin.py:190} INFO - [2025-01-17T10:54:54.268+0000] {dag.py:3239} INFO - Sync 1 DAGs
[2025-01-17T10:54:54.295+0000] {logging_mixin.py:190} INFO - [2025-01-17T10:54:54.294+0000] {dag.py:4180} INFO - Setting next_dagrun for example_weekday_branch_operator to 2025-01-16 00:00:00+00:00, run_after=2025-01-17 00:00:00+00:00
[2025-01-17T10:54:54.317+0000] {processor.py:208} INFO - Processing /home/airflow/.local/lib/python3.12/site-packages/airflow/example_dags/example_branch_day_of_week_operator.py took 0.091 seconds
[2025-01-17T10:55:25.510+0000] {processor.py:186} INFO - Started process (PID=510) to work on /home/airflow/.local/lib/python3.12/site-packages/airflow/example_dags/example_branch_day_of_week_operator.py
[2025-01-17T10:55:25.511+0000] {processor.py:914} INFO - Processing file /home/airflow/.local/lib/python3.12/site-packages/airflow/example_dags/example_branch_day_of_week_operator.py for tasks to queue
[2025-01-17T10:55:25.514+0000] {logging_mixin.py:190} INFO - [2025-01-17T10:55:25.513+0000] {dagbag.py:588} INFO - Filling up the DagBag from /home/airflow/.local/lib/python3.12/site-packages/airflow/example_dags/example_branch_day_of_week_operator.py
[2025-01-17T10:55:25.524+0000] {processor.py:925} INFO - DAG(s) 'example_weekday_branch_operator' retrieved from /home/airflow/.local/lib/python3.12/site-packages/airflow/example_dags/example_branch_day_of_week_operator.py
[2025-01-17T10:55:25.545+0000] {logging_mixin.py:190} INFO - [2025-01-17T10:55:25.545+0000] {dag.py:3239} INFO - Sync 1 DAGs
[2025-01-17T10:55:25.570+0000] {logging_mixin.py:190} INFO - [2025-01-17T10:55:25.570+0000] {dag.py:4180} INFO - Setting next_dagrun for example_weekday_branch_operator to 2025-01-16 00:00:00+00:00, run_after=2025-01-17 00:00:00+00:00
[2025-01-17T10:55:25.594+0000] {processor.py:208} INFO - Processing /home/airflow/.local/lib/python3.12/site-packages/airflow/example_dags/example_branch_day_of_week_operator.py took 0.089 seconds
[2025-01-17T10:55:56.881+0000] {processor.py:186} INFO - Started process (PID=575) to work on /home/airflow/.local/lib/python3.12/site-packages/airflow/example_dags/example_branch_day_of_week_operator.py
[2025-01-17T10:55:56.882+0000] {processor.py:914} INFO - Processing file /home/airflow/.local/lib/python3.12/site-packages/airflow/example_dags/example_branch_day_of_week_operator.py for tasks to queue
[2025-01-17T10:55:56.885+0000] {logging_mixin.py:190} INFO - [2025-01-17T10:55:56.884+0000] {dagbag.py:588} INFO - Filling up the DagBag from /home/airflow/.local/lib/python3.12/site-packages/airflow/example_dags/example_branch_day_of_week_operator.py
[2025-01-17T10:55:56.895+0000] {processor.py:925} INFO - DAG(s) 'example_weekday_branch_operator' retrieved from /home/airflow/.local/lib/python3.12/site-packages/airflow/example_dags/example_branch_day_of_week_operator.py
[2025-01-17T10:55:56.919+0000] {logging_mixin.py:190} INFO - [2025-01-17T10:55:56.919+0000] {dag.py:3239} INFO - Sync 1 DAGs
[2025-01-17T10:55:56.945+0000] {logging_mixin.py:190} INFO - [2025-01-17T10:55:56.944+0000] {dag.py:4180} INFO - Setting next_dagrun for example_weekday_branch_operator to 2025-01-16 00:00:00+00:00, run_after=2025-01-17 00:00:00+00:00
[2025-01-17T10:55:56.969+0000] {processor.py:208} INFO - Processing /home/airflow/.local/lib/python3.12/site-packages/airflow/example_dags/example_branch_day_of_week_operator.py took 0.093 seconds
[2025-01-17T10:56:28.313+0000] {processor.py:186} INFO - Started process (PID=639) to work on /home/airflow/.local/lib/python3.12/site-packages/airflow/example_dags/example_branch_day_of_week_operator.py
[2025-01-17T10:56:28.314+0000] {processor.py:914} INFO - Processing file /home/airflow/.local/lib/python3.12/site-packages/airflow/example_dags/example_branch_day_of_week_operator.py for tasks to queue
[2025-01-17T10:56:28.317+0000] {logging_mixin.py:190} INFO - [2025-01-17T10:56:28.317+0000] {dagbag.py:588} INFO - Filling up the DagBag from /home/airflow/.local/lib/python3.12/site-packages/airflow/example_dags/example_branch_day_of_week_operator.py
[2025-01-17T10:56:28.328+0000] {processor.py:925} INFO - DAG(s) 'example_weekday_branch_operator' retrieved from /home/airflow/.local/lib/python3.12/site-packages/airflow/example_dags/example_branch_day_of_week_operator.py
[2025-01-17T10:56:28.353+0000] {logging_mixin.py:190} INFO - [2025-01-17T10:56:28.353+0000] {dag.py:3239} INFO - Sync 1 DAGs
[2025-01-17T10:56:28.379+0000] {logging_mixin.py:190} INFO - [2025-01-17T10:56:28.379+0000] {dag.py:4180} INFO - Setting next_dagrun for example_weekday_branch_operator to 2025-01-16 00:00:00+00:00, run_after=2025-01-17 00:00:00+00:00
[2025-01-17T10:56:28.403+0000] {processor.py:208} INFO - Processing /home/airflow/.local/lib/python3.12/site-packages/airflow/example_dags/example_branch_day_of_week_operator.py took 0.096 seconds
[2025-01-17T10:56:59.896+0000] {processor.py:186} INFO - Started process (PID=704) to work on /home/airflow/.local/lib/python3.12/site-packages/airflow/example_dags/example_branch_day_of_week_operator.py
[2025-01-17T10:56:59.897+0000] {processor.py:914} INFO - Processing file /home/airflow/.local/lib/python3.12/site-packages/airflow/example_dags/example_branch_day_of_week_operator.py for tasks to queue
[2025-01-17T10:56:59.901+0000] {logging_mixin.py:190} INFO - [2025-01-17T10:56:59.900+0000] {dagbag.py:588} INFO - Filling up the DagBag from /home/airflow/.local/lib/python3.12/site-packages/airflow/example_dags/example_branch_day_of_week_operator.py
[2025-01-17T10:56:59.915+0000] {processor.py:925} INFO - DAG(s) 'example_weekday_branch_operator' retrieved from /home/airflow/.local/lib/python3.12/site-packages/airflow/example_dags/example_branch_day_of_week_operator.py
[2025-01-17T10:56:59.949+0000] {logging_mixin.py:190} INFO - [2025-01-17T10:56:59.948+0000] {dag.py:3239} INFO - Sync 1 DAGs
[2025-01-17T10:57:00.019+0000] {logging_mixin.py:190} INFO - [2025-01-17T10:57:00.019+0000] {dag.py:4180} INFO - Setting next_dagrun for example_weekday_branch_operator to 2025-01-16 00:00:00+00:00, run_after=2025-01-17 00:00:00+00:00
[2025-01-17T10:57:00.062+0000] {processor.py:208} INFO - Processing /home/airflow/.local/lib/python3.12/site-packages/airflow/example_dags/example_branch_day_of_week_operator.py took 0.175 seconds
[2025-01-17T10:57:30.347+0000] {processor.py:186} INFO - Started process (PID=768) to work on /home/airflow/.local/lib/python3.12/site-packages/airflow/example_dags/example_branch_day_of_week_operator.py
[2025-01-17T10:57:30.348+0000] {processor.py:914} INFO - Processing file /home/airflow/.local/lib/python3.12/site-packages/airflow/example_dags/example_branch_day_of_week_operator.py for tasks to queue
[2025-01-17T10:57:30.351+0000] {logging_mixin.py:190} INFO - [2025-01-17T10:57:30.351+0000] {dagbag.py:588} INFO - Filling up the DagBag from /home/airflow/.local/lib/python3.12/site-packages/airflow/example_dags/example_branch_day_of_week_operator.py
[2025-01-17T10:57:30.361+0000] {processor.py:925} INFO - DAG(s) 'example_weekday_branch_operator' retrieved from /home/airflow/.local/lib/python3.12/site-packages/airflow/example_dags/example_branch_day_of_week_operator.py
[2025-01-17T10:57:30.387+0000] {logging_mixin.py:190} INFO - [2025-01-17T10:57:30.387+0000] {dag.py:3239} INFO - Sync 1 DAGs
[2025-01-17T10:57:30.412+0000] {logging_mixin.py:190} INFO - [2025-01-17T10:57:30.412+0000] {dag.py:4180} INFO - Setting next_dagrun for example_weekday_branch_operator to 2025-01-16 00:00:00+00:00, run_after=2025-01-17 00:00:00+00:00
[2025-01-17T10:57:30.436+0000] {processor.py:208} INFO - Processing /home/airflow/.local/lib/python3.12/site-packages/airflow/example_dags/example_branch_day_of_week_operator.py took 0.094 seconds
[2025-01-17T10:58:01.807+0000] {processor.py:186} INFO - Started process (PID=831) to work on /home/airflow/.local/lib/python3.12/site-packages/airflow/example_dags/example_branch_day_of_week_operator.py
[2025-01-17T10:58:01.808+0000] {processor.py:914} INFO - Processing file /home/airflow/.local/lib/python3.12/site-packages/airflow/example_dags/example_branch_day_of_week_operator.py for tasks to queue
[2025-01-17T10:58:01.811+0000] {logging_mixin.py:190} INFO - [2025-01-17T10:58:01.811+0000] {dagbag.py:588} INFO - Filling up the DagBag from /home/airflow/.local/lib/python3.12/site-packages/airflow/example_dags/example_branch_day_of_week_operator.py
[2025-01-17T10:58:01.821+0000] {processor.py:925} INFO - DAG(s) 'example_weekday_branch_operator' retrieved from /home/airflow/.local/lib/python3.12/site-packages/airflow/example_dags/example_branch_day_of_week_operator.py
[2025-01-17T10:58:01.846+0000] {logging_mixin.py:190} INFO - [2025-01-17T10:58:01.846+0000] {dag.py:3239} INFO - Sync 1 DAGs
[2025-01-17T10:58:01.871+0000] {logging_mixin.py:190} INFO - [2025-01-17T10:58:01.871+0000] {dag.py:4180} INFO - Setting next_dagrun for example_weekday_branch_operator to 2025-01-16 00:00:00+00:00, run_after=2025-01-17 00:00:00+00:00
[2025-01-17T10:58:01.894+0000] {processor.py:208} INFO - Processing /home/airflow/.local/lib/python3.12/site-packages/airflow/example_dags/example_branch_day_of_week_operator.py took 0.093 seconds
[2025-01-17T10:58:34.299+0000] {processor.py:186} INFO - Started process (PID=896) to work on /home/airflow/.local/lib/python3.12/site-packages/airflow/example_dags/example_branch_day_of_week_operator.py
[2025-01-17T10:58:34.300+0000] {processor.py:914} INFO - Processing file /home/airflow/.local/lib/python3.12/site-packages/airflow/example_dags/example_branch_day_of_week_operator.py for tasks to queue
[2025-01-17T10:58:34.304+0000] {logging_mixin.py:190} INFO - [2025-01-17T10:58:34.303+0000] {dagbag.py:588} INFO - Filling up the DagBag from /home/airflow/.local/lib/python3.12/site-packages/airflow/example_dags/example_branch_day_of_week_operator.py
[2025-01-17T10:58:34.314+0000] {processor.py:925} INFO - DAG(s) 'example_weekday_branch_operator' retrieved from /home/airflow/.local/lib/python3.12/site-packages/airflow/example_dags/example_branch_day_of_week_operator.py
[2025-01-17T10:58:34.337+0000] {logging_mixin.py:190} INFO - [2025-01-17T10:58:34.336+0000] {dag.py:3239} INFO - Sync 1 DAGs
[2025-01-17T10:58:34.364+0000] {logging_mixin.py:190} INFO - [2025-01-17T10:58:34.364+0000] {dag.py:4180} INFO - Setting next_dagrun for example_weekday_branch_operator to 2025-01-16 00:00:00+00:00, run_after=2025-01-17 00:00:00+00:00
[2025-01-17T10:58:34.388+0000] {processor.py:208} INFO - Processing /home/airflow/.local/lib/python3.12/site-packages/airflow/example_dags/example_branch_day_of_week_operator.py took 0.094 seconds
[2025-01-17T10:59:05.736+0000] {processor.py:186} INFO - Started process (PID=960) to work on /home/airflow/.local/lib/python3.12/site-packages/airflow/example_dags/example_branch_day_of_week_operator.py
[2025-01-17T10:59:05.737+0000] {processor.py:914} INFO - Processing file /home/airflow/.local/lib/python3.12/site-packages/airflow/example_dags/example_branch_day_of_week_operator.py for tasks to queue
[2025-01-17T10:59:05.740+0000] {logging_mixin.py:190} INFO - [2025-01-17T10:59:05.740+0000] {dagbag.py:588} INFO - Filling up the DagBag from /home/airflow/.local/lib/python3.12/site-packages/airflow/example_dags/example_branch_day_of_week_operator.py
[2025-01-17T10:59:05.749+0000] {processor.py:925} INFO - DAG(s) 'example_weekday_branch_operator' retrieved from /home/airflow/.local/lib/python3.12/site-packages/airflow/example_dags/example_branch_day_of_week_operator.py
[2025-01-17T10:59:05.774+0000] {logging_mixin.py:190} INFO - [2025-01-17T10:59:05.773+0000] {dag.py:3239} INFO - Sync 1 DAGs
[2025-01-17T10:59:05.799+0000] {logging_mixin.py:190} INFO - [2025-01-17T10:59:05.799+0000] {dag.py:4180} INFO - Setting next_dagrun for example_weekday_branch_operator to 2025-01-16 00:00:00+00:00, run_after=2025-01-17 00:00:00+00:00
[2025-01-17T10:59:05.822+0000] {processor.py:208} INFO - Processing /home/airflow/.local/lib/python3.12/site-packages/airflow/example_dags/example_branch_day_of_week_operator.py took 0.092 seconds
[2025-01-17T10:59:37.043+0000] {processor.py:186} INFO - Started process (PID=1024) to work on /home/airflow/.local/lib/python3.12/site-packages/airflow/example_dags/example_branch_day_of_week_operator.py
[2025-01-17T10:59:37.044+0000] {processor.py:914} INFO - Processing file /home/airflow/.local/lib/python3.12/site-packages/airflow/example_dags/example_branch_day_of_week_operator.py for tasks to queue
[2025-01-17T10:59:37.048+0000] {logging_mixin.py:190} INFO - [2025-01-17T10:59:37.047+0000] {dagbag.py:588} INFO - Filling up the DagBag from /home/airflow/.local/lib/python3.12/site-packages/airflow/example_dags/example_branch_day_of_week_operator.py
[2025-01-17T10:59:37.058+0000] {processor.py:925} INFO - DAG(s) 'example_weekday_branch_operator' retrieved from /home/airflow/.local/lib/python3.12/site-packages/airflow/example_dags/example_branch_day_of_week_operator.py
[2025-01-17T10:59:37.081+0000] {logging_mixin.py:190} INFO - [2025-01-17T10:59:37.080+0000] {dag.py:3239} INFO - Sync 1 DAGs
[2025-01-17T10:59:37.108+0000] {logging_mixin.py:190} INFO - [2025-01-17T10:59:37.107+0000] {dag.py:4180} INFO - Setting next_dagrun for example_weekday_branch_operator to 2025-01-16 00:00:00+00:00, run_after=2025-01-17 00:00:00+00:00
[2025-01-17T10:59:37.134+0000] {processor.py:208} INFO - Processing /home/airflow/.local/lib/python3.12/site-packages/airflow/example_dags/example_branch_day_of_week_operator.py took 0.096 seconds
[2025-01-17T11:22:05.014+0000] {processor.py:186} INFO - Started process (PID=118) to work on /home/airflow/.local/lib/python3.12/site-packages/airflow/example_dags/example_branch_day_of_week_operator.py
[2025-01-17T11:22:05.015+0000] {processor.py:914} INFO - Processing file /home/airflow/.local/lib/python3.12/site-packages/airflow/example_dags/example_branch_day_of_week_operator.py for tasks to queue
[2025-01-17T11:22:05.018+0000] {logging_mixin.py:190} INFO - [2025-01-17T11:22:05.018+0000] {dagbag.py:588} INFO - Filling up the DagBag from /home/airflow/.local/lib/python3.12/site-packages/airflow/example_dags/example_branch_day_of_week_operator.py
[2025-01-17T11:22:05.027+0000] {processor.py:925} INFO - DAG(s) 'example_weekday_branch_operator' retrieved from /home/airflow/.local/lib/python3.12/site-packages/airflow/example_dags/example_branch_day_of_week_operator.py
[2025-01-17T11:22:05.049+0000] {logging_mixin.py:190} INFO - [2025-01-17T11:22:05.049+0000] {dag.py:3239} INFO - Sync 1 DAGs
[2025-01-17T11:22:05.075+0000] {logging_mixin.py:190} INFO - [2025-01-17T11:22:05.074+0000] {dag.py:4180} INFO - Setting next_dagrun for example_weekday_branch_operator to 2025-01-16 00:00:00+00:00, run_after=2025-01-17 00:00:00+00:00
[2025-01-17T11:22:05.098+0000] {processor.py:208} INFO - Processing /home/airflow/.local/lib/python3.12/site-packages/airflow/example_dags/example_branch_day_of_week_operator.py took 0.089 seconds
[2025-01-17T11:22:35.549+0000] {processor.py:186} INFO - Started process (PID=182) to work on /home/airflow/.local/lib/python3.12/site-packages/airflow/example_dags/example_branch_day_of_week_operator.py
[2025-01-17T11:22:35.550+0000] {processor.py:914} INFO - Processing file /home/airflow/.local/lib/python3.12/site-packages/airflow/example_dags/example_branch_day_of_week_operator.py for tasks to queue
[2025-01-17T11:22:35.553+0000] {logging_mixin.py:190} INFO - [2025-01-17T11:22:35.552+0000] {dagbag.py:588} INFO - Filling up the DagBag from /home/airflow/.local/lib/python3.12/site-packages/airflow/example_dags/example_branch_day_of_week_operator.py
[2025-01-17T11:22:35.562+0000] {processor.py:925} INFO - DAG(s) 'example_weekday_branch_operator' retrieved from /home/airflow/.local/lib/python3.12/site-packages/airflow/example_dags/example_branch_day_of_week_operator.py
[2025-01-17T11:22:35.586+0000] {logging_mixin.py:190} INFO - [2025-01-17T11:22:35.586+0000] {dag.py:3239} INFO - Sync 1 DAGs
[2025-01-17T11:22:35.628+0000] {logging_mixin.py:190} INFO - [2025-01-17T11:22:35.627+0000] {dag.py:4180} INFO - Setting next_dagrun for example_weekday_branch_operator to 2025-01-16 00:00:00+00:00, run_after=2025-01-17 00:00:00+00:00
[2025-01-17T11:22:35.656+0000] {processor.py:208} INFO - Processing /home/airflow/.local/lib/python3.12/site-packages/airflow/example_dags/example_branch_day_of_week_operator.py took 0.112 seconds
[2025-01-17T11:23:06.438+0000] {processor.py:186} INFO - Started process (PID=245) to work on /home/airflow/.local/lib/python3.12/site-packages/airflow/example_dags/example_branch_day_of_week_operator.py
[2025-01-17T11:23:06.439+0000] {processor.py:914} INFO - Processing file /home/airflow/.local/lib/python3.12/site-packages/airflow/example_dags/example_branch_day_of_week_operator.py for tasks to queue
[2025-01-17T11:23:06.442+0000] {logging_mixin.py:190} INFO - [2025-01-17T11:23:06.442+0000] {dagbag.py:588} INFO - Filling up the DagBag from /home/airflow/.local/lib/python3.12/site-packages/airflow/example_dags/example_branch_day_of_week_operator.py
[2025-01-17T11:23:06.453+0000] {processor.py:925} INFO - DAG(s) 'example_weekday_branch_operator' retrieved from /home/airflow/.local/lib/python3.12/site-packages/airflow/example_dags/example_branch_day_of_week_operator.py
[2025-01-17T11:23:06.483+0000] {logging_mixin.py:190} INFO - [2025-01-17T11:23:06.482+0000] {dag.py:3239} INFO - Sync 1 DAGs
[2025-01-17T11:23:06.511+0000] {logging_mixin.py:190} INFO - [2025-01-17T11:23:06.511+0000] {dag.py:4180} INFO - Setting next_dagrun for example_weekday_branch_operator to 2025-01-16 00:00:00+00:00, run_after=2025-01-17 00:00:00+00:00
[2025-01-17T11:23:06.534+0000] {processor.py:208} INFO - Processing /home/airflow/.local/lib/python3.12/site-packages/airflow/example_dags/example_branch_day_of_week_operator.py took 0.102 seconds
[2025-01-17T11:23:38.833+0000] {processor.py:186} INFO - Started process (PID=310) to work on /home/airflow/.local/lib/python3.12/site-packages/airflow/example_dags/example_branch_day_of_week_operator.py
[2025-01-17T11:23:38.834+0000] {processor.py:914} INFO - Processing file /home/airflow/.local/lib/python3.12/site-packages/airflow/example_dags/example_branch_day_of_week_operator.py for tasks to queue
[2025-01-17T11:23:38.837+0000] {logging_mixin.py:190} INFO - [2025-01-17T11:23:38.837+0000] {dagbag.py:588} INFO - Filling up the DagBag from /home/airflow/.local/lib/python3.12/site-packages/airflow/example_dags/example_branch_day_of_week_operator.py
[2025-01-17T11:23:38.849+0000] {processor.py:925} INFO - DAG(s) 'example_weekday_branch_operator' retrieved from /home/airflow/.local/lib/python3.12/site-packages/airflow/example_dags/example_branch_day_of_week_operator.py
[2025-01-17T11:23:38.875+0000] {logging_mixin.py:190} INFO - [2025-01-17T11:23:38.874+0000] {dag.py:3239} INFO - Sync 1 DAGs
[2025-01-17T11:23:38.903+0000] {logging_mixin.py:190} INFO - [2025-01-17T11:23:38.903+0000] {dag.py:4180} INFO - Setting next_dagrun for example_weekday_branch_operator to 2025-01-16 00:00:00+00:00, run_after=2025-01-17 00:00:00+00:00
[2025-01-17T11:23:38.928+0000] {processor.py:208} INFO - Processing /home/airflow/.local/lib/python3.12/site-packages/airflow/example_dags/example_branch_day_of_week_operator.py took 0.102 seconds
[2025-01-17T11:24:10.179+0000] {processor.py:186} INFO - Started process (PID=374) to work on /home/airflow/.local/lib/python3.12/site-packages/airflow/example_dags/example_branch_day_of_week_operator.py
[2025-01-17T11:24:10.180+0000] {processor.py:914} INFO - Processing file /home/airflow/.local/lib/python3.12/site-packages/airflow/example_dags/example_branch_day_of_week_operator.py for tasks to queue
[2025-01-17T11:24:10.183+0000] {logging_mixin.py:190} INFO - [2025-01-17T11:24:10.183+0000] {dagbag.py:588} INFO - Filling up the DagBag from /home/airflow/.local/lib/python3.12/site-packages/airflow/example_dags/example_branch_day_of_week_operator.py
[2025-01-17T11:24:10.193+0000] {processor.py:925} INFO - DAG(s) 'example_weekday_branch_operator' retrieved from /home/airflow/.local/lib/python3.12/site-packages/airflow/example_dags/example_branch_day_of_week_operator.py
[2025-01-17T11:24:10.215+0000] {logging_mixin.py:190} INFO - [2025-01-17T11:24:10.215+0000] {dag.py:3239} INFO - Sync 1 DAGs
[2025-01-17T11:24:10.239+0000] {logging_mixin.py:190} INFO - [2025-01-17T11:24:10.239+0000] {dag.py:4180} INFO - Setting next_dagrun for example_weekday_branch_operator to 2025-01-16 00:00:00+00:00, run_after=2025-01-17 00:00:00+00:00
[2025-01-17T11:24:10.263+0000] {processor.py:208} INFO - Processing /home/airflow/.local/lib/python3.12/site-packages/airflow/example_dags/example_branch_day_of_week_operator.py took 0.089 seconds
[2025-01-17T11:24:41.449+0000] {processor.py:186} INFO - Started process (PID=438) to work on /home/airflow/.local/lib/python3.12/site-packages/airflow/example_dags/example_branch_day_of_week_operator.py
[2025-01-17T11:24:41.450+0000] {processor.py:914} INFO - Processing file /home/airflow/.local/lib/python3.12/site-packages/airflow/example_dags/example_branch_day_of_week_operator.py for tasks to queue
[2025-01-17T11:24:41.453+0000] {logging_mixin.py:190} INFO - [2025-01-17T11:24:41.453+0000] {dagbag.py:588} INFO - Filling up the DagBag from /home/airflow/.local/lib/python3.12/site-packages/airflow/example_dags/example_branch_day_of_week_operator.py
[2025-01-17T11:24:41.464+0000] {processor.py:925} INFO - DAG(s) 'example_weekday_branch_operator' retrieved from /home/airflow/.local/lib/python3.12/site-packages/airflow/example_dags/example_branch_day_of_week_operator.py
[2025-01-17T11:24:41.488+0000] {logging_mixin.py:190} INFO - [2025-01-17T11:24:41.488+0000] {dag.py:3239} INFO - Sync 1 DAGs
[2025-01-17T11:24:41.513+0000] {logging_mixin.py:190} INFO - [2025-01-17T11:24:41.513+0000] {dag.py:4180} INFO - Setting next_dagrun for example_weekday_branch_operator to 2025-01-16 00:00:00+00:00, run_after=2025-01-17 00:00:00+00:00
[2025-01-17T11:24:41.537+0000] {processor.py:208} INFO - Processing /home/airflow/.local/lib/python3.12/site-packages/airflow/example_dags/example_branch_day_of_week_operator.py took 0.093 seconds
[2025-01-17T11:25:13.035+0000] {processor.py:186} INFO - Started process (PID=502) to work on /home/airflow/.local/lib/python3.12/site-packages/airflow/example_dags/example_branch_day_of_week_operator.py
[2025-01-17T11:25:13.037+0000] {processor.py:914} INFO - Processing file /home/airflow/.local/lib/python3.12/site-packages/airflow/example_dags/example_branch_day_of_week_operator.py for tasks to queue
[2025-01-17T11:25:13.039+0000] {logging_mixin.py:190} INFO - [2025-01-17T11:25:13.039+0000] {dagbag.py:588} INFO - Filling up the DagBag from /home/airflow/.local/lib/python3.12/site-packages/airflow/example_dags/example_branch_day_of_week_operator.py
[2025-01-17T11:25:13.049+0000] {processor.py:925} INFO - DAG(s) 'example_weekday_branch_operator' retrieved from /home/airflow/.local/lib/python3.12/site-packages/airflow/example_dags/example_branch_day_of_week_operator.py
[2025-01-17T11:25:13.071+0000] {logging_mixin.py:190} INFO - [2025-01-17T11:25:13.071+0000] {dag.py:3239} INFO - Sync 1 DAGs
[2025-01-17T11:25:13.096+0000] {logging_mixin.py:190} INFO - [2025-01-17T11:25:13.096+0000] {dag.py:4180} INFO - Setting next_dagrun for example_weekday_branch_operator to 2025-01-16 00:00:00+00:00, run_after=2025-01-17 00:00:00+00:00
[2025-01-17T11:25:13.121+0000] {processor.py:208} INFO - Processing /home/airflow/.local/lib/python3.12/site-packages/airflow/example_dags/example_branch_day_of_week_operator.py took 0.091 seconds
[2025-01-17T11:25:44.698+0000] {processor.py:186} INFO - Started process (PID=567) to work on /home/airflow/.local/lib/python3.12/site-packages/airflow/example_dags/example_branch_day_of_week_operator.py
[2025-01-17T11:25:44.699+0000] {processor.py:914} INFO - Processing file /home/airflow/.local/lib/python3.12/site-packages/airflow/example_dags/example_branch_day_of_week_operator.py for tasks to queue
[2025-01-17T11:25:44.702+0000] {logging_mixin.py:190} INFO - [2025-01-17T11:25:44.702+0000] {dagbag.py:588} INFO - Filling up the DagBag from /home/airflow/.local/lib/python3.12/site-packages/airflow/example_dags/example_branch_day_of_week_operator.py
[2025-01-17T11:25:44.714+0000] {processor.py:925} INFO - DAG(s) 'example_weekday_branch_operator' retrieved from /home/airflow/.local/lib/python3.12/site-packages/airflow/example_dags/example_branch_day_of_week_operator.py
[2025-01-17T11:25:44.736+0000] {logging_mixin.py:190} INFO - [2025-01-17T11:25:44.736+0000] {dag.py:3239} INFO - Sync 1 DAGs
[2025-01-17T11:25:44.767+0000] {logging_mixin.py:190} INFO - [2025-01-17T11:25:44.767+0000] {dag.py:4180} INFO - Setting next_dagrun for example_weekday_branch_operator to 2025-01-16 00:00:00+00:00, run_after=2025-01-17 00:00:00+00:00
[2025-01-17T11:25:44.791+0000] {processor.py:208} INFO - Processing /home/airflow/.local/lib/python3.12/site-packages/airflow/example_dags/example_branch_day_of_week_operator.py took 0.098 seconds
[2025-01-17T11:26:15.234+0000] {processor.py:186} INFO - Started process (PID=631) to work on /home/airflow/.local/lib/python3.12/site-packages/airflow/example_dags/example_branch_day_of_week_operator.py
[2025-01-17T11:26:15.235+0000] {processor.py:914} INFO - Processing file /home/airflow/.local/lib/python3.12/site-packages/airflow/example_dags/example_branch_day_of_week_operator.py for tasks to queue
[2025-01-17T11:26:15.239+0000] {logging_mixin.py:190} INFO - [2025-01-17T11:26:15.238+0000] {dagbag.py:588} INFO - Filling up the DagBag from /home/airflow/.local/lib/python3.12/site-packages/airflow/example_dags/example_branch_day_of_week_operator.py
[2025-01-17T11:26:15.248+0000] {processor.py:925} INFO - DAG(s) 'example_weekday_branch_operator' retrieved from /home/airflow/.local/lib/python3.12/site-packages/airflow/example_dags/example_branch_day_of_week_operator.py
[2025-01-17T11:26:15.273+0000] {logging_mixin.py:190} INFO - [2025-01-17T11:26:15.273+0000] {dag.py:3239} INFO - Sync 1 DAGs
[2025-01-17T11:26:15.296+0000] {logging_mixin.py:190} INFO - [2025-01-17T11:26:15.296+0000] {dag.py:4180} INFO - Setting next_dagrun for example_weekday_branch_operator to 2025-01-16 00:00:00+00:00, run_after=2025-01-17 00:00:00+00:00
[2025-01-17T11:26:15.318+0000] {processor.py:208} INFO - Processing /home/airflow/.local/lib/python3.12/site-packages/airflow/example_dags/example_branch_day_of_week_operator.py took 0.089 seconds
[2025-01-17T11:26:45.505+0000] {processor.py:186} INFO - Started process (PID=694) to work on /home/airflow/.local/lib/python3.12/site-packages/airflow/example_dags/example_branch_day_of_week_operator.py
[2025-01-17T11:26:45.506+0000] {processor.py:914} INFO - Processing file /home/airflow/.local/lib/python3.12/site-packages/airflow/example_dags/example_branch_day_of_week_operator.py for tasks to queue
[2025-01-17T11:26:45.509+0000] {logging_mixin.py:190} INFO - [2025-01-17T11:26:45.508+0000] {dagbag.py:588} INFO - Filling up the DagBag from /home/airflow/.local/lib/python3.12/site-packages/airflow/example_dags/example_branch_day_of_week_operator.py
[2025-01-17T11:26:45.518+0000] {processor.py:925} INFO - DAG(s) 'example_weekday_branch_operator' retrieved from /home/airflow/.local/lib/python3.12/site-packages/airflow/example_dags/example_branch_day_of_week_operator.py
[2025-01-17T11:26:45.542+0000] {logging_mixin.py:190} INFO - [2025-01-17T11:26:45.542+0000] {dag.py:3239} INFO - Sync 1 DAGs
[2025-01-17T11:26:45.567+0000] {logging_mixin.py:190} INFO - [2025-01-17T11:26:45.566+0000] {dag.py:4180} INFO - Setting next_dagrun for example_weekday_branch_operator to 2025-01-16 00:00:00+00:00, run_after=2025-01-17 00:00:00+00:00
[2025-01-17T11:26:45.591+0000] {processor.py:208} INFO - Processing /home/airflow/.local/lib/python3.12/site-packages/airflow/example_dags/example_branch_day_of_week_operator.py took 0.093 seconds
[2025-01-17T11:27:17.479+0000] {processor.py:186} INFO - Started process (PID=758) to work on /home/airflow/.local/lib/python3.12/site-packages/airflow/example_dags/example_branch_day_of_week_operator.py
[2025-01-17T11:27:17.480+0000] {processor.py:914} INFO - Processing file /home/airflow/.local/lib/python3.12/site-packages/airflow/example_dags/example_branch_day_of_week_operator.py for tasks to queue
[2025-01-17T11:27:17.483+0000] {logging_mixin.py:190} INFO - [2025-01-17T11:27:17.482+0000] {dagbag.py:588} INFO - Filling up the DagBag from /home/airflow/.local/lib/python3.12/site-packages/airflow/example_dags/example_branch_day_of_week_operator.py
[2025-01-17T11:27:17.495+0000] {processor.py:925} INFO - DAG(s) 'example_weekday_branch_operator' retrieved from /home/airflow/.local/lib/python3.12/site-packages/airflow/example_dags/example_branch_day_of_week_operator.py
[2025-01-17T11:27:17.518+0000] {logging_mixin.py:190} INFO - [2025-01-17T11:27:17.517+0000] {dag.py:3239} INFO - Sync 1 DAGs
[2025-01-17T11:27:17.545+0000] {logging_mixin.py:190} INFO - [2025-01-17T11:27:17.545+0000] {dag.py:4180} INFO - Setting next_dagrun for example_weekday_branch_operator to 2025-01-16 00:00:00+00:00, run_after=2025-01-17 00:00:00+00:00
[2025-01-17T11:27:17.569+0000] {processor.py:208} INFO - Processing /home/airflow/.local/lib/python3.12/site-packages/airflow/example_dags/example_branch_day_of_week_operator.py took 0.098 seconds
[2025-01-17T11:27:49.804+0000] {processor.py:186} INFO - Started process (PID=822) to work on /home/airflow/.local/lib/python3.12/site-packages/airflow/example_dags/example_branch_day_of_week_operator.py
[2025-01-17T11:27:49.805+0000] {processor.py:914} INFO - Processing file /home/airflow/.local/lib/python3.12/site-packages/airflow/example_dags/example_branch_day_of_week_operator.py for tasks to queue
[2025-01-17T11:27:49.808+0000] {logging_mixin.py:190} INFO - [2025-01-17T11:27:49.808+0000] {dagbag.py:588} INFO - Filling up the DagBag from /home/airflow/.local/lib/python3.12/site-packages/airflow/example_dags/example_branch_day_of_week_operator.py
[2025-01-17T11:27:49.818+0000] {processor.py:925} INFO - DAG(s) 'example_weekday_branch_operator' retrieved from /home/airflow/.local/lib/python3.12/site-packages/airflow/example_dags/example_branch_day_of_week_operator.py
[2025-01-17T11:27:49.842+0000] {logging_mixin.py:190} INFO - [2025-01-17T11:27:49.842+0000] {dag.py:3239} INFO - Sync 1 DAGs
[2025-01-17T11:27:49.869+0000] {logging_mixin.py:190} INFO - [2025-01-17T11:27:49.868+0000] {dag.py:4180} INFO - Setting next_dagrun for example_weekday_branch_operator to 2025-01-16 00:00:00+00:00, run_after=2025-01-17 00:00:00+00:00
[2025-01-17T11:27:49.893+0000] {processor.py:208} INFO - Processing /home/airflow/.local/lib/python3.12/site-packages/airflow/example_dags/example_branch_day_of_week_operator.py took 0.094 seconds
[2025-01-17T11:28:20.625+0000] {processor.py:186} INFO - Started process (PID=886) to work on /home/airflow/.local/lib/python3.12/site-packages/airflow/example_dags/example_branch_day_of_week_operator.py
[2025-01-17T11:28:20.626+0000] {processor.py:914} INFO - Processing file /home/airflow/.local/lib/python3.12/site-packages/airflow/example_dags/example_branch_day_of_week_operator.py for tasks to queue
[2025-01-17T11:28:20.628+0000] {logging_mixin.py:190} INFO - [2025-01-17T11:28:20.628+0000] {dagbag.py:588} INFO - Filling up the DagBag from /home/airflow/.local/lib/python3.12/site-packages/airflow/example_dags/example_branch_day_of_week_operator.py
[2025-01-17T11:28:20.639+0000] {processor.py:925} INFO - DAG(s) 'example_weekday_branch_operator' retrieved from /home/airflow/.local/lib/python3.12/site-packages/airflow/example_dags/example_branch_day_of_week_operator.py
[2025-01-17T11:28:20.665+0000] {logging_mixin.py:190} INFO - [2025-01-17T11:28:20.665+0000] {dag.py:3239} INFO - Sync 1 DAGs
[2025-01-17T11:28:20.635+0000] {logging_mixin.py:190} INFO - [2025-01-17T11:28:20.634+0000] {dag.py:4180} INFO - Setting next_dagrun for example_weekday_branch_operator to 2025-01-16 00:00:00+00:00, run_after=2025-01-17 00:00:00+00:00
[2025-01-17T11:28:20.661+0000] {processor.py:208} INFO - Processing /home/airflow/.local/lib/python3.12/site-packages/airflow/example_dags/example_branch_day_of_week_operator.py took 0.100 seconds
[2025-01-17T11:28:51.545+0000] {processor.py:186} INFO - Started process (PID=951) to work on /home/airflow/.local/lib/python3.12/site-packages/airflow/example_dags/example_branch_day_of_week_operator.py
[2025-01-17T11:28:51.546+0000] {processor.py:914} INFO - Processing file /home/airflow/.local/lib/python3.12/site-packages/airflow/example_dags/example_branch_day_of_week_operator.py for tasks to queue
[2025-01-17T11:28:51.549+0000] {logging_mixin.py:190} INFO - [2025-01-17T11:28:51.548+0000] {dagbag.py:588} INFO - Filling up the DagBag from /home/airflow/.local/lib/python3.12/site-packages/airflow/example_dags/example_branch_day_of_week_operator.py
[2025-01-17T11:28:51.559+0000] {processor.py:925} INFO - DAG(s) 'example_weekday_branch_operator' retrieved from /home/airflow/.local/lib/python3.12/site-packages/airflow/example_dags/example_branch_day_of_week_operator.py
[2025-01-17T11:28:51.583+0000] {logging_mixin.py:190} INFO - [2025-01-17T11:28:51.583+0000] {dag.py:3239} INFO - Sync 1 DAGs
[2025-01-17T11:28:51.611+0000] {logging_mixin.py:190} INFO - [2025-01-17T11:28:51.610+0000] {dag.py:4180} INFO - Setting next_dagrun for example_weekday_branch_operator to 2025-01-16 00:00:00+00:00, run_after=2025-01-17 00:00:00+00:00
[2025-01-17T11:28:51.635+0000] {processor.py:208} INFO - Processing /home/airflow/.local/lib/python3.12/site-packages/airflow/example_dags/example_branch_day_of_week_operator.py took 0.096 seconds
[2025-01-17T11:29:22.773+0000] {processor.py:186} INFO - Started process (PID=1015) to work on /home/airflow/.local/lib/python3.12/site-packages/airflow/example_dags/example_branch_day_of_week_operator.py
[2025-01-17T11:29:22.774+0000] {processor.py:914} INFO - Processing file /home/airflow/.local/lib/python3.12/site-packages/airflow/example_dags/example_branch_day_of_week_operator.py for tasks to queue
[2025-01-17T11:29:22.776+0000] {logging_mixin.py:190} INFO - [2025-01-17T11:29:22.776+0000] {dagbag.py:588} INFO - Filling up the DagBag from /home/airflow/.local/lib/python3.12/site-packages/airflow/example_dags/example_branch_day_of_week_operator.py
[2025-01-17T11:29:22.786+0000] {processor.py:925} INFO - DAG(s) 'example_weekday_branch_operator' retrieved from /home/airflow/.local/lib/python3.12/site-packages/airflow/example_dags/example_branch_day_of_week_operator.py
[2025-01-17T11:29:22.810+0000] {logging_mixin.py:190} INFO - [2025-01-17T11:29:22.810+0000] {dag.py:3239} INFO - Sync 1 DAGs
[2025-01-17T11:29:22.844+0000] {logging_mixin.py:190} INFO - [2025-01-17T11:29:22.844+0000] {dag.py:4180} INFO - Setting next_dagrun for example_weekday_branch_operator to 2025-01-16 00:00:00+00:00, run_after=2025-01-17 00:00:00+00:00
[2025-01-17T11:29:22.874+0000] {processor.py:208} INFO - Processing /home/airflow/.local/lib/python3.12/site-packages/airflow/example_dags/example_branch_day_of_week_operator.py took 0.107 seconds
