[2025-01-17T10:32:04.003+0000] {processor.py:186} INFO - Started process (PID=119) to work on /home/airflow/.local/lib/python3.12/site-packages/airflow/example_dags/example_branch_labels.py
[2025-01-17T10:32:04.004+0000] {processor.py:914} INFO - Processing file /home/airflow/.local/lib/python3.12/site-packages/airflow/example_dags/example_branch_labels.py for tasks to queue
[2025-01-17T10:32:04.008+0000] {logging_mixin.py:190} INFO - [2025-01-17T10:32:04.007+0000] {dagbag.py:588} INFO - Filling up the DagBag from /home/airflow/.local/lib/python3.12/site-packages/airflow/example_dags/example_branch_labels.py
[2025-01-17T10:32:04.018+0000] {processor.py:925} INFO - DAG(s) 'example_branch_labels' retrieved from /home/airflow/.local/lib/python3.12/site-packages/airflow/example_dags/example_branch_labels.py
[2025-01-17T10:32:04.043+0000] {logging_mixin.py:190} INFO - [2025-01-17T10:32:04.043+0000] {dag.py:3239} INFO - Sync 1 DAGs
[2025-01-17T10:32:04.073+0000] {logging_mixin.py:190} INFO - [2025-01-17T10:32:04.073+0000] {dag.py:4180} INFO - Setting next_dagrun for example_branch_labels to 2025-01-16 00:00:00+00:00, run_after=2025-01-17 00:00:00+00:00
[2025-01-17T10:32:04.099+0000] {processor.py:208} INFO - Processing /home/airflow/.local/lib/python3.12/site-packages/airflow/example_dags/example_branch_labels.py took 0.102 seconds
[2025-01-17T10:32:35.886+0000] {processor.py:186} INFO - Started process (PID=183) to work on /home/airflow/.local/lib/python3.12/site-packages/airflow/example_dags/example_branch_labels.py
[2025-01-17T10:32:35.888+0000] {processor.py:914} INFO - Processing file /home/airflow/.local/lib/python3.12/site-packages/airflow/example_dags/example_branch_labels.py for tasks to queue
[2025-01-17T10:32:35.891+0000] {logging_mixin.py:190} INFO - [2025-01-17T10:32:35.891+0000] {dagbag.py:588} INFO - Filling up the DagBag from /home/airflow/.local/lib/python3.12/site-packages/airflow/example_dags/example_branch_labels.py
[2025-01-17T10:32:35.903+0000] {processor.py:925} INFO - DAG(s) 'example_branch_labels' retrieved from /home/airflow/.local/lib/python3.12/site-packages/airflow/example_dags/example_branch_labels.py
[2025-01-17T10:32:35.934+0000] {logging_mixin.py:190} INFO - [2025-01-17T10:32:35.934+0000] {dag.py:3239} INFO - Sync 1 DAGs
[2025-01-17T10:32:35.968+0000] {logging_mixin.py:190} INFO - [2025-01-17T10:32:35.968+0000] {dag.py:4180} INFO - Setting next_dagrun for example_branch_labels to 2025-01-16 00:00:00+00:00, run_after=2025-01-17 00:00:00+00:00
[2025-01-17T10:32:36.014+0000] {processor.py:208} INFO - Processing /home/airflow/.local/lib/python3.12/site-packages/airflow/example_dags/example_branch_labels.py took 0.135 seconds
[2025-01-17T10:33:06.516+0000] {processor.py:186} INFO - Started process (PID=246) to work on /home/airflow/.local/lib/python3.12/site-packages/airflow/example_dags/example_branch_labels.py
[2025-01-17T10:33:06.518+0000] {processor.py:914} INFO - Processing file /home/airflow/.local/lib/python3.12/site-packages/airflow/example_dags/example_branch_labels.py for tasks to queue
[2025-01-17T10:33:06.521+0000] {logging_mixin.py:190} INFO - [2025-01-17T10:33:06.521+0000] {dagbag.py:588} INFO - Filling up the DagBag from /home/airflow/.local/lib/python3.12/site-packages/airflow/example_dags/example_branch_labels.py
[2025-01-17T10:33:06.533+0000] {processor.py:925} INFO - DAG(s) 'example_branch_labels' retrieved from /home/airflow/.local/lib/python3.12/site-packages/airflow/example_dags/example_branch_labels.py
[2025-01-17T10:33:06.562+0000] {logging_mixin.py:190} INFO - [2025-01-17T10:33:06.561+0000] {dag.py:3239} INFO - Sync 1 DAGs
[2025-01-17T10:33:06.599+0000] {logging_mixin.py:190} INFO - [2025-01-17T10:33:06.598+0000] {dag.py:4180} INFO - Setting next_dagrun for example_branch_labels to 2025-01-16 00:00:00+00:00, run_after=2025-01-17 00:00:00+00:00
[2025-01-17T10:33:06.641+0000] {processor.py:208} INFO - Processing /home/airflow/.local/lib/python3.12/site-packages/airflow/example_dags/example_branch_labels.py took 0.132 seconds
[2025-01-17T10:33:38.628+0000] {processor.py:186} INFO - Started process (PID=310) to work on /home/airflow/.local/lib/python3.12/site-packages/airflow/example_dags/example_branch_labels.py
[2025-01-17T10:33:38.630+0000] {processor.py:914} INFO - Processing file /home/airflow/.local/lib/python3.12/site-packages/airflow/example_dags/example_branch_labels.py for tasks to queue
[2025-01-17T10:33:38.634+0000] {logging_mixin.py:190} INFO - [2025-01-17T10:33:38.634+0000] {dagbag.py:588} INFO - Filling up the DagBag from /home/airflow/.local/lib/python3.12/site-packages/airflow/example_dags/example_branch_labels.py
[2025-01-17T10:33:38.655+0000] {processor.py:925} INFO - DAG(s) 'example_branch_labels' retrieved from /home/airflow/.local/lib/python3.12/site-packages/airflow/example_dags/example_branch_labels.py
[2025-01-17T10:33:38.694+0000] {logging_mixin.py:190} INFO - [2025-01-17T10:33:38.693+0000] {dag.py:3239} INFO - Sync 1 DAGs
[2025-01-17T10:33:38.740+0000] {logging_mixin.py:190} INFO - [2025-01-17T10:33:38.739+0000] {dag.py:4180} INFO - Setting next_dagrun for example_branch_labels to 2025-01-16 00:00:00+00:00, run_after=2025-01-17 00:00:00+00:00
[2025-01-17T10:33:38.775+0000] {processor.py:208} INFO - Processing /home/airflow/.local/lib/python3.12/site-packages/airflow/example_dags/example_branch_labels.py took 0.155 seconds
[2025-01-17T10:34:10.048+0000] {processor.py:186} INFO - Started process (PID=374) to work on /home/airflow/.local/lib/python3.12/site-packages/airflow/example_dags/example_branch_labels.py
[2025-01-17T10:34:10.050+0000] {processor.py:914} INFO - Processing file /home/airflow/.local/lib/python3.12/site-packages/airflow/example_dags/example_branch_labels.py for tasks to queue
[2025-01-17T10:34:10.054+0000] {logging_mixin.py:190} INFO - [2025-01-17T10:34:10.053+0000] {dagbag.py:588} INFO - Filling up the DagBag from /home/airflow/.local/lib/python3.12/site-packages/airflow/example_dags/example_branch_labels.py
[2025-01-17T10:34:10.069+0000] {processor.py:925} INFO - DAG(s) 'example_branch_labels' retrieved from /home/airflow/.local/lib/python3.12/site-packages/airflow/example_dags/example_branch_labels.py
[2025-01-17T10:34:10.103+0000] {logging_mixin.py:190} INFO - [2025-01-17T10:34:10.103+0000] {dag.py:3239} INFO - Sync 1 DAGs
[2025-01-17T10:34:10.145+0000] {logging_mixin.py:190} INFO - [2025-01-17T10:34:10.144+0000] {dag.py:4180} INFO - Setting next_dagrun for example_branch_labels to 2025-01-16 00:00:00+00:00, run_after=2025-01-17 00:00:00+00:00
[2025-01-17T10:34:10.174+0000] {processor.py:208} INFO - Processing /home/airflow/.local/lib/python3.12/site-packages/airflow/example_dags/example_branch_labels.py took 0.135 seconds
[2025-01-17T10:34:41.920+0000] {processor.py:186} INFO - Started process (PID=437) to work on /home/airflow/.local/lib/python3.12/site-packages/airflow/example_dags/example_branch_labels.py
[2025-01-17T10:34:41.922+0000] {processor.py:914} INFO - Processing file /home/airflow/.local/lib/python3.12/site-packages/airflow/example_dags/example_branch_labels.py for tasks to queue
[2025-01-17T10:34:41.924+0000] {logging_mixin.py:190} INFO - [2025-01-17T10:34:41.924+0000] {dagbag.py:588} INFO - Filling up the DagBag from /home/airflow/.local/lib/python3.12/site-packages/airflow/example_dags/example_branch_labels.py
[2025-01-17T10:34:41.938+0000] {processor.py:925} INFO - DAG(s) 'example_branch_labels' retrieved from /home/airflow/.local/lib/python3.12/site-packages/airflow/example_dags/example_branch_labels.py
[2025-01-17T10:34:41.968+0000] {logging_mixin.py:190} INFO - [2025-01-17T10:34:41.968+0000] {dag.py:3239} INFO - Sync 1 DAGs
[2025-01-17T10:34:42.007+0000] {logging_mixin.py:190} INFO - [2025-01-17T10:34:42.007+0000] {dag.py:4180} INFO - Setting next_dagrun for example_branch_labels to 2025-01-16 00:00:00+00:00, run_after=2025-01-17 00:00:00+00:00
[2025-01-17T10:34:42.046+0000] {processor.py:208} INFO - Processing /home/airflow/.local/lib/python3.12/site-packages/airflow/example_dags/example_branch_labels.py took 0.134 seconds
[2025-01-17T10:35:13.823+0000] {processor.py:186} INFO - Started process (PID=500) to work on /home/airflow/.local/lib/python3.12/site-packages/airflow/example_dags/example_branch_labels.py
[2025-01-17T10:35:13.825+0000] {processor.py:914} INFO - Processing file /home/airflow/.local/lib/python3.12/site-packages/airflow/example_dags/example_branch_labels.py for tasks to queue
[2025-01-17T10:35:13.828+0000] {logging_mixin.py:190} INFO - [2025-01-17T10:35:13.827+0000] {dagbag.py:588} INFO - Filling up the DagBag from /home/airflow/.local/lib/python3.12/site-packages/airflow/example_dags/example_branch_labels.py
[2025-01-17T10:35:13.851+0000] {processor.py:925} INFO - DAG(s) 'example_branch_labels' retrieved from /home/airflow/.local/lib/python3.12/site-packages/airflow/example_dags/example_branch_labels.py
[2025-01-17T10:35:13.901+0000] {logging_mixin.py:190} INFO - [2025-01-17T10:35:13.901+0000] {dag.py:3239} INFO - Sync 1 DAGs
[2025-01-17T10:35:13.940+0000] {logging_mixin.py:190} INFO - [2025-01-17T10:35:13.939+0000] {dag.py:4180} INFO - Setting next_dagrun for example_branch_labels to 2025-01-16 00:00:00+00:00, run_after=2025-01-17 00:00:00+00:00
[2025-01-17T10:35:13.969+0000] {processor.py:208} INFO - Processing /home/airflow/.local/lib/python3.12/site-packages/airflow/example_dags/example_branch_labels.py took 0.155 seconds
[2025-01-17T10:35:45.816+0000] {processor.py:186} INFO - Started process (PID=563) to work on /home/airflow/.local/lib/python3.12/site-packages/airflow/example_dags/example_branch_labels.py
[2025-01-17T10:35:45.817+0000] {processor.py:914} INFO - Processing file /home/airflow/.local/lib/python3.12/site-packages/airflow/example_dags/example_branch_labels.py for tasks to queue
[2025-01-17T10:35:45.820+0000] {logging_mixin.py:190} INFO - [2025-01-17T10:35:45.819+0000] {dagbag.py:588} INFO - Filling up the DagBag from /home/airflow/.local/lib/python3.12/site-packages/airflow/example_dags/example_branch_labels.py
[2025-01-17T10:35:45.839+0000] {processor.py:925} INFO - DAG(s) 'example_branch_labels' retrieved from /home/airflow/.local/lib/python3.12/site-packages/airflow/example_dags/example_branch_labels.py
[2025-01-17T10:35:45.878+0000] {logging_mixin.py:190} INFO - [2025-01-17T10:35:45.878+0000] {dag.py:3239} INFO - Sync 1 DAGs
[2025-01-17T10:35:45.931+0000] {logging_mixin.py:190} INFO - [2025-01-17T10:35:45.930+0000] {dag.py:4180} INFO - Setting next_dagrun for example_branch_labels to 2025-01-16 00:00:00+00:00, run_after=2025-01-17 00:00:00+00:00
[2025-01-17T10:35:45.982+0000] {processor.py:208} INFO - Processing /home/airflow/.local/lib/python3.12/site-packages/airflow/example_dags/example_branch_labels.py took 0.176 seconds
[2025-01-17T10:36:17.062+0000] {processor.py:186} INFO - Started process (PID=626) to work on /home/airflow/.local/lib/python3.12/site-packages/airflow/example_dags/example_branch_labels.py
[2025-01-17T10:36:17.064+0000] {processor.py:914} INFO - Processing file /home/airflow/.local/lib/python3.12/site-packages/airflow/example_dags/example_branch_labels.py for tasks to queue
[2025-01-17T10:36:17.066+0000] {logging_mixin.py:190} INFO - [2025-01-17T10:36:17.066+0000] {dagbag.py:588} INFO - Filling up the DagBag from /home/airflow/.local/lib/python3.12/site-packages/airflow/example_dags/example_branch_labels.py
[2025-01-17T10:36:17.080+0000] {processor.py:925} INFO - DAG(s) 'example_branch_labels' retrieved from /home/airflow/.local/lib/python3.12/site-packages/airflow/example_dags/example_branch_labels.py
[2025-01-17T10:36:17.113+0000] {logging_mixin.py:190} INFO - [2025-01-17T10:36:17.112+0000] {dag.py:3239} INFO - Sync 1 DAGs
[2025-01-17T10:36:17.150+0000] {logging_mixin.py:190} INFO - [2025-01-17T10:36:17.150+0000] {dag.py:4180} INFO - Setting next_dagrun for example_branch_labels to 2025-01-16 00:00:00+00:00, run_after=2025-01-17 00:00:00+00:00
[2025-01-17T10:36:17.180+0000] {processor.py:208} INFO - Processing /home/airflow/.local/lib/python3.12/site-packages/airflow/example_dags/example_branch_labels.py took 0.126 seconds
[2025-01-17T10:37:33.691+0000] {processor.py:186} INFO - Started process (PID=112) to work on /home/airflow/.local/lib/python3.12/site-packages/airflow/example_dags/example_branch_labels.py
[2025-01-17T10:37:33.693+0000] {processor.py:914} INFO - Processing file /home/airflow/.local/lib/python3.12/site-packages/airflow/example_dags/example_branch_labels.py for tasks to queue
[2025-01-17T10:37:33.695+0000] {logging_mixin.py:190} INFO - [2025-01-17T10:37:33.695+0000] {dagbag.py:588} INFO - Filling up the DagBag from /home/airflow/.local/lib/python3.12/site-packages/airflow/example_dags/example_branch_labels.py
[2025-01-17T10:37:33.708+0000] {processor.py:925} INFO - DAG(s) 'example_branch_labels' retrieved from /home/airflow/.local/lib/python3.12/site-packages/airflow/example_dags/example_branch_labels.py
[2025-01-17T10:37:33.736+0000] {logging_mixin.py:190} INFO - [2025-01-17T10:37:33.736+0000] {dag.py:3239} INFO - Sync 1 DAGs
[2025-01-17T10:37:33.770+0000] {logging_mixin.py:190} INFO - [2025-01-17T10:37:33.770+0000] {dag.py:4180} INFO - Setting next_dagrun for example_branch_labels to 2025-01-16 00:00:00+00:00, run_after=2025-01-17 00:00:00+00:00
[2025-01-17T10:37:33.795+0000] {processor.py:208} INFO - Processing /home/airflow/.local/lib/python3.12/site-packages/airflow/example_dags/example_branch_labels.py took 0.111 seconds
[2025-01-17T10:38:06.229+0000] {processor.py:186} INFO - Started process (PID=176) to work on /home/airflow/.local/lib/python3.12/site-packages/airflow/example_dags/example_branch_labels.py
[2025-01-17T10:38:06.231+0000] {processor.py:914} INFO - Processing file /home/airflow/.local/lib/python3.12/site-packages/airflow/example_dags/example_branch_labels.py for tasks to queue
[2025-01-17T10:38:06.236+0000] {logging_mixin.py:190} INFO - [2025-01-17T10:38:06.235+0000] {dagbag.py:588} INFO - Filling up the DagBag from /home/airflow/.local/lib/python3.12/site-packages/airflow/example_dags/example_branch_labels.py
[2025-01-17T10:38:06.250+0000] {processor.py:925} INFO - DAG(s) 'example_branch_labels' retrieved from /home/airflow/.local/lib/python3.12/site-packages/airflow/example_dags/example_branch_labels.py
[2025-01-17T10:38:06.293+0000] {logging_mixin.py:190} INFO - [2025-01-17T10:38:06.293+0000] {dag.py:3239} INFO - Sync 1 DAGs
[2025-01-17T10:38:06.340+0000] {logging_mixin.py:190} INFO - [2025-01-17T10:38:06.340+0000] {dag.py:4180} INFO - Setting next_dagrun for example_branch_labels to 2025-01-16 00:00:00+00:00, run_after=2025-01-17 00:00:00+00:00
[2025-01-17T10:38:06.383+0000] {processor.py:208} INFO - Processing /home/airflow/.local/lib/python3.12/site-packages/airflow/example_dags/example_branch_labels.py took 0.163 seconds
[2025-01-17T10:52:16.546+0000] {processor.py:186} INFO - Started process (PID=119) to work on /home/airflow/.local/lib/python3.12/site-packages/airflow/example_dags/example_branch_labels.py
[2025-01-17T10:52:16.547+0000] {processor.py:914} INFO - Processing file /home/airflow/.local/lib/python3.12/site-packages/airflow/example_dags/example_branch_labels.py for tasks to queue
[2025-01-17T10:52:16.550+0000] {logging_mixin.py:190} INFO - [2025-01-17T10:52:16.549+0000] {dagbag.py:588} INFO - Filling up the DagBag from /home/airflow/.local/lib/python3.12/site-packages/airflow/example_dags/example_branch_labels.py
[2025-01-17T10:52:16.560+0000] {processor.py:925} INFO - DAG(s) 'example_branch_labels' retrieved from /home/airflow/.local/lib/python3.12/site-packages/airflow/example_dags/example_branch_labels.py
[2025-01-17T10:52:16.584+0000] {logging_mixin.py:190} INFO - [2025-01-17T10:52:16.583+0000] {dag.py:3239} INFO - Sync 1 DAGs
[2025-01-17T10:52:16.611+0000] {logging_mixin.py:190} INFO - [2025-01-17T10:52:16.611+0000] {dag.py:4180} INFO - Setting next_dagrun for example_branch_labels to 2025-01-16 00:00:00+00:00, run_after=2025-01-17 00:00:00+00:00
[2025-01-17T10:52:16.635+0000] {processor.py:208} INFO - Processing /home/airflow/.local/lib/python3.12/site-packages/airflow/example_dags/example_branch_labels.py took 0.095 seconds
[2025-01-17T10:52:47.788+0000] {processor.py:186} INFO - Started process (PID=182) to work on /home/airflow/.local/lib/python3.12/site-packages/airflow/example_dags/example_branch_labels.py
[2025-01-17T10:52:47.790+0000] {processor.py:914} INFO - Processing file /home/airflow/.local/lib/python3.12/site-packages/airflow/example_dags/example_branch_labels.py for tasks to queue
[2025-01-17T10:52:47.793+0000] {logging_mixin.py:190} INFO - [2025-01-17T10:52:47.793+0000] {dagbag.py:588} INFO - Filling up the DagBag from /home/airflow/.local/lib/python3.12/site-packages/airflow/example_dags/example_branch_labels.py
[2025-01-17T10:52:47.804+0000] {processor.py:925} INFO - DAG(s) 'example_branch_labels' retrieved from /home/airflow/.local/lib/python3.12/site-packages/airflow/example_dags/example_branch_labels.py
[2025-01-17T10:52:47.828+0000] {logging_mixin.py:190} INFO - [2025-01-17T10:52:47.828+0000] {dag.py:3239} INFO - Sync 1 DAGs
[2025-01-17T10:52:47.852+0000] {logging_mixin.py:190} INFO - [2025-01-17T10:52:47.852+0000] {dag.py:4180} INFO - Setting next_dagrun for example_branch_labels to 2025-01-16 00:00:00+00:00, run_after=2025-01-17 00:00:00+00:00
[2025-01-17T10:52:47.878+0000] {processor.py:208} INFO - Processing /home/airflow/.local/lib/python3.12/site-packages/airflow/example_dags/example_branch_labels.py took 0.095 seconds
[2025-01-17T10:53:18.977+0000] {processor.py:186} INFO - Started process (PID=246) to work on /home/airflow/.local/lib/python3.12/site-packages/airflow/example_dags/example_branch_labels.py
[2025-01-17T10:53:18.979+0000] {processor.py:914} INFO - Processing file /home/airflow/.local/lib/python3.12/site-packages/airflow/example_dags/example_branch_labels.py for tasks to queue
[2025-01-17T10:53:18.983+0000] {logging_mixin.py:190} INFO - [2025-01-17T10:53:18.982+0000] {dagbag.py:588} INFO - Filling up the DagBag from /home/airflow/.local/lib/python3.12/site-packages/airflow/example_dags/example_branch_labels.py
[2025-01-17T10:53:18.995+0000] {processor.py:925} INFO - DAG(s) 'example_branch_labels' retrieved from /home/airflow/.local/lib/python3.12/site-packages/airflow/example_dags/example_branch_labels.py
[2025-01-17T10:53:19.024+0000] {logging_mixin.py:190} INFO - [2025-01-17T10:53:19.024+0000] {dag.py:3239} INFO - Sync 1 DAGs
[2025-01-17T10:53:19.049+0000] {logging_mixin.py:190} INFO - [2025-01-17T10:53:19.049+0000] {dag.py:4180} INFO - Setting next_dagrun for example_branch_labels to 2025-01-16 00:00:00+00:00, run_after=2025-01-17 00:00:00+00:00
[2025-01-17T10:53:19.079+0000] {processor.py:208} INFO - Processing /home/airflow/.local/lib/python3.12/site-packages/airflow/example_dags/example_branch_labels.py took 0.107 seconds
[2025-01-17T10:53:50.528+0000] {processor.py:186} INFO - Started process (PID=312) to work on /home/airflow/.local/lib/python3.12/site-packages/airflow/example_dags/example_branch_labels.py
[2025-01-17T10:53:50.530+0000] {processor.py:914} INFO - Processing file /home/airflow/.local/lib/python3.12/site-packages/airflow/example_dags/example_branch_labels.py for tasks to queue
[2025-01-17T10:53:50.533+0000] {logging_mixin.py:190} INFO - [2025-01-17T10:53:50.532+0000] {dagbag.py:588} INFO - Filling up the DagBag from /home/airflow/.local/lib/python3.12/site-packages/airflow/example_dags/example_branch_labels.py
[2025-01-17T10:53:50.543+0000] {processor.py:925} INFO - DAG(s) 'example_branch_labels' retrieved from /home/airflow/.local/lib/python3.12/site-packages/airflow/example_dags/example_branch_labels.py
[2025-01-17T10:53:50.573+0000] {logging_mixin.py:190} INFO - [2025-01-17T10:53:50.572+0000] {dag.py:3239} INFO - Sync 1 DAGs
[2025-01-17T10:53:50.603+0000] {logging_mixin.py:190} INFO - [2025-01-17T10:53:50.603+0000] {dag.py:4180} INFO - Setting next_dagrun for example_branch_labels to 2025-01-16 00:00:00+00:00, run_after=2025-01-17 00:00:00+00:00
[2025-01-17T10:53:50.635+0000] {processor.py:208} INFO - Processing /home/airflow/.local/lib/python3.12/site-packages/airflow/example_dags/example_branch_labels.py took 0.114 seconds
[2025-01-17T10:54:21.848+0000] {processor.py:186} INFO - Started process (PID=376) to work on /home/airflow/.local/lib/python3.12/site-packages/airflow/example_dags/example_branch_labels.py
[2025-01-17T10:54:21.850+0000] {processor.py:914} INFO - Processing file /home/airflow/.local/lib/python3.12/site-packages/airflow/example_dags/example_branch_labels.py for tasks to queue
[2025-01-17T10:54:21.853+0000] {logging_mixin.py:190} INFO - [2025-01-17T10:54:21.852+0000] {dagbag.py:588} INFO - Filling up the DagBag from /home/airflow/.local/lib/python3.12/site-packages/airflow/example_dags/example_branch_labels.py
[2025-01-17T10:54:21.862+0000] {processor.py:925} INFO - DAG(s) 'example_branch_labels' retrieved from /home/airflow/.local/lib/python3.12/site-packages/airflow/example_dags/example_branch_labels.py
[2025-01-17T10:54:21.884+0000] {logging_mixin.py:190} INFO - [2025-01-17T10:54:21.884+0000] {dag.py:3239} INFO - Sync 1 DAGs
[2025-01-17T10:54:21.909+0000] {logging_mixin.py:190} INFO - [2025-01-17T10:54:21.909+0000] {dag.py:4180} INFO - Setting next_dagrun for example_branch_labels to 2025-01-16 00:00:00+00:00, run_after=2025-01-17 00:00:00+00:00
[2025-01-17T10:54:21.932+0000] {processor.py:208} INFO - Processing /home/airflow/.local/lib/python3.12/site-packages/airflow/example_dags/example_branch_labels.py took 0.089 seconds
[2025-01-17T10:54:53.056+0000] {processor.py:186} INFO - Started process (PID=439) to work on /home/airflow/.local/lib/python3.12/site-packages/airflow/example_dags/example_branch_labels.py
[2025-01-17T10:54:53.057+0000] {processor.py:914} INFO - Processing file /home/airflow/.local/lib/python3.12/site-packages/airflow/example_dags/example_branch_labels.py for tasks to queue
[2025-01-17T10:54:53.060+0000] {logging_mixin.py:190} INFO - [2025-01-17T10:54:53.060+0000] {dagbag.py:588} INFO - Filling up the DagBag from /home/airflow/.local/lib/python3.12/site-packages/airflow/example_dags/example_branch_labels.py
[2025-01-17T10:54:53.070+0000] {processor.py:925} INFO - DAG(s) 'example_branch_labels' retrieved from /home/airflow/.local/lib/python3.12/site-packages/airflow/example_dags/example_branch_labels.py
[2025-01-17T10:54:53.092+0000] {logging_mixin.py:190} INFO - [2025-01-17T10:54:53.091+0000] {dag.py:3239} INFO - Sync 1 DAGs
[2025-01-17T10:54:53.116+0000] {logging_mixin.py:190} INFO - [2025-01-17T10:54:53.115+0000] {dag.py:4180} INFO - Setting next_dagrun for example_branch_labels to 2025-01-16 00:00:00+00:00, run_after=2025-01-17 00:00:00+00:00
[2025-01-17T10:54:53.139+0000] {processor.py:208} INFO - Processing /home/airflow/.local/lib/python3.12/site-packages/airflow/example_dags/example_branch_labels.py took 0.088 seconds
[2025-01-17T10:55:24.439+0000] {processor.py:186} INFO - Started process (PID=503) to work on /home/airflow/.local/lib/python3.12/site-packages/airflow/example_dags/example_branch_labels.py
[2025-01-17T10:55:24.441+0000] {processor.py:914} INFO - Processing file /home/airflow/.local/lib/python3.12/site-packages/airflow/example_dags/example_branch_labels.py for tasks to queue
[2025-01-17T10:55:24.444+0000] {logging_mixin.py:190} INFO - [2025-01-17T10:55:24.444+0000] {dagbag.py:588} INFO - Filling up the DagBag from /home/airflow/.local/lib/python3.12/site-packages/airflow/example_dags/example_branch_labels.py
[2025-01-17T10:55:24.455+0000] {processor.py:925} INFO - DAG(s) 'example_branch_labels' retrieved from /home/airflow/.local/lib/python3.12/site-packages/airflow/example_dags/example_branch_labels.py
[2025-01-17T10:55:24.481+0000] {logging_mixin.py:190} INFO - [2025-01-17T10:55:24.480+0000] {dag.py:3239} INFO - Sync 1 DAGs
[2025-01-17T10:55:24.505+0000] {logging_mixin.py:190} INFO - [2025-01-17T10:55:24.505+0000] {dag.py:4180} INFO - Setting next_dagrun for example_branch_labels to 2025-01-16 00:00:00+00:00, run_after=2025-01-17 00:00:00+00:00
[2025-01-17T10:55:24.530+0000] {processor.py:208} INFO - Processing /home/airflow/.local/lib/python3.12/site-packages/airflow/example_dags/example_branch_labels.py took 0.097 seconds
[2025-01-17T10:55:55.802+0000] {processor.py:186} INFO - Started process (PID=568) to work on /home/airflow/.local/lib/python3.12/site-packages/airflow/example_dags/example_branch_labels.py
[2025-01-17T10:55:55.803+0000] {processor.py:914} INFO - Processing file /home/airflow/.local/lib/python3.12/site-packages/airflow/example_dags/example_branch_labels.py for tasks to queue
[2025-01-17T10:55:55.806+0000] {logging_mixin.py:190} INFO - [2025-01-17T10:55:55.806+0000] {dagbag.py:588} INFO - Filling up the DagBag from /home/airflow/.local/lib/python3.12/site-packages/airflow/example_dags/example_branch_labels.py
[2025-01-17T10:55:55.816+0000] {processor.py:925} INFO - DAG(s) 'example_branch_labels' retrieved from /home/airflow/.local/lib/python3.12/site-packages/airflow/example_dags/example_branch_labels.py
[2025-01-17T10:55:55.837+0000] {logging_mixin.py:190} INFO - [2025-01-17T10:55:55.836+0000] {dag.py:3239} INFO - Sync 1 DAGs
[2025-01-17T10:55:55.862+0000] {logging_mixin.py:190} INFO - [2025-01-17T10:55:55.862+0000] {dag.py:4180} INFO - Setting next_dagrun for example_branch_labels to 2025-01-16 00:00:00+00:00, run_after=2025-01-17 00:00:00+00:00
[2025-01-17T10:55:55.884+0000] {processor.py:208} INFO - Processing /home/airflow/.local/lib/python3.12/site-packages/airflow/example_dags/example_branch_labels.py took 0.087 seconds
[2025-01-17T10:56:27.060+0000] {processor.py:186} INFO - Started process (PID=632) to work on /home/airflow/.local/lib/python3.12/site-packages/airflow/example_dags/example_branch_labels.py
[2025-01-17T10:56:27.061+0000] {processor.py:914} INFO - Processing file /home/airflow/.local/lib/python3.12/site-packages/airflow/example_dags/example_branch_labels.py for tasks to queue
[2025-01-17T10:56:27.064+0000] {logging_mixin.py:190} INFO - [2025-01-17T10:56:27.064+0000] {dagbag.py:588} INFO - Filling up the DagBag from /home/airflow/.local/lib/python3.12/site-packages/airflow/example_dags/example_branch_labels.py
[2025-01-17T10:56:27.073+0000] {processor.py:925} INFO - DAG(s) 'example_branch_labels' retrieved from /home/airflow/.local/lib/python3.12/site-packages/airflow/example_dags/example_branch_labels.py
[2025-01-17T10:56:27.096+0000] {logging_mixin.py:190} INFO - [2025-01-17T10:56:27.095+0000] {dag.py:3239} INFO - Sync 1 DAGs
[2025-01-17T10:56:27.122+0000] {logging_mixin.py:190} INFO - [2025-01-17T10:56:27.121+0000] {dag.py:4180} INFO - Setting next_dagrun for example_branch_labels to 2025-01-16 00:00:00+00:00, run_after=2025-01-17 00:00:00+00:00
[2025-01-17T10:56:27.145+0000] {processor.py:208} INFO - Processing /home/airflow/.local/lib/python3.12/site-packages/airflow/example_dags/example_branch_labels.py took 0.090 seconds
[2025-01-17T10:56:58.792+0000] {processor.py:186} INFO - Started process (PID=698) to work on /home/airflow/.local/lib/python3.12/site-packages/airflow/example_dags/example_branch_labels.py
[2025-01-17T10:56:58.793+0000] {processor.py:914} INFO - Processing file /home/airflow/.local/lib/python3.12/site-packages/airflow/example_dags/example_branch_labels.py for tasks to queue
[2025-01-17T10:56:58.796+0000] {logging_mixin.py:190} INFO - [2025-01-17T10:56:58.796+0000] {dagbag.py:588} INFO - Filling up the DagBag from /home/airflow/.local/lib/python3.12/site-packages/airflow/example_dags/example_branch_labels.py
[2025-01-17T10:56:58.807+0000] {processor.py:925} INFO - DAG(s) 'example_branch_labels' retrieved from /home/airflow/.local/lib/python3.12/site-packages/airflow/example_dags/example_branch_labels.py
[2025-01-17T10:56:58.835+0000] {logging_mixin.py:190} INFO - [2025-01-17T10:56:58.835+0000] {dag.py:3239} INFO - Sync 1 DAGs
[2025-01-17T10:56:58.862+0000] {logging_mixin.py:190} INFO - [2025-01-17T10:56:58.862+0000] {dag.py:4180} INFO - Setting next_dagrun for example_branch_labels to 2025-01-16 00:00:00+00:00, run_after=2025-01-17 00:00:00+00:00
[2025-01-17T10:56:58.890+0000] {processor.py:208} INFO - Processing /home/airflow/.local/lib/python3.12/site-packages/airflow/example_dags/example_branch_labels.py took 0.104 seconds
[2025-01-17T10:57:29.447+0000] {processor.py:186} INFO - Started process (PID=761) to work on /home/airflow/.local/lib/python3.12/site-packages/airflow/example_dags/example_branch_labels.py
[2025-01-17T10:57:29.449+0000] {processor.py:914} INFO - Processing file /home/airflow/.local/lib/python3.12/site-packages/airflow/example_dags/example_branch_labels.py for tasks to queue
[2025-01-17T10:57:29.452+0000] {logging_mixin.py:190} INFO - [2025-01-17T10:57:29.451+0000] {dagbag.py:588} INFO - Filling up the DagBag from /home/airflow/.local/lib/python3.12/site-packages/airflow/example_dags/example_branch_labels.py
[2025-01-17T10:57:29.462+0000] {processor.py:925} INFO - DAG(s) 'example_branch_labels' retrieved from /home/airflow/.local/lib/python3.12/site-packages/airflow/example_dags/example_branch_labels.py
[2025-01-17T10:57:29.484+0000] {logging_mixin.py:190} INFO - [2025-01-17T10:57:29.484+0000] {dag.py:3239} INFO - Sync 1 DAGs
[2025-01-17T10:57:29.510+0000] {logging_mixin.py:190} INFO - [2025-01-17T10:57:29.510+0000] {dag.py:4180} INFO - Setting next_dagrun for example_branch_labels to 2025-01-16 00:00:00+00:00, run_after=2025-01-17 00:00:00+00:00
[2025-01-17T10:57:29.532+0000] {processor.py:208} INFO - Processing /home/airflow/.local/lib/python3.12/site-packages/airflow/example_dags/example_branch_labels.py took 0.091 seconds
[2025-01-17T10:58:01.130+0000] {processor.py:186} INFO - Started process (PID=826) to work on /home/airflow/.local/lib/python3.12/site-packages/airflow/example_dags/example_branch_labels.py
[2025-01-17T10:58:01.131+0000] {processor.py:914} INFO - Processing file /home/airflow/.local/lib/python3.12/site-packages/airflow/example_dags/example_branch_labels.py for tasks to queue
[2025-01-17T10:58:01.134+0000] {logging_mixin.py:190} INFO - [2025-01-17T10:58:01.134+0000] {dagbag.py:588} INFO - Filling up the DagBag from /home/airflow/.local/lib/python3.12/site-packages/airflow/example_dags/example_branch_labels.py
[2025-01-17T10:58:01.143+0000] {processor.py:925} INFO - DAG(s) 'example_branch_labels' retrieved from /home/airflow/.local/lib/python3.12/site-packages/airflow/example_dags/example_branch_labels.py
[2025-01-17T10:58:01.165+0000] {logging_mixin.py:190} INFO - [2025-01-17T10:58:01.165+0000] {dag.py:3239} INFO - Sync 1 DAGs
[2025-01-17T10:58:01.192+0000] {logging_mixin.py:190} INFO - [2025-01-17T10:58:01.191+0000] {dag.py:4180} INFO - Setting next_dagrun for example_branch_labels to 2025-01-16 00:00:00+00:00, run_after=2025-01-17 00:00:00+00:00
[2025-01-17T10:58:01.213+0000] {processor.py:208} INFO - Processing /home/airflow/.local/lib/python3.12/site-packages/airflow/example_dags/example_branch_labels.py took 0.089 seconds
[2025-01-17T10:58:33.124+0000] {processor.py:186} INFO - Started process (PID=889) to work on /home/airflow/.local/lib/python3.12/site-packages/airflow/example_dags/example_branch_labels.py
[2025-01-17T10:58:33.126+0000] {processor.py:914} INFO - Processing file /home/airflow/.local/lib/python3.12/site-packages/airflow/example_dags/example_branch_labels.py for tasks to queue
[2025-01-17T10:58:33.128+0000] {logging_mixin.py:190} INFO - [2025-01-17T10:58:33.128+0000] {dagbag.py:588} INFO - Filling up the DagBag from /home/airflow/.local/lib/python3.12/site-packages/airflow/example_dags/example_branch_labels.py
[2025-01-17T10:58:33.139+0000] {processor.py:925} INFO - DAG(s) 'example_branch_labels' retrieved from /home/airflow/.local/lib/python3.12/site-packages/airflow/example_dags/example_branch_labels.py
[2025-01-17T10:58:33.162+0000] {logging_mixin.py:190} INFO - [2025-01-17T10:58:33.162+0000] {dag.py:3239} INFO - Sync 1 DAGs
[2025-01-17T10:58:33.187+0000] {logging_mixin.py:190} INFO - [2025-01-17T10:58:33.187+0000] {dag.py:4180} INFO - Setting next_dagrun for example_branch_labels to 2025-01-16 00:00:00+00:00, run_after=2025-01-17 00:00:00+00:00
[2025-01-17T10:58:33.212+0000] {processor.py:208} INFO - Processing /home/airflow/.local/lib/python3.12/site-packages/airflow/example_dags/example_branch_labels.py took 0.093 seconds
[2025-01-17T10:59:03.507+0000] {processor.py:186} INFO - Started process (PID=953) to work on /home/airflow/.local/lib/python3.12/site-packages/airflow/example_dags/example_branch_labels.py
[2025-01-17T10:59:03.508+0000] {processor.py:914} INFO - Processing file /home/airflow/.local/lib/python3.12/site-packages/airflow/example_dags/example_branch_labels.py for tasks to queue
[2025-01-17T10:59:03.511+0000] {logging_mixin.py:190} INFO - [2025-01-17T10:59:03.511+0000] {dagbag.py:588} INFO - Filling up the DagBag from /home/airflow/.local/lib/python3.12/site-packages/airflow/example_dags/example_branch_labels.py
[2025-01-17T10:59:03.520+0000] {processor.py:925} INFO - DAG(s) 'example_branch_labels' retrieved from /home/airflow/.local/lib/python3.12/site-packages/airflow/example_dags/example_branch_labels.py
[2025-01-17T10:59:03.544+0000] {logging_mixin.py:190} INFO - [2025-01-17T10:59:03.543+0000] {dag.py:3239} INFO - Sync 1 DAGs
[2025-01-17T10:59:03.571+0000] {logging_mixin.py:190} INFO - [2025-01-17T10:59:03.570+0000] {dag.py:4180} INFO - Setting next_dagrun for example_branch_labels to 2025-01-16 00:00:00+00:00, run_after=2025-01-17 00:00:00+00:00
[2025-01-17T10:59:03.592+0000] {processor.py:208} INFO - Processing /home/airflow/.local/lib/python3.12/site-packages/airflow/example_dags/example_branch_labels.py took 0.091 seconds
[2025-01-17T10:59:34.930+0000] {processor.py:186} INFO - Started process (PID=1017) to work on /home/airflow/.local/lib/python3.12/site-packages/airflow/example_dags/example_branch_labels.py
[2025-01-17T10:59:34.932+0000] {processor.py:914} INFO - Processing file /home/airflow/.local/lib/python3.12/site-packages/airflow/example_dags/example_branch_labels.py for tasks to queue
[2025-01-17T10:59:34.934+0000] {logging_mixin.py:190} INFO - [2025-01-17T10:59:34.934+0000] {dagbag.py:588} INFO - Filling up the DagBag from /home/airflow/.local/lib/python3.12/site-packages/airflow/example_dags/example_branch_labels.py
[2025-01-17T10:59:34.944+0000] {processor.py:925} INFO - DAG(s) 'example_branch_labels' retrieved from /home/airflow/.local/lib/python3.12/site-packages/airflow/example_dags/example_branch_labels.py
[2025-01-17T10:59:34.968+0000] {logging_mixin.py:190} INFO - [2025-01-17T10:59:34.968+0000] {dag.py:3239} INFO - Sync 1 DAGs
[2025-01-17T10:59:34.993+0000] {logging_mixin.py:190} INFO - [2025-01-17T10:59:34.993+0000] {dag.py:4180} INFO - Setting next_dagrun for example_branch_labels to 2025-01-16 00:00:00+00:00, run_after=2025-01-17 00:00:00+00:00
[2025-01-17T10:59:35.018+0000] {processor.py:208} INFO - Processing /home/airflow/.local/lib/python3.12/site-packages/airflow/example_dags/example_branch_labels.py took 0.093 seconds
[2025-01-17T11:22:03.885+0000] {processor.py:186} INFO - Started process (PID=112) to work on /home/airflow/.local/lib/python3.12/site-packages/airflow/example_dags/example_branch_labels.py
[2025-01-17T11:22:03.887+0000] {processor.py:914} INFO - Processing file /home/airflow/.local/lib/python3.12/site-packages/airflow/example_dags/example_branch_labels.py for tasks to queue
[2025-01-17T11:22:03.890+0000] {logging_mixin.py:190} INFO - [2025-01-17T11:22:03.889+0000] {dagbag.py:588} INFO - Filling up the DagBag from /home/airflow/.local/lib/python3.12/site-packages/airflow/example_dags/example_branch_labels.py
[2025-01-17T11:22:03.899+0000] {processor.py:925} INFO - DAG(s) 'example_branch_labels' retrieved from /home/airflow/.local/lib/python3.12/site-packages/airflow/example_dags/example_branch_labels.py
[2025-01-17T11:22:03.922+0000] {logging_mixin.py:190} INFO - [2025-01-17T11:22:03.922+0000] {dag.py:3239} INFO - Sync 1 DAGs
[2025-01-17T11:22:03.949+0000] {logging_mixin.py:190} INFO - [2025-01-17T11:22:03.949+0000] {dag.py:4180} INFO - Setting next_dagrun for example_branch_labels to 2025-01-16 00:00:00+00:00, run_after=2025-01-17 00:00:00+00:00
[2025-01-17T11:22:03.972+0000] {processor.py:208} INFO - Processing /home/airflow/.local/lib/python3.12/site-packages/airflow/example_dags/example_branch_labels.py took 0.092 seconds
[2025-01-17T11:22:34.706+0000] {processor.py:186} INFO - Started process (PID=176) to work on /home/airflow/.local/lib/python3.12/site-packages/airflow/example_dags/example_branch_labels.py
[2025-01-17T11:22:34.708+0000] {processor.py:914} INFO - Processing file /home/airflow/.local/lib/python3.12/site-packages/airflow/example_dags/example_branch_labels.py for tasks to queue
[2025-01-17T11:22:34.711+0000] {logging_mixin.py:190} INFO - [2025-01-17T11:22:34.710+0000] {dagbag.py:588} INFO - Filling up the DagBag from /home/airflow/.local/lib/python3.12/site-packages/airflow/example_dags/example_branch_labels.py
[2025-01-17T11:22:34.720+0000] {processor.py:925} INFO - DAG(s) 'example_branch_labels' retrieved from /home/airflow/.local/lib/python3.12/site-packages/airflow/example_dags/example_branch_labels.py
[2025-01-17T11:22:34.744+0000] {logging_mixin.py:190} INFO - [2025-01-17T11:22:34.744+0000] {dag.py:3239} INFO - Sync 1 DAGs
[2025-01-17T11:22:34.770+0000] {logging_mixin.py:190} INFO - [2025-01-17T11:22:34.770+0000] {dag.py:4180} INFO - Setting next_dagrun for example_branch_labels to 2025-01-16 00:00:00+00:00, run_after=2025-01-17 00:00:00+00:00
[2025-01-17T11:22:34.796+0000] {processor.py:208} INFO - Processing /home/airflow/.local/lib/python3.12/site-packages/airflow/example_dags/example_branch_labels.py took 0.094 seconds
[2025-01-17T11:23:05.710+0000] {processor.py:186} INFO - Started process (PID=239) to work on /home/airflow/.local/lib/python3.12/site-packages/airflow/example_dags/example_branch_labels.py
[2025-01-17T11:23:05.711+0000] {processor.py:914} INFO - Processing file /home/airflow/.local/lib/python3.12/site-packages/airflow/example_dags/example_branch_labels.py for tasks to queue
[2025-01-17T11:23:05.714+0000] {logging_mixin.py:190} INFO - [2025-01-17T11:23:05.713+0000] {dagbag.py:588} INFO - Filling up the DagBag from /home/airflow/.local/lib/python3.12/site-packages/airflow/example_dags/example_branch_labels.py
[2025-01-17T11:23:05.723+0000] {processor.py:925} INFO - DAG(s) 'example_branch_labels' retrieved from /home/airflow/.local/lib/python3.12/site-packages/airflow/example_dags/example_branch_labels.py
[2025-01-17T11:23:05.745+0000] {logging_mixin.py:190} INFO - [2025-01-17T11:23:05.745+0000] {dag.py:3239} INFO - Sync 1 DAGs
[2025-01-17T11:23:05.770+0000] {logging_mixin.py:190} INFO - [2025-01-17T11:23:05.769+0000] {dag.py:4180} INFO - Setting next_dagrun for example_branch_labels to 2025-01-16 00:00:00+00:00, run_after=2025-01-17 00:00:00+00:00
[2025-01-17T11:23:05.794+0000] {processor.py:208} INFO - Processing /home/airflow/.local/lib/python3.12/site-packages/airflow/example_dags/example_branch_labels.py took 0.089 seconds
[2025-01-17T11:23:37.520+0000] {processor.py:186} INFO - Started process (PID=303) to work on /home/airflow/.local/lib/python3.12/site-packages/airflow/example_dags/example_branch_labels.py
[2025-01-17T11:23:37.521+0000] {processor.py:914} INFO - Processing file /home/airflow/.local/lib/python3.12/site-packages/airflow/example_dags/example_branch_labels.py for tasks to queue
[2025-01-17T11:23:37.524+0000] {logging_mixin.py:190} INFO - [2025-01-17T11:23:37.524+0000] {dagbag.py:588} INFO - Filling up the DagBag from /home/airflow/.local/lib/python3.12/site-packages/airflow/example_dags/example_branch_labels.py
[2025-01-17T11:23:37.533+0000] {processor.py:925} INFO - DAG(s) 'example_branch_labels' retrieved from /home/airflow/.local/lib/python3.12/site-packages/airflow/example_dags/example_branch_labels.py
[2025-01-17T11:23:37.558+0000] {logging_mixin.py:190} INFO - [2025-01-17T11:23:37.557+0000] {dag.py:3239} INFO - Sync 1 DAGs
[2025-01-17T11:23:37.587+0000] {logging_mixin.py:190} INFO - [2025-01-17T11:23:37.586+0000] {dag.py:4180} INFO - Setting next_dagrun for example_branch_labels to 2025-01-16 00:00:00+00:00, run_after=2025-01-17 00:00:00+00:00
[2025-01-17T11:23:37.611+0000] {processor.py:208} INFO - Processing /home/airflow/.local/lib/python3.12/site-packages/airflow/example_dags/example_branch_labels.py took 0.096 seconds
[2025-01-17T11:24:09.054+0000] {processor.py:186} INFO - Started process (PID=367) to work on /home/airflow/.local/lib/python3.12/site-packages/airflow/example_dags/example_branch_labels.py
[2025-01-17T11:24:09.055+0000] {processor.py:914} INFO - Processing file /home/airflow/.local/lib/python3.12/site-packages/airflow/example_dags/example_branch_labels.py for tasks to queue
[2025-01-17T11:24:09.057+0000] {logging_mixin.py:190} INFO - [2025-01-17T11:24:09.057+0000] {dagbag.py:588} INFO - Filling up the DagBag from /home/airflow/.local/lib/python3.12/site-packages/airflow/example_dags/example_branch_labels.py
[2025-01-17T11:24:09.067+0000] {processor.py:925} INFO - DAG(s) 'example_branch_labels' retrieved from /home/airflow/.local/lib/python3.12/site-packages/airflow/example_dags/example_branch_labels.py
[2025-01-17T11:24:09.092+0000] {logging_mixin.py:190} INFO - [2025-01-17T11:24:09.091+0000] {dag.py:3239} INFO - Sync 1 DAGs
[2025-01-17T11:24:09.120+0000] {logging_mixin.py:190} INFO - [2025-01-17T11:24:09.119+0000] {dag.py:4180} INFO - Setting next_dagrun for example_branch_labels to 2025-01-16 00:00:00+00:00, run_after=2025-01-17 00:00:00+00:00
[2025-01-17T11:24:09.144+0000] {processor.py:208} INFO - Processing /home/airflow/.local/lib/python3.12/site-packages/airflow/example_dags/example_branch_labels.py took 0.096 seconds
[2025-01-17T11:24:40.274+0000] {processor.py:186} INFO - Started process (PID=432) to work on /home/airflow/.local/lib/python3.12/site-packages/airflow/example_dags/example_branch_labels.py
[2025-01-17T11:24:40.275+0000] {processor.py:914} INFO - Processing file /home/airflow/.local/lib/python3.12/site-packages/airflow/example_dags/example_branch_labels.py for tasks to queue
[2025-01-17T11:24:40.278+0000] {logging_mixin.py:190} INFO - [2025-01-17T11:24:40.278+0000] {dagbag.py:588} INFO - Filling up the DagBag from /home/airflow/.local/lib/python3.12/site-packages/airflow/example_dags/example_branch_labels.py
[2025-01-17T11:24:40.290+0000] {processor.py:925} INFO - DAG(s) 'example_branch_labels' retrieved from /home/airflow/.local/lib/python3.12/site-packages/airflow/example_dags/example_branch_labels.py
[2025-01-17T11:24:40.316+0000] {logging_mixin.py:190} INFO - [2025-01-17T11:24:40.315+0000] {dag.py:3239} INFO - Sync 1 DAGs
[2025-01-17T11:24:40.340+0000] {logging_mixin.py:190} INFO - [2025-01-17T11:24:40.340+0000] {dag.py:4180} INFO - Setting next_dagrun for example_branch_labels to 2025-01-16 00:00:00+00:00, run_after=2025-01-17 00:00:00+00:00
[2025-01-17T11:24:40.365+0000] {processor.py:208} INFO - Processing /home/airflow/.local/lib/python3.12/site-packages/airflow/example_dags/example_branch_labels.py took 0.096 seconds
[2025-01-17T11:25:11.838+0000] {processor.py:186} INFO - Started process (PID=496) to work on /home/airflow/.local/lib/python3.12/site-packages/airflow/example_dags/example_branch_labels.py
[2025-01-17T11:25:11.839+0000] {processor.py:914} INFO - Processing file /home/airflow/.local/lib/python3.12/site-packages/airflow/example_dags/example_branch_labels.py for tasks to queue
[2025-01-17T11:25:11.842+0000] {logging_mixin.py:190} INFO - [2025-01-17T11:25:11.841+0000] {dagbag.py:588} INFO - Filling up the DagBag from /home/airflow/.local/lib/python3.12/site-packages/airflow/example_dags/example_branch_labels.py
[2025-01-17T11:25:11.852+0000] {processor.py:925} INFO - DAG(s) 'example_branch_labels' retrieved from /home/airflow/.local/lib/python3.12/site-packages/airflow/example_dags/example_branch_labels.py
[2025-01-17T11:25:11.881+0000] {logging_mixin.py:190} INFO - [2025-01-17T11:25:11.880+0000] {dag.py:3239} INFO - Sync 1 DAGs
[2025-01-17T11:25:11.908+0000] {logging_mixin.py:190} INFO - [2025-01-17T11:25:11.908+0000] {dag.py:4180} INFO - Setting next_dagrun for example_branch_labels to 2025-01-16 00:00:00+00:00, run_after=2025-01-17 00:00:00+00:00
[2025-01-17T11:25:11.950+0000] {processor.py:208} INFO - Processing /home/airflow/.local/lib/python3.12/site-packages/airflow/example_dags/example_branch_labels.py took 0.119 seconds
[2025-01-17T11:25:43.378+0000] {processor.py:186} INFO - Started process (PID=561) to work on /home/airflow/.local/lib/python3.12/site-packages/airflow/example_dags/example_branch_labels.py
[2025-01-17T11:25:43.379+0000] {processor.py:914} INFO - Processing file /home/airflow/.local/lib/python3.12/site-packages/airflow/example_dags/example_branch_labels.py for tasks to queue
[2025-01-17T11:25:43.382+0000] {logging_mixin.py:190} INFO - [2025-01-17T11:25:43.382+0000] {dagbag.py:588} INFO - Filling up the DagBag from /home/airflow/.local/lib/python3.12/site-packages/airflow/example_dags/example_branch_labels.py
[2025-01-17T11:25:43.391+0000] {processor.py:925} INFO - DAG(s) 'example_branch_labels' retrieved from /home/airflow/.local/lib/python3.12/site-packages/airflow/example_dags/example_branch_labels.py
[2025-01-17T11:25:43.414+0000] {logging_mixin.py:190} INFO - [2025-01-17T11:25:43.414+0000] {dag.py:3239} INFO - Sync 1 DAGs
[2025-01-17T11:25:43.439+0000] {logging_mixin.py:190} INFO - [2025-01-17T11:25:43.438+0000] {dag.py:4180} INFO - Setting next_dagrun for example_branch_labels to 2025-01-16 00:00:00+00:00, run_after=2025-01-17 00:00:00+00:00
[2025-01-17T11:25:43.465+0000] {processor.py:208} INFO - Processing /home/airflow/.local/lib/python3.12/site-packages/airflow/example_dags/example_branch_labels.py took 0.092 seconds
[2025-01-17T11:26:13.662+0000] {processor.py:186} INFO - Started process (PID=624) to work on /home/airflow/.local/lib/python3.12/site-packages/airflow/example_dags/example_branch_labels.py
[2025-01-17T11:26:13.664+0000] {processor.py:914} INFO - Processing file /home/airflow/.local/lib/python3.12/site-packages/airflow/example_dags/example_branch_labels.py for tasks to queue
[2025-01-17T11:26:13.666+0000] {logging_mixin.py:190} INFO - [2025-01-17T11:26:13.666+0000] {dagbag.py:588} INFO - Filling up the DagBag from /home/airflow/.local/lib/python3.12/site-packages/airflow/example_dags/example_branch_labels.py
[2025-01-17T11:26:13.676+0000] {processor.py:925} INFO - DAG(s) 'example_branch_labels' retrieved from /home/airflow/.local/lib/python3.12/site-packages/airflow/example_dags/example_branch_labels.py
[2025-01-17T11:26:13.700+0000] {logging_mixin.py:190} INFO - [2025-01-17T11:26:13.700+0000] {dag.py:3239} INFO - Sync 1 DAGs
[2025-01-17T11:26:13.725+0000] {logging_mixin.py:190} INFO - [2025-01-17T11:26:13.725+0000] {dag.py:4180} INFO - Setting next_dagrun for example_branch_labels to 2025-01-16 00:00:00+00:00, run_after=2025-01-17 00:00:00+00:00
[2025-01-17T11:26:13.746+0000] {processor.py:208} INFO - Processing /home/airflow/.local/lib/python3.12/site-packages/airflow/example_dags/example_branch_labels.py took 0.089 seconds
[2025-01-17T11:26:45.057+0000] {processor.py:186} INFO - Started process (PID=688) to work on /home/airflow/.local/lib/python3.12/site-packages/airflow/example_dags/example_branch_labels.py
[2025-01-17T11:26:45.058+0000] {processor.py:914} INFO - Processing file /home/airflow/.local/lib/python3.12/site-packages/airflow/example_dags/example_branch_labels.py for tasks to queue
[2025-01-17T11:26:45.061+0000] {logging_mixin.py:190} INFO - [2025-01-17T11:26:45.060+0000] {dagbag.py:588} INFO - Filling up the DagBag from /home/airflow/.local/lib/python3.12/site-packages/airflow/example_dags/example_branch_labels.py
[2025-01-17T11:26:45.071+0000] {processor.py:925} INFO - DAG(s) 'example_branch_labels' retrieved from /home/airflow/.local/lib/python3.12/site-packages/airflow/example_dags/example_branch_labels.py
[2025-01-17T11:26:45.095+0000] {logging_mixin.py:190} INFO - [2025-01-17T11:26:45.095+0000] {dag.py:3239} INFO - Sync 1 DAGs
[2025-01-17T11:26:45.122+0000] {logging_mixin.py:190} INFO - [2025-01-17T11:26:45.121+0000] {dag.py:4180} INFO - Setting next_dagrun for example_branch_labels to 2025-01-16 00:00:00+00:00, run_after=2025-01-17 00:00:00+00:00
[2025-01-17T11:26:45.146+0000] {processor.py:208} INFO - Processing /home/airflow/.local/lib/python3.12/site-packages/airflow/example_dags/example_branch_labels.py took 0.095 seconds
[2025-01-17T11:27:16.782+0000] {processor.py:186} INFO - Started process (PID=753) to work on /home/airflow/.local/lib/python3.12/site-packages/airflow/example_dags/example_branch_labels.py
[2025-01-17T11:27:16.783+0000] {processor.py:914} INFO - Processing file /home/airflow/.local/lib/python3.12/site-packages/airflow/example_dags/example_branch_labels.py for tasks to queue
[2025-01-17T11:27:16.786+0000] {logging_mixin.py:190} INFO - [2025-01-17T11:27:16.786+0000] {dagbag.py:588} INFO - Filling up the DagBag from /home/airflow/.local/lib/python3.12/site-packages/airflow/example_dags/example_branch_labels.py
[2025-01-17T11:27:16.796+0000] {processor.py:925} INFO - DAG(s) 'example_branch_labels' retrieved from /home/airflow/.local/lib/python3.12/site-packages/airflow/example_dags/example_branch_labels.py
[2025-01-17T11:27:16.820+0000] {logging_mixin.py:190} INFO - [2025-01-17T11:27:16.820+0000] {dag.py:3239} INFO - Sync 1 DAGs
[2025-01-17T11:27:16.849+0000] {logging_mixin.py:190} INFO - [2025-01-17T11:27:16.849+0000] {dag.py:4180} INFO - Setting next_dagrun for example_branch_labels to 2025-01-16 00:00:00+00:00, run_after=2025-01-17 00:00:00+00:00
[2025-01-17T11:27:16.871+0000] {processor.py:208} INFO - Processing /home/airflow/.local/lib/python3.12/site-packages/airflow/example_dags/example_branch_labels.py took 0.095 seconds
[2025-01-17T11:27:49.373+0000] {processor.py:186} INFO - Started process (PID=817) to work on /home/airflow/.local/lib/python3.12/site-packages/airflow/example_dags/example_branch_labels.py
[2025-01-17T11:27:49.374+0000] {processor.py:914} INFO - Processing file /home/airflow/.local/lib/python3.12/site-packages/airflow/example_dags/example_branch_labels.py for tasks to queue
[2025-01-17T11:27:49.377+0000] {logging_mixin.py:190} INFO - [2025-01-17T11:27:49.377+0000] {dagbag.py:588} INFO - Filling up the DagBag from /home/airflow/.local/lib/python3.12/site-packages/airflow/example_dags/example_branch_labels.py
[2025-01-17T11:27:49.387+0000] {processor.py:925} INFO - DAG(s) 'example_branch_labels' retrieved from /home/airflow/.local/lib/python3.12/site-packages/airflow/example_dags/example_branch_labels.py
[2025-01-17T11:27:49.410+0000] {logging_mixin.py:190} INFO - [2025-01-17T11:27:49.409+0000] {dag.py:3239} INFO - Sync 1 DAGs
[2025-01-17T11:27:49.435+0000] {logging_mixin.py:190} INFO - [2025-01-17T11:27:49.434+0000] {dag.py:4180} INFO - Setting next_dagrun for example_branch_labels to 2025-01-16 00:00:00+00:00, run_after=2025-01-17 00:00:00+00:00
[2025-01-17T11:27:49.460+0000] {processor.py:208} INFO - Processing /home/airflow/.local/lib/python3.12/site-packages/airflow/example_dags/example_branch_labels.py took 0.092 seconds
[2025-01-17T11:28:20.017+0000] {processor.py:186} INFO - Started process (PID=881) to work on /home/airflow/.local/lib/python3.12/site-packages/airflow/example_dags/example_branch_labels.py
[2025-01-17T11:28:20.019+0000] {processor.py:914} INFO - Processing file /home/airflow/.local/lib/python3.12/site-packages/airflow/example_dags/example_branch_labels.py for tasks to queue
[2025-01-17T11:28:20.021+0000] {logging_mixin.py:190} INFO - [2025-01-17T11:28:20.021+0000] {dagbag.py:588} INFO - Filling up the DagBag from /home/airflow/.local/lib/python3.12/site-packages/airflow/example_dags/example_branch_labels.py
[2025-01-17T11:28:20.031+0000] {processor.py:925} INFO - DAG(s) 'example_branch_labels' retrieved from /home/airflow/.local/lib/python3.12/site-packages/airflow/example_dags/example_branch_labels.py
[2025-01-17T11:28:20.056+0000] {logging_mixin.py:190} INFO - [2025-01-17T11:28:20.056+0000] {dag.py:3239} INFO - Sync 1 DAGs
[2025-01-17T11:28:20.083+0000] {logging_mixin.py:190} INFO - [2025-01-17T11:28:20.083+0000] {dag.py:4180} INFO - Setting next_dagrun for example_branch_labels to 2025-01-16 00:00:00+00:00, run_after=2025-01-17 00:00:00+00:00
[2025-01-17T11:28:20.108+0000] {processor.py:208} INFO - Processing /home/airflow/.local/lib/python3.12/site-packages/airflow/example_dags/example_branch_labels.py took 0.096 seconds
[2025-01-17T11:28:50.840+0000] {processor.py:186} INFO - Started process (PID=946) to work on /home/airflow/.local/lib/python3.12/site-packages/airflow/example_dags/example_branch_labels.py
[2025-01-17T11:28:50.841+0000] {processor.py:914} INFO - Processing file /home/airflow/.local/lib/python3.12/site-packages/airflow/example_dags/example_branch_labels.py for tasks to queue
[2025-01-17T11:28:50.844+0000] {logging_mixin.py:190} INFO - [2025-01-17T11:28:50.843+0000] {dagbag.py:588} INFO - Filling up the DagBag from /home/airflow/.local/lib/python3.12/site-packages/airflow/example_dags/example_branch_labels.py
[2025-01-17T11:28:50.854+0000] {processor.py:925} INFO - DAG(s) 'example_branch_labels' retrieved from /home/airflow/.local/lib/python3.12/site-packages/airflow/example_dags/example_branch_labels.py
[2025-01-17T11:28:50.880+0000] {logging_mixin.py:190} INFO - [2025-01-17T11:28:50.880+0000] {dag.py:3239} INFO - Sync 1 DAGs
[2025-01-17T11:28:50.909+0000] {logging_mixin.py:190} INFO - [2025-01-17T11:28:50.909+0000] {dag.py:4180} INFO - Setting next_dagrun for example_branch_labels to 2025-01-16 00:00:00+00:00, run_after=2025-01-17 00:00:00+00:00
[2025-01-17T11:28:50.934+0000] {processor.py:208} INFO - Processing /home/airflow/.local/lib/python3.12/site-packages/airflow/example_dags/example_branch_labels.py took 0.100 seconds
[2025-01-17T11:29:21.035+0000] {processor.py:186} INFO - Started process (PID=1009) to work on /home/airflow/.local/lib/python3.12/site-packages/airflow/example_dags/example_branch_labels.py
[2025-01-17T11:29:21.036+0000] {processor.py:914} INFO - Processing file /home/airflow/.local/lib/python3.12/site-packages/airflow/example_dags/example_branch_labels.py for tasks to queue
[2025-01-17T11:29:21.039+0000] {logging_mixin.py:190} INFO - [2025-01-17T11:29:21.039+0000] {dagbag.py:588} INFO - Filling up the DagBag from /home/airflow/.local/lib/python3.12/site-packages/airflow/example_dags/example_branch_labels.py
[2025-01-17T11:29:21.048+0000] {processor.py:925} INFO - DAG(s) 'example_branch_labels' retrieved from /home/airflow/.local/lib/python3.12/site-packages/airflow/example_dags/example_branch_labels.py
[2025-01-17T11:29:21.072+0000] {logging_mixin.py:190} INFO - [2025-01-17T11:29:21.071+0000] {dag.py:3239} INFO - Sync 1 DAGs
[2025-01-17T11:29:21.096+0000] {logging_mixin.py:190} INFO - [2025-01-17T11:29:21.096+0000] {dag.py:4180} INFO - Setting next_dagrun for example_branch_labels to 2025-01-16 00:00:00+00:00, run_after=2025-01-17 00:00:00+00:00
[2025-01-17T11:29:21.121+0000] {processor.py:208} INFO - Processing /home/airflow/.local/lib/python3.12/site-packages/airflow/example_dags/example_branch_labels.py took 0.090 seconds
