[2025-01-17T10:32:00.996+0000] {processor.py:186} INFO - Started process (PID=91) to work on /home/airflow/.local/lib/python3.12/site-packages/airflow/example_dags/example_sla_dag.py
[2025-01-17T10:32:00.998+0000] {processor.py:914} INFO - Processing file /home/airflow/.local/lib/python3.12/site-packages/airflow/example_dags/example_sla_dag.py for tasks to queue
[2025-01-17T10:32:01.001+0000] {logging_mixin.py:190} INFO - [2025-01-17T10:32:01.001+0000] {dagbag.py:588} INFO - Filling up the DagBag from /home/airflow/.local/lib/python3.12/site-packages/airflow/example_dags/example_sla_dag.py
[2025-01-17T10:32:01.016+0000] {processor.py:925} INFO - DAG(s) 'example_sla_dag' retrieved from /home/airflow/.local/lib/python3.12/site-packages/airflow/example_dags/example_sla_dag.py
[2025-01-17T10:32:01.051+0000] {logging_mixin.py:190} INFO - [2025-01-17T10:32:01.051+0000] {dag.py:3239} INFO - Sync 1 DAGs
[2025-01-17T10:32:01.080+0000] {logging_mixin.py:190} INFO - [2025-01-17T10:32:01.079+0000] {dag.py:4180} INFO - Setting next_dagrun for example_sla_dag to 2025-01-17 10:30:00+00:00, run_after=2025-01-17 10:32:00+00:00
[2025-01-17T10:32:01.105+0000] {processor.py:208} INFO - Processing /home/airflow/.local/lib/python3.12/site-packages/airflow/example_dags/example_sla_dag.py took 0.114 seconds
[2025-01-17T10:32:32.826+0000] {processor.py:186} INFO - Started process (PID=155) to work on /home/airflow/.local/lib/python3.12/site-packages/airflow/example_dags/example_sla_dag.py
[2025-01-17T10:32:32.828+0000] {processor.py:914} INFO - Processing file /home/airflow/.local/lib/python3.12/site-packages/airflow/example_dags/example_sla_dag.py for tasks to queue
[2025-01-17T10:32:32.833+0000] {logging_mixin.py:190} INFO - [2025-01-17T10:32:32.832+0000] {dagbag.py:588} INFO - Filling up the DagBag from /home/airflow/.local/lib/python3.12/site-packages/airflow/example_dags/example_sla_dag.py
[2025-01-17T10:32:32.853+0000] {processor.py:925} INFO - DAG(s) 'example_sla_dag' retrieved from /home/airflow/.local/lib/python3.12/site-packages/airflow/example_dags/example_sla_dag.py
[2025-01-17T10:32:32.899+0000] {logging_mixin.py:190} INFO - [2025-01-17T10:32:32.898+0000] {dag.py:3239} INFO - Sync 1 DAGs
[2025-01-17T10:32:32.959+0000] {logging_mixin.py:190} INFO - [2025-01-17T10:32:32.958+0000] {dag.py:4180} INFO - Setting next_dagrun for example_sla_dag to 2025-01-17 10:30:00+00:00, run_after=2025-01-17 10:32:00+00:00
[2025-01-17T10:32:33.005+0000] {processor.py:208} INFO - Processing /home/airflow/.local/lib/python3.12/site-packages/airflow/example_dags/example_sla_dag.py took 0.191 seconds
[2025-01-17T10:33:03.920+0000] {processor.py:186} INFO - Started process (PID=219) to work on /home/airflow/.local/lib/python3.12/site-packages/airflow/example_dags/example_sla_dag.py
[2025-01-17T10:33:03.922+0000] {processor.py:914} INFO - Processing file /home/airflow/.local/lib/python3.12/site-packages/airflow/example_dags/example_sla_dag.py for tasks to queue
[2025-01-17T10:33:03.926+0000] {logging_mixin.py:190} INFO - [2025-01-17T10:33:03.925+0000] {dagbag.py:588} INFO - Filling up the DagBag from /home/airflow/.local/lib/python3.12/site-packages/airflow/example_dags/example_sla_dag.py
[2025-01-17T10:33:03.941+0000] {processor.py:925} INFO - DAG(s) 'example_sla_dag' retrieved from /home/airflow/.local/lib/python3.12/site-packages/airflow/example_dags/example_sla_dag.py
[2025-01-17T10:33:03.976+0000] {logging_mixin.py:190} INFO - [2025-01-17T10:33:03.975+0000] {dag.py:3239} INFO - Sync 1 DAGs
[2025-01-17T10:33:04.034+0000] {logging_mixin.py:190} INFO - [2025-01-17T10:33:04.034+0000] {dag.py:4180} INFO - Setting next_dagrun for example_sla_dag to 2025-01-17 10:30:00+00:00, run_after=2025-01-17 10:32:00+00:00
[2025-01-17T10:33:04.065+0000] {processor.py:208} INFO - Processing /home/airflow/.local/lib/python3.12/site-packages/airflow/example_dags/example_sla_dag.py took 0.153 seconds
[2025-01-17T10:33:35.593+0000] {processor.py:186} INFO - Started process (PID=283) to work on /home/airflow/.local/lib/python3.12/site-packages/airflow/example_dags/example_sla_dag.py
[2025-01-17T10:33:35.595+0000] {processor.py:914} INFO - Processing file /home/airflow/.local/lib/python3.12/site-packages/airflow/example_dags/example_sla_dag.py for tasks to queue
[2025-01-17T10:33:35.601+0000] {logging_mixin.py:190} INFO - [2025-01-17T10:33:35.600+0000] {dagbag.py:588} INFO - Filling up the DagBag from /home/airflow/.local/lib/python3.12/site-packages/airflow/example_dags/example_sla_dag.py
[2025-01-17T10:33:35.623+0000] {processor.py:925} INFO - DAG(s) 'example_sla_dag' retrieved from /home/airflow/.local/lib/python3.12/site-packages/airflow/example_dags/example_sla_dag.py
[2025-01-17T10:33:35.657+0000] {logging_mixin.py:190} INFO - [2025-01-17T10:33:35.656+0000] {dag.py:3239} INFO - Sync 1 DAGs
[2025-01-17T10:33:35.714+0000] {logging_mixin.py:190} INFO - [2025-01-17T10:33:35.714+0000] {dag.py:4180} INFO - Setting next_dagrun for example_sla_dag to 2025-01-17 10:30:00+00:00, run_after=2025-01-17 10:32:00+00:00
[2025-01-17T10:33:35.752+0000] {processor.py:208} INFO - Processing /home/airflow/.local/lib/python3.12/site-packages/airflow/example_dags/example_sla_dag.py took 0.168 seconds
[2025-01-17T10:34:07.094+0000] {processor.py:186} INFO - Started process (PID=347) to work on /home/airflow/.local/lib/python3.12/site-packages/airflow/example_dags/example_sla_dag.py
[2025-01-17T10:34:07.096+0000] {processor.py:914} INFO - Processing file /home/airflow/.local/lib/python3.12/site-packages/airflow/example_dags/example_sla_dag.py for tasks to queue
[2025-01-17T10:34:07.100+0000] {logging_mixin.py:190} INFO - [2025-01-17T10:34:07.099+0000] {dagbag.py:588} INFO - Filling up the DagBag from /home/airflow/.local/lib/python3.12/site-packages/airflow/example_dags/example_sla_dag.py
[2025-01-17T10:34:07.115+0000] {processor.py:925} INFO - DAG(s) 'example_sla_dag' retrieved from /home/airflow/.local/lib/python3.12/site-packages/airflow/example_dags/example_sla_dag.py
[2025-01-17T10:34:07.147+0000] {logging_mixin.py:190} INFO - [2025-01-17T10:34:07.147+0000] {dag.py:3239} INFO - Sync 1 DAGs
[2025-01-17T10:34:07.195+0000] {logging_mixin.py:190} INFO - [2025-01-17T10:34:07.194+0000] {dag.py:4180} INFO - Setting next_dagrun for example_sla_dag to 2025-01-17 10:32:00+00:00, run_after=2025-01-17 10:34:00+00:00
[2025-01-17T10:34:07.230+0000] {processor.py:208} INFO - Processing /home/airflow/.local/lib/python3.12/site-packages/airflow/example_dags/example_sla_dag.py took 0.144 seconds
[2025-01-17T10:34:38.680+0000] {processor.py:186} INFO - Started process (PID=410) to work on /home/airflow/.local/lib/python3.12/site-packages/airflow/example_dags/example_sla_dag.py
[2025-01-17T10:34:38.682+0000] {processor.py:914} INFO - Processing file /home/airflow/.local/lib/python3.12/site-packages/airflow/example_dags/example_sla_dag.py for tasks to queue
[2025-01-17T10:34:38.685+0000] {logging_mixin.py:190} INFO - [2025-01-17T10:34:38.684+0000] {dagbag.py:588} INFO - Filling up the DagBag from /home/airflow/.local/lib/python3.12/site-packages/airflow/example_dags/example_sla_dag.py
[2025-01-17T10:34:38.704+0000] {processor.py:925} INFO - DAG(s) 'example_sla_dag' retrieved from /home/airflow/.local/lib/python3.12/site-packages/airflow/example_dags/example_sla_dag.py
[2025-01-17T10:34:38.735+0000] {logging_mixin.py:190} INFO - [2025-01-17T10:34:38.735+0000] {dag.py:3239} INFO - Sync 1 DAGs
[2025-01-17T10:34:38.784+0000] {logging_mixin.py:190} INFO - [2025-01-17T10:34:38.784+0000] {dag.py:4180} INFO - Setting next_dagrun for example_sla_dag to 2025-01-17 10:32:00+00:00, run_after=2025-01-17 10:34:00+00:00
[2025-01-17T10:34:38.823+0000] {processor.py:208} INFO - Processing /home/airflow/.local/lib/python3.12/site-packages/airflow/example_dags/example_sla_dag.py took 0.152 seconds
[2025-01-17T10:35:10.646+0000] {processor.py:186} INFO - Started process (PID=473) to work on /home/airflow/.local/lib/python3.12/site-packages/airflow/example_dags/example_sla_dag.py
[2025-01-17T10:35:10.648+0000] {processor.py:914} INFO - Processing file /home/airflow/.local/lib/python3.12/site-packages/airflow/example_dags/example_sla_dag.py for tasks to queue
[2025-01-17T10:35:10.651+0000] {logging_mixin.py:190} INFO - [2025-01-17T10:35:10.650+0000] {dagbag.py:588} INFO - Filling up the DagBag from /home/airflow/.local/lib/python3.12/site-packages/airflow/example_dags/example_sla_dag.py
[2025-01-17T10:35:10.667+0000] {processor.py:925} INFO - DAG(s) 'example_sla_dag' retrieved from /home/airflow/.local/lib/python3.12/site-packages/airflow/example_dags/example_sla_dag.py
[2025-01-17T10:35:10.699+0000] {logging_mixin.py:190} INFO - [2025-01-17T10:35:10.699+0000] {dag.py:3239} INFO - Sync 1 DAGs
[2025-01-17T10:35:10.743+0000] {logging_mixin.py:190} INFO - [2025-01-17T10:35:10.743+0000] {dag.py:4180} INFO - Setting next_dagrun for example_sla_dag to 2025-01-17 10:32:00+00:00, run_after=2025-01-17 10:34:00+00:00
[2025-01-17T10:35:10.777+0000] {processor.py:208} INFO - Processing /home/airflow/.local/lib/python3.12/site-packages/airflow/example_dags/example_sla_dag.py took 0.140 seconds
[2025-01-17T10:35:42.405+0000] {processor.py:186} INFO - Started process (PID=536) to work on /home/airflow/.local/lib/python3.12/site-packages/airflow/example_dags/example_sla_dag.py
[2025-01-17T10:35:42.407+0000] {processor.py:914} INFO - Processing file /home/airflow/.local/lib/python3.12/site-packages/airflow/example_dags/example_sla_dag.py for tasks to queue
[2025-01-17T10:35:42.409+0000] {logging_mixin.py:190} INFO - [2025-01-17T10:35:42.409+0000] {dagbag.py:588} INFO - Filling up the DagBag from /home/airflow/.local/lib/python3.12/site-packages/airflow/example_dags/example_sla_dag.py
[2025-01-17T10:35:42.423+0000] {processor.py:925} INFO - DAG(s) 'example_sla_dag' retrieved from /home/airflow/.local/lib/python3.12/site-packages/airflow/example_dags/example_sla_dag.py
[2025-01-17T10:35:42.451+0000] {logging_mixin.py:190} INFO - [2025-01-17T10:35:42.451+0000] {dag.py:3239} INFO - Sync 1 DAGs
[2025-01-17T10:35:42.493+0000] {logging_mixin.py:190} INFO - [2025-01-17T10:35:42.493+0000] {dag.py:4180} INFO - Setting next_dagrun for example_sla_dag to 2025-01-17 10:32:00+00:00, run_after=2025-01-17 10:34:00+00:00
[2025-01-17T10:35:42.530+0000] {processor.py:208} INFO - Processing /home/airflow/.local/lib/python3.12/site-packages/airflow/example_dags/example_sla_dag.py took 0.132 seconds
[2025-01-17T10:36:14.298+0000] {processor.py:186} INFO - Started process (PID=599) to work on /home/airflow/.local/lib/python3.12/site-packages/airflow/example_dags/example_sla_dag.py
[2025-01-17T10:36:14.300+0000] {processor.py:914} INFO - Processing file /home/airflow/.local/lib/python3.12/site-packages/airflow/example_dags/example_sla_dag.py for tasks to queue
[2025-01-17T10:36:14.302+0000] {logging_mixin.py:190} INFO - [2025-01-17T10:36:14.301+0000] {dagbag.py:588} INFO - Filling up the DagBag from /home/airflow/.local/lib/python3.12/site-packages/airflow/example_dags/example_sla_dag.py
[2025-01-17T10:36:14.316+0000] {processor.py:925} INFO - DAG(s) 'example_sla_dag' retrieved from /home/airflow/.local/lib/python3.12/site-packages/airflow/example_dags/example_sla_dag.py
[2025-01-17T10:36:14.346+0000] {logging_mixin.py:190} INFO - [2025-01-17T10:36:14.346+0000] {dag.py:3239} INFO - Sync 1 DAGs
[2025-01-17T10:36:14.385+0000] {logging_mixin.py:190} INFO - [2025-01-17T10:36:14.384+0000] {dag.py:4180} INFO - Setting next_dagrun for example_sla_dag to 2025-01-17 10:34:00+00:00, run_after=2025-01-17 10:36:00+00:00
[2025-01-17T10:36:14.414+0000] {processor.py:208} INFO - Processing /home/airflow/.local/lib/python3.12/site-packages/airflow/example_dags/example_sla_dag.py took 0.124 seconds
[2025-01-17T10:37:30.574+0000] {processor.py:186} INFO - Started process (PID=84) to work on /home/airflow/.local/lib/python3.12/site-packages/airflow/example_dags/example_sla_dag.py
[2025-01-17T10:37:30.575+0000] {processor.py:914} INFO - Processing file /home/airflow/.local/lib/python3.12/site-packages/airflow/example_dags/example_sla_dag.py for tasks to queue
[2025-01-17T10:37:30.578+0000] {logging_mixin.py:190} INFO - [2025-01-17T10:37:30.578+0000] {dagbag.py:588} INFO - Filling up the DagBag from /home/airflow/.local/lib/python3.12/site-packages/airflow/example_dags/example_sla_dag.py
[2025-01-17T10:37:30.592+0000] {processor.py:925} INFO - DAG(s) 'example_sla_dag' retrieved from /home/airflow/.local/lib/python3.12/site-packages/airflow/example_dags/example_sla_dag.py
[2025-01-17T10:37:30.625+0000] {logging_mixin.py:190} INFO - [2025-01-17T10:37:30.625+0000] {dag.py:3239} INFO - Sync 1 DAGs
[2025-01-17T10:37:30.655+0000] {logging_mixin.py:190} INFO - [2025-01-17T10:37:30.655+0000] {dag.py:4180} INFO - Setting next_dagrun for example_sla_dag to 2025-01-17 10:34:00+00:00, run_after=2025-01-17 10:36:00+00:00
[2025-01-17T10:37:30.685+0000] {processor.py:208} INFO - Processing /home/airflow/.local/lib/python3.12/site-packages/airflow/example_dags/example_sla_dag.py took 0.117 seconds
[2025-01-17T10:38:02.076+0000] {processor.py:186} INFO - Started process (PID=148) to work on /home/airflow/.local/lib/python3.12/site-packages/airflow/example_dags/example_sla_dag.py
[2025-01-17T10:38:02.078+0000] {processor.py:914} INFO - Processing file /home/airflow/.local/lib/python3.12/site-packages/airflow/example_dags/example_sla_dag.py for tasks to queue
[2025-01-17T10:38:02.082+0000] {logging_mixin.py:190} INFO - [2025-01-17T10:38:02.082+0000] {dagbag.py:588} INFO - Filling up the DagBag from /home/airflow/.local/lib/python3.12/site-packages/airflow/example_dags/example_sla_dag.py
[2025-01-17T10:38:02.098+0000] {processor.py:925} INFO - DAG(s) 'example_sla_dag' retrieved from /home/airflow/.local/lib/python3.12/site-packages/airflow/example_dags/example_sla_dag.py
[2025-01-17T10:38:02.132+0000] {logging_mixin.py:190} INFO - [2025-01-17T10:38:02.131+0000] {dag.py:3239} INFO - Sync 1 DAGs
[2025-01-17T10:38:02.188+0000] {logging_mixin.py:190} INFO - [2025-01-17T10:38:02.188+0000] {dag.py:4180} INFO - Setting next_dagrun for example_sla_dag to 2025-01-17 10:36:00+00:00, run_after=2025-01-17 10:38:00+00:00
[2025-01-17T10:38:02.232+0000] {processor.py:208} INFO - Processing /home/airflow/.local/lib/python3.12/site-packages/airflow/example_dags/example_sla_dag.py took 0.163 seconds
[2025-01-17T10:52:14.381+0000] {processor.py:186} INFO - Started process (PID=85) to work on /home/airflow/.local/lib/python3.12/site-packages/airflow/example_dags/example_sla_dag.py
[2025-01-17T10:52:14.382+0000] {processor.py:914} INFO - Processing file /home/airflow/.local/lib/python3.12/site-packages/airflow/example_dags/example_sla_dag.py for tasks to queue
[2025-01-17T10:52:14.385+0000] {logging_mixin.py:190} INFO - [2025-01-17T10:52:14.384+0000] {dagbag.py:588} INFO - Filling up the DagBag from /home/airflow/.local/lib/python3.12/site-packages/airflow/example_dags/example_sla_dag.py
[2025-01-17T10:52:14.397+0000] {processor.py:925} INFO - DAG(s) 'example_sla_dag' retrieved from /home/airflow/.local/lib/python3.12/site-packages/airflow/example_dags/example_sla_dag.py
[2025-01-17T10:52:14.424+0000] {logging_mixin.py:190} INFO - [2025-01-17T10:52:14.424+0000] {dag.py:3239} INFO - Sync 1 DAGs
[2025-01-17T10:52:14.453+0000] {logging_mixin.py:190} INFO - [2025-01-17T10:52:14.453+0000] {dag.py:4180} INFO - Setting next_dagrun for example_sla_dag to 2025-01-17 10:50:00+00:00, run_after=2025-01-17 10:52:00+00:00
[2025-01-17T10:52:14.477+0000] {processor.py:208} INFO - Processing /home/airflow/.local/lib/python3.12/site-packages/airflow/example_dags/example_sla_dag.py took 0.102 seconds
[2025-01-17T10:52:45.731+0000] {processor.py:186} INFO - Started process (PID=155) to work on /home/airflow/.local/lib/python3.12/site-packages/airflow/example_dags/example_sla_dag.py
[2025-01-17T10:52:45.733+0000] {processor.py:914} INFO - Processing file /home/airflow/.local/lib/python3.12/site-packages/airflow/example_dags/example_sla_dag.py for tasks to queue
[2025-01-17T10:52:45.736+0000] {logging_mixin.py:190} INFO - [2025-01-17T10:52:45.735+0000] {dagbag.py:588} INFO - Filling up the DagBag from /home/airflow/.local/lib/python3.12/site-packages/airflow/example_dags/example_sla_dag.py
[2025-01-17T10:52:45.748+0000] {processor.py:925} INFO - DAG(s) 'example_sla_dag' retrieved from /home/airflow/.local/lib/python3.12/site-packages/airflow/example_dags/example_sla_dag.py
[2025-01-17T10:52:45.774+0000] {logging_mixin.py:190} INFO - [2025-01-17T10:52:45.774+0000] {dag.py:3239} INFO - Sync 1 DAGs
[2025-01-17T10:52:45.803+0000] {logging_mixin.py:190} INFO - [2025-01-17T10:52:45.803+0000] {dag.py:4180} INFO - Setting next_dagrun for example_sla_dag to 2025-01-17 10:50:00+00:00, run_after=2025-01-17 10:52:00+00:00
[2025-01-17T10:52:45.828+0000] {processor.py:208} INFO - Processing /home/airflow/.local/lib/python3.12/site-packages/airflow/example_dags/example_sla_dag.py took 0.104 seconds
[2025-01-17T10:53:17.009+0000] {processor.py:186} INFO - Started process (PID=219) to work on /home/airflow/.local/lib/python3.12/site-packages/airflow/example_dags/example_sla_dag.py
[2025-01-17T10:53:17.010+0000] {processor.py:914} INFO - Processing file /home/airflow/.local/lib/python3.12/site-packages/airflow/example_dags/example_sla_dag.py for tasks to queue
[2025-01-17T10:53:17.012+0000] {logging_mixin.py:190} INFO - [2025-01-17T10:53:17.012+0000] {dagbag.py:588} INFO - Filling up the DagBag from /home/airflow/.local/lib/python3.12/site-packages/airflow/example_dags/example_sla_dag.py
[2025-01-17T10:53:17.023+0000] {processor.py:925} INFO - DAG(s) 'example_sla_dag' retrieved from /home/airflow/.local/lib/python3.12/site-packages/airflow/example_dags/example_sla_dag.py
[2025-01-17T10:53:17.044+0000] {logging_mixin.py:190} INFO - [2025-01-17T10:53:17.044+0000] {dag.py:3239} INFO - Sync 1 DAGs
[2025-01-17T10:53:17.070+0000] {logging_mixin.py:190} INFO - [2025-01-17T10:53:17.070+0000] {dag.py:4180} INFO - Setting next_dagrun for example_sla_dag to 2025-01-17 10:50:00+00:00, run_after=2025-01-17 10:52:00+00:00
[2025-01-17T10:53:17.094+0000] {processor.py:208} INFO - Processing /home/airflow/.local/lib/python3.12/site-packages/airflow/example_dags/example_sla_dag.py took 0.091 seconds
[2025-01-17T10:53:48.481+0000] {processor.py:186} INFO - Started process (PID=284) to work on /home/airflow/.local/lib/python3.12/site-packages/airflow/example_dags/example_sla_dag.py
[2025-01-17T10:53:48.482+0000] {processor.py:914} INFO - Processing file /home/airflow/.local/lib/python3.12/site-packages/airflow/example_dags/example_sla_dag.py for tasks to queue
[2025-01-17T10:53:48.485+0000] {logging_mixin.py:190} INFO - [2025-01-17T10:53:48.484+0000] {dagbag.py:588} INFO - Filling up the DagBag from /home/airflow/.local/lib/python3.12/site-packages/airflow/example_dags/example_sla_dag.py
[2025-01-17T10:53:48.494+0000] {processor.py:925} INFO - DAG(s) 'example_sla_dag' retrieved from /home/airflow/.local/lib/python3.12/site-packages/airflow/example_dags/example_sla_dag.py
[2025-01-17T10:53:48.516+0000] {logging_mixin.py:190} INFO - [2025-01-17T10:53:48.516+0000] {dag.py:3239} INFO - Sync 1 DAGs
[2025-01-17T10:53:48.543+0000] {logging_mixin.py:190} INFO - [2025-01-17T10:53:48.543+0000] {dag.py:4180} INFO - Setting next_dagrun for example_sla_dag to 2025-01-17 10:50:00+00:00, run_after=2025-01-17 10:52:00+00:00
[2025-01-17T10:53:48.568+0000] {processor.py:208} INFO - Processing /home/airflow/.local/lib/python3.12/site-packages/airflow/example_dags/example_sla_dag.py took 0.092 seconds
[2025-01-17T10:54:19.753+0000] {processor.py:186} INFO - Started process (PID=348) to work on /home/airflow/.local/lib/python3.12/site-packages/airflow/example_dags/example_sla_dag.py
[2025-01-17T10:54:19.754+0000] {processor.py:914} INFO - Processing file /home/airflow/.local/lib/python3.12/site-packages/airflow/example_dags/example_sla_dag.py for tasks to queue
[2025-01-17T10:54:19.758+0000] {logging_mixin.py:190} INFO - [2025-01-17T10:54:19.757+0000] {dagbag.py:588} INFO - Filling up the DagBag from /home/airflow/.local/lib/python3.12/site-packages/airflow/example_dags/example_sla_dag.py
[2025-01-17T10:54:19.768+0000] {processor.py:925} INFO - DAG(s) 'example_sla_dag' retrieved from /home/airflow/.local/lib/python3.12/site-packages/airflow/example_dags/example_sla_dag.py
[2025-01-17T10:54:19.792+0000] {logging_mixin.py:190} INFO - [2025-01-17T10:54:19.792+0000] {dag.py:3239} INFO - Sync 1 DAGs
[2025-01-17T10:54:19.820+0000] {logging_mixin.py:190} INFO - [2025-01-17T10:54:19.819+0000] {dag.py:4180} INFO - Setting next_dagrun for example_sla_dag to 2025-01-17 10:52:00+00:00, run_after=2025-01-17 10:54:00+00:00
[2025-01-17T10:54:19.843+0000] {processor.py:208} INFO - Processing /home/airflow/.local/lib/python3.12/site-packages/airflow/example_dags/example_sla_dag.py took 0.095 seconds
[2025-01-17T10:54:51.044+0000] {processor.py:186} INFO - Started process (PID=412) to work on /home/airflow/.local/lib/python3.12/site-packages/airflow/example_dags/example_sla_dag.py
[2025-01-17T10:54:51.046+0000] {processor.py:914} INFO - Processing file /home/airflow/.local/lib/python3.12/site-packages/airflow/example_dags/example_sla_dag.py for tasks to queue
[2025-01-17T10:54:51.048+0000] {logging_mixin.py:190} INFO - [2025-01-17T10:54:51.048+0000] {dagbag.py:588} INFO - Filling up the DagBag from /home/airflow/.local/lib/python3.12/site-packages/airflow/example_dags/example_sla_dag.py
[2025-01-17T10:54:51.058+0000] {processor.py:925} INFO - DAG(s) 'example_sla_dag' retrieved from /home/airflow/.local/lib/python3.12/site-packages/airflow/example_dags/example_sla_dag.py
[2025-01-17T10:54:51.079+0000] {logging_mixin.py:190} INFO - [2025-01-17T10:54:51.078+0000] {dag.py:3239} INFO - Sync 1 DAGs
[2025-01-17T10:54:51.105+0000] {logging_mixin.py:190} INFO - [2025-01-17T10:54:51.105+0000] {dag.py:4180} INFO - Setting next_dagrun for example_sla_dag to 2025-01-17 10:52:00+00:00, run_after=2025-01-17 10:54:00+00:00
[2025-01-17T10:54:51.129+0000] {processor.py:208} INFO - Processing /home/airflow/.local/lib/python3.12/site-packages/airflow/example_dags/example_sla_dag.py took 0.090 seconds
[2025-01-17T10:55:22.545+0000] {processor.py:186} INFO - Started process (PID=476) to work on /home/airflow/.local/lib/python3.12/site-packages/airflow/example_dags/example_sla_dag.py
[2025-01-17T10:55:22.547+0000] {processor.py:914} INFO - Processing file /home/airflow/.local/lib/python3.12/site-packages/airflow/example_dags/example_sla_dag.py for tasks to queue
[2025-01-17T10:55:22.550+0000] {logging_mixin.py:190} INFO - [2025-01-17T10:55:22.550+0000] {dagbag.py:588} INFO - Filling up the DagBag from /home/airflow/.local/lib/python3.12/site-packages/airflow/example_dags/example_sla_dag.py
[2025-01-17T10:55:22.561+0000] {processor.py:925} INFO - DAG(s) 'example_sla_dag' retrieved from /home/airflow/.local/lib/python3.12/site-packages/airflow/example_dags/example_sla_dag.py
[2025-01-17T10:55:22.582+0000] {logging_mixin.py:190} INFO - [2025-01-17T10:55:22.582+0000] {dag.py:3239} INFO - Sync 1 DAGs
[2025-01-17T10:55:22.609+0000] {logging_mixin.py:190} INFO - [2025-01-17T10:55:22.608+0000] {dag.py:4180} INFO - Setting next_dagrun for example_sla_dag to 2025-01-17 10:52:00+00:00, run_after=2025-01-17 10:54:00+00:00
[2025-01-17T10:55:22.632+0000] {processor.py:208} INFO - Processing /home/airflow/.local/lib/python3.12/site-packages/airflow/example_dags/example_sla_dag.py took 0.092 seconds
[2025-01-17T10:55:53.947+0000] {processor.py:186} INFO - Started process (PID=541) to work on /home/airflow/.local/lib/python3.12/site-packages/airflow/example_dags/example_sla_dag.py
[2025-01-17T10:55:53.948+0000] {processor.py:914} INFO - Processing file /home/airflow/.local/lib/python3.12/site-packages/airflow/example_dags/example_sla_dag.py for tasks to queue
[2025-01-17T10:55:53.951+0000] {logging_mixin.py:190} INFO - [2025-01-17T10:55:53.951+0000] {dagbag.py:588} INFO - Filling up the DagBag from /home/airflow/.local/lib/python3.12/site-packages/airflow/example_dags/example_sla_dag.py
[2025-01-17T10:55:53.963+0000] {processor.py:925} INFO - DAG(s) 'example_sla_dag' retrieved from /home/airflow/.local/lib/python3.12/site-packages/airflow/example_dags/example_sla_dag.py
[2025-01-17T10:55:53.986+0000] {logging_mixin.py:190} INFO - [2025-01-17T10:55:53.985+0000] {dag.py:3239} INFO - Sync 1 DAGs
[2025-01-17T10:55:54.015+0000] {logging_mixin.py:190} INFO - [2025-01-17T10:55:54.014+0000] {dag.py:4180} INFO - Setting next_dagrun for example_sla_dag to 2025-01-17 10:52:00+00:00, run_after=2025-01-17 10:54:00+00:00
[2025-01-17T10:55:54.039+0000] {processor.py:208} INFO - Processing /home/airflow/.local/lib/python3.12/site-packages/airflow/example_dags/example_sla_dag.py took 0.099 seconds
[2025-01-17T10:56:25.146+0000] {processor.py:186} INFO - Started process (PID=605) to work on /home/airflow/.local/lib/python3.12/site-packages/airflow/example_dags/example_sla_dag.py
[2025-01-17T10:56:25.147+0000] {processor.py:914} INFO - Processing file /home/airflow/.local/lib/python3.12/site-packages/airflow/example_dags/example_sla_dag.py for tasks to queue
[2025-01-17T10:56:25.150+0000] {logging_mixin.py:190} INFO - [2025-01-17T10:56:25.149+0000] {dagbag.py:588} INFO - Filling up the DagBag from /home/airflow/.local/lib/python3.12/site-packages/airflow/example_dags/example_sla_dag.py
[2025-01-17T10:56:25.159+0000] {processor.py:925} INFO - DAG(s) 'example_sla_dag' retrieved from /home/airflow/.local/lib/python3.12/site-packages/airflow/example_dags/example_sla_dag.py
[2025-01-17T10:56:25.181+0000] {logging_mixin.py:190} INFO - [2025-01-17T10:56:25.181+0000] {dag.py:3239} INFO - Sync 1 DAGs
[2025-01-17T10:56:25.207+0000] {logging_mixin.py:190} INFO - [2025-01-17T10:56:25.207+0000] {dag.py:4180} INFO - Setting next_dagrun for example_sla_dag to 2025-01-17 10:54:00+00:00, run_after=2025-01-17 10:56:00+00:00
[2025-01-17T10:56:25.241+0000] {processor.py:208} INFO - Processing /home/airflow/.local/lib/python3.12/site-packages/airflow/example_dags/example_sla_dag.py took 0.100 seconds
[2025-01-17T10:56:56.798+0000] {processor.py:186} INFO - Started process (PID=670) to work on /home/airflow/.local/lib/python3.12/site-packages/airflow/example_dags/example_sla_dag.py
[2025-01-17T10:56:56.799+0000] {processor.py:914} INFO - Processing file /home/airflow/.local/lib/python3.12/site-packages/airflow/example_dags/example_sla_dag.py for tasks to queue
[2025-01-17T10:56:56.802+0000] {logging_mixin.py:190} INFO - [2025-01-17T10:56:56.801+0000] {dagbag.py:588} INFO - Filling up the DagBag from /home/airflow/.local/lib/python3.12/site-packages/airflow/example_dags/example_sla_dag.py
[2025-01-17T10:56:56.812+0000] {processor.py:925} INFO - DAG(s) 'example_sla_dag' retrieved from /home/airflow/.local/lib/python3.12/site-packages/airflow/example_dags/example_sla_dag.py
[2025-01-17T10:56:56.833+0000] {logging_mixin.py:190} INFO - [2025-01-17T10:56:56.833+0000] {dag.py:3239} INFO - Sync 1 DAGs
[2025-01-17T10:56:56.862+0000] {logging_mixin.py:190} INFO - [2025-01-17T10:56:56.861+0000] {dag.py:4180} INFO - Setting next_dagrun for example_sla_dag to 2025-01-17 10:54:00+00:00, run_after=2025-01-17 10:56:00+00:00
[2025-01-17T10:56:56.886+0000] {processor.py:208} INFO - Processing /home/airflow/.local/lib/python3.12/site-packages/airflow/example_dags/example_sla_dag.py took 0.094 seconds
[2025-01-17T10:57:27.521+0000] {processor.py:186} INFO - Started process (PID=734) to work on /home/airflow/.local/lib/python3.12/site-packages/airflow/example_dags/example_sla_dag.py
[2025-01-17T10:57:27.523+0000] {processor.py:914} INFO - Processing file /home/airflow/.local/lib/python3.12/site-packages/airflow/example_dags/example_sla_dag.py for tasks to queue
[2025-01-17T10:57:27.525+0000] {logging_mixin.py:190} INFO - [2025-01-17T10:57:27.525+0000] {dagbag.py:588} INFO - Filling up the DagBag from /home/airflow/.local/lib/python3.12/site-packages/airflow/example_dags/example_sla_dag.py
[2025-01-17T10:57:27.535+0000] {processor.py:925} INFO - DAG(s) 'example_sla_dag' retrieved from /home/airflow/.local/lib/python3.12/site-packages/airflow/example_dags/example_sla_dag.py
[2025-01-17T10:57:27.557+0000] {logging_mixin.py:190} INFO - [2025-01-17T10:57:27.557+0000] {dag.py:3239} INFO - Sync 1 DAGs
[2025-01-17T10:57:27.585+0000] {logging_mixin.py:190} INFO - [2025-01-17T10:57:27.585+0000] {dag.py:4180} INFO - Setting next_dagrun for example_sla_dag to 2025-01-17 10:54:00+00:00, run_after=2025-01-17 10:56:00+00:00
[2025-01-17T10:57:27.607+0000] {processor.py:208} INFO - Processing /home/airflow/.local/lib/python3.12/site-packages/airflow/example_dags/example_sla_dag.py took 0.091 seconds
[2025-01-17T10:57:59.151+0000] {processor.py:186} INFO - Started process (PID=798) to work on /home/airflow/.local/lib/python3.12/site-packages/airflow/example_dags/example_sla_dag.py
[2025-01-17T10:57:59.152+0000] {processor.py:914} INFO - Processing file /home/airflow/.local/lib/python3.12/site-packages/airflow/example_dags/example_sla_dag.py for tasks to queue
[2025-01-17T10:57:59.156+0000] {logging_mixin.py:190} INFO - [2025-01-17T10:57:59.155+0000] {dagbag.py:588} INFO - Filling up the DagBag from /home/airflow/.local/lib/python3.12/site-packages/airflow/example_dags/example_sla_dag.py
[2025-01-17T10:57:59.166+0000] {processor.py:925} INFO - DAG(s) 'example_sla_dag' retrieved from /home/airflow/.local/lib/python3.12/site-packages/airflow/example_dags/example_sla_dag.py
[2025-01-17T10:57:59.190+0000] {logging_mixin.py:190} INFO - [2025-01-17T10:57:59.189+0000] {dag.py:3239} INFO - Sync 1 DAGs
[2025-01-17T10:57:59.230+0000] {logging_mixin.py:190} INFO - [2025-01-17T10:57:59.229+0000] {dag.py:4180} INFO - Setting next_dagrun for example_sla_dag to 2025-01-17 10:54:00+00:00, run_after=2025-01-17 10:56:00+00:00
[2025-01-17T10:57:59.259+0000] {processor.py:208} INFO - Processing /home/airflow/.local/lib/python3.12/site-packages/airflow/example_dags/example_sla_dag.py took 0.114 seconds
[2025-01-17T10:58:31.035+0000] {processor.py:186} INFO - Started process (PID=862) to work on /home/airflow/.local/lib/python3.12/site-packages/airflow/example_dags/example_sla_dag.py
[2025-01-17T10:58:31.036+0000] {processor.py:914} INFO - Processing file /home/airflow/.local/lib/python3.12/site-packages/airflow/example_dags/example_sla_dag.py for tasks to queue
[2025-01-17T10:58:31.038+0000] {logging_mixin.py:190} INFO - [2025-01-17T10:58:31.038+0000] {dagbag.py:588} INFO - Filling up the DagBag from /home/airflow/.local/lib/python3.12/site-packages/airflow/example_dags/example_sla_dag.py
[2025-01-17T10:58:31.048+0000] {processor.py:925} INFO - DAG(s) 'example_sla_dag' retrieved from /home/airflow/.local/lib/python3.12/site-packages/airflow/example_dags/example_sla_dag.py
[2025-01-17T10:58:31.070+0000] {logging_mixin.py:190} INFO - [2025-01-17T10:58:31.069+0000] {dag.py:3239} INFO - Sync 1 DAGs
[2025-01-17T10:58:31.096+0000] {logging_mixin.py:190} INFO - [2025-01-17T10:58:31.096+0000] {dag.py:4180} INFO - Setting next_dagrun for example_sla_dag to 2025-01-17 10:56:00+00:00, run_after=2025-01-17 10:58:00+00:00
[2025-01-17T10:58:31.121+0000] {processor.py:208} INFO - Processing /home/airflow/.local/lib/python3.12/site-packages/airflow/example_dags/example_sla_dag.py took 0.092 seconds
[2025-01-17T10:59:01.767+0000] {processor.py:186} INFO - Started process (PID=926) to work on /home/airflow/.local/lib/python3.12/site-packages/airflow/example_dags/example_sla_dag.py
[2025-01-17T10:59:01.768+0000] {processor.py:914} INFO - Processing file /home/airflow/.local/lib/python3.12/site-packages/airflow/example_dags/example_sla_dag.py for tasks to queue
[2025-01-17T10:59:01.771+0000] {logging_mixin.py:190} INFO - [2025-01-17T10:59:01.771+0000] {dagbag.py:588} INFO - Filling up the DagBag from /home/airflow/.local/lib/python3.12/site-packages/airflow/example_dags/example_sla_dag.py
[2025-01-17T10:59:01.782+0000] {processor.py:925} INFO - DAG(s) 'example_sla_dag' retrieved from /home/airflow/.local/lib/python3.12/site-packages/airflow/example_dags/example_sla_dag.py
[2025-01-17T10:59:01.804+0000] {logging_mixin.py:190} INFO - [2025-01-17T10:59:01.804+0000] {dag.py:3239} INFO - Sync 1 DAGs
[2025-01-17T10:59:01.831+0000] {logging_mixin.py:190} INFO - [2025-01-17T10:59:01.831+0000] {dag.py:4180} INFO - Setting next_dagrun for example_sla_dag to 2025-01-17 10:56:00+00:00, run_after=2025-01-17 10:58:00+00:00
[2025-01-17T10:59:01.854+0000] {processor.py:208} INFO - Processing /home/airflow/.local/lib/python3.12/site-packages/airflow/example_dags/example_sla_dag.py took 0.092 seconds
[2025-01-17T10:59:33.052+0000] {processor.py:186} INFO - Started process (PID=990) to work on /home/airflow/.local/lib/python3.12/site-packages/airflow/example_dags/example_sla_dag.py
[2025-01-17T10:59:33.054+0000] {processor.py:914} INFO - Processing file /home/airflow/.local/lib/python3.12/site-packages/airflow/example_dags/example_sla_dag.py for tasks to queue
[2025-01-17T10:59:33.057+0000] {logging_mixin.py:190} INFO - [2025-01-17T10:59:33.057+0000] {dagbag.py:588} INFO - Filling up the DagBag from /home/airflow/.local/lib/python3.12/site-packages/airflow/example_dags/example_sla_dag.py
[2025-01-17T10:59:33.069+0000] {processor.py:925} INFO - DAG(s) 'example_sla_dag' retrieved from /home/airflow/.local/lib/python3.12/site-packages/airflow/example_dags/example_sla_dag.py
[2025-01-17T10:59:33.091+0000] {logging_mixin.py:190} INFO - [2025-01-17T10:59:33.090+0000] {dag.py:3239} INFO - Sync 1 DAGs
[2025-01-17T10:59:33.115+0000] {logging_mixin.py:190} INFO - [2025-01-17T10:59:33.115+0000] {dag.py:4180} INFO - Setting next_dagrun for example_sla_dag to 2025-01-17 10:56:00+00:00, run_after=2025-01-17 10:58:00+00:00
[2025-01-17T10:59:33.138+0000] {processor.py:208} INFO - Processing /home/airflow/.local/lib/python3.12/site-packages/airflow/example_dags/example_sla_dag.py took 0.091 seconds
[2025-01-17T11:00:04.115+0000] {processor.py:186} INFO - Started process (PID=1054) to work on /home/airflow/.local/lib/python3.12/site-packages/airflow/example_dags/example_sla_dag.py
[2025-01-17T11:00:04.116+0000] {processor.py:914} INFO - Processing file /home/airflow/.local/lib/python3.12/site-packages/airflow/example_dags/example_sla_dag.py for tasks to queue
[2025-01-17T11:00:04.119+0000] {logging_mixin.py:190} INFO - [2025-01-17T11:00:04.119+0000] {dagbag.py:588} INFO - Filling up the DagBag from /home/airflow/.local/lib/python3.12/site-packages/airflow/example_dags/example_sla_dag.py
[2025-01-17T11:00:04.130+0000] {processor.py:925} INFO - DAG(s) 'example_sla_dag' retrieved from /home/airflow/.local/lib/python3.12/site-packages/airflow/example_dags/example_sla_dag.py
[2025-01-17T11:00:04.154+0000] {logging_mixin.py:190} INFO - [2025-01-17T11:00:04.153+0000] {dag.py:3239} INFO - Sync 1 DAGs
[2025-01-17T11:00:04.181+0000] {logging_mixin.py:190} INFO - [2025-01-17T11:00:04.181+0000] {dag.py:4180} INFO - Setting next_dagrun for example_sla_dag to 2025-01-17 10:58:00+00:00, run_after=2025-01-17 11:00:00+00:00
[2025-01-17T11:00:04.206+0000] {processor.py:208} INFO - Processing /home/airflow/.local/lib/python3.12/site-packages/airflow/example_dags/example_sla_dag.py took 0.097 seconds
[2025-01-17T11:22:01.646+0000] {processor.py:186} INFO - Started process (PID=78) to work on /home/airflow/.local/lib/python3.12/site-packages/airflow/example_dags/example_sla_dag.py
[2025-01-17T11:22:01.647+0000] {processor.py:914} INFO - Processing file /home/airflow/.local/lib/python3.12/site-packages/airflow/example_dags/example_sla_dag.py for tasks to queue
[2025-01-17T11:22:01.650+0000] {logging_mixin.py:190} INFO - [2025-01-17T11:22:01.649+0000] {dagbag.py:588} INFO - Filling up the DagBag from /home/airflow/.local/lib/python3.12/site-packages/airflow/example_dags/example_sla_dag.py
[2025-01-17T11:22:01.660+0000] {processor.py:925} INFO - DAG(s) 'example_sla_dag' retrieved from /home/airflow/.local/lib/python3.12/site-packages/airflow/example_dags/example_sla_dag.py
[2025-01-17T11:22:01.686+0000] {logging_mixin.py:190} INFO - [2025-01-17T11:22:01.686+0000] {dag.py:3239} INFO - Sync 1 DAGs
[2025-01-17T11:22:01.711+0000] {logging_mixin.py:190} INFO - [2025-01-17T11:22:01.711+0000] {dag.py:4180} INFO - Setting next_dagrun for example_sla_dag to 2025-01-17 11:20:00+00:00, run_after=2025-01-17 11:22:00+00:00
[2025-01-17T11:22:01.733+0000] {processor.py:208} INFO - Processing /home/airflow/.local/lib/python3.12/site-packages/airflow/example_dags/example_sla_dag.py took 0.094 seconds
[2025-01-17T11:22:32.608+0000] {processor.py:186} INFO - Started process (PID=142) to work on /home/airflow/.local/lib/python3.12/site-packages/airflow/example_dags/example_sla_dag.py
[2025-01-17T11:22:32.609+0000] {processor.py:914} INFO - Processing file /home/airflow/.local/lib/python3.12/site-packages/airflow/example_dags/example_sla_dag.py for tasks to queue
[2025-01-17T11:22:32.612+0000] {logging_mixin.py:190} INFO - [2025-01-17T11:22:32.612+0000] {dagbag.py:588} INFO - Filling up the DagBag from /home/airflow/.local/lib/python3.12/site-packages/airflow/example_dags/example_sla_dag.py
[2025-01-17T11:22:32.622+0000] {processor.py:925} INFO - DAG(s) 'example_sla_dag' retrieved from /home/airflow/.local/lib/python3.12/site-packages/airflow/example_dags/example_sla_dag.py
[2025-01-17T11:22:32.641+0000] {logging_mixin.py:190} INFO - [2025-01-17T11:22:32.640+0000] {dag.py:3239} INFO - Sync 1 DAGs
[2025-01-17T11:22:32.668+0000] {logging_mixin.py:190} INFO - [2025-01-17T11:22:32.667+0000] {dag.py:4180} INFO - Setting next_dagrun for example_sla_dag to 2025-01-17 11:20:00+00:00, run_after=2025-01-17 11:22:00+00:00
[2025-01-17T11:22:32.690+0000] {processor.py:208} INFO - Processing /home/airflow/.local/lib/python3.12/site-packages/airflow/example_dags/example_sla_dag.py took 0.087 seconds
[2025-01-17T11:23:03.962+0000] {processor.py:186} INFO - Started process (PID=212) to work on /home/airflow/.local/lib/python3.12/site-packages/airflow/example_dags/example_sla_dag.py
[2025-01-17T11:23:03.964+0000] {processor.py:914} INFO - Processing file /home/airflow/.local/lib/python3.12/site-packages/airflow/example_dags/example_sla_dag.py for tasks to queue
[2025-01-17T11:23:03.967+0000] {logging_mixin.py:190} INFO - [2025-01-17T11:23:03.967+0000] {dagbag.py:588} INFO - Filling up the DagBag from /home/airflow/.local/lib/python3.12/site-packages/airflow/example_dags/example_sla_dag.py
[2025-01-17T11:23:03.977+0000] {processor.py:925} INFO - DAG(s) 'example_sla_dag' retrieved from /home/airflow/.local/lib/python3.12/site-packages/airflow/example_dags/example_sla_dag.py
[2025-01-17T11:23:03.998+0000] {logging_mixin.py:190} INFO - [2025-01-17T11:23:03.998+0000] {dag.py:3239} INFO - Sync 1 DAGs
[2025-01-17T11:23:04.024+0000] {logging_mixin.py:190} INFO - [2025-01-17T11:23:04.024+0000] {dag.py:4180} INFO - Setting next_dagrun for example_sla_dag to 2025-01-17 11:20:00+00:00, run_after=2025-01-17 11:22:00+00:00
[2025-01-17T11:23:04.047+0000] {processor.py:208} INFO - Processing /home/airflow/.local/lib/python3.12/site-packages/airflow/example_dags/example_sla_dag.py took 0.089 seconds
[2025-01-17T11:23:35.647+0000] {processor.py:186} INFO - Started process (PID=276) to work on /home/airflow/.local/lib/python3.12/site-packages/airflow/example_dags/example_sla_dag.py
[2025-01-17T11:23:35.649+0000] {processor.py:914} INFO - Processing file /home/airflow/.local/lib/python3.12/site-packages/airflow/example_dags/example_sla_dag.py for tasks to queue
[2025-01-17T11:23:35.652+0000] {logging_mixin.py:190} INFO - [2025-01-17T11:23:35.652+0000] {dagbag.py:588} INFO - Filling up the DagBag from /home/airflow/.local/lib/python3.12/site-packages/airflow/example_dags/example_sla_dag.py
[2025-01-17T11:23:35.664+0000] {processor.py:925} INFO - DAG(s) 'example_sla_dag' retrieved from /home/airflow/.local/lib/python3.12/site-packages/airflow/example_dags/example_sla_dag.py
[2025-01-17T11:23:35.687+0000] {logging_mixin.py:190} INFO - [2025-01-17T11:23:35.686+0000] {dag.py:3239} INFO - Sync 1 DAGs
[2025-01-17T11:23:35.719+0000] {logging_mixin.py:190} INFO - [2025-01-17T11:23:35.719+0000] {dag.py:4180} INFO - Setting next_dagrun for example_sla_dag to 2025-01-17 11:20:00+00:00, run_after=2025-01-17 11:22:00+00:00
[2025-01-17T11:23:35.740+0000] {processor.py:208} INFO - Processing /home/airflow/.local/lib/python3.12/site-packages/airflow/example_dags/example_sla_dag.py took 0.098 seconds
[2025-01-17T11:24:06.909+0000] {processor.py:186} INFO - Started process (PID=340) to work on /home/airflow/.local/lib/python3.12/site-packages/airflow/example_dags/example_sla_dag.py
[2025-01-17T11:24:06.910+0000] {processor.py:914} INFO - Processing file /home/airflow/.local/lib/python3.12/site-packages/airflow/example_dags/example_sla_dag.py for tasks to queue
[2025-01-17T11:24:06.913+0000] {logging_mixin.py:190} INFO - [2025-01-17T11:24:06.913+0000] {dagbag.py:588} INFO - Filling up the DagBag from /home/airflow/.local/lib/python3.12/site-packages/airflow/example_dags/example_sla_dag.py
[2025-01-17T11:24:06.924+0000] {processor.py:925} INFO - DAG(s) 'example_sla_dag' retrieved from /home/airflow/.local/lib/python3.12/site-packages/airflow/example_dags/example_sla_dag.py
[2025-01-17T11:24:06.947+0000] {logging_mixin.py:190} INFO - [2025-01-17T11:24:06.947+0000] {dag.py:3239} INFO - Sync 1 DAGs
[2025-01-17T11:24:06.974+0000] {logging_mixin.py:190} INFO - [2025-01-17T11:24:06.974+0000] {dag.py:4180} INFO - Setting next_dagrun for example_sla_dag to 2025-01-17 11:22:00+00:00, run_after=2025-01-17 11:24:00+00:00
[2025-01-17T11:24:06.998+0000] {processor.py:208} INFO - Processing /home/airflow/.local/lib/python3.12/site-packages/airflow/example_dags/example_sla_dag.py took 0.095 seconds
[2025-01-17T11:24:38.087+0000] {processor.py:186} INFO - Started process (PID=404) to work on /home/airflow/.local/lib/python3.12/site-packages/airflow/example_dags/example_sla_dag.py
[2025-01-17T11:24:38.089+0000] {processor.py:914} INFO - Processing file /home/airflow/.local/lib/python3.12/site-packages/airflow/example_dags/example_sla_dag.py for tasks to queue
[2025-01-17T11:24:38.091+0000] {logging_mixin.py:190} INFO - [2025-01-17T11:24:38.091+0000] {dagbag.py:588} INFO - Filling up the DagBag from /home/airflow/.local/lib/python3.12/site-packages/airflow/example_dags/example_sla_dag.py
[2025-01-17T11:24:38.114+0000] {processor.py:925} INFO - DAG(s) 'example_sla_dag' retrieved from /home/airflow/.local/lib/python3.12/site-packages/airflow/example_dags/example_sla_dag.py
[2025-01-17T11:24:38.136+0000] {logging_mixin.py:190} INFO - [2025-01-17T11:24:38.136+0000] {dag.py:3239} INFO - Sync 1 DAGs
[2025-01-17T11:24:38.177+0000] {logging_mixin.py:190} INFO - [2025-01-17T11:24:38.177+0000] {dag.py:4180} INFO - Setting next_dagrun for example_sla_dag to 2025-01-17 11:22:00+00:00, run_after=2025-01-17 11:24:00+00:00
[2025-01-17T11:24:38.200+0000] {processor.py:208} INFO - Processing /home/airflow/.local/lib/python3.12/site-packages/airflow/example_dags/example_sla_dag.py took 0.118 seconds
[2025-01-17T11:25:09.566+0000] {processor.py:186} INFO - Started process (PID=468) to work on /home/airflow/.local/lib/python3.12/site-packages/airflow/example_dags/example_sla_dag.py
[2025-01-17T11:25:09.567+0000] {processor.py:914} INFO - Processing file /home/airflow/.local/lib/python3.12/site-packages/airflow/example_dags/example_sla_dag.py for tasks to queue
[2025-01-17T11:25:09.570+0000] {logging_mixin.py:190} INFO - [2025-01-17T11:25:09.570+0000] {dagbag.py:588} INFO - Filling up the DagBag from /home/airflow/.local/lib/python3.12/site-packages/airflow/example_dags/example_sla_dag.py
[2025-01-17T11:25:09.580+0000] {processor.py:925} INFO - DAG(s) 'example_sla_dag' retrieved from /home/airflow/.local/lib/python3.12/site-packages/airflow/example_dags/example_sla_dag.py
[2025-01-17T11:25:09.603+0000] {logging_mixin.py:190} INFO - [2025-01-17T11:25:09.603+0000] {dag.py:3239} INFO - Sync 1 DAGs
[2025-01-17T11:25:09.630+0000] {logging_mixin.py:190} INFO - [2025-01-17T11:25:09.630+0000] {dag.py:4180} INFO - Setting next_dagrun for example_sla_dag to 2025-01-17 11:22:00+00:00, run_after=2025-01-17 11:24:00+00:00
[2025-01-17T11:25:09.653+0000] {processor.py:208} INFO - Processing /home/airflow/.local/lib/python3.12/site-packages/airflow/example_dags/example_sla_dag.py took 0.093 seconds
[2025-01-17T11:25:41.008+0000] {processor.py:186} INFO - Started process (PID=533) to work on /home/airflow/.local/lib/python3.12/site-packages/airflow/example_dags/example_sla_dag.py
[2025-01-17T11:25:41.009+0000] {processor.py:914} INFO - Processing file /home/airflow/.local/lib/python3.12/site-packages/airflow/example_dags/example_sla_dag.py for tasks to queue
[2025-01-17T11:25:41.012+0000] {logging_mixin.py:190} INFO - [2025-01-17T11:25:41.012+0000] {dagbag.py:588} INFO - Filling up the DagBag from /home/airflow/.local/lib/python3.12/site-packages/airflow/example_dags/example_sla_dag.py
[2025-01-17T11:25:41.022+0000] {processor.py:925} INFO - DAG(s) 'example_sla_dag' retrieved from /home/airflow/.local/lib/python3.12/site-packages/airflow/example_dags/example_sla_dag.py
[2025-01-17T11:25:41.043+0000] {logging_mixin.py:190} INFO - [2025-01-17T11:25:41.042+0000] {dag.py:3239} INFO - Sync 1 DAGs
[2025-01-17T11:25:41.069+0000] {logging_mixin.py:190} INFO - [2025-01-17T11:25:41.068+0000] {dag.py:4180} INFO - Setting next_dagrun for example_sla_dag to 2025-01-17 11:22:00+00:00, run_after=2025-01-17 11:24:00+00:00
[2025-01-17T11:25:41.093+0000] {processor.py:208} INFO - Processing /home/airflow/.local/lib/python3.12/site-packages/airflow/example_dags/example_sla_dag.py took 0.090 seconds
[2025-01-17T11:26:11.820+0000] {processor.py:186} INFO - Started process (PID=597) to work on /home/airflow/.local/lib/python3.12/site-packages/airflow/example_dags/example_sla_dag.py
[2025-01-17T11:26:11.822+0000] {processor.py:914} INFO - Processing file /home/airflow/.local/lib/python3.12/site-packages/airflow/example_dags/example_sla_dag.py for tasks to queue
[2025-01-17T11:26:11.825+0000] {logging_mixin.py:190} INFO - [2025-01-17T11:26:11.825+0000] {dagbag.py:588} INFO - Filling up the DagBag from /home/airflow/.local/lib/python3.12/site-packages/airflow/example_dags/example_sla_dag.py
[2025-01-17T11:26:11.837+0000] {processor.py:925} INFO - DAG(s) 'example_sla_dag' retrieved from /home/airflow/.local/lib/python3.12/site-packages/airflow/example_dags/example_sla_dag.py
[2025-01-17T11:26:11.863+0000] {logging_mixin.py:190} INFO - [2025-01-17T11:26:11.863+0000] {dag.py:3239} INFO - Sync 1 DAGs
[2025-01-17T11:26:11.890+0000] {logging_mixin.py:190} INFO - [2025-01-17T11:26:11.890+0000] {dag.py:4180} INFO - Setting next_dagrun for example_sla_dag to 2025-01-17 11:24:00+00:00, run_after=2025-01-17 11:26:00+00:00
[2025-01-17T11:26:11.915+0000] {processor.py:208} INFO - Processing /home/airflow/.local/lib/python3.12/site-packages/airflow/example_dags/example_sla_dag.py took 0.101 seconds
[2025-01-17T11:26:43.224+0000] {processor.py:186} INFO - Started process (PID=661) to work on /home/airflow/.local/lib/python3.12/site-packages/airflow/example_dags/example_sla_dag.py
[2025-01-17T11:26:43.225+0000] {processor.py:914} INFO - Processing file /home/airflow/.local/lib/python3.12/site-packages/airflow/example_dags/example_sla_dag.py for tasks to queue
[2025-01-17T11:26:43.228+0000] {logging_mixin.py:190} INFO - [2025-01-17T11:26:43.227+0000] {dagbag.py:588} INFO - Filling up the DagBag from /home/airflow/.local/lib/python3.12/site-packages/airflow/example_dags/example_sla_dag.py
[2025-01-17T11:26:43.237+0000] {processor.py:925} INFO - DAG(s) 'example_sla_dag' retrieved from /home/airflow/.local/lib/python3.12/site-packages/airflow/example_dags/example_sla_dag.py
[2025-01-17T11:26:43.258+0000] {logging_mixin.py:190} INFO - [2025-01-17T11:26:43.258+0000] {dag.py:3239} INFO - Sync 1 DAGs
[2025-01-17T11:26:43.283+0000] {logging_mixin.py:190} INFO - [2025-01-17T11:26:43.283+0000] {dag.py:4180} INFO - Setting next_dagrun for example_sla_dag to 2025-01-17 11:24:00+00:00, run_after=2025-01-17 11:26:00+00:00
[2025-01-17T11:26:43.305+0000] {processor.py:208} INFO - Processing /home/airflow/.local/lib/python3.12/site-packages/airflow/example_dags/example_sla_dag.py took 0.086 seconds
[2025-01-17T11:27:14.726+0000] {processor.py:186} INFO - Started process (PID=725) to work on /home/airflow/.local/lib/python3.12/site-packages/airflow/example_dags/example_sla_dag.py
[2025-01-17T11:27:14.727+0000] {processor.py:914} INFO - Processing file /home/airflow/.local/lib/python3.12/site-packages/airflow/example_dags/example_sla_dag.py for tasks to queue
[2025-01-17T11:27:14.730+0000] {logging_mixin.py:190} INFO - [2025-01-17T11:27:14.730+0000] {dagbag.py:588} INFO - Filling up the DagBag from /home/airflow/.local/lib/python3.12/site-packages/airflow/example_dags/example_sla_dag.py
[2025-01-17T11:27:14.741+0000] {processor.py:925} INFO - DAG(s) 'example_sla_dag' retrieved from /home/airflow/.local/lib/python3.12/site-packages/airflow/example_dags/example_sla_dag.py
[2025-01-17T11:27:14.761+0000] {logging_mixin.py:190} INFO - [2025-01-17T11:27:14.761+0000] {dag.py:3239} INFO - Sync 1 DAGs
[2025-01-17T11:27:14.791+0000] {logging_mixin.py:190} INFO - [2025-01-17T11:27:14.790+0000] {dag.py:4180} INFO - Setting next_dagrun for example_sla_dag to 2025-01-17 11:24:00+00:00, run_after=2025-01-17 11:26:00+00:00
[2025-01-17T11:27:14.815+0000] {processor.py:208} INFO - Processing /home/airflow/.local/lib/python3.12/site-packages/airflow/example_dags/example_sla_dag.py took 0.094 seconds
[2025-01-17T11:27:46.110+0000] {processor.py:186} INFO - Started process (PID=789) to work on /home/airflow/.local/lib/python3.12/site-packages/airflow/example_dags/example_sla_dag.py
[2025-01-17T11:27:46.111+0000] {processor.py:914} INFO - Processing file /home/airflow/.local/lib/python3.12/site-packages/airflow/example_dags/example_sla_dag.py for tasks to queue
[2025-01-17T11:27:46.114+0000] {logging_mixin.py:190} INFO - [2025-01-17T11:27:46.114+0000] {dagbag.py:588} INFO - Filling up the DagBag from /home/airflow/.local/lib/python3.12/site-packages/airflow/example_dags/example_sla_dag.py
[2025-01-17T11:27:46.128+0000] {processor.py:925} INFO - DAG(s) 'example_sla_dag' retrieved from /home/airflow/.local/lib/python3.12/site-packages/airflow/example_dags/example_sla_dag.py
[2025-01-17T11:27:46.154+0000] {logging_mixin.py:190} INFO - [2025-01-17T11:27:46.153+0000] {dag.py:3239} INFO - Sync 1 DAGs
[2025-01-17T11:27:46.189+0000] {logging_mixin.py:190} INFO - [2025-01-17T11:27:46.189+0000] {dag.py:4180} INFO - Setting next_dagrun for example_sla_dag to 2025-01-17 11:24:00+00:00, run_after=2025-01-17 11:26:00+00:00
[2025-01-17T11:27:46.223+0000] {processor.py:208} INFO - Processing /home/airflow/.local/lib/python3.12/site-packages/airflow/example_dags/example_sla_dag.py took 0.119 seconds
[2025-01-17T11:28:16.932+0000] {processor.py:186} INFO - Started process (PID=853) to work on /home/airflow/.local/lib/python3.12/site-packages/airflow/example_dags/example_sla_dag.py
[2025-01-17T11:28:16.933+0000] {processor.py:914} INFO - Processing file /home/airflow/.local/lib/python3.12/site-packages/airflow/example_dags/example_sla_dag.py for tasks to queue
[2025-01-17T11:28:16.936+0000] {logging_mixin.py:190} INFO - [2025-01-17T11:28:16.935+0000] {dagbag.py:588} INFO - Filling up the DagBag from /home/airflow/.local/lib/python3.12/site-packages/airflow/example_dags/example_sla_dag.py
[2025-01-17T11:28:16.947+0000] {processor.py:925} INFO - DAG(s) 'example_sla_dag' retrieved from /home/airflow/.local/lib/python3.12/site-packages/airflow/example_dags/example_sla_dag.py
[2025-01-17T11:28:16.970+0000] {logging_mixin.py:190} INFO - [2025-01-17T11:28:16.969+0000] {dag.py:3239} INFO - Sync 1 DAGs
[2025-01-17T11:28:16.995+0000] {logging_mixin.py:190} INFO - [2025-01-17T11:28:16.995+0000] {dag.py:4180} INFO - Setting next_dagrun for example_sla_dag to 2025-01-17 11:26:00+00:00, run_after=2025-01-17 11:28:00+00:00
[2025-01-17T11:28:17.017+0000] {processor.py:208} INFO - Processing /home/airflow/.local/lib/python3.12/site-packages/airflow/example_dags/example_sla_dag.py took 0.090 seconds
[2025-01-17T11:28:47.838+0000] {processor.py:186} INFO - Started process (PID=918) to work on /home/airflow/.local/lib/python3.12/site-packages/airflow/example_dags/example_sla_dag.py
[2025-01-17T11:28:47.839+0000] {processor.py:914} INFO - Processing file /home/airflow/.local/lib/python3.12/site-packages/airflow/example_dags/example_sla_dag.py for tasks to queue
[2025-01-17T11:28:47.842+0000] {logging_mixin.py:190} INFO - [2025-01-17T11:28:47.841+0000] {dagbag.py:588} INFO - Filling up the DagBag from /home/airflow/.local/lib/python3.12/site-packages/airflow/example_dags/example_sla_dag.py
[2025-01-17T11:28:47.852+0000] {processor.py:925} INFO - DAG(s) 'example_sla_dag' retrieved from /home/airflow/.local/lib/python3.12/site-packages/airflow/example_dags/example_sla_dag.py
[2025-01-17T11:28:47.876+0000] {logging_mixin.py:190} INFO - [2025-01-17T11:28:47.876+0000] {dag.py:3239} INFO - Sync 1 DAGs
[2025-01-17T11:28:47.904+0000] {logging_mixin.py:190} INFO - [2025-01-17T11:28:47.904+0000] {dag.py:4180} INFO - Setting next_dagrun for example_sla_dag to 2025-01-17 11:26:00+00:00, run_after=2025-01-17 11:28:00+00:00
[2025-01-17T11:28:47.929+0000] {processor.py:208} INFO - Processing /home/airflow/.local/lib/python3.12/site-packages/airflow/example_dags/example_sla_dag.py took 0.097 seconds
[2025-01-17T11:29:19.020+0000] {processor.py:186} INFO - Started process (PID=982) to work on /home/airflow/.local/lib/python3.12/site-packages/airflow/example_dags/example_sla_dag.py
[2025-01-17T11:29:19.021+0000] {processor.py:914} INFO - Processing file /home/airflow/.local/lib/python3.12/site-packages/airflow/example_dags/example_sla_dag.py for tasks to queue
[2025-01-17T11:29:19.024+0000] {logging_mixin.py:190} INFO - [2025-01-17T11:29:19.024+0000] {dagbag.py:588} INFO - Filling up the DagBag from /home/airflow/.local/lib/python3.12/site-packages/airflow/example_dags/example_sla_dag.py
[2025-01-17T11:29:19.034+0000] {processor.py:925} INFO - DAG(s) 'example_sla_dag' retrieved from /home/airflow/.local/lib/python3.12/site-packages/airflow/example_dags/example_sla_dag.py
[2025-01-17T11:29:19.057+0000] {logging_mixin.py:190} INFO - [2025-01-17T11:29:19.057+0000] {dag.py:3239} INFO - Sync 1 DAGs
[2025-01-17T11:29:19.082+0000] {logging_mixin.py:190} INFO - [2025-01-17T11:29:19.082+0000] {dag.py:4180} INFO - Setting next_dagrun for example_sla_dag to 2025-01-17 11:26:00+00:00, run_after=2025-01-17 11:28:00+00:00
[2025-01-17T11:29:19.107+0000] {processor.py:208} INFO - Processing /home/airflow/.local/lib/python3.12/site-packages/airflow/example_dags/example_sla_dag.py took 0.093 seconds
