[2025-01-17T10:32:03.219+0000] {processor.py:186} INFO - Started process (PID=113) to work on /home/airflow/.local/lib/python3.12/site-packages/airflow/example_dags/example_complex.py
[2025-01-17T10:32:03.221+0000] {processor.py:914} INFO - Processing file /home/airflow/.local/lib/python3.12/site-packages/airflow/example_dags/example_complex.py for tasks to queue
[2025-01-17T10:32:03.224+0000] {logging_mixin.py:190} INFO - [2025-01-17T10:32:03.224+0000] {dagbag.py:588} INFO - Filling up the DagBag from /home/airflow/.local/lib/python3.12/site-packages/airflow/example_dags/example_complex.py
[2025-01-17T10:32:03.243+0000] {processor.py:925} INFO - DAG(s) 'example_complex' retrieved from /home/airflow/.local/lib/python3.12/site-packages/airflow/example_dags/example_complex.py
[2025-01-17T10:32:03.283+0000] {logging_mixin.py:190} INFO - [2025-01-17T10:32:03.282+0000] {dag.py:3239} INFO - Sync 1 DAGs
[2025-01-17T10:32:03.301+0000] {logging_mixin.py:190} INFO - [2025-01-17T10:32:03.300+0000] {dag.py:4180} INFO - Setting next_dagrun for example_complex to None, run_after=None
[2025-01-17T10:32:03.335+0000] {processor.py:208} INFO - Processing /home/airflow/.local/lib/python3.12/site-packages/airflow/example_dags/example_complex.py took 0.121 seconds
[2025-01-17T10:32:35.143+0000] {processor.py:186} INFO - Started process (PID=177) to work on /home/airflow/.local/lib/python3.12/site-packages/airflow/example_dags/example_complex.py
[2025-01-17T10:32:35.144+0000] {processor.py:914} INFO - Processing file /home/airflow/.local/lib/python3.12/site-packages/airflow/example_dags/example_complex.py for tasks to queue
[2025-01-17T10:32:35.148+0000] {logging_mixin.py:190} INFO - [2025-01-17T10:32:35.147+0000] {dagbag.py:588} INFO - Filling up the DagBag from /home/airflow/.local/lib/python3.12/site-packages/airflow/example_dags/example_complex.py
[2025-01-17T10:32:35.164+0000] {processor.py:925} INFO - DAG(s) 'example_complex' retrieved from /home/airflow/.local/lib/python3.12/site-packages/airflow/example_dags/example_complex.py
[2025-01-17T10:32:35.216+0000] {logging_mixin.py:190} INFO - [2025-01-17T10:32:35.215+0000] {dag.py:3239} INFO - Sync 1 DAGs
[2025-01-17T10:32:35.237+0000] {logging_mixin.py:190} INFO - [2025-01-17T10:32:35.237+0000] {dag.py:4180} INFO - Setting next_dagrun for example_complex to None, run_after=None
[2025-01-17T10:32:35.269+0000] {processor.py:208} INFO - Processing /home/airflow/.local/lib/python3.12/site-packages/airflow/example_dags/example_complex.py took 0.134 seconds
[2025-01-17T10:33:05.909+0000] {processor.py:186} INFO - Started process (PID=241) to work on /home/airflow/.local/lib/python3.12/site-packages/airflow/example_dags/example_complex.py
[2025-01-17T10:33:05.910+0000] {processor.py:914} INFO - Processing file /home/airflow/.local/lib/python3.12/site-packages/airflow/example_dags/example_complex.py for tasks to queue
[2025-01-17T10:33:05.913+0000] {logging_mixin.py:190} INFO - [2025-01-17T10:33:05.913+0000] {dagbag.py:588} INFO - Filling up the DagBag from /home/airflow/.local/lib/python3.12/site-packages/airflow/example_dags/example_complex.py
[2025-01-17T10:33:05.926+0000] {processor.py:925} INFO - DAG(s) 'example_complex' retrieved from /home/airflow/.local/lib/python3.12/site-packages/airflow/example_dags/example_complex.py
[2025-01-17T10:33:05.976+0000] {logging_mixin.py:190} INFO - [2025-01-17T10:33:05.976+0000] {dag.py:3239} INFO - Sync 1 DAGs
[2025-01-17T10:33:06.025+0000] {logging_mixin.py:190} INFO - [2025-01-17T10:33:06.025+0000] {dag.py:4180} INFO - Setting next_dagrun for example_complex to None, run_after=None
[2025-01-17T10:33:06.097+0000] {processor.py:208} INFO - Processing /home/airflow/.local/lib/python3.12/site-packages/airflow/example_dags/example_complex.py took 0.195 seconds
[2025-01-17T10:33:37.989+0000] {processor.py:186} INFO - Started process (PID=305) to work on /home/airflow/.local/lib/python3.12/site-packages/airflow/example_dags/example_complex.py
[2025-01-17T10:33:37.991+0000] {processor.py:914} INFO - Processing file /home/airflow/.local/lib/python3.12/site-packages/airflow/example_dags/example_complex.py for tasks to queue
[2025-01-17T10:33:37.996+0000] {logging_mixin.py:190} INFO - [2025-01-17T10:33:37.995+0000] {dagbag.py:588} INFO - Filling up the DagBag from /home/airflow/.local/lib/python3.12/site-packages/airflow/example_dags/example_complex.py
[2025-01-17T10:33:38.017+0000] {processor.py:925} INFO - DAG(s) 'example_complex' retrieved from /home/airflow/.local/lib/python3.12/site-packages/airflow/example_dags/example_complex.py
[2025-01-17T10:33:38.079+0000] {logging_mixin.py:190} INFO - [2025-01-17T10:33:38.078+0000] {dag.py:3239} INFO - Sync 1 DAGs
[2025-01-17T10:33:38.101+0000] {logging_mixin.py:190} INFO - [2025-01-17T10:33:38.100+0000] {dag.py:4180} INFO - Setting next_dagrun for example_complex to None, run_after=None
[2025-01-17T10:33:38.142+0000] {processor.py:208} INFO - Processing /home/airflow/.local/lib/python3.12/site-packages/airflow/example_dags/example_complex.py took 0.160 seconds
[2025-01-17T10:34:09.410+0000] {processor.py:186} INFO - Started process (PID=369) to work on /home/airflow/.local/lib/python3.12/site-packages/airflow/example_dags/example_complex.py
[2025-01-17T10:34:09.412+0000] {processor.py:914} INFO - Processing file /home/airflow/.local/lib/python3.12/site-packages/airflow/example_dags/example_complex.py for tasks to queue
[2025-01-17T10:34:09.417+0000] {logging_mixin.py:190} INFO - [2025-01-17T10:34:09.416+0000] {dagbag.py:588} INFO - Filling up the DagBag from /home/airflow/.local/lib/python3.12/site-packages/airflow/example_dags/example_complex.py
[2025-01-17T10:34:09.435+0000] {processor.py:925} INFO - DAG(s) 'example_complex' retrieved from /home/airflow/.local/lib/python3.12/site-packages/airflow/example_dags/example_complex.py
[2025-01-17T10:34:09.502+0000] {logging_mixin.py:190} INFO - [2025-01-17T10:34:09.502+0000] {dag.py:3239} INFO - Sync 1 DAGs
[2025-01-17T10:34:09.528+0000] {logging_mixin.py:190} INFO - [2025-01-17T10:34:09.527+0000] {dag.py:4180} INFO - Setting next_dagrun for example_complex to None, run_after=None
[2025-01-17T10:34:09.565+0000] {processor.py:208} INFO - Processing /home/airflow/.local/lib/python3.12/site-packages/airflow/example_dags/example_complex.py took 0.165 seconds
[2025-01-17T10:34:41.337+0000] {processor.py:186} INFO - Started process (PID=432) to work on /home/airflow/.local/lib/python3.12/site-packages/airflow/example_dags/example_complex.py
[2025-01-17T10:34:41.339+0000] {processor.py:914} INFO - Processing file /home/airflow/.local/lib/python3.12/site-packages/airflow/example_dags/example_complex.py for tasks to queue
[2025-01-17T10:34:41.341+0000] {logging_mixin.py:190} INFO - [2025-01-17T10:34:41.341+0000] {dagbag.py:588} INFO - Filling up the DagBag from /home/airflow/.local/lib/python3.12/site-packages/airflow/example_dags/example_complex.py
[2025-01-17T10:34:41.363+0000] {processor.py:925} INFO - DAG(s) 'example_complex' retrieved from /home/airflow/.local/lib/python3.12/site-packages/airflow/example_dags/example_complex.py
[2025-01-17T10:34:41.414+0000] {logging_mixin.py:190} INFO - [2025-01-17T10:34:41.414+0000] {dag.py:3239} INFO - Sync 1 DAGs
[2025-01-17T10:34:41.442+0000] {logging_mixin.py:190} INFO - [2025-01-17T10:34:41.441+0000] {dag.py:4180} INFO - Setting next_dagrun for example_complex to None, run_after=None
[2025-01-17T10:34:41.482+0000] {processor.py:208} INFO - Processing /home/airflow/.local/lib/python3.12/site-packages/airflow/example_dags/example_complex.py took 0.155 seconds
[2025-01-17T10:35:13.248+0000] {processor.py:186} INFO - Started process (PID=495) to work on /home/airflow/.local/lib/python3.12/site-packages/airflow/example_dags/example_complex.py
[2025-01-17T10:35:13.249+0000] {processor.py:914} INFO - Processing file /home/airflow/.local/lib/python3.12/site-packages/airflow/example_dags/example_complex.py for tasks to queue
[2025-01-17T10:35:13.252+0000] {logging_mixin.py:190} INFO - [2025-01-17T10:35:13.251+0000] {dagbag.py:588} INFO - Filling up the DagBag from /home/airflow/.local/lib/python3.12/site-packages/airflow/example_dags/example_complex.py
[2025-01-17T10:35:13.270+0000] {processor.py:925} INFO - DAG(s) 'example_complex' retrieved from /home/airflow/.local/lib/python3.12/site-packages/airflow/example_dags/example_complex.py
[2025-01-17T10:35:13.319+0000] {logging_mixin.py:190} INFO - [2025-01-17T10:35:13.318+0000] {dag.py:3239} INFO - Sync 1 DAGs
[2025-01-17T10:35:13.341+0000] {logging_mixin.py:190} INFO - [2025-01-17T10:35:13.341+0000] {dag.py:4180} INFO - Setting next_dagrun for example_complex to None, run_after=None
[2025-01-17T10:35:13.375+0000] {processor.py:208} INFO - Processing /home/airflow/.local/lib/python3.12/site-packages/airflow/example_dags/example_complex.py took 0.137 seconds
[2025-01-17T10:35:44.829+0000] {processor.py:186} INFO - Started process (PID=558) to work on /home/airflow/.local/lib/python3.12/site-packages/airflow/example_dags/example_complex.py
[2025-01-17T10:35:44.831+0000] {processor.py:914} INFO - Processing file /home/airflow/.local/lib/python3.12/site-packages/airflow/example_dags/example_complex.py for tasks to queue
[2025-01-17T10:35:44.834+0000] {logging_mixin.py:190} INFO - [2025-01-17T10:35:44.833+0000] {dagbag.py:588} INFO - Filling up the DagBag from /home/airflow/.local/lib/python3.12/site-packages/airflow/example_dags/example_complex.py
[2025-01-17T10:35:44.852+0000] {processor.py:925} INFO - DAG(s) 'example_complex' retrieved from /home/airflow/.local/lib/python3.12/site-packages/airflow/example_dags/example_complex.py
[2025-01-17T10:35:44.910+0000] {logging_mixin.py:190} INFO - [2025-01-17T10:35:44.910+0000] {dag.py:3239} INFO - Sync 1 DAGs
[2025-01-17T10:35:44.942+0000] {logging_mixin.py:190} INFO - [2025-01-17T10:35:44.942+0000] {dag.py:4180} INFO - Setting next_dagrun for example_complex to None, run_after=None
[2025-01-17T10:35:44.981+0000] {processor.py:208} INFO - Processing /home/airflow/.local/lib/python3.12/site-packages/airflow/example_dags/example_complex.py took 0.163 seconds
[2025-01-17T10:36:16.545+0000] {processor.py:186} INFO - Started process (PID=621) to work on /home/airflow/.local/lib/python3.12/site-packages/airflow/example_dags/example_complex.py
[2025-01-17T10:36:16.547+0000] {processor.py:914} INFO - Processing file /home/airflow/.local/lib/python3.12/site-packages/airflow/example_dags/example_complex.py for tasks to queue
[2025-01-17T10:36:16.549+0000] {logging_mixin.py:190} INFO - [2025-01-17T10:36:16.549+0000] {dagbag.py:588} INFO - Filling up the DagBag from /home/airflow/.local/lib/python3.12/site-packages/airflow/example_dags/example_complex.py
[2025-01-17T10:36:16.573+0000] {processor.py:925} INFO - DAG(s) 'example_complex' retrieved from /home/airflow/.local/lib/python3.12/site-packages/airflow/example_dags/example_complex.py
[2025-01-17T10:36:16.626+0000] {logging_mixin.py:190} INFO - [2025-01-17T10:36:16.625+0000] {dag.py:3239} INFO - Sync 1 DAGs
[2025-01-17T10:36:16.650+0000] {logging_mixin.py:190} INFO - [2025-01-17T10:36:16.649+0000] {dag.py:4180} INFO - Setting next_dagrun for example_complex to None, run_after=None
[2025-01-17T10:36:16.684+0000] {processor.py:208} INFO - Processing /home/airflow/.local/lib/python3.12/site-packages/airflow/example_dags/example_complex.py took 0.147 seconds
[2025-01-17T10:37:33.107+0000] {processor.py:186} INFO - Started process (PID=106) to work on /home/airflow/.local/lib/python3.12/site-packages/airflow/example_dags/example_complex.py
[2025-01-17T10:37:33.109+0000] {processor.py:914} INFO - Processing file /home/airflow/.local/lib/python3.12/site-packages/airflow/example_dags/example_complex.py for tasks to queue
[2025-01-17T10:37:33.113+0000] {logging_mixin.py:190} INFO - [2025-01-17T10:37:33.113+0000] {dagbag.py:588} INFO - Filling up the DagBag from /home/airflow/.local/lib/python3.12/site-packages/airflow/example_dags/example_complex.py
[2025-01-17T10:37:33.136+0000] {processor.py:925} INFO - DAG(s) 'example_complex' retrieved from /home/airflow/.local/lib/python3.12/site-packages/airflow/example_dags/example_complex.py
[2025-01-17T10:37:33.209+0000] {logging_mixin.py:190} INFO - [2025-01-17T10:37:33.207+0000] {dag.py:3239} INFO - Sync 1 DAGs
[2025-01-17T10:37:33.236+0000] {logging_mixin.py:190} INFO - [2025-01-17T10:37:33.235+0000] {dag.py:4180} INFO - Setting next_dagrun for example_complex to None, run_after=None
[2025-01-17T10:37:33.263+0000] {processor.py:208} INFO - Processing /home/airflow/.local/lib/python3.12/site-packages/airflow/example_dags/example_complex.py took 0.167 seconds
[2025-01-17T10:38:05.340+0000] {processor.py:186} INFO - Started process (PID=170) to work on /home/airflow/.local/lib/python3.12/site-packages/airflow/example_dags/example_complex.py
[2025-01-17T10:38:05.342+0000] {processor.py:914} INFO - Processing file /home/airflow/.local/lib/python3.12/site-packages/airflow/example_dags/example_complex.py for tasks to queue
[2025-01-17T10:38:05.346+0000] {logging_mixin.py:190} INFO - [2025-01-17T10:38:05.345+0000] {dagbag.py:588} INFO - Filling up the DagBag from /home/airflow/.local/lib/python3.12/site-packages/airflow/example_dags/example_complex.py
[2025-01-17T10:38:05.368+0000] {processor.py:925} INFO - DAG(s) 'example_complex' retrieved from /home/airflow/.local/lib/python3.12/site-packages/airflow/example_dags/example_complex.py
[2025-01-17T10:38:05.437+0000] {logging_mixin.py:190} INFO - [2025-01-17T10:38:05.437+0000] {dag.py:3239} INFO - Sync 1 DAGs
[2025-01-17T10:38:05.458+0000] {logging_mixin.py:190} INFO - [2025-01-17T10:38:05.458+0000] {dag.py:4180} INFO - Setting next_dagrun for example_complex to None, run_after=None
[2025-01-17T10:38:05.492+0000] {processor.py:208} INFO - Processing /home/airflow/.local/lib/python3.12/site-packages/airflow/example_dags/example_complex.py took 0.162 seconds
[2025-01-17T10:52:16.052+0000] {processor.py:186} INFO - Started process (PID=113) to work on /home/airflow/.local/lib/python3.12/site-packages/airflow/example_dags/example_complex.py
[2025-01-17T10:52:16.053+0000] {processor.py:914} INFO - Processing file /home/airflow/.local/lib/python3.12/site-packages/airflow/example_dags/example_complex.py for tasks to queue
[2025-01-17T10:52:16.057+0000] {logging_mixin.py:190} INFO - [2025-01-17T10:52:16.056+0000] {dagbag.py:588} INFO - Filling up the DagBag from /home/airflow/.local/lib/python3.12/site-packages/airflow/example_dags/example_complex.py
[2025-01-17T10:52:16.070+0000] {processor.py:925} INFO - DAG(s) 'example_complex' retrieved from /home/airflow/.local/lib/python3.12/site-packages/airflow/example_dags/example_complex.py
[2025-01-17T10:52:16.104+0000] {logging_mixin.py:190} INFO - [2025-01-17T10:52:16.103+0000] {dag.py:3239} INFO - Sync 1 DAGs
[2025-01-17T10:52:16.119+0000] {logging_mixin.py:190} INFO - [2025-01-17T10:52:16.119+0000] {dag.py:4180} INFO - Setting next_dagrun for example_complex to None, run_after=None
[2025-01-17T10:52:16.144+0000] {processor.py:208} INFO - Processing /home/airflow/.local/lib/python3.12/site-packages/airflow/example_dags/example_complex.py took 0.098 seconds
[2025-01-17T10:52:47.399+0000] {processor.py:186} INFO - Started process (PID=177) to work on /home/airflow/.local/lib/python3.12/site-packages/airflow/example_dags/example_complex.py
[2025-01-17T10:52:47.400+0000] {processor.py:914} INFO - Processing file /home/airflow/.local/lib/python3.12/site-packages/airflow/example_dags/example_complex.py for tasks to queue
[2025-01-17T10:52:47.403+0000] {logging_mixin.py:190} INFO - [2025-01-17T10:52:47.402+0000] {dagbag.py:588} INFO - Filling up the DagBag from /home/airflow/.local/lib/python3.12/site-packages/airflow/example_dags/example_complex.py
[2025-01-17T10:52:47.414+0000] {processor.py:925} INFO - DAG(s) 'example_complex' retrieved from /home/airflow/.local/lib/python3.12/site-packages/airflow/example_dags/example_complex.py
[2025-01-17T10:52:47.444+0000] {logging_mixin.py:190} INFO - [2025-01-17T10:52:47.443+0000] {dag.py:3239} INFO - Sync 1 DAGs
[2025-01-17T10:52:47.458+0000] {logging_mixin.py:190} INFO - [2025-01-17T10:52:47.457+0000] {dag.py:4180} INFO - Setting next_dagrun for example_complex to None, run_after=None
[2025-01-17T10:52:47.483+0000] {processor.py:208} INFO - Processing /home/airflow/.local/lib/python3.12/site-packages/airflow/example_dags/example_complex.py took 0.089 seconds
[2025-01-17T10:53:18.573+0000] {processor.py:186} INFO - Started process (PID=241) to work on /home/airflow/.local/lib/python3.12/site-packages/airflow/example_dags/example_complex.py
[2025-01-17T10:53:18.575+0000] {processor.py:914} INFO - Processing file /home/airflow/.local/lib/python3.12/site-packages/airflow/example_dags/example_complex.py for tasks to queue
[2025-01-17T10:53:18.578+0000] {logging_mixin.py:190} INFO - [2025-01-17T10:53:18.577+0000] {dagbag.py:588} INFO - Filling up the DagBag from /home/airflow/.local/lib/python3.12/site-packages/airflow/example_dags/example_complex.py
[2025-01-17T10:53:18.589+0000] {processor.py:925} INFO - DAG(s) 'example_complex' retrieved from /home/airflow/.local/lib/python3.12/site-packages/airflow/example_dags/example_complex.py
[2025-01-17T10:53:18.619+0000] {logging_mixin.py:190} INFO - [2025-01-17T10:53:18.619+0000] {dag.py:3239} INFO - Sync 1 DAGs
[2025-01-17T10:53:18.634+0000] {logging_mixin.py:190} INFO - [2025-01-17T10:53:18.633+0000] {dag.py:4180} INFO - Setting next_dagrun for example_complex to None, run_after=None
[2025-01-17T10:53:18.656+0000] {processor.py:208} INFO - Processing /home/airflow/.local/lib/python3.12/site-packages/airflow/example_dags/example_complex.py took 0.088 seconds
[2025-01-17T10:53:50.034+0000] {processor.py:186} INFO - Started process (PID=306) to work on /home/airflow/.local/lib/python3.12/site-packages/airflow/example_dags/example_complex.py
[2025-01-17T10:53:50.035+0000] {processor.py:914} INFO - Processing file /home/airflow/.local/lib/python3.12/site-packages/airflow/example_dags/example_complex.py for tasks to queue
[2025-01-17T10:53:50.039+0000] {logging_mixin.py:190} INFO - [2025-01-17T10:53:50.038+0000] {dagbag.py:588} INFO - Filling up the DagBag from /home/airflow/.local/lib/python3.12/site-packages/airflow/example_dags/example_complex.py
[2025-01-17T10:53:50.050+0000] {processor.py:925} INFO - DAG(s) 'example_complex' retrieved from /home/airflow/.local/lib/python3.12/site-packages/airflow/example_dags/example_complex.py
[2025-01-17T10:53:50.083+0000] {logging_mixin.py:190} INFO - [2025-01-17T10:53:50.083+0000] {dag.py:3239} INFO - Sync 1 DAGs
[2025-01-17T10:53:50.098+0000] {logging_mixin.py:190} INFO - [2025-01-17T10:53:50.097+0000] {dag.py:4180} INFO - Setting next_dagrun for example_complex to None, run_after=None
[2025-01-17T10:53:50.121+0000] {processor.py:208} INFO - Processing /home/airflow/.local/lib/python3.12/site-packages/airflow/example_dags/example_complex.py took 0.093 seconds
[2025-01-17T10:54:21.337+0000] {processor.py:186} INFO - Started process (PID=370) to work on /home/airflow/.local/lib/python3.12/site-packages/airflow/example_dags/example_complex.py
[2025-01-17T10:54:21.339+0000] {processor.py:914} INFO - Processing file /home/airflow/.local/lib/python3.12/site-packages/airflow/example_dags/example_complex.py for tasks to queue
[2025-01-17T10:54:21.341+0000] {logging_mixin.py:190} INFO - [2025-01-17T10:54:21.340+0000] {dagbag.py:588} INFO - Filling up the DagBag from /home/airflow/.local/lib/python3.12/site-packages/airflow/example_dags/example_complex.py
[2025-01-17T10:54:21.352+0000] {processor.py:925} INFO - DAG(s) 'example_complex' retrieved from /home/airflow/.local/lib/python3.12/site-packages/airflow/example_dags/example_complex.py
[2025-01-17T10:54:21.385+0000] {logging_mixin.py:190} INFO - [2025-01-17T10:54:21.384+0000] {dag.py:3239} INFO - Sync 1 DAGs
[2025-01-17T10:54:21.400+0000] {logging_mixin.py:190} INFO - [2025-01-17T10:54:21.400+0000] {dag.py:4180} INFO - Setting next_dagrun for example_complex to None, run_after=None
[2025-01-17T10:54:21.425+0000] {processor.py:208} INFO - Processing /home/airflow/.local/lib/python3.12/site-packages/airflow/example_dags/example_complex.py took 0.093 seconds
[2025-01-17T10:54:52.763+0000] {processor.py:186} INFO - Started process (PID=434) to work on /home/airflow/.local/lib/python3.12/site-packages/airflow/example_dags/example_complex.py
[2025-01-17T10:54:52.764+0000] {processor.py:914} INFO - Processing file /home/airflow/.local/lib/python3.12/site-packages/airflow/example_dags/example_complex.py for tasks to queue
[2025-01-17T10:54:52.768+0000] {logging_mixin.py:190} INFO - [2025-01-17T10:54:52.767+0000] {dagbag.py:588} INFO - Filling up the DagBag from /home/airflow/.local/lib/python3.12/site-packages/airflow/example_dags/example_complex.py
[2025-01-17T10:54:52.780+0000] {processor.py:925} INFO - DAG(s) 'example_complex' retrieved from /home/airflow/.local/lib/python3.12/site-packages/airflow/example_dags/example_complex.py
[2025-01-17T10:54:52.812+0000] {logging_mixin.py:190} INFO - [2025-01-17T10:54:52.811+0000] {dag.py:3239} INFO - Sync 1 DAGs
[2025-01-17T10:54:52.827+0000] {logging_mixin.py:190} INFO - [2025-01-17T10:54:52.826+0000] {dag.py:4180} INFO - Setting next_dagrun for example_complex to None, run_after=None
[2025-01-17T10:54:52.850+0000] {processor.py:208} INFO - Processing /home/airflow/.local/lib/python3.12/site-packages/airflow/example_dags/example_complex.py took 0.092 seconds
[2025-01-17T10:55:24.113+0000] {processor.py:186} INFO - Started process (PID=498) to work on /home/airflow/.local/lib/python3.12/site-packages/airflow/example_dags/example_complex.py
[2025-01-17T10:55:24.114+0000] {processor.py:914} INFO - Processing file /home/airflow/.local/lib/python3.12/site-packages/airflow/example_dags/example_complex.py for tasks to queue
[2025-01-17T10:55:24.117+0000] {logging_mixin.py:190} INFO - [2025-01-17T10:55:24.117+0000] {dagbag.py:588} INFO - Filling up the DagBag from /home/airflow/.local/lib/python3.12/site-packages/airflow/example_dags/example_complex.py
[2025-01-17T10:55:24.129+0000] {processor.py:925} INFO - DAG(s) 'example_complex' retrieved from /home/airflow/.local/lib/python3.12/site-packages/airflow/example_dags/example_complex.py
[2025-01-17T10:55:24.163+0000] {logging_mixin.py:190} INFO - [2025-01-17T10:55:24.162+0000] {dag.py:3239} INFO - Sync 1 DAGs
[2025-01-17T10:55:24.177+0000] {logging_mixin.py:190} INFO - [2025-01-17T10:55:24.176+0000] {dag.py:4180} INFO - Setting next_dagrun for example_complex to None, run_after=None
[2025-01-17T10:55:24.201+0000] {processor.py:208} INFO - Processing /home/airflow/.local/lib/python3.12/site-packages/airflow/example_dags/example_complex.py took 0.094 seconds
[2025-01-17T10:55:55.480+0000] {processor.py:186} INFO - Started process (PID=563) to work on /home/airflow/.local/lib/python3.12/site-packages/airflow/example_dags/example_complex.py
[2025-01-17T10:55:55.482+0000] {processor.py:914} INFO - Processing file /home/airflow/.local/lib/python3.12/site-packages/airflow/example_dags/example_complex.py for tasks to queue
[2025-01-17T10:55:55.485+0000] {logging_mixin.py:190} INFO - [2025-01-17T10:55:55.484+0000] {dagbag.py:588} INFO - Filling up the DagBag from /home/airflow/.local/lib/python3.12/site-packages/airflow/example_dags/example_complex.py
[2025-01-17T10:55:55.498+0000] {processor.py:925} INFO - DAG(s) 'example_complex' retrieved from /home/airflow/.local/lib/python3.12/site-packages/airflow/example_dags/example_complex.py
[2025-01-17T10:55:55.530+0000] {logging_mixin.py:190} INFO - [2025-01-17T10:55:55.529+0000] {dag.py:3239} INFO - Sync 1 DAGs
[2025-01-17T10:55:55.544+0000] {logging_mixin.py:190} INFO - [2025-01-17T10:55:55.543+0000] {dag.py:4180} INFO - Setting next_dagrun for example_complex to None, run_after=None
[2025-01-17T10:55:55.568+0000] {processor.py:208} INFO - Processing /home/airflow/.local/lib/python3.12/site-packages/airflow/example_dags/example_complex.py took 0.093 seconds
[2025-01-17T10:56:26.721+0000] {processor.py:186} INFO - Started process (PID=627) to work on /home/airflow/.local/lib/python3.12/site-packages/airflow/example_dags/example_complex.py
[2025-01-17T10:56:26.723+0000] {processor.py:914} INFO - Processing file /home/airflow/.local/lib/python3.12/site-packages/airflow/example_dags/example_complex.py for tasks to queue
[2025-01-17T10:56:26.726+0000] {logging_mixin.py:190} INFO - [2025-01-17T10:56:26.726+0000] {dagbag.py:588} INFO - Filling up the DagBag from /home/airflow/.local/lib/python3.12/site-packages/airflow/example_dags/example_complex.py
[2025-01-17T10:56:26.740+0000] {processor.py:925} INFO - DAG(s) 'example_complex' retrieved from /home/airflow/.local/lib/python3.12/site-packages/airflow/example_dags/example_complex.py
[2025-01-17T10:56:26.774+0000] {logging_mixin.py:190} INFO - [2025-01-17T10:56:26.774+0000] {dag.py:3239} INFO - Sync 1 DAGs
[2025-01-17T10:56:26.788+0000] {logging_mixin.py:190} INFO - [2025-01-17T10:56:26.788+0000] {dag.py:4180} INFO - Setting next_dagrun for example_complex to None, run_after=None
[2025-01-17T10:56:26.812+0000] {processor.py:208} INFO - Processing /home/airflow/.local/lib/python3.12/site-packages/airflow/example_dags/example_complex.py took 0.097 seconds
[2025-01-17T10:56:58.315+0000] {processor.py:186} INFO - Started process (PID=692) to work on /home/airflow/.local/lib/python3.12/site-packages/airflow/example_dags/example_complex.py
[2025-01-17T10:56:58.316+0000] {processor.py:914} INFO - Processing file /home/airflow/.local/lib/python3.12/site-packages/airflow/example_dags/example_complex.py for tasks to queue
[2025-01-17T10:56:58.319+0000] {logging_mixin.py:190} INFO - [2025-01-17T10:56:58.319+0000] {dagbag.py:588} INFO - Filling up the DagBag from /home/airflow/.local/lib/python3.12/site-packages/airflow/example_dags/example_complex.py
[2025-01-17T10:56:58.330+0000] {processor.py:925} INFO - DAG(s) 'example_complex' retrieved from /home/airflow/.local/lib/python3.12/site-packages/airflow/example_dags/example_complex.py
[2025-01-17T10:56:58.361+0000] {logging_mixin.py:190} INFO - [2025-01-17T10:56:58.361+0000] {dag.py:3239} INFO - Sync 1 DAGs
[2025-01-17T10:56:58.377+0000] {logging_mixin.py:190} INFO - [2025-01-17T10:56:58.376+0000] {dag.py:4180} INFO - Setting next_dagrun for example_complex to None, run_after=None
[2025-01-17T10:56:58.399+0000] {processor.py:208} INFO - Processing /home/airflow/.local/lib/python3.12/site-packages/airflow/example_dags/example_complex.py took 0.089 seconds
[2025-01-17T10:57:29.090+0000] {processor.py:186} INFO - Started process (PID=756) to work on /home/airflow/.local/lib/python3.12/site-packages/airflow/example_dags/example_complex.py
[2025-01-17T10:57:29.091+0000] {processor.py:914} INFO - Processing file /home/airflow/.local/lib/python3.12/site-packages/airflow/example_dags/example_complex.py for tasks to queue
[2025-01-17T10:57:29.095+0000] {logging_mixin.py:190} INFO - [2025-01-17T10:57:29.094+0000] {dagbag.py:588} INFO - Filling up the DagBag from /home/airflow/.local/lib/python3.12/site-packages/airflow/example_dags/example_complex.py
[2025-01-17T10:57:29.107+0000] {processor.py:925} INFO - DAG(s) 'example_complex' retrieved from /home/airflow/.local/lib/python3.12/site-packages/airflow/example_dags/example_complex.py
[2025-01-17T10:57:29.139+0000] {logging_mixin.py:190} INFO - [2025-01-17T10:57:29.138+0000] {dag.py:3239} INFO - Sync 1 DAGs
[2025-01-17T10:57:29.168+0000] {logging_mixin.py:190} INFO - [2025-01-17T10:57:29.167+0000] {dag.py:4180} INFO - Setting next_dagrun for example_complex to None, run_after=None
[2025-01-17T10:57:29.200+0000] {processor.py:208} INFO - Processing /home/airflow/.local/lib/python3.12/site-packages/airflow/example_dags/example_complex.py took 0.116 seconds
[2025-01-17T10:58:00.743+0000] {processor.py:186} INFO - Started process (PID=820) to work on /home/airflow/.local/lib/python3.12/site-packages/airflow/example_dags/example_complex.py
[2025-01-17T10:58:00.744+0000] {processor.py:914} INFO - Processing file /home/airflow/.local/lib/python3.12/site-packages/airflow/example_dags/example_complex.py for tasks to queue
[2025-01-17T10:58:00.747+0000] {logging_mixin.py:190} INFO - [2025-01-17T10:58:00.746+0000] {dagbag.py:588} INFO - Filling up the DagBag from /home/airflow/.local/lib/python3.12/site-packages/airflow/example_dags/example_complex.py
[2025-01-17T10:58:00.758+0000] {processor.py:925} INFO - DAG(s) 'example_complex' retrieved from /home/airflow/.local/lib/python3.12/site-packages/airflow/example_dags/example_complex.py
[2025-01-17T10:58:00.788+0000] {logging_mixin.py:190} INFO - [2025-01-17T10:58:00.788+0000] {dag.py:3239} INFO - Sync 1 DAGs
[2025-01-17T10:58:00.804+0000] {logging_mixin.py:190} INFO - [2025-01-17T10:58:00.804+0000] {dag.py:4180} INFO - Setting next_dagrun for example_complex to None, run_after=None
[2025-01-17T10:58:00.828+0000] {processor.py:208} INFO - Processing /home/airflow/.local/lib/python3.12/site-packages/airflow/example_dags/example_complex.py took 0.091 seconds
[2025-01-17T10:58:32.743+0000] {processor.py:186} INFO - Started process (PID=884) to work on /home/airflow/.local/lib/python3.12/site-packages/airflow/example_dags/example_complex.py
[2025-01-17T10:58:32.744+0000] {processor.py:914} INFO - Processing file /home/airflow/.local/lib/python3.12/site-packages/airflow/example_dags/example_complex.py for tasks to queue
[2025-01-17T10:58:32.748+0000] {logging_mixin.py:190} INFO - [2025-01-17T10:58:32.747+0000] {dagbag.py:588} INFO - Filling up the DagBag from /home/airflow/.local/lib/python3.12/site-packages/airflow/example_dags/example_complex.py
[2025-01-17T10:58:32.759+0000] {processor.py:925} INFO - DAG(s) 'example_complex' retrieved from /home/airflow/.local/lib/python3.12/site-packages/airflow/example_dags/example_complex.py
[2025-01-17T10:58:32.792+0000] {logging_mixin.py:190} INFO - [2025-01-17T10:58:32.791+0000] {dag.py:3239} INFO - Sync 1 DAGs
[2025-01-17T10:58:32.808+0000] {logging_mixin.py:190} INFO - [2025-01-17T10:58:32.808+0000] {dag.py:4180} INFO - Setting next_dagrun for example_complex to None, run_after=None
[2025-01-17T10:58:32.834+0000] {processor.py:208} INFO - Processing /home/airflow/.local/lib/python3.12/site-packages/airflow/example_dags/example_complex.py took 0.097 seconds
[2025-01-17T10:59:03.129+0000] {processor.py:186} INFO - Started process (PID=948) to work on /home/airflow/.local/lib/python3.12/site-packages/airflow/example_dags/example_complex.py
[2025-01-17T10:59:03.130+0000] {processor.py:914} INFO - Processing file /home/airflow/.local/lib/python3.12/site-packages/airflow/example_dags/example_complex.py for tasks to queue
[2025-01-17T10:59:03.133+0000] {logging_mixin.py:190} INFO - [2025-01-17T10:59:03.133+0000] {dagbag.py:588} INFO - Filling up the DagBag from /home/airflow/.local/lib/python3.12/site-packages/airflow/example_dags/example_complex.py
[2025-01-17T10:59:03.144+0000] {processor.py:925} INFO - DAG(s) 'example_complex' retrieved from /home/airflow/.local/lib/python3.12/site-packages/airflow/example_dags/example_complex.py
[2025-01-17T10:59:03.176+0000] {logging_mixin.py:190} INFO - [2025-01-17T10:59:03.176+0000] {dag.py:3239} INFO - Sync 1 DAGs
[2025-01-17T10:59:03.191+0000] {logging_mixin.py:190} INFO - [2025-01-17T10:59:03.191+0000] {dag.py:4180} INFO - Setting next_dagrun for example_complex to None, run_after=None
[2025-01-17T10:59:03.214+0000] {processor.py:208} INFO - Processing /home/airflow/.local/lib/python3.12/site-packages/airflow/example_dags/example_complex.py took 0.090 seconds
[2025-01-17T10:59:34.602+0000] {processor.py:186} INFO - Started process (PID=1012) to work on /home/airflow/.local/lib/python3.12/site-packages/airflow/example_dags/example_complex.py
[2025-01-17T10:59:34.603+0000] {processor.py:914} INFO - Processing file /home/airflow/.local/lib/python3.12/site-packages/airflow/example_dags/example_complex.py for tasks to queue
[2025-01-17T10:59:34.607+0000] {logging_mixin.py:190} INFO - [2025-01-17T10:59:34.606+0000] {dagbag.py:588} INFO - Filling up the DagBag from /home/airflow/.local/lib/python3.12/site-packages/airflow/example_dags/example_complex.py
[2025-01-17T10:59:34.618+0000] {processor.py:925} INFO - DAG(s) 'example_complex' retrieved from /home/airflow/.local/lib/python3.12/site-packages/airflow/example_dags/example_complex.py
[2025-01-17T10:59:34.652+0000] {logging_mixin.py:190} INFO - [2025-01-17T10:59:34.651+0000] {dag.py:3239} INFO - Sync 1 DAGs
[2025-01-17T10:59:34.665+0000] {logging_mixin.py:190} INFO - [2025-01-17T10:59:34.665+0000] {dag.py:4180} INFO - Setting next_dagrun for example_complex to None, run_after=None
[2025-01-17T10:59:34.691+0000] {processor.py:208} INFO - Processing /home/airflow/.local/lib/python3.12/site-packages/airflow/example_dags/example_complex.py took 0.094 seconds
[2025-01-17T11:00:05.893+0000] {processor.py:186} INFO - Started process (PID=1076) to work on /home/airflow/.local/lib/python3.12/site-packages/airflow/example_dags/example_complex.py
[2025-01-17T11:00:05.895+0000] {processor.py:914} INFO - Processing file /home/airflow/.local/lib/python3.12/site-packages/airflow/example_dags/example_complex.py for tasks to queue
[2025-01-17T11:00:05.899+0000] {logging_mixin.py:190} INFO - [2025-01-17T11:00:05.899+0000] {dagbag.py:588} INFO - Filling up the DagBag from /home/airflow/.local/lib/python3.12/site-packages/airflow/example_dags/example_complex.py
[2025-01-17T11:00:05.915+0000] {processor.py:925} INFO - DAG(s) 'example_complex' retrieved from /home/airflow/.local/lib/python3.12/site-packages/airflow/example_dags/example_complex.py
[2025-01-17T11:00:05.954+0000] {logging_mixin.py:190} INFO - [2025-01-17T11:00:05.954+0000] {dag.py:3239} INFO - Sync 1 DAGs
[2025-01-17T11:00:05.972+0000] {logging_mixin.py:190} INFO - [2025-01-17T11:00:05.972+0000] {dag.py:4180} INFO - Setting next_dagrun for example_complex to None, run_after=None
[2025-01-17T11:00:06.000+0000] {processor.py:208} INFO - Processing /home/airflow/.local/lib/python3.12/site-packages/airflow/example_dags/example_complex.py took 0.114 seconds
[2025-01-17T11:22:03.416+0000] {processor.py:186} INFO - Started process (PID=106) to work on /home/airflow/.local/lib/python3.12/site-packages/airflow/example_dags/example_complex.py
[2025-01-17T11:22:03.418+0000] {processor.py:914} INFO - Processing file /home/airflow/.local/lib/python3.12/site-packages/airflow/example_dags/example_complex.py for tasks to queue
[2025-01-17T11:22:03.422+0000] {logging_mixin.py:190} INFO - [2025-01-17T11:22:03.421+0000] {dagbag.py:588} INFO - Filling up the DagBag from /home/airflow/.local/lib/python3.12/site-packages/airflow/example_dags/example_complex.py
[2025-01-17T11:22:03.433+0000] {processor.py:925} INFO - DAG(s) 'example_complex' retrieved from /home/airflow/.local/lib/python3.12/site-packages/airflow/example_dags/example_complex.py
[2025-01-17T11:22:03.466+0000] {logging_mixin.py:190} INFO - [2025-01-17T11:22:03.466+0000] {dag.py:3239} INFO - Sync 1 DAGs
[2025-01-17T11:22:03.481+0000] {logging_mixin.py:190} INFO - [2025-01-17T11:22:03.481+0000] {dag.py:4180} INFO - Setting next_dagrun for example_complex to None, run_after=None
[2025-01-17T11:22:03.505+0000] {processor.py:208} INFO - Processing /home/airflow/.local/lib/python3.12/site-packages/airflow/example_dags/example_complex.py took 0.095 seconds
[2025-01-17T11:22:34.168+0000] {processor.py:186} INFO - Started process (PID=170) to work on /home/airflow/.local/lib/python3.12/site-packages/airflow/example_dags/example_complex.py
[2025-01-17T11:22:34.169+0000] {processor.py:914} INFO - Processing file /home/airflow/.local/lib/python3.12/site-packages/airflow/example_dags/example_complex.py for tasks to queue
[2025-01-17T11:22:34.172+0000] {logging_mixin.py:190} INFO - [2025-01-17T11:22:34.171+0000] {dagbag.py:588} INFO - Filling up the DagBag from /home/airflow/.local/lib/python3.12/site-packages/airflow/example_dags/example_complex.py
[2025-01-17T11:22:34.184+0000] {processor.py:925} INFO - DAG(s) 'example_complex' retrieved from /home/airflow/.local/lib/python3.12/site-packages/airflow/example_dags/example_complex.py
[2025-01-17T11:22:34.215+0000] {logging_mixin.py:190} INFO - [2025-01-17T11:22:34.215+0000] {dag.py:3239} INFO - Sync 1 DAGs
[2025-01-17T11:22:34.231+0000] {logging_mixin.py:190} INFO - [2025-01-17T11:22:34.230+0000] {dag.py:4180} INFO - Setting next_dagrun for example_complex to None, run_after=None
[2025-01-17T11:22:34.254+0000] {processor.py:208} INFO - Processing /home/airflow/.local/lib/python3.12/site-packages/airflow/example_dags/example_complex.py took 0.092 seconds
[2025-01-17T11:23:05.318+0000] {processor.py:186} INFO - Started process (PID=234) to work on /home/airflow/.local/lib/python3.12/site-packages/airflow/example_dags/example_complex.py
[2025-01-17T11:23:05.319+0000] {processor.py:914} INFO - Processing file /home/airflow/.local/lib/python3.12/site-packages/airflow/example_dags/example_complex.py for tasks to queue
[2025-01-17T11:23:05.323+0000] {logging_mixin.py:190} INFO - [2025-01-17T11:23:05.322+0000] {dagbag.py:588} INFO - Filling up the DagBag from /home/airflow/.local/lib/python3.12/site-packages/airflow/example_dags/example_complex.py
[2025-01-17T11:23:05.336+0000] {processor.py:925} INFO - DAG(s) 'example_complex' retrieved from /home/airflow/.local/lib/python3.12/site-packages/airflow/example_dags/example_complex.py
[2025-01-17T11:23:05.368+0000] {logging_mixin.py:190} INFO - [2025-01-17T11:23:05.368+0000] {dag.py:3239} INFO - Sync 1 DAGs
[2025-01-17T11:23:05.383+0000] {logging_mixin.py:190} INFO - [2025-01-17T11:23:05.383+0000] {dag.py:4180} INFO - Setting next_dagrun for example_complex to None, run_after=None
[2025-01-17T11:23:05.405+0000] {processor.py:208} INFO - Processing /home/airflow/.local/lib/python3.12/site-packages/airflow/example_dags/example_complex.py took 0.092 seconds
[2025-01-17T11:23:37.199+0000] {processor.py:186} INFO - Started process (PID=298) to work on /home/airflow/.local/lib/python3.12/site-packages/airflow/example_dags/example_complex.py
[2025-01-17T11:23:37.200+0000] {processor.py:914} INFO - Processing file /home/airflow/.local/lib/python3.12/site-packages/airflow/example_dags/example_complex.py for tasks to queue
[2025-01-17T11:23:37.203+0000] {logging_mixin.py:190} INFO - [2025-01-17T11:23:37.203+0000] {dagbag.py:588} INFO - Filling up the DagBag from /home/airflow/.local/lib/python3.12/site-packages/airflow/example_dags/example_complex.py
[2025-01-17T11:23:37.214+0000] {processor.py:925} INFO - DAG(s) 'example_complex' retrieved from /home/airflow/.local/lib/python3.12/site-packages/airflow/example_dags/example_complex.py
[2025-01-17T11:23:37.246+0000] {logging_mixin.py:190} INFO - [2025-01-17T11:23:37.246+0000] {dag.py:3239} INFO - Sync 1 DAGs
[2025-01-17T11:23:37.260+0000] {logging_mixin.py:190} INFO - [2025-01-17T11:23:37.259+0000] {dag.py:4180} INFO - Setting next_dagrun for example_complex to None, run_after=None
[2025-01-17T11:23:37.286+0000] {processor.py:208} INFO - Processing /home/airflow/.local/lib/python3.12/site-packages/airflow/example_dags/example_complex.py took 0.092 seconds
[2025-01-17T11:24:08.672+0000] {processor.py:186} INFO - Started process (PID=362) to work on /home/airflow/.local/lib/python3.12/site-packages/airflow/example_dags/example_complex.py
[2025-01-17T11:24:08.673+0000] {processor.py:914} INFO - Processing file /home/airflow/.local/lib/python3.12/site-packages/airflow/example_dags/example_complex.py for tasks to queue
[2025-01-17T11:24:08.676+0000] {logging_mixin.py:190} INFO - [2025-01-17T11:24:08.676+0000] {dagbag.py:588} INFO - Filling up the DagBag from /home/airflow/.local/lib/python3.12/site-packages/airflow/example_dags/example_complex.py
[2025-01-17T11:24:08.688+0000] {processor.py:925} INFO - DAG(s) 'example_complex' retrieved from /home/airflow/.local/lib/python3.12/site-packages/airflow/example_dags/example_complex.py
[2025-01-17T11:24:08.726+0000] {logging_mixin.py:190} INFO - [2025-01-17T11:24:08.726+0000] {dag.py:3239} INFO - Sync 1 DAGs
[2025-01-17T11:24:08.741+0000] {logging_mixin.py:190} INFO - [2025-01-17T11:24:08.741+0000] {dag.py:4180} INFO - Setting next_dagrun for example_complex to None, run_after=None
[2025-01-17T11:24:08.769+0000] {processor.py:208} INFO - Processing /home/airflow/.local/lib/python3.12/site-packages/airflow/example_dags/example_complex.py took 0.102 seconds
[2025-01-17T11:24:39.690+0000] {processor.py:186} INFO - Started process (PID=426) to work on /home/airflow/.local/lib/python3.12/site-packages/airflow/example_dags/example_complex.py
[2025-01-17T11:24:39.692+0000] {processor.py:914} INFO - Processing file /home/airflow/.local/lib/python3.12/site-packages/airflow/example_dags/example_complex.py for tasks to queue
[2025-01-17T11:24:39.696+0000] {logging_mixin.py:190} INFO - [2025-01-17T11:24:39.695+0000] {dagbag.py:588} INFO - Filling up the DagBag from /home/airflow/.local/lib/python3.12/site-packages/airflow/example_dags/example_complex.py
[2025-01-17T11:24:39.711+0000] {processor.py:925} INFO - DAG(s) 'example_complex' retrieved from /home/airflow/.local/lib/python3.12/site-packages/airflow/example_dags/example_complex.py
[2025-01-17T11:24:39.744+0000] {logging_mixin.py:190} INFO - [2025-01-17T11:24:39.744+0000] {dag.py:3239} INFO - Sync 1 DAGs
[2025-01-17T11:24:39.759+0000] {logging_mixin.py:190} INFO - [2025-01-17T11:24:39.758+0000] {dag.py:4180} INFO - Setting next_dagrun for example_complex to None, run_after=None
[2025-01-17T11:24:39.782+0000] {processor.py:208} INFO - Processing /home/airflow/.local/lib/python3.12/site-packages/airflow/example_dags/example_complex.py took 0.098 seconds
[2025-01-17T11:25:11.186+0000] {processor.py:186} INFO - Started process (PID=490) to work on /home/airflow/.local/lib/python3.12/site-packages/airflow/example_dags/example_complex.py
[2025-01-17T11:25:11.187+0000] {processor.py:914} INFO - Processing file /home/airflow/.local/lib/python3.12/site-packages/airflow/example_dags/example_complex.py for tasks to queue
[2025-01-17T11:25:11.191+0000] {logging_mixin.py:190} INFO - [2025-01-17T11:25:11.190+0000] {dagbag.py:588} INFO - Filling up the DagBag from /home/airflow/.local/lib/python3.12/site-packages/airflow/example_dags/example_complex.py
[2025-01-17T11:25:11.209+0000] {processor.py:925} INFO - DAG(s) 'example_complex' retrieved from /home/airflow/.local/lib/python3.12/site-packages/airflow/example_dags/example_complex.py
[2025-01-17T11:25:11.243+0000] {logging_mixin.py:190} INFO - [2025-01-17T11:25:11.243+0000] {dag.py:3239} INFO - Sync 1 DAGs
[2025-01-17T11:25:11.257+0000] {logging_mixin.py:190} INFO - [2025-01-17T11:25:11.256+0000] {dag.py:4180} INFO - Setting next_dagrun for example_complex to None, run_after=None
[2025-01-17T11:25:11.281+0000] {processor.py:208} INFO - Processing /home/airflow/.local/lib/python3.12/site-packages/airflow/example_dags/example_complex.py took 0.101 seconds
[2025-01-17T11:25:42.862+0000] {processor.py:186} INFO - Started process (PID=555) to work on /home/airflow/.local/lib/python3.12/site-packages/airflow/example_dags/example_complex.py
[2025-01-17T11:25:42.864+0000] {processor.py:914} INFO - Processing file /home/airflow/.local/lib/python3.12/site-packages/airflow/example_dags/example_complex.py for tasks to queue
[2025-01-17T11:25:42.867+0000] {logging_mixin.py:190} INFO - [2025-01-17T11:25:42.866+0000] {dagbag.py:588} INFO - Filling up the DagBag from /home/airflow/.local/lib/python3.12/site-packages/airflow/example_dags/example_complex.py
[2025-01-17T11:25:42.879+0000] {processor.py:925} INFO - DAG(s) 'example_complex' retrieved from /home/airflow/.local/lib/python3.12/site-packages/airflow/example_dags/example_complex.py
[2025-01-17T11:25:42.913+0000] {logging_mixin.py:190} INFO - [2025-01-17T11:25:42.912+0000] {dag.py:3239} INFO - Sync 1 DAGs
[2025-01-17T11:25:42.929+0000] {logging_mixin.py:190} INFO - [2025-01-17T11:25:42.929+0000] {dag.py:4180} INFO - Setting next_dagrun for example_complex to None, run_after=None
[2025-01-17T11:25:42.954+0000] {processor.py:208} INFO - Processing /home/airflow/.local/lib/python3.12/site-packages/airflow/example_dags/example_complex.py took 0.097 seconds
[2025-01-17T11:26:13.267+0000] {processor.py:186} INFO - Started process (PID=619) to work on /home/airflow/.local/lib/python3.12/site-packages/airflow/example_dags/example_complex.py
[2025-01-17T11:26:13.268+0000] {processor.py:914} INFO - Processing file /home/airflow/.local/lib/python3.12/site-packages/airflow/example_dags/example_complex.py for tasks to queue
[2025-01-17T11:26:13.271+0000] {logging_mixin.py:190} INFO - [2025-01-17T11:26:13.271+0000] {dagbag.py:588} INFO - Filling up the DagBag from /home/airflow/.local/lib/python3.12/site-packages/airflow/example_dags/example_complex.py
[2025-01-17T11:26:13.284+0000] {processor.py:925} INFO - DAG(s) 'example_complex' retrieved from /home/airflow/.local/lib/python3.12/site-packages/airflow/example_dags/example_complex.py
[2025-01-17T11:26:13.321+0000] {logging_mixin.py:190} INFO - [2025-01-17T11:26:13.321+0000] {dag.py:3239} INFO - Sync 1 DAGs
[2025-01-17T11:26:13.337+0000] {logging_mixin.py:190} INFO - [2025-01-17T11:26:13.336+0000] {dag.py:4180} INFO - Setting next_dagrun for example_complex to None, run_after=None
[2025-01-17T11:26:13.362+0000] {processor.py:208} INFO - Processing /home/airflow/.local/lib/python3.12/site-packages/airflow/example_dags/example_complex.py took 0.101 seconds
[2025-01-17T11:26:44.730+0000] {processor.py:186} INFO - Started process (PID=683) to work on /home/airflow/.local/lib/python3.12/site-packages/airflow/example_dags/example_complex.py
[2025-01-17T11:26:44.732+0000] {processor.py:914} INFO - Processing file /home/airflow/.local/lib/python3.12/site-packages/airflow/example_dags/example_complex.py for tasks to queue
[2025-01-17T11:26:44.734+0000] {logging_mixin.py:190} INFO - [2025-01-17T11:26:44.734+0000] {dagbag.py:588} INFO - Filling up the DagBag from /home/airflow/.local/lib/python3.12/site-packages/airflow/example_dags/example_complex.py
[2025-01-17T11:26:44.746+0000] {processor.py:925} INFO - DAG(s) 'example_complex' retrieved from /home/airflow/.local/lib/python3.12/site-packages/airflow/example_dags/example_complex.py
[2025-01-17T11:26:44.776+0000] {logging_mixin.py:190} INFO - [2025-01-17T11:26:44.775+0000] {dag.py:3239} INFO - Sync 1 DAGs
[2025-01-17T11:26:44.789+0000] {logging_mixin.py:190} INFO - [2025-01-17T11:26:44.789+0000] {dag.py:4180} INFO - Setting next_dagrun for example_complex to None, run_after=None
[2025-01-17T11:26:44.812+0000] {processor.py:208} INFO - Processing /home/airflow/.local/lib/python3.12/site-packages/airflow/example_dags/example_complex.py took 0.087 seconds
[2025-01-17T11:27:16.168+0000] {processor.py:186} INFO - Started process (PID=747) to work on /home/airflow/.local/lib/python3.12/site-packages/airflow/example_dags/example_complex.py
[2025-01-17T11:27:16.170+0000] {processor.py:914} INFO - Processing file /home/airflow/.local/lib/python3.12/site-packages/airflow/example_dags/example_complex.py for tasks to queue
[2025-01-17T11:27:16.173+0000] {logging_mixin.py:190} INFO - [2025-01-17T11:27:16.173+0000] {dagbag.py:588} INFO - Filling up the DagBag from /home/airflow/.local/lib/python3.12/site-packages/airflow/example_dags/example_complex.py
[2025-01-17T11:27:16.189+0000] {processor.py:925} INFO - DAG(s) 'example_complex' retrieved from /home/airflow/.local/lib/python3.12/site-packages/airflow/example_dags/example_complex.py
[2025-01-17T11:27:16.235+0000] {logging_mixin.py:190} INFO - [2025-01-17T11:27:16.234+0000] {dag.py:3239} INFO - Sync 1 DAGs
[2025-01-17T11:27:16.262+0000] {logging_mixin.py:190} INFO - [2025-01-17T11:27:16.261+0000] {dag.py:4180} INFO - Setting next_dagrun for example_complex to None, run_after=None
[2025-01-17T11:27:16.301+0000] {processor.py:208} INFO - Processing /home/airflow/.local/lib/python3.12/site-packages/airflow/example_dags/example_complex.py took 0.140 seconds
[2025-01-17T11:27:48.163+0000] {processor.py:186} INFO - Started process (PID=811) to work on /home/airflow/.local/lib/python3.12/site-packages/airflow/example_dags/example_complex.py
[2025-01-17T11:27:48.164+0000] {processor.py:914} INFO - Processing file /home/airflow/.local/lib/python3.12/site-packages/airflow/example_dags/example_complex.py for tasks to queue
[2025-01-17T11:27:48.167+0000] {logging_mixin.py:190} INFO - [2025-01-17T11:27:48.166+0000] {dagbag.py:588} INFO - Filling up the DagBag from /home/airflow/.local/lib/python3.12/site-packages/airflow/example_dags/example_complex.py
[2025-01-17T11:27:48.178+0000] {processor.py:925} INFO - DAG(s) 'example_complex' retrieved from /home/airflow/.local/lib/python3.12/site-packages/airflow/example_dags/example_complex.py
[2025-01-17T11:27:48.215+0000] {logging_mixin.py:190} INFO - [2025-01-17T11:27:48.215+0000] {dag.py:3239} INFO - Sync 1 DAGs
[2025-01-17T11:27:48.233+0000] {logging_mixin.py:190} INFO - [2025-01-17T11:27:48.232+0000] {dag.py:4180} INFO - Setting next_dagrun for example_complex to None, run_after=None
[2025-01-17T11:27:48.258+0000] {processor.py:208} INFO - Processing /home/airflow/.local/lib/python3.12/site-packages/airflow/example_dags/example_complex.py took 0.102 seconds
[2025-01-17T11:28:18.598+0000] {processor.py:186} INFO - Started process (PID=875) to work on /home/airflow/.local/lib/python3.12/site-packages/airflow/example_dags/example_complex.py
[2025-01-17T11:28:18.599+0000] {processor.py:914} INFO - Processing file /home/airflow/.local/lib/python3.12/site-packages/airflow/example_dags/example_complex.py for tasks to queue
[2025-01-17T11:28:18.602+0000] {logging_mixin.py:190} INFO - [2025-01-17T11:28:18.601+0000] {dagbag.py:588} INFO - Filling up the DagBag from /home/airflow/.local/lib/python3.12/site-packages/airflow/example_dags/example_complex.py
[2025-01-17T11:28:18.614+0000] {processor.py:925} INFO - DAG(s) 'example_complex' retrieved from /home/airflow/.local/lib/python3.12/site-packages/airflow/example_dags/example_complex.py
[2025-01-17T11:28:18.650+0000] {logging_mixin.py:190} INFO - [2025-01-17T11:28:18.649+0000] {dag.py:3239} INFO - Sync 1 DAGs
[2025-01-17T11:28:18.664+0000] {logging_mixin.py:190} INFO - [2025-01-17T11:28:18.663+0000] {dag.py:4180} INFO - Setting next_dagrun for example_complex to None, run_after=None
[2025-01-17T11:28:18.689+0000] {processor.py:208} INFO - Processing /home/airflow/.local/lib/python3.12/site-packages/airflow/example_dags/example_complex.py took 0.097 seconds
[2025-01-17T11:28:49.439+0000] {processor.py:186} INFO - Started process (PID=940) to work on /home/airflow/.local/lib/python3.12/site-packages/airflow/example_dags/example_complex.py
[2025-01-17T11:28:49.440+0000] {processor.py:914} INFO - Processing file /home/airflow/.local/lib/python3.12/site-packages/airflow/example_dags/example_complex.py for tasks to queue
[2025-01-17T11:28:49.444+0000] {logging_mixin.py:190} INFO - [2025-01-17T11:28:49.444+0000] {dagbag.py:588} INFO - Filling up the DagBag from /home/airflow/.local/lib/python3.12/site-packages/airflow/example_dags/example_complex.py
[2025-01-17T11:28:49.456+0000] {processor.py:925} INFO - DAG(s) 'example_complex' retrieved from /home/airflow/.local/lib/python3.12/site-packages/airflow/example_dags/example_complex.py
[2025-01-17T11:28:49.490+0000] {logging_mixin.py:190} INFO - [2025-01-17T11:28:49.490+0000] {dag.py:3239} INFO - Sync 1 DAGs
[2025-01-17T11:28:49.508+0000] {logging_mixin.py:190} INFO - [2025-01-17T11:28:49.507+0000] {dag.py:4180} INFO - Setting next_dagrun for example_complex to None, run_after=None
[2025-01-17T11:28:49.537+0000] {processor.py:208} INFO - Processing /home/airflow/.local/lib/python3.12/site-packages/airflow/example_dags/example_complex.py took 0.105 seconds
[2025-01-17T11:29:20.627+0000] {processor.py:186} INFO - Started process (PID=1004) to work on /home/airflow/.local/lib/python3.12/site-packages/airflow/example_dags/example_complex.py
[2025-01-17T11:29:20.628+0000] {processor.py:914} INFO - Processing file /home/airflow/.local/lib/python3.12/site-packages/airflow/example_dags/example_complex.py for tasks to queue
[2025-01-17T11:29:20.631+0000] {logging_mixin.py:190} INFO - [2025-01-17T11:29:20.630+0000] {dagbag.py:588} INFO - Filling up the DagBag from /home/airflow/.local/lib/python3.12/site-packages/airflow/example_dags/example_complex.py
[2025-01-17T11:29:20.644+0000] {processor.py:925} INFO - DAG(s) 'example_complex' retrieved from /home/airflow/.local/lib/python3.12/site-packages/airflow/example_dags/example_complex.py
[2025-01-17T11:29:20.677+0000] {logging_mixin.py:190} INFO - [2025-01-17T11:29:20.677+0000] {dag.py:3239} INFO - Sync 1 DAGs
[2025-01-17T11:29:20.692+0000] {logging_mixin.py:190} INFO - [2025-01-17T11:29:20.692+0000] {dag.py:4180} INFO - Setting next_dagrun for example_complex to None, run_after=None
[2025-01-17T11:29:20.718+0000] {processor.py:208} INFO - Processing /home/airflow/.local/lib/python3.12/site-packages/airflow/example_dags/example_complex.py took 0.097 seconds
[2025-01-17T11:29:51.418+0000] {processor.py:186} INFO - Started process (PID=1068) to work on /home/airflow/.local/lib/python3.12/site-packages/airflow/example_dags/example_complex.py
[2025-01-17T11:29:51.420+0000] {processor.py:914} INFO - Processing file /home/airflow/.local/lib/python3.12/site-packages/airflow/example_dags/example_complex.py for tasks to queue
[2025-01-17T11:29:51.423+0000] {logging_mixin.py:190} INFO - [2025-01-17T11:29:51.422+0000] {dagbag.py:588} INFO - Filling up the DagBag from /home/airflow/.local/lib/python3.12/site-packages/airflow/example_dags/example_complex.py
[2025-01-17T11:29:51.436+0000] {processor.py:925} INFO - DAG(s) 'example_complex' retrieved from /home/airflow/.local/lib/python3.12/site-packages/airflow/example_dags/example_complex.py
[2025-01-17T11:29:51.472+0000] {logging_mixin.py:190} INFO - [2025-01-17T11:29:51.472+0000] {dag.py:3239} INFO - Sync 1 DAGs
[2025-01-17T11:29:51.489+0000] {logging_mixin.py:190} INFO - [2025-01-17T11:29:51.489+0000] {dag.py:4180} INFO - Setting next_dagrun for example_complex to None, run_after=None
[2025-01-17T11:29:51.514+0000] {processor.py:208} INFO - Processing /home/airflow/.local/lib/python3.12/site-packages/airflow/example_dags/example_complex.py took 0.101 seconds
