[2025-01-17T10:32:01.153+0000] {processor.py:186} INFO - Started process (PID=93) to work on /home/airflow/.local/lib/python3.12/site-packages/airflow/example_dags/example_branch_python_dop_operator_3.py
[2025-01-17T10:32:01.154+0000] {processor.py:914} INFO - Processing file /home/airflow/.local/lib/python3.12/site-packages/airflow/example_dags/example_branch_python_dop_operator_3.py for tasks to queue
[2025-01-17T10:32:01.160+0000] {logging_mixin.py:190} INFO - [2025-01-17T10:32:01.160+0000] {dagbag.py:588} INFO - Filling up the DagBag from /home/airflow/.local/lib/python3.12/site-packages/airflow/example_dags/example_branch_python_dop_operator_3.py
[2025-01-17T10:32:01.176+0000] {processor.py:925} INFO - DAG(s) 'example_branch_dop_operator_v3' retrieved from /home/airflow/.local/lib/python3.12/site-packages/airflow/example_dags/example_branch_python_dop_operator_3.py
[2025-01-17T10:32:01.215+0000] {logging_mixin.py:190} INFO - [2025-01-17T10:32:01.215+0000] {dag.py:3239} INFO - Sync 1 DAGs
[2025-01-17T10:32:01.256+0000] {logging_mixin.py:190} INFO - [2025-01-17T10:32:01.255+0000] {dag.py:4180} INFO - Setting next_dagrun for example_branch_dop_operator_v3 to 2025-01-17 10:31:00+00:00, run_after=2025-01-17 10:32:00+00:00
[2025-01-17T10:32:01.286+0000] {processor.py:208} INFO - Processing /home/airflow/.local/lib/python3.12/site-packages/airflow/example_dags/example_branch_python_dop_operator_3.py took 0.141 seconds
[2025-01-17T10:32:33.079+0000] {processor.py:186} INFO - Started process (PID=157) to work on /home/airflow/.local/lib/python3.12/site-packages/airflow/example_dags/example_branch_python_dop_operator_3.py
[2025-01-17T10:32:33.081+0000] {processor.py:914} INFO - Processing file /home/airflow/.local/lib/python3.12/site-packages/airflow/example_dags/example_branch_python_dop_operator_3.py for tasks to queue
[2025-01-17T10:32:33.085+0000] {logging_mixin.py:190} INFO - [2025-01-17T10:32:33.084+0000] {dagbag.py:588} INFO - Filling up the DagBag from /home/airflow/.local/lib/python3.12/site-packages/airflow/example_dags/example_branch_python_dop_operator_3.py
[2025-01-17T10:32:33.103+0000] {processor.py:925} INFO - DAG(s) 'example_branch_dop_operator_v3' retrieved from /home/airflow/.local/lib/python3.12/site-packages/airflow/example_dags/example_branch_python_dop_operator_3.py
[2025-01-17T10:32:33.138+0000] {logging_mixin.py:190} INFO - [2025-01-17T10:32:33.138+0000] {dag.py:3239} INFO - Sync 1 DAGs
[2025-01-17T10:32:33.181+0000] {logging_mixin.py:190} INFO - [2025-01-17T10:32:33.181+0000] {dag.py:4180} INFO - Setting next_dagrun for example_branch_dop_operator_v3 to 2025-01-17 10:31:00+00:00, run_after=2025-01-17 10:32:00+00:00
[2025-01-17T10:32:33.214+0000] {processor.py:208} INFO - Processing /home/airflow/.local/lib/python3.12/site-packages/airflow/example_dags/example_branch_python_dop_operator_3.py took 0.147 seconds
[2025-01-17T10:33:04.121+0000] {processor.py:186} INFO - Started process (PID=221) to work on /home/airflow/.local/lib/python3.12/site-packages/airflow/example_dags/example_branch_python_dop_operator_3.py
[2025-01-17T10:33:04.123+0000] {processor.py:914} INFO - Processing file /home/airflow/.local/lib/python3.12/site-packages/airflow/example_dags/example_branch_python_dop_operator_3.py for tasks to queue
[2025-01-17T10:33:04.128+0000] {logging_mixin.py:190} INFO - [2025-01-17T10:33:04.127+0000] {dagbag.py:588} INFO - Filling up the DagBag from /home/airflow/.local/lib/python3.12/site-packages/airflow/example_dags/example_branch_python_dop_operator_3.py
[2025-01-17T10:33:04.141+0000] {processor.py:925} INFO - DAG(s) 'example_branch_dop_operator_v3' retrieved from /home/airflow/.local/lib/python3.12/site-packages/airflow/example_dags/example_branch_python_dop_operator_3.py
[2025-01-17T10:33:04.172+0000] {logging_mixin.py:190} INFO - [2025-01-17T10:33:04.172+0000] {dag.py:3239} INFO - Sync 1 DAGs
[2025-01-17T10:33:04.217+0000] {logging_mixin.py:190} INFO - [2025-01-17T10:33:04.217+0000] {dag.py:4180} INFO - Setting next_dagrun for example_branch_dop_operator_v3 to 2025-01-17 10:32:00+00:00, run_after=2025-01-17 10:33:00+00:00
[2025-01-17T10:33:04.254+0000] {processor.py:208} INFO - Processing /home/airflow/.local/lib/python3.12/site-packages/airflow/example_dags/example_branch_python_dop_operator_3.py took 0.140 seconds
[2025-01-17T10:33:35.822+0000] {processor.py:186} INFO - Started process (PID=285) to work on /home/airflow/.local/lib/python3.12/site-packages/airflow/example_dags/example_branch_python_dop_operator_3.py
[2025-01-17T10:33:35.824+0000] {processor.py:914} INFO - Processing file /home/airflow/.local/lib/python3.12/site-packages/airflow/example_dags/example_branch_python_dop_operator_3.py for tasks to queue
[2025-01-17T10:33:35.829+0000] {logging_mixin.py:190} INFO - [2025-01-17T10:33:35.828+0000] {dagbag.py:588} INFO - Filling up the DagBag from /home/airflow/.local/lib/python3.12/site-packages/airflow/example_dags/example_branch_python_dop_operator_3.py
[2025-01-17T10:33:35.847+0000] {processor.py:925} INFO - DAG(s) 'example_branch_dop_operator_v3' retrieved from /home/airflow/.local/lib/python3.12/site-packages/airflow/example_dags/example_branch_python_dop_operator_3.py
[2025-01-17T10:33:35.887+0000] {logging_mixin.py:190} INFO - [2025-01-17T10:33:35.886+0000] {dag.py:3239} INFO - Sync 1 DAGs
[2025-01-17T10:33:35.944+0000] {logging_mixin.py:190} INFO - [2025-01-17T10:33:35.944+0000] {dag.py:4180} INFO - Setting next_dagrun for example_branch_dop_operator_v3 to 2025-01-17 10:32:00+00:00, run_after=2025-01-17 10:33:00+00:00
[2025-01-17T10:33:35.981+0000] {processor.py:208} INFO - Processing /home/airflow/.local/lib/python3.12/site-packages/airflow/example_dags/example_branch_python_dop_operator_3.py took 0.167 seconds
[2025-01-17T10:34:07.338+0000] {processor.py:186} INFO - Started process (PID=349) to work on /home/airflow/.local/lib/python3.12/site-packages/airflow/example_dags/example_branch_python_dop_operator_3.py
[2025-01-17T10:34:07.344+0000] {processor.py:914} INFO - Processing file /home/airflow/.local/lib/python3.12/site-packages/airflow/example_dags/example_branch_python_dop_operator_3.py for tasks to queue
[2025-01-17T10:34:07.351+0000] {logging_mixin.py:190} INFO - [2025-01-17T10:34:07.350+0000] {dagbag.py:588} INFO - Filling up the DagBag from /home/airflow/.local/lib/python3.12/site-packages/airflow/example_dags/example_branch_python_dop_operator_3.py
[2025-01-17T10:34:07.379+0000] {processor.py:925} INFO - DAG(s) 'example_branch_dop_operator_v3' retrieved from /home/airflow/.local/lib/python3.12/site-packages/airflow/example_dags/example_branch_python_dop_operator_3.py
[2025-01-17T10:34:07.422+0000] {logging_mixin.py:190} INFO - [2025-01-17T10:34:07.421+0000] {dag.py:3239} INFO - Sync 1 DAGs
[2025-01-17T10:34:07.494+0000] {logging_mixin.py:190} INFO - [2025-01-17T10:34:07.493+0000] {dag.py:4180} INFO - Setting next_dagrun for example_branch_dop_operator_v3 to 2025-01-17 10:33:00+00:00, run_after=2025-01-17 10:34:00+00:00
[2025-01-17T10:34:07.530+0000] {processor.py:208} INFO - Processing /home/airflow/.local/lib/python3.12/site-packages/airflow/example_dags/example_branch_python_dop_operator_3.py took 0.223 seconds
[2025-01-17T10:34:38.887+0000] {processor.py:186} INFO - Started process (PID=412) to work on /home/airflow/.local/lib/python3.12/site-packages/airflow/example_dags/example_branch_python_dop_operator_3.py
[2025-01-17T10:34:38.889+0000] {processor.py:914} INFO - Processing file /home/airflow/.local/lib/python3.12/site-packages/airflow/example_dags/example_branch_python_dop_operator_3.py for tasks to queue
[2025-01-17T10:34:38.891+0000] {logging_mixin.py:190} INFO - [2025-01-17T10:34:38.890+0000] {dagbag.py:588} INFO - Filling up the DagBag from /home/airflow/.local/lib/python3.12/site-packages/airflow/example_dags/example_branch_python_dop_operator_3.py
[2025-01-17T10:34:38.910+0000] {processor.py:925} INFO - DAG(s) 'example_branch_dop_operator_v3' retrieved from /home/airflow/.local/lib/python3.12/site-packages/airflow/example_dags/example_branch_python_dop_operator_3.py
[2025-01-17T10:34:38.942+0000] {logging_mixin.py:190} INFO - [2025-01-17T10:34:38.942+0000] {dag.py:3239} INFO - Sync 1 DAGs
[2025-01-17T10:34:38.988+0000] {logging_mixin.py:190} INFO - [2025-01-17T10:34:38.988+0000] {dag.py:4180} INFO - Setting next_dagrun for example_branch_dop_operator_v3 to 2025-01-17 10:33:00+00:00, run_after=2025-01-17 10:34:00+00:00
[2025-01-17T10:34:39.029+0000] {processor.py:208} INFO - Processing /home/airflow/.local/lib/python3.12/site-packages/airflow/example_dags/example_branch_python_dop_operator_3.py took 0.150 seconds
[2025-01-17T10:35:11.045+0000] {processor.py:186} INFO - Started process (PID=475) to work on /home/airflow/.local/lib/python3.12/site-packages/airflow/example_dags/example_branch_python_dop_operator_3.py
[2025-01-17T10:35:11.047+0000] {processor.py:914} INFO - Processing file /home/airflow/.local/lib/python3.12/site-packages/airflow/example_dags/example_branch_python_dop_operator_3.py for tasks to queue
[2025-01-17T10:35:11.050+0000] {logging_mixin.py:190} INFO - [2025-01-17T10:35:11.049+0000] {dagbag.py:588} INFO - Filling up the DagBag from /home/airflow/.local/lib/python3.12/site-packages/airflow/example_dags/example_branch_python_dop_operator_3.py
[2025-01-17T10:35:11.065+0000] {processor.py:925} INFO - DAG(s) 'example_branch_dop_operator_v3' retrieved from /home/airflow/.local/lib/python3.12/site-packages/airflow/example_dags/example_branch_python_dop_operator_3.py
[2025-01-17T10:35:11.097+0000] {logging_mixin.py:190} INFO - [2025-01-17T10:35:11.096+0000] {dag.py:3239} INFO - Sync 1 DAGs
[2025-01-17T10:35:11.139+0000] {logging_mixin.py:190} INFO - [2025-01-17T10:35:11.139+0000] {dag.py:4180} INFO - Setting next_dagrun for example_branch_dop_operator_v3 to 2025-01-17 10:34:00+00:00, run_after=2025-01-17 10:35:00+00:00
[2025-01-17T10:35:11.174+0000] {processor.py:208} INFO - Processing /home/airflow/.local/lib/python3.12/site-packages/airflow/example_dags/example_branch_python_dop_operator_3.py took 0.137 seconds
[2025-01-17T10:35:42.595+0000] {processor.py:186} INFO - Started process (PID=538) to work on /home/airflow/.local/lib/python3.12/site-packages/airflow/example_dags/example_branch_python_dop_operator_3.py
[2025-01-17T10:35:42.597+0000] {processor.py:914} INFO - Processing file /home/airflow/.local/lib/python3.12/site-packages/airflow/example_dags/example_branch_python_dop_operator_3.py for tasks to queue
[2025-01-17T10:35:42.599+0000] {logging_mixin.py:190} INFO - [2025-01-17T10:35:42.599+0000] {dagbag.py:588} INFO - Filling up the DagBag from /home/airflow/.local/lib/python3.12/site-packages/airflow/example_dags/example_branch_python_dop_operator_3.py
[2025-01-17T10:35:42.622+0000] {processor.py:925} INFO - DAG(s) 'example_branch_dop_operator_v3' retrieved from /home/airflow/.local/lib/python3.12/site-packages/airflow/example_dags/example_branch_python_dop_operator_3.py
[2025-01-17T10:35:42.660+0000] {logging_mixin.py:190} INFO - [2025-01-17T10:35:42.660+0000] {dag.py:3239} INFO - Sync 1 DAGs
[2025-01-17T10:35:42.703+0000] {logging_mixin.py:190} INFO - [2025-01-17T10:35:42.703+0000] {dag.py:4180} INFO - Setting next_dagrun for example_branch_dop_operator_v3 to 2025-01-17 10:34:00+00:00, run_after=2025-01-17 10:35:00+00:00
[2025-01-17T10:35:42.735+0000] {processor.py:208} INFO - Processing /home/airflow/.local/lib/python3.12/site-packages/airflow/example_dags/example_branch_python_dop_operator_3.py took 0.150 seconds
[2025-01-17T10:36:14.472+0000] {processor.py:186} INFO - Started process (PID=601) to work on /home/airflow/.local/lib/python3.12/site-packages/airflow/example_dags/example_branch_python_dop_operator_3.py
[2025-01-17T10:36:14.473+0000] {processor.py:914} INFO - Processing file /home/airflow/.local/lib/python3.12/site-packages/airflow/example_dags/example_branch_python_dop_operator_3.py for tasks to queue
[2025-01-17T10:36:14.476+0000] {logging_mixin.py:190} INFO - [2025-01-17T10:36:14.476+0000] {dagbag.py:588} INFO - Filling up the DagBag from /home/airflow/.local/lib/python3.12/site-packages/airflow/example_dags/example_branch_python_dop_operator_3.py
[2025-01-17T10:36:14.491+0000] {processor.py:925} INFO - DAG(s) 'example_branch_dop_operator_v3' retrieved from /home/airflow/.local/lib/python3.12/site-packages/airflow/example_dags/example_branch_python_dop_operator_3.py
[2025-01-17T10:36:14.521+0000] {logging_mixin.py:190} INFO - [2025-01-17T10:36:14.521+0000] {dag.py:3239} INFO - Sync 1 DAGs
[2025-01-17T10:36:14.564+0000] {logging_mixin.py:190} INFO - [2025-01-17T10:36:14.564+0000] {dag.py:4180} INFO - Setting next_dagrun for example_branch_dop_operator_v3 to 2025-01-17 10:35:00+00:00, run_after=2025-01-17 10:36:00+00:00
[2025-01-17T10:36:14.597+0000] {processor.py:208} INFO - Processing /home/airflow/.local/lib/python3.12/site-packages/airflow/example_dags/example_branch_python_dop_operator_3.py took 0.133 seconds
[2025-01-17T10:37:30.746+0000] {processor.py:186} INFO - Started process (PID=86) to work on /home/airflow/.local/lib/python3.12/site-packages/airflow/example_dags/example_branch_python_dop_operator_3.py
[2025-01-17T10:37:30.747+0000] {processor.py:914} INFO - Processing file /home/airflow/.local/lib/python3.12/site-packages/airflow/example_dags/example_branch_python_dop_operator_3.py for tasks to queue
[2025-01-17T10:37:30.755+0000] {logging_mixin.py:190} INFO - [2025-01-17T10:37:30.754+0000] {dagbag.py:588} INFO - Filling up the DagBag from /home/airflow/.local/lib/python3.12/site-packages/airflow/example_dags/example_branch_python_dop_operator_3.py
[2025-01-17T10:37:30.773+0000] {processor.py:925} INFO - DAG(s) 'example_branch_dop_operator_v3' retrieved from /home/airflow/.local/lib/python3.12/site-packages/airflow/example_dags/example_branch_python_dop_operator_3.py
[2025-01-17T10:37:30.825+0000] {logging_mixin.py:190} INFO - [2025-01-17T10:37:30.825+0000] {dag.py:3239} INFO - Sync 1 DAGs
[2025-01-17T10:37:30.873+0000] {logging_mixin.py:190} INFO - [2025-01-17T10:37:30.872+0000] {dag.py:4180} INFO - Setting next_dagrun for example_branch_dop_operator_v3 to 2025-01-17 10:36:00+00:00, run_after=2025-01-17 10:37:00+00:00
[2025-01-17T10:37:30.916+0000] {processor.py:208} INFO - Processing /home/airflow/.local/lib/python3.12/site-packages/airflow/example_dags/example_branch_python_dop_operator_3.py took 0.176 seconds
[2025-01-17T10:38:02.317+0000] {processor.py:186} INFO - Started process (PID=150) to work on /home/airflow/.local/lib/python3.12/site-packages/airflow/example_dags/example_branch_python_dop_operator_3.py
[2025-01-17T10:38:02.318+0000] {processor.py:914} INFO - Processing file /home/airflow/.local/lib/python3.12/site-packages/airflow/example_dags/example_branch_python_dop_operator_3.py for tasks to queue
[2025-01-17T10:38:02.322+0000] {logging_mixin.py:190} INFO - [2025-01-17T10:38:02.322+0000] {dagbag.py:588} INFO - Filling up the DagBag from /home/airflow/.local/lib/python3.12/site-packages/airflow/example_dags/example_branch_python_dop_operator_3.py
[2025-01-17T10:38:02.337+0000] {processor.py:925} INFO - DAG(s) 'example_branch_dop_operator_v3' retrieved from /home/airflow/.local/lib/python3.12/site-packages/airflow/example_dags/example_branch_python_dop_operator_3.py
[2025-01-17T10:38:02.371+0000] {logging_mixin.py:190} INFO - [2025-01-17T10:38:02.370+0000] {dag.py:3239} INFO - Sync 1 DAGs
[2025-01-17T10:38:02.413+0000] {logging_mixin.py:190} INFO - [2025-01-17T10:38:02.413+0000] {dag.py:4180} INFO - Setting next_dagrun for example_branch_dop_operator_v3 to 2025-01-17 10:37:00+00:00, run_after=2025-01-17 10:38:00+00:00
[2025-01-17T10:38:02.444+0000] {processor.py:208} INFO - Processing /home/airflow/.local/lib/python3.12/site-packages/airflow/example_dags/example_branch_python_dop_operator_3.py took 0.137 seconds
[2025-01-17T10:52:14.522+0000] {processor.py:186} INFO - Started process (PID=87) to work on /home/airflow/.local/lib/python3.12/site-packages/airflow/example_dags/example_branch_python_dop_operator_3.py
[2025-01-17T10:52:14.523+0000] {processor.py:914} INFO - Processing file /home/airflow/.local/lib/python3.12/site-packages/airflow/example_dags/example_branch_python_dop_operator_3.py for tasks to queue
[2025-01-17T10:52:14.526+0000] {logging_mixin.py:190} INFO - [2025-01-17T10:52:14.525+0000] {dagbag.py:588} INFO - Filling up the DagBag from /home/airflow/.local/lib/python3.12/site-packages/airflow/example_dags/example_branch_python_dop_operator_3.py
[2025-01-17T10:52:14.538+0000] {processor.py:925} INFO - DAG(s) 'example_branch_dop_operator_v3' retrieved from /home/airflow/.local/lib/python3.12/site-packages/airflow/example_dags/example_branch_python_dop_operator_3.py
[2025-01-17T10:52:14.567+0000] {logging_mixin.py:190} INFO - [2025-01-17T10:52:14.567+0000] {dag.py:3239} INFO - Sync 1 DAGs
[2025-01-17T10:52:14.593+0000] {logging_mixin.py:190} INFO - [2025-01-17T10:52:14.593+0000] {dag.py:4180} INFO - Setting next_dagrun for example_branch_dop_operator_v3 to 2025-01-17 10:51:00+00:00, run_after=2025-01-17 10:52:00+00:00
[2025-01-17T10:52:14.618+0000] {processor.py:208} INFO - Processing /home/airflow/.local/lib/python3.12/site-packages/airflow/example_dags/example_branch_python_dop_operator_3.py took 0.102 seconds
[2025-01-17T10:52:45.882+0000] {processor.py:186} INFO - Started process (PID=157) to work on /home/airflow/.local/lib/python3.12/site-packages/airflow/example_dags/example_branch_python_dop_operator_3.py
[2025-01-17T10:52:45.883+0000] {processor.py:914} INFO - Processing file /home/airflow/.local/lib/python3.12/site-packages/airflow/example_dags/example_branch_python_dop_operator_3.py for tasks to queue
[2025-01-17T10:52:45.886+0000] {logging_mixin.py:190} INFO - [2025-01-17T10:52:45.886+0000] {dagbag.py:588} INFO - Filling up the DagBag from /home/airflow/.local/lib/python3.12/site-packages/airflow/example_dags/example_branch_python_dop_operator_3.py
[2025-01-17T10:52:45.896+0000] {processor.py:925} INFO - DAG(s) 'example_branch_dop_operator_v3' retrieved from /home/airflow/.local/lib/python3.12/site-packages/airflow/example_dags/example_branch_python_dop_operator_3.py
[2025-01-17T10:52:45.919+0000] {logging_mixin.py:190} INFO - [2025-01-17T10:52:45.918+0000] {dag.py:3239} INFO - Sync 1 DAGs
[2025-01-17T10:52:45.944+0000] {logging_mixin.py:190} INFO - [2025-01-17T10:52:45.944+0000] {dag.py:4180} INFO - Setting next_dagrun for example_branch_dop_operator_v3 to 2025-01-17 10:51:00+00:00, run_after=2025-01-17 10:52:00+00:00
[2025-01-17T10:52:45.967+0000] {processor.py:208} INFO - Processing /home/airflow/.local/lib/python3.12/site-packages/airflow/example_dags/example_branch_python_dop_operator_3.py took 0.091 seconds
[2025-01-17T10:53:17.137+0000] {processor.py:186} INFO - Started process (PID=221) to work on /home/airflow/.local/lib/python3.12/site-packages/airflow/example_dags/example_branch_python_dop_operator_3.py
[2025-01-17T10:53:17.138+0000] {processor.py:914} INFO - Processing file /home/airflow/.local/lib/python3.12/site-packages/airflow/example_dags/example_branch_python_dop_operator_3.py for tasks to queue
[2025-01-17T10:53:17.141+0000] {logging_mixin.py:190} INFO - [2025-01-17T10:53:17.141+0000] {dagbag.py:588} INFO - Filling up the DagBag from /home/airflow/.local/lib/python3.12/site-packages/airflow/example_dags/example_branch_python_dop_operator_3.py
[2025-01-17T10:53:17.152+0000] {processor.py:925} INFO - DAG(s) 'example_branch_dop_operator_v3' retrieved from /home/airflow/.local/lib/python3.12/site-packages/airflow/example_dags/example_branch_python_dop_operator_3.py
[2025-01-17T10:53:17.176+0000] {logging_mixin.py:190} INFO - [2025-01-17T10:53:17.175+0000] {dag.py:3239} INFO - Sync 1 DAGs
[2025-01-17T10:53:17.202+0000] {logging_mixin.py:190} INFO - [2025-01-17T10:53:17.202+0000] {dag.py:4180} INFO - Setting next_dagrun for example_branch_dop_operator_v3 to 2025-01-17 10:52:00+00:00, run_after=2025-01-17 10:53:00+00:00
[2025-01-17T10:53:17.224+0000] {processor.py:208} INFO - Processing /home/airflow/.local/lib/python3.12/site-packages/airflow/example_dags/example_branch_python_dop_operator_3.py took 0.093 seconds
[2025-01-17T10:53:48.608+0000] {processor.py:186} INFO - Started process (PID=286) to work on /home/airflow/.local/lib/python3.12/site-packages/airflow/example_dags/example_branch_python_dop_operator_3.py
[2025-01-17T10:53:48.610+0000] {processor.py:914} INFO - Processing file /home/airflow/.local/lib/python3.12/site-packages/airflow/example_dags/example_branch_python_dop_operator_3.py for tasks to queue
[2025-01-17T10:53:48.612+0000] {logging_mixin.py:190} INFO - [2025-01-17T10:53:48.612+0000] {dagbag.py:588} INFO - Filling up the DagBag from /home/airflow/.local/lib/python3.12/site-packages/airflow/example_dags/example_branch_python_dop_operator_3.py
[2025-01-17T10:53:48.623+0000] {processor.py:925} INFO - DAG(s) 'example_branch_dop_operator_v3' retrieved from /home/airflow/.local/lib/python3.12/site-packages/airflow/example_dags/example_branch_python_dop_operator_3.py
[2025-01-17T10:53:48.646+0000] {logging_mixin.py:190} INFO - [2025-01-17T10:53:48.645+0000] {dag.py:3239} INFO - Sync 1 DAGs
[2025-01-17T10:53:48.674+0000] {logging_mixin.py:190} INFO - [2025-01-17T10:53:48.674+0000] {dag.py:4180} INFO - Setting next_dagrun for example_branch_dop_operator_v3 to 2025-01-17 10:52:00+00:00, run_after=2025-01-17 10:53:00+00:00
[2025-01-17T10:53:48.698+0000] {processor.py:208} INFO - Processing /home/airflow/.local/lib/python3.12/site-packages/airflow/example_dags/example_branch_python_dop_operator_3.py took 0.095 seconds
[2025-01-17T10:54:19.885+0000] {processor.py:186} INFO - Started process (PID=350) to work on /home/airflow/.local/lib/python3.12/site-packages/airflow/example_dags/example_branch_python_dop_operator_3.py
[2025-01-17T10:54:19.886+0000] {processor.py:914} INFO - Processing file /home/airflow/.local/lib/python3.12/site-packages/airflow/example_dags/example_branch_python_dop_operator_3.py for tasks to queue
[2025-01-17T10:54:19.889+0000] {logging_mixin.py:190} INFO - [2025-01-17T10:54:19.889+0000] {dagbag.py:588} INFO - Filling up the DagBag from /home/airflow/.local/lib/python3.12/site-packages/airflow/example_dags/example_branch_python_dop_operator_3.py
[2025-01-17T10:54:19.899+0000] {processor.py:925} INFO - DAG(s) 'example_branch_dop_operator_v3' retrieved from /home/airflow/.local/lib/python3.12/site-packages/airflow/example_dags/example_branch_python_dop_operator_3.py
[2025-01-17T10:54:19.921+0000] {logging_mixin.py:190} INFO - [2025-01-17T10:54:19.921+0000] {dag.py:3239} INFO - Sync 1 DAGs
[2025-01-17T10:54:19.947+0000] {logging_mixin.py:190} INFO - [2025-01-17T10:54:19.947+0000] {dag.py:4180} INFO - Setting next_dagrun for example_branch_dop_operator_v3 to 2025-01-17 10:53:00+00:00, run_after=2025-01-17 10:54:00+00:00
[2025-01-17T10:54:19.973+0000] {processor.py:208} INFO - Processing /home/airflow/.local/lib/python3.12/site-packages/airflow/example_dags/example_branch_python_dop_operator_3.py took 0.093 seconds
[2025-01-17T10:54:51.173+0000] {processor.py:186} INFO - Started process (PID=414) to work on /home/airflow/.local/lib/python3.12/site-packages/airflow/example_dags/example_branch_python_dop_operator_3.py
[2025-01-17T10:54:51.174+0000] {processor.py:914} INFO - Processing file /home/airflow/.local/lib/python3.12/site-packages/airflow/example_dags/example_branch_python_dop_operator_3.py for tasks to queue
[2025-01-17T10:54:51.178+0000] {logging_mixin.py:190} INFO - [2025-01-17T10:54:51.178+0000] {dagbag.py:588} INFO - Filling up the DagBag from /home/airflow/.local/lib/python3.12/site-packages/airflow/example_dags/example_branch_python_dop_operator_3.py
[2025-01-17T10:54:51.188+0000] {processor.py:925} INFO - DAG(s) 'example_branch_dop_operator_v3' retrieved from /home/airflow/.local/lib/python3.12/site-packages/airflow/example_dags/example_branch_python_dop_operator_3.py
[2025-01-17T10:54:51.210+0000] {logging_mixin.py:190} INFO - [2025-01-17T10:54:51.210+0000] {dag.py:3239} INFO - Sync 1 DAGs
[2025-01-17T10:54:51.238+0000] {logging_mixin.py:190} INFO - [2025-01-17T10:54:51.237+0000] {dag.py:4180} INFO - Setting next_dagrun for example_branch_dop_operator_v3 to 2025-01-17 10:53:00+00:00, run_after=2025-01-17 10:54:00+00:00
[2025-01-17T10:54:51.261+0000] {processor.py:208} INFO - Processing /home/airflow/.local/lib/python3.12/site-packages/airflow/example_dags/example_branch_python_dop_operator_3.py took 0.094 seconds
[2025-01-17T10:55:22.674+0000] {processor.py:186} INFO - Started process (PID=478) to work on /home/airflow/.local/lib/python3.12/site-packages/airflow/example_dags/example_branch_python_dop_operator_3.py
[2025-01-17T10:55:22.676+0000] {processor.py:914} INFO - Processing file /home/airflow/.local/lib/python3.12/site-packages/airflow/example_dags/example_branch_python_dop_operator_3.py for tasks to queue
[2025-01-17T10:55:22.679+0000] {logging_mixin.py:190} INFO - [2025-01-17T10:55:22.679+0000] {dagbag.py:588} INFO - Filling up the DagBag from /home/airflow/.local/lib/python3.12/site-packages/airflow/example_dags/example_branch_python_dop_operator_3.py
[2025-01-17T10:55:22.690+0000] {processor.py:925} INFO - DAG(s) 'example_branch_dop_operator_v3' retrieved from /home/airflow/.local/lib/python3.12/site-packages/airflow/example_dags/example_branch_python_dop_operator_3.py
[2025-01-17T10:55:22.713+0000] {logging_mixin.py:190} INFO - [2025-01-17T10:55:22.712+0000] {dag.py:3239} INFO - Sync 1 DAGs
[2025-01-17T10:55:22.740+0000] {logging_mixin.py:190} INFO - [2025-01-17T10:55:22.740+0000] {dag.py:4180} INFO - Setting next_dagrun for example_branch_dop_operator_v3 to 2025-01-17 10:54:00+00:00, run_after=2025-01-17 10:55:00+00:00
[2025-01-17T10:55:22.763+0000] {processor.py:208} INFO - Processing /home/airflow/.local/lib/python3.12/site-packages/airflow/example_dags/example_branch_python_dop_operator_3.py took 0.094 seconds
[2025-01-17T10:55:54.081+0000] {processor.py:186} INFO - Started process (PID=543) to work on /home/airflow/.local/lib/python3.12/site-packages/airflow/example_dags/example_branch_python_dop_operator_3.py
[2025-01-17T10:55:54.082+0000] {processor.py:914} INFO - Processing file /home/airflow/.local/lib/python3.12/site-packages/airflow/example_dags/example_branch_python_dop_operator_3.py for tasks to queue
[2025-01-17T10:55:54.086+0000] {logging_mixin.py:190} INFO - [2025-01-17T10:55:54.085+0000] {dagbag.py:588} INFO - Filling up the DagBag from /home/airflow/.local/lib/python3.12/site-packages/airflow/example_dags/example_branch_python_dop_operator_3.py
[2025-01-17T10:55:54.097+0000] {processor.py:925} INFO - DAG(s) 'example_branch_dop_operator_v3' retrieved from /home/airflow/.local/lib/python3.12/site-packages/airflow/example_dags/example_branch_python_dop_operator_3.py
[2025-01-17T10:55:54.120+0000] {logging_mixin.py:190} INFO - [2025-01-17T10:55:54.120+0000] {dag.py:3239} INFO - Sync 1 DAGs
[2025-01-17T10:55:54.149+0000] {logging_mixin.py:190} INFO - [2025-01-17T10:55:54.149+0000] {dag.py:4180} INFO - Setting next_dagrun for example_branch_dop_operator_v3 to 2025-01-17 10:54:00+00:00, run_after=2025-01-17 10:55:00+00:00
[2025-01-17T10:55:54.174+0000] {processor.py:208} INFO - Processing /home/airflow/.local/lib/python3.12/site-packages/airflow/example_dags/example_branch_python_dop_operator_3.py took 0.098 seconds
[2025-01-17T10:56:25.289+0000] {processor.py:186} INFO - Started process (PID=607) to work on /home/airflow/.local/lib/python3.12/site-packages/airflow/example_dags/example_branch_python_dop_operator_3.py
[2025-01-17T10:56:25.290+0000] {processor.py:914} INFO - Processing file /home/airflow/.local/lib/python3.12/site-packages/airflow/example_dags/example_branch_python_dop_operator_3.py for tasks to queue
[2025-01-17T10:56:25.292+0000] {logging_mixin.py:190} INFO - [2025-01-17T10:56:25.292+0000] {dagbag.py:588} INFO - Filling up the DagBag from /home/airflow/.local/lib/python3.12/site-packages/airflow/example_dags/example_branch_python_dop_operator_3.py
[2025-01-17T10:56:25.303+0000] {processor.py:925} INFO - DAG(s) 'example_branch_dop_operator_v3' retrieved from /home/airflow/.local/lib/python3.12/site-packages/airflow/example_dags/example_branch_python_dop_operator_3.py
[2025-01-17T10:56:25.323+0000] {logging_mixin.py:190} INFO - [2025-01-17T10:56:25.323+0000] {dag.py:3239} INFO - Sync 1 DAGs
[2025-01-17T10:56:25.354+0000] {logging_mixin.py:190} INFO - [2025-01-17T10:56:25.354+0000] {dag.py:4180} INFO - Setting next_dagrun for example_branch_dop_operator_v3 to 2025-01-17 10:55:00+00:00, run_after=2025-01-17 10:56:00+00:00
[2025-01-17T10:56:25.378+0000] {processor.py:208} INFO - Processing /home/airflow/.local/lib/python3.12/site-packages/airflow/example_dags/example_branch_python_dop_operator_3.py took 0.095 seconds
[2025-01-17T10:56:56.928+0000] {processor.py:186} INFO - Started process (PID=672) to work on /home/airflow/.local/lib/python3.12/site-packages/airflow/example_dags/example_branch_python_dop_operator_3.py
[2025-01-17T10:56:56.929+0000] {processor.py:914} INFO - Processing file /home/airflow/.local/lib/python3.12/site-packages/airflow/example_dags/example_branch_python_dop_operator_3.py for tasks to queue
[2025-01-17T10:56:56.932+0000] {logging_mixin.py:190} INFO - [2025-01-17T10:56:56.931+0000] {dagbag.py:588} INFO - Filling up the DagBag from /home/airflow/.local/lib/python3.12/site-packages/airflow/example_dags/example_branch_python_dop_operator_3.py
[2025-01-17T10:56:56.942+0000] {processor.py:925} INFO - DAG(s) 'example_branch_dop_operator_v3' retrieved from /home/airflow/.local/lib/python3.12/site-packages/airflow/example_dags/example_branch_python_dop_operator_3.py
[2025-01-17T10:56:56.963+0000] {logging_mixin.py:190} INFO - [2025-01-17T10:56:56.962+0000] {dag.py:3239} INFO - Sync 1 DAGs
[2025-01-17T10:56:56.990+0000] {logging_mixin.py:190} INFO - [2025-01-17T10:56:56.990+0000] {dag.py:4180} INFO - Setting next_dagrun for example_branch_dop_operator_v3 to 2025-01-17 10:55:00+00:00, run_after=2025-01-17 10:56:00+00:00
[2025-01-17T10:56:57.015+0000] {processor.py:208} INFO - Processing /home/airflow/.local/lib/python3.12/site-packages/airflow/example_dags/example_branch_python_dop_operator_3.py took 0.092 seconds
[2025-01-17T10:57:27.647+0000] {processor.py:186} INFO - Started process (PID=736) to work on /home/airflow/.local/lib/python3.12/site-packages/airflow/example_dags/example_branch_python_dop_operator_3.py
[2025-01-17T10:57:27.648+0000] {processor.py:914} INFO - Processing file /home/airflow/.local/lib/python3.12/site-packages/airflow/example_dags/example_branch_python_dop_operator_3.py for tasks to queue
[2025-01-17T10:57:27.651+0000] {logging_mixin.py:190} INFO - [2025-01-17T10:57:27.651+0000] {dagbag.py:588} INFO - Filling up the DagBag from /home/airflow/.local/lib/python3.12/site-packages/airflow/example_dags/example_branch_python_dop_operator_3.py
[2025-01-17T10:57:27.661+0000] {processor.py:925} INFO - DAG(s) 'example_branch_dop_operator_v3' retrieved from /home/airflow/.local/lib/python3.12/site-packages/airflow/example_dags/example_branch_python_dop_operator_3.py
[2025-01-17T10:57:27.684+0000] {logging_mixin.py:190} INFO - [2025-01-17T10:57:27.684+0000] {dag.py:3239} INFO - Sync 1 DAGs
[2025-01-17T10:57:27.710+0000] {logging_mixin.py:190} INFO - [2025-01-17T10:57:27.710+0000] {dag.py:4180} INFO - Setting next_dagrun for example_branch_dop_operator_v3 to 2025-01-17 10:56:00+00:00, run_after=2025-01-17 10:57:00+00:00
[2025-01-17T10:57:27.734+0000] {processor.py:208} INFO - Processing /home/airflow/.local/lib/python3.12/site-packages/airflow/example_dags/example_branch_python_dop_operator_3.py took 0.092 seconds
[2025-01-17T10:57:59.298+0000] {processor.py:186} INFO - Started process (PID=800) to work on /home/airflow/.local/lib/python3.12/site-packages/airflow/example_dags/example_branch_python_dop_operator_3.py
[2025-01-17T10:57:59.300+0000] {processor.py:914} INFO - Processing file /home/airflow/.local/lib/python3.12/site-packages/airflow/example_dags/example_branch_python_dop_operator_3.py for tasks to queue
[2025-01-17T10:57:59.302+0000] {logging_mixin.py:190} INFO - [2025-01-17T10:57:59.302+0000] {dagbag.py:588} INFO - Filling up the DagBag from /home/airflow/.local/lib/python3.12/site-packages/airflow/example_dags/example_branch_python_dop_operator_3.py
[2025-01-17T10:57:59.313+0000] {processor.py:925} INFO - DAG(s) 'example_branch_dop_operator_v3' retrieved from /home/airflow/.local/lib/python3.12/site-packages/airflow/example_dags/example_branch_python_dop_operator_3.py
[2025-01-17T10:57:59.334+0000] {logging_mixin.py:190} INFO - [2025-01-17T10:57:59.334+0000] {dag.py:3239} INFO - Sync 1 DAGs
[2025-01-17T10:57:59.360+0000] {logging_mixin.py:190} INFO - [2025-01-17T10:57:59.360+0000] {dag.py:4180} INFO - Setting next_dagrun for example_branch_dop_operator_v3 to 2025-01-17 10:56:00+00:00, run_after=2025-01-17 10:57:00+00:00
[2025-01-17T10:57:59.385+0000] {processor.py:208} INFO - Processing /home/airflow/.local/lib/python3.12/site-packages/airflow/example_dags/example_branch_python_dop_operator_3.py took 0.093 seconds
[2025-01-17T10:58:31.169+0000] {processor.py:186} INFO - Started process (PID=864) to work on /home/airflow/.local/lib/python3.12/site-packages/airflow/example_dags/example_branch_python_dop_operator_3.py
[2025-01-17T10:58:31.171+0000] {processor.py:914} INFO - Processing file /home/airflow/.local/lib/python3.12/site-packages/airflow/example_dags/example_branch_python_dop_operator_3.py for tasks to queue
[2025-01-17T10:58:31.174+0000] {logging_mixin.py:190} INFO - [2025-01-17T10:58:31.174+0000] {dagbag.py:588} INFO - Filling up the DagBag from /home/airflow/.local/lib/python3.12/site-packages/airflow/example_dags/example_branch_python_dop_operator_3.py
[2025-01-17T10:58:31.184+0000] {processor.py:925} INFO - DAG(s) 'example_branch_dop_operator_v3' retrieved from /home/airflow/.local/lib/python3.12/site-packages/airflow/example_dags/example_branch_python_dop_operator_3.py
[2025-01-17T10:58:31.206+0000] {logging_mixin.py:190} INFO - [2025-01-17T10:58:31.205+0000] {dag.py:3239} INFO - Sync 1 DAGs
[2025-01-17T10:58:31.231+0000] {logging_mixin.py:190} INFO - [2025-01-17T10:58:31.231+0000] {dag.py:4180} INFO - Setting next_dagrun for example_branch_dop_operator_v3 to 2025-01-17 10:57:00+00:00, run_after=2025-01-17 10:58:00+00:00
[2025-01-17T10:58:31.254+0000] {processor.py:208} INFO - Processing /home/airflow/.local/lib/python3.12/site-packages/airflow/example_dags/example_branch_python_dop_operator_3.py took 0.089 seconds
[2025-01-17T10:59:01.893+0000] {processor.py:186} INFO - Started process (PID=928) to work on /home/airflow/.local/lib/python3.12/site-packages/airflow/example_dags/example_branch_python_dop_operator_3.py
[2025-01-17T10:59:01.895+0000] {processor.py:914} INFO - Processing file /home/airflow/.local/lib/python3.12/site-packages/airflow/example_dags/example_branch_python_dop_operator_3.py for tasks to queue
[2025-01-17T10:59:01.898+0000] {logging_mixin.py:190} INFO - [2025-01-17T10:59:01.897+0000] {dagbag.py:588} INFO - Filling up the DagBag from /home/airflow/.local/lib/python3.12/site-packages/airflow/example_dags/example_branch_python_dop_operator_3.py
[2025-01-17T10:59:01.908+0000] {processor.py:925} INFO - DAG(s) 'example_branch_dop_operator_v3' retrieved from /home/airflow/.local/lib/python3.12/site-packages/airflow/example_dags/example_branch_python_dop_operator_3.py
[2025-01-17T10:59:01.930+0000] {logging_mixin.py:190} INFO - [2025-01-17T10:59:01.930+0000] {dag.py:3239} INFO - Sync 1 DAGs
[2025-01-17T10:59:01.957+0000] {logging_mixin.py:190} INFO - [2025-01-17T10:59:01.957+0000] {dag.py:4180} INFO - Setting next_dagrun for example_branch_dop_operator_v3 to 2025-01-17 10:58:00+00:00, run_after=2025-01-17 10:59:00+00:00
[2025-01-17T10:59:01.980+0000] {processor.py:208} INFO - Processing /home/airflow/.local/lib/python3.12/site-packages/airflow/example_dags/example_branch_python_dop_operator_3.py took 0.091 seconds
[2025-01-17T10:59:33.181+0000] {processor.py:186} INFO - Started process (PID=992) to work on /home/airflow/.local/lib/python3.12/site-packages/airflow/example_dags/example_branch_python_dop_operator_3.py
[2025-01-17T10:59:33.182+0000] {processor.py:914} INFO - Processing file /home/airflow/.local/lib/python3.12/site-packages/airflow/example_dags/example_branch_python_dop_operator_3.py for tasks to queue
[2025-01-17T10:59:33.185+0000] {logging_mixin.py:190} INFO - [2025-01-17T10:59:33.185+0000] {dagbag.py:588} INFO - Filling up the DagBag from /home/airflow/.local/lib/python3.12/site-packages/airflow/example_dags/example_branch_python_dop_operator_3.py
[2025-01-17T10:59:33.196+0000] {processor.py:925} INFO - DAG(s) 'example_branch_dop_operator_v3' retrieved from /home/airflow/.local/lib/python3.12/site-packages/airflow/example_dags/example_branch_python_dop_operator_3.py
[2025-01-17T10:59:33.220+0000] {logging_mixin.py:190} INFO - [2025-01-17T10:59:33.220+0000] {dag.py:3239} INFO - Sync 1 DAGs
[2025-01-17T10:59:33.245+0000] {logging_mixin.py:190} INFO - [2025-01-17T10:59:33.245+0000] {dag.py:4180} INFO - Setting next_dagrun for example_branch_dop_operator_v3 to 2025-01-17 10:58:00+00:00, run_after=2025-01-17 10:59:00+00:00
[2025-01-17T10:59:33.273+0000] {processor.py:208} INFO - Processing /home/airflow/.local/lib/python3.12/site-packages/airflow/example_dags/example_branch_python_dop_operator_3.py took 0.098 seconds
[2025-01-17T11:00:04.250+0000] {processor.py:186} INFO - Started process (PID=1056) to work on /home/airflow/.local/lib/python3.12/site-packages/airflow/example_dags/example_branch_python_dop_operator_3.py
[2025-01-17T11:00:04.252+0000] {processor.py:914} INFO - Processing file /home/airflow/.local/lib/python3.12/site-packages/airflow/example_dags/example_branch_python_dop_operator_3.py for tasks to queue
[2025-01-17T11:00:04.255+0000] {logging_mixin.py:190} INFO - [2025-01-17T11:00:04.255+0000] {dagbag.py:588} INFO - Filling up the DagBag from /home/airflow/.local/lib/python3.12/site-packages/airflow/example_dags/example_branch_python_dop_operator_3.py
[2025-01-17T11:00:04.267+0000] {processor.py:925} INFO - DAG(s) 'example_branch_dop_operator_v3' retrieved from /home/airflow/.local/lib/python3.12/site-packages/airflow/example_dags/example_branch_python_dop_operator_3.py
[2025-01-17T11:00:04.289+0000] {logging_mixin.py:190} INFO - [2025-01-17T11:00:04.289+0000] {dag.py:3239} INFO - Sync 1 DAGs
[2025-01-17T11:00:04.317+0000] {logging_mixin.py:190} INFO - [2025-01-17T11:00:04.317+0000] {dag.py:4180} INFO - Setting next_dagrun for example_branch_dop_operator_v3 to 2025-01-17 10:59:00+00:00, run_after=2025-01-17 11:00:00+00:00
[2025-01-17T11:00:04.341+0000] {processor.py:208} INFO - Processing /home/airflow/.local/lib/python3.12/site-packages/airflow/example_dags/example_branch_python_dop_operator_3.py took 0.096 seconds
[2025-01-17T11:22:01.776+0000] {processor.py:186} INFO - Started process (PID=80) to work on /home/airflow/.local/lib/python3.12/site-packages/airflow/example_dags/example_branch_python_dop_operator_3.py
[2025-01-17T11:22:01.778+0000] {processor.py:914} INFO - Processing file /home/airflow/.local/lib/python3.12/site-packages/airflow/example_dags/example_branch_python_dop_operator_3.py for tasks to queue
[2025-01-17T11:22:01.782+0000] {logging_mixin.py:190} INFO - [2025-01-17T11:22:01.781+0000] {dagbag.py:588} INFO - Filling up the DagBag from /home/airflow/.local/lib/python3.12/site-packages/airflow/example_dags/example_branch_python_dop_operator_3.py
[2025-01-17T11:22:01.791+0000] {processor.py:925} INFO - DAG(s) 'example_branch_dop_operator_v3' retrieved from /home/airflow/.local/lib/python3.12/site-packages/airflow/example_dags/example_branch_python_dop_operator_3.py
[2025-01-17T11:22:01.819+0000] {logging_mixin.py:190} INFO - [2025-01-17T11:22:01.819+0000] {dag.py:3239} INFO - Sync 1 DAGs
[2025-01-17T11:22:01.845+0000] {logging_mixin.py:190} INFO - [2025-01-17T11:22:01.845+0000] {dag.py:4180} INFO - Setting next_dagrun for example_branch_dop_operator_v3 to 2025-01-17 11:21:00+00:00, run_after=2025-01-17 11:22:00+00:00
[2025-01-17T11:22:01.870+0000] {processor.py:208} INFO - Processing /home/airflow/.local/lib/python3.12/site-packages/airflow/example_dags/example_branch_python_dop_operator_3.py took 0.100 seconds
[2025-01-17T11:22:32.731+0000] {processor.py:186} INFO - Started process (PID=144) to work on /home/airflow/.local/lib/python3.12/site-packages/airflow/example_dags/example_branch_python_dop_operator_3.py
[2025-01-17T11:22:32.732+0000] {processor.py:914} INFO - Processing file /home/airflow/.local/lib/python3.12/site-packages/airflow/example_dags/example_branch_python_dop_operator_3.py for tasks to queue
[2025-01-17T11:22:32.735+0000] {logging_mixin.py:190} INFO - [2025-01-17T11:22:32.734+0000] {dagbag.py:588} INFO - Filling up the DagBag from /home/airflow/.local/lib/python3.12/site-packages/airflow/example_dags/example_branch_python_dop_operator_3.py
[2025-01-17T11:22:32.745+0000] {processor.py:925} INFO - DAG(s) 'example_branch_dop_operator_v3' retrieved from /home/airflow/.local/lib/python3.12/site-packages/airflow/example_dags/example_branch_python_dop_operator_3.py
[2025-01-17T11:22:32.765+0000] {logging_mixin.py:190} INFO - [2025-01-17T11:22:32.765+0000] {dag.py:3239} INFO - Sync 1 DAGs
[2025-01-17T11:22:32.813+0000] {logging_mixin.py:190} INFO - [2025-01-17T11:22:32.813+0000] {dag.py:4180} INFO - Setting next_dagrun for example_branch_dop_operator_v3 to 2025-01-17 11:21:00+00:00, run_after=2025-01-17 11:22:00+00:00
[2025-01-17T11:22:32.841+0000] {processor.py:208} INFO - Processing /home/airflow/.local/lib/python3.12/site-packages/airflow/example_dags/example_branch_python_dop_operator_3.py took 0.115 seconds
[2025-01-17T11:23:04.091+0000] {processor.py:186} INFO - Started process (PID=214) to work on /home/airflow/.local/lib/python3.12/site-packages/airflow/example_dags/example_branch_python_dop_operator_3.py
[2025-01-17T11:23:04.092+0000] {processor.py:914} INFO - Processing file /home/airflow/.local/lib/python3.12/site-packages/airflow/example_dags/example_branch_python_dop_operator_3.py for tasks to queue
[2025-01-17T11:23:04.095+0000] {logging_mixin.py:190} INFO - [2025-01-17T11:23:04.094+0000] {dagbag.py:588} INFO - Filling up the DagBag from /home/airflow/.local/lib/python3.12/site-packages/airflow/example_dags/example_branch_python_dop_operator_3.py
[2025-01-17T11:23:04.104+0000] {processor.py:925} INFO - DAG(s) 'example_branch_dop_operator_v3' retrieved from /home/airflow/.local/lib/python3.12/site-packages/airflow/example_dags/example_branch_python_dop_operator_3.py
[2025-01-17T11:23:04.126+0000] {logging_mixin.py:190} INFO - [2025-01-17T11:23:04.126+0000] {dag.py:3239} INFO - Sync 1 DAGs
[2025-01-17T11:23:04.155+0000] {logging_mixin.py:190} INFO - [2025-01-17T11:23:04.154+0000] {dag.py:4180} INFO - Setting next_dagrun for example_branch_dop_operator_v3 to 2025-01-17 11:22:00+00:00, run_after=2025-01-17 11:23:00+00:00
[2025-01-17T11:23:04.179+0000] {processor.py:208} INFO - Processing /home/airflow/.local/lib/python3.12/site-packages/airflow/example_dags/example_branch_python_dop_operator_3.py took 0.094 seconds
[2025-01-17T11:23:35.780+0000] {processor.py:186} INFO - Started process (PID=278) to work on /home/airflow/.local/lib/python3.12/site-packages/airflow/example_dags/example_branch_python_dop_operator_3.py
[2025-01-17T11:23:35.781+0000] {processor.py:914} INFO - Processing file /home/airflow/.local/lib/python3.12/site-packages/airflow/example_dags/example_branch_python_dop_operator_3.py for tasks to queue
[2025-01-17T11:23:35.784+0000] {logging_mixin.py:190} INFO - [2025-01-17T11:23:35.784+0000] {dagbag.py:588} INFO - Filling up the DagBag from /home/airflow/.local/lib/python3.12/site-packages/airflow/example_dags/example_branch_python_dop_operator_3.py
[2025-01-17T11:23:35.794+0000] {processor.py:925} INFO - DAG(s) 'example_branch_dop_operator_v3' retrieved from /home/airflow/.local/lib/python3.12/site-packages/airflow/example_dags/example_branch_python_dop_operator_3.py
[2025-01-17T11:23:35.818+0000] {logging_mixin.py:190} INFO - [2025-01-17T11:23:35.818+0000] {dag.py:3239} INFO - Sync 1 DAGs
[2025-01-17T11:23:35.848+0000] {logging_mixin.py:190} INFO - [2025-01-17T11:23:35.847+0000] {dag.py:4180} INFO - Setting next_dagrun for example_branch_dop_operator_v3 to 2025-01-17 11:22:00+00:00, run_after=2025-01-17 11:23:00+00:00
[2025-01-17T11:23:35.872+0000] {processor.py:208} INFO - Processing /home/airflow/.local/lib/python3.12/site-packages/airflow/example_dags/example_branch_python_dop_operator_3.py took 0.097 seconds
[2025-01-17T11:24:07.041+0000] {processor.py:186} INFO - Started process (PID=342) to work on /home/airflow/.local/lib/python3.12/site-packages/airflow/example_dags/example_branch_python_dop_operator_3.py
[2025-01-17T11:24:07.043+0000] {processor.py:914} INFO - Processing file /home/airflow/.local/lib/python3.12/site-packages/airflow/example_dags/example_branch_python_dop_operator_3.py for tasks to queue
[2025-01-17T11:24:07.046+0000] {logging_mixin.py:190} INFO - [2025-01-17T11:24:07.045+0000] {dagbag.py:588} INFO - Filling up the DagBag from /home/airflow/.local/lib/python3.12/site-packages/airflow/example_dags/example_branch_python_dop_operator_3.py
[2025-01-17T11:24:07.057+0000] {processor.py:925} INFO - DAG(s) 'example_branch_dop_operator_v3' retrieved from /home/airflow/.local/lib/python3.12/site-packages/airflow/example_dags/example_branch_python_dop_operator_3.py
[2025-01-17T11:24:07.078+0000] {logging_mixin.py:190} INFO - [2025-01-17T11:24:07.078+0000] {dag.py:3239} INFO - Sync 1 DAGs
[2025-01-17T11:24:07.105+0000] {logging_mixin.py:190} INFO - [2025-01-17T11:24:07.105+0000] {dag.py:4180} INFO - Setting next_dagrun for example_branch_dop_operator_v3 to 2025-01-17 11:23:00+00:00, run_after=2025-01-17 11:24:00+00:00
[2025-01-17T11:24:07.131+0000] {processor.py:208} INFO - Processing /home/airflow/.local/lib/python3.12/site-packages/airflow/example_dags/example_branch_python_dop_operator_3.py took 0.094 seconds
[2025-01-17T11:24:38.238+0000] {processor.py:186} INFO - Started process (PID=406) to work on /home/airflow/.local/lib/python3.12/site-packages/airflow/example_dags/example_branch_python_dop_operator_3.py
[2025-01-17T11:24:38.239+0000] {processor.py:914} INFO - Processing file /home/airflow/.local/lib/python3.12/site-packages/airflow/example_dags/example_branch_python_dop_operator_3.py for tasks to queue
[2025-01-17T11:24:38.242+0000] {logging_mixin.py:190} INFO - [2025-01-17T11:24:38.241+0000] {dagbag.py:588} INFO - Filling up the DagBag from /home/airflow/.local/lib/python3.12/site-packages/airflow/example_dags/example_branch_python_dop_operator_3.py
[2025-01-17T11:24:38.252+0000] {processor.py:925} INFO - DAG(s) 'example_branch_dop_operator_v3' retrieved from /home/airflow/.local/lib/python3.12/site-packages/airflow/example_dags/example_branch_python_dop_operator_3.py
[2025-01-17T11:24:38.274+0000] {logging_mixin.py:190} INFO - [2025-01-17T11:24:38.274+0000] {dag.py:3239} INFO - Sync 1 DAGs
[2025-01-17T11:24:38.301+0000] {logging_mixin.py:190} INFO - [2025-01-17T11:24:38.300+0000] {dag.py:4180} INFO - Setting next_dagrun for example_branch_dop_operator_v3 to 2025-01-17 11:23:00+00:00, run_after=2025-01-17 11:24:00+00:00
[2025-01-17T11:24:38.323+0000] {processor.py:208} INFO - Processing /home/airflow/.local/lib/python3.12/site-packages/airflow/example_dags/example_branch_python_dop_operator_3.py took 0.090 seconds
[2025-01-17T11:25:09.699+0000] {processor.py:186} INFO - Started process (PID=470) to work on /home/airflow/.local/lib/python3.12/site-packages/airflow/example_dags/example_branch_python_dop_operator_3.py
[2025-01-17T11:25:09.700+0000] {processor.py:914} INFO - Processing file /home/airflow/.local/lib/python3.12/site-packages/airflow/example_dags/example_branch_python_dop_operator_3.py for tasks to queue
[2025-01-17T11:25:09.703+0000] {logging_mixin.py:190} INFO - [2025-01-17T11:25:09.702+0000] {dagbag.py:588} INFO - Filling up the DagBag from /home/airflow/.local/lib/python3.12/site-packages/airflow/example_dags/example_branch_python_dop_operator_3.py
[2025-01-17T11:25:09.714+0000] {processor.py:925} INFO - DAG(s) 'example_branch_dop_operator_v3' retrieved from /home/airflow/.local/lib/python3.12/site-packages/airflow/example_dags/example_branch_python_dop_operator_3.py
[2025-01-17T11:25:09.735+0000] {logging_mixin.py:190} INFO - [2025-01-17T11:25:09.735+0000] {dag.py:3239} INFO - Sync 1 DAGs
[2025-01-17T11:25:09.764+0000] {logging_mixin.py:190} INFO - [2025-01-17T11:25:09.763+0000] {dag.py:4180} INFO - Setting next_dagrun for example_branch_dop_operator_v3 to 2025-01-17 11:24:00+00:00, run_after=2025-01-17 11:25:00+00:00
[2025-01-17T11:25:09.787+0000] {processor.py:208} INFO - Processing /home/airflow/.local/lib/python3.12/site-packages/airflow/example_dags/example_branch_python_dop_operator_3.py took 0.094 seconds
[2025-01-17T11:25:41.270+0000] {processor.py:186} INFO - Started process (PID=535) to work on /home/airflow/.local/lib/python3.12/site-packages/airflow/example_dags/example_branch_python_dop_operator_3.py
[2025-01-17T11:25:41.272+0000] {processor.py:914} INFO - Processing file /home/airflow/.local/lib/python3.12/site-packages/airflow/example_dags/example_branch_python_dop_operator_3.py for tasks to queue
[2025-01-17T11:25:41.275+0000] {logging_mixin.py:190} INFO - [2025-01-17T11:25:41.275+0000] {dagbag.py:588} INFO - Filling up the DagBag from /home/airflow/.local/lib/python3.12/site-packages/airflow/example_dags/example_branch_python_dop_operator_3.py
[2025-01-17T11:25:41.285+0000] {processor.py:925} INFO - DAG(s) 'example_branch_dop_operator_v3' retrieved from /home/airflow/.local/lib/python3.12/site-packages/airflow/example_dags/example_branch_python_dop_operator_3.py
[2025-01-17T11:25:41.308+0000] {logging_mixin.py:190} INFO - [2025-01-17T11:25:41.307+0000] {dag.py:3239} INFO - Sync 1 DAGs
[2025-01-17T11:25:41.352+0000] {logging_mixin.py:190} INFO - [2025-01-17T11:25:41.352+0000] {dag.py:4180} INFO - Setting next_dagrun for example_branch_dop_operator_v3 to 2025-01-17 11:24:00+00:00, run_after=2025-01-17 11:25:00+00:00
[2025-01-17T11:25:41.382+0000] {processor.py:208} INFO - Processing /home/airflow/.local/lib/python3.12/site-packages/airflow/example_dags/example_branch_python_dop_operator_3.py took 0.117 seconds
[2025-01-17T11:26:11.957+0000] {processor.py:186} INFO - Started process (PID=599) to work on /home/airflow/.local/lib/python3.12/site-packages/airflow/example_dags/example_branch_python_dop_operator_3.py
[2025-01-17T11:26:11.958+0000] {processor.py:914} INFO - Processing file /home/airflow/.local/lib/python3.12/site-packages/airflow/example_dags/example_branch_python_dop_operator_3.py for tasks to queue
[2025-01-17T11:26:11.961+0000] {logging_mixin.py:190} INFO - [2025-01-17T11:26:11.960+0000] {dagbag.py:588} INFO - Filling up the DagBag from /home/airflow/.local/lib/python3.12/site-packages/airflow/example_dags/example_branch_python_dop_operator_3.py
[2025-01-17T11:26:11.972+0000] {processor.py:925} INFO - DAG(s) 'example_branch_dop_operator_v3' retrieved from /home/airflow/.local/lib/python3.12/site-packages/airflow/example_dags/example_branch_python_dop_operator_3.py
[2025-01-17T11:26:12.001+0000] {logging_mixin.py:190} INFO - [2025-01-17T11:26:12.001+0000] {dag.py:3239} INFO - Sync 1 DAGs
[2025-01-17T11:26:12.030+0000] {logging_mixin.py:190} INFO - [2025-01-17T11:26:12.030+0000] {dag.py:4180} INFO - Setting next_dagrun for example_branch_dop_operator_v3 to 2025-01-17 11:25:00+00:00, run_after=2025-01-17 11:26:00+00:00
[2025-01-17T11:26:12.054+0000] {processor.py:208} INFO - Processing /home/airflow/.local/lib/python3.12/site-packages/airflow/example_dags/example_branch_python_dop_operator_3.py took 0.103 seconds
[2025-01-17T11:26:43.349+0000] {processor.py:186} INFO - Started process (PID=663) to work on /home/airflow/.local/lib/python3.12/site-packages/airflow/example_dags/example_branch_python_dop_operator_3.py
[2025-01-17T11:26:43.351+0000] {processor.py:914} INFO - Processing file /home/airflow/.local/lib/python3.12/site-packages/airflow/example_dags/example_branch_python_dop_operator_3.py for tasks to queue
[2025-01-17T11:26:43.354+0000] {logging_mixin.py:190} INFO - [2025-01-17T11:26:43.354+0000] {dagbag.py:588} INFO - Filling up the DagBag from /home/airflow/.local/lib/python3.12/site-packages/airflow/example_dags/example_branch_python_dop_operator_3.py
[2025-01-17T11:26:43.364+0000] {processor.py:925} INFO - DAG(s) 'example_branch_dop_operator_v3' retrieved from /home/airflow/.local/lib/python3.12/site-packages/airflow/example_dags/example_branch_python_dop_operator_3.py
[2025-01-17T11:26:43.385+0000] {logging_mixin.py:190} INFO - [2025-01-17T11:26:43.385+0000] {dag.py:3239} INFO - Sync 1 DAGs
[2025-01-17T11:26:43.411+0000] {logging_mixin.py:190} INFO - [2025-01-17T11:26:43.410+0000] {dag.py:4180} INFO - Setting next_dagrun for example_branch_dop_operator_v3 to 2025-01-17 11:25:00+00:00, run_after=2025-01-17 11:26:00+00:00
[2025-01-17T11:26:43.436+0000] {processor.py:208} INFO - Processing /home/airflow/.local/lib/python3.12/site-packages/airflow/example_dags/example_branch_python_dop_operator_3.py took 0.091 seconds
[2025-01-17T11:27:14.858+0000] {processor.py:186} INFO - Started process (PID=727) to work on /home/airflow/.local/lib/python3.12/site-packages/airflow/example_dags/example_branch_python_dop_operator_3.py
[2025-01-17T11:27:14.859+0000] {processor.py:914} INFO - Processing file /home/airflow/.local/lib/python3.12/site-packages/airflow/example_dags/example_branch_python_dop_operator_3.py for tasks to queue
[2025-01-17T11:27:14.862+0000] {logging_mixin.py:190} INFO - [2025-01-17T11:27:14.862+0000] {dagbag.py:588} INFO - Filling up the DagBag from /home/airflow/.local/lib/python3.12/site-packages/airflow/example_dags/example_branch_python_dop_operator_3.py
[2025-01-17T11:27:14.873+0000] {processor.py:925} INFO - DAG(s) 'example_branch_dop_operator_v3' retrieved from /home/airflow/.local/lib/python3.12/site-packages/airflow/example_dags/example_branch_python_dop_operator_3.py
[2025-01-17T11:27:14.896+0000] {logging_mixin.py:190} INFO - [2025-01-17T11:27:14.896+0000] {dag.py:3239} INFO - Sync 1 DAGs
[2025-01-17T11:27:14.925+0000] {logging_mixin.py:190} INFO - [2025-01-17T11:27:14.925+0000] {dag.py:4180} INFO - Setting next_dagrun for example_branch_dop_operator_v3 to 2025-01-17 11:26:00+00:00, run_after=2025-01-17 11:27:00+00:00
[2025-01-17T11:27:14.952+0000] {processor.py:208} INFO - Processing /home/airflow/.local/lib/python3.12/site-packages/airflow/example_dags/example_branch_python_dop_operator_3.py took 0.099 seconds
[2025-01-17T11:27:46.289+0000] {processor.py:186} INFO - Started process (PID=791) to work on /home/airflow/.local/lib/python3.12/site-packages/airflow/example_dags/example_branch_python_dop_operator_3.py
[2025-01-17T11:27:46.290+0000] {processor.py:914} INFO - Processing file /home/airflow/.local/lib/python3.12/site-packages/airflow/example_dags/example_branch_python_dop_operator_3.py for tasks to queue
[2025-01-17T11:27:46.293+0000] {logging_mixin.py:190} INFO - [2025-01-17T11:27:46.293+0000] {dagbag.py:588} INFO - Filling up the DagBag from /home/airflow/.local/lib/python3.12/site-packages/airflow/example_dags/example_branch_python_dop_operator_3.py
[2025-01-17T11:27:46.307+0000] {processor.py:925} INFO - DAG(s) 'example_branch_dop_operator_v3' retrieved from /home/airflow/.local/lib/python3.12/site-packages/airflow/example_dags/example_branch_python_dop_operator_3.py
[2025-01-17T11:27:46.338+0000] {logging_mixin.py:190} INFO - [2025-01-17T11:27:46.338+0000] {dag.py:3239} INFO - Sync 1 DAGs
[2025-01-17T11:27:46.374+0000] {logging_mixin.py:190} INFO - [2025-01-17T11:27:46.373+0000] {dag.py:4180} INFO - Setting next_dagrun for example_branch_dop_operator_v3 to 2025-01-17 11:26:00+00:00, run_after=2025-01-17 11:27:00+00:00
[2025-01-17T11:27:46.401+0000] {processor.py:208} INFO - Processing /home/airflow/.local/lib/python3.12/site-packages/airflow/example_dags/example_branch_python_dop_operator_3.py took 0.120 seconds
[2025-01-17T11:28:17.060+0000] {processor.py:186} INFO - Started process (PID=855) to work on /home/airflow/.local/lib/python3.12/site-packages/airflow/example_dags/example_branch_python_dop_operator_3.py
[2025-01-17T11:28:17.062+0000] {processor.py:914} INFO - Processing file /home/airflow/.local/lib/python3.12/site-packages/airflow/example_dags/example_branch_python_dop_operator_3.py for tasks to queue
[2025-01-17T11:28:17.065+0000] {logging_mixin.py:190} INFO - [2025-01-17T11:28:17.064+0000] {dagbag.py:588} INFO - Filling up the DagBag from /home/airflow/.local/lib/python3.12/site-packages/airflow/example_dags/example_branch_python_dop_operator_3.py
[2025-01-17T11:28:17.075+0000] {processor.py:925} INFO - DAG(s) 'example_branch_dop_operator_v3' retrieved from /home/airflow/.local/lib/python3.12/site-packages/airflow/example_dags/example_branch_python_dop_operator_3.py
[2025-01-17T11:28:17.100+0000] {logging_mixin.py:190} INFO - [2025-01-17T11:28:17.100+0000] {dag.py:3239} INFO - Sync 1 DAGs
[2025-01-17T11:28:17.130+0000] {logging_mixin.py:190} INFO - [2025-01-17T11:28:17.130+0000] {dag.py:4180} INFO - Setting next_dagrun for example_branch_dop_operator_v3 to 2025-01-17 11:27:00+00:00, run_after=2025-01-17 11:28:00+00:00
[2025-01-17T11:28:17.156+0000] {processor.py:208} INFO - Processing /home/airflow/.local/lib/python3.12/site-packages/airflow/example_dags/example_branch_python_dop_operator_3.py took 0.102 seconds
[2025-01-17T11:28:47.982+0000] {processor.py:186} INFO - Started process (PID=920) to work on /home/airflow/.local/lib/python3.12/site-packages/airflow/example_dags/example_branch_python_dop_operator_3.py
[2025-01-17T11:28:47.983+0000] {processor.py:914} INFO - Processing file /home/airflow/.local/lib/python3.12/site-packages/airflow/example_dags/example_branch_python_dop_operator_3.py for tasks to queue
[2025-01-17T11:28:47.988+0000] {logging_mixin.py:190} INFO - [2025-01-17T11:28:47.987+0000] {dagbag.py:588} INFO - Filling up the DagBag from /home/airflow/.local/lib/python3.12/site-packages/airflow/example_dags/example_branch_python_dop_operator_3.py
[2025-01-17T11:28:48.005+0000] {processor.py:925} INFO - DAG(s) 'example_branch_dop_operator_v3' retrieved from /home/airflow/.local/lib/python3.12/site-packages/airflow/example_dags/example_branch_python_dop_operator_3.py
[2025-01-17T11:28:48.034+0000] {logging_mixin.py:190} INFO - [2025-01-17T11:28:48.034+0000] {dag.py:3239} INFO - Sync 1 DAGs
[2025-01-17T11:28:48.090+0000] {logging_mixin.py:190} INFO - [2025-01-17T11:28:48.090+0000] {dag.py:4180} INFO - Setting next_dagrun for example_branch_dop_operator_v3 to 2025-01-17 11:27:00+00:00, run_after=2025-01-17 11:28:00+00:00
[2025-01-17T11:28:48.121+0000] {processor.py:208} INFO - Processing /home/airflow/.local/lib/python3.12/site-packages/airflow/example_dags/example_branch_python_dop_operator_3.py took 0.146 seconds
[2025-01-17T11:29:19.155+0000] {processor.py:186} INFO - Started process (PID=984) to work on /home/airflow/.local/lib/python3.12/site-packages/airflow/example_dags/example_branch_python_dop_operator_3.py
[2025-01-17T11:29:19.156+0000] {processor.py:914} INFO - Processing file /home/airflow/.local/lib/python3.12/site-packages/airflow/example_dags/example_branch_python_dop_operator_3.py for tasks to queue
[2025-01-17T11:29:19.159+0000] {logging_mixin.py:190} INFO - [2025-01-17T11:29:19.159+0000] {dagbag.py:588} INFO - Filling up the DagBag from /home/airflow/.local/lib/python3.12/site-packages/airflow/example_dags/example_branch_python_dop_operator_3.py
[2025-01-17T11:29:19.169+0000] {processor.py:925} INFO - DAG(s) 'example_branch_dop_operator_v3' retrieved from /home/airflow/.local/lib/python3.12/site-packages/airflow/example_dags/example_branch_python_dop_operator_3.py
[2025-01-17T11:29:19.192+0000] {logging_mixin.py:190} INFO - [2025-01-17T11:29:19.192+0000] {dag.py:3239} INFO - Sync 1 DAGs
[2025-01-17T11:29:19.219+0000] {logging_mixin.py:190} INFO - [2025-01-17T11:29:19.219+0000] {dag.py:4180} INFO - Setting next_dagrun for example_branch_dop_operator_v3 to 2025-01-17 11:28:00+00:00, run_after=2025-01-17 11:29:00+00:00
[2025-01-17T11:29:19.243+0000] {processor.py:208} INFO - Processing /home/airflow/.local/lib/python3.12/site-packages/airflow/example_dags/example_branch_python_dop_operator_3.py took 0.093 seconds
[2025-01-17T11:29:50.107+0000] {processor.py:186} INFO - Started process (PID=1048) to work on /home/airflow/.local/lib/python3.12/site-packages/airflow/example_dags/example_branch_python_dop_operator_3.py
[2025-01-17T11:29:50.108+0000] {processor.py:914} INFO - Processing file /home/airflow/.local/lib/python3.12/site-packages/airflow/example_dags/example_branch_python_dop_operator_3.py for tasks to queue
[2025-01-17T11:29:50.111+0000] {logging_mixin.py:190} INFO - [2025-01-17T11:29:50.110+0000] {dagbag.py:588} INFO - Filling up the DagBag from /home/airflow/.local/lib/python3.12/site-packages/airflow/example_dags/example_branch_python_dop_operator_3.py
[2025-01-17T11:29:50.121+0000] {processor.py:925} INFO - DAG(s) 'example_branch_dop_operator_v3' retrieved from /home/airflow/.local/lib/python3.12/site-packages/airflow/example_dags/example_branch_python_dop_operator_3.py
[2025-01-17T11:29:50.145+0000] {logging_mixin.py:190} INFO - [2025-01-17T11:29:50.145+0000] {dag.py:3239} INFO - Sync 1 DAGs
[2025-01-17T11:29:50.172+0000] {logging_mixin.py:190} INFO - [2025-01-17T11:29:50.171+0000] {dag.py:4180} INFO - Setting next_dagrun for example_branch_dop_operator_v3 to 2025-01-17 11:28:00+00:00, run_after=2025-01-17 11:29:00+00:00
[2025-01-17T11:29:50.194+0000] {processor.py:208} INFO - Processing /home/airflow/.local/lib/python3.12/site-packages/airflow/example_dags/example_branch_python_dop_operator_3.py took 0.092 seconds
