[2025-01-17T10:32:03.066+0000] {processor.py:186} INFO - Started process (PID=111) to work on /home/airflow/.local/lib/python3.12/site-packages/airflow/example_dags/example_sensors.py
[2025-01-17T10:32:03.068+0000] {processor.py:914} INFO - Processing file /home/airflow/.local/lib/python3.12/site-packages/airflow/example_dags/example_sensors.py for tasks to queue
[2025-01-17T10:32:03.071+0000] {logging_mixin.py:190} INFO - [2025-01-17T10:32:03.070+0000] {dagbag.py:588} INFO - Filling up the DagBag from /home/airflow/.local/lib/python3.12/site-packages/airflow/example_dags/example_sensors.py
[2025-01-17T10:32:03.083+0000] {processor.py:925} INFO - DAG(s) 'example_sensors' retrieved from /home/airflow/.local/lib/python3.12/site-packages/airflow/example_dags/example_sensors.py
[2025-01-17T10:32:03.114+0000] {logging_mixin.py:190} INFO - [2025-01-17T10:32:03.114+0000] {dag.py:3239} INFO - Sync 1 DAGs
[2025-01-17T10:32:03.129+0000] {logging_mixin.py:190} INFO - [2025-01-17T10:32:03.129+0000] {dag.py:4180} INFO - Setting next_dagrun for example_sensors to None, run_after=None
[2025-01-17T10:32:03.154+0000] {processor.py:208} INFO - Processing /home/airflow/.local/lib/python3.12/site-packages/airflow/example_dags/example_sensors.py took 0.094 seconds
[2025-01-17T10:32:34.951+0000] {processor.py:186} INFO - Started process (PID=175) to work on /home/airflow/.local/lib/python3.12/site-packages/airflow/example_dags/example_sensors.py
[2025-01-17T10:32:34.953+0000] {processor.py:914} INFO - Processing file /home/airflow/.local/lib/python3.12/site-packages/airflow/example_dags/example_sensors.py for tasks to queue
[2025-01-17T10:32:34.956+0000] {logging_mixin.py:190} INFO - [2025-01-17T10:32:34.955+0000] {dagbag.py:588} INFO - Filling up the DagBag from /home/airflow/.local/lib/python3.12/site-packages/airflow/example_dags/example_sensors.py
[2025-01-17T10:32:34.970+0000] {processor.py:925} INFO - DAG(s) 'example_sensors' retrieved from /home/airflow/.local/lib/python3.12/site-packages/airflow/example_dags/example_sensors.py
[2025-01-17T10:32:35.012+0000] {logging_mixin.py:190} INFO - [2025-01-17T10:32:35.012+0000] {dag.py:3239} INFO - Sync 1 DAGs
[2025-01-17T10:32:35.034+0000] {logging_mixin.py:190} INFO - [2025-01-17T10:32:35.034+0000] {dag.py:4180} INFO - Setting next_dagrun for example_sensors to None, run_after=None
[2025-01-17T10:32:35.075+0000] {processor.py:208} INFO - Processing /home/airflow/.local/lib/python3.12/site-packages/airflow/example_dags/example_sensors.py took 0.134 seconds
[2025-01-17T10:33:05.751+0000] {processor.py:186} INFO - Started process (PID=239) to work on /home/airflow/.local/lib/python3.12/site-packages/airflow/example_dags/example_sensors.py
[2025-01-17T10:33:05.753+0000] {processor.py:914} INFO - Processing file /home/airflow/.local/lib/python3.12/site-packages/airflow/example_dags/example_sensors.py for tasks to queue
[2025-01-17T10:33:05.756+0000] {logging_mixin.py:190} INFO - [2025-01-17T10:33:05.755+0000] {dagbag.py:588} INFO - Filling up the DagBag from /home/airflow/.local/lib/python3.12/site-packages/airflow/example_dags/example_sensors.py
[2025-01-17T10:33:05.768+0000] {processor.py:925} INFO - DAG(s) 'example_sensors' retrieved from /home/airflow/.local/lib/python3.12/site-packages/airflow/example_dags/example_sensors.py
[2025-01-17T10:33:05.802+0000] {logging_mixin.py:190} INFO - [2025-01-17T10:33:05.802+0000] {dag.py:3239} INFO - Sync 1 DAGs
[2025-01-17T10:33:05.820+0000] {logging_mixin.py:190} INFO - [2025-01-17T10:33:05.820+0000] {dag.py:4180} INFO - Setting next_dagrun for example_sensors to None, run_after=None
[2025-01-17T10:33:05.852+0000] {processor.py:208} INFO - Processing /home/airflow/.local/lib/python3.12/site-packages/airflow/example_dags/example_sensors.py took 0.106 seconds
[2025-01-17T10:33:37.785+0000] {processor.py:186} INFO - Started process (PID=303) to work on /home/airflow/.local/lib/python3.12/site-packages/airflow/example_dags/example_sensors.py
[2025-01-17T10:33:37.786+0000] {processor.py:914} INFO - Processing file /home/airflow/.local/lib/python3.12/site-packages/airflow/example_dags/example_sensors.py for tasks to queue
[2025-01-17T10:33:37.790+0000] {logging_mixin.py:190} INFO - [2025-01-17T10:33:37.790+0000] {dagbag.py:588} INFO - Filling up the DagBag from /home/airflow/.local/lib/python3.12/site-packages/airflow/example_dags/example_sensors.py
[2025-01-17T10:33:37.809+0000] {processor.py:925} INFO - DAG(s) 'example_sensors' retrieved from /home/airflow/.local/lib/python3.12/site-packages/airflow/example_dags/example_sensors.py
[2025-01-17T10:33:37.860+0000] {logging_mixin.py:190} INFO - [2025-01-17T10:33:37.859+0000] {dag.py:3239} INFO - Sync 1 DAGs
[2025-01-17T10:33:37.887+0000] {logging_mixin.py:190} INFO - [2025-01-17T10:33:37.887+0000] {dag.py:4180} INFO - Setting next_dagrun for example_sensors to None, run_after=None
[2025-01-17T10:33:37.922+0000] {processor.py:208} INFO - Processing /home/airflow/.local/lib/python3.12/site-packages/airflow/example_dags/example_sensors.py took 0.147 seconds
[2025-01-17T10:34:09.211+0000] {processor.py:186} INFO - Started process (PID=367) to work on /home/airflow/.local/lib/python3.12/site-packages/airflow/example_dags/example_sensors.py
[2025-01-17T10:34:09.212+0000] {processor.py:914} INFO - Processing file /home/airflow/.local/lib/python3.12/site-packages/airflow/example_dags/example_sensors.py for tasks to queue
[2025-01-17T10:34:09.217+0000] {logging_mixin.py:190} INFO - [2025-01-17T10:34:09.216+0000] {dagbag.py:588} INFO - Filling up the DagBag from /home/airflow/.local/lib/python3.12/site-packages/airflow/example_dags/example_sensors.py
[2025-01-17T10:34:09.233+0000] {processor.py:925} INFO - DAG(s) 'example_sensors' retrieved from /home/airflow/.local/lib/python3.12/site-packages/airflow/example_dags/example_sensors.py
[2025-01-17T10:34:09.280+0000] {logging_mixin.py:190} INFO - [2025-01-17T10:34:09.279+0000] {dag.py:3239} INFO - Sync 1 DAGs
[2025-01-17T10:34:09.302+0000] {logging_mixin.py:190} INFO - [2025-01-17T10:34:09.301+0000] {dag.py:4180} INFO - Setting next_dagrun for example_sensors to None, run_after=None
[2025-01-17T10:34:09.338+0000] {processor.py:208} INFO - Processing /home/airflow/.local/lib/python3.12/site-packages/airflow/example_dags/example_sensors.py took 0.136 seconds
[2025-01-17T10:34:41.162+0000] {processor.py:186} INFO - Started process (PID=430) to work on /home/airflow/.local/lib/python3.12/site-packages/airflow/example_dags/example_sensors.py
[2025-01-17T10:34:41.164+0000] {processor.py:914} INFO - Processing file /home/airflow/.local/lib/python3.12/site-packages/airflow/example_dags/example_sensors.py for tasks to queue
[2025-01-17T10:34:41.166+0000] {logging_mixin.py:190} INFO - [2025-01-17T10:34:41.166+0000] {dagbag.py:588} INFO - Filling up the DagBag from /home/airflow/.local/lib/python3.12/site-packages/airflow/example_dags/example_sensors.py
[2025-01-17T10:34:41.182+0000] {processor.py:925} INFO - DAG(s) 'example_sensors' retrieved from /home/airflow/.local/lib/python3.12/site-packages/airflow/example_dags/example_sensors.py
[2025-01-17T10:34:41.221+0000] {logging_mixin.py:190} INFO - [2025-01-17T10:34:41.220+0000] {dag.py:3239} INFO - Sync 1 DAGs
[2025-01-17T10:34:41.241+0000] {logging_mixin.py:190} INFO - [2025-01-17T10:34:41.240+0000] {dag.py:4180} INFO - Setting next_dagrun for example_sensors to None, run_after=None
[2025-01-17T10:34:41.270+0000] {processor.py:208} INFO - Processing /home/airflow/.local/lib/python3.12/site-packages/airflow/example_dags/example_sensors.py took 0.115 seconds
[2025-01-17T10:35:12.975+0000] {processor.py:186} INFO - Started process (PID=493) to work on /home/airflow/.local/lib/python3.12/site-packages/airflow/example_dags/example_sensors.py
[2025-01-17T10:35:12.978+0000] {processor.py:914} INFO - Processing file /home/airflow/.local/lib/python3.12/site-packages/airflow/example_dags/example_sensors.py for tasks to queue
[2025-01-17T10:35:12.981+0000] {logging_mixin.py:190} INFO - [2025-01-17T10:35:12.980+0000] {dagbag.py:588} INFO - Filling up the DagBag from /home/airflow/.local/lib/python3.12/site-packages/airflow/example_dags/example_sensors.py
[2025-01-17T10:35:13.013+0000] {processor.py:925} INFO - DAG(s) 'example_sensors' retrieved from /home/airflow/.local/lib/python3.12/site-packages/airflow/example_dags/example_sensors.py
[2025-01-17T10:35:13.085+0000] {logging_mixin.py:190} INFO - [2025-01-17T10:35:13.085+0000] {dag.py:3239} INFO - Sync 1 DAGs
[2025-01-17T10:35:13.114+0000] {logging_mixin.py:190} INFO - [2025-01-17T10:35:13.113+0000] {dag.py:4180} INFO - Setting next_dagrun for example_sensors to None, run_after=None
[2025-01-17T10:35:13.163+0000] {processor.py:208} INFO - Processing /home/airflow/.local/lib/python3.12/site-packages/airflow/example_dags/example_sensors.py took 0.204 seconds
[2025-01-17T10:35:44.614+0000] {processor.py:186} INFO - Started process (PID=556) to work on /home/airflow/.local/lib/python3.12/site-packages/airflow/example_dags/example_sensors.py
[2025-01-17T10:35:44.616+0000] {processor.py:914} INFO - Processing file /home/airflow/.local/lib/python3.12/site-packages/airflow/example_dags/example_sensors.py for tasks to queue
[2025-01-17T10:35:44.618+0000] {logging_mixin.py:190} INFO - [2025-01-17T10:35:44.618+0000] {dagbag.py:588} INFO - Filling up the DagBag from /home/airflow/.local/lib/python3.12/site-packages/airflow/example_dags/example_sensors.py
[2025-01-17T10:35:44.639+0000] {processor.py:925} INFO - DAG(s) 'example_sensors' retrieved from /home/airflow/.local/lib/python3.12/site-packages/airflow/example_dags/example_sensors.py
[2025-01-17T10:35:44.691+0000] {logging_mixin.py:190} INFO - [2025-01-17T10:35:44.690+0000] {dag.py:3239} INFO - Sync 1 DAGs
[2025-01-17T10:35:44.716+0000] {logging_mixin.py:190} INFO - [2025-01-17T10:35:44.715+0000] {dag.py:4180} INFO - Setting next_dagrun for example_sensors to None, run_after=None
[2025-01-17T10:35:44.753+0000] {processor.py:208} INFO - Processing /home/airflow/.local/lib/python3.12/site-packages/airflow/example_dags/example_sensors.py took 0.148 seconds
[2025-01-17T10:36:16.367+0000] {processor.py:186} INFO - Started process (PID=619) to work on /home/airflow/.local/lib/python3.12/site-packages/airflow/example_dags/example_sensors.py
[2025-01-17T10:36:16.369+0000] {processor.py:914} INFO - Processing file /home/airflow/.local/lib/python3.12/site-packages/airflow/example_dags/example_sensors.py for tasks to queue
[2025-01-17T10:36:16.371+0000] {logging_mixin.py:190} INFO - [2025-01-17T10:36:16.370+0000] {dagbag.py:588} INFO - Filling up the DagBag from /home/airflow/.local/lib/python3.12/site-packages/airflow/example_dags/example_sensors.py
[2025-01-17T10:36:16.388+0000] {processor.py:925} INFO - DAG(s) 'example_sensors' retrieved from /home/airflow/.local/lib/python3.12/site-packages/airflow/example_dags/example_sensors.py
[2025-01-17T10:36:16.427+0000] {logging_mixin.py:190} INFO - [2025-01-17T10:36:16.427+0000] {dag.py:3239} INFO - Sync 1 DAGs
[2025-01-17T10:36:16.448+0000] {logging_mixin.py:190} INFO - [2025-01-17T10:36:16.448+0000] {dag.py:4180} INFO - Setting next_dagrun for example_sensors to None, run_after=None
[2025-01-17T10:36:16.480+0000] {processor.py:208} INFO - Processing /home/airflow/.local/lib/python3.12/site-packages/airflow/example_dags/example_sensors.py took 0.121 seconds
[2025-01-17T10:37:32.775+0000] {processor.py:186} INFO - Started process (PID=104) to work on /home/airflow/.local/lib/python3.12/site-packages/airflow/example_dags/example_sensors.py
[2025-01-17T10:37:32.777+0000] {processor.py:914} INFO - Processing file /home/airflow/.local/lib/python3.12/site-packages/airflow/example_dags/example_sensors.py for tasks to queue
[2025-01-17T10:37:32.779+0000] {logging_mixin.py:190} INFO - [2025-01-17T10:37:32.779+0000] {dagbag.py:588} INFO - Filling up the DagBag from /home/airflow/.local/lib/python3.12/site-packages/airflow/example_dags/example_sensors.py
[2025-01-17T10:37:32.792+0000] {processor.py:925} INFO - DAG(s) 'example_sensors' retrieved from /home/airflow/.local/lib/python3.12/site-packages/airflow/example_dags/example_sensors.py
[2025-01-17T10:37:32.821+0000] {logging_mixin.py:190} INFO - [2025-01-17T10:37:32.821+0000] {dag.py:3239} INFO - Sync 1 DAGs
[2025-01-17T10:37:32.836+0000] {logging_mixin.py:190} INFO - [2025-01-17T10:37:32.836+0000] {dag.py:4180} INFO - Setting next_dagrun for example_sensors to None, run_after=None
[2025-01-17T10:37:32.864+0000] {processor.py:208} INFO - Processing /home/airflow/.local/lib/python3.12/site-packages/airflow/example_dags/example_sensors.py took 0.094 seconds
[2025-01-17T10:38:05.140+0000] {processor.py:186} INFO - Started process (PID=168) to work on /home/airflow/.local/lib/python3.12/site-packages/airflow/example_dags/example_sensors.py
[2025-01-17T10:38:05.141+0000] {processor.py:914} INFO - Processing file /home/airflow/.local/lib/python3.12/site-packages/airflow/example_dags/example_sensors.py for tasks to queue
[2025-01-17T10:38:05.145+0000] {logging_mixin.py:190} INFO - [2025-01-17T10:38:05.144+0000] {dagbag.py:588} INFO - Filling up the DagBag from /home/airflow/.local/lib/python3.12/site-packages/airflow/example_dags/example_sensors.py
[2025-01-17T10:38:05.160+0000] {processor.py:925} INFO - DAG(s) 'example_sensors' retrieved from /home/airflow/.local/lib/python3.12/site-packages/airflow/example_dags/example_sensors.py
[2025-01-17T10:38:05.199+0000] {logging_mixin.py:190} INFO - [2025-01-17T10:38:05.199+0000] {dag.py:3239} INFO - Sync 1 DAGs
[2025-01-17T10:38:05.224+0000] {logging_mixin.py:190} INFO - [2025-01-17T10:38:05.223+0000] {dag.py:4180} INFO - Setting next_dagrun for example_sensors to None, run_after=None
[2025-01-17T10:38:05.256+0000] {processor.py:208} INFO - Processing /home/airflow/.local/lib/python3.12/site-packages/airflow/example_dags/example_sensors.py took 0.124 seconds
[2025-01-17T10:52:15.845+0000] {processor.py:186} INFO - Started process (PID=111) to work on /home/airflow/.local/lib/python3.12/site-packages/airflow/example_dags/example_sensors.py
[2025-01-17T10:52:15.847+0000] {processor.py:914} INFO - Processing file /home/airflow/.local/lib/python3.12/site-packages/airflow/example_dags/example_sensors.py for tasks to queue
[2025-01-17T10:52:15.849+0000] {logging_mixin.py:190} INFO - [2025-01-17T10:52:15.849+0000] {dagbag.py:588} INFO - Filling up the DagBag from /home/airflow/.local/lib/python3.12/site-packages/airflow/example_dags/example_sensors.py
[2025-01-17T10:52:15.861+0000] {processor.py:925} INFO - DAG(s) 'example_sensors' retrieved from /home/airflow/.local/lib/python3.12/site-packages/airflow/example_dags/example_sensors.py
[2025-01-17T10:52:15.887+0000] {logging_mixin.py:190} INFO - [2025-01-17T10:52:15.886+0000] {dag.py:3239} INFO - Sync 1 DAGs
[2025-01-17T10:52:15.902+0000] {logging_mixin.py:190} INFO - [2025-01-17T10:52:15.901+0000] {dag.py:4180} INFO - Setting next_dagrun for example_sensors to None, run_after=None
[2025-01-17T10:52:15.926+0000] {processor.py:208} INFO - Processing /home/airflow/.local/lib/python3.12/site-packages/airflow/example_dags/example_sensors.py took 0.087 seconds
[2025-01-17T10:52:47.271+0000] {processor.py:186} INFO - Started process (PID=175) to work on /home/airflow/.local/lib/python3.12/site-packages/airflow/example_dags/example_sensors.py
[2025-01-17T10:52:47.273+0000] {processor.py:914} INFO - Processing file /home/airflow/.local/lib/python3.12/site-packages/airflow/example_dags/example_sensors.py for tasks to queue
[2025-01-17T10:52:47.276+0000] {logging_mixin.py:190} INFO - [2025-01-17T10:52:47.275+0000] {dagbag.py:588} INFO - Filling up the DagBag from /home/airflow/.local/lib/python3.12/site-packages/airflow/example_dags/example_sensors.py
[2025-01-17T10:52:47.286+0000] {processor.py:925} INFO - DAG(s) 'example_sensors' retrieved from /home/airflow/.local/lib/python3.12/site-packages/airflow/example_dags/example_sensors.py
[2025-01-17T10:52:47.314+0000] {logging_mixin.py:190} INFO - [2025-01-17T10:52:47.314+0000] {dag.py:3239} INFO - Sync 1 DAGs
[2025-01-17T10:52:47.328+0000] {logging_mixin.py:190} INFO - [2025-01-17T10:52:47.327+0000] {dag.py:4180} INFO - Setting next_dagrun for example_sensors to None, run_after=None
[2025-01-17T10:52:47.352+0000] {processor.py:208} INFO - Processing /home/airflow/.local/lib/python3.12/site-packages/airflow/example_dags/example_sensors.py took 0.087 seconds
[2025-01-17T10:53:18.448+0000] {processor.py:186} INFO - Started process (PID=239) to work on /home/airflow/.local/lib/python3.12/site-packages/airflow/example_dags/example_sensors.py
[2025-01-17T10:53:18.449+0000] {processor.py:914} INFO - Processing file /home/airflow/.local/lib/python3.12/site-packages/airflow/example_dags/example_sensors.py for tasks to queue
[2025-01-17T10:53:18.452+0000] {logging_mixin.py:190} INFO - [2025-01-17T10:53:18.452+0000] {dagbag.py:588} INFO - Filling up the DagBag from /home/airflow/.local/lib/python3.12/site-packages/airflow/example_dags/example_sensors.py
[2025-01-17T10:53:18.462+0000] {processor.py:925} INFO - DAG(s) 'example_sensors' retrieved from /home/airflow/.local/lib/python3.12/site-packages/airflow/example_dags/example_sensors.py
[2025-01-17T10:53:18.489+0000] {logging_mixin.py:190} INFO - [2025-01-17T10:53:18.488+0000] {dag.py:3239} INFO - Sync 1 DAGs
[2025-01-17T10:53:18.504+0000] {logging_mixin.py:190} INFO - [2025-01-17T10:53:18.503+0000] {dag.py:4180} INFO - Setting next_dagrun for example_sensors to None, run_after=None
[2025-01-17T10:53:18.527+0000] {processor.py:208} INFO - Processing /home/airflow/.local/lib/python3.12/site-packages/airflow/example_dags/example_sensors.py took 0.084 seconds
[2025-01-17T10:53:49.907+0000] {processor.py:186} INFO - Started process (PID=304) to work on /home/airflow/.local/lib/python3.12/site-packages/airflow/example_dags/example_sensors.py
[2025-01-17T10:53:49.909+0000] {processor.py:914} INFO - Processing file /home/airflow/.local/lib/python3.12/site-packages/airflow/example_dags/example_sensors.py for tasks to queue
[2025-01-17T10:53:49.912+0000] {logging_mixin.py:190} INFO - [2025-01-17T10:53:49.912+0000] {dagbag.py:588} INFO - Filling up the DagBag from /home/airflow/.local/lib/python3.12/site-packages/airflow/example_dags/example_sensors.py
[2025-01-17T10:53:49.923+0000] {processor.py:925} INFO - DAG(s) 'example_sensors' retrieved from /home/airflow/.local/lib/python3.12/site-packages/airflow/example_dags/example_sensors.py
[2025-01-17T10:53:49.952+0000] {logging_mixin.py:190} INFO - [2025-01-17T10:53:49.952+0000] {dag.py:3239} INFO - Sync 1 DAGs
[2025-01-17T10:53:49.966+0000] {logging_mixin.py:190} INFO - [2025-01-17T10:53:49.966+0000] {dag.py:4180} INFO - Setting next_dagrun for example_sensors to None, run_after=None
[2025-01-17T10:53:49.990+0000] {processor.py:208} INFO - Processing /home/airflow/.local/lib/python3.12/site-packages/airflow/example_dags/example_sensors.py took 0.088 seconds
[2025-01-17T10:54:21.209+0000] {processor.py:186} INFO - Started process (PID=368) to work on /home/airflow/.local/lib/python3.12/site-packages/airflow/example_dags/example_sensors.py
[2025-01-17T10:54:21.210+0000] {processor.py:914} INFO - Processing file /home/airflow/.local/lib/python3.12/site-packages/airflow/example_dags/example_sensors.py for tasks to queue
[2025-01-17T10:54:21.213+0000] {logging_mixin.py:190} INFO - [2025-01-17T10:54:21.213+0000] {dagbag.py:588} INFO - Filling up the DagBag from /home/airflow/.local/lib/python3.12/site-packages/airflow/example_dags/example_sensors.py
[2025-01-17T10:54:21.224+0000] {processor.py:925} INFO - DAG(s) 'example_sensors' retrieved from /home/airflow/.local/lib/python3.12/site-packages/airflow/example_dags/example_sensors.py
[2025-01-17T10:54:21.253+0000] {logging_mixin.py:190} INFO - [2025-01-17T10:54:21.253+0000] {dag.py:3239} INFO - Sync 1 DAGs
[2025-01-17T10:54:21.269+0000] {logging_mixin.py:190} INFO - [2025-01-17T10:54:21.269+0000] {dag.py:4180} INFO - Setting next_dagrun for example_sensors to None, run_after=None
[2025-01-17T10:54:21.293+0000] {processor.py:208} INFO - Processing /home/airflow/.local/lib/python3.12/site-packages/airflow/example_dags/example_sensors.py took 0.090 seconds
[2025-01-17T10:54:52.500+0000] {processor.py:186} INFO - Started process (PID=432) to work on /home/airflow/.local/lib/python3.12/site-packages/airflow/example_dags/example_sensors.py
[2025-01-17T10:54:52.502+0000] {processor.py:914} INFO - Processing file /home/airflow/.local/lib/python3.12/site-packages/airflow/example_dags/example_sensors.py for tasks to queue
[2025-01-17T10:54:52.505+0000] {logging_mixin.py:190} INFO - [2025-01-17T10:54:52.505+0000] {dagbag.py:588} INFO - Filling up the DagBag from /home/airflow/.local/lib/python3.12/site-packages/airflow/example_dags/example_sensors.py
[2025-01-17T10:54:52.517+0000] {processor.py:925} INFO - DAG(s) 'example_sensors' retrieved from /home/airflow/.local/lib/python3.12/site-packages/airflow/example_dags/example_sensors.py
[2025-01-17T10:54:52.545+0000] {logging_mixin.py:190} INFO - [2025-01-17T10:54:52.545+0000] {dag.py:3239} INFO - Sync 1 DAGs
[2025-01-17T10:54:52.559+0000] {logging_mixin.py:190} INFO - [2025-01-17T10:54:52.559+0000] {dag.py:4180} INFO - Setting next_dagrun for example_sensors to None, run_after=None
[2025-01-17T10:54:52.584+0000] {processor.py:208} INFO - Processing /home/airflow/.local/lib/python3.12/site-packages/airflow/example_dags/example_sensors.py took 0.088 seconds
[2025-01-17T10:55:23.982+0000] {processor.py:186} INFO - Started process (PID=496) to work on /home/airflow/.local/lib/python3.12/site-packages/airflow/example_dags/example_sensors.py
[2025-01-17T10:55:23.983+0000] {processor.py:914} INFO - Processing file /home/airflow/.local/lib/python3.12/site-packages/airflow/example_dags/example_sensors.py for tasks to queue
[2025-01-17T10:55:23.987+0000] {logging_mixin.py:190} INFO - [2025-01-17T10:55:23.986+0000] {dagbag.py:588} INFO - Filling up the DagBag from /home/airflow/.local/lib/python3.12/site-packages/airflow/example_dags/example_sensors.py
[2025-01-17T10:55:23.998+0000] {processor.py:925} INFO - DAG(s) 'example_sensors' retrieved from /home/airflow/.local/lib/python3.12/site-packages/airflow/example_dags/example_sensors.py
[2025-01-17T10:55:24.028+0000] {logging_mixin.py:190} INFO - [2025-01-17T10:55:24.027+0000] {dag.py:3239} INFO - Sync 1 DAGs
[2025-01-17T10:55:24.045+0000] {logging_mixin.py:190} INFO - [2025-01-17T10:55:24.044+0000] {dag.py:4180} INFO - Setting next_dagrun for example_sensors to None, run_after=None
[2025-01-17T10:55:24.069+0000] {processor.py:208} INFO - Processing /home/airflow/.local/lib/python3.12/site-packages/airflow/example_dags/example_sensors.py took 0.092 seconds
[2025-01-17T10:55:55.355+0000] {processor.py:186} INFO - Started process (PID=561) to work on /home/airflow/.local/lib/python3.12/site-packages/airflow/example_dags/example_sensors.py
[2025-01-17T10:55:55.357+0000] {processor.py:914} INFO - Processing file /home/airflow/.local/lib/python3.12/site-packages/airflow/example_dags/example_sensors.py for tasks to queue
[2025-01-17T10:55:55.359+0000] {logging_mixin.py:190} INFO - [2025-01-17T10:55:55.359+0000] {dagbag.py:588} INFO - Filling up the DagBag from /home/airflow/.local/lib/python3.12/site-packages/airflow/example_dags/example_sensors.py
[2025-01-17T10:55:55.370+0000] {processor.py:925} INFO - DAG(s) 'example_sensors' retrieved from /home/airflow/.local/lib/python3.12/site-packages/airflow/example_dags/example_sensors.py
[2025-01-17T10:55:55.399+0000] {logging_mixin.py:190} INFO - [2025-01-17T10:55:55.399+0000] {dag.py:3239} INFO - Sync 1 DAGs
[2025-01-17T10:55:55.414+0000] {logging_mixin.py:190} INFO - [2025-01-17T10:55:55.414+0000] {dag.py:4180} INFO - Setting next_dagrun for example_sensors to None, run_after=None
[2025-01-17T10:55:55.438+0000] {processor.py:208} INFO - Processing /home/airflow/.local/lib/python3.12/site-packages/airflow/example_dags/example_sensors.py took 0.088 seconds
[2025-01-17T10:56:26.594+0000] {processor.py:186} INFO - Started process (PID=625) to work on /home/airflow/.local/lib/python3.12/site-packages/airflow/example_dags/example_sensors.py
[2025-01-17T10:56:26.595+0000] {processor.py:914} INFO - Processing file /home/airflow/.local/lib/python3.12/site-packages/airflow/example_dags/example_sensors.py for tasks to queue
[2025-01-17T10:56:26.598+0000] {logging_mixin.py:190} INFO - [2025-01-17T10:56:26.597+0000] {dagbag.py:588} INFO - Filling up the DagBag from /home/airflow/.local/lib/python3.12/site-packages/airflow/example_dags/example_sensors.py
[2025-01-17T10:56:26.608+0000] {processor.py:925} INFO - DAG(s) 'example_sensors' retrieved from /home/airflow/.local/lib/python3.12/site-packages/airflow/example_dags/example_sensors.py
[2025-01-17T10:56:26.636+0000] {logging_mixin.py:190} INFO - [2025-01-17T10:56:26.635+0000] {dag.py:3239} INFO - Sync 1 DAGs
[2025-01-17T10:56:26.651+0000] {logging_mixin.py:190} INFO - [2025-01-17T10:56:26.650+0000] {dag.py:4180} INFO - Setting next_dagrun for example_sensors to None, run_after=None
[2025-01-17T10:56:26.672+0000] {processor.py:208} INFO - Processing /home/airflow/.local/lib/python3.12/site-packages/airflow/example_dags/example_sensors.py took 0.084 seconds
[2025-01-17T10:56:58.192+0000] {processor.py:186} INFO - Started process (PID=690) to work on /home/airflow/.local/lib/python3.12/site-packages/airflow/example_dags/example_sensors.py
[2025-01-17T10:56:58.193+0000] {processor.py:914} INFO - Processing file /home/airflow/.local/lib/python3.12/site-packages/airflow/example_dags/example_sensors.py for tasks to queue
[2025-01-17T10:56:58.196+0000] {logging_mixin.py:190} INFO - [2025-01-17T10:56:58.195+0000] {dagbag.py:588} INFO - Filling up the DagBag from /home/airflow/.local/lib/python3.12/site-packages/airflow/example_dags/example_sensors.py
[2025-01-17T10:56:58.207+0000] {processor.py:925} INFO - DAG(s) 'example_sensors' retrieved from /home/airflow/.local/lib/python3.12/site-packages/airflow/example_dags/example_sensors.py
[2025-01-17T10:56:58.234+0000] {logging_mixin.py:190} INFO - [2025-01-17T10:56:58.234+0000] {dag.py:3239} INFO - Sync 1 DAGs
[2025-01-17T10:56:58.249+0000] {logging_mixin.py:190} INFO - [2025-01-17T10:56:58.248+0000] {dag.py:4180} INFO - Setting next_dagrun for example_sensors to None, run_after=None
[2025-01-17T10:56:58.273+0000] {processor.py:208} INFO - Processing /home/airflow/.local/lib/python3.12/site-packages/airflow/example_dags/example_sensors.py took 0.087 seconds
[2025-01-17T10:57:28.964+0000] {processor.py:186} INFO - Started process (PID=754) to work on /home/airflow/.local/lib/python3.12/site-packages/airflow/example_dags/example_sensors.py
[2025-01-17T10:57:28.965+0000] {processor.py:914} INFO - Processing file /home/airflow/.local/lib/python3.12/site-packages/airflow/example_dags/example_sensors.py for tasks to queue
[2025-01-17T10:57:28.968+0000] {logging_mixin.py:190} INFO - [2025-01-17T10:57:28.967+0000] {dagbag.py:588} INFO - Filling up the DagBag from /home/airflow/.local/lib/python3.12/site-packages/airflow/example_dags/example_sensors.py
[2025-01-17T10:57:28.979+0000] {processor.py:925} INFO - DAG(s) 'example_sensors' retrieved from /home/airflow/.local/lib/python3.12/site-packages/airflow/example_dags/example_sensors.py
[2025-01-17T10:57:29.008+0000] {logging_mixin.py:190} INFO - [2025-01-17T10:57:29.007+0000] {dag.py:3239} INFO - Sync 1 DAGs
[2025-01-17T10:57:29.023+0000] {logging_mixin.py:190} INFO - [2025-01-17T10:57:29.022+0000] {dag.py:4180} INFO - Setting next_dagrun for example_sensors to None, run_after=None
[2025-01-17T10:57:29.046+0000] {processor.py:208} INFO - Processing /home/airflow/.local/lib/python3.12/site-packages/airflow/example_dags/example_sensors.py took 0.089 seconds
[2025-01-17T10:58:00.618+0000] {processor.py:186} INFO - Started process (PID=818) to work on /home/airflow/.local/lib/python3.12/site-packages/airflow/example_dags/example_sensors.py
[2025-01-17T10:58:00.619+0000] {processor.py:914} INFO - Processing file /home/airflow/.local/lib/python3.12/site-packages/airflow/example_dags/example_sensors.py for tasks to queue
[2025-01-17T10:58:00.623+0000] {logging_mixin.py:190} INFO - [2025-01-17T10:58:00.622+0000] {dagbag.py:588} INFO - Filling up the DagBag from /home/airflow/.local/lib/python3.12/site-packages/airflow/example_dags/example_sensors.py
[2025-01-17T10:58:00.634+0000] {processor.py:925} INFO - DAG(s) 'example_sensors' retrieved from /home/airflow/.local/lib/python3.12/site-packages/airflow/example_dags/example_sensors.py
[2025-01-17T10:58:00.663+0000] {logging_mixin.py:190} INFO - [2025-01-17T10:58:00.662+0000] {dag.py:3239} INFO - Sync 1 DAGs
[2025-01-17T10:58:00.678+0000] {logging_mixin.py:190} INFO - [2025-01-17T10:58:00.678+0000] {dag.py:4180} INFO - Setting next_dagrun for example_sensors to None, run_after=None
[2025-01-17T10:58:00.701+0000] {processor.py:208} INFO - Processing /home/airflow/.local/lib/python3.12/site-packages/airflow/example_dags/example_sensors.py took 0.089 seconds
[2025-01-17T10:58:32.616+0000] {processor.py:186} INFO - Started process (PID=882) to work on /home/airflow/.local/lib/python3.12/site-packages/airflow/example_dags/example_sensors.py
[2025-01-17T10:58:32.618+0000] {processor.py:914} INFO - Processing file /home/airflow/.local/lib/python3.12/site-packages/airflow/example_dags/example_sensors.py for tasks to queue
[2025-01-17T10:58:32.620+0000] {logging_mixin.py:190} INFO - [2025-01-17T10:58:32.620+0000] {dagbag.py:588} INFO - Filling up the DagBag from /home/airflow/.local/lib/python3.12/site-packages/airflow/example_dags/example_sensors.py
[2025-01-17T10:58:32.630+0000] {processor.py:925} INFO - DAG(s) 'example_sensors' retrieved from /home/airflow/.local/lib/python3.12/site-packages/airflow/example_dags/example_sensors.py
[2025-01-17T10:58:32.657+0000] {logging_mixin.py:190} INFO - [2025-01-17T10:58:32.657+0000] {dag.py:3239} INFO - Sync 1 DAGs
[2025-01-17T10:58:32.672+0000] {logging_mixin.py:190} INFO - [2025-01-17T10:58:32.672+0000] {dag.py:4180} INFO - Setting next_dagrun for example_sensors to None, run_after=None
[2025-01-17T10:58:32.698+0000] {processor.py:208} INFO - Processing /home/airflow/.local/lib/python3.12/site-packages/airflow/example_dags/example_sensors.py took 0.087 seconds
[2025-01-17T10:59:02.999+0000] {processor.py:186} INFO - Started process (PID=946) to work on /home/airflow/.local/lib/python3.12/site-packages/airflow/example_dags/example_sensors.py
[2025-01-17T10:59:03.000+0000] {processor.py:914} INFO - Processing file /home/airflow/.local/lib/python3.12/site-packages/airflow/example_dags/example_sensors.py for tasks to queue
[2025-01-17T10:59:03.003+0000] {logging_mixin.py:190} INFO - [2025-01-17T10:59:03.002+0000] {dagbag.py:588} INFO - Filling up the DagBag from /home/airflow/.local/lib/python3.12/site-packages/airflow/example_dags/example_sensors.py
[2025-01-17T10:59:03.014+0000] {processor.py:925} INFO - DAG(s) 'example_sensors' retrieved from /home/airflow/.local/lib/python3.12/site-packages/airflow/example_dags/example_sensors.py
[2025-01-17T10:59:03.040+0000] {logging_mixin.py:190} INFO - [2025-01-17T10:59:03.039+0000] {dag.py:3239} INFO - Sync 1 DAGs
[2025-01-17T10:59:03.055+0000] {logging_mixin.py:190} INFO - [2025-01-17T10:59:03.055+0000] {dag.py:4180} INFO - Setting next_dagrun for example_sensors to None, run_after=None
[2025-01-17T10:59:03.080+0000] {processor.py:208} INFO - Processing /home/airflow/.local/lib/python3.12/site-packages/airflow/example_dags/example_sensors.py took 0.087 seconds
[2025-01-17T10:59:34.483+0000] {processor.py:186} INFO - Started process (PID=1010) to work on /home/airflow/.local/lib/python3.12/site-packages/airflow/example_dags/example_sensors.py
[2025-01-17T10:59:34.484+0000] {processor.py:914} INFO - Processing file /home/airflow/.local/lib/python3.12/site-packages/airflow/example_dags/example_sensors.py for tasks to queue
[2025-01-17T10:59:34.487+0000] {logging_mixin.py:190} INFO - [2025-01-17T10:59:34.486+0000] {dagbag.py:588} INFO - Filling up the DagBag from /home/airflow/.local/lib/python3.12/site-packages/airflow/example_dags/example_sensors.py
[2025-01-17T10:59:34.497+0000] {processor.py:925} INFO - DAG(s) 'example_sensors' retrieved from /home/airflow/.local/lib/python3.12/site-packages/airflow/example_dags/example_sensors.py
[2025-01-17T10:59:34.525+0000] {logging_mixin.py:190} INFO - [2025-01-17T10:59:34.525+0000] {dag.py:3239} INFO - Sync 1 DAGs
[2025-01-17T10:59:34.539+0000] {logging_mixin.py:190} INFO - [2025-01-17T10:59:34.538+0000] {dag.py:4180} INFO - Setting next_dagrun for example_sensors to None, run_after=None
[2025-01-17T10:59:34.560+0000] {processor.py:208} INFO - Processing /home/airflow/.local/lib/python3.12/site-packages/airflow/example_dags/example_sensors.py took 0.083 seconds
[2025-01-17T11:00:05.697+0000] {processor.py:186} INFO - Started process (PID=1074) to work on /home/airflow/.local/lib/python3.12/site-packages/airflow/example_dags/example_sensors.py
[2025-01-17T11:00:05.699+0000] {processor.py:914} INFO - Processing file /home/airflow/.local/lib/python3.12/site-packages/airflow/example_dags/example_sensors.py for tasks to queue
[2025-01-17T11:00:05.705+0000] {logging_mixin.py:190} INFO - [2025-01-17T11:00:05.704+0000] {dagbag.py:588} INFO - Filling up the DagBag from /home/airflow/.local/lib/python3.12/site-packages/airflow/example_dags/example_sensors.py
[2025-01-17T11:00:05.729+0000] {processor.py:925} INFO - DAG(s) 'example_sensors' retrieved from /home/airflow/.local/lib/python3.12/site-packages/airflow/example_dags/example_sensors.py
[2025-01-17T11:00:05.781+0000] {logging_mixin.py:190} INFO - [2025-01-17T11:00:05.780+0000] {dag.py:3239} INFO - Sync 1 DAGs
[2025-01-17T11:00:05.809+0000] {logging_mixin.py:190} INFO - [2025-01-17T11:00:05.808+0000] {dag.py:4180} INFO - Setting next_dagrun for example_sensors to None, run_after=None
[2025-01-17T11:00:05.842+0000] {processor.py:208} INFO - Processing /home/airflow/.local/lib/python3.12/site-packages/airflow/example_dags/example_sensors.py took 0.155 seconds
[2025-01-17T11:22:03.191+0000] {processor.py:186} INFO - Started process (PID=104) to work on /home/airflow/.local/lib/python3.12/site-packages/airflow/example_dags/example_sensors.py
[2025-01-17T11:22:03.192+0000] {processor.py:914} INFO - Processing file /home/airflow/.local/lib/python3.12/site-packages/airflow/example_dags/example_sensors.py for tasks to queue
[2025-01-17T11:22:03.195+0000] {logging_mixin.py:190} INFO - [2025-01-17T11:22:03.194+0000] {dagbag.py:588} INFO - Filling up the DagBag from /home/airflow/.local/lib/python3.12/site-packages/airflow/example_dags/example_sensors.py
[2025-01-17T11:22:03.206+0000] {processor.py:925} INFO - DAG(s) 'example_sensors' retrieved from /home/airflow/.local/lib/python3.12/site-packages/airflow/example_dags/example_sensors.py
[2025-01-17T11:22:03.242+0000] {logging_mixin.py:190} INFO - [2025-01-17T11:22:03.241+0000] {dag.py:3239} INFO - Sync 1 DAGs
[2025-01-17T11:22:03.259+0000] {logging_mixin.py:190} INFO - [2025-01-17T11:22:03.259+0000] {dag.py:4180} INFO - Setting next_dagrun for example_sensors to None, run_after=None
[2025-01-17T11:22:03.285+0000] {processor.py:208} INFO - Processing /home/airflow/.local/lib/python3.12/site-packages/airflow/example_dags/example_sensors.py took 0.100 seconds
[2025-01-17T11:22:34.037+0000] {processor.py:186} INFO - Started process (PID=168) to work on /home/airflow/.local/lib/python3.12/site-packages/airflow/example_dags/example_sensors.py
[2025-01-17T11:22:34.038+0000] {processor.py:914} INFO - Processing file /home/airflow/.local/lib/python3.12/site-packages/airflow/example_dags/example_sensors.py for tasks to queue
[2025-01-17T11:22:34.041+0000] {logging_mixin.py:190} INFO - [2025-01-17T11:22:34.041+0000] {dagbag.py:588} INFO - Filling up the DagBag from /home/airflow/.local/lib/python3.12/site-packages/airflow/example_dags/example_sensors.py
[2025-01-17T11:22:34.052+0000] {processor.py:925} INFO - DAG(s) 'example_sensors' retrieved from /home/airflow/.local/lib/python3.12/site-packages/airflow/example_dags/example_sensors.py
[2025-01-17T11:22:34.082+0000] {logging_mixin.py:190} INFO - [2025-01-17T11:22:34.081+0000] {dag.py:3239} INFO - Sync 1 DAGs
[2025-01-17T11:22:34.098+0000] {logging_mixin.py:190} INFO - [2025-01-17T11:22:34.098+0000] {dag.py:4180} INFO - Setting next_dagrun for example_sensors to None, run_after=None
[2025-01-17T11:22:34.125+0000] {processor.py:208} INFO - Processing /home/airflow/.local/lib/python3.12/site-packages/airflow/example_dags/example_sensors.py took 0.093 seconds
[2025-01-17T11:23:05.198+0000] {processor.py:186} INFO - Started process (PID=232) to work on /home/airflow/.local/lib/python3.12/site-packages/airflow/example_dags/example_sensors.py
[2025-01-17T11:23:05.200+0000] {processor.py:914} INFO - Processing file /home/airflow/.local/lib/python3.12/site-packages/airflow/example_dags/example_sensors.py for tasks to queue
[2025-01-17T11:23:05.203+0000] {logging_mixin.py:190} INFO - [2025-01-17T11:23:05.202+0000] {dagbag.py:588} INFO - Filling up the DagBag from /home/airflow/.local/lib/python3.12/site-packages/airflow/example_dags/example_sensors.py
[2025-01-17T11:23:05.213+0000] {processor.py:925} INFO - DAG(s) 'example_sensors' retrieved from /home/airflow/.local/lib/python3.12/site-packages/airflow/example_dags/example_sensors.py
[2025-01-17T11:23:05.240+0000] {logging_mixin.py:190} INFO - [2025-01-17T11:23:05.239+0000] {dag.py:3239} INFO - Sync 1 DAGs
[2025-01-17T11:23:05.254+0000] {logging_mixin.py:190} INFO - [2025-01-17T11:23:05.254+0000] {dag.py:4180} INFO - Setting next_dagrun for example_sensors to None, run_after=None
[2025-01-17T11:23:05.277+0000] {processor.py:208} INFO - Processing /home/airflow/.local/lib/python3.12/site-packages/airflow/example_dags/example_sensors.py took 0.084 seconds
[2025-01-17T11:23:37.074+0000] {processor.py:186} INFO - Started process (PID=296) to work on /home/airflow/.local/lib/python3.12/site-packages/airflow/example_dags/example_sensors.py
[2025-01-17T11:23:37.075+0000] {processor.py:914} INFO - Processing file /home/airflow/.local/lib/python3.12/site-packages/airflow/example_dags/example_sensors.py for tasks to queue
[2025-01-17T11:23:37.078+0000] {logging_mixin.py:190} INFO - [2025-01-17T11:23:37.078+0000] {dagbag.py:588} INFO - Filling up the DagBag from /home/airflow/.local/lib/python3.12/site-packages/airflow/example_dags/example_sensors.py
[2025-01-17T11:23:37.089+0000] {processor.py:925} INFO - DAG(s) 'example_sensors' retrieved from /home/airflow/.local/lib/python3.12/site-packages/airflow/example_dags/example_sensors.py
[2025-01-17T11:23:37.123+0000] {logging_mixin.py:190} INFO - [2025-01-17T11:23:37.123+0000] {dag.py:3239} INFO - Sync 1 DAGs
[2025-01-17T11:23:37.136+0000] {logging_mixin.py:190} INFO - [2025-01-17T11:23:37.136+0000] {dag.py:4180} INFO - Setting next_dagrun for example_sensors to None, run_after=None
[2025-01-17T11:23:37.159+0000] {processor.py:208} INFO - Processing /home/airflow/.local/lib/python3.12/site-packages/airflow/example_dags/example_sensors.py took 0.090 seconds
[2025-01-17T11:24:08.539+0000] {processor.py:186} INFO - Started process (PID=360) to work on /home/airflow/.local/lib/python3.12/site-packages/airflow/example_dags/example_sensors.py
[2025-01-17T11:24:08.540+0000] {processor.py:914} INFO - Processing file /home/airflow/.local/lib/python3.12/site-packages/airflow/example_dags/example_sensors.py for tasks to queue
[2025-01-17T11:24:08.543+0000] {logging_mixin.py:190} INFO - [2025-01-17T11:24:08.543+0000] {dagbag.py:588} INFO - Filling up the DagBag from /home/airflow/.local/lib/python3.12/site-packages/airflow/example_dags/example_sensors.py
[2025-01-17T11:24:08.555+0000] {processor.py:925} INFO - DAG(s) 'example_sensors' retrieved from /home/airflow/.local/lib/python3.12/site-packages/airflow/example_dags/example_sensors.py
[2025-01-17T11:24:08.584+0000] {logging_mixin.py:190} INFO - [2025-01-17T11:24:08.583+0000] {dag.py:3239} INFO - Sync 1 DAGs
[2025-01-17T11:24:08.598+0000] {logging_mixin.py:190} INFO - [2025-01-17T11:24:08.598+0000] {dag.py:4180} INFO - Setting next_dagrun for example_sensors to None, run_after=None
[2025-01-17T11:24:08.622+0000] {processor.py:208} INFO - Processing /home/airflow/.local/lib/python3.12/site-packages/airflow/example_dags/example_sensors.py took 0.088 seconds
[2025-01-17T11:24:39.561+0000] {processor.py:186} INFO - Started process (PID=424) to work on /home/airflow/.local/lib/python3.12/site-packages/airflow/example_dags/example_sensors.py
[2025-01-17T11:24:39.563+0000] {processor.py:914} INFO - Processing file /home/airflow/.local/lib/python3.12/site-packages/airflow/example_dags/example_sensors.py for tasks to queue
[2025-01-17T11:24:39.566+0000] {logging_mixin.py:190} INFO - [2025-01-17T11:24:39.565+0000] {dagbag.py:588} INFO - Filling up the DagBag from /home/airflow/.local/lib/python3.12/site-packages/airflow/example_dags/example_sensors.py
[2025-01-17T11:24:39.576+0000] {processor.py:925} INFO - DAG(s) 'example_sensors' retrieved from /home/airflow/.local/lib/python3.12/site-packages/airflow/example_dags/example_sensors.py
[2025-01-17T11:24:39.604+0000] {logging_mixin.py:190} INFO - [2025-01-17T11:24:39.604+0000] {dag.py:3239} INFO - Sync 1 DAGs
[2025-01-17T11:24:39.618+0000] {logging_mixin.py:190} INFO - [2025-01-17T11:24:39.618+0000] {dag.py:4180} INFO - Setting next_dagrun for example_sensors to None, run_after=None
[2025-01-17T11:24:39.644+0000] {processor.py:208} INFO - Processing /home/airflow/.local/lib/python3.12/site-packages/airflow/example_dags/example_sensors.py took 0.088 seconds
[2025-01-17T11:25:11.035+0000] {processor.py:186} INFO - Started process (PID=488) to work on /home/airflow/.local/lib/python3.12/site-packages/airflow/example_dags/example_sensors.py
[2025-01-17T11:25:11.036+0000] {processor.py:914} INFO - Processing file /home/airflow/.local/lib/python3.12/site-packages/airflow/example_dags/example_sensors.py for tasks to queue
[2025-01-17T11:25:11.039+0000] {logging_mixin.py:190} INFO - [2025-01-17T11:25:11.038+0000] {dagbag.py:588} INFO - Filling up the DagBag from /home/airflow/.local/lib/python3.12/site-packages/airflow/example_dags/example_sensors.py
[2025-01-17T11:25:11.053+0000] {processor.py:925} INFO - DAG(s) 'example_sensors' retrieved from /home/airflow/.local/lib/python3.12/site-packages/airflow/example_dags/example_sensors.py
[2025-01-17T11:25:11.083+0000] {logging_mixin.py:190} INFO - [2025-01-17T11:25:11.083+0000] {dag.py:3239} INFO - Sync 1 DAGs
[2025-01-17T11:25:11.099+0000] {logging_mixin.py:190} INFO - [2025-01-17T11:25:11.099+0000] {dag.py:4180} INFO - Setting next_dagrun for example_sensors to None, run_after=None
[2025-01-17T11:25:11.128+0000] {processor.py:208} INFO - Processing /home/airflow/.local/lib/python3.12/site-packages/airflow/example_dags/example_sensors.py took 0.099 seconds
[2025-01-17T11:25:42.731+0000] {processor.py:186} INFO - Started process (PID=553) to work on /home/airflow/.local/lib/python3.12/site-packages/airflow/example_dags/example_sensors.py
[2025-01-17T11:25:42.733+0000] {processor.py:914} INFO - Processing file /home/airflow/.local/lib/python3.12/site-packages/airflow/example_dags/example_sensors.py for tasks to queue
[2025-01-17T11:25:42.736+0000] {logging_mixin.py:190} INFO - [2025-01-17T11:25:42.735+0000] {dagbag.py:588} INFO - Filling up the DagBag from /home/airflow/.local/lib/python3.12/site-packages/airflow/example_dags/example_sensors.py
[2025-01-17T11:25:42.745+0000] {processor.py:925} INFO - DAG(s) 'example_sensors' retrieved from /home/airflow/.local/lib/python3.12/site-packages/airflow/example_dags/example_sensors.py
[2025-01-17T11:25:42.773+0000] {logging_mixin.py:190} INFO - [2025-01-17T11:25:42.773+0000] {dag.py:3239} INFO - Sync 1 DAGs
[2025-01-17T11:25:42.788+0000] {logging_mixin.py:190} INFO - [2025-01-17T11:25:42.788+0000] {dag.py:4180} INFO - Setting next_dagrun for example_sensors to None, run_after=None
[2025-01-17T11:25:42.811+0000] {processor.py:208} INFO - Processing /home/airflow/.local/lib/python3.12/site-packages/airflow/example_dags/example_sensors.py took 0.084 seconds
[2025-01-17T11:26:13.133+0000] {processor.py:186} INFO - Started process (PID=617) to work on /home/airflow/.local/lib/python3.12/site-packages/airflow/example_dags/example_sensors.py
[2025-01-17T11:26:13.134+0000] {processor.py:914} INFO - Processing file /home/airflow/.local/lib/python3.12/site-packages/airflow/example_dags/example_sensors.py for tasks to queue
[2025-01-17T11:26:13.136+0000] {logging_mixin.py:190} INFO - [2025-01-17T11:26:13.136+0000] {dagbag.py:588} INFO - Filling up the DagBag from /home/airflow/.local/lib/python3.12/site-packages/airflow/example_dags/example_sensors.py
[2025-01-17T11:26:13.149+0000] {processor.py:925} INFO - DAG(s) 'example_sensors' retrieved from /home/airflow/.local/lib/python3.12/site-packages/airflow/example_dags/example_sensors.py
[2025-01-17T11:26:13.179+0000] {logging_mixin.py:190} INFO - [2025-01-17T11:26:13.179+0000] {dag.py:3239} INFO - Sync 1 DAGs
[2025-01-17T11:26:13.194+0000] {logging_mixin.py:190} INFO - [2025-01-17T11:26:13.194+0000] {dag.py:4180} INFO - Setting next_dagrun for example_sensors to None, run_after=None
[2025-01-17T11:26:13.218+0000] {processor.py:208} INFO - Processing /home/airflow/.local/lib/python3.12/site-packages/airflow/example_dags/example_sensors.py took 0.090 seconds
[2025-01-17T11:26:44.604+0000] {processor.py:186} INFO - Started process (PID=681) to work on /home/airflow/.local/lib/python3.12/site-packages/airflow/example_dags/example_sensors.py
[2025-01-17T11:26:44.605+0000] {processor.py:914} INFO - Processing file /home/airflow/.local/lib/python3.12/site-packages/airflow/example_dags/example_sensors.py for tasks to queue
[2025-01-17T11:26:44.608+0000] {logging_mixin.py:190} INFO - [2025-01-17T11:26:44.608+0000] {dagbag.py:588} INFO - Filling up the DagBag from /home/airflow/.local/lib/python3.12/site-packages/airflow/example_dags/example_sensors.py
[2025-01-17T11:26:44.620+0000] {processor.py:925} INFO - DAG(s) 'example_sensors' retrieved from /home/airflow/.local/lib/python3.12/site-packages/airflow/example_dags/example_sensors.py
[2025-01-17T11:26:44.649+0000] {logging_mixin.py:190} INFO - [2025-01-17T11:26:44.649+0000] {dag.py:3239} INFO - Sync 1 DAGs
[2025-01-17T11:26:44.666+0000] {logging_mixin.py:190} INFO - [2025-01-17T11:26:44.666+0000] {dag.py:4180} INFO - Setting next_dagrun for example_sensors to None, run_after=None
[2025-01-17T11:26:44.690+0000] {processor.py:208} INFO - Processing /home/airflow/.local/lib/python3.12/site-packages/airflow/example_dags/example_sensors.py took 0.093 seconds
[2025-01-17T11:27:16.026+0000] {processor.py:186} INFO - Started process (PID=745) to work on /home/airflow/.local/lib/python3.12/site-packages/airflow/example_dags/example_sensors.py
[2025-01-17T11:27:16.027+0000] {processor.py:914} INFO - Processing file /home/airflow/.local/lib/python3.12/site-packages/airflow/example_dags/example_sensors.py for tasks to queue
[2025-01-17T11:27:16.030+0000] {logging_mixin.py:190} INFO - [2025-01-17T11:27:16.030+0000] {dagbag.py:588} INFO - Filling up the DagBag from /home/airflow/.local/lib/python3.12/site-packages/airflow/example_dags/example_sensors.py
[2025-01-17T11:27:16.042+0000] {processor.py:925} INFO - DAG(s) 'example_sensors' retrieved from /home/airflow/.local/lib/python3.12/site-packages/airflow/example_dags/example_sensors.py
[2025-01-17T11:27:16.073+0000] {logging_mixin.py:190} INFO - [2025-01-17T11:27:16.073+0000] {dag.py:3239} INFO - Sync 1 DAGs
[2025-01-17T11:27:16.089+0000] {logging_mixin.py:190} INFO - [2025-01-17T11:27:16.088+0000] {dag.py:4180} INFO - Setting next_dagrun for example_sensors to None, run_after=None
[2025-01-17T11:27:16.118+0000] {processor.py:208} INFO - Processing /home/airflow/.local/lib/python3.12/site-packages/airflow/example_dags/example_sensors.py took 0.097 seconds
[2025-01-17T11:27:48.020+0000] {processor.py:186} INFO - Started process (PID=809) to work on /home/airflow/.local/lib/python3.12/site-packages/airflow/example_dags/example_sensors.py
[2025-01-17T11:27:48.021+0000] {processor.py:914} INFO - Processing file /home/airflow/.local/lib/python3.12/site-packages/airflow/example_dags/example_sensors.py for tasks to queue
[2025-01-17T11:27:48.024+0000] {logging_mixin.py:190} INFO - [2025-01-17T11:27:48.024+0000] {dagbag.py:588} INFO - Filling up the DagBag from /home/airflow/.local/lib/python3.12/site-packages/airflow/example_dags/example_sensors.py
[2025-01-17T11:27:48.036+0000] {processor.py:925} INFO - DAG(s) 'example_sensors' retrieved from /home/airflow/.local/lib/python3.12/site-packages/airflow/example_dags/example_sensors.py
[2025-01-17T11:27:48.064+0000] {logging_mixin.py:190} INFO - [2025-01-17T11:27:48.064+0000] {dag.py:3239} INFO - Sync 1 DAGs
[2025-01-17T11:27:48.080+0000] {logging_mixin.py:190} INFO - [2025-01-17T11:27:48.080+0000] {dag.py:4180} INFO - Setting next_dagrun for example_sensors to None, run_after=None
[2025-01-17T11:27:48.107+0000] {processor.py:208} INFO - Processing /home/airflow/.local/lib/python3.12/site-packages/airflow/example_dags/example_sensors.py took 0.093 seconds
[2025-01-17T11:28:18.455+0000] {processor.py:186} INFO - Started process (PID=873) to work on /home/airflow/.local/lib/python3.12/site-packages/airflow/example_dags/example_sensors.py
[2025-01-17T11:28:18.456+0000] {processor.py:914} INFO - Processing file /home/airflow/.local/lib/python3.12/site-packages/airflow/example_dags/example_sensors.py for tasks to queue
[2025-01-17T11:28:18.459+0000] {logging_mixin.py:190} INFO - [2025-01-17T11:28:18.458+0000] {dagbag.py:588} INFO - Filling up the DagBag from /home/airflow/.local/lib/python3.12/site-packages/airflow/example_dags/example_sensors.py
[2025-01-17T11:28:18.471+0000] {processor.py:925} INFO - DAG(s) 'example_sensors' retrieved from /home/airflow/.local/lib/python3.12/site-packages/airflow/example_dags/example_sensors.py
[2025-01-17T11:28:18.508+0000] {logging_mixin.py:190} INFO - [2025-01-17T11:28:18.507+0000] {dag.py:3239} INFO - Sync 1 DAGs
[2025-01-17T11:28:18.522+0000] {logging_mixin.py:190} INFO - [2025-01-17T11:28:18.522+0000] {dag.py:4180} INFO - Setting next_dagrun for example_sensors to None, run_after=None
[2025-01-17T11:28:18.549+0000] {processor.py:208} INFO - Processing /home/airflow/.local/lib/python3.12/site-packages/airflow/example_dags/example_sensors.py took 0.100 seconds
[2025-01-17T11:28:49.293+0000] {processor.py:186} INFO - Started process (PID=938) to work on /home/airflow/.local/lib/python3.12/site-packages/airflow/example_dags/example_sensors.py
[2025-01-17T11:28:49.294+0000] {processor.py:914} INFO - Processing file /home/airflow/.local/lib/python3.12/site-packages/airflow/example_dags/example_sensors.py for tasks to queue
[2025-01-17T11:28:49.297+0000] {logging_mixin.py:190} INFO - [2025-01-17T11:28:49.297+0000] {dagbag.py:588} INFO - Filling up the DagBag from /home/airflow/.local/lib/python3.12/site-packages/airflow/example_dags/example_sensors.py
[2025-01-17T11:28:49.310+0000] {processor.py:925} INFO - DAG(s) 'example_sensors' retrieved from /home/airflow/.local/lib/python3.12/site-packages/airflow/example_dags/example_sensors.py
[2025-01-17T11:28:49.340+0000] {logging_mixin.py:190} INFO - [2025-01-17T11:28:49.340+0000] {dag.py:3239} INFO - Sync 1 DAGs
[2025-01-17T11:28:49.356+0000] {logging_mixin.py:190} INFO - [2025-01-17T11:28:49.356+0000] {dag.py:4180} INFO - Setting next_dagrun for example_sensors to None, run_after=None
[2025-01-17T11:28:49.386+0000] {processor.py:208} INFO - Processing /home/airflow/.local/lib/python3.12/site-packages/airflow/example_dags/example_sensors.py took 0.100 seconds
[2025-01-17T11:29:20.488+0000] {processor.py:186} INFO - Started process (PID=1002) to work on /home/airflow/.local/lib/python3.12/site-packages/airflow/example_dags/example_sensors.py
[2025-01-17T11:29:20.490+0000] {processor.py:914} INFO - Processing file /home/airflow/.local/lib/python3.12/site-packages/airflow/example_dags/example_sensors.py for tasks to queue
[2025-01-17T11:29:20.493+0000] {logging_mixin.py:190} INFO - [2025-01-17T11:29:20.492+0000] {dagbag.py:588} INFO - Filling up the DagBag from /home/airflow/.local/lib/python3.12/site-packages/airflow/example_dags/example_sensors.py
[2025-01-17T11:29:20.504+0000] {processor.py:925} INFO - DAG(s) 'example_sensors' retrieved from /home/airflow/.local/lib/python3.12/site-packages/airflow/example_dags/example_sensors.py
[2025-01-17T11:29:20.537+0000] {logging_mixin.py:190} INFO - [2025-01-17T11:29:20.537+0000] {dag.py:3239} INFO - Sync 1 DAGs
[2025-01-17T11:29:20.553+0000] {logging_mixin.py:190} INFO - [2025-01-17T11:29:20.553+0000] {dag.py:4180} INFO - Setting next_dagrun for example_sensors to None, run_after=None
[2025-01-17T11:29:20.582+0000] {processor.py:208} INFO - Processing /home/airflow/.local/lib/python3.12/site-packages/airflow/example_dags/example_sensors.py took 0.099 seconds
