[2025-01-17T10:32:05.556+0000] {processor.py:186} INFO - Started process (PID=128) to work on /home/airflow/.local/lib/python3.12/site-packages/airflow/example_dags/example_bash_operator.py
[2025-01-17T10:32:05.559+0000] {processor.py:914} INFO - Processing file /home/airflow/.local/lib/python3.12/site-packages/airflow/example_dags/example_bash_operator.py for tasks to queue
[2025-01-17T10:32:05.562+0000] {logging_mixin.py:190} INFO - [2025-01-17T10:32:05.561+0000] {dagbag.py:588} INFO - Filling up the DagBag from /home/airflow/.local/lib/python3.12/site-packages/airflow/example_dags/example_bash_operator.py
[2025-01-17T10:32:05.578+0000] {processor.py:925} INFO - DAG(s) 'example_bash_operator' retrieved from /home/airflow/.local/lib/python3.12/site-packages/airflow/example_dags/example_bash_operator.py
[2025-01-17T10:32:05.609+0000] {logging_mixin.py:190} INFO - [2025-01-17T10:32:05.608+0000] {dag.py:3239} INFO - Sync 1 DAGs
[2025-01-17T10:32:05.636+0000] {logging_mixin.py:190} INFO - [2025-01-17T10:32:05.636+0000] {dag.py:4180} INFO - Setting next_dagrun for example_bash_operator to 2025-01-16 00:00:00+00:00, run_after=2025-01-17 00:00:00+00:00
[2025-01-17T10:32:05.664+0000] {processor.py:208} INFO - Processing /home/airflow/.local/lib/python3.12/site-packages/airflow/example_dags/example_bash_operator.py took 0.114 seconds
[2025-01-17T10:32:37.487+0000] {processor.py:186} INFO - Started process (PID=192) to work on /home/airflow/.local/lib/python3.12/site-packages/airflow/example_dags/example_bash_operator.py
[2025-01-17T10:32:37.488+0000] {processor.py:914} INFO - Processing file /home/airflow/.local/lib/python3.12/site-packages/airflow/example_dags/example_bash_operator.py for tasks to queue
[2025-01-17T10:32:37.492+0000] {logging_mixin.py:190} INFO - [2025-01-17T10:32:37.491+0000] {dagbag.py:588} INFO - Filling up the DagBag from /home/airflow/.local/lib/python3.12/site-packages/airflow/example_dags/example_bash_operator.py
[2025-01-17T10:32:37.508+0000] {processor.py:925} INFO - DAG(s) 'example_bash_operator' retrieved from /home/airflow/.local/lib/python3.12/site-packages/airflow/example_dags/example_bash_operator.py
[2025-01-17T10:32:37.544+0000] {logging_mixin.py:190} INFO - [2025-01-17T10:32:37.544+0000] {dag.py:3239} INFO - Sync 1 DAGs
[2025-01-17T10:32:37.574+0000] {logging_mixin.py:190} INFO - [2025-01-17T10:32:37.574+0000] {dag.py:4180} INFO - Setting next_dagrun for example_bash_operator to 2025-01-16 00:00:00+00:00, run_after=2025-01-17 00:00:00+00:00
[2025-01-17T10:32:37.610+0000] {processor.py:208} INFO - Processing /home/airflow/.local/lib/python3.12/site-packages/airflow/example_dags/example_bash_operator.py took 0.129 seconds
[2025-01-17T10:33:07.755+0000] {processor.py:186} INFO - Started process (PID=255) to work on /home/airflow/.local/lib/python3.12/site-packages/airflow/example_dags/example_bash_operator.py
[2025-01-17T10:33:07.756+0000] {processor.py:914} INFO - Processing file /home/airflow/.local/lib/python3.12/site-packages/airflow/example_dags/example_bash_operator.py for tasks to queue
[2025-01-17T10:33:07.759+0000] {logging_mixin.py:190} INFO - [2025-01-17T10:33:07.759+0000] {dagbag.py:588} INFO - Filling up the DagBag from /home/airflow/.local/lib/python3.12/site-packages/airflow/example_dags/example_bash_operator.py
[2025-01-17T10:33:07.773+0000] {processor.py:925} INFO - DAG(s) 'example_bash_operator' retrieved from /home/airflow/.local/lib/python3.12/site-packages/airflow/example_dags/example_bash_operator.py
[2025-01-17T10:33:07.819+0000] {logging_mixin.py:190} INFO - [2025-01-17T10:33:07.819+0000] {dag.py:3239} INFO - Sync 1 DAGs
[2025-01-17T10:33:07.855+0000] {logging_mixin.py:190} INFO - [2025-01-17T10:33:07.855+0000] {dag.py:4180} INFO - Setting next_dagrun for example_bash_operator to 2025-01-16 00:00:00+00:00, run_after=2025-01-17 00:00:00+00:00
[2025-01-17T10:33:07.895+0000] {processor.py:208} INFO - Processing /home/airflow/.local/lib/python3.12/site-packages/airflow/example_dags/example_bash_operator.py took 0.146 seconds
[2025-01-17T10:33:40.787+0000] {processor.py:186} INFO - Started process (PID=320) to work on /home/airflow/.local/lib/python3.12/site-packages/airflow/example_dags/example_bash_operator.py
[2025-01-17T10:33:40.789+0000] {processor.py:914} INFO - Processing file /home/airflow/.local/lib/python3.12/site-packages/airflow/example_dags/example_bash_operator.py for tasks to queue
[2025-01-17T10:33:40.792+0000] {logging_mixin.py:190} INFO - [2025-01-17T10:33:40.791+0000] {dagbag.py:588} INFO - Filling up the DagBag from /home/airflow/.local/lib/python3.12/site-packages/airflow/example_dags/example_bash_operator.py
[2025-01-17T10:33:40.809+0000] {processor.py:925} INFO - DAG(s) 'example_bash_operator' retrieved from /home/airflow/.local/lib/python3.12/site-packages/airflow/example_dags/example_bash_operator.py
[2025-01-17T10:33:40.849+0000] {logging_mixin.py:190} INFO - [2025-01-17T10:33:40.848+0000] {dag.py:3239} INFO - Sync 1 DAGs
[2025-01-17T10:33:40.879+0000] {logging_mixin.py:190} INFO - [2025-01-17T10:33:40.878+0000] {dag.py:4180} INFO - Setting next_dagrun for example_bash_operator to 2025-01-16 00:00:00+00:00, run_after=2025-01-17 00:00:00+00:00
[2025-01-17T10:33:40.917+0000] {processor.py:208} INFO - Processing /home/airflow/.local/lib/python3.12/site-packages/airflow/example_dags/example_bash_operator.py took 0.136 seconds
[2025-01-17T10:34:12.248+0000] {processor.py:186} INFO - Started process (PID=383) to work on /home/airflow/.local/lib/python3.12/site-packages/airflow/example_dags/example_bash_operator.py
[2025-01-17T10:34:12.249+0000] {processor.py:914} INFO - Processing file /home/airflow/.local/lib/python3.12/site-packages/airflow/example_dags/example_bash_operator.py for tasks to queue
[2025-01-17T10:34:12.252+0000] {logging_mixin.py:190} INFO - [2025-01-17T10:34:12.252+0000] {dagbag.py:588} INFO - Filling up the DagBag from /home/airflow/.local/lib/python3.12/site-packages/airflow/example_dags/example_bash_operator.py
[2025-01-17T10:34:12.266+0000] {processor.py:925} INFO - DAG(s) 'example_bash_operator' retrieved from /home/airflow/.local/lib/python3.12/site-packages/airflow/example_dags/example_bash_operator.py
[2025-01-17T10:34:12.314+0000] {logging_mixin.py:190} INFO - [2025-01-17T10:34:12.314+0000] {dag.py:3239} INFO - Sync 1 DAGs
[2025-01-17T10:34:12.354+0000] {logging_mixin.py:190} INFO - [2025-01-17T10:34:12.354+0000] {dag.py:4180} INFO - Setting next_dagrun for example_bash_operator to 2025-01-16 00:00:00+00:00, run_after=2025-01-17 00:00:00+00:00
[2025-01-17T10:34:12.387+0000] {processor.py:208} INFO - Processing /home/airflow/.local/lib/python3.12/site-packages/airflow/example_dags/example_bash_operator.py took 0.145 seconds
[2025-01-17T10:34:44.001+0000] {processor.py:186} INFO - Started process (PID=446) to work on /home/airflow/.local/lib/python3.12/site-packages/airflow/example_dags/example_bash_operator.py
[2025-01-17T10:34:44.003+0000] {processor.py:914} INFO - Processing file /home/airflow/.local/lib/python3.12/site-packages/airflow/example_dags/example_bash_operator.py for tasks to queue
[2025-01-17T10:34:44.006+0000] {logging_mixin.py:190} INFO - [2025-01-17T10:34:44.005+0000] {dagbag.py:588} INFO - Filling up the DagBag from /home/airflow/.local/lib/python3.12/site-packages/airflow/example_dags/example_bash_operator.py
[2025-01-17T10:34:44.026+0000] {processor.py:925} INFO - DAG(s) 'example_bash_operator' retrieved from /home/airflow/.local/lib/python3.12/site-packages/airflow/example_dags/example_bash_operator.py
[2025-01-17T10:34:44.068+0000] {logging_mixin.py:190} INFO - [2025-01-17T10:34:44.067+0000] {dag.py:3239} INFO - Sync 1 DAGs
[2025-01-17T10:34:44.104+0000] {logging_mixin.py:190} INFO - [2025-01-17T10:34:44.103+0000] {dag.py:4180} INFO - Setting next_dagrun for example_bash_operator to 2025-01-16 00:00:00+00:00, run_after=2025-01-17 00:00:00+00:00
[2025-01-17T10:34:44.137+0000] {processor.py:208} INFO - Processing /home/airflow/.local/lib/python3.12/site-packages/airflow/example_dags/example_bash_operator.py took 0.144 seconds
[2025-01-17T10:35:16.006+0000] {processor.py:186} INFO - Started process (PID=509) to work on /home/airflow/.local/lib/python3.12/site-packages/airflow/example_dags/example_bash_operator.py
[2025-01-17T10:35:16.007+0000] {processor.py:914} INFO - Processing file /home/airflow/.local/lib/python3.12/site-packages/airflow/example_dags/example_bash_operator.py for tasks to queue
[2025-01-17T10:35:16.009+0000] {logging_mixin.py:190} INFO - [2025-01-17T10:35:16.009+0000] {dagbag.py:588} INFO - Filling up the DagBag from /home/airflow/.local/lib/python3.12/site-packages/airflow/example_dags/example_bash_operator.py
[2025-01-17T10:35:16.029+0000] {processor.py:925} INFO - DAG(s) 'example_bash_operator' retrieved from /home/airflow/.local/lib/python3.12/site-packages/airflow/example_dags/example_bash_operator.py
[2025-01-17T10:35:16.073+0000] {logging_mixin.py:190} INFO - [2025-01-17T10:35:16.072+0000] {dag.py:3239} INFO - Sync 1 DAGs
[2025-01-17T10:35:16.112+0000] {logging_mixin.py:190} INFO - [2025-01-17T10:35:16.112+0000] {dag.py:4180} INFO - Setting next_dagrun for example_bash_operator to 2025-01-16 00:00:00+00:00, run_after=2025-01-17 00:00:00+00:00
[2025-01-17T10:35:16.145+0000] {processor.py:208} INFO - Processing /home/airflow/.local/lib/python3.12/site-packages/airflow/example_dags/example_bash_operator.py took 0.147 seconds
[2025-01-17T10:35:48.192+0000] {processor.py:186} INFO - Started process (PID=572) to work on /home/airflow/.local/lib/python3.12/site-packages/airflow/example_dags/example_bash_operator.py
[2025-01-17T10:35:48.193+0000] {processor.py:914} INFO - Processing file /home/airflow/.local/lib/python3.12/site-packages/airflow/example_dags/example_bash_operator.py for tasks to queue
[2025-01-17T10:35:48.196+0000] {logging_mixin.py:190} INFO - [2025-01-17T10:35:48.195+0000] {dagbag.py:588} INFO - Filling up the DagBag from /home/airflow/.local/lib/python3.12/site-packages/airflow/example_dags/example_bash_operator.py
[2025-01-17T10:35:48.220+0000] {processor.py:925} INFO - DAG(s) 'example_bash_operator' retrieved from /home/airflow/.local/lib/python3.12/site-packages/airflow/example_dags/example_bash_operator.py
[2025-01-17T10:35:48.266+0000] {logging_mixin.py:190} INFO - [2025-01-17T10:35:48.266+0000] {dag.py:3239} INFO - Sync 1 DAGs
[2025-01-17T10:35:48.303+0000] {logging_mixin.py:190} INFO - [2025-01-17T10:35:48.303+0000] {dag.py:4180} INFO - Setting next_dagrun for example_bash_operator to 2025-01-16 00:00:00+00:00, run_after=2025-01-17 00:00:00+00:00
[2025-01-17T10:35:48.338+0000] {processor.py:208} INFO - Processing /home/airflow/.local/lib/python3.12/site-packages/airflow/example_dags/example_bash_operator.py took 0.158 seconds
[2025-01-17T10:36:20.104+0000] {processor.py:186} INFO - Started process (PID=635) to work on /home/airflow/.local/lib/python3.12/site-packages/airflow/example_dags/example_bash_operator.py
[2025-01-17T10:36:20.106+0000] {processor.py:914} INFO - Processing file /home/airflow/.local/lib/python3.12/site-packages/airflow/example_dags/example_bash_operator.py for tasks to queue
[2025-01-17T10:36:20.108+0000] {logging_mixin.py:190} INFO - [2025-01-17T10:36:20.108+0000] {dagbag.py:588} INFO - Filling up the DagBag from /home/airflow/.local/lib/python3.12/site-packages/airflow/example_dags/example_bash_operator.py
[2025-01-17T10:36:20.131+0000] {processor.py:925} INFO - DAG(s) 'example_bash_operator' retrieved from /home/airflow/.local/lib/python3.12/site-packages/airflow/example_dags/example_bash_operator.py
[2025-01-17T10:36:20.184+0000] {logging_mixin.py:190} INFO - [2025-01-17T10:36:20.184+0000] {dag.py:3239} INFO - Sync 1 DAGs
[2025-01-17T10:36:20.222+0000] {logging_mixin.py:190} INFO - [2025-01-17T10:36:20.222+0000] {dag.py:4180} INFO - Setting next_dagrun for example_bash_operator to 2025-01-16 00:00:00+00:00, run_after=2025-01-17 00:00:00+00:00
[2025-01-17T10:36:20.264+0000] {processor.py:208} INFO - Processing /home/airflow/.local/lib/python3.12/site-packages/airflow/example_dags/example_bash_operator.py took 0.168 seconds
[2025-01-17T10:37:35.511+0000] {processor.py:186} INFO - Started process (PID=121) to work on /home/airflow/.local/lib/python3.12/site-packages/airflow/example_dags/example_bash_operator.py
[2025-01-17T10:37:35.513+0000] {processor.py:914} INFO - Processing file /home/airflow/.local/lib/python3.12/site-packages/airflow/example_dags/example_bash_operator.py for tasks to queue
[2025-01-17T10:37:35.517+0000] {logging_mixin.py:190} INFO - [2025-01-17T10:37:35.517+0000] {dagbag.py:588} INFO - Filling up the DagBag from /home/airflow/.local/lib/python3.12/site-packages/airflow/example_dags/example_bash_operator.py
[2025-01-17T10:37:35.531+0000] {processor.py:925} INFO - DAG(s) 'example_bash_operator' retrieved from /home/airflow/.local/lib/python3.12/site-packages/airflow/example_dags/example_bash_operator.py
[2025-01-17T10:37:35.565+0000] {logging_mixin.py:190} INFO - [2025-01-17T10:37:35.565+0000] {dag.py:3239} INFO - Sync 1 DAGs
[2025-01-17T10:37:35.599+0000] {logging_mixin.py:190} INFO - [2025-01-17T10:37:35.599+0000] {dag.py:4180} INFO - Setting next_dagrun for example_bash_operator to 2025-01-16 00:00:00+00:00, run_after=2025-01-17 00:00:00+00:00
[2025-01-17T10:37:35.637+0000] {processor.py:208} INFO - Processing /home/airflow/.local/lib/python3.12/site-packages/airflow/example_dags/example_bash_operator.py took 0.133 seconds
[2025-01-17T10:38:08.125+0000] {processor.py:186} INFO - Started process (PID=185) to work on /home/airflow/.local/lib/python3.12/site-packages/airflow/example_dags/example_bash_operator.py
[2025-01-17T10:38:08.127+0000] {processor.py:914} INFO - Processing file /home/airflow/.local/lib/python3.12/site-packages/airflow/example_dags/example_bash_operator.py for tasks to queue
[2025-01-17T10:38:08.131+0000] {logging_mixin.py:190} INFO - [2025-01-17T10:38:08.130+0000] {dagbag.py:588} INFO - Filling up the DagBag from /home/airflow/.local/lib/python3.12/site-packages/airflow/example_dags/example_bash_operator.py
[2025-01-17T10:38:08.148+0000] {processor.py:925} INFO - DAG(s) 'example_bash_operator' retrieved from /home/airflow/.local/lib/python3.12/site-packages/airflow/example_dags/example_bash_operator.py
[2025-01-17T10:38:08.192+0000] {logging_mixin.py:190} INFO - [2025-01-17T10:38:08.191+0000] {dag.py:3239} INFO - Sync 1 DAGs
[2025-01-17T10:38:08.227+0000] {logging_mixin.py:190} INFO - [2025-01-17T10:38:08.227+0000] {dag.py:4180} INFO - Setting next_dagrun for example_bash_operator to 2025-01-16 00:00:00+00:00, run_after=2025-01-17 00:00:00+00:00
[2025-01-17T10:38:08.260+0000] {processor.py:208} INFO - Processing /home/airflow/.local/lib/python3.12/site-packages/airflow/example_dags/example_bash_operator.py took 0.144 seconds
[2025-01-17T10:52:18.030+0000] {processor.py:186} INFO - Started process (PID=128) to work on /home/airflow/.local/lib/python3.12/site-packages/airflow/example_dags/example_bash_operator.py
[2025-01-17T10:52:18.031+0000] {processor.py:914} INFO - Processing file /home/airflow/.local/lib/python3.12/site-packages/airflow/example_dags/example_bash_operator.py for tasks to queue
[2025-01-17T10:52:18.034+0000] {logging_mixin.py:190} INFO - [2025-01-17T10:52:18.034+0000] {dagbag.py:588} INFO - Filling up the DagBag from /home/airflow/.local/lib/python3.12/site-packages/airflow/example_dags/example_bash_operator.py
[2025-01-17T10:52:18.048+0000] {processor.py:925} INFO - DAG(s) 'example_bash_operator' retrieved from /home/airflow/.local/lib/python3.12/site-packages/airflow/example_dags/example_bash_operator.py
[2025-01-17T10:52:18.079+0000] {logging_mixin.py:190} INFO - [2025-01-17T10:52:18.078+0000] {dag.py:3239} INFO - Sync 1 DAGs
[2025-01-17T10:52:18.104+0000] {logging_mixin.py:190} INFO - [2025-01-17T10:52:18.104+0000] {dag.py:4180} INFO - Setting next_dagrun for example_bash_operator to 2025-01-16 00:00:00+00:00, run_after=2025-01-17 00:00:00+00:00
[2025-01-17T10:52:18.129+0000] {processor.py:208} INFO - Processing /home/airflow/.local/lib/python3.12/site-packages/airflow/example_dags/example_bash_operator.py took 0.104 seconds
[2025-01-17T10:52:49.624+0000] {processor.py:186} INFO - Started process (PID=192) to work on /home/airflow/.local/lib/python3.12/site-packages/airflow/example_dags/example_bash_operator.py
[2025-01-17T10:52:49.626+0000] {processor.py:914} INFO - Processing file /home/airflow/.local/lib/python3.12/site-packages/airflow/example_dags/example_bash_operator.py for tasks to queue
[2025-01-17T10:52:49.628+0000] {logging_mixin.py:190} INFO - [2025-01-17T10:52:49.628+0000] {dagbag.py:588} INFO - Filling up the DagBag from /home/airflow/.local/lib/python3.12/site-packages/airflow/example_dags/example_bash_operator.py
[2025-01-17T10:52:49.642+0000] {processor.py:925} INFO - DAG(s) 'example_bash_operator' retrieved from /home/airflow/.local/lib/python3.12/site-packages/airflow/example_dags/example_bash_operator.py
[2025-01-17T10:52:49.671+0000] {logging_mixin.py:190} INFO - [2025-01-17T10:52:49.671+0000] {dag.py:3239} INFO - Sync 1 DAGs
[2025-01-17T10:52:49.699+0000] {logging_mixin.py:190} INFO - [2025-01-17T10:52:49.699+0000] {dag.py:4180} INFO - Setting next_dagrun for example_bash_operator to 2025-01-16 00:00:00+00:00, run_after=2025-01-17 00:00:00+00:00
[2025-01-17T10:52:49.726+0000] {processor.py:208} INFO - Processing /home/airflow/.local/lib/python3.12/site-packages/airflow/example_dags/example_bash_operator.py took 0.108 seconds
[2025-01-17T10:53:20.581+0000] {processor.py:186} INFO - Started process (PID=255) to work on /home/airflow/.local/lib/python3.12/site-packages/airflow/example_dags/example_bash_operator.py
[2025-01-17T10:53:20.582+0000] {processor.py:914} INFO - Processing file /home/airflow/.local/lib/python3.12/site-packages/airflow/example_dags/example_bash_operator.py for tasks to queue
[2025-01-17T10:53:20.586+0000] {logging_mixin.py:190} INFO - [2025-01-17T10:53:20.585+0000] {dagbag.py:588} INFO - Filling up the DagBag from /home/airflow/.local/lib/python3.12/site-packages/airflow/example_dags/example_bash_operator.py
[2025-01-17T10:53:20.599+0000] {processor.py:925} INFO - DAG(s) 'example_bash_operator' retrieved from /home/airflow/.local/lib/python3.12/site-packages/airflow/example_dags/example_bash_operator.py
[2025-01-17T10:53:20.632+0000] {logging_mixin.py:190} INFO - [2025-01-17T10:53:20.631+0000] {dag.py:3239} INFO - Sync 1 DAGs
[2025-01-17T10:53:20.659+0000] {logging_mixin.py:190} INFO - [2025-01-17T10:53:20.659+0000] {dag.py:4180} INFO - Setting next_dagrun for example_bash_operator to 2025-01-16 00:00:00+00:00, run_after=2025-01-17 00:00:00+00:00
[2025-01-17T10:53:20.686+0000] {processor.py:208} INFO - Processing /home/airflow/.local/lib/python3.12/site-packages/airflow/example_dags/example_bash_operator.py took 0.110 seconds
[2025-01-17T10:53:51.540+0000] {processor.py:186} INFO - Started process (PID=320) to work on /home/airflow/.local/lib/python3.12/site-packages/airflow/example_dags/example_bash_operator.py
[2025-01-17T10:53:51.541+0000] {processor.py:914} INFO - Processing file /home/airflow/.local/lib/python3.12/site-packages/airflow/example_dags/example_bash_operator.py for tasks to queue
[2025-01-17T10:53:51.544+0000] {logging_mixin.py:190} INFO - [2025-01-17T10:53:51.544+0000] {dagbag.py:588} INFO - Filling up the DagBag from /home/airflow/.local/lib/python3.12/site-packages/airflow/example_dags/example_bash_operator.py
[2025-01-17T10:53:51.556+0000] {processor.py:925} INFO - DAG(s) 'example_bash_operator' retrieved from /home/airflow/.local/lib/python3.12/site-packages/airflow/example_dags/example_bash_operator.py
[2025-01-17T10:53:51.584+0000] {logging_mixin.py:190} INFO - [2025-01-17T10:53:51.584+0000] {dag.py:3239} INFO - Sync 1 DAGs
[2025-01-17T10:53:51.609+0000] {logging_mixin.py:190} INFO - [2025-01-17T10:53:51.608+0000] {dag.py:4180} INFO - Setting next_dagrun for example_bash_operator to 2025-01-16 00:00:00+00:00, run_after=2025-01-17 00:00:00+00:00
[2025-01-17T10:53:51.632+0000] {processor.py:208} INFO - Processing /home/airflow/.local/lib/python3.12/site-packages/airflow/example_dags/example_bash_operator.py took 0.097 seconds
[2025-01-17T10:54:22.961+0000] {processor.py:186} INFO - Started process (PID=384) to work on /home/airflow/.local/lib/python3.12/site-packages/airflow/example_dags/example_bash_operator.py
[2025-01-17T10:54:22.962+0000] {processor.py:914} INFO - Processing file /home/airflow/.local/lib/python3.12/site-packages/airflow/example_dags/example_bash_operator.py for tasks to queue
[2025-01-17T10:54:22.965+0000] {logging_mixin.py:190} INFO - [2025-01-17T10:54:22.965+0000] {dagbag.py:588} INFO - Filling up the DagBag from /home/airflow/.local/lib/python3.12/site-packages/airflow/example_dags/example_bash_operator.py
[2025-01-17T10:54:22.978+0000] {processor.py:925} INFO - DAG(s) 'example_bash_operator' retrieved from /home/airflow/.local/lib/python3.12/site-packages/airflow/example_dags/example_bash_operator.py
[2025-01-17T10:54:23.007+0000] {logging_mixin.py:190} INFO - [2025-01-17T10:54:23.007+0000] {dag.py:3239} INFO - Sync 1 DAGs
[2025-01-17T10:54:23.032+0000] {logging_mixin.py:190} INFO - [2025-01-17T10:54:23.031+0000] {dag.py:4180} INFO - Setting next_dagrun for example_bash_operator to 2025-01-16 00:00:00+00:00, run_after=2025-01-17 00:00:00+00:00
[2025-01-17T10:54:23.057+0000] {processor.py:208} INFO - Processing /home/airflow/.local/lib/python3.12/site-packages/airflow/example_dags/example_bash_operator.py took 0.101 seconds
[2025-01-17T10:54:54.360+0000] {processor.py:186} INFO - Started process (PID=448) to work on /home/airflow/.local/lib/python3.12/site-packages/airflow/example_dags/example_bash_operator.py
[2025-01-17T10:54:54.362+0000] {processor.py:914} INFO - Processing file /home/airflow/.local/lib/python3.12/site-packages/airflow/example_dags/example_bash_operator.py for tasks to queue
[2025-01-17T10:54:54.364+0000] {logging_mixin.py:190} INFO - [2025-01-17T10:54:54.364+0000] {dagbag.py:588} INFO - Filling up the DagBag from /home/airflow/.local/lib/python3.12/site-packages/airflow/example_dags/example_bash_operator.py
[2025-01-17T10:54:54.377+0000] {processor.py:925} INFO - DAG(s) 'example_bash_operator' retrieved from /home/airflow/.local/lib/python3.12/site-packages/airflow/example_dags/example_bash_operator.py
[2025-01-17T10:54:54.407+0000] {logging_mixin.py:190} INFO - [2025-01-17T10:54:54.407+0000] {dag.py:3239} INFO - Sync 1 DAGs
[2025-01-17T10:54:54.434+0000] {logging_mixin.py:190} INFO - [2025-01-17T10:54:54.433+0000] {dag.py:4180} INFO - Setting next_dagrun for example_bash_operator to 2025-01-16 00:00:00+00:00, run_after=2025-01-17 00:00:00+00:00
[2025-01-17T10:54:54.460+0000] {processor.py:208} INFO - Processing /home/airflow/.local/lib/python3.12/site-packages/airflow/example_dags/example_bash_operator.py took 0.105 seconds
[2025-01-17T10:55:25.637+0000] {processor.py:186} INFO - Started process (PID=512) to work on /home/airflow/.local/lib/python3.12/site-packages/airflow/example_dags/example_bash_operator.py
[2025-01-17T10:55:25.639+0000] {processor.py:914} INFO - Processing file /home/airflow/.local/lib/python3.12/site-packages/airflow/example_dags/example_bash_operator.py for tasks to queue
[2025-01-17T10:55:25.641+0000] {logging_mixin.py:190} INFO - [2025-01-17T10:55:25.641+0000] {dagbag.py:588} INFO - Filling up the DagBag from /home/airflow/.local/lib/python3.12/site-packages/airflow/example_dags/example_bash_operator.py
[2025-01-17T10:55:25.654+0000] {processor.py:925} INFO - DAG(s) 'example_bash_operator' retrieved from /home/airflow/.local/lib/python3.12/site-packages/airflow/example_dags/example_bash_operator.py
[2025-01-17T10:55:25.683+0000] {logging_mixin.py:190} INFO - [2025-01-17T10:55:25.683+0000] {dag.py:3239} INFO - Sync 1 DAGs
[2025-01-17T10:55:25.709+0000] {logging_mixin.py:190} INFO - [2025-01-17T10:55:25.709+0000] {dag.py:4180} INFO - Setting next_dagrun for example_bash_operator to 2025-01-16 00:00:00+00:00, run_after=2025-01-17 00:00:00+00:00
[2025-01-17T10:55:25.733+0000] {processor.py:208} INFO - Processing /home/airflow/.local/lib/python3.12/site-packages/airflow/example_dags/example_bash_operator.py took 0.100 seconds
[2025-01-17T10:55:57.013+0000] {processor.py:186} INFO - Started process (PID=577) to work on /home/airflow/.local/lib/python3.12/site-packages/airflow/example_dags/example_bash_operator.py
[2025-01-17T10:55:57.014+0000] {processor.py:914} INFO - Processing file /home/airflow/.local/lib/python3.12/site-packages/airflow/example_dags/example_bash_operator.py for tasks to queue
[2025-01-17T10:55:57.017+0000] {logging_mixin.py:190} INFO - [2025-01-17T10:55:57.017+0000] {dagbag.py:588} INFO - Filling up the DagBag from /home/airflow/.local/lib/python3.12/site-packages/airflow/example_dags/example_bash_operator.py
[2025-01-17T10:55:57.029+0000] {processor.py:925} INFO - DAG(s) 'example_bash_operator' retrieved from /home/airflow/.local/lib/python3.12/site-packages/airflow/example_dags/example_bash_operator.py
[2025-01-17T10:55:57.060+0000] {logging_mixin.py:190} INFO - [2025-01-17T10:55:57.059+0000] {dag.py:3239} INFO - Sync 1 DAGs
[2025-01-17T10:55:57.085+0000] {logging_mixin.py:190} INFO - [2025-01-17T10:55:57.085+0000] {dag.py:4180} INFO - Setting next_dagrun for example_bash_operator to 2025-01-16 00:00:00+00:00, run_after=2025-01-17 00:00:00+00:00
[2025-01-17T10:55:57.110+0000] {processor.py:208} INFO - Processing /home/airflow/.local/lib/python3.12/site-packages/airflow/example_dags/example_bash_operator.py took 0.102 seconds
[2025-01-17T10:56:28.445+0000] {processor.py:186} INFO - Started process (PID=641) to work on /home/airflow/.local/lib/python3.12/site-packages/airflow/example_dags/example_bash_operator.py
[2025-01-17T10:56:28.446+0000] {processor.py:914} INFO - Processing file /home/airflow/.local/lib/python3.12/site-packages/airflow/example_dags/example_bash_operator.py for tasks to queue
[2025-01-17T10:56:28.449+0000] {logging_mixin.py:190} INFO - [2025-01-17T10:56:28.449+0000] {dagbag.py:588} INFO - Filling up the DagBag from /home/airflow/.local/lib/python3.12/site-packages/airflow/example_dags/example_bash_operator.py
[2025-01-17T10:56:28.462+0000] {processor.py:925} INFO - DAG(s) 'example_bash_operator' retrieved from /home/airflow/.local/lib/python3.12/site-packages/airflow/example_dags/example_bash_operator.py
[2025-01-17T10:56:28.492+0000] {logging_mixin.py:190} INFO - [2025-01-17T10:56:28.491+0000] {dag.py:3239} INFO - Sync 1 DAGs
[2025-01-17T10:56:28.518+0000] {logging_mixin.py:190} INFO - [2025-01-17T10:56:28.518+0000] {dag.py:4180} INFO - Setting next_dagrun for example_bash_operator to 2025-01-16 00:00:00+00:00, run_after=2025-01-17 00:00:00+00:00
[2025-01-17T10:56:28.542+0000] {processor.py:208} INFO - Processing /home/airflow/.local/lib/python3.12/site-packages/airflow/example_dags/example_bash_operator.py took 0.103 seconds
[2025-01-17T10:57:00.239+0000] {processor.py:186} INFO - Started process (PID=707) to work on /home/airflow/.local/lib/python3.12/site-packages/airflow/example_dags/example_bash_operator.py
[2025-01-17T10:57:00.241+0000] {processor.py:914} INFO - Processing file /home/airflow/.local/lib/python3.12/site-packages/airflow/example_dags/example_bash_operator.py for tasks to queue
[2025-01-17T10:57:00.244+0000] {logging_mixin.py:190} INFO - [2025-01-17T10:57:00.243+0000] {dagbag.py:588} INFO - Filling up the DagBag from /home/airflow/.local/lib/python3.12/site-packages/airflow/example_dags/example_bash_operator.py
[2025-01-17T10:57:00.257+0000] {processor.py:925} INFO - DAG(s) 'example_bash_operator' retrieved from /home/airflow/.local/lib/python3.12/site-packages/airflow/example_dags/example_bash_operator.py
[2025-01-17T10:57:00.291+0000] {logging_mixin.py:190} INFO - [2025-01-17T10:57:00.291+0000] {dag.py:3239} INFO - Sync 1 DAGs
[2025-01-17T10:57:00.318+0000] {logging_mixin.py:190} INFO - [2025-01-17T10:57:00.318+0000] {dag.py:4180} INFO - Setting next_dagrun for example_bash_operator to 2025-01-16 00:00:00+00:00, run_after=2025-01-17 00:00:00+00:00
[2025-01-17T10:57:00.345+0000] {processor.py:208} INFO - Processing /home/airflow/.local/lib/python3.12/site-packages/airflow/example_dags/example_bash_operator.py took 0.112 seconds
[2025-01-17T10:57:30.590+0000] {processor.py:186} INFO - Started process (PID=770) to work on /home/airflow/.local/lib/python3.12/site-packages/airflow/example_dags/example_bash_operator.py
[2025-01-17T10:57:30.591+0000] {processor.py:914} INFO - Processing file /home/airflow/.local/lib/python3.12/site-packages/airflow/example_dags/example_bash_operator.py for tasks to queue
[2025-01-17T10:57:30.595+0000] {logging_mixin.py:190} INFO - [2025-01-17T10:57:30.594+0000] {dagbag.py:588} INFO - Filling up the DagBag from /home/airflow/.local/lib/python3.12/site-packages/airflow/example_dags/example_bash_operator.py
[2025-01-17T10:57:30.607+0000] {processor.py:925} INFO - DAG(s) 'example_bash_operator' retrieved from /home/airflow/.local/lib/python3.12/site-packages/airflow/example_dags/example_bash_operator.py
[2025-01-17T10:57:30.635+0000] {logging_mixin.py:190} INFO - [2025-01-17T10:57:30.635+0000] {dag.py:3239} INFO - Sync 1 DAGs
[2025-01-17T10:57:30.662+0000] {logging_mixin.py:190} INFO - [2025-01-17T10:57:30.662+0000] {dag.py:4180} INFO - Setting next_dagrun for example_bash_operator to 2025-01-16 00:00:00+00:00, run_after=2025-01-17 00:00:00+00:00
[2025-01-17T10:57:30.688+0000] {processor.py:208} INFO - Processing /home/airflow/.local/lib/python3.12/site-packages/airflow/example_dags/example_bash_operator.py took 0.103 seconds
[2025-01-17T10:58:01.941+0000] {processor.py:186} INFO - Started process (PID=833) to work on /home/airflow/.local/lib/python3.12/site-packages/airflow/example_dags/example_bash_operator.py
[2025-01-17T10:58:01.942+0000] {processor.py:914} INFO - Processing file /home/airflow/.local/lib/python3.12/site-packages/airflow/example_dags/example_bash_operator.py for tasks to queue
[2025-01-17T10:58:01.945+0000] {logging_mixin.py:190} INFO - [2025-01-17T10:58:01.945+0000] {dagbag.py:588} INFO - Filling up the DagBag from /home/airflow/.local/lib/python3.12/site-packages/airflow/example_dags/example_bash_operator.py
[2025-01-17T10:58:01.958+0000] {processor.py:925} INFO - DAG(s) 'example_bash_operator' retrieved from /home/airflow/.local/lib/python3.12/site-packages/airflow/example_dags/example_bash_operator.py
[2025-01-17T10:58:01.988+0000] {logging_mixin.py:190} INFO - [2025-01-17T10:58:01.988+0000] {dag.py:3239} INFO - Sync 1 DAGs
[2025-01-17T10:58:02.013+0000] {logging_mixin.py:190} INFO - [2025-01-17T10:58:02.013+0000] {dag.py:4180} INFO - Setting next_dagrun for example_bash_operator to 2025-01-16 00:00:00+00:00, run_after=2025-01-17 00:00:00+00:00
[2025-01-17T10:58:02.038+0000] {processor.py:208} INFO - Processing /home/airflow/.local/lib/python3.12/site-packages/airflow/example_dags/example_bash_operator.py took 0.103 seconds
[2025-01-17T10:58:34.498+0000] {processor.py:186} INFO - Started process (PID=899) to work on /home/airflow/.local/lib/python3.12/site-packages/airflow/example_dags/example_bash_operator.py
[2025-01-17T10:58:34.500+0000] {processor.py:914} INFO - Processing file /home/airflow/.local/lib/python3.12/site-packages/airflow/example_dags/example_bash_operator.py for tasks to queue
[2025-01-17T10:58:34.503+0000] {logging_mixin.py:190} INFO - [2025-01-17T10:58:34.503+0000] {dagbag.py:588} INFO - Filling up the DagBag from /home/airflow/.local/lib/python3.12/site-packages/airflow/example_dags/example_bash_operator.py
[2025-01-17T10:58:34.517+0000] {processor.py:925} INFO - DAG(s) 'example_bash_operator' retrieved from /home/airflow/.local/lib/python3.12/site-packages/airflow/example_dags/example_bash_operator.py
[2025-01-17T10:58:34.545+0000] {logging_mixin.py:190} INFO - [2025-01-17T10:58:34.544+0000] {dag.py:3239} INFO - Sync 1 DAGs
[2025-01-17T10:58:34.570+0000] {logging_mixin.py:190} INFO - [2025-01-17T10:58:34.570+0000] {dag.py:4180} INFO - Setting next_dagrun for example_bash_operator to 2025-01-16 00:00:00+00:00, run_after=2025-01-17 00:00:00+00:00
[2025-01-17T10:58:34.594+0000] {processor.py:208} INFO - Processing /home/airflow/.local/lib/python3.12/site-packages/airflow/example_dags/example_bash_operator.py took 0.101 seconds
[2025-01-17T10:59:05.865+0000] {processor.py:186} INFO - Started process (PID=962) to work on /home/airflow/.local/lib/python3.12/site-packages/airflow/example_dags/example_bash_operator.py
[2025-01-17T10:59:05.867+0000] {processor.py:914} INFO - Processing file /home/airflow/.local/lib/python3.12/site-packages/airflow/example_dags/example_bash_operator.py for tasks to queue
[2025-01-17T10:59:05.870+0000] {logging_mixin.py:190} INFO - [2025-01-17T10:59:05.870+0000] {dagbag.py:588} INFO - Filling up the DagBag from /home/airflow/.local/lib/python3.12/site-packages/airflow/example_dags/example_bash_operator.py
[2025-01-17T10:59:05.883+0000] {processor.py:925} INFO - DAG(s) 'example_bash_operator' retrieved from /home/airflow/.local/lib/python3.12/site-packages/airflow/example_dags/example_bash_operator.py
[2025-01-17T10:59:05.916+0000] {logging_mixin.py:190} INFO - [2025-01-17T10:59:05.915+0000] {dag.py:3239} INFO - Sync 1 DAGs
[2025-01-17T10:59:05.941+0000] {logging_mixin.py:190} INFO - [2025-01-17T10:59:05.941+0000] {dag.py:4180} INFO - Setting next_dagrun for example_bash_operator to 2025-01-16 00:00:00+00:00, run_after=2025-01-17 00:00:00+00:00
[2025-01-17T10:59:05.966+0000] {processor.py:208} INFO - Processing /home/airflow/.local/lib/python3.12/site-packages/airflow/example_dags/example_bash_operator.py took 0.106 seconds
[2025-01-17T10:59:37.180+0000] {processor.py:186} INFO - Started process (PID=1026) to work on /home/airflow/.local/lib/python3.12/site-packages/airflow/example_dags/example_bash_operator.py
[2025-01-17T10:59:37.182+0000] {processor.py:914} INFO - Processing file /home/airflow/.local/lib/python3.12/site-packages/airflow/example_dags/example_bash_operator.py for tasks to queue
[2025-01-17T10:59:37.186+0000] {logging_mixin.py:190} INFO - [2025-01-17T10:59:37.186+0000] {dagbag.py:588} INFO - Filling up the DagBag from /home/airflow/.local/lib/python3.12/site-packages/airflow/example_dags/example_bash_operator.py
[2025-01-17T10:59:37.204+0000] {processor.py:925} INFO - DAG(s) 'example_bash_operator' retrieved from /home/airflow/.local/lib/python3.12/site-packages/airflow/example_dags/example_bash_operator.py
[2025-01-17T10:59:37.246+0000] {logging_mixin.py:190} INFO - [2025-01-17T10:59:37.246+0000] {dag.py:3239} INFO - Sync 1 DAGs
[2025-01-17T10:59:37.285+0000] {logging_mixin.py:190} INFO - [2025-01-17T10:59:37.285+0000] {dag.py:4180} INFO - Setting next_dagrun for example_bash_operator to 2025-01-16 00:00:00+00:00, run_after=2025-01-17 00:00:00+00:00
[2025-01-17T10:59:37.320+0000] {processor.py:208} INFO - Processing /home/airflow/.local/lib/python3.12/site-packages/airflow/example_dags/example_bash_operator.py took 0.148 seconds
[2025-01-17T11:22:05.311+0000] {processor.py:186} INFO - Started process (PID=121) to work on /home/airflow/.local/lib/python3.12/site-packages/airflow/example_dags/example_bash_operator.py
[2025-01-17T11:22:05.313+0000] {processor.py:914} INFO - Processing file /home/airflow/.local/lib/python3.12/site-packages/airflow/example_dags/example_bash_operator.py for tasks to queue
[2025-01-17T11:22:05.316+0000] {logging_mixin.py:190} INFO - [2025-01-17T11:22:05.316+0000] {dagbag.py:588} INFO - Filling up the DagBag from /home/airflow/.local/lib/python3.12/site-packages/airflow/example_dags/example_bash_operator.py
[2025-01-17T11:22:05.328+0000] {processor.py:925} INFO - DAG(s) 'example_bash_operator' retrieved from /home/airflow/.local/lib/python3.12/site-packages/airflow/example_dags/example_bash_operator.py
[2025-01-17T11:22:05.359+0000] {logging_mixin.py:190} INFO - [2025-01-17T11:22:05.359+0000] {dag.py:3239} INFO - Sync 1 DAGs
[2025-01-17T11:22:05.385+0000] {logging_mixin.py:190} INFO - [2025-01-17T11:22:05.385+0000] {dag.py:4180} INFO - Setting next_dagrun for example_bash_operator to 2025-01-16 00:00:00+00:00, run_after=2025-01-17 00:00:00+00:00
[2025-01-17T11:22:05.410+0000] {processor.py:208} INFO - Processing /home/airflow/.local/lib/python3.12/site-packages/airflow/example_dags/example_bash_operator.py took 0.104 seconds
[2025-01-17T11:22:35.821+0000] {processor.py:186} INFO - Started process (PID=184) to work on /home/airflow/.local/lib/python3.12/site-packages/airflow/example_dags/example_bash_operator.py
[2025-01-17T11:22:35.822+0000] {processor.py:914} INFO - Processing file /home/airflow/.local/lib/python3.12/site-packages/airflow/example_dags/example_bash_operator.py for tasks to queue
[2025-01-17T11:22:35.825+0000] {logging_mixin.py:190} INFO - [2025-01-17T11:22:35.825+0000] {dagbag.py:588} INFO - Filling up the DagBag from /home/airflow/.local/lib/python3.12/site-packages/airflow/example_dags/example_bash_operator.py
[2025-01-17T11:22:35.842+0000] {processor.py:925} INFO - DAG(s) 'example_bash_operator' retrieved from /home/airflow/.local/lib/python3.12/site-packages/airflow/example_dags/example_bash_operator.py
[2025-01-17T11:22:35.878+0000] {logging_mixin.py:190} INFO - [2025-01-17T11:22:35.877+0000] {dag.py:3239} INFO - Sync 1 DAGs
[2025-01-17T11:22:35.909+0000] {logging_mixin.py:190} INFO - [2025-01-17T11:22:35.909+0000] {dag.py:4180} INFO - Setting next_dagrun for example_bash_operator to 2025-01-16 00:00:00+00:00, run_after=2025-01-17 00:00:00+00:00
[2025-01-17T11:22:35.937+0000] {processor.py:208} INFO - Processing /home/airflow/.local/lib/python3.12/site-packages/airflow/example_dags/example_bash_operator.py took 0.121 seconds
[2025-01-17T11:23:06.688+0000] {processor.py:186} INFO - Started process (PID=247) to work on /home/airflow/.local/lib/python3.12/site-packages/airflow/example_dags/example_bash_operator.py
[2025-01-17T11:23:06.690+0000] {processor.py:914} INFO - Processing file /home/airflow/.local/lib/python3.12/site-packages/airflow/example_dags/example_bash_operator.py for tasks to queue
[2025-01-17T11:23:06.692+0000] {logging_mixin.py:190} INFO - [2025-01-17T11:23:06.692+0000] {dagbag.py:588} INFO - Filling up the DagBag from /home/airflow/.local/lib/python3.12/site-packages/airflow/example_dags/example_bash_operator.py
[2025-01-17T11:23:06.705+0000] {processor.py:925} INFO - DAG(s) 'example_bash_operator' retrieved from /home/airflow/.local/lib/python3.12/site-packages/airflow/example_dags/example_bash_operator.py
[2025-01-17T11:23:06.732+0000] {logging_mixin.py:190} INFO - [2025-01-17T11:23:06.732+0000] {dag.py:3239} INFO - Sync 1 DAGs
[2025-01-17T11:23:06.758+0000] {logging_mixin.py:190} INFO - [2025-01-17T11:23:06.757+0000] {dag.py:4180} INFO - Setting next_dagrun for example_bash_operator to 2025-01-16 00:00:00+00:00, run_after=2025-01-17 00:00:00+00:00
[2025-01-17T11:23:06.783+0000] {processor.py:208} INFO - Processing /home/airflow/.local/lib/python3.12/site-packages/airflow/example_dags/example_bash_operator.py took 0.100 seconds
[2025-01-17T11:23:38.969+0000] {processor.py:186} INFO - Started process (PID=312) to work on /home/airflow/.local/lib/python3.12/site-packages/airflow/example_dags/example_bash_operator.py
[2025-01-17T11:23:38.970+0000] {processor.py:914} INFO - Processing file /home/airflow/.local/lib/python3.12/site-packages/airflow/example_dags/example_bash_operator.py for tasks to queue
[2025-01-17T11:23:38.973+0000] {logging_mixin.py:190} INFO - [2025-01-17T11:23:38.972+0000] {dagbag.py:588} INFO - Filling up the DagBag from /home/airflow/.local/lib/python3.12/site-packages/airflow/example_dags/example_bash_operator.py
[2025-01-17T11:23:38.986+0000] {processor.py:925} INFO - DAG(s) 'example_bash_operator' retrieved from /home/airflow/.local/lib/python3.12/site-packages/airflow/example_dags/example_bash_operator.py
[2025-01-17T11:23:39.017+0000] {logging_mixin.py:190} INFO - [2025-01-17T11:23:39.016+0000] {dag.py:3239} INFO - Sync 1 DAGs
[2025-01-17T11:23:39.049+0000] {logging_mixin.py:190} INFO - [2025-01-17T11:23:39.048+0000] {dag.py:4180} INFO - Setting next_dagrun for example_bash_operator to 2025-01-16 00:00:00+00:00, run_after=2025-01-17 00:00:00+00:00
[2025-01-17T11:23:39.077+0000] {processor.py:208} INFO - Processing /home/airflow/.local/lib/python3.12/site-packages/airflow/example_dags/example_bash_operator.py took 0.114 seconds
[2025-01-17T11:24:10.447+0000] {processor.py:186} INFO - Started process (PID=376) to work on /home/airflow/.local/lib/python3.12/site-packages/airflow/example_dags/example_bash_operator.py
[2025-01-17T11:24:10.449+0000] {processor.py:914} INFO - Processing file /home/airflow/.local/lib/python3.12/site-packages/airflow/example_dags/example_bash_operator.py for tasks to queue
[2025-01-17T11:24:10.452+0000] {logging_mixin.py:190} INFO - [2025-01-17T11:24:10.451+0000] {dagbag.py:588} INFO - Filling up the DagBag from /home/airflow/.local/lib/python3.12/site-packages/airflow/example_dags/example_bash_operator.py
[2025-01-17T11:24:10.464+0000] {processor.py:925} INFO - DAG(s) 'example_bash_operator' retrieved from /home/airflow/.local/lib/python3.12/site-packages/airflow/example_dags/example_bash_operator.py
[2025-01-17T11:24:10.494+0000] {logging_mixin.py:190} INFO - [2025-01-17T11:24:10.493+0000] {dag.py:3239} INFO - Sync 1 DAGs
[2025-01-17T11:24:10.523+0000] {logging_mixin.py:190} INFO - [2025-01-17T11:24:10.523+0000] {dag.py:4180} INFO - Setting next_dagrun for example_bash_operator to 2025-01-16 00:00:00+00:00, run_after=2025-01-17 00:00:00+00:00
[2025-01-17T11:24:10.551+0000] {processor.py:208} INFO - Processing /home/airflow/.local/lib/python3.12/site-packages/airflow/example_dags/example_bash_operator.py took 0.109 seconds
[2025-01-17T11:24:41.622+0000] {processor.py:186} INFO - Started process (PID=441) to work on /home/airflow/.local/lib/python3.12/site-packages/airflow/example_dags/example_bash_operator.py
[2025-01-17T11:24:41.624+0000] {processor.py:914} INFO - Processing file /home/airflow/.local/lib/python3.12/site-packages/airflow/example_dags/example_bash_operator.py for tasks to queue
[2025-01-17T11:24:41.628+0000] {logging_mixin.py:190} INFO - [2025-01-17T11:24:41.627+0000] {dagbag.py:588} INFO - Filling up the DagBag from /home/airflow/.local/lib/python3.12/site-packages/airflow/example_dags/example_bash_operator.py
[2025-01-17T11:24:41.646+0000] {processor.py:925} INFO - DAG(s) 'example_bash_operator' retrieved from /home/airflow/.local/lib/python3.12/site-packages/airflow/example_dags/example_bash_operator.py
[2025-01-17T11:24:41.686+0000] {logging_mixin.py:190} INFO - [2025-01-17T11:24:41.686+0000] {dag.py:3239} INFO - Sync 1 DAGs
[2025-01-17T11:24:41.714+0000] {logging_mixin.py:190} INFO - [2025-01-17T11:24:41.714+0000] {dag.py:4180} INFO - Setting next_dagrun for example_bash_operator to 2025-01-16 00:00:00+00:00, run_after=2025-01-17 00:00:00+00:00
[2025-01-17T11:24:41.737+0000] {processor.py:208} INFO - Processing /home/airflow/.local/lib/python3.12/site-packages/airflow/example_dags/example_bash_operator.py took 0.122 seconds
[2025-01-17T11:25:13.164+0000] {processor.py:186} INFO - Started process (PID=504) to work on /home/airflow/.local/lib/python3.12/site-packages/airflow/example_dags/example_bash_operator.py
[2025-01-17T11:25:13.166+0000] {processor.py:914} INFO - Processing file /home/airflow/.local/lib/python3.12/site-packages/airflow/example_dags/example_bash_operator.py for tasks to queue
[2025-01-17T11:25:13.169+0000] {logging_mixin.py:190} INFO - [2025-01-17T11:25:13.168+0000] {dagbag.py:588} INFO - Filling up the DagBag from /home/airflow/.local/lib/python3.12/site-packages/airflow/example_dags/example_bash_operator.py
[2025-01-17T11:25:13.181+0000] {processor.py:925} INFO - DAG(s) 'example_bash_operator' retrieved from /home/airflow/.local/lib/python3.12/site-packages/airflow/example_dags/example_bash_operator.py
[2025-01-17T11:25:13.213+0000] {logging_mixin.py:190} INFO - [2025-01-17T11:25:13.213+0000] {dag.py:3239} INFO - Sync 1 DAGs
[2025-01-17T11:25:13.240+0000] {logging_mixin.py:190} INFO - [2025-01-17T11:25:13.240+0000] {dag.py:4180} INFO - Setting next_dagrun for example_bash_operator to 2025-01-16 00:00:00+00:00, run_after=2025-01-17 00:00:00+00:00
[2025-01-17T11:25:13.265+0000] {processor.py:208} INFO - Processing /home/airflow/.local/lib/python3.12/site-packages/airflow/example_dags/example_bash_operator.py took 0.106 seconds
[2025-01-17T11:25:44.960+0000] {processor.py:186} INFO - Started process (PID=569) to work on /home/airflow/.local/lib/python3.12/site-packages/airflow/example_dags/example_bash_operator.py
[2025-01-17T11:25:44.962+0000] {processor.py:914} INFO - Processing file /home/airflow/.local/lib/python3.12/site-packages/airflow/example_dags/example_bash_operator.py for tasks to queue
[2025-01-17T11:25:44.965+0000] {logging_mixin.py:190} INFO - [2025-01-17T11:25:44.964+0000] {dagbag.py:588} INFO - Filling up the DagBag from /home/airflow/.local/lib/python3.12/site-packages/airflow/example_dags/example_bash_operator.py
[2025-01-17T11:25:44.979+0000] {processor.py:925} INFO - DAG(s) 'example_bash_operator' retrieved from /home/airflow/.local/lib/python3.12/site-packages/airflow/example_dags/example_bash_operator.py
[2025-01-17T11:25:45.010+0000] {logging_mixin.py:190} INFO - [2025-01-17T11:25:45.009+0000] {dag.py:3239} INFO - Sync 1 DAGs
[2025-01-17T11:25:45.037+0000] {logging_mixin.py:190} INFO - [2025-01-17T11:25:45.036+0000] {dag.py:4180} INFO - Setting next_dagrun for example_bash_operator to 2025-01-16 00:00:00+00:00, run_after=2025-01-17 00:00:00+00:00
[2025-01-17T11:25:45.062+0000] {processor.py:208} INFO - Processing /home/airflow/.local/lib/python3.12/site-packages/airflow/example_dags/example_bash_operator.py took 0.106 seconds
[2025-01-17T11:26:15.609+0000] {processor.py:186} INFO - Started process (PID=635) to work on /home/airflow/.local/lib/python3.12/site-packages/airflow/example_dags/example_bash_operator.py
[2025-01-17T11:26:15.610+0000] {processor.py:914} INFO - Processing file /home/airflow/.local/lib/python3.12/site-packages/airflow/example_dags/example_bash_operator.py for tasks to queue
[2025-01-17T11:26:15.614+0000] {logging_mixin.py:190} INFO - [2025-01-17T11:26:15.613+0000] {dagbag.py:588} INFO - Filling up the DagBag from /home/airflow/.local/lib/python3.12/site-packages/airflow/example_dags/example_bash_operator.py
[2025-01-17T11:26:15.626+0000] {processor.py:925} INFO - DAG(s) 'example_bash_operator' retrieved from /home/airflow/.local/lib/python3.12/site-packages/airflow/example_dags/example_bash_operator.py
[2025-01-17T11:26:15.656+0000] {logging_mixin.py:190} INFO - [2025-01-17T11:26:15.656+0000] {dag.py:3239} INFO - Sync 1 DAGs
[2025-01-17T11:26:15.682+0000] {logging_mixin.py:190} INFO - [2025-01-17T11:26:15.682+0000] {dag.py:4180} INFO - Setting next_dagrun for example_bash_operator to 2025-01-16 00:00:00+00:00, run_after=2025-01-17 00:00:00+00:00
[2025-01-17T11:26:15.706+0000] {processor.py:208} INFO - Processing /home/airflow/.local/lib/python3.12/site-packages/airflow/example_dags/example_bash_operator.py took 0.103 seconds
[2025-01-17T11:26:46.082+0000] {processor.py:186} INFO - Started process (PID=697) to work on /home/airflow/.local/lib/python3.12/site-packages/airflow/example_dags/example_bash_operator.py
[2025-01-17T11:26:46.084+0000] {processor.py:914} INFO - Processing file /home/airflow/.local/lib/python3.12/site-packages/airflow/example_dags/example_bash_operator.py for tasks to queue
[2025-01-17T11:26:46.087+0000] {logging_mixin.py:190} INFO - [2025-01-17T11:26:46.086+0000] {dagbag.py:588} INFO - Filling up the DagBag from /home/airflow/.local/lib/python3.12/site-packages/airflow/example_dags/example_bash_operator.py
[2025-01-17T11:26:46.100+0000] {processor.py:925} INFO - DAG(s) 'example_bash_operator' retrieved from /home/airflow/.local/lib/python3.12/site-packages/airflow/example_dags/example_bash_operator.py
[2025-01-17T11:26:46.133+0000] {logging_mixin.py:190} INFO - [2025-01-17T11:26:46.133+0000] {dag.py:3239} INFO - Sync 1 DAGs
[2025-01-17T11:26:46.166+0000] {logging_mixin.py:190} INFO - [2025-01-17T11:26:46.166+0000] {dag.py:4180} INFO - Setting next_dagrun for example_bash_operator to 2025-01-16 00:00:00+00:00, run_after=2025-01-17 00:00:00+00:00
[2025-01-17T11:26:46.196+0000] {processor.py:208} INFO - Processing /home/airflow/.local/lib/python3.12/site-packages/airflow/example_dags/example_bash_operator.py took 0.120 seconds
[2025-01-17T11:27:17.622+0000] {processor.py:186} INFO - Started process (PID=760) to work on /home/airflow/.local/lib/python3.12/site-packages/airflow/example_dags/example_bash_operator.py
[2025-01-17T11:27:17.623+0000] {processor.py:914} INFO - Processing file /home/airflow/.local/lib/python3.12/site-packages/airflow/example_dags/example_bash_operator.py for tasks to queue
[2025-01-17T11:27:17.626+0000] {logging_mixin.py:190} INFO - [2025-01-17T11:27:17.626+0000] {dagbag.py:588} INFO - Filling up the DagBag from /home/airflow/.local/lib/python3.12/site-packages/airflow/example_dags/example_bash_operator.py
[2025-01-17T11:27:17.639+0000] {processor.py:925} INFO - DAG(s) 'example_bash_operator' retrieved from /home/airflow/.local/lib/python3.12/site-packages/airflow/example_dags/example_bash_operator.py
[2025-01-17T11:27:17.692+0000] {logging_mixin.py:190} INFO - [2025-01-17T11:27:17.692+0000] {dag.py:3239} INFO - Sync 1 DAGs
[2025-01-17T11:27:17.736+0000] {logging_mixin.py:190} INFO - [2025-01-17T11:27:17.735+0000] {dag.py:4180} INFO - Setting next_dagrun for example_bash_operator to 2025-01-16 00:00:00+00:00, run_after=2025-01-17 00:00:00+00:00
[2025-01-17T11:27:17.771+0000] {processor.py:208} INFO - Processing /home/airflow/.local/lib/python3.12/site-packages/airflow/example_dags/example_bash_operator.py took 0.155 seconds
[2025-01-17T11:27:50.622+0000] {processor.py:186} INFO - Started process (PID=824) to work on /home/airflow/.local/lib/python3.12/site-packages/airflow/example_dags/example_bash_operator.py
[2025-01-17T11:27:50.624+0000] {processor.py:914} INFO - Processing file /home/airflow/.local/lib/python3.12/site-packages/airflow/example_dags/example_bash_operator.py for tasks to queue
[2025-01-17T11:27:50.627+0000] {logging_mixin.py:190} INFO - [2025-01-17T11:27:50.626+0000] {dagbag.py:588} INFO - Filling up the DagBag from /home/airflow/.local/lib/python3.12/site-packages/airflow/example_dags/example_bash_operator.py
[2025-01-17T11:27:50.640+0000] {processor.py:925} INFO - DAG(s) 'example_bash_operator' retrieved from /home/airflow/.local/lib/python3.12/site-packages/airflow/example_dags/example_bash_operator.py
[2025-01-17T11:27:50.672+0000] {logging_mixin.py:190} INFO - [2025-01-17T11:27:50.672+0000] {dag.py:3239} INFO - Sync 1 DAGs
[2025-01-17T11:27:50.698+0000] {logging_mixin.py:190} INFO - [2025-01-17T11:27:50.698+0000] {dag.py:4180} INFO - Setting next_dagrun for example_bash_operator to 2025-01-16 00:00:00+00:00, run_after=2025-01-17 00:00:00+00:00
[2025-01-17T11:27:50.725+0000] {processor.py:208} INFO - Processing /home/airflow/.local/lib/python3.12/site-packages/airflow/example_dags/example_bash_operator.py took 0.108 seconds
[2025-01-17T11:28:20.784+0000] {processor.py:186} INFO - Started process (PID=888) to work on /home/airflow/.local/lib/python3.12/site-packages/airflow/example_dags/example_bash_operator.py
[2025-01-17T11:28:20.785+0000] {processor.py:914} INFO - Processing file /home/airflow/.local/lib/python3.12/site-packages/airflow/example_dags/example_bash_operator.py for tasks to queue
[2025-01-17T11:28:20.789+0000] {logging_mixin.py:190} INFO - [2025-01-17T11:28:20.788+0000] {dagbag.py:588} INFO - Filling up the DagBag from /home/airflow/.local/lib/python3.12/site-packages/airflow/example_dags/example_bash_operator.py
[2025-01-17T11:28:20.801+0000] {processor.py:925} INFO - DAG(s) 'example_bash_operator' retrieved from /home/airflow/.local/lib/python3.12/site-packages/airflow/example_dags/example_bash_operator.py
[2025-01-17T11:28:20.828+0000] {logging_mixin.py:190} INFO - [2025-01-17T11:28:20.828+0000] {dag.py:3239} INFO - Sync 1 DAGs
[2025-01-17T11:28:20.854+0000] {logging_mixin.py:190} INFO - [2025-01-17T11:28:20.854+0000] {dag.py:4180} INFO - Setting next_dagrun for example_bash_operator to 2025-01-16 00:00:00+00:00, run_after=2025-01-17 00:00:00+00:00
[2025-01-17T11:28:20.877+0000] {processor.py:208} INFO - Processing /home/airflow/.local/lib/python3.12/site-packages/airflow/example_dags/example_bash_operator.py took 0.098 seconds
[2025-01-17T11:28:51.681+0000] {processor.py:186} INFO - Started process (PID=953) to work on /home/airflow/.local/lib/python3.12/site-packages/airflow/example_dags/example_bash_operator.py
[2025-01-17T11:28:51.683+0000] {processor.py:914} INFO - Processing file /home/airflow/.local/lib/python3.12/site-packages/airflow/example_dags/example_bash_operator.py for tasks to queue
[2025-01-17T11:28:51.687+0000] {logging_mixin.py:190} INFO - [2025-01-17T11:28:51.686+0000] {dagbag.py:588} INFO - Filling up the DagBag from /home/airflow/.local/lib/python3.12/site-packages/airflow/example_dags/example_bash_operator.py
[2025-01-17T11:28:51.700+0000] {processor.py:925} INFO - DAG(s) 'example_bash_operator' retrieved from /home/airflow/.local/lib/python3.12/site-packages/airflow/example_dags/example_bash_operator.py
[2025-01-17T11:28:51.728+0000] {logging_mixin.py:190} INFO - [2025-01-17T11:28:51.727+0000] {dag.py:3239} INFO - Sync 1 DAGs
[2025-01-17T11:28:51.772+0000] {logging_mixin.py:190} INFO - [2025-01-17T11:28:51.771+0000] {dag.py:4180} INFO - Setting next_dagrun for example_bash_operator to 2025-01-16 00:00:00+00:00, run_after=2025-01-17 00:00:00+00:00
[2025-01-17T11:28:51.803+0000] {processor.py:208} INFO - Processing /home/airflow/.local/lib/python3.12/site-packages/airflow/example_dags/example_bash_operator.py took 0.128 seconds
[2025-01-17T11:29:23.010+0000] {processor.py:186} INFO - Started process (PID=1017) to work on /home/airflow/.local/lib/python3.12/site-packages/airflow/example_dags/example_bash_operator.py
[2025-01-17T11:29:23.011+0000] {processor.py:914} INFO - Processing file /home/airflow/.local/lib/python3.12/site-packages/airflow/example_dags/example_bash_operator.py for tasks to queue
[2025-01-17T11:29:23.014+0000] {logging_mixin.py:190} INFO - [2025-01-17T11:29:23.014+0000] {dagbag.py:588} INFO - Filling up the DagBag from /home/airflow/.local/lib/python3.12/site-packages/airflow/example_dags/example_bash_operator.py
[2025-01-17T11:29:23.028+0000] {processor.py:925} INFO - DAG(s) 'example_bash_operator' retrieved from /home/airflow/.local/lib/python3.12/site-packages/airflow/example_dags/example_bash_operator.py
[2025-01-17T11:29:23.058+0000] {logging_mixin.py:190} INFO - [2025-01-17T11:29:23.058+0000] {dag.py:3239} INFO - Sync 1 DAGs
[2025-01-17T11:29:23.090+0000] {logging_mixin.py:190} INFO - [2025-01-17T11:29:23.090+0000] {dag.py:4180} INFO - Setting next_dagrun for example_bash_operator to 2025-01-16 00:00:00+00:00, run_after=2025-01-17 00:00:00+00:00
[2025-01-17T11:29:23.116+0000] {processor.py:208} INFO - Processing /home/airflow/.local/lib/python3.12/site-packages/airflow/example_dags/example_bash_operator.py took 0.112 seconds
