[2025-01-17T10:32:02.482+0000] {processor.py:186} INFO - Started process (PID=108) to work on /home/airflow/.local/lib/python3.12/site-packages/airflow/example_dags/example_subdag_operator.py
[2025-01-17T10:32:02.484+0000] {processor.py:914} INFO - Processing file /home/airflow/.local/lib/python3.12/site-packages/airflow/example_dags/example_subdag_operator.py for tasks to queue
[2025-01-17T10:32:02.487+0000] {logging_mixin.py:190} INFO - [2025-01-17T10:32:02.486+0000] {dagbag.py:588} INFO - Filling up the DagBag from /home/airflow/.local/lib/python3.12/site-packages/airflow/example_dags/example_subdag_operator.py
[2025-01-17T10:32:02.520+0000] {processor.py:925} INFO - DAG(s) 'example_subdag_operator.section-1', 'example_subdag_operator.section-2', 'example_subdag_operator' retrieved from /home/airflow/.local/lib/python3.12/site-packages/airflow/example_dags/example_subdag_operator.py
[2025-01-17T10:32:02.541+0000] {logging_mixin.py:190} INFO - [2025-01-17T10:32:02.540+0000] {dag.py:3239} INFO - Sync 3 DAGs
[2025-01-17T10:32:02.573+0000] {logging_mixin.py:190} INFO - [2025-01-17T10:32:02.573+0000] {dag.py:4180} INFO - Setting next_dagrun for example_subdag_operator to 2022-01-01 00:00:00+00:00, run_after=2022-01-01 00:00:00+00:00
[2025-01-17T10:32:02.580+0000] {logging_mixin.py:190} INFO - [2025-01-17T10:32:02.580+0000] {dag.py:4180} INFO - Setting next_dagrun for example_subdag_operator.section-1 to None, run_after=None
[2025-01-17T10:32:02.583+0000] {logging_mixin.py:190} INFO - [2025-01-17T10:32:02.583+0000] {dag.py:4180} INFO - Setting next_dagrun for example_subdag_operator.section-2 to None, run_after=None
[2025-01-17T10:32:02.594+0000] {logging_mixin.py:190} INFO - [2025-01-17T10:32:02.594+0000] {dag.py:3239} INFO - Sync 2 DAGs
[2025-01-17T10:32:02.605+0000] {logging_mixin.py:190} INFO - [2025-01-17T10:32:02.604+0000] {dag.py:4180} INFO - Setting next_dagrun for example_subdag_operator.section-1 to None, run_after=None
[2025-01-17T10:32:02.606+0000] {logging_mixin.py:190} INFO - [2025-01-17T10:32:02.605+0000] {dag.py:4180} INFO - Setting next_dagrun for example_subdag_operator.section-2 to None, run_after=None
[2025-01-17T10:32:02.625+0000] {processor.py:208} INFO - Processing /home/airflow/.local/lib/python3.12/site-packages/airflow/example_dags/example_subdag_operator.py took 0.151 seconds
[2025-01-17T10:32:34.590+0000] {processor.py:186} INFO - Started process (PID=172) to work on /home/airflow/.local/lib/python3.12/site-packages/airflow/example_dags/example_subdag_operator.py
[2025-01-17T10:32:34.591+0000] {processor.py:914} INFO - Processing file /home/airflow/.local/lib/python3.12/site-packages/airflow/example_dags/example_subdag_operator.py for tasks to queue
[2025-01-17T10:32:34.595+0000] {logging_mixin.py:190} INFO - [2025-01-17T10:32:34.595+0000] {dagbag.py:588} INFO - Filling up the DagBag from /home/airflow/.local/lib/python3.12/site-packages/airflow/example_dags/example_subdag_operator.py
[2025-01-17T10:32:34.639+0000] {processor.py:925} INFO - DAG(s) 'example_subdag_operator.section-1', 'example_subdag_operator.section-2', 'example_subdag_operator' retrieved from /home/airflow/.local/lib/python3.12/site-packages/airflow/example_dags/example_subdag_operator.py
[2025-01-17T10:32:34.665+0000] {logging_mixin.py:190} INFO - [2025-01-17T10:32:34.664+0000] {dag.py:3239} INFO - Sync 3 DAGs
[2025-01-17T10:32:34.717+0000] {logging_mixin.py:190} INFO - [2025-01-17T10:32:34.716+0000] {dag.py:4180} INFO - Setting next_dagrun for example_subdag_operator to 2022-01-01 00:00:00+00:00, run_after=2022-01-01 00:00:00+00:00
[2025-01-17T10:32:34.726+0000] {logging_mixin.py:190} INFO - [2025-01-17T10:32:34.725+0000] {dag.py:4180} INFO - Setting next_dagrun for example_subdag_operator.section-1 to None, run_after=None
[2025-01-17T10:32:34.730+0000] {logging_mixin.py:190} INFO - [2025-01-17T10:32:34.730+0000] {dag.py:4180} INFO - Setting next_dagrun for example_subdag_operator.section-2 to None, run_after=None
[2025-01-17T10:32:34.748+0000] {logging_mixin.py:190} INFO - [2025-01-17T10:32:34.747+0000] {dag.py:3239} INFO - Sync 2 DAGs
[2025-01-17T10:32:34.760+0000] {logging_mixin.py:190} INFO - [2025-01-17T10:32:34.759+0000] {dag.py:4180} INFO - Setting next_dagrun for example_subdag_operator.section-1 to None, run_after=None
[2025-01-17T10:32:34.761+0000] {logging_mixin.py:190} INFO - [2025-01-17T10:32:34.760+0000] {dag.py:4180} INFO - Setting next_dagrun for example_subdag_operator.section-2 to None, run_after=None
[2025-01-17T10:32:34.779+0000] {processor.py:208} INFO - Processing /home/airflow/.local/lib/python3.12/site-packages/airflow/example_dags/example_subdag_operator.py took 0.197 seconds
[2025-01-17T10:33:05.385+0000] {processor.py:186} INFO - Started process (PID=236) to work on /home/airflow/.local/lib/python3.12/site-packages/airflow/example_dags/example_subdag_operator.py
[2025-01-17T10:33:05.387+0000] {processor.py:914} INFO - Processing file /home/airflow/.local/lib/python3.12/site-packages/airflow/example_dags/example_subdag_operator.py for tasks to queue
[2025-01-17T10:33:05.390+0000] {logging_mixin.py:190} INFO - [2025-01-17T10:33:05.389+0000] {dagbag.py:588} INFO - Filling up the DagBag from /home/airflow/.local/lib/python3.12/site-packages/airflow/example_dags/example_subdag_operator.py
[2025-01-17T10:33:05.424+0000] {processor.py:925} INFO - DAG(s) 'example_subdag_operator.section-1', 'example_subdag_operator.section-2', 'example_subdag_operator' retrieved from /home/airflow/.local/lib/python3.12/site-packages/airflow/example_dags/example_subdag_operator.py
[2025-01-17T10:33:05.441+0000] {logging_mixin.py:190} INFO - [2025-01-17T10:33:05.441+0000] {dag.py:3239} INFO - Sync 3 DAGs
[2025-01-17T10:33:05.472+0000] {logging_mixin.py:190} INFO - [2025-01-17T10:33:05.472+0000] {dag.py:4180} INFO - Setting next_dagrun for example_subdag_operator to 2022-01-01 00:00:00+00:00, run_after=2022-01-01 00:00:00+00:00
[2025-01-17T10:33:05.478+0000] {logging_mixin.py:190} INFO - [2025-01-17T10:33:05.478+0000] {dag.py:4180} INFO - Setting next_dagrun for example_subdag_operator.section-1 to None, run_after=None
[2025-01-17T10:33:05.481+0000] {logging_mixin.py:190} INFO - [2025-01-17T10:33:05.480+0000] {dag.py:4180} INFO - Setting next_dagrun for example_subdag_operator.section-2 to None, run_after=None
[2025-01-17T10:33:05.493+0000] {logging_mixin.py:190} INFO - [2025-01-17T10:33:05.493+0000] {dag.py:3239} INFO - Sync 2 DAGs
[2025-01-17T10:33:05.503+0000] {logging_mixin.py:190} INFO - [2025-01-17T10:33:05.502+0000] {dag.py:4180} INFO - Setting next_dagrun for example_subdag_operator.section-1 to None, run_after=None
[2025-01-17T10:33:05.504+0000] {logging_mixin.py:190} INFO - [2025-01-17T10:33:05.503+0000] {dag.py:4180} INFO - Setting next_dagrun for example_subdag_operator.section-2 to None, run_after=None
[2025-01-17T10:33:05.522+0000] {processor.py:208} INFO - Processing /home/airflow/.local/lib/python3.12/site-packages/airflow/example_dags/example_subdag_operator.py took 0.143 seconds
[2025-01-17T10:33:37.448+0000] {processor.py:186} INFO - Started process (PID=300) to work on /home/airflow/.local/lib/python3.12/site-packages/airflow/example_dags/example_subdag_operator.py
[2025-01-17T10:33:37.450+0000] {processor.py:914} INFO - Processing file /home/airflow/.local/lib/python3.12/site-packages/airflow/example_dags/example_subdag_operator.py for tasks to queue
[2025-01-17T10:33:37.455+0000] {logging_mixin.py:190} INFO - [2025-01-17T10:33:37.454+0000] {dagbag.py:588} INFO - Filling up the DagBag from /home/airflow/.local/lib/python3.12/site-packages/airflow/example_dags/example_subdag_operator.py
[2025-01-17T10:33:37.498+0000] {processor.py:925} INFO - DAG(s) 'example_subdag_operator.section-1', 'example_subdag_operator.section-2', 'example_subdag_operator' retrieved from /home/airflow/.local/lib/python3.12/site-packages/airflow/example_dags/example_subdag_operator.py
[2025-01-17T10:33:37.525+0000] {logging_mixin.py:190} INFO - [2025-01-17T10:33:37.524+0000] {dag.py:3239} INFO - Sync 3 DAGs
[2025-01-17T10:33:37.567+0000] {logging_mixin.py:190} INFO - [2025-01-17T10:33:37.566+0000] {dag.py:4180} INFO - Setting next_dagrun for example_subdag_operator to 2022-01-01 00:00:00+00:00, run_after=2022-01-01 00:00:00+00:00
[2025-01-17T10:33:37.575+0000] {logging_mixin.py:190} INFO - [2025-01-17T10:33:37.575+0000] {dag.py:4180} INFO - Setting next_dagrun for example_subdag_operator.section-1 to None, run_after=None
[2025-01-17T10:33:37.578+0000] {logging_mixin.py:190} INFO - [2025-01-17T10:33:37.577+0000] {dag.py:4180} INFO - Setting next_dagrun for example_subdag_operator.section-2 to None, run_after=None
[2025-01-17T10:33:37.591+0000] {logging_mixin.py:190} INFO - [2025-01-17T10:33:37.591+0000] {dag.py:3239} INFO - Sync 2 DAGs
[2025-01-17T10:33:37.603+0000] {logging_mixin.py:190} INFO - [2025-01-17T10:33:37.602+0000] {dag.py:4180} INFO - Setting next_dagrun for example_subdag_operator.section-1 to None, run_after=None
[2025-01-17T10:33:37.604+0000] {logging_mixin.py:190} INFO - [2025-01-17T10:33:37.604+0000] {dag.py:4180} INFO - Setting next_dagrun for example_subdag_operator.section-2 to None, run_after=None
[2025-01-17T10:33:37.627+0000] {processor.py:208} INFO - Processing /home/airflow/.local/lib/python3.12/site-packages/airflow/example_dags/example_subdag_operator.py took 0.189 seconds
[2025-01-17T10:34:08.917+0000] {processor.py:186} INFO - Started process (PID=364) to work on /home/airflow/.local/lib/python3.12/site-packages/airflow/example_dags/example_subdag_operator.py
[2025-01-17T10:34:08.919+0000] {processor.py:914} INFO - Processing file /home/airflow/.local/lib/python3.12/site-packages/airflow/example_dags/example_subdag_operator.py for tasks to queue
[2025-01-17T10:34:08.923+0000] {logging_mixin.py:190} INFO - [2025-01-17T10:34:08.922+0000] {dagbag.py:588} INFO - Filling up the DagBag from /home/airflow/.local/lib/python3.12/site-packages/airflow/example_dags/example_subdag_operator.py
[2025-01-17T10:34:08.967+0000] {processor.py:925} INFO - DAG(s) 'example_subdag_operator.section-1', 'example_subdag_operator.section-2', 'example_subdag_operator' retrieved from /home/airflow/.local/lib/python3.12/site-packages/airflow/example_dags/example_subdag_operator.py
[2025-01-17T10:34:08.992+0000] {logging_mixin.py:190} INFO - [2025-01-17T10:34:08.991+0000] {dag.py:3239} INFO - Sync 3 DAGs
[2025-01-17T10:34:09.029+0000] {logging_mixin.py:190} INFO - [2025-01-17T10:34:09.029+0000] {dag.py:4180} INFO - Setting next_dagrun for example_subdag_operator to 2022-01-01 00:00:00+00:00, run_after=2022-01-01 00:00:00+00:00
[2025-01-17T10:34:09.037+0000] {logging_mixin.py:190} INFO - [2025-01-17T10:34:09.036+0000] {dag.py:4180} INFO - Setting next_dagrun for example_subdag_operator.section-1 to None, run_after=None
[2025-01-17T10:34:09.040+0000] {logging_mixin.py:190} INFO - [2025-01-17T10:34:09.040+0000] {dag.py:4180} INFO - Setting next_dagrun for example_subdag_operator.section-2 to None, run_after=None
[2025-01-17T10:34:09.052+0000] {logging_mixin.py:190} INFO - [2025-01-17T10:34:09.051+0000] {dag.py:3239} INFO - Sync 2 DAGs
[2025-01-17T10:34:09.062+0000] {logging_mixin.py:190} INFO - [2025-01-17T10:34:09.062+0000] {dag.py:4180} INFO - Setting next_dagrun for example_subdag_operator.section-1 to None, run_after=None
[2025-01-17T10:34:09.064+0000] {logging_mixin.py:190} INFO - [2025-01-17T10:34:09.064+0000] {dag.py:4180} INFO - Setting next_dagrun for example_subdag_operator.section-2 to None, run_after=None
[2025-01-17T10:34:09.085+0000] {processor.py:208} INFO - Processing /home/airflow/.local/lib/python3.12/site-packages/airflow/example_dags/example_subdag_operator.py took 0.176 seconds
[2025-01-17T10:34:40.927+0000] {processor.py:186} INFO - Started process (PID=427) to work on /home/airflow/.local/lib/python3.12/site-packages/airflow/example_dags/example_subdag_operator.py
[2025-01-17T10:34:40.929+0000] {processor.py:914} INFO - Processing file /home/airflow/.local/lib/python3.12/site-packages/airflow/example_dags/example_subdag_operator.py for tasks to queue
[2025-01-17T10:34:40.933+0000] {logging_mixin.py:190} INFO - [2025-01-17T10:34:40.932+0000] {dagbag.py:588} INFO - Filling up the DagBag from /home/airflow/.local/lib/python3.12/site-packages/airflow/example_dags/example_subdag_operator.py
[2025-01-17T10:34:40.984+0000] {processor.py:925} INFO - DAG(s) 'example_subdag_operator.section-1', 'example_subdag_operator.section-2', 'example_subdag_operator' retrieved from /home/airflow/.local/lib/python3.12/site-packages/airflow/example_dags/example_subdag_operator.py
[2025-01-17T10:34:41.009+0000] {logging_mixin.py:190} INFO - [2025-01-17T10:34:41.009+0000] {dag.py:3239} INFO - Sync 3 DAGs
[2025-01-17T10:34:41.046+0000] {logging_mixin.py:190} INFO - [2025-01-17T10:34:41.045+0000] {dag.py:4180} INFO - Setting next_dagrun for example_subdag_operator to 2022-01-01 00:00:00+00:00, run_after=2022-01-01 00:00:00+00:00
[2025-01-17T10:34:41.052+0000] {logging_mixin.py:190} INFO - [2025-01-17T10:34:41.052+0000] {dag.py:4180} INFO - Setting next_dagrun for example_subdag_operator.section-1 to None, run_after=None
[2025-01-17T10:34:41.055+0000] {logging_mixin.py:190} INFO - [2025-01-17T10:34:41.055+0000] {dag.py:4180} INFO - Setting next_dagrun for example_subdag_operator.section-2 to None, run_after=None
[2025-01-17T10:34:41.067+0000] {logging_mixin.py:190} INFO - [2025-01-17T10:34:41.067+0000] {dag.py:3239} INFO - Sync 2 DAGs
[2025-01-17T10:34:41.077+0000] {logging_mixin.py:190} INFO - [2025-01-17T10:34:41.077+0000] {dag.py:4180} INFO - Setting next_dagrun for example_subdag_operator.section-1 to None, run_after=None
[2025-01-17T10:34:41.078+0000] {logging_mixin.py:190} INFO - [2025-01-17T10:34:41.078+0000] {dag.py:4180} INFO - Setting next_dagrun for example_subdag_operator.section-2 to None, run_after=None
[2025-01-17T10:34:41.098+0000] {processor.py:208} INFO - Processing /home/airflow/.local/lib/python3.12/site-packages/airflow/example_dags/example_subdag_operator.py took 0.180 seconds
[2025-01-17T10:35:12.626+0000] {processor.py:186} INFO - Started process (PID=490) to work on /home/airflow/.local/lib/python3.12/site-packages/airflow/example_dags/example_subdag_operator.py
[2025-01-17T10:35:12.627+0000] {processor.py:914} INFO - Processing file /home/airflow/.local/lib/python3.12/site-packages/airflow/example_dags/example_subdag_operator.py for tasks to queue
[2025-01-17T10:35:12.630+0000] {logging_mixin.py:190} INFO - [2025-01-17T10:35:12.629+0000] {dagbag.py:588} INFO - Filling up the DagBag from /home/airflow/.local/lib/python3.12/site-packages/airflow/example_dags/example_subdag_operator.py
[2025-01-17T10:35:12.675+0000] {processor.py:925} INFO - DAG(s) 'example_subdag_operator.section-1', 'example_subdag_operator.section-2', 'example_subdag_operator' retrieved from /home/airflow/.local/lib/python3.12/site-packages/airflow/example_dags/example_subdag_operator.py
[2025-01-17T10:35:12.700+0000] {logging_mixin.py:190} INFO - [2025-01-17T10:35:12.699+0000] {dag.py:3239} INFO - Sync 3 DAGs
[2025-01-17T10:35:12.740+0000] {logging_mixin.py:190} INFO - [2025-01-17T10:35:12.740+0000] {dag.py:4180} INFO - Setting next_dagrun for example_subdag_operator to 2022-01-01 00:00:00+00:00, run_after=2022-01-01 00:00:00+00:00
[2025-01-17T10:35:12.747+0000] {logging_mixin.py:190} INFO - [2025-01-17T10:35:12.747+0000] {dag.py:4180} INFO - Setting next_dagrun for example_subdag_operator.section-1 to None, run_after=None
[2025-01-17T10:35:12.750+0000] {logging_mixin.py:190} INFO - [2025-01-17T10:35:12.750+0000] {dag.py:4180} INFO - Setting next_dagrun for example_subdag_operator.section-2 to None, run_after=None
[2025-01-17T10:35:12.763+0000] {logging_mixin.py:190} INFO - [2025-01-17T10:35:12.762+0000] {dag.py:3239} INFO - Sync 2 DAGs
[2025-01-17T10:35:12.775+0000] {logging_mixin.py:190} INFO - [2025-01-17T10:35:12.774+0000] {dag.py:4180} INFO - Setting next_dagrun for example_subdag_operator.section-1 to None, run_after=None
[2025-01-17T10:35:12.776+0000] {logging_mixin.py:190} INFO - [2025-01-17T10:35:12.776+0000] {dag.py:4180} INFO - Setting next_dagrun for example_subdag_operator.section-2 to None, run_after=None
[2025-01-17T10:35:12.806+0000] {processor.py:208} INFO - Processing /home/airflow/.local/lib/python3.12/site-packages/airflow/example_dags/example_subdag_operator.py took 0.188 seconds
[2025-01-17T10:35:44.363+0000] {processor.py:186} INFO - Started process (PID=553) to work on /home/airflow/.local/lib/python3.12/site-packages/airflow/example_dags/example_subdag_operator.py
[2025-01-17T10:35:44.365+0000] {processor.py:914} INFO - Processing file /home/airflow/.local/lib/python3.12/site-packages/airflow/example_dags/example_subdag_operator.py for tasks to queue
[2025-01-17T10:35:44.368+0000] {logging_mixin.py:190} INFO - [2025-01-17T10:35:44.367+0000] {dagbag.py:588} INFO - Filling up the DagBag from /home/airflow/.local/lib/python3.12/site-packages/airflow/example_dags/example_subdag_operator.py
[2025-01-17T10:35:44.409+0000] {processor.py:925} INFO - DAG(s) 'example_subdag_operator.section-1', 'example_subdag_operator.section-2', 'example_subdag_operator' retrieved from /home/airflow/.local/lib/python3.12/site-packages/airflow/example_dags/example_subdag_operator.py
[2025-01-17T10:35:44.440+0000] {logging_mixin.py:190} INFO - [2025-01-17T10:35:44.440+0000] {dag.py:3239} INFO - Sync 3 DAGs
[2025-01-17T10:35:44.484+0000] {logging_mixin.py:190} INFO - [2025-01-17T10:35:44.483+0000] {dag.py:4180} INFO - Setting next_dagrun for example_subdag_operator to 2022-01-01 00:00:00+00:00, run_after=2022-01-01 00:00:00+00:00
[2025-01-17T10:35:44.490+0000] {logging_mixin.py:190} INFO - [2025-01-17T10:35:44.490+0000] {dag.py:4180} INFO - Setting next_dagrun for example_subdag_operator.section-1 to None, run_after=None
[2025-01-17T10:35:44.494+0000] {logging_mixin.py:190} INFO - [2025-01-17T10:35:44.494+0000] {dag.py:4180} INFO - Setting next_dagrun for example_subdag_operator.section-2 to None, run_after=None
[2025-01-17T10:35:44.508+0000] {logging_mixin.py:190} INFO - [2025-01-17T10:35:44.508+0000] {dag.py:3239} INFO - Sync 2 DAGs
[2025-01-17T10:35:44.519+0000] {logging_mixin.py:190} INFO - [2025-01-17T10:35:44.519+0000] {dag.py:4180} INFO - Setting next_dagrun for example_subdag_operator.section-1 to None, run_after=None
[2025-01-17T10:35:44.521+0000] {logging_mixin.py:190} INFO - [2025-01-17T10:35:44.520+0000] {dag.py:4180} INFO - Setting next_dagrun for example_subdag_operator.section-2 to None, run_after=None
[2025-01-17T10:35:44.544+0000] {processor.py:208} INFO - Processing /home/airflow/.local/lib/python3.12/site-packages/airflow/example_dags/example_subdag_operator.py took 0.192 seconds
[2025-01-17T10:36:15.968+0000] {processor.py:186} INFO - Started process (PID=616) to work on /home/airflow/.local/lib/python3.12/site-packages/airflow/example_dags/example_subdag_operator.py
[2025-01-17T10:36:15.970+0000] {processor.py:914} INFO - Processing file /home/airflow/.local/lib/python3.12/site-packages/airflow/example_dags/example_subdag_operator.py for tasks to queue
[2025-01-17T10:36:15.972+0000] {logging_mixin.py:190} INFO - [2025-01-17T10:36:15.972+0000] {dagbag.py:588} INFO - Filling up the DagBag from /home/airflow/.local/lib/python3.12/site-packages/airflow/example_dags/example_subdag_operator.py
[2025-01-17T10:36:16.013+0000] {processor.py:925} INFO - DAG(s) 'example_subdag_operator.section-1', 'example_subdag_operator.section-2', 'example_subdag_operator' retrieved from /home/airflow/.local/lib/python3.12/site-packages/airflow/example_dags/example_subdag_operator.py
[2025-01-17T10:36:16.036+0000] {logging_mixin.py:190} INFO - [2025-01-17T10:36:16.036+0000] {dag.py:3239} INFO - Sync 3 DAGs
[2025-01-17T10:36:16.071+0000] {logging_mixin.py:190} INFO - [2025-01-17T10:36:16.071+0000] {dag.py:4180} INFO - Setting next_dagrun for example_subdag_operator to 2022-01-01 00:00:00+00:00, run_after=2022-01-01 00:00:00+00:00
[2025-01-17T10:36:16.077+0000] {logging_mixin.py:190} INFO - [2025-01-17T10:36:16.077+0000] {dag.py:4180} INFO - Setting next_dagrun for example_subdag_operator.section-1 to None, run_after=None
[2025-01-17T10:36:16.080+0000] {logging_mixin.py:190} INFO - [2025-01-17T10:36:16.080+0000] {dag.py:4180} INFO - Setting next_dagrun for example_subdag_operator.section-2 to None, run_after=None
[2025-01-17T10:36:16.092+0000] {logging_mixin.py:190} INFO - [2025-01-17T10:36:16.092+0000] {dag.py:3239} INFO - Sync 2 DAGs
[2025-01-17T10:36:16.103+0000] {logging_mixin.py:190} INFO - [2025-01-17T10:36:16.102+0000] {dag.py:4180} INFO - Setting next_dagrun for example_subdag_operator.section-1 to None, run_after=None
[2025-01-17T10:36:16.104+0000] {logging_mixin.py:190} INFO - [2025-01-17T10:36:16.104+0000] {dag.py:4180} INFO - Setting next_dagrun for example_subdag_operator.section-2 to None, run_after=None
[2025-01-17T10:36:16.123+0000] {processor.py:208} INFO - Processing /home/airflow/.local/lib/python3.12/site-packages/airflow/example_dags/example_subdag_operator.py took 0.163 seconds
[2025-01-17T10:37:32.423+0000] {processor.py:186} INFO - Started process (PID=101) to work on /home/airflow/.local/lib/python3.12/site-packages/airflow/example_dags/example_subdag_operator.py
[2025-01-17T10:37:32.425+0000] {processor.py:914} INFO - Processing file /home/airflow/.local/lib/python3.12/site-packages/airflow/example_dags/example_subdag_operator.py for tasks to queue
[2025-01-17T10:37:32.428+0000] {logging_mixin.py:190} INFO - [2025-01-17T10:37:32.427+0000] {dagbag.py:588} INFO - Filling up the DagBag from /home/airflow/.local/lib/python3.12/site-packages/airflow/example_dags/example_subdag_operator.py
[2025-01-17T10:37:32.458+0000] {processor.py:925} INFO - DAG(s) 'example_subdag_operator.section-1', 'example_subdag_operator.section-2', 'example_subdag_operator' retrieved from /home/airflow/.local/lib/python3.12/site-packages/airflow/example_dags/example_subdag_operator.py
[2025-01-17T10:37:32.475+0000] {logging_mixin.py:190} INFO - [2025-01-17T10:37:32.475+0000] {dag.py:3239} INFO - Sync 3 DAGs
[2025-01-17T10:37:32.505+0000] {logging_mixin.py:190} INFO - [2025-01-17T10:37:32.504+0000] {dag.py:4180} INFO - Setting next_dagrun for example_subdag_operator to 2022-01-01 00:00:00+00:00, run_after=2022-01-01 00:00:00+00:00
[2025-01-17T10:37:32.509+0000] {logging_mixin.py:190} INFO - [2025-01-17T10:37:32.509+0000] {dag.py:4180} INFO - Setting next_dagrun for example_subdag_operator.section-1 to None, run_after=None
[2025-01-17T10:37:32.512+0000] {logging_mixin.py:190} INFO - [2025-01-17T10:37:32.511+0000] {dag.py:4180} INFO - Setting next_dagrun for example_subdag_operator.section-2 to None, run_after=None
[2025-01-17T10:37:32.521+0000] {logging_mixin.py:190} INFO - [2025-01-17T10:37:32.521+0000] {dag.py:3239} INFO - Sync 2 DAGs
[2025-01-17T10:37:32.529+0000] {logging_mixin.py:190} INFO - [2025-01-17T10:37:32.529+0000] {dag.py:4180} INFO - Setting next_dagrun for example_subdag_operator.section-1 to None, run_after=None
[2025-01-17T10:37:32.530+0000] {logging_mixin.py:190} INFO - [2025-01-17T10:37:32.530+0000] {dag.py:4180} INFO - Setting next_dagrun for example_subdag_operator.section-2 to None, run_after=None
[2025-01-17T10:37:32.547+0000] {processor.py:208} INFO - Processing /home/airflow/.local/lib/python3.12/site-packages/airflow/example_dags/example_subdag_operator.py took 0.130 seconds
[2025-01-17T10:38:04.863+0000] {processor.py:186} INFO - Started process (PID=165) to work on /home/airflow/.local/lib/python3.12/site-packages/airflow/example_dags/example_subdag_operator.py
[2025-01-17T10:38:04.865+0000] {processor.py:914} INFO - Processing file /home/airflow/.local/lib/python3.12/site-packages/airflow/example_dags/example_subdag_operator.py for tasks to queue
[2025-01-17T10:38:04.869+0000] {logging_mixin.py:190} INFO - [2025-01-17T10:38:04.869+0000] {dagbag.py:588} INFO - Filling up the DagBag from /home/airflow/.local/lib/python3.12/site-packages/airflow/example_dags/example_subdag_operator.py
[2025-01-17T10:38:04.913+0000] {processor.py:925} INFO - DAG(s) 'example_subdag_operator.section-1', 'example_subdag_operator.section-2', 'example_subdag_operator' retrieved from /home/airflow/.local/lib/python3.12/site-packages/airflow/example_dags/example_subdag_operator.py
[2025-01-17T10:38:04.939+0000] {logging_mixin.py:190} INFO - [2025-01-17T10:38:04.938+0000] {dag.py:3239} INFO - Sync 3 DAGs
[2025-01-17T10:38:04.975+0000] {logging_mixin.py:190} INFO - [2025-01-17T10:38:04.974+0000] {dag.py:4180} INFO - Setting next_dagrun for example_subdag_operator to 2022-01-01 00:00:00+00:00, run_after=2022-01-01 00:00:00+00:00
[2025-01-17T10:38:04.981+0000] {logging_mixin.py:190} INFO - [2025-01-17T10:38:04.981+0000] {dag.py:4180} INFO - Setting next_dagrun for example_subdag_operator.section-1 to None, run_after=None
[2025-01-17T10:38:04.985+0000] {logging_mixin.py:190} INFO - [2025-01-17T10:38:04.985+0000] {dag.py:4180} INFO - Setting next_dagrun for example_subdag_operator.section-2 to None, run_after=None
[2025-01-17T10:38:04.997+0000] {logging_mixin.py:190} INFO - [2025-01-17T10:38:04.997+0000] {dag.py:3239} INFO - Sync 2 DAGs
[2025-01-17T10:38:05.007+0000] {logging_mixin.py:190} INFO - [2025-01-17T10:38:05.007+0000] {dag.py:4180} INFO - Setting next_dagrun for example_subdag_operator.section-1 to None, run_after=None
[2025-01-17T10:38:05.008+0000] {logging_mixin.py:190} INFO - [2025-01-17T10:38:05.008+0000] {dag.py:4180} INFO - Setting next_dagrun for example_subdag_operator.section-2 to None, run_after=None
[2025-01-17T10:38:05.030+0000] {processor.py:208} INFO - Processing /home/airflow/.local/lib/python3.12/site-packages/airflow/example_dags/example_subdag_operator.py took 0.178 seconds
[2025-01-17T10:52:15.657+0000] {processor.py:186} INFO - Started process (PID=108) to work on /home/airflow/.local/lib/python3.12/site-packages/airflow/example_dags/example_subdag_operator.py
[2025-01-17T10:52:15.658+0000] {processor.py:914} INFO - Processing file /home/airflow/.local/lib/python3.12/site-packages/airflow/example_dags/example_subdag_operator.py for tasks to queue
[2025-01-17T10:52:15.661+0000] {logging_mixin.py:190} INFO - [2025-01-17T10:52:15.661+0000] {dagbag.py:588} INFO - Filling up the DagBag from /home/airflow/.local/lib/python3.12/site-packages/airflow/example_dags/example_subdag_operator.py
[2025-01-17T10:52:15.692+0000] {processor.py:925} INFO - DAG(s) 'example_subdag_operator.section-1', 'example_subdag_operator.section-2', 'example_subdag_operator' retrieved from /home/airflow/.local/lib/python3.12/site-packages/airflow/example_dags/example_subdag_operator.py
[2025-01-17T10:52:15.709+0000] {logging_mixin.py:190} INFO - [2025-01-17T10:52:15.709+0000] {dag.py:3239} INFO - Sync 3 DAGs
[2025-01-17T10:52:15.733+0000] {logging_mixin.py:190} INFO - [2025-01-17T10:52:15.733+0000] {dag.py:4180} INFO - Setting next_dagrun for example_subdag_operator to 2022-01-01 00:00:00+00:00, run_after=2022-01-01 00:00:00+00:00
[2025-01-17T10:52:15.737+0000] {logging_mixin.py:190} INFO - [2025-01-17T10:52:15.737+0000] {dag.py:4180} INFO - Setting next_dagrun for example_subdag_operator.section-1 to None, run_after=None
[2025-01-17T10:52:15.740+0000] {logging_mixin.py:190} INFO - [2025-01-17T10:52:15.739+0000] {dag.py:4180} INFO - Setting next_dagrun for example_subdag_operator.section-2 to None, run_after=None
[2025-01-17T10:52:15.748+0000] {logging_mixin.py:190} INFO - [2025-01-17T10:52:15.748+0000] {dag.py:3239} INFO - Sync 2 DAGs
[2025-01-17T10:52:15.760+0000] {logging_mixin.py:190} INFO - [2025-01-17T10:52:15.760+0000] {dag.py:4180} INFO - Setting next_dagrun for example_subdag_operator.section-1 to None, run_after=None
[2025-01-17T10:52:15.761+0000] {logging_mixin.py:190} INFO - [2025-01-17T10:52:15.761+0000] {dag.py:4180} INFO - Setting next_dagrun for example_subdag_operator.section-2 to None, run_after=None
[2025-01-17T10:52:15.775+0000] {processor.py:208} INFO - Processing /home/airflow/.local/lib/python3.12/site-packages/airflow/example_dags/example_subdag_operator.py took 0.124 seconds
[2025-01-17T10:52:47.075+0000] {processor.py:186} INFO - Started process (PID=172) to work on /home/airflow/.local/lib/python3.12/site-packages/airflow/example_dags/example_subdag_operator.py
[2025-01-17T10:52:47.076+0000] {processor.py:914} INFO - Processing file /home/airflow/.local/lib/python3.12/site-packages/airflow/example_dags/example_subdag_operator.py for tasks to queue
[2025-01-17T10:52:47.079+0000] {logging_mixin.py:190} INFO - [2025-01-17T10:52:47.079+0000] {dagbag.py:588} INFO - Filling up the DagBag from /home/airflow/.local/lib/python3.12/site-packages/airflow/example_dags/example_subdag_operator.py
[2025-01-17T10:52:47.109+0000] {processor.py:925} INFO - DAG(s) 'example_subdag_operator.section-1', 'example_subdag_operator.section-2', 'example_subdag_operator' retrieved from /home/airflow/.local/lib/python3.12/site-packages/airflow/example_dags/example_subdag_operator.py
[2025-01-17T10:52:47.125+0000] {logging_mixin.py:190} INFO - [2025-01-17T10:52:47.124+0000] {dag.py:3239} INFO - Sync 3 DAGs
[2025-01-17T10:52:47.151+0000] {logging_mixin.py:190} INFO - [2025-01-17T10:52:47.150+0000] {dag.py:4180} INFO - Setting next_dagrun for example_subdag_operator to 2022-01-01 00:00:00+00:00, run_after=2022-01-01 00:00:00+00:00
[2025-01-17T10:52:47.156+0000] {logging_mixin.py:190} INFO - [2025-01-17T10:52:47.156+0000] {dag.py:4180} INFO - Setting next_dagrun for example_subdag_operator.section-1 to None, run_after=None
[2025-01-17T10:52:47.159+0000] {logging_mixin.py:190} INFO - [2025-01-17T10:52:47.159+0000] {dag.py:4180} INFO - Setting next_dagrun for example_subdag_operator.section-2 to None, run_after=None
[2025-01-17T10:52:47.169+0000] {logging_mixin.py:190} INFO - [2025-01-17T10:52:47.168+0000] {dag.py:3239} INFO - Sync 2 DAGs
[2025-01-17T10:52:47.177+0000] {logging_mixin.py:190} INFO - [2025-01-17T10:52:47.176+0000] {dag.py:4180} INFO - Setting next_dagrun for example_subdag_operator.section-1 to None, run_after=None
[2025-01-17T10:52:47.178+0000] {logging_mixin.py:190} INFO - [2025-01-17T10:52:47.177+0000] {dag.py:4180} INFO - Setting next_dagrun for example_subdag_operator.section-2 to None, run_after=None
[2025-01-17T10:52:47.196+0000] {processor.py:208} INFO - Processing /home/airflow/.local/lib/python3.12/site-packages/airflow/example_dags/example_subdag_operator.py took 0.127 seconds
[2025-01-17T10:53:18.297+0000] {processor.py:186} INFO - Started process (PID=236) to work on /home/airflow/.local/lib/python3.12/site-packages/airflow/example_dags/example_subdag_operator.py
[2025-01-17T10:53:18.298+0000] {processor.py:914} INFO - Processing file /home/airflow/.local/lib/python3.12/site-packages/airflow/example_dags/example_subdag_operator.py for tasks to queue
[2025-01-17T10:53:18.301+0000] {logging_mixin.py:190} INFO - [2025-01-17T10:53:18.300+0000] {dagbag.py:588} INFO - Filling up the DagBag from /home/airflow/.local/lib/python3.12/site-packages/airflow/example_dags/example_subdag_operator.py
[2025-01-17T10:53:18.330+0000] {processor.py:925} INFO - DAG(s) 'example_subdag_operator.section-1', 'example_subdag_operator.section-2', 'example_subdag_operator' retrieved from /home/airflow/.local/lib/python3.12/site-packages/airflow/example_dags/example_subdag_operator.py
[2025-01-17T10:53:18.345+0000] {logging_mixin.py:190} INFO - [2025-01-17T10:53:18.344+0000] {dag.py:3239} INFO - Sync 3 DAGs
[2025-01-17T10:53:18.367+0000] {logging_mixin.py:190} INFO - [2025-01-17T10:53:18.367+0000] {dag.py:4180} INFO - Setting next_dagrun for example_subdag_operator to 2022-01-01 00:00:00+00:00, run_after=2022-01-01 00:00:00+00:00
[2025-01-17T10:53:18.371+0000] {logging_mixin.py:190} INFO - [2025-01-17T10:53:18.371+0000] {dag.py:4180} INFO - Setting next_dagrun for example_subdag_operator.section-1 to None, run_after=None
[2025-01-17T10:53:18.374+0000] {logging_mixin.py:190} INFO - [2025-01-17T10:53:18.373+0000] {dag.py:4180} INFO - Setting next_dagrun for example_subdag_operator.section-2 to None, run_after=None
[2025-01-17T10:53:18.383+0000] {logging_mixin.py:190} INFO - [2025-01-17T10:53:18.383+0000] {dag.py:3239} INFO - Sync 2 DAGs
[2025-01-17T10:53:18.390+0000] {logging_mixin.py:190} INFO - [2025-01-17T10:53:18.390+0000] {dag.py:4180} INFO - Setting next_dagrun for example_subdag_operator.section-1 to None, run_after=None
[2025-01-17T10:53:18.391+0000] {logging_mixin.py:190} INFO - [2025-01-17T10:53:18.391+0000] {dag.py:4180} INFO - Setting next_dagrun for example_subdag_operator.section-2 to None, run_after=None
[2025-01-17T10:53:18.406+0000] {processor.py:208} INFO - Processing /home/airflow/.local/lib/python3.12/site-packages/airflow/example_dags/example_subdag_operator.py took 0.114 seconds
[2025-01-17T10:53:49.675+0000] {processor.py:186} INFO - Started process (PID=301) to work on /home/airflow/.local/lib/python3.12/site-packages/airflow/example_dags/example_subdag_operator.py
[2025-01-17T10:53:49.676+0000] {processor.py:914} INFO - Processing file /home/airflow/.local/lib/python3.12/site-packages/airflow/example_dags/example_subdag_operator.py for tasks to queue
[2025-01-17T10:53:49.679+0000] {logging_mixin.py:190} INFO - [2025-01-17T10:53:49.679+0000] {dagbag.py:588} INFO - Filling up the DagBag from /home/airflow/.local/lib/python3.12/site-packages/airflow/example_dags/example_subdag_operator.py
[2025-01-17T10:53:49.707+0000] {processor.py:925} INFO - DAG(s) 'example_subdag_operator.section-1', 'example_subdag_operator.section-2', 'example_subdag_operator' retrieved from /home/airflow/.local/lib/python3.12/site-packages/airflow/example_dags/example_subdag_operator.py
[2025-01-17T10:53:49.724+0000] {logging_mixin.py:190} INFO - [2025-01-17T10:53:49.723+0000] {dag.py:3239} INFO - Sync 3 DAGs
[2025-01-17T10:53:49.747+0000] {logging_mixin.py:190} INFO - [2025-01-17T10:53:49.747+0000] {dag.py:4180} INFO - Setting next_dagrun for example_subdag_operator to 2022-01-01 00:00:00+00:00, run_after=2022-01-01 00:00:00+00:00
[2025-01-17T10:53:49.752+0000] {logging_mixin.py:190} INFO - [2025-01-17T10:53:49.752+0000] {dag.py:4180} INFO - Setting next_dagrun for example_subdag_operator.section-1 to None, run_after=None
[2025-01-17T10:53:49.755+0000] {logging_mixin.py:190} INFO - [2025-01-17T10:53:49.755+0000] {dag.py:4180} INFO - Setting next_dagrun for example_subdag_operator.section-2 to None, run_after=None
[2025-01-17T10:53:49.765+0000] {logging_mixin.py:190} INFO - [2025-01-17T10:53:49.764+0000] {dag.py:3239} INFO - Sync 2 DAGs
[2025-01-17T10:53:49.773+0000] {logging_mixin.py:190} INFO - [2025-01-17T10:53:49.773+0000] {dag.py:4180} INFO - Setting next_dagrun for example_subdag_operator.section-1 to None, run_after=None
[2025-01-17T10:53:49.774+0000] {logging_mixin.py:190} INFO - [2025-01-17T10:53:49.774+0000] {dag.py:4180} INFO - Setting next_dagrun for example_subdag_operator.section-2 to None, run_after=None
[2025-01-17T10:53:49.790+0000] {processor.py:208} INFO - Processing /home/airflow/.local/lib/python3.12/site-packages/airflow/example_dags/example_subdag_operator.py took 0.120 seconds
[2025-01-17T10:54:21.051+0000] {processor.py:186} INFO - Started process (PID=365) to work on /home/airflow/.local/lib/python3.12/site-packages/airflow/example_dags/example_subdag_operator.py
[2025-01-17T10:54:21.053+0000] {processor.py:914} INFO - Processing file /home/airflow/.local/lib/python3.12/site-packages/airflow/example_dags/example_subdag_operator.py for tasks to queue
[2025-01-17T10:54:21.056+0000] {logging_mixin.py:190} INFO - [2025-01-17T10:54:21.055+0000] {dagbag.py:588} INFO - Filling up the DagBag from /home/airflow/.local/lib/python3.12/site-packages/airflow/example_dags/example_subdag_operator.py
[2025-01-17T10:54:21.085+0000] {processor.py:925} INFO - DAG(s) 'example_subdag_operator.section-1', 'example_subdag_operator.section-2', 'example_subdag_operator' retrieved from /home/airflow/.local/lib/python3.12/site-packages/airflow/example_dags/example_subdag_operator.py
[2025-01-17T10:54:21.101+0000] {logging_mixin.py:190} INFO - [2025-01-17T10:54:21.101+0000] {dag.py:3239} INFO - Sync 3 DAGs
[2025-01-17T10:54:21.124+0000] {logging_mixin.py:190} INFO - [2025-01-17T10:54:21.123+0000] {dag.py:4180} INFO - Setting next_dagrun for example_subdag_operator to 2022-01-01 00:00:00+00:00, run_after=2022-01-01 00:00:00+00:00
[2025-01-17T10:54:21.129+0000] {logging_mixin.py:190} INFO - [2025-01-17T10:54:21.128+0000] {dag.py:4180} INFO - Setting next_dagrun for example_subdag_operator.section-1 to None, run_after=None
[2025-01-17T10:54:21.131+0000] {logging_mixin.py:190} INFO - [2025-01-17T10:54:21.131+0000] {dag.py:4180} INFO - Setting next_dagrun for example_subdag_operator.section-2 to None, run_after=None
[2025-01-17T10:54:21.140+0000] {logging_mixin.py:190} INFO - [2025-01-17T10:54:21.140+0000] {dag.py:3239} INFO - Sync 2 DAGs
[2025-01-17T10:54:21.148+0000] {logging_mixin.py:190} INFO - [2025-01-17T10:54:21.148+0000] {dag.py:4180} INFO - Setting next_dagrun for example_subdag_operator.section-1 to None, run_after=None
[2025-01-17T10:54:21.149+0000] {logging_mixin.py:190} INFO - [2025-01-17T10:54:21.149+0000] {dag.py:4180} INFO - Setting next_dagrun for example_subdag_operator.section-2 to None, run_after=None
[2025-01-17T10:54:21.164+0000] {processor.py:208} INFO - Processing /home/airflow/.local/lib/python3.12/site-packages/airflow/example_dags/example_subdag_operator.py took 0.119 seconds
[2025-01-17T10:54:52.341+0000] {processor.py:186} INFO - Started process (PID=430) to work on /home/airflow/.local/lib/python3.12/site-packages/airflow/example_dags/example_subdag_operator.py
[2025-01-17T10:54:52.342+0000] {processor.py:914} INFO - Processing file /home/airflow/.local/lib/python3.12/site-packages/airflow/example_dags/example_subdag_operator.py for tasks to queue
[2025-01-17T10:54:52.346+0000] {logging_mixin.py:190} INFO - [2025-01-17T10:54:52.345+0000] {dagbag.py:588} INFO - Filling up the DagBag from /home/airflow/.local/lib/python3.12/site-packages/airflow/example_dags/example_subdag_operator.py
[2025-01-17T10:54:52.375+0000] {processor.py:925} INFO - DAG(s) 'example_subdag_operator.section-1', 'example_subdag_operator.section-2', 'example_subdag_operator' retrieved from /home/airflow/.local/lib/python3.12/site-packages/airflow/example_dags/example_subdag_operator.py
[2025-01-17T10:54:52.391+0000] {logging_mixin.py:190} INFO - [2025-01-17T10:54:52.390+0000] {dag.py:3239} INFO - Sync 3 DAGs
[2025-01-17T10:54:52.414+0000] {logging_mixin.py:190} INFO - [2025-01-17T10:54:52.414+0000] {dag.py:4180} INFO - Setting next_dagrun for example_subdag_operator to 2022-01-01 00:00:00+00:00, run_after=2022-01-01 00:00:00+00:00
[2025-01-17T10:54:52.419+0000] {logging_mixin.py:190} INFO - [2025-01-17T10:54:52.419+0000] {dag.py:4180} INFO - Setting next_dagrun for example_subdag_operator.section-1 to None, run_after=None
[2025-01-17T10:54:52.421+0000] {logging_mixin.py:190} INFO - [2025-01-17T10:54:52.421+0000] {dag.py:4180} INFO - Setting next_dagrun for example_subdag_operator.section-2 to None, run_after=None
[2025-01-17T10:54:52.430+0000] {logging_mixin.py:190} INFO - [2025-01-17T10:54:52.429+0000] {dag.py:3239} INFO - Sync 2 DAGs
[2025-01-17T10:54:52.438+0000] {logging_mixin.py:190} INFO - [2025-01-17T10:54:52.438+0000] {dag.py:4180} INFO - Setting next_dagrun for example_subdag_operator.section-1 to None, run_after=None
[2025-01-17T10:54:52.439+0000] {logging_mixin.py:190} INFO - [2025-01-17T10:54:52.439+0000] {dag.py:4180} INFO - Setting next_dagrun for example_subdag_operator.section-2 to None, run_after=None
[2025-01-17T10:54:52.453+0000] {processor.py:208} INFO - Processing /home/airflow/.local/lib/python3.12/site-packages/airflow/example_dags/example_subdag_operator.py took 0.117 seconds
[2025-01-17T10:55:23.727+0000] {processor.py:186} INFO - Started process (PID=493) to work on /home/airflow/.local/lib/python3.12/site-packages/airflow/example_dags/example_subdag_operator.py
[2025-01-17T10:55:23.729+0000] {processor.py:914} INFO - Processing file /home/airflow/.local/lib/python3.12/site-packages/airflow/example_dags/example_subdag_operator.py for tasks to queue
[2025-01-17T10:55:23.731+0000] {logging_mixin.py:190} INFO - [2025-01-17T10:55:23.731+0000] {dagbag.py:588} INFO - Filling up the DagBag from /home/airflow/.local/lib/python3.12/site-packages/airflow/example_dags/example_subdag_operator.py
[2025-01-17T10:55:23.763+0000] {processor.py:925} INFO - DAG(s) 'example_subdag_operator.section-1', 'example_subdag_operator.section-2', 'example_subdag_operator' retrieved from /home/airflow/.local/lib/python3.12/site-packages/airflow/example_dags/example_subdag_operator.py
[2025-01-17T10:55:23.782+0000] {logging_mixin.py:190} INFO - [2025-01-17T10:55:23.781+0000] {dag.py:3239} INFO - Sync 3 DAGs
[2025-01-17T10:55:23.809+0000] {logging_mixin.py:190} INFO - [2025-01-17T10:55:23.808+0000] {dag.py:4180} INFO - Setting next_dagrun for example_subdag_operator to 2022-01-01 00:00:00+00:00, run_after=2022-01-01 00:00:00+00:00
[2025-01-17T10:55:23.813+0000] {logging_mixin.py:190} INFO - [2025-01-17T10:55:23.813+0000] {dag.py:4180} INFO - Setting next_dagrun for example_subdag_operator.section-1 to None, run_after=None
[2025-01-17T10:55:23.816+0000] {logging_mixin.py:190} INFO - [2025-01-17T10:55:23.816+0000] {dag.py:4180} INFO - Setting next_dagrun for example_subdag_operator.section-2 to None, run_after=None
[2025-01-17T10:55:23.826+0000] {logging_mixin.py:190} INFO - [2025-01-17T10:55:23.826+0000] {dag.py:3239} INFO - Sync 2 DAGs
[2025-01-17T10:55:23.834+0000] {logging_mixin.py:190} INFO - [2025-01-17T10:55:23.834+0000] {dag.py:4180} INFO - Setting next_dagrun for example_subdag_operator.section-1 to None, run_after=None
[2025-01-17T10:55:23.835+0000] {logging_mixin.py:190} INFO - [2025-01-17T10:55:23.835+0000] {dag.py:4180} INFO - Setting next_dagrun for example_subdag_operator.section-2 to None, run_after=None
[2025-01-17T10:55:23.853+0000] {processor.py:208} INFO - Processing /home/airflow/.local/lib/python3.12/site-packages/airflow/example_dags/example_subdag_operator.py took 0.131 seconds
[2025-01-17T10:55:55.099+0000] {processor.py:186} INFO - Started process (PID=558) to work on /home/airflow/.local/lib/python3.12/site-packages/airflow/example_dags/example_subdag_operator.py
[2025-01-17T10:55:55.101+0000] {processor.py:914} INFO - Processing file /home/airflow/.local/lib/python3.12/site-packages/airflow/example_dags/example_subdag_operator.py for tasks to queue
[2025-01-17T10:55:55.104+0000] {logging_mixin.py:190} INFO - [2025-01-17T10:55:55.103+0000] {dagbag.py:588} INFO - Filling up the DagBag from /home/airflow/.local/lib/python3.12/site-packages/airflow/example_dags/example_subdag_operator.py
[2025-01-17T10:55:55.132+0000] {processor.py:925} INFO - DAG(s) 'example_subdag_operator.section-1', 'example_subdag_operator.section-2', 'example_subdag_operator' retrieved from /home/airflow/.local/lib/python3.12/site-packages/airflow/example_dags/example_subdag_operator.py
[2025-01-17T10:55:55.149+0000] {logging_mixin.py:190} INFO - [2025-01-17T10:55:55.149+0000] {dag.py:3239} INFO - Sync 3 DAGs
[2025-01-17T10:55:55.175+0000] {logging_mixin.py:190} INFO - [2025-01-17T10:55:55.174+0000] {dag.py:4180} INFO - Setting next_dagrun for example_subdag_operator to 2022-01-01 00:00:00+00:00, run_after=2022-01-01 00:00:00+00:00
[2025-01-17T10:55:55.180+0000] {logging_mixin.py:190} INFO - [2025-01-17T10:55:55.179+0000] {dag.py:4180} INFO - Setting next_dagrun for example_subdag_operator.section-1 to None, run_after=None
[2025-01-17T10:55:55.182+0000] {logging_mixin.py:190} INFO - [2025-01-17T10:55:55.182+0000] {dag.py:4180} INFO - Setting next_dagrun for example_subdag_operator.section-2 to None, run_after=None
[2025-01-17T10:55:55.192+0000] {logging_mixin.py:190} INFO - [2025-01-17T10:55:55.192+0000] {dag.py:3239} INFO - Sync 2 DAGs
[2025-01-17T10:55:55.200+0000] {logging_mixin.py:190} INFO - [2025-01-17T10:55:55.200+0000] {dag.py:4180} INFO - Setting next_dagrun for example_subdag_operator.section-1 to None, run_after=None
[2025-01-17T10:55:55.201+0000] {logging_mixin.py:190} INFO - [2025-01-17T10:55:55.201+0000] {dag.py:4180} INFO - Setting next_dagrun for example_subdag_operator.section-2 to None, run_after=None
[2025-01-17T10:55:55.217+0000] {processor.py:208} INFO - Processing /home/airflow/.local/lib/python3.12/site-packages/airflow/example_dags/example_subdag_operator.py took 0.124 seconds
[2025-01-17T10:56:26.345+0000] {processor.py:186} INFO - Started process (PID=622) to work on /home/airflow/.local/lib/python3.12/site-packages/airflow/example_dags/example_subdag_operator.py
[2025-01-17T10:56:26.347+0000] {processor.py:914} INFO - Processing file /home/airflow/.local/lib/python3.12/site-packages/airflow/example_dags/example_subdag_operator.py for tasks to queue
[2025-01-17T10:56:26.350+0000] {logging_mixin.py:190} INFO - [2025-01-17T10:56:26.350+0000] {dagbag.py:588} INFO - Filling up the DagBag from /home/airflow/.local/lib/python3.12/site-packages/airflow/example_dags/example_subdag_operator.py
[2025-01-17T10:56:26.380+0000] {processor.py:925} INFO - DAG(s) 'example_subdag_operator.section-1', 'example_subdag_operator.section-2', 'example_subdag_operator' retrieved from /home/airflow/.local/lib/python3.12/site-packages/airflow/example_dags/example_subdag_operator.py
[2025-01-17T10:56:26.398+0000] {logging_mixin.py:190} INFO - [2025-01-17T10:56:26.397+0000] {dag.py:3239} INFO - Sync 3 DAGs
[2025-01-17T10:56:26.424+0000] {logging_mixin.py:190} INFO - [2025-01-17T10:56:26.423+0000] {dag.py:4180} INFO - Setting next_dagrun for example_subdag_operator to 2022-01-01 00:00:00+00:00, run_after=2022-01-01 00:00:00+00:00
[2025-01-17T10:56:26.429+0000] {logging_mixin.py:190} INFO - [2025-01-17T10:56:26.428+0000] {dag.py:4180} INFO - Setting next_dagrun for example_subdag_operator.section-1 to None, run_after=None
[2025-01-17T10:56:26.431+0000] {logging_mixin.py:190} INFO - [2025-01-17T10:56:26.431+0000] {dag.py:4180} INFO - Setting next_dagrun for example_subdag_operator.section-2 to None, run_after=None
[2025-01-17T10:56:26.441+0000] {logging_mixin.py:190} INFO - [2025-01-17T10:56:26.441+0000] {dag.py:3239} INFO - Sync 2 DAGs
[2025-01-17T10:56:26.449+0000] {logging_mixin.py:190} INFO - [2025-01-17T10:56:26.449+0000] {dag.py:4180} INFO - Setting next_dagrun for example_subdag_operator.section-1 to None, run_after=None
[2025-01-17T10:56:26.450+0000] {logging_mixin.py:190} INFO - [2025-01-17T10:56:26.450+0000] {dag.py:4180} INFO - Setting next_dagrun for example_subdag_operator.section-2 to None, run_after=None
[2025-01-17T10:56:26.467+0000] {processor.py:208} INFO - Processing /home/airflow/.local/lib/python3.12/site-packages/airflow/example_dags/example_subdag_operator.py took 0.127 seconds
[2025-01-17T10:56:57.953+0000] {processor.py:186} INFO - Started process (PID=687) to work on /home/airflow/.local/lib/python3.12/site-packages/airflow/example_dags/example_subdag_operator.py
[2025-01-17T10:56:57.955+0000] {processor.py:914} INFO - Processing file /home/airflow/.local/lib/python3.12/site-packages/airflow/example_dags/example_subdag_operator.py for tasks to queue
[2025-01-17T10:56:57.958+0000] {logging_mixin.py:190} INFO - [2025-01-17T10:56:57.957+0000] {dagbag.py:588} INFO - Filling up the DagBag from /home/airflow/.local/lib/python3.12/site-packages/airflow/example_dags/example_subdag_operator.py
[2025-01-17T10:56:57.987+0000] {processor.py:925} INFO - DAG(s) 'example_subdag_operator.section-1', 'example_subdag_operator.section-2', 'example_subdag_operator' retrieved from /home/airflow/.local/lib/python3.12/site-packages/airflow/example_dags/example_subdag_operator.py
[2025-01-17T10:56:58.002+0000] {logging_mixin.py:190} INFO - [2025-01-17T10:56:58.002+0000] {dag.py:3239} INFO - Sync 3 DAGs
[2025-01-17T10:56:58.025+0000] {logging_mixin.py:190} INFO - [2025-01-17T10:56:58.025+0000] {dag.py:4180} INFO - Setting next_dagrun for example_subdag_operator to 2022-01-01 00:00:00+00:00, run_after=2022-01-01 00:00:00+00:00
[2025-01-17T10:56:58.030+0000] {logging_mixin.py:190} INFO - [2025-01-17T10:56:58.030+0000] {dag.py:4180} INFO - Setting next_dagrun for example_subdag_operator.section-1 to None, run_after=None
[2025-01-17T10:56:58.032+0000] {logging_mixin.py:190} INFO - [2025-01-17T10:56:58.032+0000] {dag.py:4180} INFO - Setting next_dagrun for example_subdag_operator.section-2 to None, run_after=None
[2025-01-17T10:56:58.041+0000] {logging_mixin.py:190} INFO - [2025-01-17T10:56:58.041+0000] {dag.py:3239} INFO - Sync 2 DAGs
[2025-01-17T10:56:58.049+0000] {logging_mixin.py:190} INFO - [2025-01-17T10:56:58.049+0000] {dag.py:4180} INFO - Setting next_dagrun for example_subdag_operator.section-1 to None, run_after=None
[2025-01-17T10:56:58.051+0000] {logging_mixin.py:190} INFO - [2025-01-17T10:56:58.050+0000] {dag.py:4180} INFO - Setting next_dagrun for example_subdag_operator.section-2 to None, run_after=None
[2025-01-17T10:56:58.067+0000] {processor.py:208} INFO - Processing /home/airflow/.local/lib/python3.12/site-packages/airflow/example_dags/example_subdag_operator.py took 0.118 seconds
[2025-01-17T10:57:28.726+0000] {processor.py:186} INFO - Started process (PID=751) to work on /home/airflow/.local/lib/python3.12/site-packages/airflow/example_dags/example_subdag_operator.py
[2025-01-17T10:57:28.727+0000] {processor.py:914} INFO - Processing file /home/airflow/.local/lib/python3.12/site-packages/airflow/example_dags/example_subdag_operator.py for tasks to queue
[2025-01-17T10:57:28.730+0000] {logging_mixin.py:190} INFO - [2025-01-17T10:57:28.730+0000] {dagbag.py:588} INFO - Filling up the DagBag from /home/airflow/.local/lib/python3.12/site-packages/airflow/example_dags/example_subdag_operator.py
[2025-01-17T10:57:28.759+0000] {processor.py:925} INFO - DAG(s) 'example_subdag_operator.section-1', 'example_subdag_operator.section-2', 'example_subdag_operator' retrieved from /home/airflow/.local/lib/python3.12/site-packages/airflow/example_dags/example_subdag_operator.py
[2025-01-17T10:57:28.775+0000] {logging_mixin.py:190} INFO - [2025-01-17T10:57:28.774+0000] {dag.py:3239} INFO - Sync 3 DAGs
[2025-01-17T10:57:28.797+0000] {logging_mixin.py:190} INFO - [2025-01-17T10:57:28.797+0000] {dag.py:4180} INFO - Setting next_dagrun for example_subdag_operator to 2022-01-01 00:00:00+00:00, run_after=2022-01-01 00:00:00+00:00
[2025-01-17T10:57:28.803+0000] {logging_mixin.py:190} INFO - [2025-01-17T10:57:28.803+0000] {dag.py:4180} INFO - Setting next_dagrun for example_subdag_operator.section-1 to None, run_after=None
[2025-01-17T10:57:28.806+0000] {logging_mixin.py:190} INFO - [2025-01-17T10:57:28.806+0000] {dag.py:4180} INFO - Setting next_dagrun for example_subdag_operator.section-2 to None, run_after=None
[2025-01-17T10:57:28.817+0000] {logging_mixin.py:190} INFO - [2025-01-17T10:57:28.817+0000] {dag.py:3239} INFO - Sync 2 DAGs
[2025-01-17T10:57:28.824+0000] {logging_mixin.py:190} INFO - [2025-01-17T10:57:28.824+0000] {dag.py:4180} INFO - Setting next_dagrun for example_subdag_operator.section-1 to None, run_after=None
[2025-01-17T10:57:28.825+0000] {logging_mixin.py:190} INFO - [2025-01-17T10:57:28.825+0000] {dag.py:4180} INFO - Setting next_dagrun for example_subdag_operator.section-2 to None, run_after=None
[2025-01-17T10:57:28.841+0000] {processor.py:208} INFO - Processing /home/airflow/.local/lib/python3.12/site-packages/airflow/example_dags/example_subdag_operator.py took 0.121 seconds
[2025-01-17T10:58:00.379+0000] {processor.py:186} INFO - Started process (PID=815) to work on /home/airflow/.local/lib/python3.12/site-packages/airflow/example_dags/example_subdag_operator.py
[2025-01-17T10:58:00.380+0000] {processor.py:914} INFO - Processing file /home/airflow/.local/lib/python3.12/site-packages/airflow/example_dags/example_subdag_operator.py for tasks to queue
[2025-01-17T10:58:00.382+0000] {logging_mixin.py:190} INFO - [2025-01-17T10:58:00.382+0000] {dagbag.py:588} INFO - Filling up the DagBag from /home/airflow/.local/lib/python3.12/site-packages/airflow/example_dags/example_subdag_operator.py
[2025-01-17T10:58:00.412+0000] {processor.py:925} INFO - DAG(s) 'example_subdag_operator.section-1', 'example_subdag_operator.section-2', 'example_subdag_operator' retrieved from /home/airflow/.local/lib/python3.12/site-packages/airflow/example_dags/example_subdag_operator.py
[2025-01-17T10:58:00.427+0000] {logging_mixin.py:190} INFO - [2025-01-17T10:58:00.427+0000] {dag.py:3239} INFO - Sync 3 DAGs
[2025-01-17T10:58:00.452+0000] {logging_mixin.py:190} INFO - [2025-01-17T10:58:00.452+0000] {dag.py:4180} INFO - Setting next_dagrun for example_subdag_operator to 2022-01-01 00:00:00+00:00, run_after=2022-01-01 00:00:00+00:00
[2025-01-17T10:58:00.457+0000] {logging_mixin.py:190} INFO - [2025-01-17T10:58:00.457+0000] {dag.py:4180} INFO - Setting next_dagrun for example_subdag_operator.section-1 to None, run_after=None
[2025-01-17T10:58:00.460+0000] {logging_mixin.py:190} INFO - [2025-01-17T10:58:00.460+0000] {dag.py:4180} INFO - Setting next_dagrun for example_subdag_operator.section-2 to None, run_after=None
[2025-01-17T10:58:00.470+0000] {logging_mixin.py:190} INFO - [2025-01-17T10:58:00.470+0000] {dag.py:3239} INFO - Sync 2 DAGs
[2025-01-17T10:58:00.478+0000] {logging_mixin.py:190} INFO - [2025-01-17T10:58:00.477+0000] {dag.py:4180} INFO - Setting next_dagrun for example_subdag_operator.section-1 to None, run_after=None
[2025-01-17T10:58:00.479+0000] {logging_mixin.py:190} INFO - [2025-01-17T10:58:00.478+0000] {dag.py:4180} INFO - Setting next_dagrun for example_subdag_operator.section-2 to None, run_after=None
[2025-01-17T10:58:00.495+0000] {processor.py:208} INFO - Processing /home/airflow/.local/lib/python3.12/site-packages/airflow/example_dags/example_subdag_operator.py took 0.122 seconds
[2025-01-17T10:58:32.319+0000] {processor.py:186} INFO - Started process (PID=879) to work on /home/airflow/.local/lib/python3.12/site-packages/airflow/example_dags/example_subdag_operator.py
[2025-01-17T10:58:32.320+0000] {processor.py:914} INFO - Processing file /home/airflow/.local/lib/python3.12/site-packages/airflow/example_dags/example_subdag_operator.py for tasks to queue
[2025-01-17T10:58:32.324+0000] {logging_mixin.py:190} INFO - [2025-01-17T10:58:32.323+0000] {dagbag.py:588} INFO - Filling up the DagBag from /home/airflow/.local/lib/python3.12/site-packages/airflow/example_dags/example_subdag_operator.py
[2025-01-17T10:58:32.352+0000] {processor.py:925} INFO - DAG(s) 'example_subdag_operator.section-1', 'example_subdag_operator.section-2', 'example_subdag_operator' retrieved from /home/airflow/.local/lib/python3.12/site-packages/airflow/example_dags/example_subdag_operator.py
[2025-01-17T10:58:32.367+0000] {logging_mixin.py:190} INFO - [2025-01-17T10:58:32.367+0000] {dag.py:3239} INFO - Sync 3 DAGs
[2025-01-17T10:58:32.392+0000] {logging_mixin.py:190} INFO - [2025-01-17T10:58:32.392+0000] {dag.py:4180} INFO - Setting next_dagrun for example_subdag_operator to 2022-01-01 00:00:00+00:00, run_after=2022-01-01 00:00:00+00:00
[2025-01-17T10:58:32.398+0000] {logging_mixin.py:190} INFO - [2025-01-17T10:58:32.398+0000] {dag.py:4180} INFO - Setting next_dagrun for example_subdag_operator.section-1 to None, run_after=None
[2025-01-17T10:58:32.400+0000] {logging_mixin.py:190} INFO - [2025-01-17T10:58:32.400+0000] {dag.py:4180} INFO - Setting next_dagrun for example_subdag_operator.section-2 to None, run_after=None
[2025-01-17T10:58:32.410+0000] {logging_mixin.py:190} INFO - [2025-01-17T10:58:32.410+0000] {dag.py:3239} INFO - Sync 2 DAGs
[2025-01-17T10:58:32.419+0000] {logging_mixin.py:190} INFO - [2025-01-17T10:58:32.418+0000] {dag.py:4180} INFO - Setting next_dagrun for example_subdag_operator.section-1 to None, run_after=None
[2025-01-17T10:58:32.420+0000] {logging_mixin.py:190} INFO - [2025-01-17T10:58:32.419+0000] {dag.py:4180} INFO - Setting next_dagrun for example_subdag_operator.section-2 to None, run_after=None
[2025-01-17T10:58:32.435+0000] {processor.py:208} INFO - Processing /home/airflow/.local/lib/python3.12/site-packages/airflow/example_dags/example_subdag_operator.py took 0.122 seconds
[2025-01-17T10:59:02.799+0000] {processor.py:186} INFO - Started process (PID=943) to work on /home/airflow/.local/lib/python3.12/site-packages/airflow/example_dags/example_subdag_operator.py
[2025-01-17T10:59:02.800+0000] {processor.py:914} INFO - Processing file /home/airflow/.local/lib/python3.12/site-packages/airflow/example_dags/example_subdag_operator.py for tasks to queue
[2025-01-17T10:59:02.803+0000] {logging_mixin.py:190} INFO - [2025-01-17T10:59:02.803+0000] {dagbag.py:588} INFO - Filling up the DagBag from /home/airflow/.local/lib/python3.12/site-packages/airflow/example_dags/example_subdag_operator.py
[2025-01-17T10:59:02.831+0000] {processor.py:925} INFO - DAG(s) 'example_subdag_operator.section-1', 'example_subdag_operator.section-2', 'example_subdag_operator' retrieved from /home/airflow/.local/lib/python3.12/site-packages/airflow/example_dags/example_subdag_operator.py
[2025-01-17T10:59:02.847+0000] {logging_mixin.py:190} INFO - [2025-01-17T10:59:02.846+0000] {dag.py:3239} INFO - Sync 3 DAGs
[2025-01-17T10:59:02.874+0000] {logging_mixin.py:190} INFO - [2025-01-17T10:59:02.873+0000] {dag.py:4180} INFO - Setting next_dagrun for example_subdag_operator to 2022-01-01 00:00:00+00:00, run_after=2022-01-01 00:00:00+00:00
[2025-01-17T10:59:02.879+0000] {logging_mixin.py:190} INFO - [2025-01-17T10:59:02.879+0000] {dag.py:4180} INFO - Setting next_dagrun for example_subdag_operator.section-1 to None, run_after=None
[2025-01-17T10:59:02.882+0000] {logging_mixin.py:190} INFO - [2025-01-17T10:59:02.882+0000] {dag.py:4180} INFO - Setting next_dagrun for example_subdag_operator.section-2 to None, run_after=None
[2025-01-17T10:59:02.893+0000] {logging_mixin.py:190} INFO - [2025-01-17T10:59:02.893+0000] {dag.py:3239} INFO - Sync 2 DAGs
[2025-01-17T10:59:02.901+0000] {logging_mixin.py:190} INFO - [2025-01-17T10:59:02.901+0000] {dag.py:4180} INFO - Setting next_dagrun for example_subdag_operator.section-1 to None, run_after=None
[2025-01-17T10:59:02.902+0000] {logging_mixin.py:190} INFO - [2025-01-17T10:59:02.902+0000] {dag.py:4180} INFO - Setting next_dagrun for example_subdag_operator.section-2 to None, run_after=None
[2025-01-17T10:59:02.917+0000] {processor.py:208} INFO - Processing /home/airflow/.local/lib/python3.12/site-packages/airflow/example_dags/example_subdag_operator.py took 0.123 seconds
[2025-01-17T10:59:34.243+0000] {processor.py:186} INFO - Started process (PID=1007) to work on /home/airflow/.local/lib/python3.12/site-packages/airflow/example_dags/example_subdag_operator.py
[2025-01-17T10:59:34.245+0000] {processor.py:914} INFO - Processing file /home/airflow/.local/lib/python3.12/site-packages/airflow/example_dags/example_subdag_operator.py for tasks to queue
[2025-01-17T10:59:34.247+0000] {logging_mixin.py:190} INFO - [2025-01-17T10:59:34.247+0000] {dagbag.py:588} INFO - Filling up the DagBag from /home/airflow/.local/lib/python3.12/site-packages/airflow/example_dags/example_subdag_operator.py
[2025-01-17T10:59:34.275+0000] {processor.py:925} INFO - DAG(s) 'example_subdag_operator.section-1', 'example_subdag_operator.section-2', 'example_subdag_operator' retrieved from /home/airflow/.local/lib/python3.12/site-packages/airflow/example_dags/example_subdag_operator.py
[2025-01-17T10:59:34.292+0000] {logging_mixin.py:190} INFO - [2025-01-17T10:59:34.291+0000] {dag.py:3239} INFO - Sync 3 DAGs
[2025-01-17T10:59:34.315+0000] {logging_mixin.py:190} INFO - [2025-01-17T10:59:34.314+0000] {dag.py:4180} INFO - Setting next_dagrun for example_subdag_operator to 2022-01-01 00:00:00+00:00, run_after=2022-01-01 00:00:00+00:00
[2025-01-17T10:59:34.319+0000] {logging_mixin.py:190} INFO - [2025-01-17T10:59:34.319+0000] {dag.py:4180} INFO - Setting next_dagrun for example_subdag_operator.section-1 to None, run_after=None
[2025-01-17T10:59:34.322+0000] {logging_mixin.py:190} INFO - [2025-01-17T10:59:34.321+0000] {dag.py:4180} INFO - Setting next_dagrun for example_subdag_operator.section-2 to None, run_after=None
[2025-01-17T10:59:34.333+0000] {logging_mixin.py:190} INFO - [2025-01-17T10:59:34.332+0000] {dag.py:3239} INFO - Sync 2 DAGs
[2025-01-17T10:59:34.340+0000] {logging_mixin.py:190} INFO - [2025-01-17T10:59:34.340+0000] {dag.py:4180} INFO - Setting next_dagrun for example_subdag_operator.section-1 to None, run_after=None
[2025-01-17T10:59:34.341+0000] {logging_mixin.py:190} INFO - [2025-01-17T10:59:34.341+0000] {dag.py:4180} INFO - Setting next_dagrun for example_subdag_operator.section-2 to None, run_after=None
[2025-01-17T10:59:34.356+0000] {processor.py:208} INFO - Processing /home/airflow/.local/lib/python3.12/site-packages/airflow/example_dags/example_subdag_operator.py took 0.118 seconds
[2025-01-17T11:00:05.240+0000] {processor.py:186} INFO - Started process (PID=1071) to work on /home/airflow/.local/lib/python3.12/site-packages/airflow/example_dags/example_subdag_operator.py
[2025-01-17T11:00:05.241+0000] {processor.py:914} INFO - Processing file /home/airflow/.local/lib/python3.12/site-packages/airflow/example_dags/example_subdag_operator.py for tasks to queue
[2025-01-17T11:00:05.244+0000] {logging_mixin.py:190} INFO - [2025-01-17T11:00:05.244+0000] {dagbag.py:588} INFO - Filling up the DagBag from /home/airflow/.local/lib/python3.12/site-packages/airflow/example_dags/example_subdag_operator.py
[2025-01-17T11:00:05.301+0000] {processor.py:925} INFO - DAG(s) 'example_subdag_operator.section-1', 'example_subdag_operator.section-2', 'example_subdag_operator' retrieved from /home/airflow/.local/lib/python3.12/site-packages/airflow/example_dags/example_subdag_operator.py
[2025-01-17T11:00:05.348+0000] {logging_mixin.py:190} INFO - [2025-01-17T11:00:05.347+0000] {dag.py:3239} INFO - Sync 3 DAGs
[2025-01-17T11:00:05.383+0000] {logging_mixin.py:190} INFO - [2025-01-17T11:00:05.382+0000] {dag.py:4180} INFO - Setting next_dagrun for example_subdag_operator to 2022-01-01 00:00:00+00:00, run_after=2022-01-01 00:00:00+00:00
[2025-01-17T11:00:05.389+0000] {logging_mixin.py:190} INFO - [2025-01-17T11:00:05.388+0000] {dag.py:4180} INFO - Setting next_dagrun for example_subdag_operator.section-1 to None, run_after=None
[2025-01-17T11:00:05.391+0000] {logging_mixin.py:190} INFO - [2025-01-17T11:00:05.391+0000] {dag.py:4180} INFO - Setting next_dagrun for example_subdag_operator.section-2 to None, run_after=None
[2025-01-17T11:00:05.404+0000] {logging_mixin.py:190} INFO - [2025-01-17T11:00:05.403+0000] {dag.py:3239} INFO - Sync 2 DAGs
[2025-01-17T11:00:05.414+0000] {logging_mixin.py:190} INFO - [2025-01-17T11:00:05.414+0000] {dag.py:4180} INFO - Setting next_dagrun for example_subdag_operator.section-1 to None, run_after=None
[2025-01-17T11:00:05.415+0000] {logging_mixin.py:190} INFO - [2025-01-17T11:00:05.415+0000] {dag.py:4180} INFO - Setting next_dagrun for example_subdag_operator.section-2 to None, run_after=None
[2025-01-17T11:00:05.436+0000] {processor.py:208} INFO - Processing /home/airflow/.local/lib/python3.12/site-packages/airflow/example_dags/example_subdag_operator.py took 0.203 seconds
[2025-01-17T11:22:02.956+0000] {processor.py:186} INFO - Started process (PID=101) to work on /home/airflow/.local/lib/python3.12/site-packages/airflow/example_dags/example_subdag_operator.py
[2025-01-17T11:22:02.958+0000] {processor.py:914} INFO - Processing file /home/airflow/.local/lib/python3.12/site-packages/airflow/example_dags/example_subdag_operator.py for tasks to queue
[2025-01-17T11:22:02.973+0000] {logging_mixin.py:190} INFO - [2025-01-17T11:22:02.971+0000] {dagbag.py:588} INFO - Filling up the DagBag from /home/airflow/.local/lib/python3.12/site-packages/airflow/example_dags/example_subdag_operator.py
[2025-01-17T11:22:03.017+0000] {processor.py:925} INFO - DAG(s) 'example_subdag_operator.section-1', 'example_subdag_operator.section-2', 'example_subdag_operator' retrieved from /home/airflow/.local/lib/python3.12/site-packages/airflow/example_dags/example_subdag_operator.py
[2025-01-17T11:22:03.043+0000] {logging_mixin.py:190} INFO - [2025-01-17T11:22:03.043+0000] {dag.py:3239} INFO - Sync 3 DAGs
[2025-01-17T11:22:03.073+0000] {logging_mixin.py:190} INFO - [2025-01-17T11:22:03.073+0000] {dag.py:4180} INFO - Setting next_dagrun for example_subdag_operator to 2022-01-01 00:00:00+00:00, run_after=2022-01-01 00:00:00+00:00
[2025-01-17T11:22:03.078+0000] {logging_mixin.py:190} INFO - [2025-01-17T11:22:03.078+0000] {dag.py:4180} INFO - Setting next_dagrun for example_subdag_operator.section-1 to None, run_after=None
[2025-01-17T11:22:03.081+0000] {logging_mixin.py:190} INFO - [2025-01-17T11:22:03.080+0000] {dag.py:4180} INFO - Setting next_dagrun for example_subdag_operator.section-2 to None, run_after=None
[2025-01-17T11:22:03.090+0000] {logging_mixin.py:190} INFO - [2025-01-17T11:22:03.089+0000] {dag.py:3239} INFO - Sync 2 DAGs
[2025-01-17T11:22:03.097+0000] {logging_mixin.py:190} INFO - [2025-01-17T11:22:03.097+0000] {dag.py:4180} INFO - Setting next_dagrun for example_subdag_operator.section-1 to None, run_after=None
[2025-01-17T11:22:03.098+0000] {logging_mixin.py:190} INFO - [2025-01-17T11:22:03.098+0000] {dag.py:4180} INFO - Setting next_dagrun for example_subdag_operator.section-2 to None, run_after=None
[2025-01-17T11:22:03.114+0000] {processor.py:208} INFO - Processing /home/airflow/.local/lib/python3.12/site-packages/airflow/example_dags/example_subdag_operator.py took 0.163 seconds
[2025-01-17T11:22:33.882+0000] {processor.py:186} INFO - Started process (PID=165) to work on /home/airflow/.local/lib/python3.12/site-packages/airflow/example_dags/example_subdag_operator.py
[2025-01-17T11:22:33.883+0000] {processor.py:914} INFO - Processing file /home/airflow/.local/lib/python3.12/site-packages/airflow/example_dags/example_subdag_operator.py for tasks to queue
[2025-01-17T11:22:33.886+0000] {logging_mixin.py:190} INFO - [2025-01-17T11:22:33.885+0000] {dagbag.py:588} INFO - Filling up the DagBag from /home/airflow/.local/lib/python3.12/site-packages/airflow/example_dags/example_subdag_operator.py
[2025-01-17T11:22:33.913+0000] {processor.py:925} INFO - DAG(s) 'example_subdag_operator.section-1', 'example_subdag_operator.section-2', 'example_subdag_operator' retrieved from /home/airflow/.local/lib/python3.12/site-packages/airflow/example_dags/example_subdag_operator.py
[2025-01-17T11:22:33.929+0000] {logging_mixin.py:190} INFO - [2025-01-17T11:22:33.928+0000] {dag.py:3239} INFO - Sync 3 DAGs
[2025-01-17T11:22:33.953+0000] {logging_mixin.py:190} INFO - [2025-01-17T11:22:33.952+0000] {dag.py:4180} INFO - Setting next_dagrun for example_subdag_operator to 2022-01-01 00:00:00+00:00, run_after=2022-01-01 00:00:00+00:00
[2025-01-17T11:22:33.957+0000] {logging_mixin.py:190} INFO - [2025-01-17T11:22:33.957+0000] {dag.py:4180} INFO - Setting next_dagrun for example_subdag_operator.section-1 to None, run_after=None
[2025-01-17T11:22:33.960+0000] {logging_mixin.py:190} INFO - [2025-01-17T11:22:33.959+0000] {dag.py:4180} INFO - Setting next_dagrun for example_subdag_operator.section-2 to None, run_after=None
[2025-01-17T11:22:33.969+0000] {logging_mixin.py:190} INFO - [2025-01-17T11:22:33.969+0000] {dag.py:3239} INFO - Sync 2 DAGs
[2025-01-17T11:22:33.976+0000] {logging_mixin.py:190} INFO - [2025-01-17T11:22:33.976+0000] {dag.py:4180} INFO - Setting next_dagrun for example_subdag_operator.section-1 to None, run_after=None
[2025-01-17T11:22:33.977+0000] {logging_mixin.py:190} INFO - [2025-01-17T11:22:33.977+0000] {dag.py:4180} INFO - Setting next_dagrun for example_subdag_operator.section-2 to None, run_after=None
[2025-01-17T11:22:33.993+0000] {processor.py:208} INFO - Processing /home/airflow/.local/lib/python3.12/site-packages/airflow/example_dags/example_subdag_operator.py took 0.117 seconds
[2025-01-17T11:23:04.988+0000] {processor.py:186} INFO - Started process (PID=229) to work on /home/airflow/.local/lib/python3.12/site-packages/airflow/example_dags/example_subdag_operator.py
[2025-01-17T11:23:04.989+0000] {processor.py:914} INFO - Processing file /home/airflow/.local/lib/python3.12/site-packages/airflow/example_dags/example_subdag_operator.py for tasks to queue
[2025-01-17T11:23:04.993+0000] {logging_mixin.py:190} INFO - [2025-01-17T11:23:04.992+0000] {dagbag.py:588} INFO - Filling up the DagBag from /home/airflow/.local/lib/python3.12/site-packages/airflow/example_dags/example_subdag_operator.py
[2025-01-17T11:23:05.021+0000] {processor.py:925} INFO - DAG(s) 'example_subdag_operator.section-1', 'example_subdag_operator.section-2', 'example_subdag_operator' retrieved from /home/airflow/.local/lib/python3.12/site-packages/airflow/example_dags/example_subdag_operator.py
[2025-01-17T11:23:05.037+0000] {logging_mixin.py:190} INFO - [2025-01-17T11:23:05.037+0000] {dag.py:3239} INFO - Sync 3 DAGs
[2025-01-17T11:23:05.062+0000] {logging_mixin.py:190} INFO - [2025-01-17T11:23:05.062+0000] {dag.py:4180} INFO - Setting next_dagrun for example_subdag_operator to 2022-01-01 00:00:00+00:00, run_after=2022-01-01 00:00:00+00:00
[2025-01-17T11:23:05.068+0000] {logging_mixin.py:190} INFO - [2025-01-17T11:23:05.067+0000] {dag.py:4180} INFO - Setting next_dagrun for example_subdag_operator.section-1 to None, run_after=None
[2025-01-17T11:23:05.070+0000] {logging_mixin.py:190} INFO - [2025-01-17T11:23:05.070+0000] {dag.py:4180} INFO - Setting next_dagrun for example_subdag_operator.section-2 to None, run_after=None
[2025-01-17T11:23:05.080+0000] {logging_mixin.py:190} INFO - [2025-01-17T11:23:05.079+0000] {dag.py:3239} INFO - Sync 2 DAGs
[2025-01-17T11:23:05.087+0000] {logging_mixin.py:190} INFO - [2025-01-17T11:23:05.087+0000] {dag.py:4180} INFO - Setting next_dagrun for example_subdag_operator.section-1 to None, run_after=None
[2025-01-17T11:23:05.088+0000] {logging_mixin.py:190} INFO - [2025-01-17T11:23:05.088+0000] {dag.py:4180} INFO - Setting next_dagrun for example_subdag_operator.section-2 to None, run_after=None
[2025-01-17T11:23:05.104+0000] {processor.py:208} INFO - Processing /home/airflow/.local/lib/python3.12/site-packages/airflow/example_dags/example_subdag_operator.py took 0.121 seconds
[2025-01-17T11:23:36.832+0000] {processor.py:186} INFO - Started process (PID=293) to work on /home/airflow/.local/lib/python3.12/site-packages/airflow/example_dags/example_subdag_operator.py
[2025-01-17T11:23:36.833+0000] {processor.py:914} INFO - Processing file /home/airflow/.local/lib/python3.12/site-packages/airflow/example_dags/example_subdag_operator.py for tasks to queue
[2025-01-17T11:23:36.836+0000] {logging_mixin.py:190} INFO - [2025-01-17T11:23:36.835+0000] {dagbag.py:588} INFO - Filling up the DagBag from /home/airflow/.local/lib/python3.12/site-packages/airflow/example_dags/example_subdag_operator.py
[2025-01-17T11:23:36.866+0000] {processor.py:925} INFO - DAG(s) 'example_subdag_operator.section-1', 'example_subdag_operator.section-2', 'example_subdag_operator' retrieved from /home/airflow/.local/lib/python3.12/site-packages/airflow/example_dags/example_subdag_operator.py
[2025-01-17T11:23:36.888+0000] {logging_mixin.py:190} INFO - [2025-01-17T11:23:36.888+0000] {dag.py:3239} INFO - Sync 3 DAGs
[2025-01-17T11:23:36.912+0000] {logging_mixin.py:190} INFO - [2025-01-17T11:23:36.912+0000] {dag.py:4180} INFO - Setting next_dagrun for example_subdag_operator to 2022-01-01 00:00:00+00:00, run_after=2022-01-01 00:00:00+00:00
[2025-01-17T11:23:36.917+0000] {logging_mixin.py:190} INFO - [2025-01-17T11:23:36.917+0000] {dag.py:4180} INFO - Setting next_dagrun for example_subdag_operator.section-1 to None, run_after=None
[2025-01-17T11:23:36.920+0000] {logging_mixin.py:190} INFO - [2025-01-17T11:23:36.920+0000] {dag.py:4180} INFO - Setting next_dagrun for example_subdag_operator.section-2 to None, run_after=None
[2025-01-17T11:23:36.928+0000] {logging_mixin.py:190} INFO - [2025-01-17T11:23:36.928+0000] {dag.py:3239} INFO - Sync 2 DAGs
[2025-01-17T11:23:36.936+0000] {logging_mixin.py:190} INFO - [2025-01-17T11:23:36.936+0000] {dag.py:4180} INFO - Setting next_dagrun for example_subdag_operator.section-1 to None, run_after=None
[2025-01-17T11:23:36.937+0000] {logging_mixin.py:190} INFO - [2025-01-17T11:23:36.937+0000] {dag.py:4180} INFO - Setting next_dagrun for example_subdag_operator.section-2 to None, run_after=None
[2025-01-17T11:23:36.953+0000] {processor.py:208} INFO - Processing /home/airflow/.local/lib/python3.12/site-packages/airflow/example_dags/example_subdag_operator.py took 0.126 seconds
[2025-01-17T11:24:08.255+0000] {processor.py:186} INFO - Started process (PID=357) to work on /home/airflow/.local/lib/python3.12/site-packages/airflow/example_dags/example_subdag_operator.py
[2025-01-17T11:24:08.256+0000] {processor.py:914} INFO - Processing file /home/airflow/.local/lib/python3.12/site-packages/airflow/example_dags/example_subdag_operator.py for tasks to queue
[2025-01-17T11:24:08.260+0000] {logging_mixin.py:190} INFO - [2025-01-17T11:24:08.260+0000] {dagbag.py:588} INFO - Filling up the DagBag from /home/airflow/.local/lib/python3.12/site-packages/airflow/example_dags/example_subdag_operator.py
[2025-01-17T11:24:08.289+0000] {processor.py:925} INFO - DAG(s) 'example_subdag_operator.section-1', 'example_subdag_operator.section-2', 'example_subdag_operator' retrieved from /home/airflow/.local/lib/python3.12/site-packages/airflow/example_dags/example_subdag_operator.py
[2025-01-17T11:24:08.304+0000] {logging_mixin.py:190} INFO - [2025-01-17T11:24:08.304+0000] {dag.py:3239} INFO - Sync 3 DAGs
[2025-01-17T11:24:08.329+0000] {logging_mixin.py:190} INFO - [2025-01-17T11:24:08.329+0000] {dag.py:4180} INFO - Setting next_dagrun for example_subdag_operator to 2022-01-01 00:00:00+00:00, run_after=2022-01-01 00:00:00+00:00
[2025-01-17T11:24:08.334+0000] {logging_mixin.py:190} INFO - [2025-01-17T11:24:08.334+0000] {dag.py:4180} INFO - Setting next_dagrun for example_subdag_operator.section-1 to None, run_after=None
[2025-01-17T11:24:08.337+0000] {logging_mixin.py:190} INFO - [2025-01-17T11:24:08.337+0000] {dag.py:4180} INFO - Setting next_dagrun for example_subdag_operator.section-2 to None, run_after=None
[2025-01-17T11:24:08.346+0000] {logging_mixin.py:190} INFO - [2025-01-17T11:24:08.346+0000] {dag.py:3239} INFO - Sync 2 DAGs
[2025-01-17T11:24:08.353+0000] {logging_mixin.py:190} INFO - [2025-01-17T11:24:08.352+0000] {dag.py:4180} INFO - Setting next_dagrun for example_subdag_operator.section-1 to None, run_after=None
[2025-01-17T11:24:08.353+0000] {logging_mixin.py:190} INFO - [2025-01-17T11:24:08.353+0000] {dag.py:4180} INFO - Setting next_dagrun for example_subdag_operator.section-2 to None, run_after=None
[2025-01-17T11:24:08.367+0000] {processor.py:208} INFO - Processing /home/airflow/.local/lib/python3.12/site-packages/airflow/example_dags/example_subdag_operator.py took 0.117 seconds
[2025-01-17T11:24:39.402+0000] {processor.py:186} INFO - Started process (PID=421) to work on /home/airflow/.local/lib/python3.12/site-packages/airflow/example_dags/example_subdag_operator.py
[2025-01-17T11:24:39.403+0000] {processor.py:914} INFO - Processing file /home/airflow/.local/lib/python3.12/site-packages/airflow/example_dags/example_subdag_operator.py for tasks to queue
[2025-01-17T11:24:39.406+0000] {logging_mixin.py:190} INFO - [2025-01-17T11:24:39.405+0000] {dagbag.py:588} INFO - Filling up the DagBag from /home/airflow/.local/lib/python3.12/site-packages/airflow/example_dags/example_subdag_operator.py
[2025-01-17T11:24:39.436+0000] {processor.py:925} INFO - DAG(s) 'example_subdag_operator.section-1', 'example_subdag_operator.section-2', 'example_subdag_operator' retrieved from /home/airflow/.local/lib/python3.12/site-packages/airflow/example_dags/example_subdag_operator.py
[2025-01-17T11:24:39.453+0000] {logging_mixin.py:190} INFO - [2025-01-17T11:24:39.453+0000] {dag.py:3239} INFO - Sync 3 DAGs
[2025-01-17T11:24:39.480+0000] {logging_mixin.py:190} INFO - [2025-01-17T11:24:39.479+0000] {dag.py:4180} INFO - Setting next_dagrun for example_subdag_operator to 2022-01-01 00:00:00+00:00, run_after=2022-01-01 00:00:00+00:00
[2025-01-17T11:24:39.484+0000] {logging_mixin.py:190} INFO - [2025-01-17T11:24:39.484+0000] {dag.py:4180} INFO - Setting next_dagrun for example_subdag_operator.section-1 to None, run_after=None
[2025-01-17T11:24:39.487+0000] {logging_mixin.py:190} INFO - [2025-01-17T11:24:39.487+0000] {dag.py:4180} INFO - Setting next_dagrun for example_subdag_operator.section-2 to None, run_after=None
[2025-01-17T11:24:39.496+0000] {logging_mixin.py:190} INFO - [2025-01-17T11:24:39.495+0000] {dag.py:3239} INFO - Sync 2 DAGs
[2025-01-17T11:24:39.504+0000] {logging_mixin.py:190} INFO - [2025-01-17T11:24:39.503+0000] {dag.py:4180} INFO - Setting next_dagrun for example_subdag_operator.section-1 to None, run_after=None
[2025-01-17T11:24:39.505+0000] {logging_mixin.py:190} INFO - [2025-01-17T11:24:39.505+0000] {dag.py:4180} INFO - Setting next_dagrun for example_subdag_operator.section-2 to None, run_after=None
[2025-01-17T11:24:39.519+0000] {processor.py:208} INFO - Processing /home/airflow/.local/lib/python3.12/site-packages/airflow/example_dags/example_subdag_operator.py took 0.122 seconds
[2025-01-17T11:25:10.742+0000] {processor.py:186} INFO - Started process (PID=485) to work on /home/airflow/.local/lib/python3.12/site-packages/airflow/example_dags/example_subdag_operator.py
[2025-01-17T11:25:10.743+0000] {processor.py:914} INFO - Processing file /home/airflow/.local/lib/python3.12/site-packages/airflow/example_dags/example_subdag_operator.py for tasks to queue
[2025-01-17T11:25:10.746+0000] {logging_mixin.py:190} INFO - [2025-01-17T11:25:10.745+0000] {dagbag.py:588} INFO - Filling up the DagBag from /home/airflow/.local/lib/python3.12/site-packages/airflow/example_dags/example_subdag_operator.py
[2025-01-17T11:25:10.775+0000] {processor.py:925} INFO - DAG(s) 'example_subdag_operator.section-1', 'example_subdag_operator.section-2', 'example_subdag_operator' retrieved from /home/airflow/.local/lib/python3.12/site-packages/airflow/example_dags/example_subdag_operator.py
[2025-01-17T11:25:10.793+0000] {logging_mixin.py:190} INFO - [2025-01-17T11:25:10.793+0000] {dag.py:3239} INFO - Sync 3 DAGs
[2025-01-17T11:25:10.820+0000] {logging_mixin.py:190} INFO - [2025-01-17T11:25:10.820+0000] {dag.py:4180} INFO - Setting next_dagrun for example_subdag_operator to 2022-01-01 00:00:00+00:00, run_after=2022-01-01 00:00:00+00:00
[2025-01-17T11:25:10.826+0000] {logging_mixin.py:190} INFO - [2025-01-17T11:25:10.825+0000] {dag.py:4180} INFO - Setting next_dagrun for example_subdag_operator.section-1 to None, run_after=None
[2025-01-17T11:25:10.828+0000] {logging_mixin.py:190} INFO - [2025-01-17T11:25:10.828+0000] {dag.py:4180} INFO - Setting next_dagrun for example_subdag_operator.section-2 to None, run_after=None
[2025-01-17T11:25:10.837+0000] {logging_mixin.py:190} INFO - [2025-01-17T11:25:10.837+0000] {dag.py:3239} INFO - Sync 2 DAGs
[2025-01-17T11:25:10.846+0000] {logging_mixin.py:190} INFO - [2025-01-17T11:25:10.846+0000] {dag.py:4180} INFO - Setting next_dagrun for example_subdag_operator.section-1 to None, run_after=None
[2025-01-17T11:25:10.848+0000] {logging_mixin.py:190} INFO - [2025-01-17T11:25:10.847+0000] {dag.py:4180} INFO - Setting next_dagrun for example_subdag_operator.section-2 to None, run_after=None
[2025-01-17T11:25:10.863+0000] {processor.py:208} INFO - Processing /home/airflow/.local/lib/python3.12/site-packages/airflow/example_dags/example_subdag_operator.py took 0.127 seconds
[2025-01-17T11:25:42.441+0000] {processor.py:186} INFO - Started process (PID=550) to work on /home/airflow/.local/lib/python3.12/site-packages/airflow/example_dags/example_subdag_operator.py
[2025-01-17T11:25:42.442+0000] {processor.py:914} INFO - Processing file /home/airflow/.local/lib/python3.12/site-packages/airflow/example_dags/example_subdag_operator.py for tasks to queue
[2025-01-17T11:25:42.445+0000] {logging_mixin.py:190} INFO - [2025-01-17T11:25:42.444+0000] {dagbag.py:588} INFO - Filling up the DagBag from /home/airflow/.local/lib/python3.12/site-packages/airflow/example_dags/example_subdag_operator.py
[2025-01-17T11:25:42.473+0000] {processor.py:925} INFO - DAG(s) 'example_subdag_operator.section-1', 'example_subdag_operator.section-2', 'example_subdag_operator' retrieved from /home/airflow/.local/lib/python3.12/site-packages/airflow/example_dags/example_subdag_operator.py
[2025-01-17T11:25:42.489+0000] {logging_mixin.py:190} INFO - [2025-01-17T11:25:42.489+0000] {dag.py:3239} INFO - Sync 3 DAGs
[2025-01-17T11:25:42.513+0000] {logging_mixin.py:190} INFO - [2025-01-17T11:25:42.513+0000] {dag.py:4180} INFO - Setting next_dagrun for example_subdag_operator to 2022-01-01 00:00:00+00:00, run_after=2022-01-01 00:00:00+00:00
[2025-01-17T11:25:42.518+0000] {logging_mixin.py:190} INFO - [2025-01-17T11:25:42.517+0000] {dag.py:4180} INFO - Setting next_dagrun for example_subdag_operator.section-1 to None, run_after=None
[2025-01-17T11:25:42.520+0000] {logging_mixin.py:190} INFO - [2025-01-17T11:25:42.520+0000] {dag.py:4180} INFO - Setting next_dagrun for example_subdag_operator.section-2 to None, run_after=None
[2025-01-17T11:25:42.529+0000] {logging_mixin.py:190} INFO - [2025-01-17T11:25:42.529+0000] {dag.py:3239} INFO - Sync 2 DAGs
[2025-01-17T11:25:42.537+0000] {logging_mixin.py:190} INFO - [2025-01-17T11:25:42.537+0000] {dag.py:4180} INFO - Setting next_dagrun for example_subdag_operator.section-1 to None, run_after=None
[2025-01-17T11:25:42.539+0000] {logging_mixin.py:190} INFO - [2025-01-17T11:25:42.538+0000] {dag.py:4180} INFO - Setting next_dagrun for example_subdag_operator.section-2 to None, run_after=None
[2025-01-17T11:25:42.554+0000] {processor.py:208} INFO - Processing /home/airflow/.local/lib/python3.12/site-packages/airflow/example_dags/example_subdag_operator.py took 0.119 seconds
[2025-01-17T11:26:12.931+0000] {processor.py:186} INFO - Started process (PID=614) to work on /home/airflow/.local/lib/python3.12/site-packages/airflow/example_dags/example_subdag_operator.py
[2025-01-17T11:26:12.933+0000] {processor.py:914} INFO - Processing file /home/airflow/.local/lib/python3.12/site-packages/airflow/example_dags/example_subdag_operator.py for tasks to queue
[2025-01-17T11:26:12.936+0000] {logging_mixin.py:190} INFO - [2025-01-17T11:26:12.935+0000] {dagbag.py:588} INFO - Filling up the DagBag from /home/airflow/.local/lib/python3.12/site-packages/airflow/example_dags/example_subdag_operator.py
[2025-01-17T11:26:12.964+0000] {processor.py:925} INFO - DAG(s) 'example_subdag_operator.section-1', 'example_subdag_operator.section-2', 'example_subdag_operator' retrieved from /home/airflow/.local/lib/python3.12/site-packages/airflow/example_dags/example_subdag_operator.py
[2025-01-17T11:26:12.980+0000] {logging_mixin.py:190} INFO - [2025-01-17T11:26:12.979+0000] {dag.py:3239} INFO - Sync 3 DAGs
[2025-01-17T11:26:13.007+0000] {logging_mixin.py:190} INFO - [2025-01-17T11:26:13.007+0000] {dag.py:4180} INFO - Setting next_dagrun for example_subdag_operator to 2022-01-01 00:00:00+00:00, run_after=2022-01-01 00:00:00+00:00
[2025-01-17T11:26:13.012+0000] {logging_mixin.py:190} INFO - [2025-01-17T11:26:13.012+0000] {dag.py:4180} INFO - Setting next_dagrun for example_subdag_operator.section-1 to None, run_after=None
[2025-01-17T11:26:13.015+0000] {logging_mixin.py:190} INFO - [2025-01-17T11:26:13.015+0000] {dag.py:4180} INFO - Setting next_dagrun for example_subdag_operator.section-2 to None, run_after=None
[2025-01-17T11:26:13.026+0000] {logging_mixin.py:190} INFO - [2025-01-17T11:26:13.025+0000] {dag.py:3239} INFO - Sync 2 DAGs
[2025-01-17T11:26:13.033+0000] {logging_mixin.py:190} INFO - [2025-01-17T11:26:13.033+0000] {dag.py:4180} INFO - Setting next_dagrun for example_subdag_operator.section-1 to None, run_after=None
[2025-01-17T11:26:13.034+0000] {logging_mixin.py:190} INFO - [2025-01-17T11:26:13.034+0000] {dag.py:4180} INFO - Setting next_dagrun for example_subdag_operator.section-2 to None, run_after=None
[2025-01-17T11:26:13.050+0000] {processor.py:208} INFO - Processing /home/airflow/.local/lib/python3.12/site-packages/airflow/example_dags/example_subdag_operator.py took 0.124 seconds
[2025-01-17T11:26:44.368+0000] {processor.py:186} INFO - Started process (PID=678) to work on /home/airflow/.local/lib/python3.12/site-packages/airflow/example_dags/example_subdag_operator.py
[2025-01-17T11:26:44.370+0000] {processor.py:914} INFO - Processing file /home/airflow/.local/lib/python3.12/site-packages/airflow/example_dags/example_subdag_operator.py for tasks to queue
[2025-01-17T11:26:44.374+0000] {logging_mixin.py:190} INFO - [2025-01-17T11:26:44.373+0000] {dagbag.py:588} INFO - Filling up the DagBag from /home/airflow/.local/lib/python3.12/site-packages/airflow/example_dags/example_subdag_operator.py
[2025-01-17T11:26:44.402+0000] {processor.py:925} INFO - DAG(s) 'example_subdag_operator.section-1', 'example_subdag_operator.section-2', 'example_subdag_operator' retrieved from /home/airflow/.local/lib/python3.12/site-packages/airflow/example_dags/example_subdag_operator.py
[2025-01-17T11:26:44.418+0000] {logging_mixin.py:190} INFO - [2025-01-17T11:26:44.417+0000] {dag.py:3239} INFO - Sync 3 DAGs
[2025-01-17T11:26:44.442+0000] {logging_mixin.py:190} INFO - [2025-01-17T11:26:44.441+0000] {dag.py:4180} INFO - Setting next_dagrun for example_subdag_operator to 2022-01-01 00:00:00+00:00, run_after=2022-01-01 00:00:00+00:00
[2025-01-17T11:26:44.446+0000] {logging_mixin.py:190} INFO - [2025-01-17T11:26:44.446+0000] {dag.py:4180} INFO - Setting next_dagrun for example_subdag_operator.section-1 to None, run_after=None
[2025-01-17T11:26:44.449+0000] {logging_mixin.py:190} INFO - [2025-01-17T11:26:44.449+0000] {dag.py:4180} INFO - Setting next_dagrun for example_subdag_operator.section-2 to None, run_after=None
[2025-01-17T11:26:44.459+0000] {logging_mixin.py:190} INFO - [2025-01-17T11:26:44.459+0000] {dag.py:3239} INFO - Sync 2 DAGs
[2025-01-17T11:26:44.466+0000] {logging_mixin.py:190} INFO - [2025-01-17T11:26:44.466+0000] {dag.py:4180} INFO - Setting next_dagrun for example_subdag_operator.section-1 to None, run_after=None
[2025-01-17T11:26:44.467+0000] {logging_mixin.py:190} INFO - [2025-01-17T11:26:44.467+0000] {dag.py:4180} INFO - Setting next_dagrun for example_subdag_operator.section-2 to None, run_after=None
[2025-01-17T11:26:44.482+0000] {processor.py:208} INFO - Processing /home/airflow/.local/lib/python3.12/site-packages/airflow/example_dags/example_subdag_operator.py took 0.118 seconds
[2025-01-17T11:27:15.813+0000] {processor.py:186} INFO - Started process (PID=742) to work on /home/airflow/.local/lib/python3.12/site-packages/airflow/example_dags/example_subdag_operator.py
[2025-01-17T11:27:15.815+0000] {processor.py:914} INFO - Processing file /home/airflow/.local/lib/python3.12/site-packages/airflow/example_dags/example_subdag_operator.py for tasks to queue
[2025-01-17T11:27:15.817+0000] {logging_mixin.py:190} INFO - [2025-01-17T11:27:15.817+0000] {dagbag.py:588} INFO - Filling up the DagBag from /home/airflow/.local/lib/python3.12/site-packages/airflow/example_dags/example_subdag_operator.py
[2025-01-17T11:27:15.845+0000] {processor.py:925} INFO - DAG(s) 'example_subdag_operator.section-1', 'example_subdag_operator.section-2', 'example_subdag_operator' retrieved from /home/airflow/.local/lib/python3.12/site-packages/airflow/example_dags/example_subdag_operator.py
[2025-01-17T11:27:15.862+0000] {logging_mixin.py:190} INFO - [2025-01-17T11:27:15.862+0000] {dag.py:3239} INFO - Sync 3 DAGs
[2025-01-17T11:27:15.889+0000] {logging_mixin.py:190} INFO - [2025-01-17T11:27:15.888+0000] {dag.py:4180} INFO - Setting next_dagrun for example_subdag_operator to 2022-01-01 00:00:00+00:00, run_after=2022-01-01 00:00:00+00:00
[2025-01-17T11:27:15.894+0000] {logging_mixin.py:190} INFO - [2025-01-17T11:27:15.894+0000] {dag.py:4180} INFO - Setting next_dagrun for example_subdag_operator.section-1 to None, run_after=None
[2025-01-17T11:27:15.896+0000] {logging_mixin.py:190} INFO - [2025-01-17T11:27:15.896+0000] {dag.py:4180} INFO - Setting next_dagrun for example_subdag_operator.section-2 to None, run_after=None
[2025-01-17T11:27:15.905+0000] {logging_mixin.py:190} INFO - [2025-01-17T11:27:15.905+0000] {dag.py:3239} INFO - Sync 2 DAGs
[2025-01-17T11:27:15.914+0000] {logging_mixin.py:190} INFO - [2025-01-17T11:27:15.914+0000] {dag.py:4180} INFO - Setting next_dagrun for example_subdag_operator.section-1 to None, run_after=None
[2025-01-17T11:27:15.915+0000] {logging_mixin.py:190} INFO - [2025-01-17T11:27:15.915+0000] {dag.py:4180} INFO - Setting next_dagrun for example_subdag_operator.section-2 to None, run_after=None
[2025-01-17T11:27:15.931+0000] {processor.py:208} INFO - Processing /home/airflow/.local/lib/python3.12/site-packages/airflow/example_dags/example_subdag_operator.py took 0.123 seconds
[2025-01-17T11:27:47.722+0000] {processor.py:186} INFO - Started process (PID=806) to work on /home/airflow/.local/lib/python3.12/site-packages/airflow/example_dags/example_subdag_operator.py
[2025-01-17T11:27:47.723+0000] {processor.py:914} INFO - Processing file /home/airflow/.local/lib/python3.12/site-packages/airflow/example_dags/example_subdag_operator.py for tasks to queue
[2025-01-17T11:27:47.726+0000] {logging_mixin.py:190} INFO - [2025-01-17T11:27:47.726+0000] {dagbag.py:588} INFO - Filling up the DagBag from /home/airflow/.local/lib/python3.12/site-packages/airflow/example_dags/example_subdag_operator.py
[2025-01-17T11:27:47.756+0000] {processor.py:925} INFO - DAG(s) 'example_subdag_operator.section-1', 'example_subdag_operator.section-2', 'example_subdag_operator' retrieved from /home/airflow/.local/lib/python3.12/site-packages/airflow/example_dags/example_subdag_operator.py
[2025-01-17T11:27:47.773+0000] {logging_mixin.py:190} INFO - [2025-01-17T11:27:47.772+0000] {dag.py:3239} INFO - Sync 3 DAGs
[2025-01-17T11:27:47.798+0000] {logging_mixin.py:190} INFO - [2025-01-17T11:27:47.798+0000] {dag.py:4180} INFO - Setting next_dagrun for example_subdag_operator to 2022-01-01 00:00:00+00:00, run_after=2022-01-01 00:00:00+00:00
[2025-01-17T11:27:47.803+0000] {logging_mixin.py:190} INFO - [2025-01-17T11:27:47.802+0000] {dag.py:4180} INFO - Setting next_dagrun for example_subdag_operator.section-1 to None, run_after=None
[2025-01-17T11:27:47.805+0000] {logging_mixin.py:190} INFO - [2025-01-17T11:27:47.805+0000] {dag.py:4180} INFO - Setting next_dagrun for example_subdag_operator.section-2 to None, run_after=None
[2025-01-17T11:27:47.814+0000] {logging_mixin.py:190} INFO - [2025-01-17T11:27:47.814+0000] {dag.py:3239} INFO - Sync 2 DAGs
[2025-01-17T11:27:47.823+0000] {logging_mixin.py:190} INFO - [2025-01-17T11:27:47.823+0000] {dag.py:4180} INFO - Setting next_dagrun for example_subdag_operator.section-1 to None, run_after=None
[2025-01-17T11:27:47.824+0000] {logging_mixin.py:190} INFO - [2025-01-17T11:27:47.824+0000] {dag.py:4180} INFO - Setting next_dagrun for example_subdag_operator.section-2 to None, run_after=None
[2025-01-17T11:27:47.840+0000] {processor.py:208} INFO - Processing /home/airflow/.local/lib/python3.12/site-packages/airflow/example_dags/example_subdag_operator.py took 0.123 seconds
[2025-01-17T11:28:18.189+0000] {processor.py:186} INFO - Started process (PID=870) to work on /home/airflow/.local/lib/python3.12/site-packages/airflow/example_dags/example_subdag_operator.py
[2025-01-17T11:28:18.191+0000] {processor.py:914} INFO - Processing file /home/airflow/.local/lib/python3.12/site-packages/airflow/example_dags/example_subdag_operator.py for tasks to queue
[2025-01-17T11:28:18.194+0000] {logging_mixin.py:190} INFO - [2025-01-17T11:28:18.193+0000] {dagbag.py:588} INFO - Filling up the DagBag from /home/airflow/.local/lib/python3.12/site-packages/airflow/example_dags/example_subdag_operator.py
[2025-01-17T11:28:18.227+0000] {processor.py:925} INFO - DAG(s) 'example_subdag_operator.section-1', 'example_subdag_operator.section-2', 'example_subdag_operator' retrieved from /home/airflow/.local/lib/python3.12/site-packages/airflow/example_dags/example_subdag_operator.py
[2025-01-17T11:28:18.261+0000] {logging_mixin.py:190} INFO - [2025-01-17T11:28:18.260+0000] {dag.py:3239} INFO - Sync 3 DAGs
[2025-01-17T11:28:18.287+0000] {logging_mixin.py:190} INFO - [2025-01-17T11:28:18.287+0000] {dag.py:4180} INFO - Setting next_dagrun for example_subdag_operator to 2022-01-01 00:00:00+00:00, run_after=2022-01-01 00:00:00+00:00
[2025-01-17T11:28:18.292+0000] {logging_mixin.py:190} INFO - [2025-01-17T11:28:18.292+0000] {dag.py:4180} INFO - Setting next_dagrun for example_subdag_operator.section-1 to None, run_after=None
[2025-01-17T11:28:18.295+0000] {logging_mixin.py:190} INFO - [2025-01-17T11:28:18.294+0000] {dag.py:4180} INFO - Setting next_dagrun for example_subdag_operator.section-2 to None, run_after=None
[2025-01-17T11:28:18.304+0000] {logging_mixin.py:190} INFO - [2025-01-17T11:28:18.304+0000] {dag.py:3239} INFO - Sync 2 DAGs
[2025-01-17T11:28:18.312+0000] {logging_mixin.py:190} INFO - [2025-01-17T11:28:18.312+0000] {dag.py:4180} INFO - Setting next_dagrun for example_subdag_operator.section-1 to None, run_after=None
[2025-01-17T11:28:18.314+0000] {logging_mixin.py:190} INFO - [2025-01-17T11:28:18.313+0000] {dag.py:4180} INFO - Setting next_dagrun for example_subdag_operator.section-2 to None, run_after=None
[2025-01-17T11:28:18.331+0000] {processor.py:208} INFO - Processing /home/airflow/.local/lib/python3.12/site-packages/airflow/example_dags/example_subdag_operator.py took 0.148 seconds
[2025-01-17T11:28:49.086+0000] {processor.py:186} INFO - Started process (PID=935) to work on /home/airflow/.local/lib/python3.12/site-packages/airflow/example_dags/example_subdag_operator.py
[2025-01-17T11:28:49.087+0000] {processor.py:914} INFO - Processing file /home/airflow/.local/lib/python3.12/site-packages/airflow/example_dags/example_subdag_operator.py for tasks to queue
[2025-01-17T11:28:49.090+0000] {logging_mixin.py:190} INFO - [2025-01-17T11:28:49.090+0000] {dagbag.py:588} INFO - Filling up the DagBag from /home/airflow/.local/lib/python3.12/site-packages/airflow/example_dags/example_subdag_operator.py
[2025-01-17T11:28:49.120+0000] {processor.py:925} INFO - DAG(s) 'example_subdag_operator.section-1', 'example_subdag_operator.section-2', 'example_subdag_operator' retrieved from /home/airflow/.local/lib/python3.12/site-packages/airflow/example_dags/example_subdag_operator.py
[2025-01-17T11:28:49.137+0000] {logging_mixin.py:190} INFO - [2025-01-17T11:28:49.137+0000] {dag.py:3239} INFO - Sync 3 DAGs
[2025-01-17T11:28:49.164+0000] {logging_mixin.py:190} INFO - [2025-01-17T11:28:49.164+0000] {dag.py:4180} INFO - Setting next_dagrun for example_subdag_operator to 2022-01-01 00:00:00+00:00, run_after=2022-01-01 00:00:00+00:00
[2025-01-17T11:28:49.170+0000] {logging_mixin.py:190} INFO - [2025-01-17T11:28:49.169+0000] {dag.py:4180} INFO - Setting next_dagrun for example_subdag_operator.section-1 to None, run_after=None
[2025-01-17T11:28:49.172+0000] {logging_mixin.py:190} INFO - [2025-01-17T11:28:49.172+0000] {dag.py:4180} INFO - Setting next_dagrun for example_subdag_operator.section-2 to None, run_after=None
[2025-01-17T11:28:49.183+0000] {logging_mixin.py:190} INFO - [2025-01-17T11:28:49.183+0000] {dag.py:3239} INFO - Sync 2 DAGs
[2025-01-17T11:28:49.191+0000] {logging_mixin.py:190} INFO - [2025-01-17T11:28:49.190+0000] {dag.py:4180} INFO - Setting next_dagrun for example_subdag_operator.section-1 to None, run_after=None
[2025-01-17T11:28:49.192+0000] {logging_mixin.py:190} INFO - [2025-01-17T11:28:49.192+0000] {dag.py:4180} INFO - Setting next_dagrun for example_subdag_operator.section-2 to None, run_after=None
[2025-01-17T11:28:49.209+0000] {processor.py:208} INFO - Processing /home/airflow/.local/lib/python3.12/site-packages/airflow/example_dags/example_subdag_operator.py took 0.130 seconds
[2025-01-17T11:29:20.385+0000] {processor.py:186} INFO - Started process (PID=999) to work on /home/airflow/.local/lib/python3.12/site-packages/airflow/example_dags/example_subdag_operator.py
[2025-01-17T11:29:20.386+0000] {processor.py:914} INFO - Processing file /home/airflow/.local/lib/python3.12/site-packages/airflow/example_dags/example_subdag_operator.py for tasks to queue
[2025-01-17T11:29:20.390+0000] {logging_mixin.py:190} INFO - [2025-01-17T11:29:20.389+0000] {dagbag.py:588} INFO - Filling up the DagBag from /home/airflow/.local/lib/python3.12/site-packages/airflow/example_dags/example_subdag_operator.py
[2025-01-17T11:29:20.419+0000] {processor.py:925} INFO - DAG(s) 'example_subdag_operator.section-1', 'example_subdag_operator.section-2', 'example_subdag_operator' retrieved from /home/airflow/.local/lib/python3.12/site-packages/airflow/example_dags/example_subdag_operator.py
[2025-01-17T11:29:20.436+0000] {logging_mixin.py:190} INFO - [2025-01-17T11:29:20.436+0000] {dag.py:3239} INFO - Sync 3 DAGs
[2025-01-17T11:29:20.461+0000] {logging_mixin.py:190} INFO - [2025-01-17T11:29:20.461+0000] {dag.py:4180} INFO - Setting next_dagrun for example_subdag_operator to 2022-01-01 00:00:00+00:00, run_after=2022-01-01 00:00:00+00:00
[2025-01-17T11:29:20.466+0000] {logging_mixin.py:190} INFO - [2025-01-17T11:29:20.466+0000] {dag.py:4180} INFO - Setting next_dagrun for example_subdag_operator.section-1 to None, run_after=None
[2025-01-17T11:29:20.468+0000] {logging_mixin.py:190} INFO - [2025-01-17T11:29:20.468+0000] {dag.py:4180} INFO - Setting next_dagrun for example_subdag_operator.section-2 to None, run_after=None
[2025-01-17T11:29:20.478+0000] {logging_mixin.py:190} INFO - [2025-01-17T11:29:20.478+0000] {dag.py:3239} INFO - Sync 2 DAGs
[2025-01-17T11:29:20.487+0000] {logging_mixin.py:190} INFO - [2025-01-17T11:29:20.486+0000] {dag.py:4180} INFO - Setting next_dagrun for example_subdag_operator.section-1 to None, run_after=None
[2025-01-17T11:29:20.488+0000] {logging_mixin.py:190} INFO - [2025-01-17T11:29:20.488+0000] {dag.py:4180} INFO - Setting next_dagrun for example_subdag_operator.section-2 to None, run_after=None
[2025-01-17T11:29:20.505+0000] {processor.py:208} INFO - Processing /home/airflow/.local/lib/python3.12/site-packages/airflow/example_dags/example_subdag_operator.py took 0.125 seconds
