[2025-01-17T10:32:02.324+0000] {processor.py:186} INFO - Started process (PID=106) to work on /home/airflow/.local/lib/python3.12/site-packages/airflow/example_dags/example_skip_dag.py
[2025-01-17T10:32:02.325+0000] {processor.py:914} INFO - Processing file /home/airflow/.local/lib/python3.12/site-packages/airflow/example_dags/example_skip_dag.py for tasks to queue
[2025-01-17T10:32:02.329+0000] {logging_mixin.py:190} INFO - [2025-01-17T10:32:02.328+0000] {dagbag.py:588} INFO - Filling up the DagBag from /home/airflow/.local/lib/python3.12/site-packages/airflow/example_dags/example_skip_dag.py
[2025-01-17T10:32:02.338+0000] {processor.py:925} INFO - DAG(s) 'example_skip_dag' retrieved from /home/airflow/.local/lib/python3.12/site-packages/airflow/example_dags/example_skip_dag.py
[2025-01-17T10:32:02.368+0000] {logging_mixin.py:190} INFO - [2025-01-17T10:32:02.367+0000] {dag.py:3239} INFO - Sync 1 DAGs
[2025-01-17T10:32:02.398+0000] {logging_mixin.py:190} INFO - [2025-01-17T10:32:02.398+0000] {dag.py:4180} INFO - Setting next_dagrun for example_skip_dag to 2025-01-16 00:00:00+00:00, run_after=2025-01-17 00:00:00+00:00
[2025-01-17T10:32:02.433+0000] {processor.py:208} INFO - Processing /home/airflow/.local/lib/python3.12/site-packages/airflow/example_dags/example_skip_dag.py took 0.116 seconds
[2025-01-17T10:32:34.389+0000] {processor.py:186} INFO - Started process (PID=170) to work on /home/airflow/.local/lib/python3.12/site-packages/airflow/example_dags/example_skip_dag.py
[2025-01-17T10:32:34.391+0000] {processor.py:914} INFO - Processing file /home/airflow/.local/lib/python3.12/site-packages/airflow/example_dags/example_skip_dag.py for tasks to queue
[2025-01-17T10:32:34.395+0000] {logging_mixin.py:190} INFO - [2025-01-17T10:32:34.394+0000] {dagbag.py:588} INFO - Filling up the DagBag from /home/airflow/.local/lib/python3.12/site-packages/airflow/example_dags/example_skip_dag.py
[2025-01-17T10:32:34.408+0000] {processor.py:925} INFO - DAG(s) 'example_skip_dag' retrieved from /home/airflow/.local/lib/python3.12/site-packages/airflow/example_dags/example_skip_dag.py
[2025-01-17T10:32:34.442+0000] {logging_mixin.py:190} INFO - [2025-01-17T10:32:34.442+0000] {dag.py:3239} INFO - Sync 1 DAGs
[2025-01-17T10:32:34.479+0000] {logging_mixin.py:190} INFO - [2025-01-17T10:32:34.479+0000] {dag.py:4180} INFO - Setting next_dagrun for example_skip_dag to 2025-01-16 00:00:00+00:00, run_after=2025-01-17 00:00:00+00:00
[2025-01-17T10:32:34.512+0000] {processor.py:208} INFO - Processing /home/airflow/.local/lib/python3.12/site-packages/airflow/example_dags/example_skip_dag.py took 0.131 seconds
[2025-01-17T10:33:05.241+0000] {processor.py:186} INFO - Started process (PID=234) to work on /home/airflow/.local/lib/python3.12/site-packages/airflow/example_dags/example_skip_dag.py
[2025-01-17T10:33:05.243+0000] {processor.py:914} INFO - Processing file /home/airflow/.local/lib/python3.12/site-packages/airflow/example_dags/example_skip_dag.py for tasks to queue
[2025-01-17T10:33:05.246+0000] {logging_mixin.py:190} INFO - [2025-01-17T10:33:05.245+0000] {dagbag.py:588} INFO - Filling up the DagBag from /home/airflow/.local/lib/python3.12/site-packages/airflow/example_dags/example_skip_dag.py
[2025-01-17T10:33:05.255+0000] {processor.py:925} INFO - DAG(s) 'example_skip_dag' retrieved from /home/airflow/.local/lib/python3.12/site-packages/airflow/example_dags/example_skip_dag.py
[2025-01-17T10:33:05.280+0000] {logging_mixin.py:190} INFO - [2025-01-17T10:33:05.279+0000] {dag.py:3239} INFO - Sync 1 DAGs
[2025-01-17T10:33:05.310+0000] {logging_mixin.py:190} INFO - [2025-01-17T10:33:05.309+0000] {dag.py:4180} INFO - Setting next_dagrun for example_skip_dag to 2025-01-16 00:00:00+00:00, run_after=2025-01-17 00:00:00+00:00
[2025-01-17T10:33:05.338+0000] {processor.py:208} INFO - Processing /home/airflow/.local/lib/python3.12/site-packages/airflow/example_dags/example_skip_dag.py took 0.102 seconds
[2025-01-17T10:33:37.249+0000] {processor.py:186} INFO - Started process (PID=298) to work on /home/airflow/.local/lib/python3.12/site-packages/airflow/example_dags/example_skip_dag.py
[2025-01-17T10:33:37.250+0000] {processor.py:914} INFO - Processing file /home/airflow/.local/lib/python3.12/site-packages/airflow/example_dags/example_skip_dag.py for tasks to queue
[2025-01-17T10:33:37.255+0000] {logging_mixin.py:190} INFO - [2025-01-17T10:33:37.254+0000] {dagbag.py:588} INFO - Filling up the DagBag from /home/airflow/.local/lib/python3.12/site-packages/airflow/example_dags/example_skip_dag.py
[2025-01-17T10:33:37.270+0000] {processor.py:925} INFO - DAG(s) 'example_skip_dag' retrieved from /home/airflow/.local/lib/python3.12/site-packages/airflow/example_dags/example_skip_dag.py
[2025-01-17T10:33:37.301+0000] {logging_mixin.py:190} INFO - [2025-01-17T10:33:37.300+0000] {dag.py:3239} INFO - Sync 1 DAGs
[2025-01-17T10:33:37.341+0000] {logging_mixin.py:190} INFO - [2025-01-17T10:33:37.341+0000] {dag.py:4180} INFO - Setting next_dagrun for example_skip_dag to 2025-01-16 00:00:00+00:00, run_after=2025-01-17 00:00:00+00:00
[2025-01-17T10:33:37.376+0000] {processor.py:208} INFO - Processing /home/airflow/.local/lib/python3.12/site-packages/airflow/example_dags/example_skip_dag.py took 0.136 seconds
[2025-01-17T10:34:08.682+0000] {processor.py:186} INFO - Started process (PID=362) to work on /home/airflow/.local/lib/python3.12/site-packages/airflow/example_dags/example_skip_dag.py
[2025-01-17T10:34:08.684+0000] {processor.py:914} INFO - Processing file /home/airflow/.local/lib/python3.12/site-packages/airflow/example_dags/example_skip_dag.py for tasks to queue
[2025-01-17T10:34:08.689+0000] {logging_mixin.py:190} INFO - [2025-01-17T10:34:08.688+0000] {dagbag.py:588} INFO - Filling up the DagBag from /home/airflow/.local/lib/python3.12/site-packages/airflow/example_dags/example_skip_dag.py
[2025-01-17T10:34:08.703+0000] {processor.py:925} INFO - DAG(s) 'example_skip_dag' retrieved from /home/airflow/.local/lib/python3.12/site-packages/airflow/example_dags/example_skip_dag.py
[2025-01-17T10:34:08.741+0000] {logging_mixin.py:190} INFO - [2025-01-17T10:34:08.741+0000] {dag.py:3239} INFO - Sync 1 DAGs
[2025-01-17T10:34:08.787+0000] {logging_mixin.py:190} INFO - [2025-01-17T10:34:08.786+0000] {dag.py:4180} INFO - Setting next_dagrun for example_skip_dag to 2025-01-16 00:00:00+00:00, run_after=2025-01-17 00:00:00+00:00
[2025-01-17T10:34:08.829+0000] {processor.py:208} INFO - Processing /home/airflow/.local/lib/python3.12/site-packages/airflow/example_dags/example_skip_dag.py took 0.156 seconds
[2025-01-17T10:34:40.526+0000] {processor.py:186} INFO - Started process (PID=425) to work on /home/airflow/.local/lib/python3.12/site-packages/airflow/example_dags/example_skip_dag.py
[2025-01-17T10:34:40.527+0000] {processor.py:914} INFO - Processing file /home/airflow/.local/lib/python3.12/site-packages/airflow/example_dags/example_skip_dag.py for tasks to queue
[2025-01-17T10:34:40.529+0000] {logging_mixin.py:190} INFO - [2025-01-17T10:34:40.529+0000] {dagbag.py:588} INFO - Filling up the DagBag from /home/airflow/.local/lib/python3.12/site-packages/airflow/example_dags/example_skip_dag.py
[2025-01-17T10:34:40.543+0000] {processor.py:925} INFO - DAG(s) 'example_skip_dag' retrieved from /home/airflow/.local/lib/python3.12/site-packages/airflow/example_dags/example_skip_dag.py
[2025-01-17T10:34:40.584+0000] {logging_mixin.py:190} INFO - [2025-01-17T10:34:40.583+0000] {dag.py:3239} INFO - Sync 1 DAGs
[2025-01-17T10:34:40.619+0000] {logging_mixin.py:190} INFO - [2025-01-17T10:34:40.619+0000] {dag.py:4180} INFO - Setting next_dagrun for example_skip_dag to 2025-01-16 00:00:00+00:00, run_after=2025-01-17 00:00:00+00:00
[2025-01-17T10:34:40.652+0000] {processor.py:208} INFO - Processing /home/airflow/.local/lib/python3.12/site-packages/airflow/example_dags/example_skip_dag.py took 0.134 seconds
[2025-01-17T10:35:12.416+0000] {processor.py:186} INFO - Started process (PID=488) to work on /home/airflow/.local/lib/python3.12/site-packages/airflow/example_dags/example_skip_dag.py
[2025-01-17T10:35:12.418+0000] {processor.py:914} INFO - Processing file /home/airflow/.local/lib/python3.12/site-packages/airflow/example_dags/example_skip_dag.py for tasks to queue
[2025-01-17T10:35:12.420+0000] {logging_mixin.py:190} INFO - [2025-01-17T10:35:12.420+0000] {dagbag.py:588} INFO - Filling up the DagBag from /home/airflow/.local/lib/python3.12/site-packages/airflow/example_dags/example_skip_dag.py
[2025-01-17T10:35:12.434+0000] {processor.py:925} INFO - DAG(s) 'example_skip_dag' retrieved from /home/airflow/.local/lib/python3.12/site-packages/airflow/example_dags/example_skip_dag.py
[2025-01-17T10:35:12.473+0000] {logging_mixin.py:190} INFO - [2025-01-17T10:35:12.472+0000] {dag.py:3239} INFO - Sync 1 DAGs
[2025-01-17T10:35:12.529+0000] {logging_mixin.py:190} INFO - [2025-01-17T10:35:12.528+0000] {dag.py:4180} INFO - Setting next_dagrun for example_skip_dag to 2025-01-16 00:00:00+00:00, run_after=2025-01-17 00:00:00+00:00
[2025-01-17T10:35:12.565+0000] {processor.py:208} INFO - Processing /home/airflow/.local/lib/python3.12/site-packages/airflow/example_dags/example_skip_dag.py took 0.157 seconds
[2025-01-17T10:35:43.955+0000] {processor.py:186} INFO - Started process (PID=551) to work on /home/airflow/.local/lib/python3.12/site-packages/airflow/example_dags/example_skip_dag.py
[2025-01-17T10:35:43.956+0000] {processor.py:914} INFO - Processing file /home/airflow/.local/lib/python3.12/site-packages/airflow/example_dags/example_skip_dag.py for tasks to queue
[2025-01-17T10:35:43.958+0000] {logging_mixin.py:190} INFO - [2025-01-17T10:35:43.958+0000] {dagbag.py:588} INFO - Filling up the DagBag from /home/airflow/.local/lib/python3.12/site-packages/airflow/example_dags/example_skip_dag.py
[2025-01-17T10:35:43.974+0000] {processor.py:925} INFO - DAG(s) 'example_skip_dag' retrieved from /home/airflow/.local/lib/python3.12/site-packages/airflow/example_dags/example_skip_dag.py
[2025-01-17T10:35:44.012+0000] {logging_mixin.py:190} INFO - [2025-01-17T10:35:44.011+0000] {dag.py:3239} INFO - Sync 1 DAGs
[2025-01-17T10:35:44.048+0000] {logging_mixin.py:190} INFO - [2025-01-17T10:35:44.048+0000] {dag.py:4180} INFO - Setting next_dagrun for example_skip_dag to 2025-01-16 00:00:00+00:00, run_after=2025-01-17 00:00:00+00:00
[2025-01-17T10:35:44.082+0000] {processor.py:208} INFO - Processing /home/airflow/.local/lib/python3.12/site-packages/airflow/example_dags/example_skip_dag.py took 0.137 seconds
[2025-01-17T10:36:15.780+0000] {processor.py:186} INFO - Started process (PID=614) to work on /home/airflow/.local/lib/python3.12/site-packages/airflow/example_dags/example_skip_dag.py
[2025-01-17T10:36:15.784+0000] {processor.py:914} INFO - Processing file /home/airflow/.local/lib/python3.12/site-packages/airflow/example_dags/example_skip_dag.py for tasks to queue
[2025-01-17T10:36:15.786+0000] {logging_mixin.py:190} INFO - [2025-01-17T10:36:15.786+0000] {dagbag.py:588} INFO - Filling up the DagBag from /home/airflow/.local/lib/python3.12/site-packages/airflow/example_dags/example_skip_dag.py
[2025-01-17T10:36:15.800+0000] {processor.py:925} INFO - DAG(s) 'example_skip_dag' retrieved from /home/airflow/.local/lib/python3.12/site-packages/airflow/example_dags/example_skip_dag.py
[2025-01-17T10:36:15.832+0000] {logging_mixin.py:190} INFO - [2025-01-17T10:36:15.832+0000] {dag.py:3239} INFO - Sync 1 DAGs
[2025-01-17T10:36:15.866+0000] {logging_mixin.py:190} INFO - [2025-01-17T10:36:15.866+0000] {dag.py:4180} INFO - Setting next_dagrun for example_skip_dag to 2025-01-16 00:00:00+00:00, run_after=2025-01-17 00:00:00+00:00
[2025-01-17T10:36:15.898+0000] {processor.py:208} INFO - Processing /home/airflow/.local/lib/python3.12/site-packages/airflow/example_dags/example_skip_dag.py took 0.133 seconds
[2025-01-17T10:37:32.274+0000] {processor.py:186} INFO - Started process (PID=99) to work on /home/airflow/.local/lib/python3.12/site-packages/airflow/example_dags/example_skip_dag.py
[2025-01-17T10:37:32.276+0000] {processor.py:914} INFO - Processing file /home/airflow/.local/lib/python3.12/site-packages/airflow/example_dags/example_skip_dag.py for tasks to queue
[2025-01-17T10:37:32.280+0000] {logging_mixin.py:190} INFO - [2025-01-17T10:37:32.279+0000] {dagbag.py:588} INFO - Filling up the DagBag from /home/airflow/.local/lib/python3.12/site-packages/airflow/example_dags/example_skip_dag.py
[2025-01-17T10:37:32.289+0000] {processor.py:925} INFO - DAG(s) 'example_skip_dag' retrieved from /home/airflow/.local/lib/python3.12/site-packages/airflow/example_dags/example_skip_dag.py
[2025-01-17T10:37:32.321+0000] {logging_mixin.py:190} INFO - [2025-01-17T10:37:32.320+0000] {dag.py:3239} INFO - Sync 1 DAGs
[2025-01-17T10:37:32.347+0000] {logging_mixin.py:190} INFO - [2025-01-17T10:37:32.347+0000] {dag.py:4180} INFO - Setting next_dagrun for example_skip_dag to 2025-01-16 00:00:00+00:00, run_after=2025-01-17 00:00:00+00:00
[2025-01-17T10:37:32.371+0000] {processor.py:208} INFO - Processing /home/airflow/.local/lib/python3.12/site-packages/airflow/example_dags/example_skip_dag.py took 0.103 seconds
[2025-01-17T10:38:04.455+0000] {processor.py:186} INFO - Started process (PID=163) to work on /home/airflow/.local/lib/python3.12/site-packages/airflow/example_dags/example_skip_dag.py
[2025-01-17T10:38:04.457+0000] {processor.py:914} INFO - Processing file /home/airflow/.local/lib/python3.12/site-packages/airflow/example_dags/example_skip_dag.py for tasks to queue
[2025-01-17T10:38:04.461+0000] {logging_mixin.py:190} INFO - [2025-01-17T10:38:04.460+0000] {dagbag.py:588} INFO - Filling up the DagBag from /home/airflow/.local/lib/python3.12/site-packages/airflow/example_dags/example_skip_dag.py
[2025-01-17T10:38:04.475+0000] {processor.py:925} INFO - DAG(s) 'example_skip_dag' retrieved from /home/airflow/.local/lib/python3.12/site-packages/airflow/example_dags/example_skip_dag.py
[2025-01-17T10:38:04.517+0000] {logging_mixin.py:190} INFO - [2025-01-17T10:38:04.516+0000] {dag.py:3239} INFO - Sync 1 DAGs
[2025-01-17T10:38:04.560+0000] {logging_mixin.py:190} INFO - [2025-01-17T10:38:04.559+0000] {dag.py:4180} INFO - Setting next_dagrun for example_skip_dag to 2025-01-16 00:00:00+00:00, run_after=2025-01-17 00:00:00+00:00
[2025-01-17T10:38:04.592+0000] {processor.py:208} INFO - Processing /home/airflow/.local/lib/python3.12/site-packages/airflow/example_dags/example_skip_dag.py took 0.146 seconds
[2025-01-17T10:52:15.526+0000] {processor.py:186} INFO - Started process (PID=106) to work on /home/airflow/.local/lib/python3.12/site-packages/airflow/example_dags/example_skip_dag.py
[2025-01-17T10:52:15.527+0000] {processor.py:914} INFO - Processing file /home/airflow/.local/lib/python3.12/site-packages/airflow/example_dags/example_skip_dag.py for tasks to queue
[2025-01-17T10:52:15.530+0000] {logging_mixin.py:190} INFO - [2025-01-17T10:52:15.530+0000] {dagbag.py:588} INFO - Filling up the DagBag from /home/airflow/.local/lib/python3.12/site-packages/airflow/example_dags/example_skip_dag.py
[2025-01-17T10:52:15.539+0000] {processor.py:925} INFO - DAG(s) 'example_skip_dag' retrieved from /home/airflow/.local/lib/python3.12/site-packages/airflow/example_dags/example_skip_dag.py
[2025-01-17T10:52:15.566+0000] {logging_mixin.py:190} INFO - [2025-01-17T10:52:15.566+0000] {dag.py:3239} INFO - Sync 1 DAGs
[2025-01-17T10:52:15.590+0000] {logging_mixin.py:190} INFO - [2025-01-17T10:52:15.589+0000] {dag.py:4180} INFO - Setting next_dagrun for example_skip_dag to 2025-01-16 00:00:00+00:00, run_after=2025-01-17 00:00:00+00:00
[2025-01-17T10:52:15.614+0000] {processor.py:208} INFO - Processing /home/airflow/.local/lib/python3.12/site-packages/airflow/example_dags/example_skip_dag.py took 0.094 seconds
[2025-01-17T10:52:46.949+0000] {processor.py:186} INFO - Started process (PID=170) to work on /home/airflow/.local/lib/python3.12/site-packages/airflow/example_dags/example_skip_dag.py
[2025-01-17T10:52:46.951+0000] {processor.py:914} INFO - Processing file /home/airflow/.local/lib/python3.12/site-packages/airflow/example_dags/example_skip_dag.py for tasks to queue
[2025-01-17T10:52:46.954+0000] {logging_mixin.py:190} INFO - [2025-01-17T10:52:46.954+0000] {dagbag.py:588} INFO - Filling up the DagBag from /home/airflow/.local/lib/python3.12/site-packages/airflow/example_dags/example_skip_dag.py
[2025-01-17T10:52:46.962+0000] {processor.py:925} INFO - DAG(s) 'example_skip_dag' retrieved from /home/airflow/.local/lib/python3.12/site-packages/airflow/example_dags/example_skip_dag.py
[2025-01-17T10:52:46.986+0000] {logging_mixin.py:190} INFO - [2025-01-17T10:52:46.986+0000] {dag.py:3239} INFO - Sync 1 DAGs
[2025-01-17T10:52:47.009+0000] {logging_mixin.py:190} INFO - [2025-01-17T10:52:47.009+0000] {dag.py:4180} INFO - Setting next_dagrun for example_skip_dag to 2025-01-16 00:00:00+00:00, run_after=2025-01-17 00:00:00+00:00
[2025-01-17T10:52:47.032+0000] {processor.py:208} INFO - Processing /home/airflow/.local/lib/python3.12/site-packages/airflow/example_dags/example_skip_dag.py took 0.088 seconds
[2025-01-17T10:53:18.046+0000] {processor.py:186} INFO - Started process (PID=234) to work on /home/airflow/.local/lib/python3.12/site-packages/airflow/example_dags/example_skip_dag.py
[2025-01-17T10:53:18.047+0000] {processor.py:914} INFO - Processing file /home/airflow/.local/lib/python3.12/site-packages/airflow/example_dags/example_skip_dag.py for tasks to queue
[2025-01-17T10:53:18.050+0000] {logging_mixin.py:190} INFO - [2025-01-17T10:53:18.050+0000] {dagbag.py:588} INFO - Filling up the DagBag from /home/airflow/.local/lib/python3.12/site-packages/airflow/example_dags/example_skip_dag.py
[2025-01-17T10:53:18.059+0000] {processor.py:925} INFO - DAG(s) 'example_skip_dag' retrieved from /home/airflow/.local/lib/python3.12/site-packages/airflow/example_dags/example_skip_dag.py
[2025-01-17T10:53:18.082+0000] {logging_mixin.py:190} INFO - [2025-01-17T10:53:18.082+0000] {dag.py:3239} INFO - Sync 1 DAGs
[2025-01-17T10:53:18.106+0000] {logging_mixin.py:190} INFO - [2025-01-17T10:53:18.106+0000] {dag.py:4180} INFO - Setting next_dagrun for example_skip_dag to 2025-01-16 00:00:00+00:00, run_after=2025-01-17 00:00:00+00:00
[2025-01-17T10:53:18.129+0000] {processor.py:208} INFO - Processing /home/airflow/.local/lib/python3.12/site-packages/airflow/example_dags/example_skip_dag.py took 0.088 seconds
[2025-01-17T10:53:49.542+0000] {processor.py:186} INFO - Started process (PID=299) to work on /home/airflow/.local/lib/python3.12/site-packages/airflow/example_dags/example_skip_dag.py
[2025-01-17T10:53:49.543+0000] {processor.py:914} INFO - Processing file /home/airflow/.local/lib/python3.12/site-packages/airflow/example_dags/example_skip_dag.py for tasks to queue
[2025-01-17T10:53:49.546+0000] {logging_mixin.py:190} INFO - [2025-01-17T10:53:49.545+0000] {dagbag.py:588} INFO - Filling up the DagBag from /home/airflow/.local/lib/python3.12/site-packages/airflow/example_dags/example_skip_dag.py
[2025-01-17T10:53:49.554+0000] {processor.py:925} INFO - DAG(s) 'example_skip_dag' retrieved from /home/airflow/.local/lib/python3.12/site-packages/airflow/example_dags/example_skip_dag.py
[2025-01-17T10:53:49.578+0000] {logging_mixin.py:190} INFO - [2025-01-17T10:53:49.577+0000] {dag.py:3239} INFO - Sync 1 DAGs
[2025-01-17T10:53:49.602+0000] {logging_mixin.py:190} INFO - [2025-01-17T10:53:49.602+0000] {dag.py:4180} INFO - Setting next_dagrun for example_skip_dag to 2025-01-16 00:00:00+00:00, run_after=2025-01-17 00:00:00+00:00
[2025-01-17T10:53:49.625+0000] {processor.py:208} INFO - Processing /home/airflow/.local/lib/python3.12/site-packages/airflow/example_dags/example_skip_dag.py took 0.089 seconds
[2025-01-17T10:54:20.778+0000] {processor.py:186} INFO - Started process (PID=363) to work on /home/airflow/.local/lib/python3.12/site-packages/airflow/example_dags/example_skip_dag.py
[2025-01-17T10:54:20.780+0000] {processor.py:914} INFO - Processing file /home/airflow/.local/lib/python3.12/site-packages/airflow/example_dags/example_skip_dag.py for tasks to queue
[2025-01-17T10:54:20.783+0000] {logging_mixin.py:190} INFO - [2025-01-17T10:54:20.783+0000] {dagbag.py:588} INFO - Filling up the DagBag from /home/airflow/.local/lib/python3.12/site-packages/airflow/example_dags/example_skip_dag.py
[2025-01-17T10:54:20.792+0000] {processor.py:925} INFO - DAG(s) 'example_skip_dag' retrieved from /home/airflow/.local/lib/python3.12/site-packages/airflow/example_dags/example_skip_dag.py
[2025-01-17T10:54:20.814+0000] {logging_mixin.py:190} INFO - [2025-01-17T10:54:20.814+0000] {dag.py:3239} INFO - Sync 1 DAGs
[2025-01-17T10:54:20.839+0000] {logging_mixin.py:190} INFO - [2025-01-17T10:54:20.839+0000] {dag.py:4180} INFO - Setting next_dagrun for example_skip_dag to 2025-01-16 00:00:00+00:00, run_after=2025-01-17 00:00:00+00:00
[2025-01-17T10:54:20.862+0000] {processor.py:208} INFO - Processing /home/airflow/.local/lib/python3.12/site-packages/airflow/example_dags/example_skip_dag.py took 0.090 seconds
[2025-01-17T10:54:52.073+0000] {processor.py:186} INFO - Started process (PID=427) to work on /home/airflow/.local/lib/python3.12/site-packages/airflow/example_dags/example_skip_dag.py
[2025-01-17T10:54:52.074+0000] {processor.py:914} INFO - Processing file /home/airflow/.local/lib/python3.12/site-packages/airflow/example_dags/example_skip_dag.py for tasks to queue
[2025-01-17T10:54:52.077+0000] {logging_mixin.py:190} INFO - [2025-01-17T10:54:52.077+0000] {dagbag.py:588} INFO - Filling up the DagBag from /home/airflow/.local/lib/python3.12/site-packages/airflow/example_dags/example_skip_dag.py
[2025-01-17T10:54:52.085+0000] {processor.py:925} INFO - DAG(s) 'example_skip_dag' retrieved from /home/airflow/.local/lib/python3.12/site-packages/airflow/example_dags/example_skip_dag.py
[2025-01-17T10:54:52.109+0000] {logging_mixin.py:190} INFO - [2025-01-17T10:54:52.109+0000] {dag.py:3239} INFO - Sync 1 DAGs
[2025-01-17T10:54:52.136+0000] {logging_mixin.py:190} INFO - [2025-01-17T10:54:52.136+0000] {dag.py:4180} INFO - Setting next_dagrun for example_skip_dag to 2025-01-16 00:00:00+00:00, run_after=2025-01-17 00:00:00+00:00
[2025-01-17T10:54:52.163+0000] {processor.py:208} INFO - Processing /home/airflow/.local/lib/python3.12/site-packages/airflow/example_dags/example_skip_dag.py took 0.095 seconds
[2025-01-17T10:55:23.588+0000] {processor.py:186} INFO - Started process (PID=491) to work on /home/airflow/.local/lib/python3.12/site-packages/airflow/example_dags/example_skip_dag.py
[2025-01-17T10:55:23.589+0000] {processor.py:914} INFO - Processing file /home/airflow/.local/lib/python3.12/site-packages/airflow/example_dags/example_skip_dag.py for tasks to queue
[2025-01-17T10:55:23.591+0000] {logging_mixin.py:190} INFO - [2025-01-17T10:55:23.591+0000] {dagbag.py:588} INFO - Filling up the DagBag from /home/airflow/.local/lib/python3.12/site-packages/airflow/example_dags/example_skip_dag.py
[2025-01-17T10:55:23.600+0000] {processor.py:925} INFO - DAG(s) 'example_skip_dag' retrieved from /home/airflow/.local/lib/python3.12/site-packages/airflow/example_dags/example_skip_dag.py
[2025-01-17T10:55:23.624+0000] {logging_mixin.py:190} INFO - [2025-01-17T10:55:23.624+0000] {dag.py:3239} INFO - Sync 1 DAGs
[2025-01-17T10:55:23.650+0000] {logging_mixin.py:190} INFO - [2025-01-17T10:55:23.650+0000] {dag.py:4180} INFO - Setting next_dagrun for example_skip_dag to 2025-01-16 00:00:00+00:00, run_after=2025-01-17 00:00:00+00:00
[2025-01-17T10:55:23.676+0000] {processor.py:208} INFO - Processing /home/airflow/.local/lib/python3.12/site-packages/airflow/example_dags/example_skip_dag.py took 0.094 seconds
[2025-01-17T10:55:54.958+0000] {processor.py:186} INFO - Started process (PID=556) to work on /home/airflow/.local/lib/python3.12/site-packages/airflow/example_dags/example_skip_dag.py
[2025-01-17T10:55:54.959+0000] {processor.py:914} INFO - Processing file /home/airflow/.local/lib/python3.12/site-packages/airflow/example_dags/example_skip_dag.py for tasks to queue
[2025-01-17T10:55:54.962+0000] {logging_mixin.py:190} INFO - [2025-01-17T10:55:54.962+0000] {dagbag.py:588} INFO - Filling up the DagBag from /home/airflow/.local/lib/python3.12/site-packages/airflow/example_dags/example_skip_dag.py
[2025-01-17T10:55:54.971+0000] {processor.py:925} INFO - DAG(s) 'example_skip_dag' retrieved from /home/airflow/.local/lib/python3.12/site-packages/airflow/example_dags/example_skip_dag.py
[2025-01-17T10:55:54.996+0000] {logging_mixin.py:190} INFO - [2025-01-17T10:55:54.996+0000] {dag.py:3239} INFO - Sync 1 DAGs
[2025-01-17T10:55:55.024+0000] {logging_mixin.py:190} INFO - [2025-01-17T10:55:55.024+0000] {dag.py:4180} INFO - Setting next_dagrun for example_skip_dag to 2025-01-16 00:00:00+00:00, run_after=2025-01-17 00:00:00+00:00
[2025-01-17T10:55:55.048+0000] {processor.py:208} INFO - Processing /home/airflow/.local/lib/python3.12/site-packages/airflow/example_dags/example_skip_dag.py took 0.096 seconds
[2025-01-17T10:56:26.213+0000] {processor.py:186} INFO - Started process (PID=620) to work on /home/airflow/.local/lib/python3.12/site-packages/airflow/example_dags/example_skip_dag.py
[2025-01-17T10:56:26.214+0000] {processor.py:914} INFO - Processing file /home/airflow/.local/lib/python3.12/site-packages/airflow/example_dags/example_skip_dag.py for tasks to queue
[2025-01-17T10:56:26.216+0000] {logging_mixin.py:190} INFO - [2025-01-17T10:56:26.216+0000] {dagbag.py:588} INFO - Filling up the DagBag from /home/airflow/.local/lib/python3.12/site-packages/airflow/example_dags/example_skip_dag.py
[2025-01-17T10:56:26.224+0000] {processor.py:925} INFO - DAG(s) 'example_skip_dag' retrieved from /home/airflow/.local/lib/python3.12/site-packages/airflow/example_dags/example_skip_dag.py
[2025-01-17T10:56:26.247+0000] {logging_mixin.py:190} INFO - [2025-01-17T10:56:26.246+0000] {dag.py:3239} INFO - Sync 1 DAGs
[2025-01-17T10:56:26.271+0000] {logging_mixin.py:190} INFO - [2025-01-17T10:56:26.270+0000] {dag.py:4180} INFO - Setting next_dagrun for example_skip_dag to 2025-01-16 00:00:00+00:00, run_after=2025-01-17 00:00:00+00:00
[2025-01-17T10:56:26.293+0000] {processor.py:208} INFO - Processing /home/airflow/.local/lib/python3.12/site-packages/airflow/example_dags/example_skip_dag.py took 0.085 seconds
[2025-01-17T10:56:57.820+0000] {processor.py:186} INFO - Started process (PID=685) to work on /home/airflow/.local/lib/python3.12/site-packages/airflow/example_dags/example_skip_dag.py
[2025-01-17T10:56:57.821+0000] {processor.py:914} INFO - Processing file /home/airflow/.local/lib/python3.12/site-packages/airflow/example_dags/example_skip_dag.py for tasks to queue
[2025-01-17T10:56:57.825+0000] {logging_mixin.py:190} INFO - [2025-01-17T10:56:57.824+0000] {dagbag.py:588} INFO - Filling up the DagBag from /home/airflow/.local/lib/python3.12/site-packages/airflow/example_dags/example_skip_dag.py
[2025-01-17T10:56:57.833+0000] {processor.py:925} INFO - DAG(s) 'example_skip_dag' retrieved from /home/airflow/.local/lib/python3.12/site-packages/airflow/example_dags/example_skip_dag.py
[2025-01-17T10:56:57.856+0000] {logging_mixin.py:190} INFO - [2025-01-17T10:56:57.855+0000] {dag.py:3239} INFO - Sync 1 DAGs
[2025-01-17T10:56:57.882+0000] {logging_mixin.py:190} INFO - [2025-01-17T10:56:57.882+0000] {dag.py:4180} INFO - Setting next_dagrun for example_skip_dag to 2025-01-16 00:00:00+00:00, run_after=2025-01-17 00:00:00+00:00
[2025-01-17T10:56:57.905+0000] {processor.py:208} INFO - Processing /home/airflow/.local/lib/python3.12/site-packages/airflow/example_dags/example_skip_dag.py took 0.090 seconds
[2025-01-17T10:57:28.590+0000] {processor.py:186} INFO - Started process (PID=749) to work on /home/airflow/.local/lib/python3.12/site-packages/airflow/example_dags/example_skip_dag.py
[2025-01-17T10:57:28.591+0000] {processor.py:914} INFO - Processing file /home/airflow/.local/lib/python3.12/site-packages/airflow/example_dags/example_skip_dag.py for tasks to queue
[2025-01-17T10:57:28.594+0000] {logging_mixin.py:190} INFO - [2025-01-17T10:57:28.594+0000] {dagbag.py:588} INFO - Filling up the DagBag from /home/airflow/.local/lib/python3.12/site-packages/airflow/example_dags/example_skip_dag.py
[2025-01-17T10:57:28.602+0000] {processor.py:925} INFO - DAG(s) 'example_skip_dag' retrieved from /home/airflow/.local/lib/python3.12/site-packages/airflow/example_dags/example_skip_dag.py
[2025-01-17T10:57:28.628+0000] {logging_mixin.py:190} INFO - [2025-01-17T10:57:28.628+0000] {dag.py:3239} INFO - Sync 1 DAGs
[2025-01-17T10:57:28.653+0000] {logging_mixin.py:190} INFO - [2025-01-17T10:57:28.653+0000] {dag.py:4180} INFO - Setting next_dagrun for example_skip_dag to 2025-01-16 00:00:00+00:00, run_after=2025-01-17 00:00:00+00:00
[2025-01-17T10:57:28.676+0000] {processor.py:208} INFO - Processing /home/airflow/.local/lib/python3.12/site-packages/airflow/example_dags/example_skip_dag.py took 0.091 seconds
[2025-01-17T10:58:00.225+0000] {processor.py:186} INFO - Started process (PID=813) to work on /home/airflow/.local/lib/python3.12/site-packages/airflow/example_dags/example_skip_dag.py
[2025-01-17T10:58:00.227+0000] {processor.py:914} INFO - Processing file /home/airflow/.local/lib/python3.12/site-packages/airflow/example_dags/example_skip_dag.py for tasks to queue
[2025-01-17T10:58:00.230+0000] {logging_mixin.py:190} INFO - [2025-01-17T10:58:00.230+0000] {dagbag.py:588} INFO - Filling up the DagBag from /home/airflow/.local/lib/python3.12/site-packages/airflow/example_dags/example_skip_dag.py
[2025-01-17T10:58:00.238+0000] {processor.py:925} INFO - DAG(s) 'example_skip_dag' retrieved from /home/airflow/.local/lib/python3.12/site-packages/airflow/example_dags/example_skip_dag.py
[2025-01-17T10:58:00.263+0000] {logging_mixin.py:190} INFO - [2025-01-17T10:58:00.262+0000] {dag.py:3239} INFO - Sync 1 DAGs
[2025-01-17T10:58:00.298+0000] {logging_mixin.py:190} INFO - [2025-01-17T10:58:00.297+0000] {dag.py:4180} INFO - Setting next_dagrun for example_skip_dag to 2025-01-16 00:00:00+00:00, run_after=2025-01-17 00:00:00+00:00
[2025-01-17T10:58:00.323+0000] {processor.py:208} INFO - Processing /home/airflow/.local/lib/python3.12/site-packages/airflow/example_dags/example_skip_dag.py took 0.103 seconds
[2025-01-17T10:58:32.186+0000] {processor.py:186} INFO - Started process (PID=877) to work on /home/airflow/.local/lib/python3.12/site-packages/airflow/example_dags/example_skip_dag.py
[2025-01-17T10:58:32.187+0000] {processor.py:914} INFO - Processing file /home/airflow/.local/lib/python3.12/site-packages/airflow/example_dags/example_skip_dag.py for tasks to queue
[2025-01-17T10:58:32.191+0000] {logging_mixin.py:190} INFO - [2025-01-17T10:58:32.190+0000] {dagbag.py:588} INFO - Filling up the DagBag from /home/airflow/.local/lib/python3.12/site-packages/airflow/example_dags/example_skip_dag.py
[2025-01-17T10:58:32.201+0000] {processor.py:925} INFO - DAG(s) 'example_skip_dag' retrieved from /home/airflow/.local/lib/python3.12/site-packages/airflow/example_dags/example_skip_dag.py
[2025-01-17T10:58:32.228+0000] {logging_mixin.py:190} INFO - [2025-01-17T10:58:32.227+0000] {dag.py:3239} INFO - Sync 1 DAGs
[2025-01-17T10:58:32.254+0000] {logging_mixin.py:190} INFO - [2025-01-17T10:58:32.254+0000] {dag.py:4180} INFO - Setting next_dagrun for example_skip_dag to 2025-01-16 00:00:00+00:00, run_after=2025-01-17 00:00:00+00:00
[2025-01-17T10:58:32.278+0000] {processor.py:208} INFO - Processing /home/airflow/.local/lib/python3.12/site-packages/airflow/example_dags/example_skip_dag.py took 0.098 seconds
[2025-01-17T10:59:02.667+0000] {processor.py:186} INFO - Started process (PID=941) to work on /home/airflow/.local/lib/python3.12/site-packages/airflow/example_dags/example_skip_dag.py
[2025-01-17T10:59:02.669+0000] {processor.py:914} INFO - Processing file /home/airflow/.local/lib/python3.12/site-packages/airflow/example_dags/example_skip_dag.py for tasks to queue
[2025-01-17T10:59:02.671+0000] {logging_mixin.py:190} INFO - [2025-01-17T10:59:02.671+0000] {dagbag.py:588} INFO - Filling up the DagBag from /home/airflow/.local/lib/python3.12/site-packages/airflow/example_dags/example_skip_dag.py
[2025-01-17T10:59:02.680+0000] {processor.py:925} INFO - DAG(s) 'example_skip_dag' retrieved from /home/airflow/.local/lib/python3.12/site-packages/airflow/example_dags/example_skip_dag.py
[2025-01-17T10:59:02.704+0000] {logging_mixin.py:190} INFO - [2025-01-17T10:59:02.704+0000] {dag.py:3239} INFO - Sync 1 DAGs
[2025-01-17T10:59:02.730+0000] {logging_mixin.py:190} INFO - [2025-01-17T10:59:02.730+0000] {dag.py:4180} INFO - Setting next_dagrun for example_skip_dag to 2025-01-16 00:00:00+00:00, run_after=2025-01-17 00:00:00+00:00
[2025-01-17T10:59:02.754+0000] {processor.py:208} INFO - Processing /home/airflow/.local/lib/python3.12/site-packages/airflow/example_dags/example_skip_dag.py took 0.092 seconds
[2025-01-17T10:59:34.113+0000] {processor.py:186} INFO - Started process (PID=1005) to work on /home/airflow/.local/lib/python3.12/site-packages/airflow/example_dags/example_skip_dag.py
[2025-01-17T10:59:34.115+0000] {processor.py:914} INFO - Processing file /home/airflow/.local/lib/python3.12/site-packages/airflow/example_dags/example_skip_dag.py for tasks to queue
[2025-01-17T10:59:34.117+0000] {logging_mixin.py:190} INFO - [2025-01-17T10:59:34.117+0000] {dagbag.py:588} INFO - Filling up the DagBag from /home/airflow/.local/lib/python3.12/site-packages/airflow/example_dags/example_skip_dag.py
[2025-01-17T10:59:34.125+0000] {processor.py:925} INFO - DAG(s) 'example_skip_dag' retrieved from /home/airflow/.local/lib/python3.12/site-packages/airflow/example_dags/example_skip_dag.py
[2025-01-17T10:59:34.149+0000] {logging_mixin.py:190} INFO - [2025-01-17T10:59:34.149+0000] {dag.py:3239} INFO - Sync 1 DAGs
[2025-01-17T10:59:34.172+0000] {logging_mixin.py:190} INFO - [2025-01-17T10:59:34.172+0000] {dag.py:4180} INFO - Setting next_dagrun for example_skip_dag to 2025-01-16 00:00:00+00:00, run_after=2025-01-17 00:00:00+00:00
[2025-01-17T10:59:34.195+0000] {processor.py:208} INFO - Processing /home/airflow/.local/lib/python3.12/site-packages/airflow/example_dags/example_skip_dag.py took 0.087 seconds
[2025-01-17T11:00:05.087+0000] {processor.py:186} INFO - Started process (PID=1069) to work on /home/airflow/.local/lib/python3.12/site-packages/airflow/example_dags/example_skip_dag.py
[2025-01-17T11:00:05.088+0000] {processor.py:914} INFO - Processing file /home/airflow/.local/lib/python3.12/site-packages/airflow/example_dags/example_skip_dag.py for tasks to queue
[2025-01-17T11:00:05.093+0000] {logging_mixin.py:190} INFO - [2025-01-17T11:00:05.092+0000] {dagbag.py:588} INFO - Filling up the DagBag from /home/airflow/.local/lib/python3.12/site-packages/airflow/example_dags/example_skip_dag.py
[2025-01-17T11:00:05.107+0000] {processor.py:925} INFO - DAG(s) 'example_skip_dag' retrieved from /home/airflow/.local/lib/python3.12/site-packages/airflow/example_dags/example_skip_dag.py
[2025-01-17T11:00:05.135+0000] {logging_mixin.py:190} INFO - [2025-01-17T11:00:05.134+0000] {dag.py:3239} INFO - Sync 1 DAGs
[2025-01-17T11:00:05.167+0000] {logging_mixin.py:190} INFO - [2025-01-17T11:00:05.167+0000] {dag.py:4180} INFO - Setting next_dagrun for example_skip_dag to 2025-01-16 00:00:00+00:00, run_after=2025-01-17 00:00:00+00:00
[2025-01-17T11:00:05.192+0000] {processor.py:208} INFO - Processing /home/airflow/.local/lib/python3.12/site-packages/airflow/example_dags/example_skip_dag.py took 0.114 seconds
[2025-01-17T11:22:02.797+0000] {processor.py:186} INFO - Started process (PID=93) to work on /home/airflow/.local/lib/python3.12/site-packages/airflow/example_dags/example_skip_dag.py
[2025-01-17T11:22:02.798+0000] {processor.py:914} INFO - Processing file /home/airflow/.local/lib/python3.12/site-packages/airflow/example_dags/example_skip_dag.py for tasks to queue
[2025-01-17T11:22:02.802+0000] {logging_mixin.py:190} INFO - [2025-01-17T11:22:02.801+0000] {dagbag.py:588} INFO - Filling up the DagBag from /home/airflow/.local/lib/python3.12/site-packages/airflow/example_dags/example_skip_dag.py
[2025-01-17T11:22:02.810+0000] {processor.py:925} INFO - DAG(s) 'example_skip_dag' retrieved from /home/airflow/.local/lib/python3.12/site-packages/airflow/example_dags/example_skip_dag.py
[2025-01-17T11:22:02.852+0000] {logging_mixin.py:190} INFO - [2025-01-17T11:22:02.851+0000] {dag.py:3239} INFO - Sync 1 DAGs
[2025-01-17T11:22:02.888+0000] {logging_mixin.py:190} INFO - [2025-01-17T11:22:02.888+0000] {dag.py:4180} INFO - Setting next_dagrun for example_skip_dag to 2025-01-16 00:00:00+00:00, run_after=2025-01-17 00:00:00+00:00
[2025-01-17T11:22:02.915+0000] {processor.py:208} INFO - Processing /home/airflow/.local/lib/python3.12/site-packages/airflow/example_dags/example_skip_dag.py took 0.125 seconds
[2025-01-17T11:22:33.619+0000] {processor.py:186} INFO - Started process (PID=163) to work on /home/airflow/.local/lib/python3.12/site-packages/airflow/example_dags/example_skip_dag.py
[2025-01-17T11:22:33.621+0000] {processor.py:914} INFO - Processing file /home/airflow/.local/lib/python3.12/site-packages/airflow/example_dags/example_skip_dag.py for tasks to queue
[2025-01-17T11:22:33.623+0000] {logging_mixin.py:190} INFO - [2025-01-17T11:22:33.623+0000] {dagbag.py:588} INFO - Filling up the DagBag from /home/airflow/.local/lib/python3.12/site-packages/airflow/example_dags/example_skip_dag.py
[2025-01-17T11:22:33.632+0000] {processor.py:925} INFO - DAG(s) 'example_skip_dag' retrieved from /home/airflow/.local/lib/python3.12/site-packages/airflow/example_dags/example_skip_dag.py
[2025-01-17T11:22:33.655+0000] {logging_mixin.py:190} INFO - [2025-01-17T11:22:33.654+0000] {dag.py:3239} INFO - Sync 1 DAGs
[2025-01-17T11:22:33.678+0000] {logging_mixin.py:190} INFO - [2025-01-17T11:22:33.678+0000] {dag.py:4180} INFO - Setting next_dagrun for example_skip_dag to 2025-01-16 00:00:00+00:00, run_after=2025-01-17 00:00:00+00:00
[2025-01-17T11:22:33.700+0000] {processor.py:208} INFO - Processing /home/airflow/.local/lib/python3.12/site-packages/airflow/example_dags/example_skip_dag.py took 0.086 seconds
[2025-01-17T11:23:04.862+0000] {processor.py:186} INFO - Started process (PID=227) to work on /home/airflow/.local/lib/python3.12/site-packages/airflow/example_dags/example_skip_dag.py
[2025-01-17T11:23:04.863+0000] {processor.py:914} INFO - Processing file /home/airflow/.local/lib/python3.12/site-packages/airflow/example_dags/example_skip_dag.py for tasks to queue
[2025-01-17T11:23:04.866+0000] {logging_mixin.py:190} INFO - [2025-01-17T11:23:04.865+0000] {dagbag.py:588} INFO - Filling up the DagBag from /home/airflow/.local/lib/python3.12/site-packages/airflow/example_dags/example_skip_dag.py
[2025-01-17T11:23:04.874+0000] {processor.py:925} INFO - DAG(s) 'example_skip_dag' retrieved from /home/airflow/.local/lib/python3.12/site-packages/airflow/example_dags/example_skip_dag.py
[2025-01-17T11:23:04.897+0000] {logging_mixin.py:190} INFO - [2025-01-17T11:23:04.897+0000] {dag.py:3239} INFO - Sync 1 DAGs
[2025-01-17T11:23:04.921+0000] {logging_mixin.py:190} INFO - [2025-01-17T11:23:04.921+0000] {dag.py:4180} INFO - Setting next_dagrun for example_skip_dag to 2025-01-16 00:00:00+00:00, run_after=2025-01-17 00:00:00+00:00
[2025-01-17T11:23:04.945+0000] {processor.py:208} INFO - Processing /home/airflow/.local/lib/python3.12/site-packages/airflow/example_dags/example_skip_dag.py took 0.089 seconds
[2025-01-17T11:23:36.698+0000] {processor.py:186} INFO - Started process (PID=291) to work on /home/airflow/.local/lib/python3.12/site-packages/airflow/example_dags/example_skip_dag.py
[2025-01-17T11:23:36.699+0000] {processor.py:914} INFO - Processing file /home/airflow/.local/lib/python3.12/site-packages/airflow/example_dags/example_skip_dag.py for tasks to queue
[2025-01-17T11:23:36.702+0000] {logging_mixin.py:190} INFO - [2025-01-17T11:23:36.702+0000] {dagbag.py:588} INFO - Filling up the DagBag from /home/airflow/.local/lib/python3.12/site-packages/airflow/example_dags/example_skip_dag.py
[2025-01-17T11:23:36.711+0000] {processor.py:925} INFO - DAG(s) 'example_skip_dag' retrieved from /home/airflow/.local/lib/python3.12/site-packages/airflow/example_dags/example_skip_dag.py
[2025-01-17T11:23:36.734+0000] {logging_mixin.py:190} INFO - [2025-01-17T11:23:36.733+0000] {dag.py:3239} INFO - Sync 1 DAGs
[2025-01-17T11:23:36.759+0000] {logging_mixin.py:190} INFO - [2025-01-17T11:23:36.758+0000] {dag.py:4180} INFO - Setting next_dagrun for example_skip_dag to 2025-01-16 00:00:00+00:00, run_after=2025-01-17 00:00:00+00:00
[2025-01-17T11:23:36.784+0000] {processor.py:208} INFO - Processing /home/airflow/.local/lib/python3.12/site-packages/airflow/example_dags/example_skip_dag.py took 0.091 seconds
[2025-01-17T11:24:08.119+0000] {processor.py:186} INFO - Started process (PID=355) to work on /home/airflow/.local/lib/python3.12/site-packages/airflow/example_dags/example_skip_dag.py
[2025-01-17T11:24:08.123+0000] {processor.py:914} INFO - Processing file /home/airflow/.local/lib/python3.12/site-packages/airflow/example_dags/example_skip_dag.py for tasks to queue
[2025-01-17T11:24:08.129+0000] {logging_mixin.py:190} INFO - [2025-01-17T11:24:08.129+0000] {dagbag.py:588} INFO - Filling up the DagBag from /home/airflow/.local/lib/python3.12/site-packages/airflow/example_dags/example_skip_dag.py
[2025-01-17T11:24:08.137+0000] {processor.py:925} INFO - DAG(s) 'example_skip_dag' retrieved from /home/airflow/.local/lib/python3.12/site-packages/airflow/example_dags/example_skip_dag.py
[2025-01-17T11:24:08.161+0000] {logging_mixin.py:190} INFO - [2025-01-17T11:24:08.161+0000] {dag.py:3239} INFO - Sync 1 DAGs
[2025-01-17T11:24:08.191+0000] {logging_mixin.py:190} INFO - [2025-01-17T11:24:08.191+0000] {dag.py:4180} INFO - Setting next_dagrun for example_skip_dag to 2025-01-16 00:00:00+00:00, run_after=2025-01-17 00:00:00+00:00
[2025-01-17T11:24:08.216+0000] {processor.py:208} INFO - Processing /home/airflow/.local/lib/python3.12/site-packages/airflow/example_dags/example_skip_dag.py took 0.105 seconds
[2025-01-17T11:24:39.145+0000] {processor.py:186} INFO - Started process (PID=419) to work on /home/airflow/.local/lib/python3.12/site-packages/airflow/example_dags/example_skip_dag.py
[2025-01-17T11:24:39.146+0000] {processor.py:914} INFO - Processing file /home/airflow/.local/lib/python3.12/site-packages/airflow/example_dags/example_skip_dag.py for tasks to queue
[2025-01-17T11:24:39.149+0000] {logging_mixin.py:190} INFO - [2025-01-17T11:24:39.148+0000] {dagbag.py:588} INFO - Filling up the DagBag from /home/airflow/.local/lib/python3.12/site-packages/airflow/example_dags/example_skip_dag.py
[2025-01-17T11:24:39.156+0000] {processor.py:925} INFO - DAG(s) 'example_skip_dag' retrieved from /home/airflow/.local/lib/python3.12/site-packages/airflow/example_dags/example_skip_dag.py
[2025-01-17T11:24:39.180+0000] {logging_mixin.py:190} INFO - [2025-01-17T11:24:39.180+0000] {dag.py:3239} INFO - Sync 1 DAGs
[2025-01-17T11:24:39.205+0000] {logging_mixin.py:190} INFO - [2025-01-17T11:24:39.204+0000] {dag.py:4180} INFO - Setting next_dagrun for example_skip_dag to 2025-01-16 00:00:00+00:00, run_after=2025-01-17 00:00:00+00:00
[2025-01-17T11:24:39.228+0000] {processor.py:208} INFO - Processing /home/airflow/.local/lib/python3.12/site-packages/airflow/example_dags/example_skip_dag.py took 0.089 seconds
[2025-01-17T11:25:10.609+0000] {processor.py:186} INFO - Started process (PID=483) to work on /home/airflow/.local/lib/python3.12/site-packages/airflow/example_dags/example_skip_dag.py
[2025-01-17T11:25:10.611+0000] {processor.py:914} INFO - Processing file /home/airflow/.local/lib/python3.12/site-packages/airflow/example_dags/example_skip_dag.py for tasks to queue
[2025-01-17T11:25:10.615+0000] {logging_mixin.py:190} INFO - [2025-01-17T11:25:10.614+0000] {dagbag.py:588} INFO - Filling up the DagBag from /home/airflow/.local/lib/python3.12/site-packages/airflow/example_dags/example_skip_dag.py
[2025-01-17T11:25:10.622+0000] {processor.py:925} INFO - DAG(s) 'example_skip_dag' retrieved from /home/airflow/.local/lib/python3.12/site-packages/airflow/example_dags/example_skip_dag.py
[2025-01-17T11:25:10.645+0000] {logging_mixin.py:190} INFO - [2025-01-17T11:25:10.645+0000] {dag.py:3239} INFO - Sync 1 DAGs
[2025-01-17T11:25:10.670+0000] {logging_mixin.py:190} INFO - [2025-01-17T11:25:10.670+0000] {dag.py:4180} INFO - Setting next_dagrun for example_skip_dag to 2025-01-16 00:00:00+00:00, run_after=2025-01-17 00:00:00+00:00
[2025-01-17T11:25:10.694+0000] {processor.py:208} INFO - Processing /home/airflow/.local/lib/python3.12/site-packages/airflow/example_dags/example_skip_dag.py took 0.089 seconds
[2025-01-17T11:25:42.320+0000] {processor.py:186} INFO - Started process (PID=548) to work on /home/airflow/.local/lib/python3.12/site-packages/airflow/example_dags/example_skip_dag.py
[2025-01-17T11:25:42.321+0000] {processor.py:914} INFO - Processing file /home/airflow/.local/lib/python3.12/site-packages/airflow/example_dags/example_skip_dag.py for tasks to queue
[2025-01-17T11:25:42.324+0000] {logging_mixin.py:190} INFO - [2025-01-17T11:25:42.324+0000] {dagbag.py:588} INFO - Filling up the DagBag from /home/airflow/.local/lib/python3.12/site-packages/airflow/example_dags/example_skip_dag.py
[2025-01-17T11:25:42.331+0000] {processor.py:925} INFO - DAG(s) 'example_skip_dag' retrieved from /home/airflow/.local/lib/python3.12/site-packages/airflow/example_dags/example_skip_dag.py
[2025-01-17T11:25:42.353+0000] {logging_mixin.py:190} INFO - [2025-01-17T11:25:42.353+0000] {dag.py:3239} INFO - Sync 1 DAGs
[2025-01-17T11:25:42.376+0000] {logging_mixin.py:190} INFO - [2025-01-17T11:25:42.376+0000] {dag.py:4180} INFO - Setting next_dagrun for example_skip_dag to 2025-01-16 00:00:00+00:00, run_after=2025-01-17 00:00:00+00:00
[2025-01-17T11:25:42.399+0000] {processor.py:208} INFO - Processing /home/airflow/.local/lib/python3.12/site-packages/airflow/example_dags/example_skip_dag.py took 0.083 seconds
[2025-01-17T11:26:12.806+0000] {processor.py:186} INFO - Started process (PID=612) to work on /home/airflow/.local/lib/python3.12/site-packages/airflow/example_dags/example_skip_dag.py
[2025-01-17T11:26:12.807+0000] {processor.py:914} INFO - Processing file /home/airflow/.local/lib/python3.12/site-packages/airflow/example_dags/example_skip_dag.py for tasks to queue
[2025-01-17T11:26:12.809+0000] {logging_mixin.py:190} INFO - [2025-01-17T11:26:12.809+0000] {dagbag.py:588} INFO - Filling up the DagBag from /home/airflow/.local/lib/python3.12/site-packages/airflow/example_dags/example_skip_dag.py
[2025-01-17T11:26:12.817+0000] {processor.py:925} INFO - DAG(s) 'example_skip_dag' retrieved from /home/airflow/.local/lib/python3.12/site-packages/airflow/example_dags/example_skip_dag.py
[2025-01-17T11:26:12.840+0000] {logging_mixin.py:190} INFO - [2025-01-17T11:26:12.840+0000] {dag.py:3239} INFO - Sync 1 DAGs
[2025-01-17T11:26:12.864+0000] {logging_mixin.py:190} INFO - [2025-01-17T11:26:12.864+0000] {dag.py:4180} INFO - Setting next_dagrun for example_skip_dag to 2025-01-16 00:00:00+00:00, run_after=2025-01-17 00:00:00+00:00
[2025-01-17T11:26:12.890+0000] {processor.py:208} INFO - Processing /home/airflow/.local/lib/python3.12/site-packages/airflow/example_dags/example_skip_dag.py took 0.090 seconds
[2025-01-17T11:26:44.238+0000] {processor.py:186} INFO - Started process (PID=676) to work on /home/airflow/.local/lib/python3.12/site-packages/airflow/example_dags/example_skip_dag.py
[2025-01-17T11:26:44.239+0000] {processor.py:914} INFO - Processing file /home/airflow/.local/lib/python3.12/site-packages/airflow/example_dags/example_skip_dag.py for tasks to queue
[2025-01-17T11:26:44.241+0000] {logging_mixin.py:190} INFO - [2025-01-17T11:26:44.241+0000] {dagbag.py:588} INFO - Filling up the DagBag from /home/airflow/.local/lib/python3.12/site-packages/airflow/example_dags/example_skip_dag.py
[2025-01-17T11:26:44.250+0000] {processor.py:925} INFO - DAG(s) 'example_skip_dag' retrieved from /home/airflow/.local/lib/python3.12/site-packages/airflow/example_dags/example_skip_dag.py
[2025-01-17T11:26:44.272+0000] {logging_mixin.py:190} INFO - [2025-01-17T11:26:44.272+0000] {dag.py:3239} INFO - Sync 1 DAGs
[2025-01-17T11:26:44.299+0000] {logging_mixin.py:190} INFO - [2025-01-17T11:26:44.298+0000] {dag.py:4180} INFO - Setting next_dagrun for example_skip_dag to 2025-01-16 00:00:00+00:00, run_after=2025-01-17 00:00:00+00:00
[2025-01-17T11:26:44.322+0000] {processor.py:208} INFO - Processing /home/airflow/.local/lib/python3.12/site-packages/airflow/example_dags/example_skip_dag.py took 0.089 seconds
[2025-01-17T11:27:15.682+0000] {processor.py:186} INFO - Started process (PID=740) to work on /home/airflow/.local/lib/python3.12/site-packages/airflow/example_dags/example_skip_dag.py
[2025-01-17T11:27:15.683+0000] {processor.py:914} INFO - Processing file /home/airflow/.local/lib/python3.12/site-packages/airflow/example_dags/example_skip_dag.py for tasks to queue
[2025-01-17T11:27:15.686+0000] {logging_mixin.py:190} INFO - [2025-01-17T11:27:15.686+0000] {dagbag.py:588} INFO - Filling up the DagBag from /home/airflow/.local/lib/python3.12/site-packages/airflow/example_dags/example_skip_dag.py
[2025-01-17T11:27:15.694+0000] {processor.py:925} INFO - DAG(s) 'example_skip_dag' retrieved from /home/airflow/.local/lib/python3.12/site-packages/airflow/example_dags/example_skip_dag.py
[2025-01-17T11:27:15.719+0000] {logging_mixin.py:190} INFO - [2025-01-17T11:27:15.719+0000] {dag.py:3239} INFO - Sync 1 DAGs
[2025-01-17T11:27:15.743+0000] {logging_mixin.py:190} INFO - [2025-01-17T11:27:15.743+0000] {dag.py:4180} INFO - Setting next_dagrun for example_skip_dag to 2025-01-16 00:00:00+00:00, run_after=2025-01-17 00:00:00+00:00
[2025-01-17T11:27:15.768+0000] {processor.py:208} INFO - Processing /home/airflow/.local/lib/python3.12/site-packages/airflow/example_dags/example_skip_dag.py took 0.092 seconds
[2025-01-17T11:27:47.444+0000] {processor.py:186} INFO - Started process (PID=804) to work on /home/airflow/.local/lib/python3.12/site-packages/airflow/example_dags/example_skip_dag.py
[2025-01-17T11:27:47.446+0000] {processor.py:914} INFO - Processing file /home/airflow/.local/lib/python3.12/site-packages/airflow/example_dags/example_skip_dag.py for tasks to queue
[2025-01-17T11:27:47.450+0000] {logging_mixin.py:190} INFO - [2025-01-17T11:27:47.449+0000] {dagbag.py:588} INFO - Filling up the DagBag from /home/airflow/.local/lib/python3.12/site-packages/airflow/example_dags/example_skip_dag.py
[2025-01-17T11:27:47.462+0000] {processor.py:925} INFO - DAG(s) 'example_skip_dag' retrieved from /home/airflow/.local/lib/python3.12/site-packages/airflow/example_dags/example_skip_dag.py
[2025-01-17T11:27:47.495+0000] {logging_mixin.py:190} INFO - [2025-01-17T11:27:47.494+0000] {dag.py:3239} INFO - Sync 1 DAGs
[2025-01-17T11:27:47.519+0000] {logging_mixin.py:190} INFO - [2025-01-17T11:27:47.519+0000] {dag.py:4180} INFO - Setting next_dagrun for example_skip_dag to 2025-01-16 00:00:00+00:00, run_after=2025-01-17 00:00:00+00:00
[2025-01-17T11:27:47.544+0000] {processor.py:208} INFO - Processing /home/airflow/.local/lib/python3.12/site-packages/airflow/example_dags/example_skip_dag.py took 0.110 seconds
[2025-01-17T11:28:18.043+0000] {processor.py:186} INFO - Started process (PID=868) to work on /home/airflow/.local/lib/python3.12/site-packages/airflow/example_dags/example_skip_dag.py
[2025-01-17T11:28:18.045+0000] {processor.py:914} INFO - Processing file /home/airflow/.local/lib/python3.12/site-packages/airflow/example_dags/example_skip_dag.py for tasks to queue
[2025-01-17T11:28:18.047+0000] {logging_mixin.py:190} INFO - [2025-01-17T11:28:18.047+0000] {dagbag.py:588} INFO - Filling up the DagBag from /home/airflow/.local/lib/python3.12/site-packages/airflow/example_dags/example_skip_dag.py
[2025-01-17T11:28:18.055+0000] {processor.py:925} INFO - DAG(s) 'example_skip_dag' retrieved from /home/airflow/.local/lib/python3.12/site-packages/airflow/example_dags/example_skip_dag.py
[2025-01-17T11:28:18.083+0000] {logging_mixin.py:190} INFO - [2025-01-17T11:28:18.082+0000] {dag.py:3239} INFO - Sync 1 DAGs
[2025-01-17T11:28:18.109+0000] {logging_mixin.py:190} INFO - [2025-01-17T11:28:18.109+0000] {dag.py:4180} INFO - Setting next_dagrun for example_skip_dag to 2025-01-16 00:00:00+00:00, run_after=2025-01-17 00:00:00+00:00
[2025-01-17T11:28:18.137+0000] {processor.py:208} INFO - Processing /home/airflow/.local/lib/python3.12/site-packages/airflow/example_dags/example_skip_dag.py took 0.099 seconds
[2025-01-17T11:28:48.927+0000] {processor.py:186} INFO - Started process (PID=933) to work on /home/airflow/.local/lib/python3.12/site-packages/airflow/example_dags/example_skip_dag.py
[2025-01-17T11:28:48.929+0000] {processor.py:914} INFO - Processing file /home/airflow/.local/lib/python3.12/site-packages/airflow/example_dags/example_skip_dag.py for tasks to queue
[2025-01-17T11:28:48.932+0000] {logging_mixin.py:190} INFO - [2025-01-17T11:28:48.931+0000] {dagbag.py:588} INFO - Filling up the DagBag from /home/airflow/.local/lib/python3.12/site-packages/airflow/example_dags/example_skip_dag.py
[2025-01-17T11:28:48.943+0000] {processor.py:925} INFO - DAG(s) 'example_skip_dag' retrieved from /home/airflow/.local/lib/python3.12/site-packages/airflow/example_dags/example_skip_dag.py
[2025-01-17T11:28:48.968+0000] {logging_mixin.py:190} INFO - [2025-01-17T11:28:48.968+0000] {dag.py:3239} INFO - Sync 1 DAGs
[2025-01-17T11:28:49.000+0000] {logging_mixin.py:190} INFO - [2025-01-17T11:28:49.000+0000] {dag.py:4180} INFO - Setting next_dagrun for example_skip_dag to 2025-01-16 00:00:00+00:00, run_after=2025-01-17 00:00:00+00:00
[2025-01-17T11:28:49.034+0000] {processor.py:208} INFO - Processing /home/airflow/.local/lib/python3.12/site-packages/airflow/example_dags/example_skip_dag.py took 0.115 seconds
[2025-01-17T11:29:20.245+0000] {processor.py:186} INFO - Started process (PID=997) to work on /home/airflow/.local/lib/python3.12/site-packages/airflow/example_dags/example_skip_dag.py
[2025-01-17T11:29:20.247+0000] {processor.py:914} INFO - Processing file /home/airflow/.local/lib/python3.12/site-packages/airflow/example_dags/example_skip_dag.py for tasks to queue
[2025-01-17T11:29:20.250+0000] {logging_mixin.py:190} INFO - [2025-01-17T11:29:20.250+0000] {dagbag.py:588} INFO - Filling up the DagBag from /home/airflow/.local/lib/python3.12/site-packages/airflow/example_dags/example_skip_dag.py
[2025-01-17T11:29:20.259+0000] {processor.py:925} INFO - DAG(s) 'example_skip_dag' retrieved from /home/airflow/.local/lib/python3.12/site-packages/airflow/example_dags/example_skip_dag.py
[2025-01-17T11:29:20.285+0000] {logging_mixin.py:190} INFO - [2025-01-17T11:29:20.285+0000] {dag.py:3239} INFO - Sync 1 DAGs
[2025-01-17T11:29:20.313+0000] {logging_mixin.py:190} INFO - [2025-01-17T11:29:20.313+0000] {dag.py:4180} INFO - Setting next_dagrun for example_skip_dag to 2025-01-16 00:00:00+00:00, run_after=2025-01-17 00:00:00+00:00
[2025-01-17T11:29:20.339+0000] {processor.py:208} INFO - Processing /home/airflow/.local/lib/python3.12/site-packages/airflow/example_dags/example_skip_dag.py took 0.099 seconds
