[2025-01-17T10:32:01.261+0000] {processor.py:186} INFO - Started process (PID=94) to work on /home/airflow/.local/lib/python3.12/site-packages/airflow/example_dags/example_latest_only.py
[2025-01-17T10:32:01.263+0000] {processor.py:914} INFO - Processing file /home/airflow/.local/lib/python3.12/site-packages/airflow/example_dags/example_latest_only.py for tasks to queue
[2025-01-17T10:32:01.269+0000] {logging_mixin.py:190} INFO - [2025-01-17T10:32:01.268+0000] {dagbag.py:588} INFO - Filling up the DagBag from /home/airflow/.local/lib/python3.12/site-packages/airflow/example_dags/example_latest_only.py
[2025-01-17T10:32:01.279+0000] {processor.py:925} INFO - DAG(s) 'latest_only' retrieved from /home/airflow/.local/lib/python3.12/site-packages/airflow/example_dags/example_latest_only.py
[2025-01-17T10:32:01.313+0000] {logging_mixin.py:190} INFO - [2025-01-17T10:32:01.313+0000] {dag.py:3239} INFO - Sync 1 DAGs
[2025-01-17T10:32:01.342+0000] {logging_mixin.py:190} INFO - [2025-01-17T10:32:01.342+0000] {dag.py:4180} INFO - Setting next_dagrun for latest_only to 2025-01-17 04:00:00+00:00, run_after=2025-01-17 08:00:00+00:00
[2025-01-17T10:32:01.368+0000] {processor.py:208} INFO - Processing /home/airflow/.local/lib/python3.12/site-packages/airflow/example_dags/example_latest_only.py took 0.116 seconds
[2025-01-17T10:32:33.151+0000] {processor.py:186} INFO - Started process (PID=158) to work on /home/airflow/.local/lib/python3.12/site-packages/airflow/example_dags/example_latest_only.py
[2025-01-17T10:32:33.153+0000] {processor.py:914} INFO - Processing file /home/airflow/.local/lib/python3.12/site-packages/airflow/example_dags/example_latest_only.py for tasks to queue
[2025-01-17T10:32:33.157+0000] {logging_mixin.py:190} INFO - [2025-01-17T10:32:33.156+0000] {dagbag.py:588} INFO - Filling up the DagBag from /home/airflow/.local/lib/python3.12/site-packages/airflow/example_dags/example_latest_only.py
[2025-01-17T10:32:33.167+0000] {processor.py:925} INFO - DAG(s) 'latest_only' retrieved from /home/airflow/.local/lib/python3.12/site-packages/airflow/example_dags/example_latest_only.py
[2025-01-17T10:32:33.203+0000] {logging_mixin.py:190} INFO - [2025-01-17T10:32:33.202+0000] {dag.py:3239} INFO - Sync 1 DAGs
[2025-01-17T10:32:33.239+0000] {logging_mixin.py:190} INFO - [2025-01-17T10:32:33.239+0000] {dag.py:4180} INFO - Setting next_dagrun for latest_only to 2025-01-17 04:00:00+00:00, run_after=2025-01-17 08:00:00+00:00
[2025-01-17T10:32:33.273+0000] {processor.py:208} INFO - Processing /home/airflow/.local/lib/python3.12/site-packages/airflow/example_dags/example_latest_only.py took 0.129 seconds
[2025-01-17T10:33:04.239+0000] {processor.py:186} INFO - Started process (PID=222) to work on /home/airflow/.local/lib/python3.12/site-packages/airflow/example_dags/example_latest_only.py
[2025-01-17T10:33:04.241+0000] {processor.py:914} INFO - Processing file /home/airflow/.local/lib/python3.12/site-packages/airflow/example_dags/example_latest_only.py for tasks to queue
[2025-01-17T10:33:04.245+0000] {logging_mixin.py:190} INFO - [2025-01-17T10:33:04.245+0000] {dagbag.py:588} INFO - Filling up the DagBag from /home/airflow/.local/lib/python3.12/site-packages/airflow/example_dags/example_latest_only.py
[2025-01-17T10:33:04.258+0000] {processor.py:925} INFO - DAG(s) 'latest_only' retrieved from /home/airflow/.local/lib/python3.12/site-packages/airflow/example_dags/example_latest_only.py
[2025-01-17T10:33:04.290+0000] {logging_mixin.py:190} INFO - [2025-01-17T10:33:04.290+0000] {dag.py:3239} INFO - Sync 1 DAGs
[2025-01-17T10:33:04.336+0000] {logging_mixin.py:190} INFO - [2025-01-17T10:33:04.335+0000] {dag.py:4180} INFO - Setting next_dagrun for latest_only to 2025-01-17 04:00:00+00:00, run_after=2025-01-17 08:00:00+00:00
[2025-01-17T10:33:04.366+0000] {processor.py:208} INFO - Processing /home/airflow/.local/lib/python3.12/site-packages/airflow/example_dags/example_latest_only.py took 0.136 seconds
[2025-01-17T10:33:35.943+0000] {processor.py:186} INFO - Started process (PID=286) to work on /home/airflow/.local/lib/python3.12/site-packages/airflow/example_dags/example_latest_only.py
[2025-01-17T10:33:35.945+0000] {processor.py:914} INFO - Processing file /home/airflow/.local/lib/python3.12/site-packages/airflow/example_dags/example_latest_only.py for tasks to queue
[2025-01-17T10:33:35.948+0000] {logging_mixin.py:190} INFO - [2025-01-17T10:33:35.948+0000] {dagbag.py:588} INFO - Filling up the DagBag from /home/airflow/.local/lib/python3.12/site-packages/airflow/example_dags/example_latest_only.py
[2025-01-17T10:33:35.959+0000] {processor.py:925} INFO - DAG(s) 'latest_only' retrieved from /home/airflow/.local/lib/python3.12/site-packages/airflow/example_dags/example_latest_only.py
[2025-01-17T10:33:35.992+0000] {logging_mixin.py:190} INFO - [2025-01-17T10:33:35.992+0000] {dag.py:3239} INFO - Sync 1 DAGs
[2025-01-17T10:33:36.030+0000] {logging_mixin.py:190} INFO - [2025-01-17T10:33:36.030+0000] {dag.py:4180} INFO - Setting next_dagrun for latest_only to 2025-01-17 04:00:00+00:00, run_after=2025-01-17 08:00:00+00:00
[2025-01-17T10:33:36.070+0000] {processor.py:208} INFO - Processing /home/airflow/.local/lib/python3.12/site-packages/airflow/example_dags/example_latest_only.py took 0.135 seconds
[2025-01-17T10:34:07.482+0000] {processor.py:186} INFO - Started process (PID=350) to work on /home/airflow/.local/lib/python3.12/site-packages/airflow/example_dags/example_latest_only.py
[2025-01-17T10:34:07.485+0000] {processor.py:914} INFO - Processing file /home/airflow/.local/lib/python3.12/site-packages/airflow/example_dags/example_latest_only.py for tasks to queue
[2025-01-17T10:34:07.489+0000] {logging_mixin.py:190} INFO - [2025-01-17T10:34:07.488+0000] {dagbag.py:588} INFO - Filling up the DagBag from /home/airflow/.local/lib/python3.12/site-packages/airflow/example_dags/example_latest_only.py
[2025-01-17T10:34:07.503+0000] {processor.py:925} INFO - DAG(s) 'latest_only' retrieved from /home/airflow/.local/lib/python3.12/site-packages/airflow/example_dags/example_latest_only.py
[2025-01-17T10:34:07.540+0000] {logging_mixin.py:190} INFO - [2025-01-17T10:34:07.539+0000] {dag.py:3239} INFO - Sync 1 DAGs
[2025-01-17T10:34:07.580+0000] {logging_mixin.py:190} INFO - [2025-01-17T10:34:07.580+0000] {dag.py:4180} INFO - Setting next_dagrun for latest_only to 2025-01-17 04:00:00+00:00, run_after=2025-01-17 08:00:00+00:00
[2025-01-17T10:34:07.620+0000] {processor.py:208} INFO - Processing /home/airflow/.local/lib/python3.12/site-packages/airflow/example_dags/example_latest_only.py took 0.150 seconds
[2025-01-17T10:34:38.919+0000] {processor.py:186} INFO - Started process (PID=413) to work on /home/airflow/.local/lib/python3.12/site-packages/airflow/example_dags/example_latest_only.py
[2025-01-17T10:34:38.921+0000] {processor.py:914} INFO - Processing file /home/airflow/.local/lib/python3.12/site-packages/airflow/example_dags/example_latest_only.py for tasks to queue
[2025-01-17T10:34:38.923+0000] {logging_mixin.py:190} INFO - [2025-01-17T10:34:38.923+0000] {dagbag.py:588} INFO - Filling up the DagBag from /home/airflow/.local/lib/python3.12/site-packages/airflow/example_dags/example_latest_only.py
[2025-01-17T10:34:38.935+0000] {processor.py:925} INFO - DAG(s) 'latest_only' retrieved from /home/airflow/.local/lib/python3.12/site-packages/airflow/example_dags/example_latest_only.py
[2025-01-17T10:34:38.972+0000] {logging_mixin.py:190} INFO - [2025-01-17T10:34:38.971+0000] {dag.py:3239} INFO - Sync 1 DAGs
[2025-01-17T10:34:39.012+0000] {logging_mixin.py:190} INFO - [2025-01-17T10:34:39.011+0000] {dag.py:4180} INFO - Setting next_dagrun for latest_only to 2025-01-17 04:00:00+00:00, run_after=2025-01-17 08:00:00+00:00
[2025-01-17T10:34:39.046+0000] {processor.py:208} INFO - Processing /home/airflow/.local/lib/python3.12/site-packages/airflow/example_dags/example_latest_only.py took 0.136 seconds
[2025-01-17T10:35:11.050+0000] {processor.py:186} INFO - Started process (PID=476) to work on /home/airflow/.local/lib/python3.12/site-packages/airflow/example_dags/example_latest_only.py
[2025-01-17T10:35:11.051+0000] {processor.py:914} INFO - Processing file /home/airflow/.local/lib/python3.12/site-packages/airflow/example_dags/example_latest_only.py for tasks to queue
[2025-01-17T10:35:11.053+0000] {logging_mixin.py:190} INFO - [2025-01-17T10:35:11.053+0000] {dagbag.py:588} INFO - Filling up the DagBag from /home/airflow/.local/lib/python3.12/site-packages/airflow/example_dags/example_latest_only.py
[2025-01-17T10:35:11.065+0000] {processor.py:925} INFO - DAG(s) 'latest_only' retrieved from /home/airflow/.local/lib/python3.12/site-packages/airflow/example_dags/example_latest_only.py
[2025-01-17T10:35:11.098+0000] {logging_mixin.py:190} INFO - [2025-01-17T10:35:11.097+0000] {dag.py:3239} INFO - Sync 1 DAGs
[2025-01-17T10:35:11.135+0000] {logging_mixin.py:190} INFO - [2025-01-17T10:35:11.134+0000] {dag.py:4180} INFO - Setting next_dagrun for latest_only to 2025-01-17 04:00:00+00:00, run_after=2025-01-17 08:00:00+00:00
[2025-01-17T10:35:11.168+0000] {processor.py:208} INFO - Processing /home/airflow/.local/lib/python3.12/site-packages/airflow/example_dags/example_latest_only.py took 0.127 seconds
[2025-01-17T10:35:42.649+0000] {processor.py:186} INFO - Started process (PID=539) to work on /home/airflow/.local/lib/python3.12/site-packages/airflow/example_dags/example_latest_only.py
[2025-01-17T10:35:42.651+0000] {processor.py:914} INFO - Processing file /home/airflow/.local/lib/python3.12/site-packages/airflow/example_dags/example_latest_only.py for tasks to queue
[2025-01-17T10:35:42.655+0000] {logging_mixin.py:190} INFO - [2025-01-17T10:35:42.653+0000] {dagbag.py:588} INFO - Filling up the DagBag from /home/airflow/.local/lib/python3.12/site-packages/airflow/example_dags/example_latest_only.py
[2025-01-17T10:35:42.667+0000] {processor.py:925} INFO - DAG(s) 'latest_only' retrieved from /home/airflow/.local/lib/python3.12/site-packages/airflow/example_dags/example_latest_only.py
[2025-01-17T10:35:42.698+0000] {logging_mixin.py:190} INFO - [2025-01-17T10:35:42.698+0000] {dag.py:3239} INFO - Sync 1 DAGs
[2025-01-17T10:35:42.732+0000] {logging_mixin.py:190} INFO - [2025-01-17T10:35:42.731+0000] {dag.py:4180} INFO - Setting next_dagrun for latest_only to 2025-01-17 04:00:00+00:00, run_after=2025-01-17 08:00:00+00:00
[2025-01-17T10:35:42.764+0000] {processor.py:208} INFO - Processing /home/airflow/.local/lib/python3.12/site-packages/airflow/example_dags/example_latest_only.py took 0.124 seconds
[2025-01-17T10:36:14.511+0000] {processor.py:186} INFO - Started process (PID=602) to work on /home/airflow/.local/lib/python3.12/site-packages/airflow/example_dags/example_latest_only.py
[2025-01-17T10:36:14.513+0000] {processor.py:914} INFO - Processing file /home/airflow/.local/lib/python3.12/site-packages/airflow/example_dags/example_latest_only.py for tasks to queue
[2025-01-17T10:36:14.516+0000] {logging_mixin.py:190} INFO - [2025-01-17T10:36:14.516+0000] {dagbag.py:588} INFO - Filling up the DagBag from /home/airflow/.local/lib/python3.12/site-packages/airflow/example_dags/example_latest_only.py
[2025-01-17T10:36:14.530+0000] {processor.py:925} INFO - DAG(s) 'latest_only' retrieved from /home/airflow/.local/lib/python3.12/site-packages/airflow/example_dags/example_latest_only.py
[2025-01-17T10:36:14.561+0000] {logging_mixin.py:190} INFO - [2025-01-17T10:36:14.561+0000] {dag.py:3239} INFO - Sync 1 DAGs
[2025-01-17T10:36:14.596+0000] {logging_mixin.py:190} INFO - [2025-01-17T10:36:14.596+0000] {dag.py:4180} INFO - Setting next_dagrun for latest_only to 2025-01-17 04:00:00+00:00, run_after=2025-01-17 08:00:00+00:00
[2025-01-17T10:36:14.625+0000] {processor.py:208} INFO - Processing /home/airflow/.local/lib/python3.12/site-packages/airflow/example_dags/example_latest_only.py took 0.123 seconds
[2025-01-17T10:37:30.931+0000] {processor.py:186} INFO - Started process (PID=87) to work on /home/airflow/.local/lib/python3.12/site-packages/airflow/example_dags/example_latest_only.py
[2025-01-17T10:37:30.933+0000] {processor.py:914} INFO - Processing file /home/airflow/.local/lib/python3.12/site-packages/airflow/example_dags/example_latest_only.py for tasks to queue
[2025-01-17T10:37:30.941+0000] {logging_mixin.py:190} INFO - [2025-01-17T10:37:30.941+0000] {dagbag.py:588} INFO - Filling up the DagBag from /home/airflow/.local/lib/python3.12/site-packages/airflow/example_dags/example_latest_only.py
[2025-01-17T10:37:30.954+0000] {processor.py:925} INFO - DAG(s) 'latest_only' retrieved from /home/airflow/.local/lib/python3.12/site-packages/airflow/example_dags/example_latest_only.py
[2025-01-17T10:37:30.998+0000] {logging_mixin.py:190} INFO - [2025-01-17T10:37:30.998+0000] {dag.py:3239} INFO - Sync 1 DAGs
[2025-01-17T10:37:31.036+0000] {logging_mixin.py:190} INFO - [2025-01-17T10:37:31.036+0000] {dag.py:4180} INFO - Setting next_dagrun for latest_only to 2025-01-17 04:00:00+00:00, run_after=2025-01-17 08:00:00+00:00
[2025-01-17T10:37:31.066+0000] {processor.py:208} INFO - Processing /home/airflow/.local/lib/python3.12/site-packages/airflow/example_dags/example_latest_only.py took 0.143 seconds
[2025-01-17T10:38:02.518+0000] {processor.py:186} INFO - Started process (PID=151) to work on /home/airflow/.local/lib/python3.12/site-packages/airflow/example_dags/example_latest_only.py
[2025-01-17T10:38:02.520+0000] {processor.py:914} INFO - Processing file /home/airflow/.local/lib/python3.12/site-packages/airflow/example_dags/example_latest_only.py for tasks to queue
[2025-01-17T10:38:02.525+0000] {logging_mixin.py:190} INFO - [2025-01-17T10:38:02.525+0000] {dagbag.py:588} INFO - Filling up the DagBag from /home/airflow/.local/lib/python3.12/site-packages/airflow/example_dags/example_latest_only.py
[2025-01-17T10:38:02.538+0000] {processor.py:925} INFO - DAG(s) 'latest_only' retrieved from /home/airflow/.local/lib/python3.12/site-packages/airflow/example_dags/example_latest_only.py
[2025-01-17T10:38:02.574+0000] {logging_mixin.py:190} INFO - [2025-01-17T10:38:02.573+0000] {dag.py:3239} INFO - Sync 1 DAGs
[2025-01-17T10:38:02.611+0000] {logging_mixin.py:190} INFO - [2025-01-17T10:38:02.610+0000] {dag.py:4180} INFO - Setting next_dagrun for latest_only to 2025-01-17 04:00:00+00:00, run_after=2025-01-17 08:00:00+00:00
[2025-01-17T10:38:02.641+0000] {processor.py:208} INFO - Processing /home/airflow/.local/lib/python3.12/site-packages/airflow/example_dags/example_latest_only.py took 0.132 seconds
[2025-01-17T10:52:14.570+0000] {processor.py:186} INFO - Started process (PID=88) to work on /home/airflow/.local/lib/python3.12/site-packages/airflow/example_dags/example_latest_only.py
[2025-01-17T10:52:14.571+0000] {processor.py:914} INFO - Processing file /home/airflow/.local/lib/python3.12/site-packages/airflow/example_dags/example_latest_only.py for tasks to queue
[2025-01-17T10:52:14.574+0000] {logging_mixin.py:190} INFO - [2025-01-17T10:52:14.574+0000] {dagbag.py:588} INFO - Filling up the DagBag from /home/airflow/.local/lib/python3.12/site-packages/airflow/example_dags/example_latest_only.py
[2025-01-17T10:52:14.582+0000] {processor.py:925} INFO - DAG(s) 'latest_only' retrieved from /home/airflow/.local/lib/python3.12/site-packages/airflow/example_dags/example_latest_only.py
[2025-01-17T10:52:14.610+0000] {logging_mixin.py:190} INFO - [2025-01-17T10:52:14.609+0000] {dag.py:3239} INFO - Sync 1 DAGs
[2025-01-17T10:52:14.634+0000] {logging_mixin.py:190} INFO - [2025-01-17T10:52:14.634+0000] {dag.py:4180} INFO - Setting next_dagrun for latest_only to 2025-01-17 04:00:00+00:00, run_after=2025-01-17 08:00:00+00:00
[2025-01-17T10:52:14.658+0000] {processor.py:208} INFO - Processing /home/airflow/.local/lib/python3.12/site-packages/airflow/example_dags/example_latest_only.py took 0.094 seconds
[2025-01-17T10:52:46.016+0000] {processor.py:186} INFO - Started process (PID=158) to work on /home/airflow/.local/lib/python3.12/site-packages/airflow/example_dags/example_latest_only.py
[2025-01-17T10:52:46.018+0000] {processor.py:914} INFO - Processing file /home/airflow/.local/lib/python3.12/site-packages/airflow/example_dags/example_latest_only.py for tasks to queue
[2025-01-17T10:52:46.020+0000] {logging_mixin.py:190} INFO - [2025-01-17T10:52:46.020+0000] {dagbag.py:588} INFO - Filling up the DagBag from /home/airflow/.local/lib/python3.12/site-packages/airflow/example_dags/example_latest_only.py
[2025-01-17T10:52:46.028+0000] {processor.py:925} INFO - DAG(s) 'latest_only' retrieved from /home/airflow/.local/lib/python3.12/site-packages/airflow/example_dags/example_latest_only.py
[2025-01-17T10:52:46.049+0000] {logging_mixin.py:190} INFO - [2025-01-17T10:52:46.048+0000] {dag.py:3239} INFO - Sync 1 DAGs
[2025-01-17T10:52:46.072+0000] {logging_mixin.py:190} INFO - [2025-01-17T10:52:46.072+0000] {dag.py:4180} INFO - Setting next_dagrun for latest_only to 2025-01-17 04:00:00+00:00, run_after=2025-01-17 08:00:00+00:00
[2025-01-17T10:52:46.097+0000] {processor.py:208} INFO - Processing /home/airflow/.local/lib/python3.12/site-packages/airflow/example_dags/example_latest_only.py took 0.086 seconds
[2025-01-17T10:53:17.173+0000] {processor.py:186} INFO - Started process (PID=222) to work on /home/airflow/.local/lib/python3.12/site-packages/airflow/example_dags/example_latest_only.py
[2025-01-17T10:53:17.175+0000] {processor.py:914} INFO - Processing file /home/airflow/.local/lib/python3.12/site-packages/airflow/example_dags/example_latest_only.py for tasks to queue
[2025-01-17T10:53:17.178+0000] {logging_mixin.py:190} INFO - [2025-01-17T10:53:17.177+0000] {dagbag.py:588} INFO - Filling up the DagBag from /home/airflow/.local/lib/python3.12/site-packages/airflow/example_dags/example_latest_only.py
[2025-01-17T10:53:17.185+0000] {processor.py:925} INFO - DAG(s) 'latest_only' retrieved from /home/airflow/.local/lib/python3.12/site-packages/airflow/example_dags/example_latest_only.py
[2025-01-17T10:53:17.207+0000] {logging_mixin.py:190} INFO - [2025-01-17T10:53:17.206+0000] {dag.py:3239} INFO - Sync 1 DAGs
[2025-01-17T10:53:17.230+0000] {logging_mixin.py:190} INFO - [2025-01-17T10:53:17.230+0000] {dag.py:4180} INFO - Setting next_dagrun for latest_only to 2025-01-17 04:00:00+00:00, run_after=2025-01-17 08:00:00+00:00
[2025-01-17T10:53:17.253+0000] {processor.py:208} INFO - Processing /home/airflow/.local/lib/python3.12/site-packages/airflow/example_dags/example_latest_only.py took 0.085 seconds
[2025-01-17T10:53:48.643+0000] {processor.py:186} INFO - Started process (PID=287) to work on /home/airflow/.local/lib/python3.12/site-packages/airflow/example_dags/example_latest_only.py
[2025-01-17T10:53:48.645+0000] {processor.py:914} INFO - Processing file /home/airflow/.local/lib/python3.12/site-packages/airflow/example_dags/example_latest_only.py for tasks to queue
[2025-01-17T10:53:48.648+0000] {logging_mixin.py:190} INFO - [2025-01-17T10:53:48.648+0000] {dagbag.py:588} INFO - Filling up the DagBag from /home/airflow/.local/lib/python3.12/site-packages/airflow/example_dags/example_latest_only.py
[2025-01-17T10:53:48.656+0000] {processor.py:925} INFO - DAG(s) 'latest_only' retrieved from /home/airflow/.local/lib/python3.12/site-packages/airflow/example_dags/example_latest_only.py
[2025-01-17T10:53:48.680+0000] {logging_mixin.py:190} INFO - [2025-01-17T10:53:48.679+0000] {dag.py:3239} INFO - Sync 1 DAGs
[2025-01-17T10:53:48.703+0000] {logging_mixin.py:190} INFO - [2025-01-17T10:53:48.703+0000] {dag.py:4180} INFO - Setting next_dagrun for latest_only to 2025-01-17 04:00:00+00:00, run_after=2025-01-17 08:00:00+00:00
[2025-01-17T10:53:48.727+0000] {processor.py:208} INFO - Processing /home/airflow/.local/lib/python3.12/site-packages/airflow/example_dags/example_latest_only.py took 0.089 seconds
[2025-01-17T10:54:19.919+0000] {processor.py:186} INFO - Started process (PID=351) to work on /home/airflow/.local/lib/python3.12/site-packages/airflow/example_dags/example_latest_only.py
[2025-01-17T10:54:19.921+0000] {processor.py:914} INFO - Processing file /home/airflow/.local/lib/python3.12/site-packages/airflow/example_dags/example_latest_only.py for tasks to queue
[2025-01-17T10:54:19.923+0000] {logging_mixin.py:190} INFO - [2025-01-17T10:54:19.923+0000] {dagbag.py:588} INFO - Filling up the DagBag from /home/airflow/.local/lib/python3.12/site-packages/airflow/example_dags/example_latest_only.py
[2025-01-17T10:54:19.930+0000] {processor.py:925} INFO - DAG(s) 'latest_only' retrieved from /home/airflow/.local/lib/python3.12/site-packages/airflow/example_dags/example_latest_only.py
[2025-01-17T10:54:19.953+0000] {logging_mixin.py:190} INFO - [2025-01-17T10:54:19.953+0000] {dag.py:3239} INFO - Sync 1 DAGs
[2025-01-17T10:54:19.978+0000] {logging_mixin.py:190} INFO - [2025-01-17T10:54:19.977+0000] {dag.py:4180} INFO - Setting next_dagrun for latest_only to 2025-01-17 04:00:00+00:00, run_after=2025-01-17 08:00:00+00:00
[2025-01-17T10:54:20.002+0000] {processor.py:208} INFO - Processing /home/airflow/.local/lib/python3.12/site-packages/airflow/example_dags/example_latest_only.py took 0.088 seconds
[2025-01-17T10:54:51.213+0000] {processor.py:186} INFO - Started process (PID=415) to work on /home/airflow/.local/lib/python3.12/site-packages/airflow/example_dags/example_latest_only.py
[2025-01-17T10:54:51.214+0000] {processor.py:914} INFO - Processing file /home/airflow/.local/lib/python3.12/site-packages/airflow/example_dags/example_latest_only.py for tasks to queue
[2025-01-17T10:54:51.217+0000] {logging_mixin.py:190} INFO - [2025-01-17T10:54:51.217+0000] {dagbag.py:588} INFO - Filling up the DagBag from /home/airflow/.local/lib/python3.12/site-packages/airflow/example_dags/example_latest_only.py
[2025-01-17T10:54:51.224+0000] {processor.py:925} INFO - DAG(s) 'latest_only' retrieved from /home/airflow/.local/lib/python3.12/site-packages/airflow/example_dags/example_latest_only.py
[2025-01-17T10:54:51.248+0000] {logging_mixin.py:190} INFO - [2025-01-17T10:54:51.247+0000] {dag.py:3239} INFO - Sync 1 DAGs
[2025-01-17T10:54:51.272+0000] {logging_mixin.py:190} INFO - [2025-01-17T10:54:51.272+0000] {dag.py:4180} INFO - Setting next_dagrun for latest_only to 2025-01-17 04:00:00+00:00, run_after=2025-01-17 08:00:00+00:00
[2025-01-17T10:54:51.295+0000] {processor.py:208} INFO - Processing /home/airflow/.local/lib/python3.12/site-packages/airflow/example_dags/example_latest_only.py took 0.088 seconds
[2025-01-17T10:55:22.712+0000] {processor.py:186} INFO - Started process (PID=479) to work on /home/airflow/.local/lib/python3.12/site-packages/airflow/example_dags/example_latest_only.py
[2025-01-17T10:55:22.713+0000] {processor.py:914} INFO - Processing file /home/airflow/.local/lib/python3.12/site-packages/airflow/example_dags/example_latest_only.py for tasks to queue
[2025-01-17T10:55:22.715+0000] {logging_mixin.py:190} INFO - [2025-01-17T10:55:22.715+0000] {dagbag.py:588} INFO - Filling up the DagBag from /home/airflow/.local/lib/python3.12/site-packages/airflow/example_dags/example_latest_only.py
[2025-01-17T10:55:22.723+0000] {processor.py:925} INFO - DAG(s) 'latest_only' retrieved from /home/airflow/.local/lib/python3.12/site-packages/airflow/example_dags/example_latest_only.py
[2025-01-17T10:55:22.745+0000] {logging_mixin.py:190} INFO - [2025-01-17T10:55:22.745+0000] {dag.py:3239} INFO - Sync 1 DAGs
[2025-01-17T10:55:22.768+0000] {logging_mixin.py:190} INFO - [2025-01-17T10:55:22.768+0000] {dag.py:4180} INFO - Setting next_dagrun for latest_only to 2025-01-17 04:00:00+00:00, run_after=2025-01-17 08:00:00+00:00
[2025-01-17T10:55:22.791+0000] {processor.py:208} INFO - Processing /home/airflow/.local/lib/python3.12/site-packages/airflow/example_dags/example_latest_only.py took 0.085 seconds
[2025-01-17T10:55:54.133+0000] {processor.py:186} INFO - Started process (PID=544) to work on /home/airflow/.local/lib/python3.12/site-packages/airflow/example_dags/example_latest_only.py
[2025-01-17T10:55:54.135+0000] {processor.py:914} INFO - Processing file /home/airflow/.local/lib/python3.12/site-packages/airflow/example_dags/example_latest_only.py for tasks to queue
[2025-01-17T10:55:54.138+0000] {logging_mixin.py:190} INFO - [2025-01-17T10:55:54.137+0000] {dagbag.py:588} INFO - Filling up the DagBag from /home/airflow/.local/lib/python3.12/site-packages/airflow/example_dags/example_latest_only.py
[2025-01-17T10:55:54.147+0000] {processor.py:925} INFO - DAG(s) 'latest_only' retrieved from /home/airflow/.local/lib/python3.12/site-packages/airflow/example_dags/example_latest_only.py
[2025-01-17T10:55:54.168+0000] {logging_mixin.py:190} INFO - [2025-01-17T10:55:54.168+0000] {dag.py:3239} INFO - Sync 1 DAGs
[2025-01-17T10:55:54.193+0000] {logging_mixin.py:190} INFO - [2025-01-17T10:55:54.193+0000] {dag.py:4180} INFO - Setting next_dagrun for latest_only to 2025-01-17 04:00:00+00:00, run_after=2025-01-17 08:00:00+00:00
[2025-01-17T10:55:54.217+0000] {processor.py:208} INFO - Processing /home/airflow/.local/lib/python3.12/site-packages/airflow/example_dags/example_latest_only.py took 0.089 seconds
[2025-01-17T10:56:25.350+0000] {processor.py:186} INFO - Started process (PID=608) to work on /home/airflow/.local/lib/python3.12/site-packages/airflow/example_dags/example_latest_only.py
[2025-01-17T10:56:25.351+0000] {processor.py:914} INFO - Processing file /home/airflow/.local/lib/python3.12/site-packages/airflow/example_dags/example_latest_only.py for tasks to queue
[2025-01-17T10:56:25.354+0000] {logging_mixin.py:190} INFO - [2025-01-17T10:56:25.354+0000] {dagbag.py:588} INFO - Filling up the DagBag from /home/airflow/.local/lib/python3.12/site-packages/airflow/example_dags/example_latest_only.py
[2025-01-17T10:56:25.361+0000] {processor.py:925} INFO - DAG(s) 'latest_only' retrieved from /home/airflow/.local/lib/python3.12/site-packages/airflow/example_dags/example_latest_only.py
[2025-01-17T10:56:25.383+0000] {logging_mixin.py:190} INFO - [2025-01-17T10:56:25.383+0000] {dag.py:3239} INFO - Sync 1 DAGs
[2025-01-17T10:56:25.411+0000] {logging_mixin.py:190} INFO - [2025-01-17T10:56:25.411+0000] {dag.py:4180} INFO - Setting next_dagrun for latest_only to 2025-01-17 04:00:00+00:00, run_after=2025-01-17 08:00:00+00:00
[2025-01-17T10:56:25.437+0000] {processor.py:208} INFO - Processing /home/airflow/.local/lib/python3.12/site-packages/airflow/example_dags/example_latest_only.py took 0.092 seconds
[2025-01-17T10:56:56.954+0000] {processor.py:186} INFO - Started process (PID=673) to work on /home/airflow/.local/lib/python3.12/site-packages/airflow/example_dags/example_latest_only.py
[2025-01-17T10:56:56.955+0000] {processor.py:914} INFO - Processing file /home/airflow/.local/lib/python3.12/site-packages/airflow/example_dags/example_latest_only.py for tasks to queue
[2025-01-17T10:56:56.958+0000] {logging_mixin.py:190} INFO - [2025-01-17T10:56:56.958+0000] {dagbag.py:588} INFO - Filling up the DagBag from /home/airflow/.local/lib/python3.12/site-packages/airflow/example_dags/example_latest_only.py
[2025-01-17T10:56:56.966+0000] {processor.py:925} INFO - DAG(s) 'latest_only' retrieved from /home/airflow/.local/lib/python3.12/site-packages/airflow/example_dags/example_latest_only.py
[2025-01-17T10:56:56.987+0000] {logging_mixin.py:190} INFO - [2025-01-17T10:56:56.986+0000] {dag.py:3239} INFO - Sync 1 DAGs
[2025-01-17T10:56:57.012+0000] {logging_mixin.py:190} INFO - [2025-01-17T10:56:57.011+0000] {dag.py:4180} INFO - Setting next_dagrun for latest_only to 2025-01-17 04:00:00+00:00, run_after=2025-01-17 08:00:00+00:00
[2025-01-17T10:56:57.036+0000] {processor.py:208} INFO - Processing /home/airflow/.local/lib/python3.12/site-packages/airflow/example_dags/example_latest_only.py took 0.087 seconds
[2025-01-17T10:57:27.697+0000] {processor.py:186} INFO - Started process (PID=737) to work on /home/airflow/.local/lib/python3.12/site-packages/airflow/example_dags/example_latest_only.py
[2025-01-17T10:57:27.698+0000] {processor.py:914} INFO - Processing file /home/airflow/.local/lib/python3.12/site-packages/airflow/example_dags/example_latest_only.py for tasks to queue
[2025-01-17T10:57:27.702+0000] {logging_mixin.py:190} INFO - [2025-01-17T10:57:27.701+0000] {dagbag.py:588} INFO - Filling up the DagBag from /home/airflow/.local/lib/python3.12/site-packages/airflow/example_dags/example_latest_only.py
[2025-01-17T10:57:27.709+0000] {processor.py:925} INFO - DAG(s) 'latest_only' retrieved from /home/airflow/.local/lib/python3.12/site-packages/airflow/example_dags/example_latest_only.py
[2025-01-17T10:57:27.730+0000] {logging_mixin.py:190} INFO - [2025-01-17T10:57:27.729+0000] {dag.py:3239} INFO - Sync 1 DAGs
[2025-01-17T10:57:27.754+0000] {logging_mixin.py:190} INFO - [2025-01-17T10:57:27.754+0000] {dag.py:4180} INFO - Setting next_dagrun for latest_only to 2025-01-17 04:00:00+00:00, run_after=2025-01-17 08:00:00+00:00
[2025-01-17T10:57:27.778+0000] {processor.py:208} INFO - Processing /home/airflow/.local/lib/python3.12/site-packages/airflow/example_dags/example_latest_only.py took 0.087 seconds
[2025-01-17T10:57:59.338+0000] {processor.py:186} INFO - Started process (PID=801) to work on /home/airflow/.local/lib/python3.12/site-packages/airflow/example_dags/example_latest_only.py
[2025-01-17T10:57:59.340+0000] {processor.py:914} INFO - Processing file /home/airflow/.local/lib/python3.12/site-packages/airflow/example_dags/example_latest_only.py for tasks to queue
[2025-01-17T10:57:59.343+0000] {logging_mixin.py:190} INFO - [2025-01-17T10:57:59.342+0000] {dagbag.py:588} INFO - Filling up the DagBag from /home/airflow/.local/lib/python3.12/site-packages/airflow/example_dags/example_latest_only.py
[2025-01-17T10:57:59.351+0000] {processor.py:925} INFO - DAG(s) 'latest_only' retrieved from /home/airflow/.local/lib/python3.12/site-packages/airflow/example_dags/example_latest_only.py
[2025-01-17T10:57:59.373+0000] {logging_mixin.py:190} INFO - [2025-01-17T10:57:59.373+0000] {dag.py:3239} INFO - Sync 1 DAGs
[2025-01-17T10:57:59.398+0000] {logging_mixin.py:190} INFO - [2025-01-17T10:57:59.398+0000] {dag.py:4180} INFO - Setting next_dagrun for latest_only to 2025-01-17 04:00:00+00:00, run_after=2025-01-17 08:00:00+00:00
[2025-01-17T10:57:59.423+0000] {processor.py:208} INFO - Processing /home/airflow/.local/lib/python3.12/site-packages/airflow/example_dags/example_latest_only.py took 0.090 seconds
[2025-01-17T10:58:31.300+0000] {processor.py:186} INFO - Started process (PID=865) to work on /home/airflow/.local/lib/python3.12/site-packages/airflow/example_dags/example_latest_only.py
[2025-01-17T10:58:31.302+0000] {processor.py:914} INFO - Processing file /home/airflow/.local/lib/python3.12/site-packages/airflow/example_dags/example_latest_only.py for tasks to queue
[2025-01-17T10:58:31.305+0000] {logging_mixin.py:190} INFO - [2025-01-17T10:58:31.305+0000] {dagbag.py:588} INFO - Filling up the DagBag from /home/airflow/.local/lib/python3.12/site-packages/airflow/example_dags/example_latest_only.py
[2025-01-17T10:58:31.313+0000] {processor.py:925} INFO - DAG(s) 'latest_only' retrieved from /home/airflow/.local/lib/python3.12/site-packages/airflow/example_dags/example_latest_only.py
[2025-01-17T10:58:31.332+0000] {logging_mixin.py:190} INFO - [2025-01-17T10:58:31.332+0000] {dag.py:3239} INFO - Sync 1 DAGs
[2025-01-17T10:58:31.359+0000] {logging_mixin.py:190} INFO - [2025-01-17T10:58:31.358+0000] {dag.py:4180} INFO - Setting next_dagrun for latest_only to 2025-01-17 04:00:00+00:00, run_after=2025-01-17 08:00:00+00:00
[2025-01-17T10:58:31.383+0000] {processor.py:208} INFO - Processing /home/airflow/.local/lib/python3.12/site-packages/airflow/example_dags/example_latest_only.py took 0.088 seconds
[2025-01-17T10:59:01.945+0000] {processor.py:186} INFO - Started process (PID=929) to work on /home/airflow/.local/lib/python3.12/site-packages/airflow/example_dags/example_latest_only.py
[2025-01-17T10:59:01.946+0000] {processor.py:914} INFO - Processing file /home/airflow/.local/lib/python3.12/site-packages/airflow/example_dags/example_latest_only.py for tasks to queue
[2025-01-17T10:59:01.949+0000] {logging_mixin.py:190} INFO - [2025-01-17T10:59:01.949+0000] {dagbag.py:588} INFO - Filling up the DagBag from /home/airflow/.local/lib/python3.12/site-packages/airflow/example_dags/example_latest_only.py
[2025-01-17T10:59:01.956+0000] {processor.py:925} INFO - DAG(s) 'latest_only' retrieved from /home/airflow/.local/lib/python3.12/site-packages/airflow/example_dags/example_latest_only.py
[2025-01-17T10:59:01.980+0000] {logging_mixin.py:190} INFO - [2025-01-17T10:59:01.980+0000] {dag.py:3239} INFO - Sync 1 DAGs
[2025-01-17T10:59:02.003+0000] {logging_mixin.py:190} INFO - [2025-01-17T10:59:02.003+0000] {dag.py:4180} INFO - Setting next_dagrun for latest_only to 2025-01-17 04:00:00+00:00, run_after=2025-01-17 08:00:00+00:00
[2025-01-17T10:59:02.025+0000] {processor.py:208} INFO - Processing /home/airflow/.local/lib/python3.12/site-packages/airflow/example_dags/example_latest_only.py took 0.086 seconds
[2025-01-17T10:59:33.214+0000] {processor.py:186} INFO - Started process (PID=993) to work on /home/airflow/.local/lib/python3.12/site-packages/airflow/example_dags/example_latest_only.py
[2025-01-17T10:59:33.215+0000] {processor.py:914} INFO - Processing file /home/airflow/.local/lib/python3.12/site-packages/airflow/example_dags/example_latest_only.py for tasks to queue
[2025-01-17T10:59:33.218+0000] {logging_mixin.py:190} INFO - [2025-01-17T10:59:33.218+0000] {dagbag.py:588} INFO - Filling up the DagBag from /home/airflow/.local/lib/python3.12/site-packages/airflow/example_dags/example_latest_only.py
[2025-01-17T10:59:33.225+0000] {processor.py:925} INFO - DAG(s) 'latest_only' retrieved from /home/airflow/.local/lib/python3.12/site-packages/airflow/example_dags/example_latest_only.py
[2025-01-17T10:59:33.247+0000] {logging_mixin.py:190} INFO - [2025-01-17T10:59:33.247+0000] {dag.py:3239} INFO - Sync 1 DAGs
[2025-01-17T10:59:33.272+0000] {logging_mixin.py:190} INFO - [2025-01-17T10:59:33.272+0000] {dag.py:4180} INFO - Setting next_dagrun for latest_only to 2025-01-17 04:00:00+00:00, run_after=2025-01-17 08:00:00+00:00
[2025-01-17T10:59:33.296+0000] {processor.py:208} INFO - Processing /home/airflow/.local/lib/python3.12/site-packages/airflow/example_dags/example_latest_only.py took 0.087 seconds
[2025-01-17T11:00:04.300+0000] {processor.py:186} INFO - Started process (PID=1057) to work on /home/airflow/.local/lib/python3.12/site-packages/airflow/example_dags/example_latest_only.py
[2025-01-17T11:00:04.301+0000] {processor.py:914} INFO - Processing file /home/airflow/.local/lib/python3.12/site-packages/airflow/example_dags/example_latest_only.py for tasks to queue
[2025-01-17T11:00:04.304+0000] {logging_mixin.py:190} INFO - [2025-01-17T11:00:04.304+0000] {dagbag.py:588} INFO - Filling up the DagBag from /home/airflow/.local/lib/python3.12/site-packages/airflow/example_dags/example_latest_only.py
[2025-01-17T11:00:04.313+0000] {processor.py:925} INFO - DAG(s) 'latest_only' retrieved from /home/airflow/.local/lib/python3.12/site-packages/airflow/example_dags/example_latest_only.py
[2025-01-17T11:00:04.335+0000] {logging_mixin.py:190} INFO - [2025-01-17T11:00:04.335+0000] {dag.py:3239} INFO - Sync 1 DAGs
[2025-01-17T11:00:04.361+0000] {logging_mixin.py:190} INFO - [2025-01-17T11:00:04.361+0000] {dag.py:4180} INFO - Setting next_dagrun for latest_only to 2025-01-17 04:00:00+00:00, run_after=2025-01-17 08:00:00+00:00
[2025-01-17T11:00:04.385+0000] {processor.py:208} INFO - Processing /home/airflow/.local/lib/python3.12/site-packages/airflow/example_dags/example_latest_only.py took 0.090 seconds
[2025-01-17T11:22:01.807+0000] {processor.py:186} INFO - Started process (PID=81) to work on /home/airflow/.local/lib/python3.12/site-packages/airflow/example_dags/example_latest_only.py
[2025-01-17T11:22:01.809+0000] {processor.py:914} INFO - Processing file /home/airflow/.local/lib/python3.12/site-packages/airflow/example_dags/example_latest_only.py for tasks to queue
[2025-01-17T11:22:01.813+0000] {logging_mixin.py:190} INFO - [2025-01-17T11:22:01.812+0000] {dagbag.py:588} INFO - Filling up the DagBag from /home/airflow/.local/lib/python3.12/site-packages/airflow/example_dags/example_latest_only.py
[2025-01-17T11:22:01.820+0000] {processor.py:925} INFO - DAG(s) 'latest_only' retrieved from /home/airflow/.local/lib/python3.12/site-packages/airflow/example_dags/example_latest_only.py
[2025-01-17T11:22:01.849+0000] {logging_mixin.py:190} INFO - [2025-01-17T11:22:01.848+0000] {dag.py:3239} INFO - Sync 1 DAGs
[2025-01-17T11:22:01.871+0000] {logging_mixin.py:190} INFO - [2025-01-17T11:22:01.871+0000] {dag.py:4180} INFO - Setting next_dagrun for latest_only to 2025-01-17 04:00:00+00:00, run_after=2025-01-17 08:00:00+00:00
[2025-01-17T11:22:01.896+0000] {processor.py:208} INFO - Processing /home/airflow/.local/lib/python3.12/site-packages/airflow/example_dags/example_latest_only.py took 0.094 seconds
[2025-01-17T11:22:32.758+0000] {processor.py:186} INFO - Started process (PID=145) to work on /home/airflow/.local/lib/python3.12/site-packages/airflow/example_dags/example_latest_only.py
[2025-01-17T11:22:32.759+0000] {processor.py:914} INFO - Processing file /home/airflow/.local/lib/python3.12/site-packages/airflow/example_dags/example_latest_only.py for tasks to queue
[2025-01-17T11:22:32.762+0000] {logging_mixin.py:190} INFO - [2025-01-17T11:22:32.762+0000] {dagbag.py:588} INFO - Filling up the DagBag from /home/airflow/.local/lib/python3.12/site-packages/airflow/example_dags/example_latest_only.py
[2025-01-17T11:22:32.769+0000] {processor.py:925} INFO - DAG(s) 'latest_only' retrieved from /home/airflow/.local/lib/python3.12/site-packages/airflow/example_dags/example_latest_only.py
[2025-01-17T11:22:32.806+0000] {logging_mixin.py:190} INFO - [2025-01-17T11:22:32.806+0000] {dag.py:3239} INFO - Sync 1 DAGs
[2025-01-17T11:22:32.839+0000] {logging_mixin.py:190} INFO - [2025-01-17T11:22:32.839+0000] {dag.py:4180} INFO - Setting next_dagrun for latest_only to 2025-01-17 04:00:00+00:00, run_after=2025-01-17 08:00:00+00:00
[2025-01-17T11:22:32.863+0000] {processor.py:208} INFO - Processing /home/airflow/.local/lib/python3.12/site-packages/airflow/example_dags/example_latest_only.py took 0.110 seconds
[2025-01-17T11:23:04.127+0000] {processor.py:186} INFO - Started process (PID=215) to work on /home/airflow/.local/lib/python3.12/site-packages/airflow/example_dags/example_latest_only.py
[2025-01-17T11:23:04.129+0000] {processor.py:914} INFO - Processing file /home/airflow/.local/lib/python3.12/site-packages/airflow/example_dags/example_latest_only.py for tasks to queue
[2025-01-17T11:23:04.132+0000] {logging_mixin.py:190} INFO - [2025-01-17T11:23:04.131+0000] {dagbag.py:588} INFO - Filling up the DagBag from /home/airflow/.local/lib/python3.12/site-packages/airflow/example_dags/example_latest_only.py
[2025-01-17T11:23:04.139+0000] {processor.py:925} INFO - DAG(s) 'latest_only' retrieved from /home/airflow/.local/lib/python3.12/site-packages/airflow/example_dags/example_latest_only.py
[2025-01-17T11:23:04.159+0000] {logging_mixin.py:190} INFO - [2025-01-17T11:23:04.159+0000] {dag.py:3239} INFO - Sync 1 DAGs
[2025-01-17T11:23:04.185+0000] {logging_mixin.py:190} INFO - [2025-01-17T11:23:04.184+0000] {dag.py:4180} INFO - Setting next_dagrun for latest_only to 2025-01-17 04:00:00+00:00, run_after=2025-01-17 08:00:00+00:00
[2025-01-17T11:23:04.207+0000] {processor.py:208} INFO - Processing /home/airflow/.local/lib/python3.12/site-packages/airflow/example_dags/example_latest_only.py took 0.085 seconds
[2025-01-17T11:23:35.822+0000] {processor.py:186} INFO - Started process (PID=279) to work on /home/airflow/.local/lib/python3.12/site-packages/airflow/example_dags/example_latest_only.py
[2025-01-17T11:23:35.824+0000] {processor.py:914} INFO - Processing file /home/airflow/.local/lib/python3.12/site-packages/airflow/example_dags/example_latest_only.py for tasks to queue
[2025-01-17T11:23:35.826+0000] {logging_mixin.py:190} INFO - [2025-01-17T11:23:35.826+0000] {dagbag.py:588} INFO - Filling up the DagBag from /home/airflow/.local/lib/python3.12/site-packages/airflow/example_dags/example_latest_only.py
[2025-01-17T11:23:35.835+0000] {processor.py:925} INFO - DAG(s) 'latest_only' retrieved from /home/airflow/.local/lib/python3.12/site-packages/airflow/example_dags/example_latest_only.py
[2025-01-17T11:23:35.859+0000] {logging_mixin.py:190} INFO - [2025-01-17T11:23:35.859+0000] {dag.py:3239} INFO - Sync 1 DAGs
[2025-01-17T11:23:35.887+0000] {logging_mixin.py:190} INFO - [2025-01-17T11:23:35.886+0000] {dag.py:4180} INFO - Setting next_dagrun for latest_only to 2025-01-17 04:00:00+00:00, run_after=2025-01-17 08:00:00+00:00
[2025-01-17T11:23:35.915+0000] {processor.py:208} INFO - Processing /home/airflow/.local/lib/python3.12/site-packages/airflow/example_dags/example_latest_only.py took 0.098 seconds
[2025-01-17T11:24:07.061+0000] {processor.py:186} INFO - Started process (PID=343) to work on /home/airflow/.local/lib/python3.12/site-packages/airflow/example_dags/example_latest_only.py
[2025-01-17T11:24:07.063+0000] {processor.py:914} INFO - Processing file /home/airflow/.local/lib/python3.12/site-packages/airflow/example_dags/example_latest_only.py for tasks to queue
[2025-01-17T11:24:07.065+0000] {logging_mixin.py:190} INFO - [2025-01-17T11:24:07.065+0000] {dagbag.py:588} INFO - Filling up the DagBag from /home/airflow/.local/lib/python3.12/site-packages/airflow/example_dags/example_latest_only.py
[2025-01-17T11:24:07.073+0000] {processor.py:925} INFO - DAG(s) 'latest_only' retrieved from /home/airflow/.local/lib/python3.12/site-packages/airflow/example_dags/example_latest_only.py
[2025-01-17T11:24:07.097+0000] {logging_mixin.py:190} INFO - [2025-01-17T11:24:07.096+0000] {dag.py:3239} INFO - Sync 1 DAGs
[2025-01-17T11:24:07.124+0000] {logging_mixin.py:190} INFO - [2025-01-17T11:24:07.123+0000] {dag.py:4180} INFO - Setting next_dagrun for latest_only to 2025-01-17 04:00:00+00:00, run_after=2025-01-17 08:00:00+00:00
[2025-01-17T11:24:07.148+0000] {processor.py:208} INFO - Processing /home/airflow/.local/lib/python3.12/site-packages/airflow/example_dags/example_latest_only.py took 0.092 seconds
[2025-01-17T11:24:38.275+0000] {processor.py:186} INFO - Started process (PID=407) to work on /home/airflow/.local/lib/python3.12/site-packages/airflow/example_dags/example_latest_only.py
[2025-01-17T11:24:38.276+0000] {processor.py:914} INFO - Processing file /home/airflow/.local/lib/python3.12/site-packages/airflow/example_dags/example_latest_only.py for tasks to queue
[2025-01-17T11:24:38.279+0000] {logging_mixin.py:190} INFO - [2025-01-17T11:24:38.279+0000] {dagbag.py:588} INFO - Filling up the DagBag from /home/airflow/.local/lib/python3.12/site-packages/airflow/example_dags/example_latest_only.py
[2025-01-17T11:24:38.287+0000] {processor.py:925} INFO - DAG(s) 'latest_only' retrieved from /home/airflow/.local/lib/python3.12/site-packages/airflow/example_dags/example_latest_only.py
[2025-01-17T11:24:38.308+0000] {logging_mixin.py:190} INFO - [2025-01-17T11:24:38.308+0000] {dag.py:3239} INFO - Sync 1 DAGs
[2025-01-17T11:24:38.334+0000] {logging_mixin.py:190} INFO - [2025-01-17T11:24:38.333+0000] {dag.py:4180} INFO - Setting next_dagrun for latest_only to 2025-01-17 04:00:00+00:00, run_after=2025-01-17 08:00:00+00:00
[2025-01-17T11:24:38.356+0000] {processor.py:208} INFO - Processing /home/airflow/.local/lib/python3.12/site-packages/airflow/example_dags/example_latest_only.py took 0.086 seconds
[2025-01-17T11:25:09.749+0000] {processor.py:186} INFO - Started process (PID=471) to work on /home/airflow/.local/lib/python3.12/site-packages/airflow/example_dags/example_latest_only.py
[2025-01-17T11:25:09.751+0000] {processor.py:914} INFO - Processing file /home/airflow/.local/lib/python3.12/site-packages/airflow/example_dags/example_latest_only.py for tasks to queue
[2025-01-17T11:25:09.754+0000] {logging_mixin.py:190} INFO - [2025-01-17T11:25:09.753+0000] {dagbag.py:588} INFO - Filling up the DagBag from /home/airflow/.local/lib/python3.12/site-packages/airflow/example_dags/example_latest_only.py
[2025-01-17T11:25:09.761+0000] {processor.py:925} INFO - DAG(s) 'latest_only' retrieved from /home/airflow/.local/lib/python3.12/site-packages/airflow/example_dags/example_latest_only.py
[2025-01-17T11:25:09.784+0000] {logging_mixin.py:190} INFO - [2025-01-17T11:25:09.784+0000] {dag.py:3239} INFO - Sync 1 DAGs
[2025-01-17T11:25:09.810+0000] {logging_mixin.py:190} INFO - [2025-01-17T11:25:09.810+0000] {dag.py:4180} INFO - Setting next_dagrun for latest_only to 2025-01-17 04:00:00+00:00, run_after=2025-01-17 08:00:00+00:00
[2025-01-17T11:25:09.832+0000] {processor.py:208} INFO - Processing /home/airflow/.local/lib/python3.12/site-packages/airflow/example_dags/example_latest_only.py took 0.087 seconds
[2025-01-17T11:25:41.431+0000] {processor.py:186} INFO - Started process (PID=536) to work on /home/airflow/.local/lib/python3.12/site-packages/airflow/example_dags/example_latest_only.py
[2025-01-17T11:25:41.433+0000] {processor.py:914} INFO - Processing file /home/airflow/.local/lib/python3.12/site-packages/airflow/example_dags/example_latest_only.py for tasks to queue
[2025-01-17T11:25:41.436+0000] {logging_mixin.py:190} INFO - [2025-01-17T11:25:41.435+0000] {dagbag.py:588} INFO - Filling up the DagBag from /home/airflow/.local/lib/python3.12/site-packages/airflow/example_dags/example_latest_only.py
[2025-01-17T11:25:41.443+0000] {processor.py:925} INFO - DAG(s) 'latest_only' retrieved from /home/airflow/.local/lib/python3.12/site-packages/airflow/example_dags/example_latest_only.py
[2025-01-17T11:25:41.464+0000] {logging_mixin.py:190} INFO - [2025-01-17T11:25:41.464+0000] {dag.py:3239} INFO - Sync 1 DAGs
[2025-01-17T11:25:41.489+0000] {logging_mixin.py:190} INFO - [2025-01-17T11:25:41.489+0000] {dag.py:4180} INFO - Setting next_dagrun for latest_only to 2025-01-17 04:00:00+00:00, run_after=2025-01-17 08:00:00+00:00
[2025-01-17T11:25:41.510+0000] {processor.py:208} INFO - Processing /home/airflow/.local/lib/python3.12/site-packages/airflow/example_dags/example_latest_only.py took 0.084 seconds
[2025-01-17T11:26:12.024+0000] {processor.py:186} INFO - Started process (PID=600) to work on /home/airflow/.local/lib/python3.12/site-packages/airflow/example_dags/example_latest_only.py
[2025-01-17T11:26:12.025+0000] {processor.py:914} INFO - Processing file /home/airflow/.local/lib/python3.12/site-packages/airflow/example_dags/example_latest_only.py for tasks to queue
[2025-01-17T11:26:12.029+0000] {logging_mixin.py:190} INFO - [2025-01-17T11:26:12.029+0000] {dagbag.py:588} INFO - Filling up the DagBag from /home/airflow/.local/lib/python3.12/site-packages/airflow/example_dags/example_latest_only.py
[2025-01-17T11:26:12.037+0000] {processor.py:925} INFO - DAG(s) 'latest_only' retrieved from /home/airflow/.local/lib/python3.12/site-packages/airflow/example_dags/example_latest_only.py
[2025-01-17T11:26:12.059+0000] {logging_mixin.py:190} INFO - [2025-01-17T11:26:12.059+0000] {dag.py:3239} INFO - Sync 1 DAGs
[2025-01-17T11:26:12.089+0000] {logging_mixin.py:190} INFO - [2025-01-17T11:26:12.088+0000] {dag.py:4180} INFO - Setting next_dagrun for latest_only to 2025-01-17 04:00:00+00:00, run_after=2025-01-17 08:00:00+00:00
[2025-01-17T11:26:12.125+0000] {processor.py:208} INFO - Processing /home/airflow/.local/lib/python3.12/site-packages/airflow/example_dags/example_latest_only.py took 0.106 seconds
[2025-01-17T11:26:43.372+0000] {processor.py:186} INFO - Started process (PID=664) to work on /home/airflow/.local/lib/python3.12/site-packages/airflow/example_dags/example_latest_only.py
[2025-01-17T11:26:43.373+0000] {processor.py:914} INFO - Processing file /home/airflow/.local/lib/python3.12/site-packages/airflow/example_dags/example_latest_only.py for tasks to queue
[2025-01-17T11:26:43.376+0000] {logging_mixin.py:190} INFO - [2025-01-17T11:26:43.376+0000] {dagbag.py:588} INFO - Filling up the DagBag from /home/airflow/.local/lib/python3.12/site-packages/airflow/example_dags/example_latest_only.py
[2025-01-17T11:26:43.383+0000] {processor.py:925} INFO - DAG(s) 'latest_only' retrieved from /home/airflow/.local/lib/python3.12/site-packages/airflow/example_dags/example_latest_only.py
[2025-01-17T11:26:43.405+0000] {logging_mixin.py:190} INFO - [2025-01-17T11:26:43.405+0000] {dag.py:3239} INFO - Sync 1 DAGs
[2025-01-17T11:26:43.428+0000] {logging_mixin.py:190} INFO - [2025-01-17T11:26:43.428+0000] {dag.py:4180} INFO - Setting next_dagrun for latest_only to 2025-01-17 04:00:00+00:00, run_after=2025-01-17 08:00:00+00:00
[2025-01-17T11:26:43.454+0000] {processor.py:208} INFO - Processing /home/airflow/.local/lib/python3.12/site-packages/airflow/example_dags/example_latest_only.py took 0.087 seconds
[2025-01-17T11:27:14.906+0000] {processor.py:186} INFO - Started process (PID=728) to work on /home/airflow/.local/lib/python3.12/site-packages/airflow/example_dags/example_latest_only.py
[2025-01-17T11:27:14.908+0000] {processor.py:914} INFO - Processing file /home/airflow/.local/lib/python3.12/site-packages/airflow/example_dags/example_latest_only.py for tasks to queue
[2025-01-17T11:27:14.911+0000] {logging_mixin.py:190} INFO - [2025-01-17T11:27:14.910+0000] {dagbag.py:588} INFO - Filling up the DagBag from /home/airflow/.local/lib/python3.12/site-packages/airflow/example_dags/example_latest_only.py
[2025-01-17T11:27:14.918+0000] {processor.py:925} INFO - DAG(s) 'latest_only' retrieved from /home/airflow/.local/lib/python3.12/site-packages/airflow/example_dags/example_latest_only.py
[2025-01-17T11:27:14.941+0000] {logging_mixin.py:190} INFO - [2025-01-17T11:27:14.940+0000] {dag.py:3239} INFO - Sync 1 DAGs
[2025-01-17T11:27:14.976+0000] {logging_mixin.py:190} INFO - [2025-01-17T11:27:14.976+0000] {dag.py:4180} INFO - Setting next_dagrun for latest_only to 2025-01-17 04:00:00+00:00, run_after=2025-01-17 08:00:00+00:00
[2025-01-17T11:27:15.007+0000] {processor.py:208} INFO - Processing /home/airflow/.local/lib/python3.12/site-packages/airflow/example_dags/example_latest_only.py took 0.107 seconds
[2025-01-17T11:27:46.455+0000] {processor.py:186} INFO - Started process (PID=792) to work on /home/airflow/.local/lib/python3.12/site-packages/airflow/example_dags/example_latest_only.py
[2025-01-17T11:27:46.456+0000] {processor.py:914} INFO - Processing file /home/airflow/.local/lib/python3.12/site-packages/airflow/example_dags/example_latest_only.py for tasks to queue
[2025-01-17T11:27:46.459+0000] {logging_mixin.py:190} INFO - [2025-01-17T11:27:46.458+0000] {dagbag.py:588} INFO - Filling up the DagBag from /home/airflow/.local/lib/python3.12/site-packages/airflow/example_dags/example_latest_only.py
[2025-01-17T11:27:46.468+0000] {processor.py:925} INFO - DAG(s) 'latest_only' retrieved from /home/airflow/.local/lib/python3.12/site-packages/airflow/example_dags/example_latest_only.py
[2025-01-17T11:27:46.494+0000] {logging_mixin.py:190} INFO - [2025-01-17T11:27:46.493+0000] {dag.py:3239} INFO - Sync 1 DAGs
[2025-01-17T11:27:46.520+0000] {logging_mixin.py:190} INFO - [2025-01-17T11:27:46.519+0000] {dag.py:4180} INFO - Setting next_dagrun for latest_only to 2025-01-17 04:00:00+00:00, run_after=2025-01-17 08:00:00+00:00
[2025-01-17T11:27:46.545+0000] {processor.py:208} INFO - Processing /home/airflow/.local/lib/python3.12/site-packages/airflow/example_dags/example_latest_only.py took 0.096 seconds
[2025-01-17T11:28:17.101+0000] {processor.py:186} INFO - Started process (PID=856) to work on /home/airflow/.local/lib/python3.12/site-packages/airflow/example_dags/example_latest_only.py
[2025-01-17T11:28:17.102+0000] {processor.py:914} INFO - Processing file /home/airflow/.local/lib/python3.12/site-packages/airflow/example_dags/example_latest_only.py for tasks to queue
[2025-01-17T11:28:17.105+0000] {logging_mixin.py:190} INFO - [2025-01-17T11:28:17.104+0000] {dagbag.py:588} INFO - Filling up the DagBag from /home/airflow/.local/lib/python3.12/site-packages/airflow/example_dags/example_latest_only.py
[2025-01-17T11:28:17.112+0000] {processor.py:925} INFO - DAG(s) 'latest_only' retrieved from /home/airflow/.local/lib/python3.12/site-packages/airflow/example_dags/example_latest_only.py
[2025-01-17T11:28:17.134+0000] {logging_mixin.py:190} INFO - [2025-01-17T11:28:17.133+0000] {dag.py:3239} INFO - Sync 1 DAGs
[2025-01-17T11:28:17.158+0000] {logging_mixin.py:190} INFO - [2025-01-17T11:28:17.157+0000] {dag.py:4180} INFO - Setting next_dagrun for latest_only to 2025-01-17 04:00:00+00:00, run_after=2025-01-17 08:00:00+00:00
[2025-01-17T11:28:17.182+0000] {processor.py:208} INFO - Processing /home/airflow/.local/lib/python3.12/site-packages/airflow/example_dags/example_latest_only.py took 0.086 seconds
[2025-01-17T11:28:48.067+0000] {processor.py:186} INFO - Started process (PID=921) to work on /home/airflow/.local/lib/python3.12/site-packages/airflow/example_dags/example_latest_only.py
[2025-01-17T11:28:48.069+0000] {processor.py:914} INFO - Processing file /home/airflow/.local/lib/python3.12/site-packages/airflow/example_dags/example_latest_only.py for tasks to queue
[2025-01-17T11:28:48.073+0000] {logging_mixin.py:190} INFO - [2025-01-17T11:28:48.073+0000] {dagbag.py:588} INFO - Filling up the DagBag from /home/airflow/.local/lib/python3.12/site-packages/airflow/example_dags/example_latest_only.py
[2025-01-17T11:28:48.086+0000] {processor.py:925} INFO - DAG(s) 'latest_only' retrieved from /home/airflow/.local/lib/python3.12/site-packages/airflow/example_dags/example_latest_only.py
[2025-01-17T11:28:48.114+0000] {logging_mixin.py:190} INFO - [2025-01-17T11:28:48.114+0000] {dag.py:3239} INFO - Sync 1 DAGs
[2025-01-17T11:28:48.145+0000] {logging_mixin.py:190} INFO - [2025-01-17T11:28:48.144+0000] {dag.py:4180} INFO - Setting next_dagrun for latest_only to 2025-01-17 04:00:00+00:00, run_after=2025-01-17 08:00:00+00:00
[2025-01-17T11:28:48.170+0000] {processor.py:208} INFO - Processing /home/airflow/.local/lib/python3.12/site-packages/airflow/example_dags/example_latest_only.py took 0.115 seconds
[2025-01-17T11:29:19.288+0000] {processor.py:186} INFO - Started process (PID=985) to work on /home/airflow/.local/lib/python3.12/site-packages/airflow/example_dags/example_latest_only.py
[2025-01-17T11:29:19.289+0000] {processor.py:914} INFO - Processing file /home/airflow/.local/lib/python3.12/site-packages/airflow/example_dags/example_latest_only.py for tasks to queue
[2025-01-17T11:29:19.292+0000] {logging_mixin.py:190} INFO - [2025-01-17T11:29:19.292+0000] {dagbag.py:588} INFO - Filling up the DagBag from /home/airflow/.local/lib/python3.12/site-packages/airflow/example_dags/example_latest_only.py
[2025-01-17T11:29:19.299+0000] {processor.py:925} INFO - DAG(s) 'latest_only' retrieved from /home/airflow/.local/lib/python3.12/site-packages/airflow/example_dags/example_latest_only.py
[2025-01-17T11:29:19.324+0000] {logging_mixin.py:190} INFO - [2025-01-17T11:29:19.324+0000] {dag.py:3239} INFO - Sync 1 DAGs
[2025-01-17T11:29:19.349+0000] {logging_mixin.py:190} INFO - [2025-01-17T11:29:19.349+0000] {dag.py:4180} INFO - Setting next_dagrun for latest_only to 2025-01-17 04:00:00+00:00, run_after=2025-01-17 08:00:00+00:00
[2025-01-17T11:29:19.375+0000] {processor.py:208} INFO - Processing /home/airflow/.local/lib/python3.12/site-packages/airflow/example_dags/example_latest_only.py took 0.092 seconds
