[2025-01-17T10:31:58.303+0000] {processor.py:186} INFO - Started process (PID=72) to work on /home/airflow/.local/lib/python3.12/site-packages/airflow/example_dags/example_setup_teardown.py
[2025-01-17T10:31:58.306+0000] {processor.py:914} INFO - Processing file /home/airflow/.local/lib/python3.12/site-packages/airflow/example_dags/example_setup_teardown.py for tasks to queue
[2025-01-17T10:31:58.311+0000] {logging_mixin.py:190} INFO - [2025-01-17T10:31:58.310+0000] {dagbag.py:588} INFO - Filling up the DagBag from /home/airflow/.local/lib/python3.12/site-packages/airflow/example_dags/example_setup_teardown.py
[2025-01-17T10:31:58.330+0000] {processor.py:925} INFO - DAG(s) 'example_setup_teardown' retrieved from /home/airflow/.local/lib/python3.12/site-packages/airflow/example_dags/example_setup_teardown.py
[2025-01-17T10:31:58.381+0000] {logging_mixin.py:190} INFO - [2025-01-17T10:31:58.381+0000] {dag.py:3239} INFO - Sync 1 DAGs
[2025-01-17T10:31:58.410+0000] {logging_mixin.py:190} INFO - [2025-01-17T10:31:58.410+0000] {dag.py:4180} INFO - Setting next_dagrun for example_setup_teardown to None, run_after=None
[2025-01-17T10:31:58.442+0000] {processor.py:208} INFO - Processing /home/airflow/.local/lib/python3.12/site-packages/airflow/example_dags/example_setup_teardown.py took 0.151 seconds
[2025-01-17T10:32:28.789+0000] {processor.py:186} INFO - Started process (PID=136) to work on /home/airflow/.local/lib/python3.12/site-packages/airflow/example_dags/example_setup_teardown.py
[2025-01-17T10:32:28.791+0000] {processor.py:914} INFO - Processing file /home/airflow/.local/lib/python3.12/site-packages/airflow/example_dags/example_setup_teardown.py for tasks to queue
[2025-01-17T10:32:28.795+0000] {logging_mixin.py:190} INFO - [2025-01-17T10:32:28.794+0000] {dagbag.py:588} INFO - Filling up the DagBag from /home/airflow/.local/lib/python3.12/site-packages/airflow/example_dags/example_setup_teardown.py
[2025-01-17T10:32:28.805+0000] {processor.py:925} INFO - DAG(s) 'example_setup_teardown' retrieved from /home/airflow/.local/lib/python3.12/site-packages/airflow/example_dags/example_setup_teardown.py
[2025-01-17T10:32:28.832+0000] {logging_mixin.py:190} INFO - [2025-01-17T10:32:28.832+0000] {dag.py:3239} INFO - Sync 1 DAGs
[2025-01-17T10:32:28.851+0000] {logging_mixin.py:190} INFO - [2025-01-17T10:32:28.851+0000] {dag.py:4180} INFO - Setting next_dagrun for example_setup_teardown to None, run_after=None
[2025-01-17T10:32:28.880+0000] {processor.py:208} INFO - Processing /home/airflow/.local/lib/python3.12/site-packages/airflow/example_dags/example_setup_teardown.py took 0.099 seconds
[2025-01-17T10:32:59.546+0000] {processor.py:186} INFO - Started process (PID=200) to work on /home/airflow/.local/lib/python3.12/site-packages/airflow/example_dags/example_setup_teardown.py
[2025-01-17T10:32:59.548+0000] {processor.py:914} INFO - Processing file /home/airflow/.local/lib/python3.12/site-packages/airflow/example_dags/example_setup_teardown.py for tasks to queue
[2025-01-17T10:32:59.551+0000] {logging_mixin.py:190} INFO - [2025-01-17T10:32:59.551+0000] {dagbag.py:588} INFO - Filling up the DagBag from /home/airflow/.local/lib/python3.12/site-packages/airflow/example_dags/example_setup_teardown.py
[2025-01-17T10:32:59.564+0000] {processor.py:925} INFO - DAG(s) 'example_setup_teardown' retrieved from /home/airflow/.local/lib/python3.12/site-packages/airflow/example_dags/example_setup_teardown.py
[2025-01-17T10:32:59.596+0000] {logging_mixin.py:190} INFO - [2025-01-17T10:32:59.596+0000] {dag.py:3239} INFO - Sync 1 DAGs
[2025-01-17T10:32:59.622+0000] {logging_mixin.py:190} INFO - [2025-01-17T10:32:59.622+0000] {dag.py:4180} INFO - Setting next_dagrun for example_setup_teardown to None, run_after=None
[2025-01-17T10:32:59.663+0000] {processor.py:208} INFO - Processing /home/airflow/.local/lib/python3.12/site-packages/airflow/example_dags/example_setup_teardown.py took 0.126 seconds
[2025-01-17T10:33:29.805+0000] {processor.py:186} INFO - Started process (PID=264) to work on /home/airflow/.local/lib/python3.12/site-packages/airflow/example_dags/example_setup_teardown.py
[2025-01-17T10:33:29.808+0000] {processor.py:914} INFO - Processing file /home/airflow/.local/lib/python3.12/site-packages/airflow/example_dags/example_setup_teardown.py for tasks to queue
[2025-01-17T10:33:29.813+0000] {logging_mixin.py:190} INFO - [2025-01-17T10:33:29.812+0000] {dagbag.py:588} INFO - Filling up the DagBag from /home/airflow/.local/lib/python3.12/site-packages/airflow/example_dags/example_setup_teardown.py
[2025-01-17T10:33:29.830+0000] {processor.py:925} INFO - DAG(s) 'example_setup_teardown' retrieved from /home/airflow/.local/lib/python3.12/site-packages/airflow/example_dags/example_setup_teardown.py
[2025-01-17T10:33:29.881+0000] {logging_mixin.py:190} INFO - [2025-01-17T10:33:29.881+0000] {dag.py:3239} INFO - Sync 1 DAGs
[2025-01-17T10:33:29.911+0000] {logging_mixin.py:190} INFO - [2025-01-17T10:33:29.910+0000] {dag.py:4180} INFO - Setting next_dagrun for example_setup_teardown to None, run_after=None
[2025-01-17T10:33:29.954+0000] {processor.py:208} INFO - Processing /home/airflow/.local/lib/python3.12/site-packages/airflow/example_dags/example_setup_teardown.py took 0.160 seconds
[2025-01-17T10:34:00.966+0000] {processor.py:186} INFO - Started process (PID=334) to work on /home/airflow/.local/lib/python3.12/site-packages/airflow/example_dags/example_setup_teardown.py
[2025-01-17T10:34:00.968+0000] {processor.py:914} INFO - Processing file /home/airflow/.local/lib/python3.12/site-packages/airflow/example_dags/example_setup_teardown.py for tasks to queue
[2025-01-17T10:34:00.972+0000] {logging_mixin.py:190} INFO - [2025-01-17T10:34:00.972+0000] {dagbag.py:588} INFO - Filling up the DagBag from /home/airflow/.local/lib/python3.12/site-packages/airflow/example_dags/example_setup_teardown.py
[2025-01-17T10:34:00.984+0000] {processor.py:925} INFO - DAG(s) 'example_setup_teardown' retrieved from /home/airflow/.local/lib/python3.12/site-packages/airflow/example_dags/example_setup_teardown.py
[2025-01-17T10:34:01.016+0000] {logging_mixin.py:190} INFO - [2025-01-17T10:34:01.016+0000] {dag.py:3239} INFO - Sync 1 DAGs
[2025-01-17T10:34:01.038+0000] {logging_mixin.py:190} INFO - [2025-01-17T10:34:01.038+0000] {dag.py:4180} INFO - Setting next_dagrun for example_setup_teardown to None, run_after=None
[2025-01-17T10:34:01.073+0000] {processor.py:208} INFO - Processing /home/airflow/.local/lib/python3.12/site-packages/airflow/example_dags/example_setup_teardown.py took 0.114 seconds
[2025-01-17T10:34:31.285+0000] {processor.py:186} INFO - Started process (PID=397) to work on /home/airflow/.local/lib/python3.12/site-packages/airflow/example_dags/example_setup_teardown.py
[2025-01-17T10:34:31.286+0000] {processor.py:914} INFO - Processing file /home/airflow/.local/lib/python3.12/site-packages/airflow/example_dags/example_setup_teardown.py for tasks to queue
[2025-01-17T10:34:31.289+0000] {logging_mixin.py:190} INFO - [2025-01-17T10:34:31.289+0000] {dagbag.py:588} INFO - Filling up the DagBag from /home/airflow/.local/lib/python3.12/site-packages/airflow/example_dags/example_setup_teardown.py
[2025-01-17T10:34:31.301+0000] {processor.py:925} INFO - DAG(s) 'example_setup_teardown' retrieved from /home/airflow/.local/lib/python3.12/site-packages/airflow/example_dags/example_setup_teardown.py
[2025-01-17T10:34:31.339+0000] {logging_mixin.py:190} INFO - [2025-01-17T10:34:31.338+0000] {dag.py:3239} INFO - Sync 1 DAGs
[2025-01-17T10:34:31.361+0000] {logging_mixin.py:190} INFO - [2025-01-17T10:34:31.360+0000] {dag.py:4180} INFO - Setting next_dagrun for example_setup_teardown to None, run_after=None
[2025-01-17T10:34:31.396+0000] {processor.py:208} INFO - Processing /home/airflow/.local/lib/python3.12/site-packages/airflow/example_dags/example_setup_teardown.py took 0.119 seconds
[2025-01-17T10:35:01.809+0000] {processor.py:186} INFO - Started process (PID=460) to work on /home/airflow/.local/lib/python3.12/site-packages/airflow/example_dags/example_setup_teardown.py
[2025-01-17T10:35:01.811+0000] {processor.py:914} INFO - Processing file /home/airflow/.local/lib/python3.12/site-packages/airflow/example_dags/example_setup_teardown.py for tasks to queue
[2025-01-17T10:35:01.814+0000] {logging_mixin.py:190} INFO - [2025-01-17T10:35:01.813+0000] {dagbag.py:588} INFO - Filling up the DagBag from /home/airflow/.local/lib/python3.12/site-packages/airflow/example_dags/example_setup_teardown.py
[2025-01-17T10:35:01.830+0000] {processor.py:925} INFO - DAG(s) 'example_setup_teardown' retrieved from /home/airflow/.local/lib/python3.12/site-packages/airflow/example_dags/example_setup_teardown.py
[2025-01-17T10:35:01.866+0000] {logging_mixin.py:190} INFO - [2025-01-17T10:35:01.865+0000] {dag.py:3239} INFO - Sync 1 DAGs
[2025-01-17T10:35:01.890+0000] {logging_mixin.py:190} INFO - [2025-01-17T10:35:01.889+0000] {dag.py:4180} INFO - Setting next_dagrun for example_setup_teardown to None, run_after=None
[2025-01-17T10:35:01.927+0000] {processor.py:208} INFO - Processing /home/airflow/.local/lib/python3.12/site-packages/airflow/example_dags/example_setup_teardown.py took 0.129 seconds
[2025-01-17T10:35:32.858+0000] {processor.py:186} INFO - Started process (PID=523) to work on /home/airflow/.local/lib/python3.12/site-packages/airflow/example_dags/example_setup_teardown.py
[2025-01-17T10:35:32.860+0000] {processor.py:914} INFO - Processing file /home/airflow/.local/lib/python3.12/site-packages/airflow/example_dags/example_setup_teardown.py for tasks to queue
[2025-01-17T10:35:32.863+0000] {logging_mixin.py:190} INFO - [2025-01-17T10:35:32.862+0000] {dagbag.py:588} INFO - Filling up the DagBag from /home/airflow/.local/lib/python3.12/site-packages/airflow/example_dags/example_setup_teardown.py
[2025-01-17T10:35:32.887+0000] {processor.py:925} INFO - DAG(s) 'example_setup_teardown' retrieved from /home/airflow/.local/lib/python3.12/site-packages/airflow/example_dags/example_setup_teardown.py
[2025-01-17T10:35:32.929+0000] {logging_mixin.py:190} INFO - [2025-01-17T10:35:32.929+0000] {dag.py:3239} INFO - Sync 1 DAGs
[2025-01-17T10:35:32.961+0000] {logging_mixin.py:190} INFO - [2025-01-17T10:35:32.960+0000] {dag.py:4180} INFO - Setting next_dagrun for example_setup_teardown to None, run_after=None
[2025-01-17T10:35:33.011+0000] {processor.py:208} INFO - Processing /home/airflow/.local/lib/python3.12/site-packages/airflow/example_dags/example_setup_teardown.py took 0.165 seconds
[2025-01-17T10:36:03.693+0000] {processor.py:186} INFO - Started process (PID=586) to work on /home/airflow/.local/lib/python3.12/site-packages/airflow/example_dags/example_setup_teardown.py
[2025-01-17T10:36:03.694+0000] {processor.py:914} INFO - Processing file /home/airflow/.local/lib/python3.12/site-packages/airflow/example_dags/example_setup_teardown.py for tasks to queue
[2025-01-17T10:36:03.696+0000] {logging_mixin.py:190} INFO - [2025-01-17T10:36:03.696+0000] {dagbag.py:588} INFO - Filling up the DagBag from /home/airflow/.local/lib/python3.12/site-packages/airflow/example_dags/example_setup_teardown.py
[2025-01-17T10:36:03.712+0000] {processor.py:925} INFO - DAG(s) 'example_setup_teardown' retrieved from /home/airflow/.local/lib/python3.12/site-packages/airflow/example_dags/example_setup_teardown.py
[2025-01-17T10:36:03.748+0000] {logging_mixin.py:190} INFO - [2025-01-17T10:36:03.747+0000] {dag.py:3239} INFO - Sync 1 DAGs
[2025-01-17T10:36:03.770+0000] {logging_mixin.py:190} INFO - [2025-01-17T10:36:03.770+0000] {dag.py:4180} INFO - Setting next_dagrun for example_setup_teardown to None, run_after=None
[2025-01-17T10:36:03.802+0000] {processor.py:208} INFO - Processing /home/airflow/.local/lib/python3.12/site-packages/airflow/example_dags/example_setup_teardown.py took 0.120 seconds
[2025-01-17T10:37:28.060+0000] {processor.py:186} INFO - Started process (PID=71) to work on /home/airflow/.local/lib/python3.12/site-packages/airflow/example_dags/example_setup_teardown.py
[2025-01-17T10:37:28.062+0000] {processor.py:914} INFO - Processing file /home/airflow/.local/lib/python3.12/site-packages/airflow/example_dags/example_setup_teardown.py for tasks to queue
[2025-01-17T10:37:28.068+0000] {logging_mixin.py:190} INFO - [2025-01-17T10:37:28.067+0000] {dagbag.py:588} INFO - Filling up the DagBag from /home/airflow/.local/lib/python3.12/site-packages/airflow/example_dags/example_setup_teardown.py
[2025-01-17T10:37:28.082+0000] {processor.py:925} INFO - DAG(s) 'example_setup_teardown' retrieved from /home/airflow/.local/lib/python3.12/site-packages/airflow/example_dags/example_setup_teardown.py
[2025-01-17T10:37:28.121+0000] {logging_mixin.py:190} INFO - [2025-01-17T10:37:28.121+0000] {dag.py:3239} INFO - Sync 1 DAGs
[2025-01-17T10:37:28.147+0000] {logging_mixin.py:190} INFO - [2025-01-17T10:37:28.147+0000] {dag.py:4180} INFO - Setting next_dagrun for example_setup_teardown to None, run_after=None
[2025-01-17T10:37:28.185+0000] {processor.py:208} INFO - Processing /home/airflow/.local/lib/python3.12/site-packages/airflow/example_dags/example_setup_teardown.py took 0.138 seconds
[2025-01-17T10:37:58.565+0000] {processor.py:186} INFO - Started process (PID=135) to work on /home/airflow/.local/lib/python3.12/site-packages/airflow/example_dags/example_setup_teardown.py
[2025-01-17T10:37:58.566+0000] {processor.py:914} INFO - Processing file /home/airflow/.local/lib/python3.12/site-packages/airflow/example_dags/example_setup_teardown.py for tasks to queue
[2025-01-17T10:37:58.571+0000] {logging_mixin.py:190} INFO - [2025-01-17T10:37:58.570+0000] {dagbag.py:588} INFO - Filling up the DagBag from /home/airflow/.local/lib/python3.12/site-packages/airflow/example_dags/example_setup_teardown.py
[2025-01-17T10:37:58.582+0000] {processor.py:925} INFO - DAG(s) 'example_setup_teardown' retrieved from /home/airflow/.local/lib/python3.12/site-packages/airflow/example_dags/example_setup_teardown.py
[2025-01-17T10:37:58.615+0000] {logging_mixin.py:190} INFO - [2025-01-17T10:37:58.614+0000] {dag.py:3239} INFO - Sync 1 DAGs
[2025-01-17T10:37:58.641+0000] {logging_mixin.py:190} INFO - [2025-01-17T10:37:58.641+0000] {dag.py:4180} INFO - Setting next_dagrun for example_setup_teardown to None, run_after=None
[2025-01-17T10:37:58.682+0000] {processor.py:208} INFO - Processing /home/airflow/.local/lib/python3.12/site-packages/airflow/example_dags/example_setup_teardown.py took 0.125 seconds
[2025-01-17T10:38:29.497+0000] {processor.py:186} INFO - Started process (PID=199) to work on /home/airflow/.local/lib/python3.12/site-packages/airflow/example_dags/example_setup_teardown.py
[2025-01-17T10:38:29.499+0000] {processor.py:914} INFO - Processing file /home/airflow/.local/lib/python3.12/site-packages/airflow/example_dags/example_setup_teardown.py for tasks to queue
[2025-01-17T10:38:29.502+0000] {logging_mixin.py:190} INFO - [2025-01-17T10:38:29.501+0000] {dagbag.py:588} INFO - Filling up the DagBag from /home/airflow/.local/lib/python3.12/site-packages/airflow/example_dags/example_setup_teardown.py
[2025-01-17T10:38:29.513+0000] {processor.py:925} INFO - DAG(s) 'example_setup_teardown' retrieved from /home/airflow/.local/lib/python3.12/site-packages/airflow/example_dags/example_setup_teardown.py
[2025-01-17T10:38:29.548+0000] {logging_mixin.py:190} INFO - [2025-01-17T10:38:29.547+0000] {dag.py:3239} INFO - Sync 1 DAGs
[2025-01-17T10:38:29.572+0000] {logging_mixin.py:190} INFO - [2025-01-17T10:38:29.572+0000] {dag.py:4180} INFO - Setting next_dagrun for example_setup_teardown to None, run_after=None
[2025-01-17T10:38:29.620+0000] {processor.py:208} INFO - Processing /home/airflow/.local/lib/python3.12/site-packages/airflow/example_dags/example_setup_teardown.py took 0.131 seconds
[2025-01-17T10:52:11.554+0000] {processor.py:186} INFO - Started process (PID=72) to work on /home/airflow/.local/lib/python3.12/site-packages/airflow/example_dags/example_setup_teardown.py
[2025-01-17T10:52:11.555+0000] {processor.py:914} INFO - Processing file /home/airflow/.local/lib/python3.12/site-packages/airflow/example_dags/example_setup_teardown.py for tasks to queue
[2025-01-17T10:52:11.558+0000] {logging_mixin.py:190} INFO - [2025-01-17T10:52:11.558+0000] {dagbag.py:588} INFO - Filling up the DagBag from /home/airflow/.local/lib/python3.12/site-packages/airflow/example_dags/example_setup_teardown.py
[2025-01-17T10:52:11.569+0000] {processor.py:925} INFO - DAG(s) 'example_setup_teardown' retrieved from /home/airflow/.local/lib/python3.12/site-packages/airflow/example_dags/example_setup_teardown.py
[2025-01-17T10:52:11.612+0000] {logging_mixin.py:190} INFO - [2025-01-17T10:52:11.612+0000] {dag.py:3239} INFO - Sync 1 DAGs
[2025-01-17T10:52:11.631+0000] {logging_mixin.py:190} INFO - [2025-01-17T10:52:11.631+0000] {dag.py:4180} INFO - Setting next_dagrun for example_setup_teardown to None, run_after=None
[2025-01-17T10:52:11.659+0000] {processor.py:208} INFO - Processing /home/airflow/.local/lib/python3.12/site-packages/airflow/example_dags/example_setup_teardown.py took 0.110 seconds
[2025-01-17T10:52:41.799+0000] {processor.py:186} INFO - Started process (PID=136) to work on /home/airflow/.local/lib/python3.12/site-packages/airflow/example_dags/example_setup_teardown.py
[2025-01-17T10:52:41.800+0000] {processor.py:914} INFO - Processing file /home/airflow/.local/lib/python3.12/site-packages/airflow/example_dags/example_setup_teardown.py for tasks to queue
[2025-01-17T10:52:41.803+0000] {logging_mixin.py:190} INFO - [2025-01-17T10:52:41.802+0000] {dagbag.py:588} INFO - Filling up the DagBag from /home/airflow/.local/lib/python3.12/site-packages/airflow/example_dags/example_setup_teardown.py
[2025-01-17T10:52:41.812+0000] {processor.py:925} INFO - DAG(s) 'example_setup_teardown' retrieved from /home/airflow/.local/lib/python3.12/site-packages/airflow/example_dags/example_setup_teardown.py
[2025-01-17T10:52:41.835+0000] {logging_mixin.py:190} INFO - [2025-01-17T10:52:41.834+0000] {dag.py:3239} INFO - Sync 1 DAGs
[2025-01-17T10:52:41.850+0000] {logging_mixin.py:190} INFO - [2025-01-17T10:52:41.850+0000] {dag.py:4180} INFO - Setting next_dagrun for example_setup_teardown to None, run_after=None
[2025-01-17T10:52:41.876+0000] {processor.py:208} INFO - Processing /home/airflow/.local/lib/python3.12/site-packages/airflow/example_dags/example_setup_teardown.py took 0.083 seconds
[2025-01-17T10:53:12.419+0000] {processor.py:186} INFO - Started process (PID=200) to work on /home/airflow/.local/lib/python3.12/site-packages/airflow/example_dags/example_setup_teardown.py
[2025-01-17T10:53:12.420+0000] {processor.py:914} INFO - Processing file /home/airflow/.local/lib/python3.12/site-packages/airflow/example_dags/example_setup_teardown.py for tasks to queue
[2025-01-17T10:53:12.424+0000] {logging_mixin.py:190} INFO - [2025-01-17T10:53:12.423+0000] {dagbag.py:588} INFO - Filling up the DagBag from /home/airflow/.local/lib/python3.12/site-packages/airflow/example_dags/example_setup_teardown.py
[2025-01-17T10:53:12.432+0000] {processor.py:925} INFO - DAG(s) 'example_setup_teardown' retrieved from /home/airflow/.local/lib/python3.12/site-packages/airflow/example_dags/example_setup_teardown.py
[2025-01-17T10:53:12.455+0000] {logging_mixin.py:190} INFO - [2025-01-17T10:53:12.455+0000] {dag.py:3239} INFO - Sync 1 DAGs
[2025-01-17T10:53:12.470+0000] {logging_mixin.py:190} INFO - [2025-01-17T10:53:12.470+0000] {dag.py:4180} INFO - Setting next_dagrun for example_setup_teardown to None, run_after=None
[2025-01-17T10:53:12.496+0000] {processor.py:208} INFO - Processing /home/airflow/.local/lib/python3.12/site-packages/airflow/example_dags/example_setup_teardown.py took 0.084 seconds
[2025-01-17T10:53:42.991+0000] {processor.py:186} INFO - Started process (PID=264) to work on /home/airflow/.local/lib/python3.12/site-packages/airflow/example_dags/example_setup_teardown.py
[2025-01-17T10:53:42.992+0000] {processor.py:914} INFO - Processing file /home/airflow/.local/lib/python3.12/site-packages/airflow/example_dags/example_setup_teardown.py for tasks to queue
[2025-01-17T10:53:42.995+0000] {logging_mixin.py:190} INFO - [2025-01-17T10:53:42.995+0000] {dagbag.py:588} INFO - Filling up the DagBag from /home/airflow/.local/lib/python3.12/site-packages/airflow/example_dags/example_setup_teardown.py
[2025-01-17T10:53:43.003+0000] {processor.py:925} INFO - DAG(s) 'example_setup_teardown' retrieved from /home/airflow/.local/lib/python3.12/site-packages/airflow/example_dags/example_setup_teardown.py
[2025-01-17T10:53:43.035+0000] {logging_mixin.py:190} INFO - [2025-01-17T10:53:43.034+0000] {dag.py:3239} INFO - Sync 1 DAGs
[2025-01-17T10:53:43.050+0000] {logging_mixin.py:190} INFO - [2025-01-17T10:53:43.050+0000] {dag.py:4180} INFO - Setting next_dagrun for example_setup_teardown to None, run_after=None
[2025-01-17T10:53:43.074+0000] {processor.py:208} INFO - Processing /home/airflow/.local/lib/python3.12/site-packages/airflow/example_dags/example_setup_teardown.py took 0.088 seconds
[2025-01-17T10:54:13.236+0000] {processor.py:186} INFO - Started process (PID=329) to work on /home/airflow/.local/lib/python3.12/site-packages/airflow/example_dags/example_setup_teardown.py
[2025-01-17T10:54:13.237+0000] {processor.py:914} INFO - Processing file /home/airflow/.local/lib/python3.12/site-packages/airflow/example_dags/example_setup_teardown.py for tasks to queue
[2025-01-17T10:54:13.240+0000] {logging_mixin.py:190} INFO - [2025-01-17T10:54:13.239+0000] {dagbag.py:588} INFO - Filling up the DagBag from /home/airflow/.local/lib/python3.12/site-packages/airflow/example_dags/example_setup_teardown.py
[2025-01-17T10:54:13.249+0000] {processor.py:925} INFO - DAG(s) 'example_setup_teardown' retrieved from /home/airflow/.local/lib/python3.12/site-packages/airflow/example_dags/example_setup_teardown.py
[2025-01-17T10:54:13.274+0000] {logging_mixin.py:190} INFO - [2025-01-17T10:54:13.274+0000] {dag.py:3239} INFO - Sync 1 DAGs
[2025-01-17T10:54:13.291+0000] {logging_mixin.py:190} INFO - [2025-01-17T10:54:13.291+0000] {dag.py:4180} INFO - Setting next_dagrun for example_setup_teardown to None, run_after=None
[2025-01-17T10:54:13.316+0000] {processor.py:208} INFO - Processing /home/airflow/.local/lib/python3.12/site-packages/airflow/example_dags/example_setup_teardown.py took 0.086 seconds
[2025-01-17T10:54:43.552+0000] {processor.py:186} INFO - Started process (PID=393) to work on /home/airflow/.local/lib/python3.12/site-packages/airflow/example_dags/example_setup_teardown.py
[2025-01-17T10:54:43.553+0000] {processor.py:914} INFO - Processing file /home/airflow/.local/lib/python3.12/site-packages/airflow/example_dags/example_setup_teardown.py for tasks to queue
[2025-01-17T10:54:43.556+0000] {logging_mixin.py:190} INFO - [2025-01-17T10:54:43.556+0000] {dagbag.py:588} INFO - Filling up the DagBag from /home/airflow/.local/lib/python3.12/site-packages/airflow/example_dags/example_setup_teardown.py
[2025-01-17T10:54:43.565+0000] {processor.py:925} INFO - DAG(s) 'example_setup_teardown' retrieved from /home/airflow/.local/lib/python3.12/site-packages/airflow/example_dags/example_setup_teardown.py
[2025-01-17T10:54:43.589+0000] {logging_mixin.py:190} INFO - [2025-01-17T10:54:43.589+0000] {dag.py:3239} INFO - Sync 1 DAGs
[2025-01-17T10:54:43.605+0000] {logging_mixin.py:190} INFO - [2025-01-17T10:54:43.605+0000] {dag.py:4180} INFO - Setting next_dagrun for example_setup_teardown to None, run_after=None
[2025-01-17T10:54:43.632+0000] {processor.py:208} INFO - Processing /home/airflow/.local/lib/python3.12/site-packages/airflow/example_dags/example_setup_teardown.py took 0.086 seconds
[2025-01-17T10:55:13.899+0000] {processor.py:186} INFO - Started process (PID=457) to work on /home/airflow/.local/lib/python3.12/site-packages/airflow/example_dags/example_setup_teardown.py
[2025-01-17T10:55:13.901+0000] {processor.py:914} INFO - Processing file /home/airflow/.local/lib/python3.12/site-packages/airflow/example_dags/example_setup_teardown.py for tasks to queue
[2025-01-17T10:55:13.904+0000] {logging_mixin.py:190} INFO - [2025-01-17T10:55:13.904+0000] {dagbag.py:588} INFO - Filling up the DagBag from /home/airflow/.local/lib/python3.12/site-packages/airflow/example_dags/example_setup_teardown.py
[2025-01-17T10:55:13.912+0000] {processor.py:925} INFO - DAG(s) 'example_setup_teardown' retrieved from /home/airflow/.local/lib/python3.12/site-packages/airflow/example_dags/example_setup_teardown.py
[2025-01-17T10:55:13.937+0000] {logging_mixin.py:190} INFO - [2025-01-17T10:55:13.936+0000] {dag.py:3239} INFO - Sync 1 DAGs
[2025-01-17T10:55:13.952+0000] {logging_mixin.py:190} INFO - [2025-01-17T10:55:13.952+0000] {dag.py:4180} INFO - Setting next_dagrun for example_setup_teardown to None, run_after=None
[2025-01-17T10:55:13.976+0000] {processor.py:208} INFO - Processing /home/airflow/.local/lib/python3.12/site-packages/airflow/example_dags/example_setup_teardown.py took 0.083 seconds
[2025-01-17T10:55:44.282+0000] {processor.py:186} INFO - Started process (PID=521) to work on /home/airflow/.local/lib/python3.12/site-packages/airflow/example_dags/example_setup_teardown.py
[2025-01-17T10:55:44.283+0000] {processor.py:914} INFO - Processing file /home/airflow/.local/lib/python3.12/site-packages/airflow/example_dags/example_setup_teardown.py for tasks to queue
[2025-01-17T10:55:44.286+0000] {logging_mixin.py:190} INFO - [2025-01-17T10:55:44.286+0000] {dagbag.py:588} INFO - Filling up the DagBag from /home/airflow/.local/lib/python3.12/site-packages/airflow/example_dags/example_setup_teardown.py
[2025-01-17T10:55:44.294+0000] {processor.py:925} INFO - DAG(s) 'example_setup_teardown' retrieved from /home/airflow/.local/lib/python3.12/site-packages/airflow/example_dags/example_setup_teardown.py
[2025-01-17T10:55:44.318+0000] {logging_mixin.py:190} INFO - [2025-01-17T10:55:44.318+0000] {dag.py:3239} INFO - Sync 1 DAGs
[2025-01-17T10:55:44.334+0000] {logging_mixin.py:190} INFO - [2025-01-17T10:55:44.333+0000] {dag.py:4180} INFO - Setting next_dagrun for example_setup_teardown to None, run_after=None
[2025-01-17T10:55:44.358+0000] {processor.py:208} INFO - Processing /home/airflow/.local/lib/python3.12/site-packages/airflow/example_dags/example_setup_teardown.py took 0.081 seconds
[2025-01-17T10:56:14.662+0000] {processor.py:186} INFO - Started process (PID=586) to work on /home/airflow/.local/lib/python3.12/site-packages/airflow/example_dags/example_setup_teardown.py
[2025-01-17T10:56:14.663+0000] {processor.py:914} INFO - Processing file /home/airflow/.local/lib/python3.12/site-packages/airflow/example_dags/example_setup_teardown.py for tasks to queue
[2025-01-17T10:56:14.666+0000] {logging_mixin.py:190} INFO - [2025-01-17T10:56:14.666+0000] {dagbag.py:588} INFO - Filling up the DagBag from /home/airflow/.local/lib/python3.12/site-packages/airflow/example_dags/example_setup_teardown.py
[2025-01-17T10:56:14.674+0000] {processor.py:925} INFO - DAG(s) 'example_setup_teardown' retrieved from /home/airflow/.local/lib/python3.12/site-packages/airflow/example_dags/example_setup_teardown.py
[2025-01-17T10:56:14.697+0000] {logging_mixin.py:190} INFO - [2025-01-17T10:56:14.697+0000] {dag.py:3239} INFO - Sync 1 DAGs
[2025-01-17T10:56:14.712+0000] {logging_mixin.py:190} INFO - [2025-01-17T10:56:14.712+0000] {dag.py:4180} INFO - Setting next_dagrun for example_setup_teardown to None, run_after=None
[2025-01-17T10:56:14.737+0000] {processor.py:208} INFO - Processing /home/airflow/.local/lib/python3.12/site-packages/airflow/example_dags/example_setup_teardown.py took 0.080 seconds
[2025-01-17T10:56:45.186+0000] {processor.py:186} INFO - Started process (PID=657) to work on /home/airflow/.local/lib/python3.12/site-packages/airflow/example_dags/example_setup_teardown.py
[2025-01-17T10:56:45.187+0000] {processor.py:914} INFO - Processing file /home/airflow/.local/lib/python3.12/site-packages/airflow/example_dags/example_setup_teardown.py for tasks to queue
[2025-01-17T10:56:45.192+0000] {logging_mixin.py:190} INFO - [2025-01-17T10:56:45.191+0000] {dagbag.py:588} INFO - Filling up the DagBag from /home/airflow/.local/lib/python3.12/site-packages/airflow/example_dags/example_setup_teardown.py
[2025-01-17T10:56:45.205+0000] {processor.py:925} INFO - DAG(s) 'example_setup_teardown' retrieved from /home/airflow/.local/lib/python3.12/site-packages/airflow/example_dags/example_setup_teardown.py
[2025-01-17T10:56:45.235+0000] {logging_mixin.py:190} INFO - [2025-01-17T10:56:45.235+0000] {dag.py:3239} INFO - Sync 1 DAGs
[2025-01-17T10:56:45.253+0000] {logging_mixin.py:190} INFO - [2025-01-17T10:56:45.253+0000] {dag.py:4180} INFO - Setting next_dagrun for example_setup_teardown to None, run_after=None
[2025-01-17T10:56:45.288+0000] {processor.py:208} INFO - Processing /home/airflow/.local/lib/python3.12/site-packages/airflow/example_dags/example_setup_teardown.py took 0.109 seconds
[2025-01-17T10:57:16.054+0000] {processor.py:186} INFO - Started process (PID=721) to work on /home/airflow/.local/lib/python3.12/site-packages/airflow/example_dags/example_setup_teardown.py
[2025-01-17T10:57:16.056+0000] {processor.py:914} INFO - Processing file /home/airflow/.local/lib/python3.12/site-packages/airflow/example_dags/example_setup_teardown.py for tasks to queue
[2025-01-17T10:57:16.059+0000] {logging_mixin.py:190} INFO - [2025-01-17T10:57:16.058+0000] {dagbag.py:588} INFO - Filling up the DagBag from /home/airflow/.local/lib/python3.12/site-packages/airflow/example_dags/example_setup_teardown.py
[2025-01-17T10:57:16.066+0000] {processor.py:925} INFO - DAG(s) 'example_setup_teardown' retrieved from /home/airflow/.local/lib/python3.12/site-packages/airflow/example_dags/example_setup_teardown.py
[2025-01-17T10:57:16.089+0000] {logging_mixin.py:190} INFO - [2025-01-17T10:57:16.089+0000] {dag.py:3239} INFO - Sync 1 DAGs
[2025-01-17T10:57:16.104+0000] {logging_mixin.py:190} INFO - [2025-01-17T10:57:16.104+0000] {dag.py:4180} INFO - Setting next_dagrun for example_setup_teardown to None, run_after=None
[2025-01-17T10:57:16.128+0000] {processor.py:208} INFO - Processing /home/airflow/.local/lib/python3.12/site-packages/airflow/example_dags/example_setup_teardown.py took 0.080 seconds
[2025-01-17T10:57:46.565+0000] {processor.py:186} INFO - Started process (PID=785) to work on /home/airflow/.local/lib/python3.12/site-packages/airflow/example_dags/example_setup_teardown.py
[2025-01-17T10:57:46.566+0000] {processor.py:914} INFO - Processing file /home/airflow/.local/lib/python3.12/site-packages/airflow/example_dags/example_setup_teardown.py for tasks to queue
[2025-01-17T10:57:46.570+0000] {logging_mixin.py:190} INFO - [2025-01-17T10:57:46.569+0000] {dagbag.py:588} INFO - Filling up the DagBag from /home/airflow/.local/lib/python3.12/site-packages/airflow/example_dags/example_setup_teardown.py
[2025-01-17T10:57:46.580+0000] {processor.py:925} INFO - DAG(s) 'example_setup_teardown' retrieved from /home/airflow/.local/lib/python3.12/site-packages/airflow/example_dags/example_setup_teardown.py
[2025-01-17T10:57:46.607+0000] {logging_mixin.py:190} INFO - [2025-01-17T10:57:46.607+0000] {dag.py:3239} INFO - Sync 1 DAGs
[2025-01-17T10:57:46.626+0000] {logging_mixin.py:190} INFO - [2025-01-17T10:57:46.626+0000] {dag.py:4180} INFO - Setting next_dagrun for example_setup_teardown to None, run_after=None
[2025-01-17T10:57:46.657+0000] {processor.py:208} INFO - Processing /home/airflow/.local/lib/python3.12/site-packages/airflow/example_dags/example_setup_teardown.py took 0.098 seconds
[2025-01-17T10:58:17.306+0000] {processor.py:186} INFO - Started process (PID=849) to work on /home/airflow/.local/lib/python3.12/site-packages/airflow/example_dags/example_setup_teardown.py
[2025-01-17T10:58:17.308+0000] {processor.py:914} INFO - Processing file /home/airflow/.local/lib/python3.12/site-packages/airflow/example_dags/example_setup_teardown.py for tasks to queue
[2025-01-17T10:58:17.310+0000] {logging_mixin.py:190} INFO - [2025-01-17T10:58:17.310+0000] {dagbag.py:588} INFO - Filling up the DagBag from /home/airflow/.local/lib/python3.12/site-packages/airflow/example_dags/example_setup_teardown.py
[2025-01-17T10:58:17.319+0000] {processor.py:925} INFO - DAG(s) 'example_setup_teardown' retrieved from /home/airflow/.local/lib/python3.12/site-packages/airflow/example_dags/example_setup_teardown.py
[2025-01-17T10:58:17.340+0000] {logging_mixin.py:190} INFO - [2025-01-17T10:58:17.339+0000] {dag.py:3239} INFO - Sync 1 DAGs
[2025-01-17T10:58:17.355+0000] {logging_mixin.py:190} INFO - [2025-01-17T10:58:17.355+0000] {dag.py:4180} INFO - Setting next_dagrun for example_setup_teardown to None, run_after=None
[2025-01-17T10:58:17.379+0000] {processor.py:208} INFO - Processing /home/airflow/.local/lib/python3.12/site-packages/airflow/example_dags/example_setup_teardown.py took 0.080 seconds
[2025-01-17T10:58:48.214+0000] {processor.py:186} INFO - Started process (PID=913) to work on /home/airflow/.local/lib/python3.12/site-packages/airflow/example_dags/example_setup_teardown.py
[2025-01-17T10:58:48.215+0000] {processor.py:914} INFO - Processing file /home/airflow/.local/lib/python3.12/site-packages/airflow/example_dags/example_setup_teardown.py for tasks to queue
[2025-01-17T10:58:48.218+0000] {logging_mixin.py:190} INFO - [2025-01-17T10:58:48.218+0000] {dagbag.py:588} INFO - Filling up the DagBag from /home/airflow/.local/lib/python3.12/site-packages/airflow/example_dags/example_setup_teardown.py
[2025-01-17T10:58:48.226+0000] {processor.py:925} INFO - DAG(s) 'example_setup_teardown' retrieved from /home/airflow/.local/lib/python3.12/site-packages/airflow/example_dags/example_setup_teardown.py
[2025-01-17T10:58:48.252+0000] {logging_mixin.py:190} INFO - [2025-01-17T10:58:48.251+0000] {dag.py:3239} INFO - Sync 1 DAGs
[2025-01-17T10:58:48.266+0000] {logging_mixin.py:190} INFO - [2025-01-17T10:58:48.266+0000] {dag.py:4180} INFO - Setting next_dagrun for example_setup_teardown to None, run_after=None
[2025-01-17T10:58:48.289+0000] {processor.py:208} INFO - Processing /home/airflow/.local/lib/python3.12/site-packages/airflow/example_dags/example_setup_teardown.py took 0.080 seconds
[2025-01-17T10:59:18.507+0000] {processor.py:186} INFO - Started process (PID=977) to work on /home/airflow/.local/lib/python3.12/site-packages/airflow/example_dags/example_setup_teardown.py
[2025-01-17T10:59:18.509+0000] {processor.py:914} INFO - Processing file /home/airflow/.local/lib/python3.12/site-packages/airflow/example_dags/example_setup_teardown.py for tasks to queue
[2025-01-17T10:59:18.514+0000] {logging_mixin.py:190} INFO - [2025-01-17T10:59:18.513+0000] {dagbag.py:588} INFO - Filling up the DagBag from /home/airflow/.local/lib/python3.12/site-packages/airflow/example_dags/example_setup_teardown.py
[2025-01-17T10:59:18.527+0000] {processor.py:925} INFO - DAG(s) 'example_setup_teardown' retrieved from /home/airflow/.local/lib/python3.12/site-packages/airflow/example_dags/example_setup_teardown.py
[2025-01-17T10:59:18.560+0000] {logging_mixin.py:190} INFO - [2025-01-17T10:59:18.560+0000] {dag.py:3239} INFO - Sync 1 DAGs
[2025-01-17T10:59:18.579+0000] {logging_mixin.py:190} INFO - [2025-01-17T10:59:18.579+0000] {dag.py:4180} INFO - Setting next_dagrun for example_setup_teardown to None, run_after=None
[2025-01-17T10:59:18.611+0000] {processor.py:208} INFO - Processing /home/airflow/.local/lib/python3.12/site-packages/airflow/example_dags/example_setup_teardown.py took 0.111 seconds
[2025-01-17T10:59:49.458+0000] {processor.py:186} INFO - Started process (PID=1041) to work on /home/airflow/.local/lib/python3.12/site-packages/airflow/example_dags/example_setup_teardown.py
[2025-01-17T10:59:49.460+0000] {processor.py:914} INFO - Processing file /home/airflow/.local/lib/python3.12/site-packages/airflow/example_dags/example_setup_teardown.py for tasks to queue
[2025-01-17T10:59:49.463+0000] {logging_mixin.py:190} INFO - [2025-01-17T10:59:49.462+0000] {dagbag.py:588} INFO - Filling up the DagBag from /home/airflow/.local/lib/python3.12/site-packages/airflow/example_dags/example_setup_teardown.py
[2025-01-17T10:59:49.471+0000] {processor.py:925} INFO - DAG(s) 'example_setup_teardown' retrieved from /home/airflow/.local/lib/python3.12/site-packages/airflow/example_dags/example_setup_teardown.py
[2025-01-17T10:59:49.495+0000] {logging_mixin.py:190} INFO - [2025-01-17T10:59:49.495+0000] {dag.py:3239} INFO - Sync 1 DAGs
[2025-01-17T10:59:49.511+0000] {logging_mixin.py:190} INFO - [2025-01-17T10:59:49.511+0000] {dag.py:4180} INFO - Setting next_dagrun for example_setup_teardown to None, run_after=None
[2025-01-17T10:59:49.534+0000] {processor.py:208} INFO - Processing /home/airflow/.local/lib/python3.12/site-packages/airflow/example_dags/example_setup_teardown.py took 0.082 seconds
[2025-01-17T11:21:59.344+0000] {processor.py:186} INFO - Started process (PID=65) to work on /home/airflow/.local/lib/python3.12/site-packages/airflow/example_dags/example_setup_teardown.py
[2025-01-17T11:21:59.345+0000] {processor.py:914} INFO - Processing file /home/airflow/.local/lib/python3.12/site-packages/airflow/example_dags/example_setup_teardown.py for tasks to queue
[2025-01-17T11:21:59.349+0000] {logging_mixin.py:190} INFO - [2025-01-17T11:21:59.349+0000] {dagbag.py:588} INFO - Filling up the DagBag from /home/airflow/.local/lib/python3.12/site-packages/airflow/example_dags/example_setup_teardown.py
[2025-01-17T11:21:59.367+0000] {processor.py:925} INFO - DAG(s) 'example_setup_teardown' retrieved from /home/airflow/.local/lib/python3.12/site-packages/airflow/example_dags/example_setup_teardown.py
[2025-01-17T11:21:59.404+0000] {logging_mixin.py:190} INFO - [2025-01-17T11:21:59.404+0000] {dag.py:3239} INFO - Sync 1 DAGs
[2025-01-17T11:21:59.429+0000] {logging_mixin.py:190} INFO - [2025-01-17T11:21:59.429+0000] {dag.py:4180} INFO - Setting next_dagrun for example_setup_teardown to None, run_after=None
[2025-01-17T11:21:59.457+0000] {processor.py:208} INFO - Processing /home/airflow/.local/lib/python3.12/site-packages/airflow/example_dags/example_setup_teardown.py took 0.119 seconds
[2025-01-17T11:22:30.097+0000] {processor.py:186} INFO - Started process (PID=129) to work on /home/airflow/.local/lib/python3.12/site-packages/airflow/example_dags/example_setup_teardown.py
[2025-01-17T11:22:30.098+0000] {processor.py:914} INFO - Processing file /home/airflow/.local/lib/python3.12/site-packages/airflow/example_dags/example_setup_teardown.py for tasks to queue
[2025-01-17T11:22:30.102+0000] {logging_mixin.py:190} INFO - [2025-01-17T11:22:30.101+0000] {dagbag.py:588} INFO - Filling up the DagBag from /home/airflow/.local/lib/python3.12/site-packages/airflow/example_dags/example_setup_teardown.py
[2025-01-17T11:22:30.110+0000] {processor.py:925} INFO - DAG(s) 'example_setup_teardown' retrieved from /home/airflow/.local/lib/python3.12/site-packages/airflow/example_dags/example_setup_teardown.py
[2025-01-17T11:22:30.135+0000] {logging_mixin.py:190} INFO - [2025-01-17T11:22:30.134+0000] {dag.py:3239} INFO - Sync 1 DAGs
[2025-01-17T11:22:30.151+0000] {logging_mixin.py:190} INFO - [2025-01-17T11:22:30.150+0000] {dag.py:4180} INFO - Setting next_dagrun for example_setup_teardown to None, run_after=None
[2025-01-17T11:22:30.175+0000] {processor.py:208} INFO - Processing /home/airflow/.local/lib/python3.12/site-packages/airflow/example_dags/example_setup_teardown.py took 0.083 seconds
[2025-01-17T11:23:00.385+0000] {processor.py:186} INFO - Started process (PID=193) to work on /home/airflow/.local/lib/python3.12/site-packages/airflow/example_dags/example_setup_teardown.py
[2025-01-17T11:23:00.386+0000] {processor.py:914} INFO - Processing file /home/airflow/.local/lib/python3.12/site-packages/airflow/example_dags/example_setup_teardown.py for tasks to queue
[2025-01-17T11:23:00.389+0000] {logging_mixin.py:190} INFO - [2025-01-17T11:23:00.388+0000] {dagbag.py:588} INFO - Filling up the DagBag from /home/airflow/.local/lib/python3.12/site-packages/airflow/example_dags/example_setup_teardown.py
[2025-01-17T11:23:00.398+0000] {processor.py:925} INFO - DAG(s) 'example_setup_teardown' retrieved from /home/airflow/.local/lib/python3.12/site-packages/airflow/example_dags/example_setup_teardown.py
[2025-01-17T11:23:00.422+0000] {logging_mixin.py:190} INFO - [2025-01-17T11:23:00.422+0000] {dag.py:3239} INFO - Sync 1 DAGs
[2025-01-17T11:23:00.440+0000] {logging_mixin.py:190} INFO - [2025-01-17T11:23:00.440+0000] {dag.py:4180} INFO - Setting next_dagrun for example_setup_teardown to None, run_after=None
[2025-01-17T11:23:00.466+0000] {processor.py:208} INFO - Processing /home/airflow/.local/lib/python3.12/site-packages/airflow/example_dags/example_setup_teardown.py took 0.087 seconds
[2025-01-17T11:23:30.842+0000] {processor.py:186} INFO - Started process (PID=257) to work on /home/airflow/.local/lib/python3.12/site-packages/airflow/example_dags/example_setup_teardown.py
[2025-01-17T11:23:30.843+0000] {processor.py:914} INFO - Processing file /home/airflow/.local/lib/python3.12/site-packages/airflow/example_dags/example_setup_teardown.py for tasks to queue
[2025-01-17T11:23:30.847+0000] {logging_mixin.py:190} INFO - [2025-01-17T11:23:30.846+0000] {dagbag.py:588} INFO - Filling up the DagBag from /home/airflow/.local/lib/python3.12/site-packages/airflow/example_dags/example_setup_teardown.py
[2025-01-17T11:23:30.859+0000] {processor.py:925} INFO - DAG(s) 'example_setup_teardown' retrieved from /home/airflow/.local/lib/python3.12/site-packages/airflow/example_dags/example_setup_teardown.py
[2025-01-17T11:23:30.886+0000] {logging_mixin.py:190} INFO - [2025-01-17T11:23:30.885+0000] {dag.py:3239} INFO - Sync 1 DAGs
[2025-01-17T11:23:30.905+0000] {logging_mixin.py:190} INFO - [2025-01-17T11:23:30.905+0000] {dag.py:4180} INFO - Setting next_dagrun for example_setup_teardown to None, run_after=None
[2025-01-17T11:23:30.931+0000] {processor.py:208} INFO - Processing /home/airflow/.local/lib/python3.12/site-packages/airflow/example_dags/example_setup_teardown.py took 0.096 seconds
[2025-01-17T11:24:01.212+0000] {processor.py:186} INFO - Started process (PID=321) to work on /home/airflow/.local/lib/python3.12/site-packages/airflow/example_dags/example_setup_teardown.py
[2025-01-17T11:24:01.214+0000] {processor.py:914} INFO - Processing file /home/airflow/.local/lib/python3.12/site-packages/airflow/example_dags/example_setup_teardown.py for tasks to queue
[2025-01-17T11:24:01.216+0000] {logging_mixin.py:190} INFO - [2025-01-17T11:24:01.216+0000] {dagbag.py:588} INFO - Filling up the DagBag from /home/airflow/.local/lib/python3.12/site-packages/airflow/example_dags/example_setup_teardown.py
[2025-01-17T11:24:01.224+0000] {processor.py:925} INFO - DAG(s) 'example_setup_teardown' retrieved from /home/airflow/.local/lib/python3.12/site-packages/airflow/example_dags/example_setup_teardown.py
[2025-01-17T11:24:01.249+0000] {logging_mixin.py:190} INFO - [2025-01-17T11:24:01.248+0000] {dag.py:3239} INFO - Sync 1 DAGs
[2025-01-17T11:24:01.263+0000] {logging_mixin.py:190} INFO - [2025-01-17T11:24:01.262+0000] {dag.py:4180} INFO - Setting next_dagrun for example_setup_teardown to None, run_after=None
[2025-01-17T11:24:01.288+0000] {processor.py:208} INFO - Processing /home/airflow/.local/lib/python3.12/site-packages/airflow/example_dags/example_setup_teardown.py took 0.081 seconds
[2025-01-17T11:24:31.642+0000] {processor.py:186} INFO - Started process (PID=385) to work on /home/airflow/.local/lib/python3.12/site-packages/airflow/example_dags/example_setup_teardown.py
[2025-01-17T11:24:31.643+0000] {processor.py:914} INFO - Processing file /home/airflow/.local/lib/python3.12/site-packages/airflow/example_dags/example_setup_teardown.py for tasks to queue
[2025-01-17T11:24:31.647+0000] {logging_mixin.py:190} INFO - [2025-01-17T11:24:31.646+0000] {dagbag.py:588} INFO - Filling up the DagBag from /home/airflow/.local/lib/python3.12/site-packages/airflow/example_dags/example_setup_teardown.py
[2025-01-17T11:24:31.656+0000] {processor.py:925} INFO - DAG(s) 'example_setup_teardown' retrieved from /home/airflow/.local/lib/python3.12/site-packages/airflow/example_dags/example_setup_teardown.py
[2025-01-17T11:24:31.678+0000] {logging_mixin.py:190} INFO - [2025-01-17T11:24:31.678+0000] {dag.py:3239} INFO - Sync 1 DAGs
[2025-01-17T11:24:31.692+0000] {logging_mixin.py:190} INFO - [2025-01-17T11:24:31.692+0000] {dag.py:4180} INFO - Setting next_dagrun for example_setup_teardown to None, run_after=None
[2025-01-17T11:24:31.716+0000] {processor.py:208} INFO - Processing /home/airflow/.local/lib/python3.12/site-packages/airflow/example_dags/example_setup_teardown.py took 0.080 seconds
[2025-01-17T11:25:01.762+0000] {processor.py:186} INFO - Started process (PID=449) to work on /home/airflow/.local/lib/python3.12/site-packages/airflow/example_dags/example_setup_teardown.py
[2025-01-17T11:25:01.764+0000] {processor.py:914} INFO - Processing file /home/airflow/.local/lib/python3.12/site-packages/airflow/example_dags/example_setup_teardown.py for tasks to queue
[2025-01-17T11:25:01.767+0000] {logging_mixin.py:190} INFO - [2025-01-17T11:25:01.766+0000] {dagbag.py:588} INFO - Filling up the DagBag from /home/airflow/.local/lib/python3.12/site-packages/airflow/example_dags/example_setup_teardown.py
[2025-01-17T11:25:01.775+0000] {processor.py:925} INFO - DAG(s) 'example_setup_teardown' retrieved from /home/airflow/.local/lib/python3.12/site-packages/airflow/example_dags/example_setup_teardown.py
[2025-01-17T11:25:01.798+0000] {logging_mixin.py:190} INFO - [2025-01-17T11:25:01.798+0000] {dag.py:3239} INFO - Sync 1 DAGs
[2025-01-17T11:25:01.812+0000] {logging_mixin.py:190} INFO - [2025-01-17T11:25:01.812+0000] {dag.py:4180} INFO - Setting next_dagrun for example_setup_teardown to None, run_after=None
[2025-01-17T11:25:01.835+0000] {processor.py:208} INFO - Processing /home/airflow/.local/lib/python3.12/site-packages/airflow/example_dags/example_setup_teardown.py took 0.078 seconds
[2025-01-17T11:25:32.402+0000] {processor.py:186} INFO - Started process (PID=513) to work on /home/airflow/.local/lib/python3.12/site-packages/airflow/example_dags/example_setup_teardown.py
[2025-01-17T11:25:32.403+0000] {processor.py:914} INFO - Processing file /home/airflow/.local/lib/python3.12/site-packages/airflow/example_dags/example_setup_teardown.py for tasks to queue
[2025-01-17T11:25:32.407+0000] {logging_mixin.py:190} INFO - [2025-01-17T11:25:32.406+0000] {dagbag.py:588} INFO - Filling up the DagBag from /home/airflow/.local/lib/python3.12/site-packages/airflow/example_dags/example_setup_teardown.py
[2025-01-17T11:25:32.415+0000] {processor.py:925} INFO - DAG(s) 'example_setup_teardown' retrieved from /home/airflow/.local/lib/python3.12/site-packages/airflow/example_dags/example_setup_teardown.py
[2025-01-17T11:25:32.437+0000] {logging_mixin.py:190} INFO - [2025-01-17T11:25:32.437+0000] {dag.py:3239} INFO - Sync 1 DAGs
[2025-01-17T11:25:32.452+0000] {logging_mixin.py:190} INFO - [2025-01-17T11:25:32.452+0000] {dag.py:4180} INFO - Setting next_dagrun for example_setup_teardown to None, run_after=None
[2025-01-17T11:25:32.477+0000] {processor.py:208} INFO - Processing /home/airflow/.local/lib/python3.12/site-packages/airflow/example_dags/example_setup_teardown.py took 0.081 seconds
[2025-01-17T11:26:03.255+0000] {processor.py:186} INFO - Started process (PID=584) to work on /home/airflow/.local/lib/python3.12/site-packages/airflow/example_dags/example_setup_teardown.py
[2025-01-17T11:26:03.256+0000] {processor.py:914} INFO - Processing file /home/airflow/.local/lib/python3.12/site-packages/airflow/example_dags/example_setup_teardown.py for tasks to queue
[2025-01-17T11:26:03.261+0000] {logging_mixin.py:190} INFO - [2025-01-17T11:26:03.260+0000] {dagbag.py:588} INFO - Filling up the DagBag from /home/airflow/.local/lib/python3.12/site-packages/airflow/example_dags/example_setup_teardown.py
[2025-01-17T11:26:03.270+0000] {processor.py:925} INFO - DAG(s) 'example_setup_teardown' retrieved from /home/airflow/.local/lib/python3.12/site-packages/airflow/example_dags/example_setup_teardown.py
[2025-01-17T11:26:03.294+0000] {logging_mixin.py:190} INFO - [2025-01-17T11:26:03.293+0000] {dag.py:3239} INFO - Sync 1 DAGs
[2025-01-17T11:26:03.310+0000] {logging_mixin.py:190} INFO - [2025-01-17T11:26:03.309+0000] {dag.py:4180} INFO - Setting next_dagrun for example_setup_teardown to None, run_after=None
[2025-01-17T11:26:03.335+0000] {processor.py:208} INFO - Processing /home/airflow/.local/lib/python3.12/site-packages/airflow/example_dags/example_setup_teardown.py took 0.086 seconds
[2025-01-17T11:26:33.717+0000] {processor.py:186} INFO - Started process (PID=648) to work on /home/airflow/.local/lib/python3.12/site-packages/airflow/example_dags/example_setup_teardown.py
[2025-01-17T11:26:33.719+0000] {processor.py:914} INFO - Processing file /home/airflow/.local/lib/python3.12/site-packages/airflow/example_dags/example_setup_teardown.py for tasks to queue
[2025-01-17T11:26:33.722+0000] {logging_mixin.py:190} INFO - [2025-01-17T11:26:33.722+0000] {dagbag.py:588} INFO - Filling up the DagBag from /home/airflow/.local/lib/python3.12/site-packages/airflow/example_dags/example_setup_teardown.py
[2025-01-17T11:26:33.731+0000] {processor.py:925} INFO - DAG(s) 'example_setup_teardown' retrieved from /home/airflow/.local/lib/python3.12/site-packages/airflow/example_dags/example_setup_teardown.py
[2025-01-17T11:26:33.753+0000] {logging_mixin.py:190} INFO - [2025-01-17T11:26:33.752+0000] {dag.py:3239} INFO - Sync 1 DAGs
[2025-01-17T11:26:33.767+0000] {logging_mixin.py:190} INFO - [2025-01-17T11:26:33.767+0000] {dag.py:4180} INFO - Setting next_dagrun for example_setup_teardown to None, run_after=None
[2025-01-17T11:26:33.791+0000] {processor.py:208} INFO - Processing /home/airflow/.local/lib/python3.12/site-packages/airflow/example_dags/example_setup_teardown.py took 0.078 seconds
[2025-01-17T11:27:03.859+0000] {processor.py:186} INFO - Started process (PID=712) to work on /home/airflow/.local/lib/python3.12/site-packages/airflow/example_dags/example_setup_teardown.py
[2025-01-17T11:27:03.860+0000] {processor.py:914} INFO - Processing file /home/airflow/.local/lib/python3.12/site-packages/airflow/example_dags/example_setup_teardown.py for tasks to queue
[2025-01-17T11:27:03.864+0000] {logging_mixin.py:190} INFO - [2025-01-17T11:27:03.863+0000] {dagbag.py:588} INFO - Filling up the DagBag from /home/airflow/.local/lib/python3.12/site-packages/airflow/example_dags/example_setup_teardown.py
[2025-01-17T11:27:03.876+0000] {processor.py:925} INFO - DAG(s) 'example_setup_teardown' retrieved from /home/airflow/.local/lib/python3.12/site-packages/airflow/example_dags/example_setup_teardown.py
[2025-01-17T11:27:03.900+0000] {logging_mixin.py:190} INFO - [2025-01-17T11:27:03.900+0000] {dag.py:3239} INFO - Sync 1 DAGs
[2025-01-17T11:27:03.914+0000] {logging_mixin.py:190} INFO - [2025-01-17T11:27:03.914+0000] {dag.py:4180} INFO - Setting next_dagrun for example_setup_teardown to None, run_after=None
[2025-01-17T11:27:03.938+0000] {processor.py:208} INFO - Processing /home/airflow/.local/lib/python3.12/site-packages/airflow/example_dags/example_setup_teardown.py took 0.084 seconds
[2025-01-17T11:27:34.406+0000] {processor.py:186} INFO - Started process (PID=776) to work on /home/airflow/.local/lib/python3.12/site-packages/airflow/example_dags/example_setup_teardown.py
[2025-01-17T11:27:34.407+0000] {processor.py:914} INFO - Processing file /home/airflow/.local/lib/python3.12/site-packages/airflow/example_dags/example_setup_teardown.py for tasks to queue
[2025-01-17T11:27:34.410+0000] {logging_mixin.py:190} INFO - [2025-01-17T11:27:34.409+0000] {dagbag.py:588} INFO - Filling up the DagBag from /home/airflow/.local/lib/python3.12/site-packages/airflow/example_dags/example_setup_teardown.py
[2025-01-17T11:27:34.419+0000] {processor.py:925} INFO - DAG(s) 'example_setup_teardown' retrieved from /home/airflow/.local/lib/python3.12/site-packages/airflow/example_dags/example_setup_teardown.py
[2025-01-17T11:27:34.441+0000] {logging_mixin.py:190} INFO - [2025-01-17T11:27:34.441+0000] {dag.py:3239} INFO - Sync 1 DAGs
[2025-01-17T11:27:34.456+0000] {logging_mixin.py:190} INFO - [2025-01-17T11:27:34.455+0000] {dag.py:4180} INFO - Setting next_dagrun for example_setup_teardown to None, run_after=None
[2025-01-17T11:27:34.481+0000] {processor.py:208} INFO - Processing /home/airflow/.local/lib/python3.12/site-packages/airflow/example_dags/example_setup_teardown.py took 0.080 seconds
[2025-01-17T11:28:05.120+0000] {processor.py:186} INFO - Started process (PID=840) to work on /home/airflow/.local/lib/python3.12/site-packages/airflow/example_dags/example_setup_teardown.py
[2025-01-17T11:28:05.122+0000] {processor.py:914} INFO - Processing file /home/airflow/.local/lib/python3.12/site-packages/airflow/example_dags/example_setup_teardown.py for tasks to queue
[2025-01-17T11:28:05.125+0000] {logging_mixin.py:190} INFO - [2025-01-17T11:28:05.125+0000] {dagbag.py:588} INFO - Filling up the DagBag from /home/airflow/.local/lib/python3.12/site-packages/airflow/example_dags/example_setup_teardown.py
[2025-01-17T11:28:05.136+0000] {processor.py:925} INFO - DAG(s) 'example_setup_teardown' retrieved from /home/airflow/.local/lib/python3.12/site-packages/airflow/example_dags/example_setup_teardown.py
[2025-01-17T11:28:05.166+0000] {logging_mixin.py:190} INFO - [2025-01-17T11:28:05.166+0000] {dag.py:3239} INFO - Sync 1 DAGs
[2025-01-17T11:28:05.187+0000] {logging_mixin.py:190} INFO - [2025-01-17T11:28:05.186+0000] {dag.py:4180} INFO - Setting next_dagrun for example_setup_teardown to None, run_after=None
[2025-01-17T11:28:05.212+0000] {processor.py:208} INFO - Processing /home/airflow/.local/lib/python3.12/site-packages/airflow/example_dags/example_setup_teardown.py took 0.098 seconds
[2025-01-17T11:28:36.099+0000] {processor.py:186} INFO - Started process (PID=905) to work on /home/airflow/.local/lib/python3.12/site-packages/airflow/example_dags/example_setup_teardown.py
[2025-01-17T11:28:36.101+0000] {processor.py:914} INFO - Processing file /home/airflow/.local/lib/python3.12/site-packages/airflow/example_dags/example_setup_teardown.py for tasks to queue
[2025-01-17T11:28:36.103+0000] {logging_mixin.py:190} INFO - [2025-01-17T11:28:36.103+0000] {dagbag.py:588} INFO - Filling up the DagBag from /home/airflow/.local/lib/python3.12/site-packages/airflow/example_dags/example_setup_teardown.py
[2025-01-17T11:28:36.113+0000] {processor.py:925} INFO - DAG(s) 'example_setup_teardown' retrieved from /home/airflow/.local/lib/python3.12/site-packages/airflow/example_dags/example_setup_teardown.py
[2025-01-17T11:28:36.142+0000] {logging_mixin.py:190} INFO - [2025-01-17T11:28:36.141+0000] {dag.py:3239} INFO - Sync 1 DAGs
[2025-01-17T11:28:36.159+0000] {logging_mixin.py:190} INFO - [2025-01-17T11:28:36.159+0000] {dag.py:4180} INFO - Setting next_dagrun for example_setup_teardown to None, run_after=None
[2025-01-17T11:28:36.190+0000] {processor.py:208} INFO - Processing /home/airflow/.local/lib/python3.12/site-packages/airflow/example_dags/example_setup_teardown.py took 0.096 seconds
[2025-01-17T11:29:07.000+0000] {processor.py:186} INFO - Started process (PID=969) to work on /home/airflow/.local/lib/python3.12/site-packages/airflow/example_dags/example_setup_teardown.py
[2025-01-17T11:29:07.001+0000] {processor.py:914} INFO - Processing file /home/airflow/.local/lib/python3.12/site-packages/airflow/example_dags/example_setup_teardown.py for tasks to queue
[2025-01-17T11:29:07.005+0000] {logging_mixin.py:190} INFO - [2025-01-17T11:29:07.004+0000] {dagbag.py:588} INFO - Filling up the DagBag from /home/airflow/.local/lib/python3.12/site-packages/airflow/example_dags/example_setup_teardown.py
[2025-01-17T11:29:07.014+0000] {processor.py:925} INFO - DAG(s) 'example_setup_teardown' retrieved from /home/airflow/.local/lib/python3.12/site-packages/airflow/example_dags/example_setup_teardown.py
[2025-01-17T11:29:07.037+0000] {logging_mixin.py:190} INFO - [2025-01-17T11:29:07.037+0000] {dag.py:3239} INFO - Sync 1 DAGs
[2025-01-17T11:29:07.054+0000] {logging_mixin.py:190} INFO - [2025-01-17T11:29:07.054+0000] {dag.py:4180} INFO - Setting next_dagrun for example_setup_teardown to None, run_after=None
[2025-01-17T11:29:07.079+0000] {processor.py:208} INFO - Processing /home/airflow/.local/lib/python3.12/site-packages/airflow/example_dags/example_setup_teardown.py took 0.085 seconds
