[2025-01-17T10:32:03.539+0000] {processor.py:186} INFO - Started process (PID=116) to work on /home/airflow/.local/lib/python3.12/site-packages/airflow/example_dags/tutorial.py
[2025-01-17T10:32:03.540+0000] {processor.py:914} INFO - Processing file /home/airflow/.local/lib/python3.12/site-packages/airflow/example_dags/tutorial.py for tasks to queue
[2025-01-17T10:32:03.544+0000] {logging_mixin.py:190} INFO - [2025-01-17T10:32:03.543+0000] {dagbag.py:588} INFO - Filling up the DagBag from /home/airflow/.local/lib/python3.12/site-packages/airflow/example_dags/tutorial.py
[2025-01-17T10:32:03.555+0000] {processor.py:925} INFO - DAG(s) 'tutorial' retrieved from /home/airflow/.local/lib/python3.12/site-packages/airflow/example_dags/tutorial.py
[2025-01-17T10:32:03.583+0000] {logging_mixin.py:190} INFO - [2025-01-17T10:32:03.583+0000] {dag.py:3239} INFO - Sync 1 DAGs
[2025-01-17T10:32:03.613+0000] {logging_mixin.py:190} INFO - [2025-01-17T10:32:03.612+0000] {dag.py:4180} INFO - Setting next_dagrun for tutorial to 2025-01-16 00:00:00+00:00, run_after=2025-01-17 00:00:00+00:00
[2025-01-17T10:32:03.645+0000] {processor.py:208} INFO - Processing /home/airflow/.local/lib/python3.12/site-packages/airflow/example_dags/tutorial.py took 0.111 seconds
[2025-01-17T10:32:35.464+0000] {processor.py:186} INFO - Started process (PID=180) to work on /home/airflow/.local/lib/python3.12/site-packages/airflow/example_dags/tutorial.py
[2025-01-17T10:32:35.466+0000] {processor.py:914} INFO - Processing file /home/airflow/.local/lib/python3.12/site-packages/airflow/example_dags/tutorial.py for tasks to queue
[2025-01-17T10:32:35.470+0000] {logging_mixin.py:190} INFO - [2025-01-17T10:32:35.469+0000] {dagbag.py:588} INFO - Filling up the DagBag from /home/airflow/.local/lib/python3.12/site-packages/airflow/example_dags/tutorial.py
[2025-01-17T10:32:35.485+0000] {processor.py:925} INFO - DAG(s) 'tutorial' retrieved from /home/airflow/.local/lib/python3.12/site-packages/airflow/example_dags/tutorial.py
[2025-01-17T10:32:35.521+0000] {logging_mixin.py:190} INFO - [2025-01-17T10:32:35.521+0000] {dag.py:3239} INFO - Sync 1 DAGs
[2025-01-17T10:32:35.570+0000] {logging_mixin.py:190} INFO - [2025-01-17T10:32:35.570+0000] {dag.py:4180} INFO - Setting next_dagrun for tutorial to 2025-01-16 00:00:00+00:00, run_after=2025-01-17 00:00:00+00:00
[2025-01-17T10:32:35.618+0000] {processor.py:208} INFO - Processing /home/airflow/.local/lib/python3.12/site-packages/airflow/example_dags/tutorial.py took 0.163 seconds
[2025-01-17T10:33:06.367+0000] {processor.py:186} INFO - Started process (PID=244) to work on /home/airflow/.local/lib/python3.12/site-packages/airflow/example_dags/tutorial.py
[2025-01-17T10:33:06.368+0000] {processor.py:914} INFO - Processing file /home/airflow/.local/lib/python3.12/site-packages/airflow/example_dags/tutorial.py for tasks to queue
[2025-01-17T10:33:06.372+0000] {logging_mixin.py:190} INFO - [2025-01-17T10:33:06.371+0000] {dagbag.py:588} INFO - Filling up the DagBag from /home/airflow/.local/lib/python3.12/site-packages/airflow/example_dags/tutorial.py
[2025-01-17T10:33:06.382+0000] {processor.py:925} INFO - DAG(s) 'tutorial' retrieved from /home/airflow/.local/lib/python3.12/site-packages/airflow/example_dags/tutorial.py
[2025-01-17T10:33:06.406+0000] {logging_mixin.py:190} INFO - [2025-01-17T10:33:06.406+0000] {dag.py:3239} INFO - Sync 1 DAGs
[2025-01-17T10:33:06.435+0000] {logging_mixin.py:190} INFO - [2025-01-17T10:33:06.435+0000] {dag.py:4180} INFO - Setting next_dagrun for tutorial to 2025-01-16 00:00:00+00:00, run_after=2025-01-17 00:00:00+00:00
[2025-01-17T10:33:06.465+0000] {processor.py:208} INFO - Processing /home/airflow/.local/lib/python3.12/site-packages/airflow/example_dags/tutorial.py took 0.104 seconds
[2025-01-17T10:33:38.402+0000] {processor.py:186} INFO - Started process (PID=308) to work on /home/airflow/.local/lib/python3.12/site-packages/airflow/example_dags/tutorial.py
[2025-01-17T10:33:38.403+0000] {processor.py:914} INFO - Processing file /home/airflow/.local/lib/python3.12/site-packages/airflow/example_dags/tutorial.py for tasks to queue
[2025-01-17T10:33:38.407+0000] {logging_mixin.py:190} INFO - [2025-01-17T10:33:38.406+0000] {dagbag.py:588} INFO - Filling up the DagBag from /home/airflow/.local/lib/python3.12/site-packages/airflow/example_dags/tutorial.py
[2025-01-17T10:33:38.418+0000] {processor.py:925} INFO - DAG(s) 'tutorial' retrieved from /home/airflow/.local/lib/python3.12/site-packages/airflow/example_dags/tutorial.py
[2025-01-17T10:33:38.449+0000] {logging_mixin.py:190} INFO - [2025-01-17T10:33:38.448+0000] {dag.py:3239} INFO - Sync 1 DAGs
[2025-01-17T10:33:38.486+0000] {logging_mixin.py:190} INFO - [2025-01-17T10:33:38.486+0000] {dag.py:4180} INFO - Setting next_dagrun for tutorial to 2025-01-16 00:00:00+00:00, run_after=2025-01-17 00:00:00+00:00
[2025-01-17T10:33:38.521+0000] {processor.py:208} INFO - Processing /home/airflow/.local/lib/python3.12/site-packages/airflow/example_dags/tutorial.py took 0.129 seconds
[2025-01-17T10:34:09.831+0000] {processor.py:186} INFO - Started process (PID=372) to work on /home/airflow/.local/lib/python3.12/site-packages/airflow/example_dags/tutorial.py
[2025-01-17T10:34:09.833+0000] {processor.py:914} INFO - Processing file /home/airflow/.local/lib/python3.12/site-packages/airflow/example_dags/tutorial.py for tasks to queue
[2025-01-17T10:34:09.837+0000] {logging_mixin.py:190} INFO - [2025-01-17T10:34:09.837+0000] {dagbag.py:588} INFO - Filling up the DagBag from /home/airflow/.local/lib/python3.12/site-packages/airflow/example_dags/tutorial.py
[2025-01-17T10:34:09.853+0000] {processor.py:925} INFO - DAG(s) 'tutorial' retrieved from /home/airflow/.local/lib/python3.12/site-packages/airflow/example_dags/tutorial.py
[2025-01-17T10:34:09.888+0000] {logging_mixin.py:190} INFO - [2025-01-17T10:34:09.888+0000] {dag.py:3239} INFO - Sync 1 DAGs
[2025-01-17T10:34:09.926+0000] {logging_mixin.py:190} INFO - [2025-01-17T10:34:09.926+0000] {dag.py:4180} INFO - Setting next_dagrun for tutorial to 2025-01-16 00:00:00+00:00, run_after=2025-01-17 00:00:00+00:00
[2025-01-17T10:34:09.971+0000] {processor.py:208} INFO - Processing /home/airflow/.local/lib/python3.12/site-packages/airflow/example_dags/tutorial.py took 0.151 seconds
[2025-01-17T10:34:41.745+0000] {processor.py:186} INFO - Started process (PID=435) to work on /home/airflow/.local/lib/python3.12/site-packages/airflow/example_dags/tutorial.py
[2025-01-17T10:34:41.747+0000] {processor.py:914} INFO - Processing file /home/airflow/.local/lib/python3.12/site-packages/airflow/example_dags/tutorial.py for tasks to queue
[2025-01-17T10:34:41.749+0000] {logging_mixin.py:190} INFO - [2025-01-17T10:34:41.749+0000] {dagbag.py:588} INFO - Filling up the DagBag from /home/airflow/.local/lib/python3.12/site-packages/airflow/example_dags/tutorial.py
[2025-01-17T10:34:41.762+0000] {processor.py:925} INFO - DAG(s) 'tutorial' retrieved from /home/airflow/.local/lib/python3.12/site-packages/airflow/example_dags/tutorial.py
[2025-01-17T10:34:41.793+0000] {logging_mixin.py:190} INFO - [2025-01-17T10:34:41.793+0000] {dag.py:3239} INFO - Sync 1 DAGs
[2025-01-17T10:34:41.828+0000] {logging_mixin.py:190} INFO - [2025-01-17T10:34:41.828+0000] {dag.py:4180} INFO - Setting next_dagrun for tutorial to 2025-01-16 00:00:00+00:00, run_after=2025-01-17 00:00:00+00:00
[2025-01-17T10:34:41.860+0000] {processor.py:208} INFO - Processing /home/airflow/.local/lib/python3.12/site-packages/airflow/example_dags/tutorial.py took 0.124 seconds
[2025-01-17T10:35:13.607+0000] {processor.py:186} INFO - Started process (PID=498) to work on /home/airflow/.local/lib/python3.12/site-packages/airflow/example_dags/tutorial.py
[2025-01-17T10:35:13.609+0000] {processor.py:914} INFO - Processing file /home/airflow/.local/lib/python3.12/site-packages/airflow/example_dags/tutorial.py for tasks to queue
[2025-01-17T10:35:13.611+0000] {logging_mixin.py:190} INFO - [2025-01-17T10:35:13.611+0000] {dagbag.py:588} INFO - Filling up the DagBag from /home/airflow/.local/lib/python3.12/site-packages/airflow/example_dags/tutorial.py
[2025-01-17T10:35:13.624+0000] {processor.py:925} INFO - DAG(s) 'tutorial' retrieved from /home/airflow/.local/lib/python3.12/site-packages/airflow/example_dags/tutorial.py
[2025-01-17T10:35:13.657+0000] {logging_mixin.py:190} INFO - [2025-01-17T10:35:13.657+0000] {dag.py:3239} INFO - Sync 1 DAGs
[2025-01-17T10:35:13.695+0000] {logging_mixin.py:190} INFO - [2025-01-17T10:35:13.695+0000] {dag.py:4180} INFO - Setting next_dagrun for tutorial to 2025-01-16 00:00:00+00:00, run_after=2025-01-17 00:00:00+00:00
[2025-01-17T10:35:13.749+0000] {processor.py:208} INFO - Processing /home/airflow/.local/lib/python3.12/site-packages/airflow/example_dags/tutorial.py took 0.150 seconds
[2025-01-17T10:35:45.265+0000] {processor.py:186} INFO - Started process (PID=561) to work on /home/airflow/.local/lib/python3.12/site-packages/airflow/example_dags/tutorial.py
[2025-01-17T10:35:45.267+0000] {processor.py:914} INFO - Processing file /home/airflow/.local/lib/python3.12/site-packages/airflow/example_dags/tutorial.py for tasks to queue
[2025-01-17T10:35:45.270+0000] {logging_mixin.py:190} INFO - [2025-01-17T10:35:45.269+0000] {dagbag.py:588} INFO - Filling up the DagBag from /home/airflow/.local/lib/python3.12/site-packages/airflow/example_dags/tutorial.py
[2025-01-17T10:35:45.285+0000] {processor.py:925} INFO - DAG(s) 'tutorial' retrieved from /home/airflow/.local/lib/python3.12/site-packages/airflow/example_dags/tutorial.py
[2025-01-17T10:35:45.320+0000] {logging_mixin.py:190} INFO - [2025-01-17T10:35:45.320+0000] {dag.py:3239} INFO - Sync 1 DAGs
[2025-01-17T10:35:45.367+0000] {logging_mixin.py:190} INFO - [2025-01-17T10:35:45.366+0000] {dag.py:4180} INFO - Setting next_dagrun for tutorial to 2025-01-16 00:00:00+00:00, run_after=2025-01-17 00:00:00+00:00
[2025-01-17T10:35:45.405+0000] {processor.py:208} INFO - Processing /home/airflow/.local/lib/python3.12/site-packages/airflow/example_dags/tutorial.py took 0.147 seconds
[2025-01-17T10:36:16.834+0000] {processor.py:186} INFO - Started process (PID=624) to work on /home/airflow/.local/lib/python3.12/site-packages/airflow/example_dags/tutorial.py
[2025-01-17T10:36:16.836+0000] {processor.py:914} INFO - Processing file /home/airflow/.local/lib/python3.12/site-packages/airflow/example_dags/tutorial.py for tasks to queue
[2025-01-17T10:36:16.838+0000] {logging_mixin.py:190} INFO - [2025-01-17T10:36:16.838+0000] {dagbag.py:588} INFO - Filling up the DagBag from /home/airflow/.local/lib/python3.12/site-packages/airflow/example_dags/tutorial.py
[2025-01-17T10:36:16.850+0000] {processor.py:925} INFO - DAG(s) 'tutorial' retrieved from /home/airflow/.local/lib/python3.12/site-packages/airflow/example_dags/tutorial.py
[2025-01-17T10:36:16.885+0000] {logging_mixin.py:190} INFO - [2025-01-17T10:36:16.885+0000] {dag.py:3239} INFO - Sync 1 DAGs
[2025-01-17T10:36:16.947+0000] {logging_mixin.py:190} INFO - [2025-01-17T10:36:16.947+0000] {dag.py:4180} INFO - Setting next_dagrun for tutorial to 2025-01-16 00:00:00+00:00, run_after=2025-01-17 00:00:00+00:00
[2025-01-17T10:36:16.991+0000] {processor.py:208} INFO - Processing /home/airflow/.local/lib/python3.12/site-packages/airflow/example_dags/tutorial.py took 0.165 seconds
[2025-01-17T10:37:33.371+0000] {processor.py:186} INFO - Started process (PID=109) to work on /home/airflow/.local/lib/python3.12/site-packages/airflow/example_dags/tutorial.py
[2025-01-17T10:37:33.372+0000] {processor.py:914} INFO - Processing file /home/airflow/.local/lib/python3.12/site-packages/airflow/example_dags/tutorial.py for tasks to queue
[2025-01-17T10:37:33.376+0000] {logging_mixin.py:190} INFO - [2025-01-17T10:37:33.376+0000] {dagbag.py:588} INFO - Filling up the DagBag from /home/airflow/.local/lib/python3.12/site-packages/airflow/example_dags/tutorial.py
[2025-01-17T10:37:33.387+0000] {processor.py:925} INFO - DAG(s) 'tutorial' retrieved from /home/airflow/.local/lib/python3.12/site-packages/airflow/example_dags/tutorial.py
[2025-01-17T10:37:33.412+0000] {logging_mixin.py:190} INFO - [2025-01-17T10:37:33.412+0000] {dag.py:3239} INFO - Sync 1 DAGs
[2025-01-17T10:37:33.440+0000] {logging_mixin.py:190} INFO - [2025-01-17T10:37:33.439+0000] {dag.py:4180} INFO - Setting next_dagrun for tutorial to 2025-01-16 00:00:00+00:00, run_after=2025-01-17 00:00:00+00:00
[2025-01-17T10:37:33.472+0000] {processor.py:208} INFO - Processing /home/airflow/.local/lib/python3.12/site-packages/airflow/example_dags/tutorial.py took 0.109 seconds
[2025-01-17T10:38:05.772+0000] {processor.py:186} INFO - Started process (PID=173) to work on /home/airflow/.local/lib/python3.12/site-packages/airflow/example_dags/tutorial.py
[2025-01-17T10:38:05.774+0000] {processor.py:914} INFO - Processing file /home/airflow/.local/lib/python3.12/site-packages/airflow/example_dags/tutorial.py for tasks to queue
[2025-01-17T10:38:05.778+0000] {logging_mixin.py:190} INFO - [2025-01-17T10:38:05.777+0000] {dagbag.py:588} INFO - Filling up the DagBag from /home/airflow/.local/lib/python3.12/site-packages/airflow/example_dags/tutorial.py
[2025-01-17T10:38:05.791+0000] {processor.py:925} INFO - DAG(s) 'tutorial' retrieved from /home/airflow/.local/lib/python3.12/site-packages/airflow/example_dags/tutorial.py
[2025-01-17T10:38:05.826+0000] {logging_mixin.py:190} INFO - [2025-01-17T10:38:05.825+0000] {dag.py:3239} INFO - Sync 1 DAGs
[2025-01-17T10:38:05.874+0000] {logging_mixin.py:190} INFO - [2025-01-17T10:38:05.874+0000] {dag.py:4180} INFO - Setting next_dagrun for tutorial to 2025-01-16 00:00:00+00:00, run_after=2025-01-17 00:00:00+00:00
[2025-01-17T10:38:05.914+0000] {processor.py:208} INFO - Processing /home/airflow/.local/lib/python3.12/site-packages/airflow/example_dags/tutorial.py took 0.150 seconds
[2025-01-17T10:52:16.281+0000] {processor.py:186} INFO - Started process (PID=116) to work on /home/airflow/.local/lib/python3.12/site-packages/airflow/example_dags/tutorial.py
[2025-01-17T10:52:16.282+0000] {processor.py:914} INFO - Processing file /home/airflow/.local/lib/python3.12/site-packages/airflow/example_dags/tutorial.py for tasks to queue
[2025-01-17T10:52:16.285+0000] {logging_mixin.py:190} INFO - [2025-01-17T10:52:16.284+0000] {dagbag.py:588} INFO - Filling up the DagBag from /home/airflow/.local/lib/python3.12/site-packages/airflow/example_dags/tutorial.py
[2025-01-17T10:52:16.293+0000] {processor.py:925} INFO - DAG(s) 'tutorial' retrieved from /home/airflow/.local/lib/python3.12/site-packages/airflow/example_dags/tutorial.py
[2025-01-17T10:52:16.315+0000] {logging_mixin.py:190} INFO - [2025-01-17T10:52:16.315+0000] {dag.py:3239} INFO - Sync 1 DAGs
[2025-01-17T10:52:16.342+0000] {logging_mixin.py:190} INFO - [2025-01-17T10:52:16.341+0000] {dag.py:4180} INFO - Setting next_dagrun for tutorial to 2025-01-16 00:00:00+00:00, run_after=2025-01-17 00:00:00+00:00
[2025-01-17T10:52:16.365+0000] {processor.py:208} INFO - Processing /home/airflow/.local/lib/python3.12/site-packages/airflow/example_dags/tutorial.py took 0.092 seconds
[2025-01-17T10:52:47.653+0000] {processor.py:186} INFO - Started process (PID=180) to work on /home/airflow/.local/lib/python3.12/site-packages/airflow/example_dags/tutorial.py
[2025-01-17T10:52:47.654+0000] {processor.py:914} INFO - Processing file /home/airflow/.local/lib/python3.12/site-packages/airflow/example_dags/tutorial.py for tasks to queue
[2025-01-17T10:52:47.657+0000] {logging_mixin.py:190} INFO - [2025-01-17T10:52:47.657+0000] {dagbag.py:588} INFO - Filling up the DagBag from /home/airflow/.local/lib/python3.12/site-packages/airflow/example_dags/tutorial.py
[2025-01-17T10:52:47.664+0000] {processor.py:925} INFO - DAG(s) 'tutorial' retrieved from /home/airflow/.local/lib/python3.12/site-packages/airflow/example_dags/tutorial.py
[2025-01-17T10:52:47.686+0000] {logging_mixin.py:190} INFO - [2025-01-17T10:52:47.686+0000] {dag.py:3239} INFO - Sync 1 DAGs
[2025-01-17T10:52:47.710+0000] {logging_mixin.py:190} INFO - [2025-01-17T10:52:47.710+0000] {dag.py:4180} INFO - Setting next_dagrun for tutorial to 2025-01-16 00:00:00+00:00, run_after=2025-01-17 00:00:00+00:00
[2025-01-17T10:52:47.735+0000] {processor.py:208} INFO - Processing /home/airflow/.local/lib/python3.12/site-packages/airflow/example_dags/tutorial.py took 0.088 seconds
[2025-01-17T10:53:18.838+0000] {processor.py:186} INFO - Started process (PID=244) to work on /home/airflow/.local/lib/python3.12/site-packages/airflow/example_dags/tutorial.py
[2025-01-17T10:53:18.840+0000] {processor.py:914} INFO - Processing file /home/airflow/.local/lib/python3.12/site-packages/airflow/example_dags/tutorial.py for tasks to queue
[2025-01-17T10:53:18.843+0000] {logging_mixin.py:190} INFO - [2025-01-17T10:53:18.843+0000] {dagbag.py:588} INFO - Filling up the DagBag from /home/airflow/.local/lib/python3.12/site-packages/airflow/example_dags/tutorial.py
[2025-01-17T10:53:18.851+0000] {processor.py:925} INFO - DAG(s) 'tutorial' retrieved from /home/airflow/.local/lib/python3.12/site-packages/airflow/example_dags/tutorial.py
[2025-01-17T10:53:18.873+0000] {logging_mixin.py:190} INFO - [2025-01-17T10:53:18.873+0000] {dag.py:3239} INFO - Sync 1 DAGs
[2025-01-17T10:53:18.899+0000] {logging_mixin.py:190} INFO - [2025-01-17T10:53:18.899+0000] {dag.py:4180} INFO - Setting next_dagrun for tutorial to 2025-01-16 00:00:00+00:00, run_after=2025-01-17 00:00:00+00:00
[2025-01-17T10:53:18.925+0000] {processor.py:208} INFO - Processing /home/airflow/.local/lib/python3.12/site-packages/airflow/example_dags/tutorial.py took 0.092 seconds
[2025-01-17T10:53:50.251+0000] {processor.py:186} INFO - Started process (PID=309) to work on /home/airflow/.local/lib/python3.12/site-packages/airflow/example_dags/tutorial.py
[2025-01-17T10:53:50.252+0000] {processor.py:914} INFO - Processing file /home/airflow/.local/lib/python3.12/site-packages/airflow/example_dags/tutorial.py for tasks to queue
[2025-01-17T10:53:50.255+0000] {logging_mixin.py:190} INFO - [2025-01-17T10:53:50.255+0000] {dagbag.py:588} INFO - Filling up the DagBag from /home/airflow/.local/lib/python3.12/site-packages/airflow/example_dags/tutorial.py
[2025-01-17T10:53:50.263+0000] {processor.py:925} INFO - DAG(s) 'tutorial' retrieved from /home/airflow/.local/lib/python3.12/site-packages/airflow/example_dags/tutorial.py
[2025-01-17T10:53:50.287+0000] {logging_mixin.py:190} INFO - [2025-01-17T10:53:50.286+0000] {dag.py:3239} INFO - Sync 1 DAGs
[2025-01-17T10:53:50.312+0000] {logging_mixin.py:190} INFO - [2025-01-17T10:53:50.312+0000] {dag.py:4180} INFO - Setting next_dagrun for tutorial to 2025-01-16 00:00:00+00:00, run_after=2025-01-17 00:00:00+00:00
[2025-01-17T10:53:50.335+0000] {processor.py:208} INFO - Processing /home/airflow/.local/lib/python3.12/site-packages/airflow/example_dags/tutorial.py took 0.090 seconds
[2025-01-17T10:54:21.575+0000] {processor.py:186} INFO - Started process (PID=373) to work on /home/airflow/.local/lib/python3.12/site-packages/airflow/example_dags/tutorial.py
[2025-01-17T10:54:21.576+0000] {processor.py:914} INFO - Processing file /home/airflow/.local/lib/python3.12/site-packages/airflow/example_dags/tutorial.py for tasks to queue
[2025-01-17T10:54:21.580+0000] {logging_mixin.py:190} INFO - [2025-01-17T10:54:21.579+0000] {dagbag.py:588} INFO - Filling up the DagBag from /home/airflow/.local/lib/python3.12/site-packages/airflow/example_dags/tutorial.py
[2025-01-17T10:54:21.588+0000] {processor.py:925} INFO - DAG(s) 'tutorial' retrieved from /home/airflow/.local/lib/python3.12/site-packages/airflow/example_dags/tutorial.py
[2025-01-17T10:54:21.611+0000] {logging_mixin.py:190} INFO - [2025-01-17T10:54:21.611+0000] {dag.py:3239} INFO - Sync 1 DAGs
[2025-01-17T10:54:21.635+0000] {logging_mixin.py:190} INFO - [2025-01-17T10:54:21.635+0000] {dag.py:4180} INFO - Setting next_dagrun for tutorial to 2025-01-16 00:00:00+00:00, run_after=2025-01-17 00:00:00+00:00
[2025-01-17T10:54:21.660+0000] {processor.py:208} INFO - Processing /home/airflow/.local/lib/python3.12/site-packages/airflow/example_dags/tutorial.py took 0.090 seconds
[2025-01-17T10:54:52.926+0000] {processor.py:186} INFO - Started process (PID=437) to work on /home/airflow/.local/lib/python3.12/site-packages/airflow/example_dags/tutorial.py
[2025-01-17T10:54:52.928+0000] {processor.py:914} INFO - Processing file /home/airflow/.local/lib/python3.12/site-packages/airflow/example_dags/tutorial.py for tasks to queue
[2025-01-17T10:54:52.931+0000] {logging_mixin.py:190} INFO - [2025-01-17T10:54:52.930+0000] {dagbag.py:588} INFO - Filling up the DagBag from /home/airflow/.local/lib/python3.12/site-packages/airflow/example_dags/tutorial.py
[2025-01-17T10:54:52.939+0000] {processor.py:925} INFO - DAG(s) 'tutorial' retrieved from /home/airflow/.local/lib/python3.12/site-packages/airflow/example_dags/tutorial.py
[2025-01-17T10:54:52.962+0000] {logging_mixin.py:190} INFO - [2025-01-17T10:54:52.962+0000] {dag.py:3239} INFO - Sync 1 DAGs
[2025-01-17T10:54:52.987+0000] {logging_mixin.py:190} INFO - [2025-01-17T10:54:52.987+0000] {dag.py:4180} INFO - Setting next_dagrun for tutorial to 2025-01-16 00:00:00+00:00, run_after=2025-01-17 00:00:00+00:00
[2025-01-17T10:54:53.011+0000] {processor.py:208} INFO - Processing /home/airflow/.local/lib/python3.12/site-packages/airflow/example_dags/tutorial.py took 0.090 seconds
[2025-01-17T10:55:24.312+0000] {processor.py:186} INFO - Started process (PID=501) to work on /home/airflow/.local/lib/python3.12/site-packages/airflow/example_dags/tutorial.py
[2025-01-17T10:55:24.313+0000] {processor.py:914} INFO - Processing file /home/airflow/.local/lib/python3.12/site-packages/airflow/example_dags/tutorial.py for tasks to queue
[2025-01-17T10:55:24.316+0000] {logging_mixin.py:190} INFO - [2025-01-17T10:55:24.315+0000] {dagbag.py:588} INFO - Filling up the DagBag from /home/airflow/.local/lib/python3.12/site-packages/airflow/example_dags/tutorial.py
[2025-01-17T10:55:24.324+0000] {processor.py:925} INFO - DAG(s) 'tutorial' retrieved from /home/airflow/.local/lib/python3.12/site-packages/airflow/example_dags/tutorial.py
[2025-01-17T10:55:24.346+0000] {logging_mixin.py:190} INFO - [2025-01-17T10:55:24.346+0000] {dag.py:3239} INFO - Sync 1 DAGs
[2025-01-17T10:55:24.369+0000] {logging_mixin.py:190} INFO - [2025-01-17T10:55:24.369+0000] {dag.py:4180} INFO - Setting next_dagrun for tutorial to 2025-01-16 00:00:00+00:00, run_after=2025-01-17 00:00:00+00:00
[2025-01-17T10:55:24.393+0000] {processor.py:208} INFO - Processing /home/airflow/.local/lib/python3.12/site-packages/airflow/example_dags/tutorial.py took 0.086 seconds
[2025-01-17T10:55:55.680+0000] {processor.py:186} INFO - Started process (PID=566) to work on /home/airflow/.local/lib/python3.12/site-packages/airflow/example_dags/tutorial.py
[2025-01-17T10:55:55.681+0000] {processor.py:914} INFO - Processing file /home/airflow/.local/lib/python3.12/site-packages/airflow/example_dags/tutorial.py for tasks to queue
[2025-01-17T10:55:55.684+0000] {logging_mixin.py:190} INFO - [2025-01-17T10:55:55.683+0000] {dagbag.py:588} INFO - Filling up the DagBag from /home/airflow/.local/lib/python3.12/site-packages/airflow/example_dags/tutorial.py
[2025-01-17T10:55:55.693+0000] {processor.py:925} INFO - DAG(s) 'tutorial' retrieved from /home/airflow/.local/lib/python3.12/site-packages/airflow/example_dags/tutorial.py
[2025-01-17T10:55:55.715+0000] {logging_mixin.py:190} INFO - [2025-01-17T10:55:55.715+0000] {dag.py:3239} INFO - Sync 1 DAGs
[2025-01-17T10:55:55.738+0000] {logging_mixin.py:190} INFO - [2025-01-17T10:55:55.738+0000] {dag.py:4180} INFO - Setting next_dagrun for tutorial to 2025-01-16 00:00:00+00:00, run_after=2025-01-17 00:00:00+00:00
[2025-01-17T10:55:55.761+0000] {processor.py:208} INFO - Processing /home/airflow/.local/lib/python3.12/site-packages/airflow/example_dags/tutorial.py took 0.086 seconds
[2025-01-17T10:56:26.934+0000] {processor.py:186} INFO - Started process (PID=630) to work on /home/airflow/.local/lib/python3.12/site-packages/airflow/example_dags/tutorial.py
[2025-01-17T10:56:26.936+0000] {processor.py:914} INFO - Processing file /home/airflow/.local/lib/python3.12/site-packages/airflow/example_dags/tutorial.py for tasks to queue
[2025-01-17T10:56:26.938+0000] {logging_mixin.py:190} INFO - [2025-01-17T10:56:26.938+0000] {dagbag.py:588} INFO - Filling up the DagBag from /home/airflow/.local/lib/python3.12/site-packages/airflow/example_dags/tutorial.py
[2025-01-17T10:56:26.946+0000] {processor.py:925} INFO - DAG(s) 'tutorial' retrieved from /home/airflow/.local/lib/python3.12/site-packages/airflow/example_dags/tutorial.py
[2025-01-17T10:56:26.969+0000] {logging_mixin.py:190} INFO - [2025-01-17T10:56:26.969+0000] {dag.py:3239} INFO - Sync 1 DAGs
[2025-01-17T10:56:26.994+0000] {logging_mixin.py:190} INFO - [2025-01-17T10:56:26.994+0000] {dag.py:4180} INFO - Setting next_dagrun for tutorial to 2025-01-16 00:00:00+00:00, run_after=2025-01-17 00:00:00+00:00
[2025-01-17T10:56:27.018+0000] {processor.py:208} INFO - Processing /home/airflow/.local/lib/python3.12/site-packages/airflow/example_dags/tutorial.py took 0.088 seconds
[2025-01-17T10:56:58.512+0000] {processor.py:186} INFO - Started process (PID=695) to work on /home/airflow/.local/lib/python3.12/site-packages/airflow/example_dags/tutorial.py
[2025-01-17T10:56:58.513+0000] {processor.py:914} INFO - Processing file /home/airflow/.local/lib/python3.12/site-packages/airflow/example_dags/tutorial.py for tasks to queue
[2025-01-17T10:56:58.516+0000] {logging_mixin.py:190} INFO - [2025-01-17T10:56:58.516+0000] {dagbag.py:588} INFO - Filling up the DagBag from /home/airflow/.local/lib/python3.12/site-packages/airflow/example_dags/tutorial.py
[2025-01-17T10:56:58.524+0000] {processor.py:925} INFO - DAG(s) 'tutorial' retrieved from /home/airflow/.local/lib/python3.12/site-packages/airflow/example_dags/tutorial.py
[2025-01-17T10:56:58.546+0000] {logging_mixin.py:190} INFO - [2025-01-17T10:56:58.546+0000] {dag.py:3239} INFO - Sync 1 DAGs
[2025-01-17T10:56:58.586+0000] {logging_mixin.py:190} INFO - [2025-01-17T10:56:58.586+0000] {dag.py:4180} INFO - Setting next_dagrun for tutorial to 2025-01-16 00:00:00+00:00, run_after=2025-01-17 00:00:00+00:00
[2025-01-17T10:56:58.612+0000] {processor.py:208} INFO - Processing /home/airflow/.local/lib/python3.12/site-packages/airflow/example_dags/tutorial.py took 0.105 seconds
[2025-01-17T10:57:29.322+0000] {processor.py:186} INFO - Started process (PID=759) to work on /home/airflow/.local/lib/python3.12/site-packages/airflow/example_dags/tutorial.py
[2025-01-17T10:57:29.323+0000] {processor.py:914} INFO - Processing file /home/airflow/.local/lib/python3.12/site-packages/airflow/example_dags/tutorial.py for tasks to queue
[2025-01-17T10:57:29.326+0000] {logging_mixin.py:190} INFO - [2025-01-17T10:57:29.326+0000] {dagbag.py:588} INFO - Filling up the DagBag from /home/airflow/.local/lib/python3.12/site-packages/airflow/example_dags/tutorial.py
[2025-01-17T10:57:29.335+0000] {processor.py:925} INFO - DAG(s) 'tutorial' retrieved from /home/airflow/.local/lib/python3.12/site-packages/airflow/example_dags/tutorial.py
[2025-01-17T10:57:29.358+0000] {logging_mixin.py:190} INFO - [2025-01-17T10:57:29.358+0000] {dag.py:3239} INFO - Sync 1 DAGs
[2025-01-17T10:57:29.382+0000] {logging_mixin.py:190} INFO - [2025-01-17T10:57:29.382+0000] {dag.py:4180} INFO - Setting next_dagrun for tutorial to 2025-01-16 00:00:00+00:00, run_after=2025-01-17 00:00:00+00:00
[2025-01-17T10:57:29.406+0000] {processor.py:208} INFO - Processing /home/airflow/.local/lib/python3.12/site-packages/airflow/example_dags/tutorial.py took 0.090 seconds
[2025-01-17T10:58:00.952+0000] {processor.py:186} INFO - Started process (PID=823) to work on /home/airflow/.local/lib/python3.12/site-packages/airflow/example_dags/tutorial.py
[2025-01-17T10:58:00.954+0000] {processor.py:914} INFO - Processing file /home/airflow/.local/lib/python3.12/site-packages/airflow/example_dags/tutorial.py for tasks to queue
[2025-01-17T10:58:00.957+0000] {logging_mixin.py:190} INFO - [2025-01-17T10:58:00.956+0000] {dagbag.py:588} INFO - Filling up the DagBag from /home/airflow/.local/lib/python3.12/site-packages/airflow/example_dags/tutorial.py
[2025-01-17T10:58:00.965+0000] {processor.py:925} INFO - DAG(s) 'tutorial' retrieved from /home/airflow/.local/lib/python3.12/site-packages/airflow/example_dags/tutorial.py
[2025-01-17T10:58:00.986+0000] {logging_mixin.py:190} INFO - [2025-01-17T10:58:00.986+0000] {dag.py:3239} INFO - Sync 1 DAGs
[2025-01-17T10:58:01.011+0000] {logging_mixin.py:190} INFO - [2025-01-17T10:58:01.010+0000] {dag.py:4180} INFO - Setting next_dagrun for tutorial to 2025-01-16 00:00:00+00:00, run_after=2025-01-17 00:00:00+00:00
[2025-01-17T10:58:01.035+0000] {processor.py:208} INFO - Processing /home/airflow/.local/lib/python3.12/site-packages/airflow/example_dags/tutorial.py took 0.088 seconds
[2025-01-17T10:58:32.999+0000] {processor.py:186} INFO - Started process (PID=887) to work on /home/airflow/.local/lib/python3.12/site-packages/airflow/example_dags/tutorial.py
[2025-01-17T10:58:33.001+0000] {processor.py:914} INFO - Processing file /home/airflow/.local/lib/python3.12/site-packages/airflow/example_dags/tutorial.py for tasks to queue
[2025-01-17T10:58:33.003+0000] {logging_mixin.py:190} INFO - [2025-01-17T10:58:33.003+0000] {dagbag.py:588} INFO - Filling up the DagBag from /home/airflow/.local/lib/python3.12/site-packages/airflow/example_dags/tutorial.py
[2025-01-17T10:58:33.012+0000] {processor.py:925} INFO - DAG(s) 'tutorial' retrieved from /home/airflow/.local/lib/python3.12/site-packages/airflow/example_dags/tutorial.py
[2025-01-17T10:58:33.034+0000] {logging_mixin.py:190} INFO - [2025-01-17T10:58:33.034+0000] {dag.py:3239} INFO - Sync 1 DAGs
[2025-01-17T10:58:33.061+0000] {logging_mixin.py:190} INFO - [2025-01-17T10:58:33.061+0000] {dag.py:4180} INFO - Setting next_dagrun for tutorial to 2025-01-16 00:00:00+00:00, run_after=2025-01-17 00:00:00+00:00
[2025-01-17T10:58:33.085+0000] {processor.py:208} INFO - Processing /home/airflow/.local/lib/python3.12/site-packages/airflow/example_dags/tutorial.py took 0.091 seconds
[2025-01-17T10:59:03.373+0000] {processor.py:186} INFO - Started process (PID=951) to work on /home/airflow/.local/lib/python3.12/site-packages/airflow/example_dags/tutorial.py
[2025-01-17T10:59:03.374+0000] {processor.py:914} INFO - Processing file /home/airflow/.local/lib/python3.12/site-packages/airflow/example_dags/tutorial.py for tasks to queue
[2025-01-17T10:59:03.377+0000] {logging_mixin.py:190} INFO - [2025-01-17T10:59:03.377+0000] {dagbag.py:588} INFO - Filling up the DagBag from /home/airflow/.local/lib/python3.12/site-packages/airflow/example_dags/tutorial.py
[2025-01-17T10:59:03.384+0000] {processor.py:925} INFO - DAG(s) 'tutorial' retrieved from /home/airflow/.local/lib/python3.12/site-packages/airflow/example_dags/tutorial.py
[2025-01-17T10:59:03.406+0000] {logging_mixin.py:190} INFO - [2025-01-17T10:59:03.406+0000] {dag.py:3239} INFO - Sync 1 DAGs
[2025-01-17T10:59:03.430+0000] {logging_mixin.py:190} INFO - [2025-01-17T10:59:03.430+0000] {dag.py:4180} INFO - Setting next_dagrun for tutorial to 2025-01-16 00:00:00+00:00, run_after=2025-01-17 00:00:00+00:00
[2025-01-17T10:59:03.456+0000] {processor.py:208} INFO - Processing /home/airflow/.local/lib/python3.12/site-packages/airflow/example_dags/tutorial.py took 0.088 seconds
[2025-01-17T10:59:34.799+0000] {processor.py:186} INFO - Started process (PID=1015) to work on /home/airflow/.local/lib/python3.12/site-packages/airflow/example_dags/tutorial.py
[2025-01-17T10:59:34.801+0000] {processor.py:914} INFO - Processing file /home/airflow/.local/lib/python3.12/site-packages/airflow/example_dags/tutorial.py for tasks to queue
[2025-01-17T10:59:34.805+0000] {logging_mixin.py:190} INFO - [2025-01-17T10:59:34.804+0000] {dagbag.py:588} INFO - Filling up the DagBag from /home/airflow/.local/lib/python3.12/site-packages/airflow/example_dags/tutorial.py
[2025-01-17T10:59:34.813+0000] {processor.py:925} INFO - DAG(s) 'tutorial' retrieved from /home/airflow/.local/lib/python3.12/site-packages/airflow/example_dags/tutorial.py
[2025-01-17T10:59:34.837+0000] {logging_mixin.py:190} INFO - [2025-01-17T10:59:34.836+0000] {dag.py:3239} INFO - Sync 1 DAGs
[2025-01-17T10:59:34.862+0000] {logging_mixin.py:190} INFO - [2025-01-17T10:59:34.861+0000] {dag.py:4180} INFO - Setting next_dagrun for tutorial to 2025-01-16 00:00:00+00:00, run_after=2025-01-17 00:00:00+00:00
[2025-01-17T10:59:34.887+0000] {processor.py:208} INFO - Processing /home/airflow/.local/lib/python3.12/site-packages/airflow/example_dags/tutorial.py took 0.093 seconds
[2025-01-17T11:00:06.224+0000] {processor.py:186} INFO - Started process (PID=1079) to work on /home/airflow/.local/lib/python3.12/site-packages/airflow/example_dags/tutorial.py
[2025-01-17T11:00:06.226+0000] {processor.py:914} INFO - Processing file /home/airflow/.local/lib/python3.12/site-packages/airflow/example_dags/tutorial.py for tasks to queue
[2025-01-17T11:00:06.229+0000] {logging_mixin.py:190} INFO - [2025-01-17T11:00:06.229+0000] {dagbag.py:588} INFO - Filling up the DagBag from /home/airflow/.local/lib/python3.12/site-packages/airflow/example_dags/tutorial.py
[2025-01-17T11:00:06.240+0000] {processor.py:925} INFO - DAG(s) 'tutorial' retrieved from /home/airflow/.local/lib/python3.12/site-packages/airflow/example_dags/tutorial.py
[2025-01-17T11:00:06.277+0000] {logging_mixin.py:190} INFO - [2025-01-17T11:00:06.276+0000] {dag.py:3239} INFO - Sync 1 DAGs
[2025-01-17T11:00:06.676+0000] {logging_mixin.py:190} INFO - [2025-01-17T11:00:06.676+0000] {process_utils.py:266} INFO - Waiting up to 5 seconds for processes to exit...
[2025-01-17T11:22:03.618+0000] {processor.py:186} INFO - Started process (PID=109) to work on /home/airflow/.local/lib/python3.12/site-packages/airflow/example_dags/tutorial.py
[2025-01-17T11:22:03.619+0000] {processor.py:914} INFO - Processing file /home/airflow/.local/lib/python3.12/site-packages/airflow/example_dags/tutorial.py for tasks to queue
[2025-01-17T11:22:03.622+0000] {logging_mixin.py:190} INFO - [2025-01-17T11:22:03.622+0000] {dagbag.py:588} INFO - Filling up the DagBag from /home/airflow/.local/lib/python3.12/site-packages/airflow/example_dags/tutorial.py
[2025-01-17T11:22:03.630+0000] {processor.py:925} INFO - DAG(s) 'tutorial' retrieved from /home/airflow/.local/lib/python3.12/site-packages/airflow/example_dags/tutorial.py
[2025-01-17T11:22:03.651+0000] {logging_mixin.py:190} INFO - [2025-01-17T11:22:03.650+0000] {dag.py:3239} INFO - Sync 1 DAGs
[2025-01-17T11:22:03.674+0000] {logging_mixin.py:190} INFO - [2025-01-17T11:22:03.673+0000] {dag.py:4180} INFO - Setting next_dagrun for tutorial to 2025-01-16 00:00:00+00:00, run_after=2025-01-17 00:00:00+00:00
[2025-01-17T11:22:03.697+0000] {processor.py:208} INFO - Processing /home/airflow/.local/lib/python3.12/site-packages/airflow/example_dags/tutorial.py took 0.084 seconds
[2025-01-17T11:22:34.421+0000] {processor.py:186} INFO - Started process (PID=173) to work on /home/airflow/.local/lib/python3.12/site-packages/airflow/example_dags/tutorial.py
[2025-01-17T11:22:34.422+0000] {processor.py:914} INFO - Processing file /home/airflow/.local/lib/python3.12/site-packages/airflow/example_dags/tutorial.py for tasks to queue
[2025-01-17T11:22:34.426+0000] {logging_mixin.py:190} INFO - [2025-01-17T11:22:34.426+0000] {dagbag.py:588} INFO - Filling up the DagBag from /home/airflow/.local/lib/python3.12/site-packages/airflow/example_dags/tutorial.py
[2025-01-17T11:22:34.436+0000] {processor.py:925} INFO - DAG(s) 'tutorial' retrieved from /home/airflow/.local/lib/python3.12/site-packages/airflow/example_dags/tutorial.py
[2025-01-17T11:22:34.460+0000] {logging_mixin.py:190} INFO - [2025-01-17T11:22:34.459+0000] {dag.py:3239} INFO - Sync 1 DAGs
[2025-01-17T11:22:34.484+0000] {logging_mixin.py:190} INFO - [2025-01-17T11:22:34.483+0000] {dag.py:4180} INFO - Setting next_dagrun for tutorial to 2025-01-16 00:00:00+00:00, run_after=2025-01-17 00:00:00+00:00
[2025-01-17T11:22:34.507+0000] {processor.py:208} INFO - Processing /home/airflow/.local/lib/python3.12/site-packages/airflow/example_dags/tutorial.py took 0.092 seconds
[2025-01-17T11:23:05.563+0000] {processor.py:186} INFO - Started process (PID=237) to work on /home/airflow/.local/lib/python3.12/site-packages/airflow/example_dags/tutorial.py
[2025-01-17T11:23:05.564+0000] {processor.py:914} INFO - Processing file /home/airflow/.local/lib/python3.12/site-packages/airflow/example_dags/tutorial.py for tasks to queue
[2025-01-17T11:23:05.568+0000] {logging_mixin.py:190} INFO - [2025-01-17T11:23:05.567+0000] {dagbag.py:588} INFO - Filling up the DagBag from /home/airflow/.local/lib/python3.12/site-packages/airflow/example_dags/tutorial.py
[2025-01-17T11:23:05.579+0000] {processor.py:925} INFO - DAG(s) 'tutorial' retrieved from /home/airflow/.local/lib/python3.12/site-packages/airflow/example_dags/tutorial.py
[2025-01-17T11:23:05.605+0000] {logging_mixin.py:190} INFO - [2025-01-17T11:23:05.604+0000] {dag.py:3239} INFO - Sync 1 DAGs
[2025-01-17T11:23:05.630+0000] {logging_mixin.py:190} INFO - [2025-01-17T11:23:05.630+0000] {dag.py:4180} INFO - Setting next_dagrun for tutorial to 2025-01-16 00:00:00+00:00, run_after=2025-01-17 00:00:00+00:00
[2025-01-17T11:23:05.658+0000] {processor.py:208} INFO - Processing /home/airflow/.local/lib/python3.12/site-packages/airflow/example_dags/tutorial.py took 0.100 seconds
[2025-01-17T11:23:37.395+0000] {processor.py:186} INFO - Started process (PID=301) to work on /home/airflow/.local/lib/python3.12/site-packages/airflow/example_dags/tutorial.py
[2025-01-17T11:23:37.396+0000] {processor.py:914} INFO - Processing file /home/airflow/.local/lib/python3.12/site-packages/airflow/example_dags/tutorial.py for tasks to queue
[2025-01-17T11:23:37.399+0000] {logging_mixin.py:190} INFO - [2025-01-17T11:23:37.398+0000] {dagbag.py:588} INFO - Filling up the DagBag from /home/airflow/.local/lib/python3.12/site-packages/airflow/example_dags/tutorial.py
[2025-01-17T11:23:37.407+0000] {processor.py:925} INFO - DAG(s) 'tutorial' retrieved from /home/airflow/.local/lib/python3.12/site-packages/airflow/example_dags/tutorial.py
[2025-01-17T11:23:37.429+0000] {logging_mixin.py:190} INFO - [2025-01-17T11:23:37.429+0000] {dag.py:3239} INFO - Sync 1 DAGs
[2025-01-17T11:23:37.456+0000] {logging_mixin.py:190} INFO - [2025-01-17T11:23:37.456+0000] {dag.py:4180} INFO - Setting next_dagrun for tutorial to 2025-01-16 00:00:00+00:00, run_after=2025-01-17 00:00:00+00:00
[2025-01-17T11:23:37.479+0000] {processor.py:208} INFO - Processing /home/airflow/.local/lib/python3.12/site-packages/airflow/example_dags/tutorial.py took 0.089 seconds
[2025-01-17T11:24:08.926+0000] {processor.py:186} INFO - Started process (PID=365) to work on /home/airflow/.local/lib/python3.12/site-packages/airflow/example_dags/tutorial.py
[2025-01-17T11:24:08.927+0000] {processor.py:914} INFO - Processing file /home/airflow/.local/lib/python3.12/site-packages/airflow/example_dags/tutorial.py for tasks to queue
[2025-01-17T11:24:08.930+0000] {logging_mixin.py:190} INFO - [2025-01-17T11:24:08.930+0000] {dagbag.py:588} INFO - Filling up the DagBag from /home/airflow/.local/lib/python3.12/site-packages/airflow/example_dags/tutorial.py
[2025-01-17T11:24:08.938+0000] {processor.py:925} INFO - DAG(s) 'tutorial' retrieved from /home/airflow/.local/lib/python3.12/site-packages/airflow/example_dags/tutorial.py
[2025-01-17T11:24:08.960+0000] {logging_mixin.py:190} INFO - [2025-01-17T11:24:08.960+0000] {dag.py:3239} INFO - Sync 1 DAGs
[2025-01-17T11:24:08.985+0000] {logging_mixin.py:190} INFO - [2025-01-17T11:24:08.985+0000] {dag.py:4180} INFO - Setting next_dagrun for tutorial to 2025-01-16 00:00:00+00:00, run_after=2025-01-17 00:00:00+00:00
[2025-01-17T11:24:09.010+0000] {processor.py:208} INFO - Processing /home/airflow/.local/lib/python3.12/site-packages/airflow/example_dags/tutorial.py took 0.090 seconds
[2025-01-17T11:24:39.945+0000] {processor.py:186} INFO - Started process (PID=429) to work on /home/airflow/.local/lib/python3.12/site-packages/airflow/example_dags/tutorial.py
[2025-01-17T11:24:39.946+0000] {processor.py:914} INFO - Processing file /home/airflow/.local/lib/python3.12/site-packages/airflow/example_dags/tutorial.py for tasks to queue
[2025-01-17T11:24:39.949+0000] {logging_mixin.py:190} INFO - [2025-01-17T11:24:39.949+0000] {dagbag.py:588} INFO - Filling up the DagBag from /home/airflow/.local/lib/python3.12/site-packages/airflow/example_dags/tutorial.py
[2025-01-17T11:24:39.958+0000] {processor.py:925} INFO - DAG(s) 'tutorial' retrieved from /home/airflow/.local/lib/python3.12/site-packages/airflow/example_dags/tutorial.py
[2025-01-17T11:24:39.981+0000] {logging_mixin.py:190} INFO - [2025-01-17T11:24:39.981+0000] {dag.py:3239} INFO - Sync 1 DAGs
[2025-01-17T11:24:40.006+0000] {logging_mixin.py:190} INFO - [2025-01-17T11:24:40.006+0000] {dag.py:4180} INFO - Setting next_dagrun for tutorial to 2025-01-16 00:00:00+00:00, run_after=2025-01-17 00:00:00+00:00
[2025-01-17T11:24:40.035+0000] {processor.py:208} INFO - Processing /home/airflow/.local/lib/python3.12/site-packages/airflow/example_dags/tutorial.py took 0.095 seconds
[2025-01-17T11:25:11.480+0000] {processor.py:186} INFO - Started process (PID=493) to work on /home/airflow/.local/lib/python3.12/site-packages/airflow/example_dags/tutorial.py
[2025-01-17T11:25:11.482+0000] {processor.py:914} INFO - Processing file /home/airflow/.local/lib/python3.12/site-packages/airflow/example_dags/tutorial.py for tasks to queue
[2025-01-17T11:25:11.485+0000] {logging_mixin.py:190} INFO - [2025-01-17T11:25:11.485+0000] {dagbag.py:588} INFO - Filling up the DagBag from /home/airflow/.local/lib/python3.12/site-packages/airflow/example_dags/tutorial.py
[2025-01-17T11:25:11.499+0000] {processor.py:925} INFO - DAG(s) 'tutorial' retrieved from /home/airflow/.local/lib/python3.12/site-packages/airflow/example_dags/tutorial.py
[2025-01-17T11:25:11.553+0000] {logging_mixin.py:190} INFO - [2025-01-17T11:25:11.551+0000] {dag.py:3239} INFO - Sync 1 DAGs
[2025-01-17T11:25:11.584+0000] {logging_mixin.py:190} INFO - [2025-01-17T11:25:11.584+0000] {dag.py:4180} INFO - Setting next_dagrun for tutorial to 2025-01-16 00:00:00+00:00, run_after=2025-01-17 00:00:00+00:00
[2025-01-17T11:25:11.618+0000] {processor.py:208} INFO - Processing /home/airflow/.local/lib/python3.12/site-packages/airflow/example_dags/tutorial.py took 0.153 seconds
[2025-01-17T11:25:43.117+0000] {processor.py:186} INFO - Started process (PID=558) to work on /home/airflow/.local/lib/python3.12/site-packages/airflow/example_dags/tutorial.py
[2025-01-17T11:25:43.118+0000] {processor.py:914} INFO - Processing file /home/airflow/.local/lib/python3.12/site-packages/airflow/example_dags/tutorial.py for tasks to queue
[2025-01-17T11:25:43.121+0000] {logging_mixin.py:190} INFO - [2025-01-17T11:25:43.120+0000] {dagbag.py:588} INFO - Filling up the DagBag from /home/airflow/.local/lib/python3.12/site-packages/airflow/example_dags/tutorial.py
[2025-01-17T11:25:43.129+0000] {processor.py:925} INFO - DAG(s) 'tutorial' retrieved from /home/airflow/.local/lib/python3.12/site-packages/airflow/example_dags/tutorial.py
[2025-01-17T11:25:43.152+0000] {logging_mixin.py:190} INFO - [2025-01-17T11:25:43.152+0000] {dag.py:3239} INFO - Sync 1 DAGs
[2025-01-17T11:25:43.180+0000] {logging_mixin.py:190} INFO - [2025-01-17T11:25:43.179+0000] {dag.py:4180} INFO - Setting next_dagrun for tutorial to 2025-01-16 00:00:00+00:00, run_after=2025-01-17 00:00:00+00:00
[2025-01-17T11:25:43.205+0000] {processor.py:208} INFO - Processing /home/airflow/.local/lib/python3.12/site-packages/airflow/example_dags/tutorial.py took 0.093 seconds
[2025-01-17T11:26:13.523+0000] {processor.py:186} INFO - Started process (PID=622) to work on /home/airflow/.local/lib/python3.12/site-packages/airflow/example_dags/tutorial.py
[2025-01-17T11:26:13.525+0000] {processor.py:914} INFO - Processing file /home/airflow/.local/lib/python3.12/site-packages/airflow/example_dags/tutorial.py for tasks to queue
[2025-01-17T11:26:13.528+0000] {logging_mixin.py:190} INFO - [2025-01-17T11:26:13.528+0000] {dagbag.py:588} INFO - Filling up the DagBag from /home/airflow/.local/lib/python3.12/site-packages/airflow/example_dags/tutorial.py
[2025-01-17T11:26:13.536+0000] {processor.py:925} INFO - DAG(s) 'tutorial' retrieved from /home/airflow/.local/lib/python3.12/site-packages/airflow/example_dags/tutorial.py
[2025-01-17T11:26:13.559+0000] {logging_mixin.py:190} INFO - [2025-01-17T11:26:13.558+0000] {dag.py:3239} INFO - Sync 1 DAGs
[2025-01-17T11:26:13.583+0000] {logging_mixin.py:190} INFO - [2025-01-17T11:26:13.582+0000] {dag.py:4180} INFO - Setting next_dagrun for tutorial to 2025-01-16 00:00:00+00:00, run_after=2025-01-17 00:00:00+00:00
[2025-01-17T11:26:13.606+0000] {processor.py:208} INFO - Processing /home/airflow/.local/lib/python3.12/site-packages/airflow/example_dags/tutorial.py took 0.088 seconds
[2025-01-17T11:26:44.928+0000] {processor.py:186} INFO - Started process (PID=686) to work on /home/airflow/.local/lib/python3.12/site-packages/airflow/example_dags/tutorial.py
[2025-01-17T11:26:44.929+0000] {processor.py:914} INFO - Processing file /home/airflow/.local/lib/python3.12/site-packages/airflow/example_dags/tutorial.py for tasks to queue
[2025-01-17T11:26:44.932+0000] {logging_mixin.py:190} INFO - [2025-01-17T11:26:44.932+0000] {dagbag.py:588} INFO - Filling up the DagBag from /home/airflow/.local/lib/python3.12/site-packages/airflow/example_dags/tutorial.py
[2025-01-17T11:26:44.941+0000] {processor.py:925} INFO - DAG(s) 'tutorial' retrieved from /home/airflow/.local/lib/python3.12/site-packages/airflow/example_dags/tutorial.py
[2025-01-17T11:26:44.961+0000] {logging_mixin.py:190} INFO - [2025-01-17T11:26:44.960+0000] {dag.py:3239} INFO - Sync 1 DAGs
[2025-01-17T11:26:44.987+0000] {logging_mixin.py:190} INFO - [2025-01-17T11:26:44.987+0000] {dag.py:4180} INFO - Setting next_dagrun for tutorial to 2025-01-16 00:00:00+00:00, run_after=2025-01-17 00:00:00+00:00
[2025-01-17T11:26:45.011+0000] {processor.py:208} INFO - Processing /home/airflow/.local/lib/python3.12/site-packages/airflow/example_dags/tutorial.py took 0.089 seconds
[2025-01-17T11:27:16.500+0000] {processor.py:186} INFO - Started process (PID=750) to work on /home/airflow/.local/lib/python3.12/site-packages/airflow/example_dags/tutorial.py
[2025-01-17T11:27:16.501+0000] {processor.py:914} INFO - Processing file /home/airflow/.local/lib/python3.12/site-packages/airflow/example_dags/tutorial.py for tasks to queue
[2025-01-17T11:27:16.504+0000] {logging_mixin.py:190} INFO - [2025-01-17T11:27:16.504+0000] {dagbag.py:588} INFO - Filling up the DagBag from /home/airflow/.local/lib/python3.12/site-packages/airflow/example_dags/tutorial.py
[2025-01-17T11:27:16.512+0000] {processor.py:925} INFO - DAG(s) 'tutorial' retrieved from /home/airflow/.local/lib/python3.12/site-packages/airflow/example_dags/tutorial.py
[2025-01-17T11:27:16.537+0000] {logging_mixin.py:190} INFO - [2025-01-17T11:27:16.536+0000] {dag.py:3239} INFO - Sync 1 DAGs
[2025-01-17T11:27:16.563+0000] {logging_mixin.py:190} INFO - [2025-01-17T11:27:16.563+0000] {dag.py:4180} INFO - Setting next_dagrun for tutorial to 2025-01-16 00:00:00+00:00, run_after=2025-01-17 00:00:00+00:00
[2025-01-17T11:27:16.590+0000] {processor.py:208} INFO - Processing /home/airflow/.local/lib/python3.12/site-packages/airflow/example_dags/tutorial.py took 0.095 seconds
[2025-01-17T11:27:48.473+0000] {processor.py:186} INFO - Started process (PID=814) to work on /home/airflow/.local/lib/python3.12/site-packages/airflow/example_dags/tutorial.py
[2025-01-17T11:27:48.474+0000] {processor.py:914} INFO - Processing file /home/airflow/.local/lib/python3.12/site-packages/airflow/example_dags/tutorial.py for tasks to queue
[2025-01-17T11:27:48.478+0000] {logging_mixin.py:190} INFO - [2025-01-17T11:27:48.477+0000] {dagbag.py:588} INFO - Filling up the DagBag from /home/airflow/.local/lib/python3.12/site-packages/airflow/example_dags/tutorial.py
[2025-01-17T11:27:48.485+0000] {processor.py:925} INFO - DAG(s) 'tutorial' retrieved from /home/airflow/.local/lib/python3.12/site-packages/airflow/example_dags/tutorial.py
[2025-01-17T11:27:48.508+0000] {logging_mixin.py:190} INFO - [2025-01-17T11:27:48.508+0000] {dag.py:3239} INFO - Sync 1 DAGs
[2025-01-17T11:27:48.533+0000] {logging_mixin.py:190} INFO - [2025-01-17T11:27:48.533+0000] {dag.py:4180} INFO - Setting next_dagrun for tutorial to 2025-01-16 00:00:00+00:00, run_after=2025-01-17 00:00:00+00:00
[2025-01-17T11:27:48.557+0000] {processor.py:208} INFO - Processing /home/airflow/.local/lib/python3.12/site-packages/airflow/example_dags/tutorial.py took 0.089 seconds
[2025-01-17T11:28:18.814+0000] {processor.py:186} INFO - Started process (PID=878) to work on /home/airflow/.local/lib/python3.12/site-packages/airflow/example_dags/tutorial.py
[2025-01-17T11:28:18.815+0000] {processor.py:914} INFO - Processing file /home/airflow/.local/lib/python3.12/site-packages/airflow/example_dags/tutorial.py for tasks to queue
[2025-01-17T11:28:18.819+0000] {logging_mixin.py:190} INFO - [2025-01-17T11:28:18.818+0000] {dagbag.py:588} INFO - Filling up the DagBag from /home/airflow/.local/lib/python3.12/site-packages/airflow/example_dags/tutorial.py
[2025-01-17T11:28:18.827+0000] {processor.py:925} INFO - DAG(s) 'tutorial' retrieved from /home/airflow/.local/lib/python3.12/site-packages/airflow/example_dags/tutorial.py
[2025-01-17T11:28:18.849+0000] {logging_mixin.py:190} INFO - [2025-01-17T11:28:18.849+0000] {dag.py:3239} INFO - Sync 1 DAGs
[2025-01-17T11:28:18.874+0000] {logging_mixin.py:190} INFO - [2025-01-17T11:28:18.874+0000] {dag.py:4180} INFO - Setting next_dagrun for tutorial to 2025-01-16 00:00:00+00:00, run_after=2025-01-17 00:00:00+00:00
[2025-01-17T11:28:18.901+0000] {processor.py:208} INFO - Processing /home/airflow/.local/lib/python3.12/site-packages/airflow/example_dags/tutorial.py took 0.093 seconds
[2025-01-17T11:28:49.707+0000] {processor.py:186} INFO - Started process (PID=943) to work on /home/airflow/.local/lib/python3.12/site-packages/airflow/example_dags/tutorial.py
[2025-01-17T11:28:49.709+0000] {processor.py:914} INFO - Processing file /home/airflow/.local/lib/python3.12/site-packages/airflow/example_dags/tutorial.py for tasks to queue
[2025-01-17T11:28:49.712+0000] {logging_mixin.py:190} INFO - [2025-01-17T11:28:49.711+0000] {dagbag.py:588} INFO - Filling up the DagBag from /home/airflow/.local/lib/python3.12/site-packages/airflow/example_dags/tutorial.py
[2025-01-17T11:28:49.722+0000] {processor.py:925} INFO - DAG(s) 'tutorial' retrieved from /home/airflow/.local/lib/python3.12/site-packages/airflow/example_dags/tutorial.py
[2025-01-17T11:28:49.744+0000] {logging_mixin.py:190} INFO - [2025-01-17T11:28:49.743+0000] {dag.py:3239} INFO - Sync 1 DAGs
[2025-01-17T11:28:49.773+0000] {logging_mixin.py:190} INFO - [2025-01-17T11:28:49.773+0000] {dag.py:4180} INFO - Setting next_dagrun for tutorial to 2025-01-16 00:00:00+00:00, run_after=2025-01-17 00:00:00+00:00
[2025-01-17T11:28:49.802+0000] {processor.py:208} INFO - Processing /home/airflow/.local/lib/python3.12/site-packages/airflow/example_dags/tutorial.py took 0.102 seconds
[2025-01-17T11:29:20.890+0000] {processor.py:186} INFO - Started process (PID=1007) to work on /home/airflow/.local/lib/python3.12/site-packages/airflow/example_dags/tutorial.py
[2025-01-17T11:29:20.891+0000] {processor.py:914} INFO - Processing file /home/airflow/.local/lib/python3.12/site-packages/airflow/example_dags/tutorial.py for tasks to queue
[2025-01-17T11:29:20.894+0000] {logging_mixin.py:190} INFO - [2025-01-17T11:29:20.894+0000] {dagbag.py:588} INFO - Filling up the DagBag from /home/airflow/.local/lib/python3.12/site-packages/airflow/example_dags/tutorial.py
[2025-01-17T11:29:20.904+0000] {processor.py:925} INFO - DAG(s) 'tutorial' retrieved from /home/airflow/.local/lib/python3.12/site-packages/airflow/example_dags/tutorial.py
[2025-01-17T11:29:20.930+0000] {logging_mixin.py:190} INFO - [2025-01-17T11:29:20.929+0000] {dag.py:3239} INFO - Sync 1 DAGs
[2025-01-17T11:29:20.956+0000] {logging_mixin.py:190} INFO - [2025-01-17T11:29:20.956+0000] {dag.py:4180} INFO - Setting next_dagrun for tutorial to 2025-01-16 00:00:00+00:00, run_after=2025-01-17 00:00:00+00:00
[2025-01-17T11:29:20.982+0000] {processor.py:208} INFO - Processing /home/airflow/.local/lib/python3.12/site-packages/airflow/example_dags/tutorial.py took 0.098 seconds
